<?xml version="1.0" encoding="UTF-8"?>
<testsuite name="testSuite.VulnerabilityScanTest" tests="1" skipped="0" failures="0" errors="0" timestamp="2024-08-19T01:23:52" hostname="LAPTOP-G0MG0EEF" time="10.971">
  <properties/>
  <testcase name="Verificar la generacion de escaneo de OWASP ZAP" classname="testSuite.VulnerabilityScanTest" time="10.971"/>
  <system-out><![CDATA[Request method:	GET
Request URI:	http://localhost:8081/JSON/ascan/action/scan/?url=http%3A%2F%2Fdemo.owasp-juice.shop%2F
Proxy:			<none>
Request params:	<none>
Query params:	url=http://demo.owasp-juice.shop/
Form params:	<none>
Path params:	<none>
Headers:		Accept=*/*
Cookies:		<none>
Multiparts:		<none>
Body:			<none>
HTTP/1.1 400 Bad Request
Pragma: no-cache
Cache-Control: no-cache, no-store, must-revalidate
Content-Security-Policy: default-src 'none'; script-src 'self'; connect-src 'self'; child-src 'self'; img-src 'self' data:; font-src 'self' data:; style-src 'self'
Referrer-Policy: no-referrer
Access-Control-Allow-Methods: GET,POST,OPTIONS
Access-Control-Allow-Headers: ZAP-Header
X-Frame-Options: DENY
X-XSS-Protection: 1; mode=block
X-Content-Type-Options: nosniff
X-Clacks-Overhead: GNU Terry Pratchett
Content-Length: 53
Content-Type: application/json; charset=UTF-8

{
    "code": "url_not_found",
    "message": "La URL No Existe"
}
Request method:	GET
Request URI:	http://localhost:8081/JSON/ascan/view/status/?scanId
Proxy:			<none>
Request params:	<none>
Query params:	scanId
Form params:	<none>
Path params:	<none>
Headers:		Accept=*/*
Cookies:		<none>
Multiparts:		<none>
Body:			<none>
HTTP/1.1 200 OK
Pragma: no-cache
Cache-Control: no-cache, no-store, must-revalidate
Content-Security-Policy: default-src 'none'; script-src 'self'; connect-src 'self'; child-src 'self'; img-src 'self' data:; font-src 'self' data:; style-src 'self'
Referrer-Policy: no-referrer
Access-Control-Allow-Methods: GET,POST,OPTIONS
Access-Control-Allow-Headers: ZAP-Header
X-Frame-Options: DENY
X-XSS-Protection: 1; mode=block
X-Content-Type-Options: nosniff
X-Clacks-Overhead: GNU Terry Pratchett
content-length: 16
Content-Type: application/json; charset=UTF-8

{
    "status": "100"
}
porcentaje actual : [100%]
llego al 100% !!!!!
Request method:	GET
Request URI:	http://localhost:8081/HTML/ascan/view/scanProgress/?scanId
Proxy:			<none>
Request params:	<none>
Query params:	scanId
Form params:	<none>
Path params:	<none>
Headers:		Accept=*/*
Cookies:		<none>
Multiparts:		<none>
Body:			<none>
HTTP/1.1 200 OK
Pragma: no-cache
Cache-Control: no-cache, no-store, must-revalidate
Content-Security-Policy: default-src 'none'; script-src 'self'; connect-src 'self'; child-src 'self'; img-src 'self' data:; font-src 'self' data:; style-src 'self'
Referrer-Policy: no-referrer
Access-Control-Allow-Methods: GET,POST,OPTIONS
Access-Control-Allow-Headers: ZAP-Header
X-Frame-Options: DENY
X-XSS-Protection: 1; mode=block
X-Content-Type-Options: nosniff
X-Clacks-Overhead: GNU Terry Pratchett
content-length: 52160
Content-Type: text/html; charset=UTF-8

<html>
  <head/>
  <body>
    <h2>scanProgress</h2>
    <table border="1">
      <tr>
        <td colspan="1" rowspan="1">
          <table border="1">
            <tr>
              <td colspan="1" rowspan="1">
id</td>
              <td colspan="1" rowspan="1">
https://todo.ly</td>
            </tr>
          </table>
        </td>
      </tr>
      <tr>
        <td colspan="1" rowspan="1">
          <h2>HostProcess</h2>
          <table border="1">
            <tr>
              <td colspan="1" rowspan="1">
                <h2>Plugin</h2>
                <table border="1">
                  <tr>
                    <td colspan="1" rowspan="1">
                      <table border="1">
                        <tr>
                          <td colspan="1" rowspan="1">
name</td>
                          <td colspan="1" rowspan="1">
Ruta Transversal</td>
                        </tr>
                      </table>
                    </td>
                  </tr>
                  <tr>
                    <td colspan="1" rowspan="1">
                      <table border="1">
                        <tr>
                          <td colspan="1" rowspan="1">
id</td>
                          <td colspan="1" rowspan="1">
6</td>
                        </tr>
                      </table>
                    </td>
                  </tr>
                  <tr>
                    <td colspan="1" rowspan="1">
                      <table border="1">
                        <tr>
                          <td colspan="1" rowspan="1">
quality</td>
                          <td colspan="1" rowspan="1">
release</td>
                        </tr>
                      </table>
                    </td>
                  </tr>
                  <tr>
                    <td colspan="1" rowspan="1">
                      <table border="1">
                        <tr>
                          <td colspan="1" rowspan="1">
status</td>
                          <td colspan="1" rowspan="1">
Complete</td>
                        </tr>
                      </table>
                    </td>
                  </tr>
                  <tr>
                    <td colspan="1" rowspan="1">
                      <table border="1">
                        <tr>
                          <td colspan="1" rowspan="1">
timeInMs</td>
                          <td colspan="1" rowspan="1">
62807</td>
                        </tr>
                      </table>
                    </td>
                  </tr>
                  <tr>
                    <td colspan="1" rowspan="1">
                      <table border="1">
                        <tr>
                          <td colspan="1" rowspan="1">
reqCount</td>
                          <td colspan="1" rowspan="1">
285</td>
                        </tr>
                      </table>
                    </td>
                  </tr>
                  <tr>
                    <td colspan="1" rowspan="1">
                      <table border="1">
                        <tr>
                          <td colspan="1" rowspan="1">
alertCount</td>
                          <td colspan="1" rowspan="1">
0</td>
                        </tr>
                      </table>
                    </td>
                  </tr>
                </table>
              </td>
            </tr>
            <tr>
              <td colspan="1" rowspan="1">
                <h2>Plugin</h2>
                <table border="1">
                  <tr>
                    <td colspan="1" rowspan="1">
                      <table border="1">
                        <tr>
                          <td colspan="1" rowspan="1">
name</td>
                          <td colspan="1" rowspan="1">
Inclusión Remota de Archivos</td>
                        </tr>
                      </table>
                    </td>
                  </tr>
                  <tr>
                    <td colspan="1" rowspan="1">
                      <table border="1">
                        <tr>
                          <td colspan="1" rowspan="1">
id</td>
                          <td colspan="1" rowspan="1">
7</td>
                        </tr>
                      </table>
                    </td>
                  </tr>
                  <tr>
                    <td colspan="1" rowspan="1">
                      <table border="1">
                        <tr>
                          <td colspan="1" rowspan="1">
quality</td>
                          <td colspan="1" rowspan="1">
release</td>
                        </tr>
                      </table>
                    </td>
                  </tr>
                  <tr>
                    <td colspan="1" rowspan="1">
                      <table border="1">
                        <tr>
                          <td colspan="1" rowspan="1">
status</td>
                          <td colspan="1" rowspan="1">
Complete</td>
                        </tr>
                      </table>
                    </td>
                  </tr>
                  <tr>
                    <td colspan="1" rowspan="1">
                      <table border="1">
                        <tr>
                          <td colspan="1" rowspan="1">
timeInMs</td>
                          <td colspan="1" rowspan="1">
25987</td>
                        </tr>
                      </table>
                    </td>
                  </tr>
                  <tr>
                    <td colspan="1" rowspan="1">
                      <table border="1">
                        <tr>
                          <td colspan="1" rowspan="1">
reqCount</td>
                          <td colspan="1" rowspan="1">
180</td>
                        </tr>
                      </table>
                    </td>
                  </tr>
                  <tr>
                    <td colspan="1" rowspan="1">
                      <table border="1">
                        <tr>
                          <td colspan="1" rowspan="1">
alertCount</td>
                          <td colspan="1" rowspan="1">
0</td>
                        </tr>
                      </table>
                    </td>
                  </tr>
                </table>
              </td>
            </tr>
            <tr>
              <td colspan="1" rowspan="1">
                <h2>Plugin</h2>
                <table border="1">
                  <tr>
                    <td colspan="1" rowspan="1">
                      <table border="1">
                        <tr>
                          <td colspan="1" rowspan="1">
name</td>
                          <td colspan="1" rowspan="1">
Divulgación del código fuente: carpeta /WEB-INF</td>
                        </tr>
                      </table>
                    </td>
                  </tr>
                  <tr>
                    <td colspan="1" rowspan="1">
                      <table border="1">
                        <tr>
                          <td colspan="1" rowspan="1">
id</td>
                          <td colspan="1" rowspan="1">
10045</td>
                        </tr>
                      </table>
                    </td>
                  </tr>
                  <tr>
                    <td colspan="1" rowspan="1">
                      <table border="1">
                        <tr>
                          <td colspan="1" rowspan="1">
quality</td>
                          <td colspan="1" rowspan="1">
release</td>
                        </tr>
                      </table>
                    </td>
                  </tr>
                  <tr>
                    <td colspan="1" rowspan="1">
                      <table border="1">
                        <tr>
                          <td colspan="1" rowspan="1">
status</td>
                          <td colspan="1" rowspan="1">
Complete</td>
                        </tr>
                      </table>
                    </td>
                  </tr>
                  <tr>
                    <td colspan="1" rowspan="1">
                      <table border="1">
                        <tr>
                          <td colspan="1" rowspan="1">
timeInMs</td>
                          <td colspan="1" rowspan="1">
1588</td>
                        </tr>
                      </table>
                    </td>
                  </tr>
                  <tr>
                    <td colspan="1" rowspan="1">
                      <table border="1">
                        <tr>
                          <td colspan="1" rowspan="1">
reqCount</td>
                          <td colspan="1" rowspan="1">
8</td>
                        </tr>
                      </table>
                    </td>
                  </tr>
                  <tr>
                    <td colspan="1" rowspan="1">
                      <table border="1">
                        <tr>
                          <td colspan="1" rowspan="1">
alertCount</td>
                          <td colspan="1" rowspan="1">
0</td>
                        </tr>
                      </table>
                    </td>
                  </tr>
                </table>
              </td>
            </tr>
            <tr>
              <td colspan="1" rowspan="1">
                <h2>Plugin</h2>
                <table border="1">
                  <tr>
                    <td colspan="1" rowspan="1">
                      <table border="1">
                        <tr>
                          <td colspan="1" rowspan="1">
name</td>
                          <td colspan="1" rowspan="1">
Vulnerabilidades de OpenSSL HeartBleed</td>
                        </tr>
                      </table>
                    </td>
                  </tr>
                  <tr>
                    <td colspan="1" rowspan="1">
                      <table border="1">
                        <tr>
                          <td colspan="1" rowspan="1">
id</td>
                          <td colspan="1" rowspan="1">
20015</td>
                        </tr>
                      </table>
                    </td>
                  </tr>
                  <tr>
                    <td colspan="1" rowspan="1">
                      <table border="1">
                        <tr>
                          <td colspan="1" rowspan="1">
quality</td>
                          <td colspan="1" rowspan="1">
release</td>
                        </tr>
                      </table>
                    </td>
                  </tr>
                  <tr>
                    <td colspan="1" rowspan="1">
                      <table border="1">
                        <tr>
                          <td colspan="1" rowspan="1">
status</td>
                          <td colspan="1" rowspan="1">
Complete</td>
                        </tr>
                      </table>
                    </td>
                  </tr>
                  <tr>
                    <td colspan="1" rowspan="1">
                      <table border="1">
                        <tr>
                          <td colspan="1" rowspan="1">
timeInMs</td>
                          <td colspan="1" rowspan="1">
7913</td>
                        </tr>
                      </table>
                    </td>
                  </tr>
                  <tr>
                    <td colspan="1" rowspan="1">
                      <table border="1">
                        <tr>
                          <td colspan="1" rowspan="1">
reqCount</td>
                          <td colspan="1" rowspan="1">
3</td>
                        </tr>
                      </table>
                    </td>
                  </tr>
                  <tr>
                    <td colspan="1" rowspan="1">
                      <table border="1">
                        <tr>
                          <td colspan="1" rowspan="1">
alertCount</td>
                          <td colspan="1" rowspan="1">
0</td>
                        </tr>
                      </table>
                    </td>
                  </tr>
                </table>
              </td>
            </tr>
            <tr>
              <td colspan="1" rowspan="1">
                <h2>Plugin</h2>
                <table border="1">
                  <tr>
                    <td colspan="1" rowspan="1">
                      <table border="1">
                        <tr>
                          <td colspan="1" rowspan="1">
name</td>
                          <td colspan="1" rowspan="1">
Divulgación del Código Fuente - CVE-2012-1823</td>
                        </tr>
                      </table>
                    </td>
                  </tr>
                  <tr>
                    <td colspan="1" rowspan="1">
                      <table border="1">
                        <tr>
                          <td colspan="1" rowspan="1">
id</td>
                          <td colspan="1" rowspan="1">
20017</td>
                        </tr>
                      </table>
                    </td>
                  </tr>
                  <tr>
                    <td colspan="1" rowspan="1">
                      <table border="1">
                        <tr>
                          <td colspan="1" rowspan="1">
quality</td>
                          <td colspan="1" rowspan="1">
release</td>
                        </tr>
                      </table>
                    </td>
                  </tr>
                  <tr>
                    <td colspan="1" rowspan="1">
                      <table border="1">
                        <tr>
                          <td colspan="1" rowspan="1">
status</td>
                          <td colspan="1" rowspan="1">
Complete</td>
                        </tr>
                      </table>
                    </td>
                  </tr>
                  <tr>
                    <td colspan="1" rowspan="1">
                      <table border="1">
                        <tr>
                          <td colspan="1" rowspan="1">
timeInMs</td>
                          <td colspan="1" rowspan="1">
7913</td>
                        </tr>
                      </table>
                    </td>
                  </tr>
                  <tr>
                    <td colspan="1" rowspan="1">
                      <table border="1">
                        <tr>
                          <td colspan="1" rowspan="1">
reqCount</td>
                          <td colspan="1" rowspan="1">
8</td>
                        </tr>
                      </table>
                    </td>
                  </tr>
                  <tr>
                    <td colspan="1" rowspan="1">
                      <table border="1">
                        <tr>
                          <td colspan="1" rowspan="1">
alertCount</td>
                          <td colspan="1" rowspan="1">
0</td>
                        </tr>
                      </table>
                    </td>
                  </tr>
                </table>
              </td>
            </tr>
            <tr>
              <td colspan="1" rowspan="1">
                <h2>Plugin</h2>
                <table border="1">
                  <tr>
                    <td colspan="1" rowspan="1">
                      <table border="1">
                        <tr>
                          <td colspan="1" rowspan="1">
name</td>
                          <td colspan="1" rowspan="1">
Ejecución Remota de Código - CVE-2012-1823</td>
                        </tr>
                      </table>
                    </td>
                  </tr>
                  <tr>
                    <td colspan="1" rowspan="1">
                      <table border="1">
                        <tr>
                          <td colspan="1" rowspan="1">
id</td>
                          <td colspan="1" rowspan="1">
20018</td>
                        </tr>
                      </table>
                    </td>
                  </tr>
                  <tr>
                    <td colspan="1" rowspan="1">
                      <table border="1">
                        <tr>
                          <td colspan="1" rowspan="1">
quality</td>
                          <td colspan="1" rowspan="1">
release</td>
                        </tr>
                      </table>
                    </td>
                  </tr>
                  <tr>
                    <td colspan="1" rowspan="1">
                      <table border="1">
                        <tr>
                          <td colspan="1" rowspan="1">
status</td>
                          <td colspan="1" rowspan="1">
Complete</td>
                        </tr>
                      </table>
                    </td>
                  </tr>
                  <tr>
                    <td colspan="1" rowspan="1">
                      <table border="1">
                        <tr>
                          <td colspan="1" rowspan="1">
timeInMs</td>
                          <td colspan="1" rowspan="1">
4925</td>
                        </tr>
                      </table>
                    </td>
                  </tr>
                  <tr>
                    <td colspan="1" rowspan="1">
                      <table border="1">
                        <tr>
                          <td colspan="1" rowspan="1">
reqCount</td>
                          <td colspan="1" rowspan="1">
200</td>
                        </tr>
                      </table>
                    </td>
                  </tr>
                  <tr>
                    <td colspan="1" rowspan="1">
                      <table border="1">
                        <tr>
                          <td colspan="1" rowspan="1">
alertCount</td>
                          <td colspan="1" rowspan="1">
0</td>
                        </tr>
                      </table>
                    </td>
                  </tr>
                </table>
              </td>
            </tr>
            <tr>
              <td colspan="1" rowspan="1">
                <h2>Plugin</h2>
                <table border="1">
                  <tr>
                    <td colspan="1" rowspan="1">
                      <table border="1">
                        <tr>
                          <td colspan="1" rowspan="1">
name</td>
                          <td colspan="1" rowspan="1">
Redirección Externa</td>
                        </tr>
                      </table>
                    </td>
                  </tr>
                  <tr>
                    <td colspan="1" rowspan="1">
                      <table border="1">
                        <tr>
                          <td colspan="1" rowspan="1">
id</td>
                          <td colspan="1" rowspan="1">
20019</td>
                        </tr>
                      </table>
                    </td>
                  </tr>
                  <tr>
                    <td colspan="1" rowspan="1">
                      <table border="1">
                        <tr>
                          <td colspan="1" rowspan="1">
quality</td>
                          <td colspan="1" rowspan="1">
release</td>
                        </tr>
                      </table>
                    </td>
                  </tr>
                  <tr>
                    <td colspan="1" rowspan="1">
                      <table border="1">
                        <tr>
                          <td colspan="1" rowspan="1">
status</td>
                          <td colspan="1" rowspan="1">
Complete</td>
                        </tr>
                      </table>
                    </td>
                  </tr>
                  <tr>
                    <td colspan="1" rowspan="1">
                      <table border="1">
                        <tr>
                          <td colspan="1" rowspan="1">
timeInMs</td>
                          <td colspan="1" rowspan="1">
24389</td>
                        </tr>
                      </table>
                    </td>
                  </tr>
                  <tr>
                    <td colspan="1" rowspan="1">
                      <table border="1">
                        <tr>
                          <td colspan="1" rowspan="1">
reqCount</td>
                          <td colspan="1" rowspan="1">
162</td>
                        </tr>
                      </table>
                    </td>
                  </tr>
                  <tr>
                    <td colspan="1" rowspan="1">
                      <table border="1">
                        <tr>
                          <td colspan="1" rowspan="1">
alertCount</td>
                          <td colspan="1" rowspan="1">
0</td>
                        </tr>
                      </table>
                    </td>
                  </tr>
                </table>
              </td>
            </tr>
            <tr>
              <td colspan="1" rowspan="1">
                <h2>Plugin</h2>
                <table border="1">
                  <tr>
                    <td colspan="1" rowspan="1">
                      <table border="1">
                        <tr>
                          <td colspan="1" rowspan="1">
name</td>
                          <td colspan="1" rowspan="1">
Server Side Include</td>
                        </tr>
                      </table>
                    </td>
                  </tr>
                  <tr>
                    <td colspan="1" rowspan="1">
                      <table border="1">
                        <tr>
                          <td colspan="1" rowspan="1">
id</td>
                          <td colspan="1" rowspan="1">
40009</td>
                        </tr>
                      </table>
                    </td>
                  </tr>
                  <tr>
                    <td colspan="1" rowspan="1">
                      <table border="1">
                        <tr>
                          <td colspan="1" rowspan="1">
quality</td>
                          <td colspan="1" rowspan="1">
release</td>
                        </tr>
                      </table>
                    </td>
                  </tr>
                  <tr>
                    <td colspan="1" rowspan="1">
                      <table border="1">
                        <tr>
                          <td colspan="1" rowspan="1">
status</td>
                          <td colspan="1" rowspan="1">
Complete</td>
                        </tr>
                      </table>
                    </td>
                  </tr>
                  <tr>
                    <td colspan="1" rowspan="1">
                      <table border="1">
                        <tr>
                          <td colspan="1" rowspan="1">
timeInMs</td>
                          <td colspan="1" rowspan="1">
13007</td>
                        </tr>
                      </table>
                    </td>
                  </tr>
                  <tr>
                    <td colspan="1" rowspan="1">
                      <table border="1">
                        <tr>
                          <td colspan="1" rowspan="1">
reqCount</td>
                          <td colspan="1" rowspan="1">
72</td>
                        </tr>
                      </table>
                    </td>
                  </tr>
                  <tr>
                    <td colspan="1" rowspan="1">
                      <table border="1">
                        <tr>
                          <td colspan="1" rowspan="1">
alertCount</td>
                          <td colspan="1" rowspan="1">
0</td>
                        </tr>
                      </table>
                    </td>
                  </tr>
                </table>
              </td>
            </tr>
            <tr>
              <td colspan="1" rowspan="1">
                <h2>Plugin</h2>
                <table border="1">
                  <tr>
                    <td colspan="1" rowspan="1">
                      <table border="1">
                        <tr>
                          <td colspan="1" rowspan="1">
name</td>
                          <td colspan="1" rowspan="1">
Cross Site Scripting (Reflected)</td>
                        </tr>
                      </table>
                    </td>
                  </tr>
                  <tr>
                    <td colspan="1" rowspan="1">
                      <table border="1">
                        <tr>
                          <td colspan="1" rowspan="1">
id</td>
                          <td colspan="1" rowspan="1">
40012</td>
                        </tr>
                      </table>
                    </td>
                  </tr>
                  <tr>
                    <td colspan="1" rowspan="1">
                      <table border="1">
                        <tr>
                          <td colspan="1" rowspan="1">
quality</td>
                          <td colspan="1" rowspan="1">
release</td>
                        </tr>
                      </table>
                    </td>
                  </tr>
                  <tr>
                    <td colspan="1" rowspan="1">
                      <table border="1">
                        <tr>
                          <td colspan="1" rowspan="1">
status</td>
                          <td colspan="1" rowspan="1">
Complete</td>
                        </tr>
                      </table>
                    </td>
                  </tr>
                  <tr>
                    <td colspan="1" rowspan="1">
                      <table border="1">
                        <tr>
                          <td colspan="1" rowspan="1">
timeInMs</td>
                          <td colspan="1" rowspan="1">
18963</td>
                        </tr>
                      </table>
                    </td>
                  </tr>
                  <tr>
                    <td colspan="1" rowspan="1">
                      <table border="1">
                        <tr>
                          <td colspan="1" rowspan="1">
reqCount</td>
                          <td colspan="1" rowspan="1">
90</td>
                        </tr>
                      </table>
                    </td>
                  </tr>
                  <tr>
                    <td colspan="1" rowspan="1">
                      <table border="1">
                        <tr>
                          <td colspan="1" rowspan="1">
alertCount</td>
                          <td colspan="1" rowspan="1">
0</td>
                        </tr>
                      </table>
                    </td>
                  </tr>
                </table>
              </td>
            </tr>
            <tr>
              <td colspan="1" rowspan="1">
                <h2>Plugin</h2>
                <table border="1">
                  <tr>
                    <td colspan="1" rowspan="1">
                      <table border="1">
                        <tr>
                          <td colspan="1" rowspan="1">
name</td>
                          <td colspan="1" rowspan="1">
Cross Site Scripting (Persistente) - Prime</td>
                        </tr>
                      </table>
                    </td>
                  </tr>
                  <tr>
                    <td colspan="1" rowspan="1">
                      <table border="1">
                        <tr>
                          <td colspan="1" rowspan="1">
id</td>
                          <td colspan="1" rowspan="1">
40016</td>
                        </tr>
                      </table>
                    </td>
                  </tr>
                  <tr>
                    <td colspan="1" rowspan="1">
                      <table border="1">
                        <tr>
                          <td colspan="1" rowspan="1">
quality</td>
                          <td colspan="1" rowspan="1">
release</td>
                        </tr>
                      </table>
                    </td>
                  </tr>
                  <tr>
                    <td colspan="1" rowspan="1">
                      <table border="1">
                        <tr>
                          <td colspan="1" rowspan="1">
status</td>
                          <td colspan="1" rowspan="1">
Complete</td>
                        </tr>
                      </table>
                    </td>
                  </tr>
                  <tr>
                    <td colspan="1" rowspan="1">
                      <table border="1">
                        <tr>
                          <td colspan="1" rowspan="1">
timeInMs</td>
                          <td colspan="1" rowspan="1">
3652</td>
                        </tr>
                      </table>
                    </td>
                  </tr>
                  <tr>
                    <td colspan="1" rowspan="1">
                      <table border="1">
                        <tr>
                          <td colspan="1" rowspan="1">
reqCount</td>
                          <td colspan="1" rowspan="1">
18</td>
                        </tr>
                      </table>
                    </td>
                  </tr>
                  <tr>
                    <td colspan="1" rowspan="1">
                      <table border="1">
                        <tr>
                          <td colspan="1" rowspan="1">
alertCount</td>
                          <td colspan="1" rowspan="1">
0</td>
                        </tr>
                      </table>
                    </td>
                  </tr>
                </table>
              </td>
            </tr>
            <tr>
              <td colspan="1" rowspan="1">
                <h2>Plugin</h2>
                <table border="1">
                  <tr>
                    <td colspan="1" rowspan="1">
                      <table border="1">
                        <tr>
                          <td colspan="1" rowspan="1">
name</td>
                          <td colspan="1" rowspan="1">
Cross Site Scripting (Persistente) - Spider</td>
                        </tr>
                      </table>
                    </td>
                  </tr>
                  <tr>
                    <td colspan="1" rowspan="1">
                      <table border="1">
                        <tr>
                          <td colspan="1" rowspan="1">
id</td>
                          <td colspan="1" rowspan="1">
40017</td>
                        </tr>
                      </table>
                    </td>
                  </tr>
                  <tr>
                    <td colspan="1" rowspan="1">
                      <table border="1">
                        <tr>
                          <td colspan="1" rowspan="1">
quality</td>
                          <td colspan="1" rowspan="1">
release</td>
                        </tr>
                      </table>
                    </td>
                  </tr>
                  <tr>
                    <td colspan="1" rowspan="1">
                      <table border="1">
                        <tr>
                          <td colspan="1" rowspan="1">
status</td>
                          <td colspan="1" rowspan="1">
Complete</td>
                        </tr>
                      </table>
                    </td>
                  </tr>
                  <tr>
                    <td colspan="1" rowspan="1">
                      <table border="1">
                        <tr>
                          <td colspan="1" rowspan="1">
timeInMs</td>
                          <td colspan="1" rowspan="1">
4280</td>
                        </tr>
                      </table>
                    </td>
                  </tr>
                  <tr>
                    <td colspan="1" rowspan="1">
                      <table border="1">
                        <tr>
                          <td colspan="1" rowspan="1">
reqCount</td>
                          <td colspan="1" rowspan="1">
100</td>
                        </tr>
                      </table>
                    </td>
                  </tr>
                  <tr>
                    <td colspan="1" rowspan="1">
                      <table border="1">
                        <tr>
                          <td colspan="1" rowspan="1">
alertCount</td>
                          <td colspan="1" rowspan="1">
0</td>
                        </tr>
                      </table>
                    </td>
                  </tr>
                </table>
              </td>
            </tr>
            <tr>
              <td colspan="1" rowspan="1">
                <h2>Plugin</h2>
                <table border="1">
                  <tr>
                    <td colspan="1" rowspan="1">
                      <table border="1">
                        <tr>
                          <td colspan="1" rowspan="1">
name</td>
                          <td colspan="1" rowspan="1">
Cross Site Scripting XSS (Persistente)</td>
                        </tr>
                      </table>
                    </td>
                  </tr>
                  <tr>
                    <td colspan="1" rowspan="1">
                      <table border="1">
                        <tr>
                          <td colspan="1" rowspan="1">
id</td>
                          <td colspan="1" rowspan="1">
40014</td>
                        </tr>
                      </table>
                    </td>
                  </tr>
                  <tr>
                    <td colspan="1" rowspan="1">
                      <table border="1">
                        <tr>
                          <td colspan="1" rowspan="1">
quality</td>
                          <td colspan="1" rowspan="1">
release</td>
                        </tr>
                      </table>
                    </td>
                  </tr>
                  <tr>
                    <td colspan="1" rowspan="1">
                      <table border="1">
                        <tr>
                          <td colspan="1" rowspan="1">
status</td>
                          <td colspan="1" rowspan="1">
Complete</td>
                        </tr>
                      </table>
                    </td>
                  </tr>
                  <tr>
                    <td colspan="1" rowspan="1">
                      <table border="1">
                        <tr>
                          <td colspan="1" rowspan="1">
timeInMs</td>
                          <td colspan="1" rowspan="1">
3791</td>
                        </tr>
                      </table>
                    </td>
                  </tr>
                  <tr>
                    <td colspan="1" rowspan="1">
                      <table border="1">
                        <tr>
                          <td colspan="1" rowspan="1">
reqCount</td>
                          <td colspan="1" rowspan="1">
0</td>
                        </tr>
                      </table>
                    </td>
                  </tr>
                  <tr>
                    <td colspan="1" rowspan="1">
                      <table border="1">
                        <tr>
                          <td colspan="1" rowspan="1">
alertCount</td>
                          <td colspan="1" rowspan="1">
0</td>
                        </tr>
                      </table>
                    </td>
                  </tr>
                </table>
              </td>
            </tr>
            <tr>
              <td colspan="1" rowspan="1">
                <h2>Plugin</h2>
                <table border="1">
                  <tr>
                    <td colspan="1" rowspan="1">
                      <table border="1">
                        <tr>
                          <td colspan="1" rowspan="1">
name</td>
                          <td colspan="1" rowspan="1">
Inyección SQL</td>
                        </tr>
                      </table>
                    </td>
                  </tr>
                  <tr>
                    <td colspan="1" rowspan="1">
                      <table border="1">
                        <tr>
                          <td colspan="1" rowspan="1">
id</td>
                          <td colspan="1" rowspan="1">
40018</td>
                        </tr>
                      </table>
                    </td>
                  </tr>
                  <tr>
                    <td colspan="1" rowspan="1">
                      <table border="1">
                        <tr>
                          <td colspan="1" rowspan="1">
quality</td>
                          <td colspan="1" rowspan="1">
release</td>
                        </tr>
                      </table>
                    </td>
                  </tr>
                  <tr>
                    <td colspan="1" rowspan="1">
                      <table border="1">
                        <tr>
                          <td colspan="1" rowspan="1">
status</td>
                          <td colspan="1" rowspan="1">
Complete</td>
                        </tr>
                      </table>
                    </td>
                  </tr>
                  <tr>
                    <td colspan="1" rowspan="1">
                      <table border="1">
                        <tr>
                          <td colspan="1" rowspan="1">
timeInMs</td>
                          <td colspan="1" rowspan="1">
70383</td>
                        </tr>
                      </table>
                    </td>
                  </tr>
                  <tr>
                    <td colspan="1" rowspan="1">
                      <table border="1">
                        <tr>
                          <td colspan="1" rowspan="1">
reqCount</td>
                          <td colspan="1" rowspan="1">
482</td>
                        </tr>
                      </table>
                    </td>
                  </tr>
                  <tr>
                    <td colspan="1" rowspan="1">
                      <table border="1">
                        <tr>
                          <td colspan="1" rowspan="1">
alertCount</td>
                          <td colspan="1" rowspan="1">
0</td>
                        </tr>
                      </table>
                    </td>
                  </tr>
                </table>
              </td>
            </tr>
            <tr>
              <td colspan="1" rowspan="1">
                <h2>Plugin</h2>
                <table border="1">
                  <tr>
                    <td colspan="1" rowspan="1">
                      <table border="1">
                        <tr>
                          <td colspan="1" rowspan="1">
name</td>
                          <td colspan="1" rowspan="1">
Inyección SQL - MySQL</td>
                        </tr>
                      </table>
                    </td>
                  </tr>
                  <tr>
                    <td colspan="1" rowspan="1">
                      <table border="1">
                        <tr>
                          <td colspan="1" rowspan="1">
id</td>
                          <td colspan="1" rowspan="1">
40019</td>
                        </tr>
                      </table>
                    </td>
                  </tr>
                  <tr>
                    <td colspan="1" rowspan="1">
                      <table border="1">
                        <tr>
                          <td colspan="1" rowspan="1">
quality</td>
                          <td colspan="1" rowspan="1">
release</td>
                        </tr>
                      </table>
                    </td>
                  </tr>
                  <tr>
                    <td colspan="1" rowspan="1">
                      <table border="1">
                        <tr>
                          <td colspan="1" rowspan="1">
status</td>
                          <td colspan="1" rowspan="1">
Complete</td>
                        </tr>
                      </table>
                    </td>
                  </tr>
                  <tr>
                    <td colspan="1" rowspan="1">
                      <table border="1">
                        <tr>
                          <td colspan="1" rowspan="1">
timeInMs</td>
                          <td colspan="1" rowspan="1">
28006</td>
                        </tr>
                      </table>
                    </td>
                  </tr>
                  <tr>
                    <td colspan="1" rowspan="1">
                      <table border="1">
                        <tr>
                          <td colspan="1" rowspan="1">
reqCount</td>
                          <td colspan="1" rowspan="1">
180</td>
                        </tr>
                      </table>
                    </td>
                  </tr>
                  <tr>
                    <td colspan="1" rowspan="1">
                      <table border="1">
                        <tr>
                          <td colspan="1" rowspan="1">
alertCount</td>
                          <td colspan="1" rowspan="1">
0</td>
                        </tr>
                      </table>
                    </td>
                  </tr>
                </table>
              </td>
            </tr>
            <tr>
              <td colspan="1" rowspan="1">
                <h2>Plugin</h2>
                <table border="1">
                  <tr>
                    <td colspan="1" rowspan="1">
                      <table border="1">
                        <tr>
                          <td colspan="1" rowspan="1">
name</td>
                          <td colspan="1" rowspan="1">
Inyección SQL - SQL Hipersónico</td>
                        </tr>
                      </table>
                    </td>
                  </tr>
                  <tr>
                    <td colspan="1" rowspan="1">
                      <table border="1">
                        <tr>
                          <td colspan="1" rowspan="1">
id</td>
                          <td colspan="1" rowspan="1">
40020</td>
                        </tr>
                      </table>
                    </td>
                  </tr>
                  <tr>
                    <td colspan="1" rowspan="1">
                      <table border="1">
                        <tr>
                          <td colspan="1" rowspan="1">
quality</td>
                          <td colspan="1" rowspan="1">
release</td>
                        </tr>
                      </table>
                    </td>
                  </tr>
                  <tr>
                    <td colspan="1" rowspan="1">
                      <table border="1">
                        <tr>
                          <td colspan="1" rowspan="1">
status</td>
                          <td colspan="1" rowspan="1">
Complete</td>
                        </tr>
                      </table>
                    </td>
                  </tr>
                  <tr>
                    <td colspan="1" rowspan="1">
                      <table border="1">
                        <tr>
                          <td colspan="1" rowspan="1">
timeInMs</td>
                          <td colspan="1" rowspan="1">
23202</td>
                        </tr>
                      </table>
                    </td>
                  </tr>
                  <tr>
                    <td colspan="1" rowspan="1">
                      <table border="1">
                        <tr>
                          <td colspan="1" rowspan="1">
reqCount</td>
                          <td colspan="1" rowspan="1">
180</td>
                        </tr>
                      </table>
                    </td>
                  </tr>
                  <tr>
                    <td colspan="1" rowspan="1">
                      <table border="1">
                        <tr>
                          <td colspan="1" rowspan="1">
alertCount</td>
                          <td colspan="1" rowspan="1">
0</td>
                        </tr>
                      </table>
                    </td>
                  </tr>
                </table>
              </td>
            </tr>
            <tr>
              <td colspan="1" rowspan="1">
                <h2>Plugin</h2>
                <table border="1">
                  <tr>
                    <td colspan="1" rowspan="1">
                      <table border="1">
                        <tr>
                          <td colspan="1" rowspan="1">
name</td>
                          <td colspan="1" rowspan="1">
Inyección SQL - Oracle</td>
                        </tr>
                      </table>
                    </td>
                  </tr>
                  <tr>
                    <td colspan="1" rowspan="1">
                      <table border="1">
                        <tr>
                          <td colspan="1" rowspan="1">
id</td>
                          <td colspan="1" rowspan="1">
40021</td>
                        </tr>
                      </table>
                    </td>
                  </tr>
                  <tr>
                    <td colspan="1" rowspan="1">
                      <table border="1">
                        <tr>
                          <td colspan="1" rowspan="1">
quality</td>
                          <td colspan="1" rowspan="1">
release</td>
                        </tr>
                      </table>
                    </td>
                  </tr>
                  <tr>
                    <td colspan="1" rowspan="1">
                      <table border="1">
                        <tr>
                          <td colspan="1" rowspan="1">
status</td>
                          <td colspan="1" rowspan="1">
Complete</td>
                        </tr>
                      </table>
                    </td>
                  </tr>
                  <tr>
                    <td colspan="1" rowspan="1">
                      <table border="1">
                        <tr>
                          <td colspan="1" rowspan="1">
timeInMs</td>
                          <td colspan="1" rowspan="1">
15072</td>
                        </tr>
                      </table>
                    </td>
                  </tr>
                  <tr>
                    <td colspan="1" rowspan="1">
                      <table border="1">
                        <tr>
                          <td colspan="1" rowspan="1">
reqCount</td>
                          <td colspan="1" rowspan="1">
108</td>
                        </tr>
                      </table>
                    </td>
                  </tr>
                  <tr>
                    <td colspan="1" rowspan="1">
                      <table border="1">
                        <tr>
                          <td colspan="1" rowspan="1">
alertCount</td>
                          <td colspan="1" rowspan="1">
0</td>
                        </tr>
                      </table>
                    </td>
                  </tr>
                </table>
              </td>
            </tr>
            <tr>
              <td colspan="1" rowspan="1">
                <h2>Plugin</h2>
                <table border="1">
                  <tr>
                    <td colspan="1" rowspan="1">
                      <table border="1">
                        <tr>
                          <td colspan="1" rowspan="1">
name</td>
                          <td colspan="1" rowspan="1">
Inyección SQL - PostgreSQL</td>
                        </tr>
                      </table>
                    </td>
                  </tr>
                  <tr>
                    <td colspan="1" rowspan="1">
                      <table border="1">
                        <tr>
                          <td colspan="1" rowspan="1">
id</td>
                          <td colspan="1" rowspan="1">
40022</td>
                        </tr>
                      </table>
                    </td>
                  </tr>
                  <tr>
                    <td colspan="1" rowspan="1">
                      <table border="1">
                        <tr>
                          <td colspan="1" rowspan="1">
quality</td>
                          <td colspan="1" rowspan="1">
release</td>
                        </tr>
                      </table>
                    </td>
                  </tr>
                  <tr>
                    <td colspan="1" rowspan="1">
                      <table border="1">
                        <tr>
                          <td colspan="1" rowspan="1">
status</td>
                          <td colspan="1" rowspan="1">
Complete</td>
                        </tr>
                      </table>
                    </td>
                  </tr>
                  <tr>
                    <td colspan="1" rowspan="1">
                      <table border="1">
                        <tr>
                          <td colspan="1" rowspan="1">
timeInMs</td>
                          <td colspan="1" rowspan="1">
14158</td>
                        </tr>
                      </table>
                    </td>
                  </tr>
                  <tr>
                    <td colspan="1" rowspan="1">
                      <table border="1">
                        <tr>
                          <td colspan="1" rowspan="1">
reqCount</td>
                          <td colspan="1" rowspan="1">
90</td>
                        </tr>
                      </table>
                    </td>
                  </tr>
                  <tr>
                    <td colspan="1" rowspan="1">
                      <table border="1">
                        <tr>
                          <td colspan="1" rowspan="1">
alertCount</td>
                          <td colspan="1" rowspan="1">
0</td>
                        </tr>
                      </table>
                    </td>
                  </tr>
                </table>
              </td>
            </tr>
            <tr>
              <td colspan="1" rowspan="1">
                <h2>Plugin</h2>
                <table border="1">
                  <tr>
                    <td colspan="1" rowspan="1">
                      <table border="1">
                        <tr>
                          <td colspan="1" rowspan="1">
name</td>
                          <td colspan="1" rowspan="1">
Inyección SQL - SQLite</td>
                        </tr>
                      </table>
                    </td>
                  </tr>
                  <tr>
                    <td colspan="1" rowspan="1">
                      <table border="1">
                        <tr>
                          <td colspan="1" rowspan="1">
id</td>
                          <td colspan="1" rowspan="1">
40024</td>
                        </tr>
                      </table>
                    </td>
                  </tr>
                  <tr>
                    <td colspan="1" rowspan="1">
                      <table border="1">
                        <tr>
                          <td colspan="1" rowspan="1">
quality</td>
                          <td colspan="1" rowspan="1">
release</td>
                        </tr>
                      </table>
                    </td>
                  </tr>
                  <tr>
                    <td colspan="1" rowspan="1">
                      <table border="1">
                        <tr>
                          <td colspan="1" rowspan="1">
status</td>
                          <td colspan="1" rowspan="1">
Complete</td>
                        </tr>
                      </table>
                    </td>
                  </tr>
                  <tr>
                    <td colspan="1" rowspan="1">
                      <table border="1">
                        <tr>
                          <td colspan="1" rowspan="1">
timeInMs</td>
                          <td colspan="1" rowspan="1">
53396</td>
                        </tr>
                      </table>
                    </td>
                  </tr>
                  <tr>
                    <td colspan="1" rowspan="1">
                      <table border="1">
                        <tr>
                          <td colspan="1" rowspan="1">
reqCount</td>
                          <td colspan="1" rowspan="1">
156</td>
                        </tr>
                      </table>
                    </td>
                  </tr>
                  <tr>
                    <td colspan="1" rowspan="1">
                      <table border="1">
                        <tr>
                          <td colspan="1" rowspan="1">
alertCount</td>
                          <td colspan="1" rowspan="1">
1</td>
                        </tr>
                      </table>
                    </td>
                  </tr>
                </table>
              </td>
            </tr>
            <tr>
              <td colspan="1" rowspan="1">
                <h2>Plugin</h2>
                <table border="1">
                  <tr>
                    <td colspan="1" rowspan="1">
                      <table border="1">
                        <tr>
                          <td colspan="1" rowspan="1">
name</td>
                          <td colspan="1" rowspan="1">
Sitio cruzado de Scripting (Basado en DOM)</td>
                        </tr>
                      </table>
                    </td>
                  </tr>
                  <tr>
                    <td colspan="1" rowspan="1">
                      <table border="1">
                        <tr>
                          <td colspan="1" rowspan="1">
id</td>
                          <td colspan="1" rowspan="1">
40026</td>
                        </tr>
                      </table>
                    </td>
                  </tr>
                  <tr>
                    <td colspan="1" rowspan="1">
                      <table border="1">
                        <tr>
                          <td colspan="1" rowspan="1">
quality</td>
                          <td colspan="1" rowspan="1">
release</td>
                        </tr>
                      </table>
                    </td>
                  </tr>
                  <tr>
                    <td colspan="1" rowspan="1">
                      <table border="1">
                        <tr>
                          <td colspan="1" rowspan="1">
status</td>
                          <td colspan="1" rowspan="1">
Evitado, no se ha podido iniciar o conectar al nevegador web.</td>
                        </tr>
                      </table>
                    </td>
                  </tr>
                  <tr>
                    <td colspan="1" rowspan="1">
                      <table border="1">
                        <tr>
                          <td colspan="1" rowspan="1">
timeInMs</td>
                          <td colspan="1" rowspan="1">
268</td>
                        </tr>
                      </table>
                    </td>
                  </tr>
                  <tr>
                    <td colspan="1" rowspan="1">
                      <table border="1">
                        <tr>
                          <td colspan="1" rowspan="1">
reqCount</td>
                          <td colspan="1" rowspan="1">
0</td>
                        </tr>
                      </table>
                    </td>
                  </tr>
                  <tr>
                    <td colspan="1" rowspan="1">
                      <table border="1">
                        <tr>
                          <td colspan="1" rowspan="1">
alertCount</td>
                          <td colspan="1" rowspan="1">
0</td>
                        </tr>
                      </table>
                    </td>
                  </tr>
                </table>
              </td>
            </tr>
            <tr>
              <td colspan="1" rowspan="1">
                <h2>Plugin</h2>
                <table border="1">
                  <tr>
                    <td colspan="1" rowspan="1">
                      <table border="1">
                        <tr>
                          <td colspan="1" rowspan="1">
name</td>
                          <td colspan="1" rowspan="1">
Inyección SQL - MsSQL </td>
                        </tr>
                      </table>
                    </td>
                  </tr>
                  <tr>
                    <td colspan="1" rowspan="1">
                      <table border="1">
                        <tr>
                          <td colspan="1" rowspan="1">
id</td>
                          <td colspan="1" rowspan="1">
40027</td>
                        </tr>
                      </table>
                    </td>
                  </tr>
                  <tr>
                    <td colspan="1" rowspan="1">
                      <table border="1">
                        <tr>
                          <td colspan="1" rowspan="1">
quality</td>
                          <td colspan="1" rowspan="1">
release</td>
                        </tr>
                      </table>
                    </td>
                  </tr>
                  <tr>
                    <td colspan="1" rowspan="1">
                      <table border="1">
                        <tr>
                          <td colspan="1" rowspan="1">
status</td>
                          <td colspan="1" rowspan="1">
Complete</td>
                        </tr>
                      </table>
                    </td>
                  </tr>
                  <tr>
                    <td colspan="1" rowspan="1">
                      <table border="1">
                        <tr>
                          <td colspan="1" rowspan="1">
timeInMs</td>
                          <td colspan="1" rowspan="1">
26529</td>
                        </tr>
                      </table>
                    </td>
                  </tr>
                  <tr>
                    <td colspan="1" rowspan="1">
                      <table border="1">
                        <tr>
                          <td colspan="1" rowspan="1">
reqCount</td>
                          <td colspan="1" rowspan="1">
180</td>
                        </tr>
                      </table>
                    </td>
                  </tr>
                  <tr>
                    <td colspan="1" rowspan="1">
                      <table border="1">
                        <tr>
                          <td colspan="1" rowspan="1">
alertCount</td>
                          <td colspan="1" rowspan="1">
0</td>
                        </tr>
                      </table>
                    </td>
                  </tr>
                </table>
              </td>
            </tr>
            <tr>
              <td colspan="1" rowspan="1">
                <h2>Plugin</h2>
                <table border="1">
                  <tr>
                    <td colspan="1" rowspan="1">
                      <table border="1">
                        <tr>
                          <td colspan="1" rowspan="1">
name</td>
                          <td colspan="1" rowspan="1">
Log4Shell</td>
                        </tr>
                      </table>
                    </td>
                  </tr>
                  <tr>
                    <td colspan="1" rowspan="1">
                      <table border="1">
                        <tr>
                          <td colspan="1" rowspan="1">
id</td>
                          <td colspan="1" rowspan="1">
40043</td>
                        </tr>
                      </table>
                    </td>
                  </tr>
                  <tr>
                    <td colspan="1" rowspan="1">
                      <table border="1">
                        <tr>
                          <td colspan="1" rowspan="1">
quality</td>
                          <td colspan="1" rowspan="1">
release</td>
                        </tr>
                      </table>
                    </td>
                  </tr>
                  <tr>
                    <td colspan="1" rowspan="1">
                      <table border="1">
                        <tr>
                          <td colspan="1" rowspan="1">
status</td>
                          <td colspan="1" rowspan="1">
Evitado, no se ha seleccionado ningún servicio de Escaneo Activo OAST..</td>
                        </tr>
                      </table>
                    </td>
                  </tr>
                  <tr>
                    <td colspan="1" rowspan="1">
                      <table border="1">
                        <tr>
                          <td colspan="1" rowspan="1">
timeInMs</td>
                          <td colspan="1" rowspan="1">
1</td>
                        </tr>
                      </table>
                    </td>
                  </tr>
                  <tr>
                    <td colspan="1" rowspan="1">
                      <table border="1">
                        <tr>
                          <td colspan="1" rowspan="1">
reqCount</td>
                          <td colspan="1" rowspan="1">
0</td>
                        </tr>
                      </table>
                    </td>
                  </tr>
                  <tr>
                    <td colspan="1" rowspan="1">
                      <table border="1">
                        <tr>
                          <td colspan="1" rowspan="1">
alertCount</td>
                          <td colspan="1" rowspan="1">
0</td>
                        </tr>
                      </table>
                    </td>
                  </tr>
                </table>
              </td>
            </tr>
            <tr>
              <td colspan="1" rowspan="1">
                <h2>Plugin</h2>
                <table border="1">
                  <tr>
                    <td colspan="1" rowspan="1">
                      <table border="1">
                        <tr>
                          <td colspan="1" rowspan="1">
name</td>
                          <td colspan="1" rowspan="1">
Spring4Shell</td>
                        </tr>
                      </table>
                    </td>
                  </tr>
                  <tr>
                    <td colspan="1" rowspan="1">
                      <table border="1">
                        <tr>
                          <td colspan="1" rowspan="1">
id</td>
                          <td colspan="1" rowspan="1">
40045</td>
                        </tr>
                      </table>
                    </td>
                  </tr>
                  <tr>
                    <td colspan="1" rowspan="1">
                      <table border="1">
                        <tr>
                          <td colspan="1" rowspan="1">
quality</td>
                          <td colspan="1" rowspan="1">
release</td>
                        </tr>
                      </table>
                    </td>
                  </tr>
                  <tr>
                    <td colspan="1" rowspan="1">
                      <table border="1">
                        <tr>
                          <td colspan="1" rowspan="1">
status</td>
                          <td colspan="1" rowspan="1">
Complete</td>
                        </tr>
                      </table>
                    </td>
                  </tr>
                  <tr>
                    <td colspan="1" rowspan="1">
                      <table border="1">
                        <tr>
                          <td colspan="1" rowspan="1">
timeInMs</td>
                          <td colspan="1" rowspan="1">
6442</td>
                        </tr>
                      </table>
                    </td>
                  </tr>
                  <tr>
                    <td colspan="1" rowspan="1">
                      <table border="1">
                        <tr>
                          <td colspan="1" rowspan="1">
reqCount</td>
                          <td colspan="1" rowspan="1">
201</td>
                        </tr>
                      </table>
                    </td>
                  </tr>
                  <tr>
                    <td colspan="1" rowspan="1">
                      <table border="1">
                        <tr>
                          <td colspan="1" rowspan="1">
alertCount</td>
                          <td colspan="1" rowspan="1">
0</td>
                        </tr>
                      </table>
                    </td>
                  </tr>
                </table>
              </td>
            </tr>
            <tr>
              <td colspan="1" rowspan="1">
                <h2>Plugin</h2>
                <table border="1">
                  <tr>
                    <td colspan="1" rowspan="1">
                      <table border="1">
                        <tr>
                          <td colspan="1" rowspan="1">
name</td>
                          <td colspan="1" rowspan="1">
Server Side Code Injection</td>
                        </tr>
                      </table>
                    </td>
                  </tr>
                  <tr>
                    <td colspan="1" rowspan="1">
                      <table border="1">
                        <tr>
                          <td colspan="1" rowspan="1">
id</td>
                          <td colspan="1" rowspan="1">
90019</td>
                        </tr>
                      </table>
                    </td>
                  </tr>
                  <tr>
                    <td colspan="1" rowspan="1">
                      <table border="1">
                        <tr>
                          <td colspan="1" rowspan="1">
quality</td>
                          <td colspan="1" rowspan="1">
release</td>
                        </tr>
                      </table>
                    </td>
                  </tr>
                  <tr>
                    <td colspan="1" rowspan="1">
                      <table border="1">
                        <tr>
                          <td colspan="1" rowspan="1">
status</td>
                          <td colspan="1" rowspan="1">
Complete</td>
                        </tr>
                      </table>
                    </td>
                  </tr>
                  <tr>
                    <td colspan="1" rowspan="1">
                      <table border="1">
                        <tr>
                          <td colspan="1" rowspan="1">
timeInMs</td>
                          <td colspan="1" rowspan="1">
23724</td>
                        </tr>
                      </table>
                    </td>
                  </tr>
                  <tr>
                    <td colspan="1" rowspan="1">
                      <table border="1">
                        <tr>
                          <td colspan="1" rowspan="1">
reqCount</td>
                          <td colspan="1" rowspan="1">
144</td>
                        </tr>
                      </table>
                    </td>
                  </tr>
                  <tr>
                    <td colspan="1" rowspan="1">
                      <table border="1">
                        <tr>
                          <td colspan="1" rowspan="1">
alertCount</td>
                          <td colspan="1" rowspan="1">
0</td>
                        </tr>
                      </table>
                    </td>
                  </tr>
                </table>
              </td>
            </tr>
            <tr>
              <td colspan="1" rowspan="1">
                <h2>Plugin</h2>
                <table border="1">
                  <tr>
                    <td colspan="1" rowspan="1">
                      <table border="1">
                        <tr>
                          <td colspan="1" rowspan="1">
name</td>
                          <td colspan="1" rowspan="1">
Remote OS Command Injection (Inyección Remota de Comandos del Sistema Operativo)</td>
                        </tr>
                      </table>
                    </td>
                  </tr>
                  <tr>
                    <td colspan="1" rowspan="1">
                      <table border="1">
                        <tr>
                          <td colspan="1" rowspan="1">
id</td>
                          <td colspan="1" rowspan="1">
90020</td>
                        </tr>
                      </table>
                    </td>
                  </tr>
                  <tr>
                    <td colspan="1" rowspan="1">
                      <table border="1">
                        <tr>
                          <td colspan="1" rowspan="1">
quality</td>
                          <td colspan="1" rowspan="1">
release</td>
                        </tr>
                      </table>
                    </td>
                  </tr>
                  <tr>
                    <td colspan="1" rowspan="1">
                      <table border="1">
                        <tr>
                          <td colspan="1" rowspan="1">
status</td>
                          <td colspan="1" rowspan="1">
Complete</td>
                        </tr>
                      </table>
                    </td>
                  </tr>
                  <tr>
                    <td colspan="1" rowspan="1">
                      <table border="1">
                        <tr>
                          <td colspan="1" rowspan="1">
timeInMs</td>
                          <td colspan="1" rowspan="1">
96324</td>
                        </tr>
                      </table>
                    </td>
                  </tr>
                  <tr>
                    <td colspan="1" rowspan="1">
                      <table border="1">
                        <tr>
                          <td colspan="1" rowspan="1">
reqCount</td>
                          <td colspan="1" rowspan="1">
630</td>
                        </tr>
                      </table>
                    </td>
                  </tr>
                  <tr>
                    <td colspan="1" rowspan="1">
                      <table border="1">
                        <tr>
                          <td colspan="1" rowspan="1">
alertCount</td>
                          <td colspan="1" rowspan="1">
0</td>
                        </tr>
                      </table>
                    </td>
                  </tr>
                </table>
              </td>
            </tr>
            <tr>
              <td colspan="1" rowspan="1">
                <h2>Plugin</h2>
                <table border="1">
                  <tr>
                    <td colspan="1" rowspan="1">
                      <table border="1">
                        <tr>
                          <td colspan="1" rowspan="1">
name</td>
                          <td colspan="1" rowspan="1">
Inyección XPath</td>
                        </tr>
                      </table>
                    </td>
                  </tr>
                  <tr>
                    <td colspan="1" rowspan="1">
                      <table border="1">
                        <tr>
                          <td colspan="1" rowspan="1">
id</td>
                          <td colspan="1" rowspan="1">
90021</td>
                        </tr>
                      </table>
                    </td>
                  </tr>
                  <tr>
                    <td colspan="1" rowspan="1">
                      <table border="1">
                        <tr>
                          <td colspan="1" rowspan="1">
quality</td>
                          <td colspan="1" rowspan="1">
release</td>
                        </tr>
                      </table>
                    </td>
                  </tr>
                  <tr>
                    <td colspan="1" rowspan="1">
                      <table border="1">
                        <tr>
                          <td colspan="1" rowspan="1">
status</td>
                          <td colspan="1" rowspan="1">
Complete</td>
                        </tr>
                      </table>
                    </td>
                  </tr>
                  <tr>
                    <td colspan="1" rowspan="1">
                      <table border="1">
                        <tr>
                          <td colspan="1" rowspan="1">
timeInMs</td>
                          <td colspan="1" rowspan="1">
7196</td>
                        </tr>
                      </table>
                    </td>
                  </tr>
                  <tr>
                    <td colspan="1" rowspan="1">
                      <table border="1">
                        <tr>
                          <td colspan="1" rowspan="1">
reqCount</td>
                          <td colspan="1" rowspan="1">
54</td>
                        </tr>
                      </table>
                    </td>
                  </tr>
                  <tr>
                    <td colspan="1" rowspan="1">
                      <table border="1">
                        <tr>
                          <td colspan="1" rowspan="1">
alertCount</td>
                          <td colspan="1" rowspan="1">
0</td>
                        </tr>
                      </table>
                    </td>
                  </tr>
                </table>
              </td>
            </tr>
            <tr>
              <td colspan="1" rowspan="1">
                <h2>Plugin</h2>
                <table border="1">
                  <tr>
                    <td colspan="1" rowspan="1">
                      <table border="1">
                        <tr>
                          <td colspan="1" rowspan="1">
name</td>
                          <td colspan="1" rowspan="1">
Ataque de Entidad Externa XML</td>
                        </tr>
                      </table>
                    </td>
                  </tr>
                  <tr>
                    <td colspan="1" rowspan="1">
                      <table border="1">
                        <tr>
                          <td colspan="1" rowspan="1">
id</td>
                          <td colspan="1" rowspan="1">
90023</td>
                        </tr>
                      </table>
                    </td>
                  </tr>
                  <tr>
                    <td colspan="1" rowspan="1">
                      <table border="1">
                        <tr>
                          <td colspan="1" rowspan="1">
quality</td>
                          <td colspan="1" rowspan="1">
release</td>
                        </tr>
                      </table>
                    </td>
                  </tr>
                  <tr>
                    <td colspan="1" rowspan="1">
                      <table border="1">
                        <tr>
                          <td colspan="1" rowspan="1">
status</td>
                          <td colspan="1" rowspan="1">
Complete</td>
                        </tr>
                      </table>
                    </td>
                  </tr>
                  <tr>
                    <td colspan="1" rowspan="1">
                      <table border="1">
                        <tr>
                          <td colspan="1" rowspan="1">
timeInMs</td>
                          <td colspan="1" rowspan="1">
5194</td>
                        </tr>
                      </table>
                    </td>
                  </tr>
                  <tr>
                    <td colspan="1" rowspan="1">
                      <table border="1">
                        <tr>
                          <td colspan="1" rowspan="1">
reqCount</td>
                          <td colspan="1" rowspan="1">
0</td>
                        </tr>
                      </table>
                    </td>
                  </tr>
                  <tr>
                    <td colspan="1" rowspan="1">
                      <table border="1">
                        <tr>
                          <td colspan="1" rowspan="1">
alertCount</td>
                          <td colspan="1" rowspan="1">
0</td>
                        </tr>
                      </table>
                    </td>
                  </tr>
                </table>
              </td>
            </tr>
            <tr>
              <td colspan="1" rowspan="1">
                <h2>Plugin</h2>
                <table border="1">
                  <tr>
                    <td colspan="1" rowspan="1">
                      <table border="1">
                        <tr>
                          <td colspan="1" rowspan="1">
name</td>
                          <td colspan="1" rowspan="1">
Padding Oracle Genérico</td>
                        </tr>
                      </table>
                    </td>
                  </tr>
                  <tr>
                    <td colspan="1" rowspan="1">
                      <table border="1">
                        <tr>
                          <td colspan="1" rowspan="1">
id</td>
                          <td colspan="1" rowspan="1">
90024</td>
                        </tr>
                      </table>
                    </td>
                  </tr>
                  <tr>
                    <td colspan="1" rowspan="1">
                      <table border="1">
                        <tr>
                          <td colspan="1" rowspan="1">
quality</td>
                          <td colspan="1" rowspan="1">
release</td>
                        </tr>
                      </table>
                    </td>
                  </tr>
                  <tr>
                    <td colspan="1" rowspan="1">
                      <table border="1">
                        <tr>
                          <td colspan="1" rowspan="1">
status</td>
                          <td colspan="1" rowspan="1">
Complete</td>
                        </tr>
                      </table>
                    </td>
                  </tr>
                  <tr>
                    <td colspan="1" rowspan="1">
                      <table border="1">
                        <tr>
                          <td colspan="1" rowspan="1">
timeInMs</td>
                          <td colspan="1" rowspan="1">
2791</td>
                        </tr>
                      </table>
                    </td>
                  </tr>
                  <tr>
                    <td colspan="1" rowspan="1">
                      <table border="1">
                        <tr>
                          <td colspan="1" rowspan="1">
reqCount</td>
                          <td colspan="1" rowspan="1">
3</td>
                        </tr>
                      </table>
                    </td>
                  </tr>
                  <tr>
                    <td colspan="1" rowspan="1">
                      <table border="1">
                        <tr>
                          <td colspan="1" rowspan="1">
alertCount</td>
                          <td colspan="1" rowspan="1">
0</td>
                        </tr>
                      </table>
                    </td>
                  </tr>
                </table>
              </td>
            </tr>
            <tr>
              <td colspan="1" rowspan="1">
                <h2>Plugin</h2>
                <table border="1">
                  <tr>
                    <td colspan="1" rowspan="1">
                      <table border="1">
                        <tr>
                          <td colspan="1" rowspan="1">
name</td>
                          <td colspan="1" rowspan="1">
Metadatos de la Nube Potencialmente Expuestos</td>
                        </tr>
                      </table>
                    </td>
                  </tr>
                  <tr>
                    <td colspan="1" rowspan="1">
                      <table border="1">
                        <tr>
                          <td colspan="1" rowspan="1">
id</td>
                          <td colspan="1" rowspan="1">
90034</td>
                        </tr>
                      </table>
                    </td>
                  </tr>
                  <tr>
                    <td colspan="1" rowspan="1">
                      <table border="1">
                        <tr>
                          <td colspan="1" rowspan="1">
quality</td>
                          <td colspan="1" rowspan="1">
release</td>
                        </tr>
                      </table>
                    </td>
                  </tr>
                  <tr>
                    <td colspan="1" rowspan="1">
                      <table border="1">
                        <tr>
                          <td colspan="1" rowspan="1">
status</td>
                          <td colspan="1" rowspan="1">
Complete</td>
                        </tr>
                      </table>
                    </td>
                  </tr>
                  <tr>
                    <td colspan="1" rowspan="1">
                      <table border="1">
                        <tr>
                          <td colspan="1" rowspan="1">
timeInMs</td>
                          <td colspan="1" rowspan="1">
928</td>
                        </tr>
                      </table>
                    </td>
                  </tr>
                  <tr>
                    <td colspan="1" rowspan="1">
                      <table border="1">
                        <tr>
                          <td colspan="1" rowspan="1">
reqCount</td>
                          <td colspan="1" rowspan="1">
4</td>
                        </tr>
                      </table>
                    </td>
                  </tr>
                  <tr>
                    <td colspan="1" rowspan="1">
                      <table border="1">
                        <tr>
                          <td colspan="1" rowspan="1">
alertCount</td>
                          <td colspan="1" rowspan="1">
0</td>
                        </tr>
                      </table>
                    </td>
                  </tr>
                </table>
              </td>
            </tr>
            <tr>
              <td colspan="1" rowspan="1">
                <h2>Plugin</h2>
                <table border="1">
                  <tr>
                    <td colspan="1" rowspan="1">
                      <table border="1">
                        <tr>
                          <td colspan="1" rowspan="1">
name</td>
                          <td colspan="1" rowspan="1">
Server Side Template Injection (SSTI) Plantilla de Inyección del Lado del Servidor</td>
                        </tr>
                      </table>
                    </td>
                  </tr>
                  <tr>
                    <td colspan="1" rowspan="1">
                      <table border="1">
                        <tr>
                          <td colspan="1" rowspan="1">
id</td>
                          <td colspan="1" rowspan="1">
90035</td>
                        </tr>
                      </table>
                    </td>
                  </tr>
                  <tr>
                    <td colspan="1" rowspan="1">
                      <table border="1">
                        <tr>
                          <td colspan="1" rowspan="1">
quality</td>
                          <td colspan="1" rowspan="1">
release</td>
                        </tr>
                      </table>
                    </td>
                  </tr>
                  <tr>
                    <td colspan="1" rowspan="1">
                      <table border="1">
                        <tr>
                          <td colspan="1" rowspan="1">
status</td>
                          <td colspan="1" rowspan="1">
Complete</td>
                        </tr>
                      </table>
                    </td>
                  </tr>
                  <tr>
                    <td colspan="1" rowspan="1">
                      <table border="1">
                        <tr>
                          <td colspan="1" rowspan="1">
timeInMs</td>
                          <td colspan="1" rowspan="1">
36946</td>
                        </tr>
                      </table>
                    </td>
                  </tr>
                  <tr>
                    <td colspan="1" rowspan="1">
                      <table border="1">
                        <tr>
                          <td colspan="1" rowspan="1">
reqCount</td>
                          <td colspan="1" rowspan="1">
252</td>
                        </tr>
                      </table>
                    </td>
                  </tr>
                  <tr>
                    <td colspan="1" rowspan="1">
                      <table border="1">
                        <tr>
                          <td colspan="1" rowspan="1">
alertCount</td>
                          <td colspan="1" rowspan="1">
0</td>
                        </tr>
                      </table>
                    </td>
                  </tr>
                </table>
              </td>
            </tr>
            <tr>
              <td colspan="1" rowspan="1">
                <h2>Plugin</h2>
                <table border="1">
                  <tr>
                    <td colspan="1" rowspan="1">
                      <table border="1">
                        <tr>
                          <td colspan="1" rowspan="1">
name</td>
                          <td colspan="1" rowspan="1">
Server Side Template Injection (Blind-Ciego)</td>
                        </tr>
                      </table>
                    </td>
                  </tr>
                  <tr>
                    <td colspan="1" rowspan="1">
                      <table border="1">
                        <tr>
                          <td colspan="1" rowspan="1">
id</td>
                          <td colspan="1" rowspan="1">
90036</td>
                        </tr>
                      </table>
                    </td>
                  </tr>
                  <tr>
                    <td colspan="1" rowspan="1">
                      <table border="1">
                        <tr>
                          <td colspan="1" rowspan="1">
quality</td>
                          <td colspan="1" rowspan="1">
release</td>
                        </tr>
                      </table>
                    </td>
                  </tr>
                  <tr>
                    <td colspan="1" rowspan="1">
                      <table border="1">
                        <tr>
                          <td colspan="1" rowspan="1">
status</td>
                          <td colspan="1" rowspan="1">
Complete</td>
                        </tr>
                      </table>
                    </td>
                  </tr>
                  <tr>
                    <td colspan="1" rowspan="1">
                      <table border="1">
                        <tr>
                          <td colspan="1" rowspan="1">
timeInMs</td>
                          <td colspan="1" rowspan="1">
34948</td>
                        </tr>
                      </table>
                    </td>
                  </tr>
                  <tr>
                    <td colspan="1" rowspan="1">
                      <table border="1">
                        <tr>
                          <td colspan="1" rowspan="1">
reqCount</td>
                          <td colspan="1" rowspan="1">
216</td>
                        </tr>
                      </table>
                    </td>
                  </tr>
                  <tr>
                    <td colspan="1" rowspan="1">
                      <table border="1">
                        <tr>
                          <td colspan="1" rowspan="1">
alertCount</td>
                          <td colspan="1" rowspan="1">
0</td>
                        </tr>
                      </table>
                    </td>
                  </tr>
                </table>
              </td>
            </tr>
            <tr>
              <td colspan="1" rowspan="1">
                <h2>Plugin</h2>
                <table border="1">
                  <tr>
                    <td colspan="1" rowspan="1">
                      <table border="1">
                        <tr>
                          <td colspan="1" rowspan="1">
name</td>
                          <td colspan="1" rowspan="1">
Directory Browsing (Exploración de directorios)</td>
                        </tr>
                      </table>
                    </td>
                  </tr>
                  <tr>
                    <td colspan="1" rowspan="1">
                      <table border="1">
                        <tr>
                          <td colspan="1" rowspan="1">
id</td>
                          <td colspan="1" rowspan="1">
0</td>
                        </tr>
                      </table>
                    </td>
                  </tr>
                  <tr>
                    <td colspan="1" rowspan="1">
                      <table border="1">
                        <tr>
                          <td colspan="1" rowspan="1">
quality</td>
                          <td colspan="1" rowspan="1">
release</td>
                        </tr>
                      </table>
                    </td>
                  </tr>
                  <tr>
                    <td colspan="1" rowspan="1">
                      <table border="1">
                        <tr>
                          <td colspan="1" rowspan="1">
status</td>
                          <td colspan="1" rowspan="1">
Complete</td>
                        </tr>
                      </table>
                    </td>
                  </tr>
                  <tr>
                    <td colspan="1" rowspan="1">
                      <table border="1">
                        <tr>
                          <td colspan="1" rowspan="1">
timeInMs</td>
                          <td colspan="1" rowspan="1">
4178</td>
                        </tr>
                      </table>
                    </td>
                  </tr>
                  <tr>
                    <td colspan="1" rowspan="1">
                      <table border="1">
                        <tr>
                          <td colspan="1" rowspan="1">
reqCount</td>
                          <td colspan="1" rowspan="1">
100</td>
                        </tr>
                      </table>
                    </td>
                  </tr>
                  <tr>
                    <td colspan="1" rowspan="1">
                      <table border="1">
                        <tr>
                          <td colspan="1" rowspan="1">
alertCount</td>
                          <td colspan="1" rowspan="1">
0</td>
                        </tr>
                      </table>
                    </td>
                  </tr>
                </table>
              </td>
            </tr>
            <tr>
              <td colspan="1" rowspan="1">
                <h2>Plugin</h2>
                <table border="1">
                  <tr>
                    <td colspan="1" rowspan="1">
                      <table border="1">
                        <tr>
                          <td colspan="1" rowspan="1">
name</td>
                          <td colspan="1" rowspan="1">
Buffer Overflow</td>
                        </tr>
                      </table>
                    </td>
                  </tr>
                  <tr>
                    <td colspan="1" rowspan="1">
                      <table border="1">
                        <tr>
                          <td colspan="1" rowspan="1">
id</td>
                          <td colspan="1" rowspan="1">
30001</td>
                        </tr>
                      </table>
                    </td>
                  </tr>
                  <tr>
                    <td colspan="1" rowspan="1">
                      <table border="1">
                        <tr>
                          <td colspan="1" rowspan="1">
quality</td>
                          <td colspan="1" rowspan="1">
release</td>
                        </tr>
                      </table>
                    </td>
                  </tr>
                  <tr>
                    <td colspan="1" rowspan="1">
                      <table border="1">
                        <tr>
                          <td colspan="1" rowspan="1">
status</td>
                          <td colspan="1" rowspan="1">
Complete</td>
                        </tr>
                      </table>
                    </td>
                  </tr>
                  <tr>
                    <td colspan="1" rowspan="1">
                      <table border="1">
                        <tr>
                          <td colspan="1" rowspan="1">
timeInMs</td>
                          <td colspan="1" rowspan="1">
4751</td>
                        </tr>
                      </table>
                    </td>
                  </tr>
                  <tr>
                    <td colspan="1" rowspan="1">
                      <table border="1">
                        <tr>
                          <td colspan="1" rowspan="1">
reqCount</td>
                          <td colspan="1" rowspan="1">
18</td>
                        </tr>
                      </table>
                    </td>
                  </tr>
                  <tr>
                    <td colspan="1" rowspan="1">
                      <table border="1">
                        <tr>
                          <td colspan="1" rowspan="1">
alertCount</td>
                          <td colspan="1" rowspan="1">
0</td>
                        </tr>
                      </table>
                    </td>
                  </tr>
                </table>
              </td>
            </tr>
            <tr>
              <td colspan="1" rowspan="1">
                <h2>Plugin</h2>
                <table border="1">
                  <tr>
                    <td colspan="1" rowspan="1">
                      <table border="1">
                        <tr>
                          <td colspan="1" rowspan="1">
name</td>
                          <td colspan="1" rowspan="1">
Format String Error (Error de formato de cadena)</td>
                        </tr>
                      </table>
                    </td>
                  </tr>
                  <tr>
                    <td colspan="1" rowspan="1">
                      <table border="1">
                        <tr>
                          <td colspan="1" rowspan="1">
id</td>
                          <td colspan="1" rowspan="1">
30002</td>
                        </tr>
                      </table>
                    </td>
                  </tr>
                  <tr>
                    <td colspan="1" rowspan="1">
                      <table border="1">
                        <tr>
                          <td colspan="1" rowspan="1">
quality</td>
                          <td colspan="1" rowspan="1">
release</td>
                        </tr>
                      </table>
                    </td>
                  </tr>
                  <tr>
                    <td colspan="1" rowspan="1">
                      <table border="1">
                        <tr>
                          <td colspan="1" rowspan="1">
status</td>
                          <td colspan="1" rowspan="1">
Complete</td>
                        </tr>
                      </table>
                    </td>
                  </tr>
                  <tr>
                    <td colspan="1" rowspan="1">
                      <table border="1">
                        <tr>
                          <td colspan="1" rowspan="1">
timeInMs</td>
                          <td colspan="1" rowspan="1">
13845</td>
                        </tr>
                      </table>
                    </td>
                  </tr>
                  <tr>
                    <td colspan="1" rowspan="1">
                      <table border="1">
                        <tr>
                          <td colspan="1" rowspan="1">
reqCount</td>
                          <td colspan="1" rowspan="1">
52</td>
                        </tr>
                      </table>
                    </td>
                  </tr>
                  <tr>
                    <td colspan="1" rowspan="1">
                      <table border="1">
                        <tr>
                          <td colspan="1" rowspan="1">
alertCount</td>
                          <td colspan="1" rowspan="1">
0</td>
                        </tr>
                      </table>
                    </td>
                  </tr>
                </table>
              </td>
            </tr>
            <tr>
              <td colspan="1" rowspan="1">
                <h2>Plugin</h2>
                <table border="1">
                  <tr>
                    <td colspan="1" rowspan="1">
                      <table border="1">
                        <tr>
                          <td colspan="1" rowspan="1">
name</td>
                          <td colspan="1" rowspan="1">
Inyección CRLF</td>
                        </tr>
                      </table>
                    </td>
                  </tr>
                  <tr>
                    <td colspan="1" rowspan="1">
                      <table border="1">
                        <tr>
                          <td colspan="1" rowspan="1">
id</td>
                          <td colspan="1" rowspan="1">
40003</td>
                        </tr>
                      </table>
                    </td>
                  </tr>
                  <tr>
                    <td colspan="1" rowspan="1">
                      <table border="1">
                        <tr>
                          <td colspan="1" rowspan="1">
quality</td>
                          <td colspan="1" rowspan="1">
release</td>
                        </tr>
                      </table>
                    </td>
                  </tr>
                  <tr>
                    <td colspan="1" rowspan="1">
                      <table border="1">
                        <tr>
                          <td colspan="1" rowspan="1">
status</td>
                          <td colspan="1" rowspan="1">
Complete</td>
                        </tr>
                      </table>
                    </td>
                  </tr>
                  <tr>
                    <td colspan="1" rowspan="1">
                      <table border="1">
                        <tr>
                          <td colspan="1" rowspan="1">
timeInMs</td>
                          <td colspan="1" rowspan="1">
15696</td>
                        </tr>
                      </table>
                    </td>
                  </tr>
                  <tr>
                    <td colspan="1" rowspan="1">
                      <table border="1">
                        <tr>
                          <td colspan="1" rowspan="1">
reqCount</td>
                          <td colspan="1" rowspan="1">
126</td>
                        </tr>
                      </table>
                    </td>
                  </tr>
                  <tr>
                    <td colspan="1" rowspan="1">
                      <table border="1">
                        <tr>
                          <td colspan="1" rowspan="1">
alertCount</td>
                          <td colspan="1" rowspan="1">
0</td>
                        </tr>
                      </table>
                    </td>
                  </tr>
                </table>
              </td>
            </tr>
            <tr>
              <td colspan="1" rowspan="1">
                <h2>Plugin</h2>
                <table border="1">
                  <tr>
                    <td colspan="1" rowspan="1">
                      <table border="1">
                        <tr>
                          <td colspan="1" rowspan="1">
name</td>
                          <td colspan="1" rowspan="1">
Parameter Tampering (Manipulación de Parámetros)</td>
                        </tr>
                      </table>
                    </td>
                  </tr>
                  <tr>
                    <td colspan="1" rowspan="1">
                      <table border="1">
                        <tr>
                          <td colspan="1" rowspan="1">
id</td>
                          <td colspan="1" rowspan="1">
40008</td>
                        </tr>
                      </table>
                    </td>
                  </tr>
                  <tr>
                    <td colspan="1" rowspan="1">
                      <table border="1">
                        <tr>
                          <td colspan="1" rowspan="1">
quality</td>
                          <td colspan="1" rowspan="1">
release</td>
                        </tr>
                      </table>
                    </td>
                  </tr>
                  <tr>
                    <td colspan="1" rowspan="1">
                      <table border="1">
                        <tr>
                          <td colspan="1" rowspan="1">
status</td>
                          <td colspan="1" rowspan="1">
Complete</td>
                        </tr>
                      </table>
                    </td>
                  </tr>
                  <tr>
                    <td colspan="1" rowspan="1">
                      <table border="1">
                        <tr>
                          <td colspan="1" rowspan="1">
timeInMs</td>
                          <td colspan="1" rowspan="1">
31211</td>
                        </tr>
                      </table>
                    </td>
                  </tr>
                  <tr>
                    <td colspan="1" rowspan="1">
                      <table border="1">
                        <tr>
                          <td colspan="1" rowspan="1">
reqCount</td>
                          <td colspan="1" rowspan="1">
126</td>
                        </tr>
                      </table>
                    </td>
                  </tr>
                  <tr>
                    <td colspan="1" rowspan="1">
                      <table border="1">
                        <tr>
                          <td colspan="1" rowspan="1">
alertCount</td>
                          <td colspan="1" rowspan="1">
0</td>
                        </tr>
                      </table>
                    </td>
                  </tr>
                </table>
              </td>
            </tr>
            <tr>
              <td colspan="1" rowspan="1">
                <h2>Plugin</h2>
                <table border="1">
                  <tr>
                    <td colspan="1" rowspan="1">
                      <table border="1">
                        <tr>
                          <td colspan="1" rowspan="1">
name</td>
                          <td colspan="1" rowspan="1">
ELMAH Information Leak (Fuga de información ELMAH)</td>
                        </tr>
                      </table>
                    </td>
                  </tr>
                  <tr>
                    <td colspan="1" rowspan="1">
                      <table border="1">
                        <tr>
                          <td colspan="1" rowspan="1">
id</td>
                          <td colspan="1" rowspan="1">
40028</td>
                        </tr>
                      </table>
                    </td>
                  </tr>
                  <tr>
                    <td colspan="1" rowspan="1">
                      <table border="1">
                        <tr>
                          <td colspan="1" rowspan="1">
quality</td>
                          <td colspan="1" rowspan="1">
release</td>
                        </tr>
                      </table>
                    </td>
                  </tr>
                  <tr>
                    <td colspan="1" rowspan="1">
                      <table border="1">
                        <tr>
                          <td colspan="1" rowspan="1">
status</td>
                          <td colspan="1" rowspan="1">
Complete</td>
                        </tr>
                      </table>
                    </td>
                  </tr>
                  <tr>
                    <td colspan="1" rowspan="1">
                      <table border="1">
                        <tr>
                          <td colspan="1" rowspan="1">
timeInMs</td>
                          <td colspan="1" rowspan="1">
179</td>
                        </tr>
                      </table>
                    </td>
                  </tr>
                  <tr>
                    <td colspan="1" rowspan="1">
                      <table border="1">
                        <tr>
                          <td colspan="1" rowspan="1">
reqCount</td>
                          <td colspan="1" rowspan="1">
1</td>
                        </tr>
                      </table>
                    </td>
                  </tr>
                  <tr>
                    <td colspan="1" rowspan="1">
                      <table border="1">
                        <tr>
                          <td colspan="1" rowspan="1">
alertCount</td>
                          <td colspan="1" rowspan="1">
0</td>
                        </tr>
                      </table>
                    </td>
                  </tr>
                </table>
              </td>
            </tr>
            <tr>
              <td colspan="1" rowspan="1">
                <h2>Plugin</h2>
                <table border="1">
                  <tr>
                    <td colspan="1" rowspan="1">
                      <table border="1">
                        <tr>
                          <td colspan="1" rowspan="1">
name</td>
                          <td colspan="1" rowspan="1">
Filtrado de información en Trace.axd</td>
                        </tr>
                      </table>
                    </td>
                  </tr>
                  <tr>
                    <td colspan="1" rowspan="1">
                      <table border="1">
                        <tr>
                          <td colspan="1" rowspan="1">
id</td>
                          <td colspan="1" rowspan="1">
40029</td>
                        </tr>
                      </table>
                    </td>
                  </tr>
                  <tr>
                    <td colspan="1" rowspan="1">
                      <table border="1">
                        <tr>
                          <td colspan="1" rowspan="1">
quality</td>
                          <td colspan="1" rowspan="1">
release</td>
                        </tr>
                      </table>
                    </td>
                  </tr>
                  <tr>
                    <td colspan="1" rowspan="1">
                      <table border="1">
                        <tr>
                          <td colspan="1" rowspan="1">
status</td>
                          <td colspan="1" rowspan="1">
Complete</td>
                        </tr>
                      </table>
                    </td>
                  </tr>
                  <tr>
                    <td colspan="1" rowspan="1">
                      <table border="1">
                        <tr>
                          <td colspan="1" rowspan="1">
timeInMs</td>
                          <td colspan="1" rowspan="1">
3250</td>
                        </tr>
                      </table>
                    </td>
                  </tr>
                  <tr>
                    <td colspan="1" rowspan="1">
                      <table border="1">
                        <tr>
                          <td colspan="1" rowspan="1">
reqCount</td>
                          <td colspan="1" rowspan="1">
14</td>
                        </tr>
                      </table>
                    </td>
                  </tr>
                  <tr>
                    <td colspan="1" rowspan="1">
                      <table border="1">
                        <tr>
                          <td colspan="1" rowspan="1">
alertCount</td>
                          <td colspan="1" rowspan="1">
0</td>
                        </tr>
                      </table>
                    </td>
                  </tr>
                </table>
              </td>
            </tr>
            <tr>
              <td colspan="1" rowspan="1">
                <h2>Plugin</h2>
                <table border="1">
                  <tr>
                    <td colspan="1" rowspan="1">
                      <table border="1">
                        <tr>
                          <td colspan="1" rowspan="1">
name</td>
                          <td colspan="1" rowspan="1">
Filtrado de información en .htaccess</td>
                        </tr>
                      </table>
                    </td>
                  </tr>
                  <tr>
                    <td colspan="1" rowspan="1">
                      <table border="1">
                        <tr>
                          <td colspan="1" rowspan="1">
id</td>
                          <td colspan="1" rowspan="1">
40032</td>
                        </tr>
                      </table>
                    </td>
                  </tr>
                  <tr>
                    <td colspan="1" rowspan="1">
                      <table border="1">
                        <tr>
                          <td colspan="1" rowspan="1">
quality</td>
                          <td colspan="1" rowspan="1">
release</td>
                        </tr>
                      </table>
                    </td>
                  </tr>
                  <tr>
                    <td colspan="1" rowspan="1">
                      <table border="1">
                        <tr>
                          <td colspan="1" rowspan="1">
status</td>
                          <td colspan="1" rowspan="1">
Complete</td>
                        </tr>
                      </table>
                    </td>
                  </tr>
                  <tr>
                    <td colspan="1" rowspan="1">
                      <table border="1">
                        <tr>
                          <td colspan="1" rowspan="1">
timeInMs</td>
                          <td colspan="1" rowspan="1">
3616</td>
                        </tr>
                      </table>
                    </td>
                  </tr>
                  <tr>
                    <td colspan="1" rowspan="1">
                      <table border="1">
                        <tr>
                          <td colspan="1" rowspan="1">
reqCount</td>
                          <td colspan="1" rowspan="1">
14</td>
                        </tr>
                      </table>
                    </td>
                  </tr>
                  <tr>
                    <td colspan="1" rowspan="1">
                      <table border="1">
                        <tr>
                          <td colspan="1" rowspan="1">
alertCount</td>
                          <td colspan="1" rowspan="1">
0</td>
                        </tr>
                      </table>
                    </td>
                  </tr>
                </table>
              </td>
            </tr>
            <tr>
              <td colspan="1" rowspan="1">
                <h2>Plugin</h2>
                <table border="1">
                  <tr>
                    <td colspan="1" rowspan="1">
                      <table border="1">
                        <tr>
                          <td colspan="1" rowspan="1">
name</td>
                          <td colspan="1" rowspan="1">
Fuga de información .env</td>
                        </tr>
                      </table>
                    </td>
                  </tr>
                  <tr>
                    <td colspan="1" rowspan="1">
                      <table border="1">
                        <tr>
                          <td colspan="1" rowspan="1">
id</td>
                          <td colspan="1" rowspan="1">
40034</td>
                        </tr>
                      </table>
                    </td>
                  </tr>
                  <tr>
                    <td colspan="1" rowspan="1">
                      <table border="1">
                        <tr>
                          <td colspan="1" rowspan="1">
quality</td>
                          <td colspan="1" rowspan="1">
release</td>
                        </tr>
                      </table>
                    </td>
                  </tr>
                  <tr>
                    <td colspan="1" rowspan="1">
                      <table border="1">
                        <tr>
                          <td colspan="1" rowspan="1">
status</td>
                          <td colspan="1" rowspan="1">
Complete</td>
                        </tr>
                      </table>
                    </td>
                  </tr>
                  <tr>
                    <td colspan="1" rowspan="1">
                      <table border="1">
                        <tr>
                          <td colspan="1" rowspan="1">
timeInMs</td>
                          <td colspan="1" rowspan="1">
3192</td>
                        </tr>
                      </table>
                    </td>
                  </tr>
                  <tr>
                    <td colspan="1" rowspan="1">
                      <table border="1">
                        <tr>
                          <td colspan="1" rowspan="1">
reqCount</td>
                          <td colspan="1" rowspan="1">
14</td>
                        </tr>
                      </table>
                    </td>
                  </tr>
                  <tr>
                    <td colspan="1" rowspan="1">
                      <table border="1">
                        <tr>
                          <td colspan="1" rowspan="1">
alertCount</td>
                          <td colspan="1" rowspan="1">
0</td>
                        </tr>
                      </table>
                    </td>
                  </tr>
                </table>
              </td>
            </tr>
            <tr>
              <td colspan="1" rowspan="1">
                <h2>Plugin</h2>
                <table border="1">
                  <tr>
                    <td colspan="1" rowspan="1">
                      <table border="1">
                        <tr>
                          <td colspan="1" rowspan="1">
name</td>
                          <td colspan="1" rowspan="1">
Fuga de información de Spring Actuator</td>
                        </tr>
                      </table>
                    </td>
                  </tr>
                  <tr>
                    <td colspan="1" rowspan="1">
                      <table border="1">
                        <tr>
                          <td colspan="1" rowspan="1">
id</td>
                          <td colspan="1" rowspan="1">
40042</td>
                        </tr>
                      </table>
                    </td>
                  </tr>
                  <tr>
                    <td colspan="1" rowspan="1">
                      <table border="1">
                        <tr>
                          <td colspan="1" rowspan="1">
quality</td>
                          <td colspan="1" rowspan="1">
release</td>
                        </tr>
                      </table>
                    </td>
                  </tr>
                  <tr>
                    <td colspan="1" rowspan="1">
                      <table border="1">
                        <tr>
                          <td colspan="1" rowspan="1">
status</td>
                          <td colspan="1" rowspan="1">
Complete</td>
                        </tr>
                      </table>
                    </td>
                  </tr>
                  <tr>
                    <td colspan="1" rowspan="1">
                      <table border="1">
                        <tr>
                          <td colspan="1" rowspan="1">
timeInMs</td>
                          <td colspan="1" rowspan="1">
400</td>
                        </tr>
                      </table>
                    </td>
                  </tr>
                  <tr>
                    <td colspan="1" rowspan="1">
                      <table border="1">
                        <tr>
                          <td colspan="1" rowspan="1">
reqCount</td>
                          <td colspan="1" rowspan="1">
2</td>
                        </tr>
                      </table>
                    </td>
                  </tr>
                  <tr>
                    <td colspan="1" rowspan="1">
                      <table border="1">
                        <tr>
                          <td colspan="1" rowspan="1">
alertCount</td>
                          <td colspan="1" rowspan="1">
0</td>
                        </tr>
                      </table>
                    </td>
                  </tr>
                </table>
              </td>
            </tr>
            <tr>
              <td colspan="1" rowspan="1">
                <h2>Plugin</h2>
                <table border="1">
                  <tr>
                    <td colspan="1" rowspan="1">
                      <table border="1">
                        <tr>
                          <td colspan="1" rowspan="1">
name</td>
                          <td colspan="1" rowspan="1">
Hidden File Finder (Buscador de Archivos Ocultos)</td>
                        </tr>
                      </table>
                    </td>
                  </tr>
                  <tr>
                    <td colspan="1" rowspan="1">
                      <table border="1">
                        <tr>
                          <td colspan="1" rowspan="1">
id</td>
                          <td colspan="1" rowspan="1">
40035</td>
                        </tr>
                      </table>
                    </td>
                  </tr>
                  <tr>
                    <td colspan="1" rowspan="1">
                      <table border="1">
                        <tr>
                          <td colspan="1" rowspan="1">
quality</td>
                          <td colspan="1" rowspan="1">
release</td>
                        </tr>
                      </table>
                    </td>
                  </tr>
                  <tr>
                    <td colspan="1" rowspan="1">
                      <table border="1">
                        <tr>
                          <td colspan="1" rowspan="1">
status</td>
                          <td colspan="1" rowspan="1">
Complete</td>
                        </tr>
                      </table>
                    </td>
                  </tr>
                  <tr>
                    <td colspan="1" rowspan="1">
                      <table border="1">
                        <tr>
                          <td colspan="1" rowspan="1">
timeInMs</td>
                          <td colspan="1" rowspan="1">
9934</td>
                        </tr>
                      </table>
                    </td>
                  </tr>
                  <tr>
                    <td colspan="1" rowspan="1">
                      <table border="1">
                        <tr>
                          <td colspan="1" rowspan="1">
reqCount</td>
                          <td colspan="1" rowspan="1">
50</td>
                        </tr>
                      </table>
                    </td>
                  </tr>
                  <tr>
                    <td colspan="1" rowspan="1">
                      <table border="1">
                        <tr>
                          <td colspan="1" rowspan="1">
alertCount</td>
                          <td colspan="1" rowspan="1">
0</td>
                        </tr>
                      </table>
                    </td>
                  </tr>
                </table>
              </td>
            </tr>
            <tr>
              <td colspan="1" rowspan="1">
                <h2>Plugin</h2>
                <table border="1">
                  <tr>
                    <td colspan="1" rowspan="1">
                      <table border="1">
                        <tr>
                          <td colspan="1" rowspan="1">
name</td>
                          <td colspan="1" rowspan="1">
Inyección XSLT</td>
                        </tr>
                      </table>
                    </td>
                  </tr>
                  <tr>
                    <td colspan="1" rowspan="1">
                      <table border="1">
                        <tr>
                          <td colspan="1" rowspan="1">
id</td>
                          <td colspan="1" rowspan="1">
90017</td>
                        </tr>
                      </table>
                    </td>
                  </tr>
                  <tr>
                    <td colspan="1" rowspan="1">
                      <table border="1">
                        <tr>
                          <td colspan="1" rowspan="1">
quality</td>
                          <td colspan="1" rowspan="1">
release</td>
                        </tr>
                      </table>
                    </td>
                  </tr>
                  <tr>
                    <td colspan="1" rowspan="1">
                      <table border="1">
                        <tr>
                          <td colspan="1" rowspan="1">
status</td>
                          <td colspan="1" rowspan="1">
Complete</td>
                        </tr>
                      </table>
                    </td>
                  </tr>
                  <tr>
                    <td colspan="1" rowspan="1">
                      <table border="1">
                        <tr>
                          <td colspan="1" rowspan="1">
timeInMs</td>
                          <td colspan="1" rowspan="1">
9929</td>
                        </tr>
                      </table>
                    </td>
                  </tr>
                  <tr>
                    <td colspan="1" rowspan="1">
                      <table border="1">
                        <tr>
                          <td colspan="1" rowspan="1">
reqCount</td>
                          <td colspan="1" rowspan="1">
64</td>
                        </tr>
                      </table>
                    </td>
                  </tr>
                  <tr>
                    <td colspan="1" rowspan="1">
                      <table border="1">
                        <tr>
                          <td colspan="1" rowspan="1">
alertCount</td>
                          <td colspan="1" rowspan="1">
0</td>
                        </tr>
                      </table>
                    </td>
                  </tr>
                </table>
              </td>
            </tr>
            <tr>
              <td colspan="1" rowspan="1">
                <h2>Plugin</h2>
                <table border="1">
                  <tr>
                    <td colspan="1" rowspan="1">
                      <table border="1">
                        <tr>
                          <td colspan="1" rowspan="1">
name</td>
                          <td colspan="1" rowspan="1">
GET para POST</td>
                        </tr>
                      </table>
                    </td>
                  </tr>
                  <tr>
                    <td colspan="1" rowspan="1">
                      <table border="1">
                        <tr>
                          <td colspan="1" rowspan="1">
id</td>
                          <td colspan="1" rowspan="1">
10058</td>
                        </tr>
                      </table>
                    </td>
                  </tr>
                  <tr>
                    <td colspan="1" rowspan="1">
                      <table border="1">
                        <tr>
                          <td colspan="1" rowspan="1">
quality</td>
                          <td colspan="1" rowspan="1">
release</td>
                        </tr>
                      </table>
                    </td>
                  </tr>
                  <tr>
                    <td colspan="1" rowspan="1">
                      <table border="1">
                        <tr>
                          <td colspan="1" rowspan="1">
status</td>
                          <td colspan="1" rowspan="1">
Complete</td>
                        </tr>
                      </table>
                    </td>
                  </tr>
                  <tr>
                    <td colspan="1" rowspan="1">
                      <table border="1">
                        <tr>
                          <td colspan="1" rowspan="1">
timeInMs</td>
                          <td colspan="1" rowspan="1">
3299</td>
                        </tr>
                      </table>
                    </td>
                  </tr>
                  <tr>
                    <td colspan="1" rowspan="1">
                      <table border="1">
                        <tr>
                          <td colspan="1" rowspan="1">
reqCount</td>
                          <td colspan="1" rowspan="1">
1</td>
                        </tr>
                      </table>
                    </td>
                  </tr>
                  <tr>
                    <td colspan="1" rowspan="1">
                      <table border="1">
                        <tr>
                          <td colspan="1" rowspan="1">
alertCount</td>
                          <td colspan="1" rowspan="1">
0</td>
                        </tr>
                      </table>
                    </td>
                  </tr>
                </table>
              </td>
            </tr>
            <tr>
              <td colspan="1" rowspan="1">
                <h2>Plugin</h2>
                <table border="1">
                  <tr>
                    <td colspan="1" rowspan="1">
                      <table border="1">
                        <tr>
                          <td colspan="1" rowspan="1">
name</td>
                          <td colspan="1" rowspan="1">
User Agent Fuzzer</td>
                        </tr>
                      </table>
                    </td>
                  </tr>
                  <tr>
                    <td colspan="1" rowspan="1">
                      <table border="1">
                        <tr>
                          <td colspan="1" rowspan="1">
id</td>
                          <td colspan="1" rowspan="1">
10104</td>
                        </tr>
                      </table>
                    </td>
                  </tr>
                  <tr>
                    <td colspan="1" rowspan="1">
                      <table border="1">
                        <tr>
                          <td colspan="1" rowspan="1">
quality</td>
                          <td colspan="1" rowspan="1">
release</td>
                        </tr>
                      </table>
                    </td>
                  </tr>
                  <tr>
                    <td colspan="1" rowspan="1">
                      <table border="1">
                        <tr>
                          <td colspan="1" rowspan="1">
status</td>
                          <td colspan="1" rowspan="1">
Complete</td>
                        </tr>
                      </table>
                    </td>
                  </tr>
                  <tr>
                    <td colspan="1" rowspan="1">
                      <table border="1">
                        <tr>
                          <td colspan="1" rowspan="1">
timeInMs</td>
                          <td colspan="1" rowspan="1">
21557</td>
                        </tr>
                      </table>
                    </td>
                  </tr>
                  <tr>
                    <td colspan="1" rowspan="1">
                      <table border="1">
                        <tr>
                          <td colspan="1" rowspan="1">
reqCount</td>
                          <td colspan="1" rowspan="1">
1200</td>
                        </tr>
                      </table>
                    </td>
                  </tr>
                  <tr>
                    <td colspan="1" rowspan="1">
                      <table border="1">
                        <tr>
                          <td colspan="1" rowspan="1">
alertCount</td>
                          <td colspan="1" rowspan="1">
25</td>
                        </tr>
                      </table>
                    </td>
                  </tr>
                </table>
              </td>
            </tr>
            <tr>
              <td colspan="1" rowspan="1">
                <h2>Plugin</h2>
                <table border="1">
                  <tr>
                    <td colspan="1" rowspan="1">
                      <table border="1">
                        <tr>
                          <td colspan="1" rowspan="1">
name</td>
                          <td colspan="1" rowspan="1">
Reglas de Script Activas para el Escaneo</td>
                        </tr>
                      </table>
                    </td>
                  </tr>
                  <tr>
                    <td colspan="1" rowspan="1">
                      <table border="1">
                        <tr>
                          <td colspan="1" rowspan="1">
id</td>
                          <td colspan="1" rowspan="1">
50000</td>
                        </tr>
                      </table>
                    </td>
                  </tr>
                  <tr>
                    <td colspan="1" rowspan="1">
                      <table border="1">
                        <tr>
                          <td colspan="1" rowspan="1">
quality</td>
                          <td colspan="1" rowspan="1">
release</td>
                        </tr>
                      </table>
                    </td>
                  </tr>
                  <tr>
                    <td colspan="1" rowspan="1">
                      <table border="1">
                        <tr>
                          <td colspan="1" rowspan="1">
status</td>
                          <td colspan="1" rowspan="1">
Evitado, no hay scripts habilitados.</td>
                        </tr>
                      </table>
                    </td>
                  </tr>
                  <tr>
                    <td colspan="1" rowspan="1">
                      <table border="1">
                        <tr>
                          <td colspan="1" rowspan="1">
timeInMs</td>
                          <td colspan="1" rowspan="1">
0</td>
                        </tr>
                      </table>
                    </td>
                  </tr>
                  <tr>
                    <td colspan="1" rowspan="1">
                      <table border="1">
                        <tr>
                          <td colspan="1" rowspan="1">
reqCount</td>
                          <td colspan="1" rowspan="1">
0</td>
                        </tr>
                      </table>
                    </td>
                  </tr>
                  <tr>
                    <td colspan="1" rowspan="1">
                      <table border="1">
                        <tr>
                          <td colspan="1" rowspan="1">
alertCount</td>
                          <td colspan="1" rowspan="1">
0</td>
                        </tr>
                      </table>
                    </td>
                  </tr>
                </table>
              </td>
            </tr>
            <tr>
              <td colspan="1" rowspan="1">
                <h2>Plugin</h2>
                <table border="1">
                  <tr>
                    <td colspan="1" rowspan="1">
                      <table border="1">
                        <tr>
                          <td colspan="1" rowspan="1">
name</td>
                          <td colspan="1" rowspan="1">
Divulgación de Código Fuente - Git</td>
                        </tr>
                      </table>
                    </td>
                  </tr>
                  <tr>
                    <td colspan="1" rowspan="1">
                      <table border="1">
                        <tr>
                          <td colspan="1" rowspan="1">
id</td>
                          <td colspan="1" rowspan="1">
41</td>
                        </tr>
                      </table>
                    </td>
                  </tr>
                  <tr>
                    <td colspan="1" rowspan="1">
                      <table border="1">
                        <tr>
                          <td colspan="1" rowspan="1">
quality</td>
                          <td colspan="1" rowspan="1">
beta</td>
                        </tr>
                      </table>
                    </td>
                  </tr>
                  <tr>
                    <td colspan="1" rowspan="1">
                      <table border="1">
                        <tr>
                          <td colspan="1" rowspan="1">
status</td>
                          <td colspan="1" rowspan="1">
Complete</td>
                        </tr>
                      </table>
                    </td>
                  </tr>
                  <tr>
                    <td colspan="1" rowspan="1">
                      <table border="1">
                        <tr>
                          <td colspan="1" rowspan="1">
timeInMs</td>
                          <td colspan="1" rowspan="1">
3511</td>
                        </tr>
                      </table>
                    </td>
                  </tr>
                  <tr>
                    <td colspan="1" rowspan="1">
                      <table border="1">
                        <tr>
                          <td colspan="1" rowspan="1">
reqCount</td>
                          <td colspan="1" rowspan="1">
0</td>
                        </tr>
                      </table>
                    </td>
                  </tr>
                  <tr>
                    <td colspan="1" rowspan="1">
                      <table border="1">
                        <tr>
                          <td colspan="1" rowspan="1">
alertCount</td>
                          <td colspan="1" rowspan="1">
0</td>
                        </tr>
                      </table>
                    </td>
                  </tr>
                </table>
              </td>
            </tr>
            <tr>
              <td colspan="1" rowspan="1">
                <h2>Plugin</h2>
                <table border="1">
                  <tr>
                    <td colspan="1" rowspan="1">
                      <table border="1">
                        <tr>
                          <td colspan="1" rowspan="1">
name</td>
                          <td colspan="1" rowspan="1">
Divulgación de Código Fuente - Inclusión de archivos</td>
                        </tr>
                      </table>
                    </td>
                  </tr>
                  <tr>
                    <td colspan="1" rowspan="1">
                      <table border="1">
                        <tr>
                          <td colspan="1" rowspan="1">
id</td>
                          <td colspan="1" rowspan="1">
43</td>
                        </tr>
                      </table>
                    </td>
                  </tr>
                  <tr>
                    <td colspan="1" rowspan="1">
                      <table border="1">
                        <tr>
                          <td colspan="1" rowspan="1">
quality</td>
                          <td colspan="1" rowspan="1">
beta</td>
                        </tr>
                      </table>
                    </td>
                  </tr>
                  <tr>
                    <td colspan="1" rowspan="1">
                      <table border="1">
                        <tr>
                          <td colspan="1" rowspan="1">
status</td>
                          <td colspan="1" rowspan="1">
Complete</td>
                        </tr>
                      </table>
                    </td>
                  </tr>
                  <tr>
                    <td colspan="1" rowspan="1">
                      <table border="1">
                        <tr>
                          <td colspan="1" rowspan="1">
timeInMs</td>
                          <td colspan="1" rowspan="1">
5802</td>
                        </tr>
                      </table>
                    </td>
                  </tr>
                  <tr>
                    <td colspan="1" rowspan="1">
                      <table border="1">
                        <tr>
                          <td colspan="1" rowspan="1">
reqCount</td>
                          <td colspan="1" rowspan="1">
26</td>
                        </tr>
                      </table>
                    </td>
                  </tr>
                  <tr>
                    <td colspan="1" rowspan="1">
                      <table border="1">
                        <tr>
                          <td colspan="1" rowspan="1">
alertCount</td>
                          <td colspan="1" rowspan="1">
0</td>
                        </tr>
                      </table>
                    </td>
                  </tr>
                </table>
              </td>
            </tr>
            <tr>
              <td colspan="1" rowspan="1">
                <h2>Plugin</h2>
                <table border="1">
                  <tr>
                    <td colspan="1" rowspan="1">
                      <table border="1">
                        <tr>
                          <td colspan="1" rowspan="1">
name</td>
                          <td colspan="1" rowspan="1">
Ejecución Remota de Código - Shell Shock</td>
                        </tr>
                      </table>
                    </td>
                  </tr>
                  <tr>
                    <td colspan="1" rowspan="1">
                      <table border="1">
                        <tr>
                          <td colspan="1" rowspan="1">
id</td>
                          <td colspan="1" rowspan="1">
10048</td>
                        </tr>
                      </table>
                    </td>
                  </tr>
                  <tr>
                    <td colspan="1" rowspan="1">
                      <table border="1">
                        <tr>
                          <td colspan="1" rowspan="1">
quality</td>
                          <td colspan="1" rowspan="1">
beta</td>
                        </tr>
                      </table>
                    </td>
                  </tr>
                  <tr>
                    <td colspan="1" rowspan="1">
                      <table border="1">
                        <tr>
                          <td colspan="1" rowspan="1">
status</td>
                          <td colspan="1" rowspan="1">
Complete</td>
                        </tr>
                      </table>
                    </td>
                  </tr>
                  <tr>
                    <td colspan="1" rowspan="1">
                      <table border="1">
                        <tr>
                          <td colspan="1" rowspan="1">
timeInMs</td>
                          <td colspan="1" rowspan="1">
5582</td>
                        </tr>
                      </table>
                    </td>
                  </tr>
                  <tr>
                    <td colspan="1" rowspan="1">
                      <table border="1">
                        <tr>
                          <td colspan="1" rowspan="1">
reqCount</td>
                          <td colspan="1" rowspan="1">
36</td>
                        </tr>
                      </table>
                    </td>
                  </tr>
                  <tr>
                    <td colspan="1" rowspan="1">
                      <table border="1">
                        <tr>
                          <td colspan="1" rowspan="1">
alertCount</td>
                          <td colspan="1" rowspan="1">
0</td>
                        </tr>
                      </table>
                    </td>
                  </tr>
                </table>
              </td>
            </tr>
            <tr>
              <td colspan="1" rowspan="1">
                <h2>Plugin</h2>
                <table border="1">
                  <tr>
                    <td colspan="1" rowspan="1">
                      <table border="1">
                        <tr>
                          <td colspan="1" rowspan="1">
name</td>
                          <td colspan="1" rowspan="1">
Httpoxy - Uso indebido de la Cabecera del Proxy</td>
                        </tr>
                      </table>
                    </td>
                  </tr>
                  <tr>
                    <td colspan="1" rowspan="1">
                      <table border="1">
                        <tr>
                          <td colspan="1" rowspan="1">
id</td>
                          <td colspan="1" rowspan="1">
10107</td>
                        </tr>
                      </table>
                    </td>
                  </tr>
                  <tr>
                    <td colspan="1" rowspan="1">
                      <table border="1">
                        <tr>
                          <td colspan="1" rowspan="1">
quality</td>
                          <td colspan="1" rowspan="1">
beta</td>
                        </tr>
                      </table>
                    </td>
                  </tr>
                  <tr>
                    <td colspan="1" rowspan="1">
                      <table border="1">
                        <tr>
                          <td colspan="1" rowspan="1">
status</td>
                          <td colspan="1" rowspan="1">
Complete</td>
                        </tr>
                      </table>
                    </td>
                  </tr>
                  <tr>
                    <td colspan="1" rowspan="1">
                      <table border="1">
                        <tr>
                          <td colspan="1" rowspan="1">
timeInMs</td>
                          <td colspan="1" rowspan="1">
28133</td>
                        </tr>
                      </table>
                    </td>
                  </tr>
                  <tr>
                    <td colspan="1" rowspan="1">
                      <table border="1">
                        <tr>
                          <td colspan="1" rowspan="1">
reqCount</td>
                          <td colspan="1" rowspan="1">
1400</td>
                        </tr>
                      </table>
                    </td>
                  </tr>
                  <tr>
                    <td colspan="1" rowspan="1">
                      <table border="1">
                        <tr>
                          <td colspan="1" rowspan="1">
alertCount</td>
                          <td colspan="1" rowspan="1">
0</td>
                        </tr>
                      </table>
                    </td>
                  </tr>
                </table>
              </td>
            </tr>
            <tr>
              <td colspan="1" rowspan="1">
                <h2>Plugin</h2>
                <table border="1">
                  <tr>
                    <td colspan="1" rowspan="1">
                      <table border="1">
                        <tr>
                          <td colspan="1" rowspan="1">
name</td>
                          <td colspan="1" rowspan="1">
Configuración Incorrecta Cross-Domain</td>
                        </tr>
                      </table>
                    </td>
                  </tr>
                  <tr>
                    <td colspan="1" rowspan="1">
                      <table border="1">
                        <tr>
                          <td colspan="1" rowspan="1">
id</td>
                          <td colspan="1" rowspan="1">
20016</td>
                        </tr>
                      </table>
                    </td>
                  </tr>
                  <tr>
                    <td colspan="1" rowspan="1">
                      <table border="1">
                        <tr>
                          <td colspan="1" rowspan="1">
quality</td>
                          <td colspan="1" rowspan="1">
beta</td>
                        </tr>
                      </table>
                    </td>
                  </tr>
                  <tr>
                    <td colspan="1" rowspan="1">
                      <table border="1">
                        <tr>
                          <td colspan="1" rowspan="1">
status</td>
                          <td colspan="1" rowspan="1">
Complete</td>
                        </tr>
                      </table>
                    </td>
                  </tr>
                  <tr>
                    <td colspan="1" rowspan="1">
                      <table border="1">
                        <tr>
                          <td colspan="1" rowspan="1">
timeInMs</td>
                          <td colspan="1" rowspan="1">
402</td>
                        </tr>
                      </table>
                    </td>
                  </tr>
                  <tr>
                    <td colspan="1" rowspan="1">
                      <table border="1">
                        <tr>
                          <td colspan="1" rowspan="1">
reqCount</td>
                          <td colspan="1" rowspan="1">
2</td>
                        </tr>
                      </table>
                    </td>
                  </tr>
                  <tr>
                    <td colspan="1" rowspan="1">
                      <table border="1">
                        <tr>
                          <td colspan="1" rowspan="1">
alertCount</td>
                          <td colspan="1" rowspan="1">
0</td>
                        </tr>
                      </table>
                    </td>
                  </tr>
                </table>
              </td>
            </tr>
            <tr>
              <td colspan="1" rowspan="1">
                <h2>Plugin</h2>
                <table border="1">
                  <tr>
                    <td colspan="1" rowspan="1">
                      <table border="1">
                        <tr>
                          <td colspan="1" rowspan="1">
name</td>
                          <td colspan="1" rowspan="1">
Fijación de Sesión</td>
                        </tr>
                      </table>
                    </td>
                  </tr>
                  <tr>
                    <td colspan="1" rowspan="1">
                      <table border="1">
                        <tr>
                          <td colspan="1" rowspan="1">
id</td>
                          <td colspan="1" rowspan="1">
40013</td>
                        </tr>
                      </table>
                    </td>
                  </tr>
                  <tr>
                    <td colspan="1" rowspan="1">
                      <table border="1">
                        <tr>
                          <td colspan="1" rowspan="1">
quality</td>
                          <td colspan="1" rowspan="1">
beta</td>
                        </tr>
                      </table>
                    </td>
                  </tr>
                  <tr>
                    <td colspan="1" rowspan="1">
                      <table border="1">
                        <tr>
                          <td colspan="1" rowspan="1">
status</td>
                          <td colspan="1" rowspan="1">
Complete</td>
                        </tr>
                      </table>
                    </td>
                  </tr>
                  <tr>
                    <td colspan="1" rowspan="1">
                      <table border="1">
                        <tr>
                          <td colspan="1" rowspan="1">
timeInMs</td>
                          <td colspan="1" rowspan="1">
2845</td>
                        </tr>
                      </table>
                    </td>
                  </tr>
                  <tr>
                    <td colspan="1" rowspan="1">
                      <table border="1">
                        <tr>
                          <td colspan="1" rowspan="1">
reqCount</td>
                          <td colspan="1" rowspan="1">
0</td>
                        </tr>
                      </table>
                    </td>
                  </tr>
                  <tr>
                    <td colspan="1" rowspan="1">
                      <table border="1">
                        <tr>
                          <td colspan="1" rowspan="1">
alertCount</td>
                          <td colspan="1" rowspan="1">
0</td>
                        </tr>
                      </table>
                    </td>
                  </tr>
                </table>
              </td>
            </tr>
            <tr>
              <td colspan="1" rowspan="1">
                <h2>Plugin</h2>
                <table border="1">
                  <tr>
                    <td colspan="1" rowspan="1">
                      <table border="1">
                        <tr>
                          <td colspan="1" rowspan="1">
name</td>
                          <td colspan="1" rowspan="1">
Fuera de Banda XSS</td>
                        </tr>
                      </table>
                    </td>
                  </tr>
                  <tr>
                    <td colspan="1" rowspan="1">
                      <table border="1">
                        <tr>
                          <td colspan="1" rowspan="1">
id</td>
                          <td colspan="1" rowspan="1">
40031</td>
                        </tr>
                      </table>
                    </td>
                  </tr>
                  <tr>
                    <td colspan="1" rowspan="1">
                      <table border="1">
                        <tr>
                          <td colspan="1" rowspan="1">
quality</td>
                          <td colspan="1" rowspan="1">
beta</td>
                        </tr>
                      </table>
                    </td>
                  </tr>
                  <tr>
                    <td colspan="1" rowspan="1">
                      <table border="1">
                        <tr>
                          <td colspan="1" rowspan="1">
status</td>
                          <td colspan="1" rowspan="1">
Complete</td>
                        </tr>
                      </table>
                    </td>
                  </tr>
                  <tr>
                    <td colspan="1" rowspan="1">
                      <table border="1">
                        <tr>
                          <td colspan="1" rowspan="1">
timeInMs</td>
                          <td colspan="1" rowspan="1">
12463</td>
                        </tr>
                      </table>
                    </td>
                  </tr>
                  <tr>
                    <td colspan="1" rowspan="1">
                      <table border="1">
                        <tr>
                          <td colspan="1" rowspan="1">
reqCount</td>
                          <td colspan="1" rowspan="1">
72</td>
                        </tr>
                      </table>
                    </td>
                  </tr>
                  <tr>
                    <td colspan="1" rowspan="1">
                      <table border="1">
                        <tr>
                          <td colspan="1" rowspan="1">
alertCount</td>
                          <td colspan="1" rowspan="1">
0</td>
                        </tr>
                      </table>
                    </td>
                  </tr>
                </table>
              </td>
            </tr>
            <tr>
              <td colspan="1" rowspan="1">
                <h2>Plugin</h2>
                <table border="1">
                  <tr>
                    <td colspan="1" rowspan="1">
                      <table border="1">
                        <tr>
                          <td colspan="1" rowspan="1">
name</td>
                          <td colspan="1" rowspan="1">
Falsificación de Peticiones del Lado del Servidor (SSRF)</td>
                        </tr>
                      </table>
                    </td>
                  </tr>
                  <tr>
                    <td colspan="1" rowspan="1">
                      <table border="1">
                        <tr>
                          <td colspan="1" rowspan="1">
id</td>
                          <td colspan="1" rowspan="1">
40046</td>
                        </tr>
                      </table>
                    </td>
                  </tr>
                  <tr>
                    <td colspan="1" rowspan="1">
                      <table border="1">
                        <tr>
                          <td colspan="1" rowspan="1">
quality</td>
                          <td colspan="1" rowspan="1">
beta</td>
                        </tr>
                      </table>
                    </td>
                  </tr>
                  <tr>
                    <td colspan="1" rowspan="1">
                      <table border="1">
                        <tr>
                          <td colspan="1" rowspan="1">
status</td>
                          <td colspan="1" rowspan="1">
Complete</td>
                        </tr>
                      </table>
                    </td>
                  </tr>
                  <tr>
                    <td colspan="1" rowspan="1">
                      <table border="1">
                        <tr>
                          <td colspan="1" rowspan="1">
timeInMs</td>
                          <td colspan="1" rowspan="1">
3548</td>
                        </tr>
                      </table>
                    </td>
                  </tr>
                  <tr>
                    <td colspan="1" rowspan="1">
                      <table border="1">
                        <tr>
                          <td colspan="1" rowspan="1">
reqCount</td>
                          <td colspan="1" rowspan="1">
18</td>
                        </tr>
                      </table>
                    </td>
                  </tr>
                  <tr>
                    <td colspan="1" rowspan="1">
                      <table border="1">
                        <tr>
                          <td colspan="1" rowspan="1">
alertCount</td>
                          <td colspan="1" rowspan="1">
0</td>
                        </tr>
                      </table>
                    </td>
                  </tr>
                </table>
              </td>
            </tr>
            <tr>
              <td colspan="1" rowspan="1">
                <h2>Plugin</h2>
                <table border="1">
                  <tr>
                    <td colspan="1" rowspan="1">
                      <table border="1">
                        <tr>
                          <td colspan="1" rowspan="1">
name</td>
                          <td colspan="1" rowspan="1">
Text4shell (CVE-2022-42889)</td>
                        </tr>
                      </table>
                    </td>
                  </tr>
                  <tr>
                    <td colspan="1" rowspan="1">
                      <table border="1">
                        <tr>
                          <td colspan="1" rowspan="1">
id</td>
                          <td colspan="1" rowspan="1">
40047</td>
                        </tr>
                      </table>
                    </td>
                  </tr>
                  <tr>
                    <td colspan="1" rowspan="1">
                      <table border="1">
                        <tr>
                          <td colspan="1" rowspan="1">
quality</td>
                          <td colspan="1" rowspan="1">
beta</td>
                        </tr>
                      </table>
                    </td>
                  </tr>
                  <tr>
                    <td colspan="1" rowspan="1">
                      <table border="1">
                        <tr>
                          <td colspan="1" rowspan="1">
status</td>
                          <td colspan="1" rowspan="1">
Evitado, no se ha seleccionado ningún servicio de Escaneo Activo OAST..</td>
                        </tr>
                      </table>
                    </td>
                  </tr>
                  <tr>
                    <td colspan="1" rowspan="1">
                      <table border="1">
                        <tr>
                          <td colspan="1" rowspan="1">
timeInMs</td>
                          <td colspan="1" rowspan="1">
2</td>
                        </tr>
                      </table>
                    </td>
                  </tr>
                  <tr>
                    <td colspan="1" rowspan="1">
                      <table border="1">
                        <tr>
                          <td colspan="1" rowspan="1">
reqCount</td>
                          <td colspan="1" rowspan="1">
0</td>
                        </tr>
                      </table>
                    </td>
                  </tr>
                  <tr>
                    <td colspan="1" rowspan="1">
                      <table border="1">
                        <tr>
                          <td colspan="1" rowspan="1">
alertCount</td>
                          <td colspan="1" rowspan="1">
0</td>
                        </tr>
                      </table>
                    </td>
                  </tr>
                </table>
              </td>
            </tr>
            <tr>
              <td colspan="1" rowspan="1">
                <h2>Plugin</h2>
                <table border="1">
                  <tr>
                    <td colspan="1" rowspan="1">
                      <table border="1">
                        <tr>
                          <td colspan="1" rowspan="1">
name</td>
                          <td colspan="1" rowspan="1">
Inyección Expresión de Lenguaje</td>
                        </tr>
                      </table>
                    </td>
                  </tr>
                  <tr>
                    <td colspan="1" rowspan="1">
                      <table border="1">
                        <tr>
                          <td colspan="1" rowspan="1">
id</td>
                          <td colspan="1" rowspan="1">
90025</td>
                        </tr>
                      </table>
                    </td>
                  </tr>
                  <tr>
                    <td colspan="1" rowspan="1">
                      <table border="1">
                        <tr>
                          <td colspan="1" rowspan="1">
quality</td>
                          <td colspan="1" rowspan="1">
beta</td>
                        </tr>
                      </table>
                    </td>
                  </tr>
                  <tr>
                    <td colspan="1" rowspan="1">
                      <table border="1">
                        <tr>
                          <td colspan="1" rowspan="1">
status</td>
                          <td colspan="1" rowspan="1">
Complete</td>
                        </tr>
                      </table>
                    </td>
                  </tr>
                  <tr>
                    <td colspan="1" rowspan="1">
                      <table border="1">
                        <tr>
                          <td colspan="1" rowspan="1">
timeInMs</td>
                          <td colspan="1" rowspan="1">
4064</td>
                        </tr>
                      </table>
                    </td>
                  </tr>
                  <tr>
                    <td colspan="1" rowspan="1">
                      <table border="1">
                        <tr>
                          <td colspan="1" rowspan="1">
reqCount</td>
                          <td colspan="1" rowspan="1">
18</td>
                        </tr>
                      </table>
                    </td>
                  </tr>
                  <tr>
                    <td colspan="1" rowspan="1">
                      <table border="1">
                        <tr>
                          <td colspan="1" rowspan="1">
alertCount</td>
                          <td colspan="1" rowspan="1">
0</td>
                        </tr>
                      </table>
                    </td>
                  </tr>
                </table>
              </td>
            </tr>
            <tr>
              <td colspan="1" rowspan="1">
                <h2>Plugin</h2>
                <table border="1">
                  <tr>
                    <td colspan="1" rowspan="1">
                      <table border="1">
                        <tr>
                          <td colspan="1" rowspan="1">
name</td>
                          <td colspan="1" rowspan="1">
SOAP Action Spoofing</td>
                        </tr>
                      </table>
                    </td>
                  </tr>
                  <tr>
                    <td colspan="1" rowspan="1">
                      <table border="1">
                        <tr>
                          <td colspan="1" rowspan="1">
id</td>
                          <td colspan="1" rowspan="1">
90026</td>
                        </tr>
                      </table>
                    </td>
                  </tr>
                  <tr>
                    <td colspan="1" rowspan="1">
                      <table border="1">
                        <tr>
                          <td colspan="1" rowspan="1">
quality</td>
                          <td colspan="1" rowspan="1">
beta</td>
                        </tr>
                      </table>
                    </td>
                  </tr>
                  <tr>
                    <td colspan="1" rowspan="1">
                      <table border="1">
                        <tr>
                          <td colspan="1" rowspan="1">
status</td>
                          <td colspan="1" rowspan="1">
Complete</td>
                        </tr>
                      </table>
                    </td>
                  </tr>
                  <tr>
                    <td colspan="1" rowspan="1">
                      <table border="1">
                        <tr>
                          <td colspan="1" rowspan="1">
timeInMs</td>
                          <td colspan="1" rowspan="1">
3018</td>
                        </tr>
                      </table>
                    </td>
                  </tr>
                  <tr>
                    <td colspan="1" rowspan="1">
                      <table border="1">
                        <tr>
                          <td colspan="1" rowspan="1">
reqCount</td>
                          <td colspan="1" rowspan="1">
0</td>
                        </tr>
                      </table>
                    </td>
                  </tr>
                  <tr>
                    <td colspan="1" rowspan="1">
                      <table border="1">
                        <tr>
                          <td colspan="1" rowspan="1">
alertCount</td>
                          <td colspan="1" rowspan="1">
0</td>
                        </tr>
                      </table>
                    </td>
                  </tr>
                </table>
              </td>
            </tr>
            <tr>
              <td colspan="1" rowspan="1">
                <h2>Plugin</h2>
                <table border="1">
                  <tr>
                    <td colspan="1" rowspan="1">
                      <table border="1">
                        <tr>
                          <td colspan="1" rowspan="1">
name</td>
                          <td colspan="1" rowspan="1">
SOAP XML Injection</td>
                        </tr>
                      </table>
                    </td>
                  </tr>
                  <tr>
                    <td colspan="1" rowspan="1">
                      <table border="1">
                        <tr>
                          <td colspan="1" rowspan="1">
id</td>
                          <td colspan="1" rowspan="1">
90029</td>
                        </tr>
                      </table>
                    </td>
                  </tr>
                  <tr>
                    <td colspan="1" rowspan="1">
                      <table border="1">
                        <tr>
                          <td colspan="1" rowspan="1">
quality</td>
                          <td colspan="1" rowspan="1">
beta</td>
                        </tr>
                      </table>
                    </td>
                  </tr>
                  <tr>
                    <td colspan="1" rowspan="1">
                      <table border="1">
                        <tr>
                          <td colspan="1" rowspan="1">
status</td>
                          <td colspan="1" rowspan="1">
Complete</td>
                        </tr>
                      </table>
                    </td>
                  </tr>
                  <tr>
                    <td colspan="1" rowspan="1">
                      <table border="1">
                        <tr>
                          <td colspan="1" rowspan="1">
timeInMs</td>
                          <td colspan="1" rowspan="1">
3204</td>
                        </tr>
                      </table>
                    </td>
                  </tr>
                  <tr>
                    <td colspan="1" rowspan="1">
                      <table border="1">
                        <tr>
                          <td colspan="1" rowspan="1">
reqCount</td>
                          <td colspan="1" rowspan="1">
0</td>
                        </tr>
                      </table>
                    </td>
                  </tr>
                  <tr>
                    <td colspan="1" rowspan="1">
                      <table border="1">
                        <tr>
                          <td colspan="1" rowspan="1">
alertCount</td>
                          <td colspan="1" rowspan="1">
0</td>
                        </tr>
                      </table>
                    </td>
                  </tr>
                </table>
              </td>
            </tr>
            <tr>
              <td colspan="1" rowspan="1">
                <h2>Plugin</h2>
                <table border="1">
                  <tr>
                    <td colspan="1" rowspan="1">
                      <table border="1">
                        <tr>
                          <td colspan="1" rowspan="1">
name</td>
                          <td colspan="1" rowspan="1">
Divulgación del Código Fuente - SVN</td>
                        </tr>
                      </table>
                    </td>
                  </tr>
                  <tr>
                    <td colspan="1" rowspan="1">
                      <table border="1">
                        <tr>
                          <td colspan="1" rowspan="1">
id</td>
                          <td colspan="1" rowspan="1">
42</td>
                        </tr>
                      </table>
                    </td>
                  </tr>
                  <tr>
                    <td colspan="1" rowspan="1">
                      <table border="1">
                        <tr>
                          <td colspan="1" rowspan="1">
quality</td>
                          <td colspan="1" rowspan="1">
beta</td>
                        </tr>
                      </table>
                    </td>
                  </tr>
                  <tr>
                    <td colspan="1" rowspan="1">
                      <table border="1">
                        <tr>
                          <td colspan="1" rowspan="1">
status</td>
                          <td colspan="1" rowspan="1">
Complete</td>
                        </tr>
                      </table>
                    </td>
                  </tr>
                  <tr>
                    <td colspan="1" rowspan="1">
                      <table border="1">
                        <tr>
                          <td colspan="1" rowspan="1">
timeInMs</td>
                          <td colspan="1" rowspan="1">
3649</td>
                        </tr>
                      </table>
                    </td>
                  </tr>
                  <tr>
                    <td colspan="1" rowspan="1">
                      <table border="1">
                        <tr>
                          <td colspan="1" rowspan="1">
reqCount</td>
                          <td colspan="1" rowspan="1">
84</td>
                        </tr>
                      </table>
                    </td>
                  </tr>
                  <tr>
                    <td colspan="1" rowspan="1">
                      <table border="1">
                        <tr>
                          <td colspan="1" rowspan="1">
alertCount</td>
                          <td colspan="1" rowspan="1">
0</td>
                        </tr>
                      </table>
                    </td>
                  </tr>
                </table>
              </td>
            </tr>
            <tr>
              <td colspan="1" rowspan="1">
                <h2>Plugin</h2>
                <table border="1">
                  <tr>
                    <td colspan="1" rowspan="1">
                      <table border="1">
                        <tr>
                          <td colspan="1" rowspan="1">
name</td>
                          <td colspan="1" rowspan="1">
Confusión de Ruta Relativa</td>
                        </tr>
                      </table>
                    </td>
                  </tr>
                  <tr>
                    <td colspan="1" rowspan="1">
                      <table border="1">
                        <tr>
                          <td colspan="1" rowspan="1">
id</td>
                          <td colspan="1" rowspan="1">
10051</td>
                        </tr>
                      </table>
                    </td>
                  </tr>
                  <tr>
                    <td colspan="1" rowspan="1">
                      <table border="1">
                        <tr>
                          <td colspan="1" rowspan="1">
quality</td>
                          <td colspan="1" rowspan="1">
beta</td>
                        </tr>
                      </table>
                    </td>
                  </tr>
                  <tr>
                    <td colspan="1" rowspan="1">
                      <table border="1">
                        <tr>
                          <td colspan="1" rowspan="1">
status</td>
                          <td colspan="1" rowspan="1">
Complete</td>
                        </tr>
                      </table>
                    </td>
                  </tr>
                  <tr>
                    <td colspan="1" rowspan="1">
                      <table border="1">
                        <tr>
                          <td colspan="1" rowspan="1">
timeInMs</td>
                          <td colspan="1" rowspan="1">
3945</td>
                        </tr>
                      </table>
                    </td>
                  </tr>
                  <tr>
                    <td colspan="1" rowspan="1">
                      <table border="1">
                        <tr>
                          <td colspan="1" rowspan="1">
reqCount</td>
                          <td colspan="1" rowspan="1">
84</td>
                        </tr>
                      </table>
                    </td>
                  </tr>
                  <tr>
                    <td colspan="1" rowspan="1">
                      <table border="1">
                        <tr>
                          <td colspan="1" rowspan="1">
alertCount</td>
                          <td colspan="1" rowspan="1">
0</td>
                        </tr>
                      </table>
                    </td>
                  </tr>
                </table>
              </td>
            </tr>
            <tr>
              <td colspan="1" rowspan="1">
                <h2>Plugin</h2>
                <table border="1">
                  <tr>
                    <td colspan="1" rowspan="1">
                      <table border="1">
                        <tr>
                          <td colspan="1" rowspan="1">
name</td>
                          <td colspan="1" rowspan="1">
Divulgación del Archivo de Backup</td>
                        </tr>
                      </table>
                    </td>
                  </tr>
                  <tr>
                    <td colspan="1" rowspan="1">
                      <table border="1">
                        <tr>
                          <td colspan="1" rowspan="1">
id</td>
                          <td colspan="1" rowspan="1">
10095</td>
                        </tr>
                      </table>
                    </td>
                  </tr>
                  <tr>
                    <td colspan="1" rowspan="1">
                      <table border="1">
                        <tr>
                          <td colspan="1" rowspan="1">
quality</td>
                          <td colspan="1" rowspan="1">
beta</td>
                        </tr>
                      </table>
                    </td>
                  </tr>
                  <tr>
                    <td colspan="1" rowspan="1">
                      <table border="1">
                        <tr>
                          <td colspan="1" rowspan="1">
status</td>
                          <td colspan="1" rowspan="1">
Complete</td>
                        </tr>
                      </table>
                    </td>
                  </tr>
                  <tr>
                    <td colspan="1" rowspan="1">
                      <table border="1">
                        <tr>
                          <td colspan="1" rowspan="1">
timeInMs</td>
                          <td colspan="1" rowspan="1">
48024</td>
                        </tr>
                      </table>
                    </td>
                  </tr>
                  <tr>
                    <td colspan="1" rowspan="1">
                      <table border="1">
                        <tr>
                          <td colspan="1" rowspan="1">
reqCount</td>
                          <td colspan="1" rowspan="1">
3237</td>
                        </tr>
                      </table>
                    </td>
                  </tr>
                  <tr>
                    <td colspan="1" rowspan="1">
                      <table border="1">
                        <tr>
                          <td colspan="1" rowspan="1">
alertCount</td>
                          <td colspan="1" rowspan="1">
0</td>
                        </tr>
                      </table>
                    </td>
                  </tr>
                </table>
              </td>
            </tr>
            <tr>
              <td colspan="1" rowspan="1">
                <h2>Plugin</h2>
                <table border="1">
                  <tr>
                    <td colspan="1" rowspan="1">
                      <table border="1">
                        <tr>
                          <td colspan="1" rowspan="1">
name</td>
                          <td colspan="1" rowspan="1">
Sitio Solo HTTP</td>
                        </tr>
                      </table>
                    </td>
                  </tr>
                  <tr>
                    <td colspan="1" rowspan="1">
                      <table border="1">
                        <tr>
                          <td colspan="1" rowspan="1">
id</td>
                          <td colspan="1" rowspan="1">
10106</td>
                        </tr>
                      </table>
                    </td>
                  </tr>
                  <tr>
                    <td colspan="1" rowspan="1">
                      <table border="1">
                        <tr>
                          <td colspan="1" rowspan="1">
quality</td>
                          <td colspan="1" rowspan="1">
beta</td>
                        </tr>
                      </table>
                    </td>
                  </tr>
                  <tr>
                    <td colspan="1" rowspan="1">
                      <table border="1">
                        <tr>
                          <td colspan="1" rowspan="1">
status</td>
                          <td colspan="1" rowspan="1">
Complete</td>
                        </tr>
                      </table>
                    </td>
                  </tr>
                  <tr>
                    <td colspan="1" rowspan="1">
                      <table border="1">
                        <tr>
                          <td colspan="1" rowspan="1">
timeInMs</td>
                          <td colspan="1" rowspan="1">
2</td>
                        </tr>
                      </table>
                    </td>
                  </tr>
                  <tr>
                    <td colspan="1" rowspan="1">
                      <table border="1">
                        <tr>
                          <td colspan="1" rowspan="1">
reqCount</td>
                          <td colspan="1" rowspan="1">
0</td>
                        </tr>
                      </table>
                    </td>
                  </tr>
                  <tr>
                    <td colspan="1" rowspan="1">
                      <table border="1">
                        <tr>
                          <td colspan="1" rowspan="1">
alertCount</td>
                          <td colspan="1" rowspan="1">
0</td>
                        </tr>
                      </table>
                    </td>
                  </tr>
                </table>
              </td>
            </tr>
            <tr>
              <td colspan="1" rowspan="1">
                <h2>Plugin</h2>
                <table border="1">
                  <tr>
                    <td colspan="1" rowspan="1">
                      <table border="1">
                        <tr>
                          <td colspan="1" rowspan="1">
name</td>
                          <td colspan="1" rowspan="1">
Comprobación de tokens anti-CSRF</td>
                        </tr>
                      </table>
                    </td>
                  </tr>
                  <tr>
                    <td colspan="1" rowspan="1">
                      <table border="1">
                        <tr>
                          <td colspan="1" rowspan="1">
id</td>
                          <td colspan="1" rowspan="1">
20012</td>
                        </tr>
                      </table>
                    </td>
                  </tr>
                  <tr>
                    <td colspan="1" rowspan="1">
                      <table border="1">
                        <tr>
                          <td colspan="1" rowspan="1">
quality</td>
                          <td colspan="1" rowspan="1">
beta</td>
                        </tr>
                      </table>
                    </td>
                  </tr>
                  <tr>
                    <td colspan="1" rowspan="1">
                      <table border="1">
                        <tr>
                          <td colspan="1" rowspan="1">
status</td>
                          <td colspan="1" rowspan="1">
Complete</td>
                        </tr>
                      </table>
                    </td>
                  </tr>
                  <tr>
                    <td colspan="1" rowspan="1">
                      <table border="1">
                        <tr>
                          <td colspan="1" rowspan="1">
timeInMs</td>
                          <td colspan="1" rowspan="1">
3936</td>
                        </tr>
                      </table>
                    </td>
                  </tr>
                  <tr>
                    <td colspan="1" rowspan="1">
                      <table border="1">
                        <tr>
                          <td colspan="1" rowspan="1">
reqCount</td>
                          <td colspan="1" rowspan="1">
2</td>
                        </tr>
                      </table>
                    </td>
                  </tr>
                  <tr>
                    <td colspan="1" rowspan="1">
                      <table border="1">
                        <tr>
                          <td colspan="1" rowspan="1">
alertCount</td>
                          <td colspan="1" rowspan="1">
1</td>
                        </tr>
                      </table>
                    </td>
                  </tr>
                </table>
              </td>
            </tr>
            <tr>
              <td colspan="1" rowspan="1">
                <h2>Plugin</h2>
                <table border="1">
                  <tr>
                    <td colspan="1" rowspan="1">
                      <table border="1">
                        <tr>
                          <td colspan="1" rowspan="1">
name</td>
                          <td colspan="1" rowspan="1">
Error Desbordamiento de Enteros</td>
                        </tr>
                      </table>
                    </td>
                  </tr>
                  <tr>
                    <td colspan="1" rowspan="1">
                      <table border="1">
                        <tr>
                          <td colspan="1" rowspan="1">
id</td>
                          <td colspan="1" rowspan="1">
30003</td>
                        </tr>
                      </table>
                    </td>
                  </tr>
                  <tr>
                    <td colspan="1" rowspan="1">
                      <table border="1">
                        <tr>
                          <td colspan="1" rowspan="1">
quality</td>
                          <td colspan="1" rowspan="1">
beta</td>
                        </tr>
                      </table>
                    </td>
                  </tr>
                  <tr>
                    <td colspan="1" rowspan="1">
                      <table border="1">
                        <tr>
                          <td colspan="1" rowspan="1">
status</td>
                          <td colspan="1" rowspan="1">
Complete</td>
                        </tr>
                      </table>
                    </td>
                  </tr>
                  <tr>
                    <td colspan="1" rowspan="1">
                      <table border="1">
                        <tr>
                          <td colspan="1" rowspan="1">
timeInMs</td>
                          <td colspan="1" rowspan="1">
20002</td>
                        </tr>
                      </table>
                    </td>
                  </tr>
                  <tr>
                    <td colspan="1" rowspan="1">
                      <table border="1">
                        <tr>
                          <td colspan="1" rowspan="1">
reqCount</td>
                          <td colspan="1" rowspan="1">
69</td>
                        </tr>
                      </table>
                    </td>
                  </tr>
                  <tr>
                    <td colspan="1" rowspan="1">
                      <table border="1">
                        <tr>
                          <td colspan="1" rowspan="1">
alertCount</td>
                          <td colspan="1" rowspan="1">
1</td>
                        </tr>
                      </table>
                    </td>
                  </tr>
                </table>
              </td>
            </tr>
            <tr>
              <td colspan="1" rowspan="1">
                <h2>Plugin</h2>
                <table border="1">
                  <tr>
                    <td colspan="1" rowspan="1">
                      <table border="1">
                        <tr>
                          <td colspan="1" rowspan="1">
name</td>
                          <td colspan="1" rowspan="1">
Disvulgación de Proxy</td>
                        </tr>
                      </table>
                    </td>
                  </tr>
                  <tr>
                    <td colspan="1" rowspan="1">
                      <table border="1">
                        <tr>
                          <td colspan="1" rowspan="1">
id</td>
                          <td colspan="1" rowspan="1">
40025</td>
                        </tr>
                      </table>
                    </td>
                  </tr>
                  <tr>
                    <td colspan="1" rowspan="1">
                      <table border="1">
                        <tr>
                          <td colspan="1" rowspan="1">
quality</td>
                          <td colspan="1" rowspan="1">
beta</td>
                        </tr>
                      </table>
                    </td>
                  </tr>
                  <tr>
                    <td colspan="1" rowspan="1">
                      <table border="1">
                        <tr>
                          <td colspan="1" rowspan="1">
status</td>
                          <td colspan="1" rowspan="1">
Complete</td>
                        </tr>
                      </table>
                    </td>
                  </tr>
                  <tr>
                    <td colspan="1" rowspan="1">
                      <table border="1">
                        <tr>
                          <td colspan="1" rowspan="1">
timeInMs</td>
                          <td colspan="1" rowspan="1">
16130</td>
                        </tr>
                      </table>
                    </td>
                  </tr>
                  <tr>
                    <td colspan="1" rowspan="1">
                      <table border="1">
                        <tr>
                          <td colspan="1" rowspan="1">
reqCount</td>
                          <td colspan="1" rowspan="1">
1000</td>
                        </tr>
                      </table>
                    </td>
                  </tr>
                  <tr>
                    <td colspan="1" rowspan="1">
                      <table border="1">
                        <tr>
                          <td colspan="1" rowspan="1">
alertCount</td>
                          <td colspan="1" rowspan="1">
0</td>
                        </tr>
                      </table>
                    </td>
                  </tr>
                </table>
              </td>
            </tr>
            <tr>
              <td colspan="1" rowspan="1">
                <h2>Plugin</h2>
                <table border="1">
                  <tr>
                    <td colspan="1" rowspan="1">
                      <table border="1">
                        <tr>
                          <td colspan="1" rowspan="1">
name</td>
                          <td colspan="1" rowspan="1">
Bypassing 403</td>
                        </tr>
                      </table>
                    </td>
                  </tr>
                  <tr>
                    <td colspan="1" rowspan="1">
                      <table border="1">
                        <tr>
                          <td colspan="1" rowspan="1">
id</td>
                          <td colspan="1" rowspan="1">
40038</td>
                        </tr>
                      </table>
                    </td>
                  </tr>
                  <tr>
                    <td colspan="1" rowspan="1">
                      <table border="1">
                        <tr>
                          <td colspan="1" rowspan="1">
quality</td>
                          <td colspan="1" rowspan="1">
beta</td>
                        </tr>
                      </table>
                    </td>
                  </tr>
                  <tr>
                    <td colspan="1" rowspan="1">
                      <table border="1">
                        <tr>
                          <td colspan="1" rowspan="1">
status</td>
                          <td colspan="1" rowspan="1">
Complete</td>
                        </tr>
                      </table>
                    </td>
                  </tr>
                  <tr>
                    <td colspan="1" rowspan="1">
                      <table border="1">
                        <tr>
                          <td colspan="1" rowspan="1">
timeInMs</td>
                          <td colspan="1" rowspan="1">
4060</td>
                        </tr>
                      </table>
                    </td>
                  </tr>
                  <tr>
                    <td colspan="1" rowspan="1">
                      <table border="1">
                        <tr>
                          <td colspan="1" rowspan="1">
reqCount</td>
                          <td colspan="1" rowspan="1">
100</td>
                        </tr>
                      </table>
                    </td>
                  </tr>
                  <tr>
                    <td colspan="1" rowspan="1">
                      <table border="1">
                        <tr>
                          <td colspan="1" rowspan="1">
alertCount</td>
                          <td colspan="1" rowspan="1">
0</td>
                        </tr>
                      </table>
                    </td>
                  </tr>
                </table>
              </td>
            </tr>
            <tr>
              <td colspan="1" rowspan="1">
                <h2>Plugin</h2>
                <table border="1">
                  <tr>
                    <td colspan="1" rowspan="1">
                      <table border="1">
                        <tr>
                          <td colspan="1" rowspan="1">
name</td>
                          <td colspan="1" rowspan="1">
CORS Header</td>
                        </tr>
                      </table>
                    </td>
                  </tr>
                  <tr>
                    <td colspan="1" rowspan="1">
                      <table border="1">
                        <tr>
                          <td colspan="1" rowspan="1">
id</td>
                          <td colspan="1" rowspan="1">
40040</td>
                        </tr>
                      </table>
                    </td>
                  </tr>
                  <tr>
                    <td colspan="1" rowspan="1">
                      <table border="1">
                        <tr>
                          <td colspan="1" rowspan="1">
quality</td>
                          <td colspan="1" rowspan="1">
beta</td>
                        </tr>
                      </table>
                    </td>
                  </tr>
                  <tr>
                    <td colspan="1" rowspan="1">
                      <table border="1">
                        <tr>
                          <td colspan="1" rowspan="1">
status</td>
                          <td colspan="1" rowspan="1">
Complete</td>
                        </tr>
                      </table>
                    </td>
                  </tr>
                  <tr>
                    <td colspan="1" rowspan="1">
                      <table border="1">
                        <tr>
                          <td colspan="1" rowspan="1">
timeInMs</td>
                          <td colspan="1" rowspan="1">
14133</td>
                        </tr>
                      </table>
                    </td>
                  </tr>
                  <tr>
                    <td colspan="1" rowspan="1">
                      <table border="1">
                        <tr>
                          <td colspan="1" rowspan="1">
reqCount</td>
                          <td colspan="1" rowspan="1">
700</td>
                        </tr>
                      </table>
                    </td>
                  </tr>
                  <tr>
                    <td colspan="1" rowspan="1">
                      <table border="1">
                        <tr>
                          <td colspan="1" rowspan="1">
alertCount</td>
                          <td colspan="1" rowspan="1">
0</td>
                        </tr>
                      </table>
                    </td>
                  </tr>
                </table>
              </td>
            </tr>
            <tr>
              <td colspan="1" rowspan="1">
                <h2>Plugin</h2>
                <table border="1">
                  <tr>
                    <td colspan="1" rowspan="1">
                      <table border="1">
                        <tr>
                          <td colspan="1" rowspan="1">
name</td>
                          <td colspan="1" rowspan="1">
Expansión de entidad exponencial (Billion Laughs Attack)</td>
                        </tr>
                      </table>
                    </td>
                  </tr>
                  <tr>
                    <td colspan="1" rowspan="1">
                      <table border="1">
                        <tr>
                          <td colspan="1" rowspan="1">
id</td>
                          <td colspan="1" rowspan="1">
40044</td>
                        </tr>
                      </table>
                    </td>
                  </tr>
                  <tr>
                    <td colspan="1" rowspan="1">
                      <table border="1">
                        <tr>
                          <td colspan="1" rowspan="1">
quality</td>
                          <td colspan="1" rowspan="1">
beta</td>
                        </tr>
                      </table>
                    </td>
                  </tr>
                  <tr>
                    <td colspan="1" rowspan="1">
                      <table border="1">
                        <tr>
                          <td colspan="1" rowspan="1">
status</td>
                          <td colspan="1" rowspan="1">
Complete</td>
                        </tr>
                      </table>
                    </td>
                  </tr>
                  <tr>
                    <td colspan="1" rowspan="1">
                      <table border="1">
                        <tr>
                          <td colspan="1" rowspan="1">
timeInMs</td>
                          <td colspan="1" rowspan="1">
2947</td>
                        </tr>
                      </table>
                    </td>
                  </tr>
                  <tr>
                    <td colspan="1" rowspan="1">
                      <table border="1">
                        <tr>
                          <td colspan="1" rowspan="1">
reqCount</td>
                          <td colspan="1" rowspan="1">
0</td>
                        </tr>
                      </table>
                    </td>
                  </tr>
                  <tr>
                    <td colspan="1" rowspan="1">
                      <table border="1">
                        <tr>
                          <td colspan="1" rowspan="1">
alertCount</td>
                          <td colspan="1" rowspan="1">
0</td>
                        </tr>
                      </table>
                    </td>
                  </tr>
                </table>
              </td>
            </tr>
            <tr>
              <td colspan="1" rowspan="1">
                <h2>Plugin</h2>
                <table border="1">
                  <tr>
                    <td colspan="1" rowspan="1">
                      <table border="1">
                        <tr>
                          <td colspan="1" rowspan="1">
name</td>
                          <td colspan="1" rowspan="1">
Método HTTP inseguro</td>
                        </tr>
                      </table>
                    </td>
                  </tr>
                  <tr>
                    <td colspan="1" rowspan="1">
                      <table border="1">
                        <tr>
                          <td colspan="1" rowspan="1">
id</td>
                          <td colspan="1" rowspan="1">
90028</td>
                        </tr>
                      </table>
                    </td>
                  </tr>
                  <tr>
                    <td colspan="1" rowspan="1">
                      <table border="1">
                        <tr>
                          <td colspan="1" rowspan="1">
quality</td>
                          <td colspan="1" rowspan="1">
beta</td>
                        </tr>
                      </table>
                    </td>
                  </tr>
                  <tr>
                    <td colspan="1" rowspan="1">
                      <table border="1">
                        <tr>
                          <td colspan="1" rowspan="1">
status</td>
                          <td colspan="1" rowspan="1">
Complete</td>
                        </tr>
                      </table>
                    </td>
                  </tr>
                  <tr>
                    <td colspan="1" rowspan="1">
                      <table border="1">
                        <tr>
                          <td colspan="1" rowspan="1">
timeInMs</td>
                          <td colspan="1" rowspan="1">
4644</td>
                        </tr>
                      </table>
                    </td>
                  </tr>
                  <tr>
                    <td colspan="1" rowspan="1">
                      <table border="1">
                        <tr>
                          <td colspan="1" rowspan="1">
reqCount</td>
                          <td colspan="1" rowspan="1">
200</td>
                        </tr>
                      </table>
                    </td>
                  </tr>
                  <tr>
                    <td colspan="1" rowspan="1">
                      <table border="1">
                        <tr>
                          <td colspan="1" rowspan="1">
alertCount</td>
                          <td colspan="1" rowspan="1">
0</td>
                        </tr>
                      </table>
                    </td>
                  </tr>
                </table>
              </td>
            </tr>
            <tr>
              <td colspan="1" rowspan="1">
                <h2>Plugin</h2>
                <table border="1">
                  <tr>
                    <td colspan="1" rowspan="1">
                      <table border="1">
                        <tr>
                          <td colspan="1" rowspan="1">
name</td>
                          <td colspan="1" rowspan="1">
Contenido HTTPS Disponible vía HTTP</td>
                        </tr>
                      </table>
                    </td>
                  </tr>
                  <tr>
                    <td colspan="1" rowspan="1">
                      <table border="1">
                        <tr>
                          <td colspan="1" rowspan="1">
id</td>
                          <td colspan="1" rowspan="1">
10047</td>
                        </tr>
                      </table>
                    </td>
                  </tr>
                  <tr>
                    <td colspan="1" rowspan="1">
                      <table border="1">
                        <tr>
                          <td colspan="1" rowspan="1">
quality</td>
                          <td colspan="1" rowspan="1">
beta</td>
                        </tr>
                      </table>
                    </td>
                  </tr>
                  <tr>
                    <td colspan="1" rowspan="1">
                      <table border="1">
                        <tr>
                          <td colspan="1" rowspan="1">
status</td>
                          <td colspan="1" rowspan="1">
Complete</td>
                        </tr>
                      </table>
                    </td>
                  </tr>
                  <tr>
                    <td colspan="1" rowspan="1">
                      <table border="1">
                        <tr>
                          <td colspan="1" rowspan="1">
timeInMs</td>
                          <td colspan="1" rowspan="1">
12386</td>
                        </tr>
                      </table>
                    </td>
                  </tr>
                  <tr>
                    <td colspan="1" rowspan="1">
                      <table border="1">
                        <tr>
                          <td colspan="1" rowspan="1">
reqCount</td>
                          <td colspan="1" rowspan="1">
87</td>
                        </tr>
                      </table>
                    </td>
                  </tr>
                  <tr>
                    <td colspan="1" rowspan="1">
                      <table border="1">
                        <tr>
                          <td colspan="1" rowspan="1">
alertCount</td>
                          <td colspan="1" rowspan="1">
86</td>
                        </tr>
                      </table>
                    </td>
                  </tr>
                </table>
              </td>
            </tr>
            <tr>
              <td colspan="1" rowspan="1">
                <h2>Plugin</h2>
                <table border="1">
                  <tr>
                    <td colspan="1" rowspan="1">
                      <table border="1">
                        <tr>
                          <td colspan="1" rowspan="1">
name</td>
                          <td colspan="1" rowspan="1">
Contaminación de Parámetros HTTP (HPP)</td>
                        </tr>
                      </table>
                    </td>
                  </tr>
                  <tr>
                    <td colspan="1" rowspan="1">
                      <table border="1">
                        <tr>
                          <td colspan="1" rowspan="1">
id</td>
                          <td colspan="1" rowspan="1">
20014</td>
                        </tr>
                      </table>
                    </td>
                  </tr>
                  <tr>
                    <td colspan="1" rowspan="1">
                      <table border="1">
                        <tr>
                          <td colspan="1" rowspan="1">
quality</td>
                          <td colspan="1" rowspan="1">
beta</td>
                        </tr>
                      </table>
                    </td>
                  </tr>
                  <tr>
                    <td colspan="1" rowspan="1">
                      <table border="1">
                        <tr>
                          <td colspan="1" rowspan="1">
status</td>
                          <td colspan="1" rowspan="1">
Complete</td>
                        </tr>
                      </table>
                    </td>
                  </tr>
                  <tr>
                    <td colspan="1" rowspan="1">
                      <table border="1">
                        <tr>
                          <td colspan="1" rowspan="1">
timeInMs</td>
                          <td colspan="1" rowspan="1">
3940</td>
                        </tr>
                      </table>
                    </td>
                  </tr>
                  <tr>
                    <td colspan="1" rowspan="1">
                      <table border="1">
                        <tr>
                          <td colspan="1" rowspan="1">
reqCount</td>
                          <td colspan="1" rowspan="1">
3</td>
                        </tr>
                      </table>
                    </td>
                  </tr>
                  <tr>
                    <td colspan="1" rowspan="1">
                      <table border="1">
                        <tr>
                          <td colspan="1" rowspan="1">
alertCount</td>
                          <td colspan="1" rowspan="1">
0</td>
                        </tr>
                      </table>
                    </td>
                  </tr>
                </table>
              </td>
            </tr>
            <tr>
              <td colspan="1" rowspan="1">
                <h2>Plugin</h2>
                <table border="1">
                  <tr>
                    <td colspan="1" rowspan="1">
                      <table border="1">
                        <tr>
                          <td colspan="1" rowspan="1">
name</td>
                          <td colspan="1" rowspan="1">
Posible Enumeración de Nombre de Usuario</td>
                        </tr>
                      </table>
                    </td>
                  </tr>
                  <tr>
                    <td colspan="1" rowspan="1">
                      <table border="1">
                        <tr>
                          <td colspan="1" rowspan="1">
id</td>
                          <td colspan="1" rowspan="1">
40023</td>
                        </tr>
                      </table>
                    </td>
                  </tr>
                  <tr>
                    <td colspan="1" rowspan="1">
                      <table border="1">
                        <tr>
                          <td colspan="1" rowspan="1">
quality</td>
                          <td colspan="1" rowspan="1">
beta</td>
                        </tr>
                      </table>
                    </td>
                  </tr>
                  <tr>
                    <td colspan="1" rowspan="1">
                      <table border="1">
                        <tr>
                          <td colspan="1" rowspan="1">
status</td>
                          <td colspan="1" rowspan="1">
Evitado</td>
                        </tr>
                      </table>
                    </td>
                  </tr>
                  <tr>
                    <td colspan="1" rowspan="1">
                      <table border="1">
                        <tr>
                          <td colspan="1" rowspan="1">
timeInMs</td>
                          <td colspan="1" rowspan="1">
1</td>
                        </tr>
                      </table>
                    </td>
                  </tr>
                  <tr>
                    <td colspan="1" rowspan="1">
                      <table border="1">
                        <tr>
                          <td colspan="1" rowspan="1">
reqCount</td>
                          <td colspan="1" rowspan="1">
0</td>
                        </tr>
                      </table>
                    </td>
                  </tr>
                  <tr>
                    <td colspan="1" rowspan="1">
                      <table border="1">
                        <tr>
                          <td colspan="1" rowspan="1">
alertCount</td>
                          <td colspan="1" rowspan="1">
0</td>
                        </tr>
                      </table>
                    </td>
                  </tr>
                </table>
              </td>
            </tr>
            <tr>
              <td colspan="1" rowspan="1">
                <h2>Plugin</h2>
                <table border="1">
                  <tr>
                    <td colspan="1" rowspan="1">
                      <table border="1">
                        <tr>
                          <td colspan="1" rowspan="1">
name</td>
                          <td colspan="1" rowspan="1">
Detector de Cookie Slack</td>
                        </tr>
                      </table>
                    </td>
                  </tr>
                  <tr>
                    <td colspan="1" rowspan="1">
                      <table border="1">
                        <tr>
                          <td colspan="1" rowspan="1">
id</td>
                          <td colspan="1" rowspan="1">
90027</td>
                        </tr>
                      </table>
                    </td>
                  </tr>
                  <tr>
                    <td colspan="1" rowspan="1">
                      <table border="1">
                        <tr>
                          <td colspan="1" rowspan="1">
quality</td>
                          <td colspan="1" rowspan="1">
beta</td>
                        </tr>
                      </table>
                    </td>
                  </tr>
                  <tr>
                    <td colspan="1" rowspan="1">
                      <table border="1">
                        <tr>
                          <td colspan="1" rowspan="1">
status</td>
                          <td colspan="1" rowspan="1">
Complete</td>
                        </tr>
                      </table>
                    </td>
                  </tr>
                  <tr>
                    <td colspan="1" rowspan="1">
                      <table border="1">
                        <tr>
                          <td colspan="1" rowspan="1">
timeInMs</td>
                          <td colspan="1" rowspan="1">
15312</td>
                        </tr>
                      </table>
                    </td>
                  </tr>
                  <tr>
                    <td colspan="1" rowspan="1">
                      <table border="1">
                        <tr>
                          <td colspan="1" rowspan="1">
reqCount</td>
                          <td colspan="1" rowspan="1">
672</td>
                        </tr>
                      </table>
                    </td>
                  </tr>
                  <tr>
                    <td colspan="1" rowspan="1">
                      <table border="1">
                        <tr>
                          <td colspan="1" rowspan="1">
alertCount</td>
                          <td colspan="1" rowspan="1">
100</td>
                        </tr>
                      </table>
                    </td>
                  </tr>
                </table>
              </td>
            </tr>
          </table>
        </td>
      </tr>
    </table>
  </body>
</html>
Request method:	GET
Request URI:	http://localhost:8081/OTHER/core/other/htmlreport/
Proxy:			<none>
Request params:	<none>
Query params:	<none>
Form params:	<none>
Path params:	<none>
Headers:		Accept=*/*
Cookies:		<none>
Multiparts:		<none>
Body:			<none>
HTTP/1.1 200 OK
Pragma: no-cache
Cache-Control: no-cache, no-store, must-revalidate
Content-Security-Policy: default-src 'none'; script-src 'self'; connect-src 'self'; child-src 'self'; img-src 'self' data:; font-src 'self' data:; style-src 'unsafe-inline'
Referrer-Policy: no-referrer
Access-Control-Allow-Methods: GET,POST,OPTIONS
Access-Control-Allow-Headers: ZAP-Header
X-Frame-Options: DENY
X-XSS-Protection: 1; mode=block
X-Content-Type-Options: nosniff
X-Clacks-Overhead: GNU Terry Pratchett
content-length: 885117
Content-Type: text/html; charset=UTF-8

<html>
  <head>
    <meta http-equiv="Content-Type" content="text/html; charset=UTF-8"/>
    <title>ZAP Scanning Report</title>
    <style type="text/css">
body {
	font-family: "Helvetica Neue", Helvetica, Arial, sans-serif;
	color: #000;
	font-size: 13px;
}

h1 {
	text-align: center;
	font-weight: bold;
	font-size: 32px
}

h3 {
	font-size: 16px;
}

table {
	border: none;
	font-size: 13px;
}

td, th {
	padding: 3px 4px;
	word-break: break-word;
}

th {
	font-weight: bold;
	background-color: #666666;
}

td {
	background-color: #e8e8e8;
}

.spacer {
	margin: 10px;
}

.spacer-lg {
	margin: 40px;
}

.indent1 {
	padding: 4px 20px;
}

.indent2 {
	padding: 4px 40px;
}

.risk-3 {
	background-color: red;
	color: #FFF;
}

.risk-2 {
	background-color: orange;
	color: #FFF;
}

.risk-1 {
	background-color: yellow;
	color: #000;
}

.risk-0 {
	background-color: blue;
	color: #FFF;
}

.risk--1 {
	background-color: green;
	color: #FFF;
}

.summary {
	width: 45%;
}

.summary th {
	color: #FFF;
}

.alerts {
	width: 75%;
}

.alerts th {
	color: #FFF;
}

.results {
	width: 100%;
}

.results th {
	text-align: left;
}

.left-header {
	display: inline-block;
}
</style>
  </head>
  <body>
    <h1>
      <img src="data:image/png;base64,iVBORw0KGgoAAAANSUhEUgAAACAAAAAgCAYAAABzenr0AAAABmJLR0QA/wD/AP+gvaeTAAAACXBIWXMAABqbAAAamwHdbkbTAAAAB3RJTUUH4QsKDDQPKy6k8AAABxpJREFUWMO9l31sVWcdxz+/55xzbwt9QddJExClvIzNxTKJDZi22oJSbFZpmRb4g8sfhpEIwXQNTKh0NYgiMKIwo5AsdIxdQldGNBN5W2OTFRVcIZE1YwExcXOdc1DK+nLvOc/PP87tC9CWsj98bp6ck3Ofc57v7+37/T3wYGMucBR4F/gK/8exAugAdPXq1bpx40YFekZdHYuP+8PuGP+lAc8CmzIyMtLq6uqora3FcRwAzp49m/7Wv5O95tsNEfyEKvwH9B1V2hT7GnB+PABkhGePAvVA9dy5c6mvr2fp0qX3LOru7iYrK4toSQ1OXhGKohpOiyVQe0NVn9PGFb8iFofGFSMCMMPulwEXgbdXrlxZ3dHRQXt7+4ibA2RmZtLc3Ex/y/O4fg8RMUSMS8RxiRiPqPE+4xrnl07syA3Q+aN5wADlwO1oNPpqQ0NDfl9fH4cPH2bOnDn3dV9VVRWVlVV88vsteNF0XCO4xuA6Bs9xiBgPz/EmueKcIxavHyk/BPjnli1bpm3btu1TZ2hmxkTk8aeYMK8aay1WFVWwqgSqBDYgqQFJGxygccWa4e86IhJpbW39Zk5ODgUFBZ8KwOLFZeyr/wHZs0vw0jMxIqFpAuFt+EOYZ/OrAi41t96dhF8HThcWFnpnzpwhGo0+MIhnamvZs+8AM55uIhn4+Cnrkza8Wqv4NiBhfXwNCgxy3jauuKMKPOCPrpHSU2fOUlJS8sAg8qZP50bGY0xeuIFk4JO0SnIYiMAqSRuQDPyPgsbqh++ugqSsPXGC+WsoLS1lzZqnHxhA40svcfPvfyDNjRARwTOCJ+E0IjgiOGIwRnIkFl97NwBMX9dPvEfLSC+t5cCB/eTk5Ix78ylTplBcXMxDjy3EweIZISKSqoxwcyOCYwRXHETkuSEAsTjE4kVGTLrjpdP7p33U1NTQ2dk5bgCbN28Ow7BoA8YmcVOWR1KWuyKIgEEwYjBiJhN75Ushr15qRp747g9dcRZ4RtCuf3HhdBMlpQuZNm3auAAUFBRw+fJlWl/dy9SCaqwGIBIyJGBTUwemWqzy/mAIRPmaEUGsJeNbz+IVfJ+ioiI2bNgwbi80NTUxJWciV47/GM9Lwwg4CA6CSblbBqYYRPjqEACRR8JaVcRPkPHlJ5m66kX27W8kL2/6uMPR3t7Ox+++yQcXjmLEIEYQA8YIkuIHSYVDkBnDk3DSEDwAi5c5mUfWNtGVPovc3FwOHTp0XwDZ2dm0nTvH9Td+zSedVxDVkIQAEQ1BoIgKCpnmflqpQcAXyjYxo6KeVatWUVZWRiKRGPO1+fPns2vXLjoOr7uvFA8HcHMoQ8IHmkqOINnH1d81kJeXR0VFRcqKkUcQBLS0tHD79u2QXHq7UmkIqgKqoIKKAnQPNiSqXFG0QFVCXbcGK4pVIdnTBcDOnTupqqoa06q2tjZKS0uZ8LmZzKiox5nwWXzfx9qBfmGgCkDRa4MeUNE3repg2QSEiwMFk5nDF8vrWLZsGTNnzqS9vX1UAEVFRezYsYOeD68y8fNPEFifAL2rDAfBnJdhGv0NzzgtoYYbHGOICkSMIWKEqBE8x+X91v18cKGJyspKDh48SFZW1ohAlixZQstfLzM99iK9iQQJqySsxVfFDyz9Nolv/fw7gumsPtIbMZE0zxhcR3DFEDVCZIDTjeA5Drb3Jv84sYOu639j69atNDQ0jAgiN3cyPQ/NJXvhM/QnEwRW8dWSDAL6bbLTHlyee0cVWNWfBhpgVbEWfFUSqiSGqVoyCCCaxayndjKn+nm2736BzIyJHDt27B4AFy9eovvtU3R3nA5DkFJEXwNUtWHEptSsPtIXNW7UMy4mJSLeMA+4IrhCKC6A46XR+VYz772xj/z8fJqampg1a9bg906ePElZWRlZy3+DZuSGPUGQ/G/QuDznHjVMeaEyaS2+WqxVbMryxMDVKv0W+qzSr0pPoo/Mx8uZs/51rgdTmD17NrFYbJArFi9ezKZNm7h1dD1B4JO0PgG23KR6QxnlYLHXM846z7i4oX4P6vmA9Q6ENMsQZyiGxK1OPjr5M5Kd77B7925qamoAWLBgAX+59jFU7tmivy3fPvq5INXDSyx+3DXOd1xx8YzBiGBMKCIDwmKMDLEWEnoMUDdK37U2bp/6BQ9PSueV+BEWLVpEdnYW3be6f67wo7EOJoMgiMX3uuKs84zBEQcjghjBMCAmhF1niskGCMaiqFWs8ehrj+Off5nCwkK2b99OcXExwFTgvdEB3AmizIi85oqTNgDCSKrPFWV4DFRD/beqWLX4YUXdst0ffk+b168CVqZWpwN9YwO4Wzhi8c1GpM6ISTcYREJPMOSAQYZLHc1upY5meyjfBq/XAUwGbgL9Y4dgrBGLFwtSITAPkekCk1L73wS9qsoFxR6nceWfx/O5/wGLCSMJ+zJrfwAAAABJRU5ErkJggg==" alt=""/>

		ZAP Scanning Report
	    </h1>
    <p/>
    <h2>
		
		
		Sitios: https://cdnjs.cloudflare.com https://demo.owasp-juice.shop http://todo.ly https://todo.ly https://content-autofill.googleapis.com https://ssl.google-analytics.com https://apis.google.com https://play.google.com https://www.gstatic.com https://www.google.com https://update.googleapis.com https://optimizationguide-pa.googleapis.com https://accounts.google.com
	</h2>
    <h3>
		Generado dom., 18 ago. 2024 21:24:02
	</h3>
    <h3>
		ZAP Version: 2.15.0
	</h3>
    <h4>

		ZAP is supported by the       <a shape="rect" href="https://crashoverride.com/?zap=rep">Crash
			Override Open Source Fellowship</a>
    </h4>
    <h3 class="left-header">Sumario de Alertas</h3>
    <table class="summary">
      <tr>
        <th colspan="1" rowspan="1" width="45%" height="24">Nivel de riesgo</th>
        <th align="center" colspan="1" rowspan="1" width="55%">Número de Alertas</th>
      </tr>
      <tr>
        <td colspan="1" rowspan="1" class="risk-3">
          <div>Alto</div>
        </td>
        <td align="center" colspan="1" rowspan="1">
          <div>1</div>
        </td>
      </tr>
      <tr>
        <td colspan="1" rowspan="1" class="risk-2">
          <div>Medio</div>
        </td>
        <td align="center" colspan="1" rowspan="1">
          <div>8</div>
        </td>
      </tr>
      <tr>
        <td colspan="1" rowspan="1" class="risk-1">
          <div>Bajo</div>
        </td>
        <td align="center" colspan="1" rowspan="1">
          <div>12</div>
        </td>
      </tr>
      <tr>
        <td colspan="1" rowspan="1" class="risk-0">
          <div>Informativo</div>
        </td>
        <td align="center" colspan="1" rowspan="1">
          <div>8</div>
        </td>
      </tr>
      <tr>
        <td colspan="1" rowspan="1" class="risk--1">
          <div>				Falsos Positivos:</div>
        </td>
        <td align="center" colspan="1" rowspan="1">
          <div>0</div>
        </td>
      </tr>
    </table>
    <div class="spacer-lg"/>
    <h3>Alertas</h3>
    <table class="alerts">
      <tr>
        <th colspan="1" rowspan="1" width="60%" height="24">Nombre</th>
        <th align="center" colspan="1" rowspan="1" width="20%">Nivel de riesgo</th>
        <th align="center" colspan="1" rowspan="1" width="20%">Número de Instancias</th>
      </tr>
      <tr>
        <td colspan="1" rowspan="1">
          <a shape="rect" href="#40024">Inyección SQL - SQLite</a>
        </td>
        <td align="center" colspan="1" rowspan="1" class="risk-3">Alto</td>
        <td align="center" colspan="1" rowspan="1">3</td>
      </tr>
      <tr>
        <td colspan="1" rowspan="1">
          <a shape="rect" href="#10202">Ausencia de Ttokens Anti-CSRF</a>
        </td>
        <td align="center" colspan="1" rowspan="1" class="risk-2">Medio</td>
        <td align="center" colspan="1" rowspan="1">2</td>
      </tr>
      <tr>
        <td colspan="1" rowspan="1">
          <a shape="rect" href="#10038">Cabecera Content Security Policy (CSP) no configurada</a>
        </td>
        <td align="center" colspan="1" rowspan="1" class="risk-2">Medio</td>
        <td align="center" colspan="1" rowspan="1">18</td>
      </tr>
      <tr>
        <td colspan="1" rowspan="1">
          <a shape="rect" href="#20012">Comprobación de tokens anti-CSRF</a>
        </td>
        <td align="center" colspan="1" rowspan="1" class="risk-2">Medio</td>
        <td align="center" colspan="1" rowspan="1">1</td>
      </tr>
      <tr>
        <td colspan="1" rowspan="1">
          <a shape="rect" href="#10098">Configuración Incorrecta Cross-Domain</a>
        </td>
        <td align="center" colspan="1" rowspan="1" class="risk-2">Medio</td>
        <td align="center" colspan="1" rowspan="1">21</td>
      </tr>
      <tr>
        <td colspan="1" rowspan="1">
          <a shape="rect" href="#30003">Error Desbordamiento de Enteros</a>
        </td>
        <td align="center" colspan="1" rowspan="1" class="risk-2">Medio</td>
        <td align="center" colspan="1" rowspan="1">2</td>
      </tr>
      <tr>
        <td colspan="1" rowspan="1">
          <a shape="rect" href="#10020">Falta de cabecera Anti-Clickjacking</a>
        </td>
        <td align="center" colspan="1" rowspan="1" class="risk-2">Medio</td>
        <td align="center" colspan="1" rowspan="1">16</td>
      </tr>
      <tr>
        <td colspan="1" rowspan="1">
          <a shape="rect" href="#10003">Librería JS Vulnerable</a>
        </td>
        <td align="center" colspan="1" rowspan="1" class="risk-2">Medio</td>
        <td align="center" colspan="1" rowspan="1">3</td>
      </tr>
      <tr>
        <td colspan="1" rowspan="1">
          <a shape="rect" href="#3">Session ID in URL Rewrite</a>
        </td>
        <td align="center" colspan="1" rowspan="1" class="risk-2">Medio</td>
        <td align="center" colspan="1" rowspan="1">19</td>
      </tr>
      <tr>
        <td colspan="1" rowspan="1">
          <a shape="rect" href="#10047">Contenido HTTPS Disponible vía HTTP</a>
        </td>
        <td align="center" colspan="1" rowspan="1" class="risk-1">Bajo</td>
        <td align="center" colspan="1" rowspan="1">86</td>
      </tr>
      <tr>
        <td colspan="1" rowspan="1">
          <a shape="rect" href="#10011">Cookie Without Secure Flag</a>
        </td>
        <td align="center" colspan="1" rowspan="1" class="risk-1">Bajo</td>
        <td align="center" colspan="1" rowspan="1">2</td>
      </tr>
      <tr>
        <td colspan="1" rowspan="1">
          <a shape="rect" href="#10054">Cookie con el atributo SameSite a None</a>
        </td>
        <td align="center" colspan="1" rowspan="1" class="risk-1">Bajo</td>
        <td align="center" colspan="1" rowspan="1">1</td>
      </tr>
      <tr>
        <td colspan="1" rowspan="1">
          <a shape="rect" href="#10017">Cross-Domain JavaScript Source File Inclusion</a>
        </td>
        <td align="center" colspan="1" rowspan="1" class="risk-1">Bajo</td>
        <td align="center" colspan="1" rowspan="1">2</td>
      </tr>
      <tr>
        <td colspan="1" rowspan="1">
          <a shape="rect" href="#90027">Detector de Cookie Slack</a>
        </td>
        <td align="center" colspan="1" rowspan="1" class="risk-1">Bajo</td>
        <td align="center" colspan="1" rowspan="1">100</td>
      </tr>
      <tr>
        <td colspan="1" rowspan="1">
          <a shape="rect" href="#10096">Divulgación de la marca de hora - Unix</a>
        </td>
        <td align="center" colspan="1" rowspan="1" class="risk-1">Bajo</td>
        <td align="center" colspan="1" rowspan="1">151</td>
      </tr>
      <tr>
        <td colspan="1" rowspan="1">
          <a shape="rect" href="#10037">El servidor divulga información mediante un campo(s) de encabezado de respuesta HTTP ''''X-Powered-By''''</a>
        </td>
        <td align="center" colspan="1" rowspan="1" class="risk-1">Bajo</td>
        <td align="center" colspan="1" rowspan="1">27</td>
      </tr>
      <tr>
        <td colspan="1" rowspan="1">
          <a shape="rect" href="#2">Private IP Disclosure</a>
        </td>
        <td align="center" colspan="1" rowspan="1" class="risk-1">Bajo</td>
        <td align="center" colspan="1" rowspan="1">1</td>
      </tr>
      <tr>
        <td colspan="1" rowspan="1">
          <a shape="rect" href="#10036">Server Leaks Version Information via "Server" HTTP Response Header Field</a>
        </td>
        <td align="center" colspan="1" rowspan="1" class="risk-1">Bajo</td>
        <td align="center" colspan="1" rowspan="1">28</td>
      </tr>
      <tr>
        <td colspan="1" rowspan="1">
          <a shape="rect" href="#10035">Strict-Transport-Security Header Not Set</a>
        </td>
        <td align="center" colspan="1" rowspan="1" class="risk-1">Bajo</td>
        <td align="center" colspan="1" rowspan="1">92</td>
      </tr>
      <tr>
        <td colspan="1" rowspan="1">
          <a shape="rect" href="#10061">X-AspNet-Version Response Header</a>
        </td>
        <td align="center" colspan="1" rowspan="1" class="risk-1">Bajo</td>
        <td align="center" colspan="1" rowspan="1">3</td>
      </tr>
      <tr>
        <td colspan="1" rowspan="1">
          <a shape="rect" href="#10021">X-Content-Type-Options Header Missing</a>
        </td>
        <td align="center" colspan="1" rowspan="1" class="risk-1">Bajo</td>
        <td align="center" colspan="1" rowspan="1">54</td>
      </tr>
      <tr>
        <td colspan="1" rowspan="1">
          <a shape="rect" href="#90033">Amplia gama de Cookies</a>
        </td>
        <td align="center" colspan="1" rowspan="1" class="risk-0">Informativo</td>
        <td align="center" colspan="1" rowspan="1">3</td>
      </tr>
      <tr>
        <td colspan="1" rowspan="1">
          <a shape="rect" href="#10027">Divulgación de información - Comentarios sospechosos</a>
        </td>
        <td align="center" colspan="1" rowspan="1" class="risk-0">Informativo</td>
        <td align="center" colspan="1" rowspan="1">52</td>
      </tr>
      <tr>
        <td colspan="1" rowspan="1">
          <a shape="rect" href="#10109">Modern Web Application</a>
        </td>
        <td align="center" colspan="1" rowspan="1" class="risk-0">Informativo</td>
        <td align="center" colspan="1" rowspan="1">1</td>
      </tr>
      <tr>
        <td colspan="1" rowspan="1">
          <a shape="rect" href="#10111">Petición de Autenticación Identificada</a>
        </td>
        <td align="center" colspan="1" rowspan="1" class="risk-0">Informativo</td>
        <td align="center" colspan="1" rowspan="1">2</td>
      </tr>
      <tr>
        <td colspan="1" rowspan="1">
          <a shape="rect" href="#10015">Re-examine Cache-control Directives</a>
        </td>
        <td align="center" colspan="1" rowspan="1" class="risk-0">Informativo</td>
        <td align="center" colspan="1" rowspan="1">49</td>
      </tr>
      <tr>
        <td colspan="1" rowspan="1">
          <a shape="rect" href="#10112">Respuesta de Gestión de Sesión Identificada</a>
        </td>
        <td align="center" colspan="1" rowspan="1" class="risk-0">Informativo</td>
        <td align="center" colspan="1" rowspan="1">32</td>
      </tr>
      <tr>
        <td colspan="1" rowspan="1">
          <a shape="rect" href="#10050">Retrieved from Cache</a>
        </td>
        <td align="center" colspan="1" rowspan="1" class="risk-0">Informativo</td>
        <td align="center" colspan="1" rowspan="1">33</td>
      </tr>
      <tr>
        <td colspan="1" rowspan="1">
          <a shape="rect" href="#10104">User Agent Fuzzer</a>
        </td>
        <td align="center" colspan="1" rowspan="1" class="risk-0">Informativo</td>
        <td align="center" colspan="1" rowspan="1">25</td>
      </tr>
    </table>
    <div class="spacer-lg"/>
    <h3>Detalles de la Alerta</h3>
    <table class="results">
      <tr height="24">
        <th colspan="1" rowspan="1" class="risk-3" width="20%">
          <a shape="rect" id="40024"/>
          <div>Alto</div>
        </th>
        <th colspan="1" rowspan="1" class="risk-3">Inyección SQL - SQLite</th>
      </tr>
      <tr>
        <td colspan="1" rowspan="1" width="20%">Descripción</td>
        <td colspan="1" rowspan="1" width="80%">
          <div>Inyección SQL puede ser posible.</div>
        </td>
      </tr>
      <tr valign="top">
        <td colspan="2" rowspan="1"/>
      </tr>
      <tr>
        <td colspan="1" rowspan="1" class="indent1" width="20%">URL</td>
        <td colspan="1" rowspan="1" width="80%">
          <a shape="rect" href="https://todo.ly/Scripts/jquery-ui-1.8.13.custom.min.js?v=6">https://todo.ly/Scripts/jquery-ui-1.8.13.custom.min.js?v=6</a>
        </td>
      </tr>
      <tr>
        <td colspan="1" rowspan="1" class="indent2" width="20%">Método</td>
        <td colspan="1" rowspan="1" width="80%">GET</td>
      </tr>
      <tr>
        <td colspan="1" rowspan="1" class="indent2" width="20%">Parámetros</td>
        <td colspan="1" rowspan="1" width="80%">v</td>
      </tr>
      <tr>
        <td colspan="1" rowspan="1" class="indent2" width="20%">Ataque</td>
        <td colspan="1" rowspan="1" width="80%">case randomblob(100000) when not null then 1 else 1 end </td>
      </tr>
      <tr>
        <td colspan="1" rowspan="1" class="indent2" width="20%">Evidencia</td>
        <td colspan="1" rowspan="1" width="80%">El tiempo de consulta es controlable mediante el valor del parámetro [case randomblob(100000) when not null then 1 else 1 end ], que hizo que la petición tardara [779] milisegundos, el valor del parámetro [case randomblob(1000000) when not null then 1 else 1 end ], que ha provocado que la solicitud tardara [1.816] milisegundos, cuando la consulta original sin modificar con el valor [6] tardó [524] milisegundos.</td>
      </tr>
      <tr>
        <td colspan="1" rowspan="1" class="indent2" width="20%">Other Info</td>
        <td colspan="1" rowspan="1" width="80%">El tiempo de consulta es controlable mediante el valor del parámetro [case randomblob(100000) when not null then 1 else 1 end ], que hizo que la petición tardara [779] milisegundos, el valor del parámetro [case randomblob(1000000) when not null then 1 else 1 end ], que ha provocado que la solicitud tardara [1.816] milisegundos, cuando la consulta original sin modificar con el valor [6] tardó [524] milisegundos.</td>
      </tr>
      <tr>
        <td colspan="1" rowspan="1" class="indent1" width="20%">URL</td>
        <td colspan="1" rowspan="1" width="80%">
          <a shape="rect" href="https://todo.ly/Scripts/jquery-ui-1.8.13.custom.min.js?v=6">https://todo.ly/Scripts/jquery-ui-1.8.13.custom.min.js?v=6</a>
        </td>
      </tr>
      <tr>
        <td colspan="1" rowspan="1" class="indent2" width="20%">Método</td>
        <td colspan="1" rowspan="1" width="80%">GET</td>
      </tr>
      <tr>
        <td colspan="1" rowspan="1" class="indent2" width="20%">Parámetros</td>
        <td colspan="1" rowspan="1" width="80%">v</td>
      </tr>
      <tr>
        <td colspan="1" rowspan="1" class="indent2" width="20%">Ataque</td>
        <td colspan="1" rowspan="1" width="80%">case randomblob(10000000) when not null then 1 else 1 end </td>
      </tr>
      <tr>
        <td colspan="1" rowspan="1" class="indent2" width="20%">Evidencia</td>
        <td colspan="1" rowspan="1" width="80%">El tiempo de consulta es controlable mediante el valor del parámetro [case randomblob(10000000) when not null then 1 else 1 end ], que hizo que la petición tardara [416] milisegundos, el valor del parámetro [case randomblob(100000000) when not null then 1 else 1 end ], que ha provocado que la solicitud tardara [1.706] milisegundos, cuando la consulta original sin modificar con el valor [6] tardó [418] milisegundos.</td>
      </tr>
      <tr>
        <td colspan="1" rowspan="1" class="indent2" width="20%">Other Info</td>
        <td colspan="1" rowspan="1" width="80%">El tiempo de consulta es controlable mediante el valor del parámetro [case randomblob(10000000) when not null then 1 else 1 end ], que hizo que la petición tardara [416] milisegundos, el valor del parámetro [case randomblob(100000000) when not null then 1 else 1 end ], que ha provocado que la solicitud tardara [1.706] milisegundos, cuando la consulta original sin modificar con el valor [6] tardó [418] milisegundos.</td>
      </tr>
      <tr>
        <td colspan="1" rowspan="1" class="indent1" width="20%">URL</td>
        <td colspan="1" rowspan="1" width="80%">
          <a shape="rect" href="https://todo.ly/">https://todo.ly/</a>
        </td>
      </tr>
      <tr>
        <td colspan="1" rowspan="1" class="indent2" width="20%">Método</td>
        <td colspan="1" rowspan="1" width="80%">POST</td>
      </tr>
      <tr>
        <td colspan="1" rowspan="1" class="indent2" width="20%">Parámetros</td>
        <td colspan="1" rowspan="1" width="80%">ctl00$MainContent$LoginControl1$TextBoxPassword</td>
      </tr>
      <tr>
        <td colspan="1" rowspan="1" class="indent2" width="20%">Ataque</td>
        <td colspan="1" rowspan="1" width="80%">case randomblob(100000) when not null then 1 else 1 end </td>
      </tr>
      <tr>
        <td colspan="1" rowspan="1" class="indent2" width="20%">Evidencia</td>
        <td colspan="1" rowspan="1" width="80%">El tiempo de consulta es controlable mediante el valor del parámetro [case randomblob(100000) when not null then 1 else 1 end ], que hizo que la petición tardara [252] milisegundos, el valor del parámetro [case randomblob(1000000) when not null then 1 else 1 end ], que ha provocado que la solicitud tardara [735] milisegundos, cuando la consulta original sin modificar con el valor [12345] tardó [249] milisegundos.</td>
      </tr>
      <tr>
        <td colspan="1" rowspan="1" class="indent2" width="20%">Other Info</td>
        <td colspan="1" rowspan="1" width="80%">El tiempo de consulta es controlable mediante el valor del parámetro [case randomblob(100000) when not null then 1 else 1 end ], que hizo que la petición tardara [252] milisegundos, el valor del parámetro [case randomblob(1000000) when not null then 1 else 1 end ], que ha provocado que la solicitud tardara [735] milisegundos, cuando la consulta original sin modificar con el valor [12345] tardó [249] milisegundos.</td>
      </tr>
      <tr>
        <td colspan="1" rowspan="1" width="20%">Instancia</td>
        <td colspan="1" rowspan="1" width="80%">3</td>
      </tr>
      <tr>
        <td colspan="1" rowspan="1" width="20%">Solución</td>
        <td colspan="1" rowspan="1" width="80%">
          <div>No confíe en los datos de entrada del lado del cliente, incluso si existe una validación del lado del cliente.</div>
          <br clear="none"/>
          <div>Como norma general, escriba la verificación de los datos en el lado del servidor.</div>
          <br clear="none"/>
          <div>Si la aplicación usa JDBC, use PreparedStatement o CallableStatement, con parámetros pasados ??por '?'</div>
          <br clear="none"/>
          <div>Si la aplicación usa ASP, use objetos de comando ADO con verificación de tipo fuerte y consultas parametrizadas.</div>
          <br clear="none"/>
          <div>Si se pueden usar los procedimientos almacenados de la base de datos, utilícelos.</div>
          <br clear="none"/>
          <div>¡*No* concatene cadenas en consultas en el procedimiento almacenado, o use 'exec', 'exex immediate' o una función equivalente!</div>
          <br clear="none"/>
          <div>No cree consultas SQL dinámicas mediante la concatenación de cadenas simples.</div>
          <br clear="none"/>
          <div>Escape todos los datos recibidos del cliente.</div>
          <br clear="none"/>
          <div>Aplique una 'lista de permitidos' para caracteres permitidos o una 'lista de denegados' para caracteres no permitidos en la entrada del usuario.</div>
          <br clear="none"/>
          <div>Aplique el principio de privilegio mínimo utilizando el usuario de base de datos con el menor privilegio posible.</div>
          <br clear="none"/>
          <div>En particular, evite utilizar usuarios de bases de datos 'sa' o 'db-owner'. Esto no elimina la inyección SQL, pero minimiza su impacto.</div>
          <br clear="none"/>
          <div>Otorgue el acceso mínimo a la base de datos que sea necesario para la aplicación.</div>
        </td>
      </tr>
      <tr>
        <td colspan="1" rowspan="1" width="20%">Referencia</td>
        <td colspan="1" rowspan="1" width="80%">
          <a shape="rect" href="https://cheatsheetseries.owasp.org/cheatsheets/SQL_Injection_Prevention_Cheat_Sheet.html">https://cheatsheetseries.owasp.org/cheatsheets/SQL_Injection_Prevention_Cheat_Sheet.html</a>
        </td>
      </tr>
      <tr>
        <td colspan="1" rowspan="1" width="20%">CWE Id</td>
        <td colspan="1" rowspan="1" width="80%">
          <a shape="rect" href="https://cwe.mitre.org/data/definitions/89.html">89</a>
        </td>
      </tr>
      <tr>
        <td colspan="1" rowspan="1" width="20%">WASC Id</td>
        <td colspan="1" rowspan="1" width="80%">19</td>
      </tr>
      <tr>
        <td colspan="1" rowspan="1" width="20%">Plugin Id</td>
        <td colspan="1" rowspan="1" width="80%">
          <a shape="rect" href="https://www.zaproxy.org/docs/alerts/40024/">40024</a>
        </td>
      </tr>
    </table>
    <div class="spacer"/>
    <table class="results">
      <tr height="24">
        <th colspan="1" rowspan="1" class="risk-2" width="20%">
          <a shape="rect" id="10202"/>
          <div>Medio</div>
        </th>
        <th colspan="1" rowspan="1" class="risk-2">Ausencia de Ttokens Anti-CSRF</th>
      </tr>
      <tr>
        <td colspan="1" rowspan="1" width="20%">Descripción</td>
        <td colspan="1" rowspan="1" width="80%">
          <div>No se encontraron tokens Anti-CSRF en un formulario de envío HTML.</div>
          <br clear="none"/>
          <div>Una solicutud falsa entre sitios en un ataque que compromete y obliga a una víctima a enviar su solicitud HTTP a un destino objetivo sin su conocimiento o intención para poder realizar una acción como víctima. La causa oculta es la funcionalidad de la aplicación utilizando acciones de URL/formulario que pueden ser adivinados de forma repetible. La naturaleza del ataque es que CSRG explota la confianza que un sitio web proporciona a un usuario. Por el contrario, las cadenas de comandos de los sitios cruzados (XSS) explotan la confianza que un usuario proporciona en un sitio web. Al igual que XSS, los ataques CSRG no son de forma necesaria de sitios cruzados, pero hay la posibilidad de que si pueden serlo. La falsificación de las solicitudes ente los sitios también se conoce como CSRF, XSRG, ataques con un solo clic, montaje de sesión, diputado confundido y navegación en alta mar.</div>
          <br clear="none"/>
          <div>Los ataques de CSRG son muy efectivos en varias situaciones, que incluyen:</div>
          <br clear="none"/>
          <div>*La victima tiene una sesión activa en el sitio de destino.</div>
          <br clear="none"/>
          <div>    *La víctima se autoriza por medio de la autenticación HTTP en el sitio de destino.</div>
          <br clear="none"/>
          <div>    *La víctima se encuentra en la misma red local que el sitio de destino.</div>
          <br clear="none"/>
          <div>CSRF se ha utilizado especialmente para poder realizar una acción contra un sitio objetivo utilizando los privilegios de la víctima, pero se han revelado técnicas recientes para difundir información al obtener el acceso a la respuesta. El riesgo de divulgación de información aumenta de forma drástica cuando el sitio de destino se encuentra vulnerable a XSS, porque XSS se puede utilizar como una plataforma para CSRF, lo que le permite al atacante que opere desde adentro de los líites de la misma política de origen.</div>
        </td>
      </tr>
      <tr valign="top">
        <td colspan="2" rowspan="1"/>
      </tr>
      <tr>
        <td colspan="1" rowspan="1" class="indent1" width="20%">URL</td>
        <td colspan="1" rowspan="1" width="80%">
          <a shape="rect" href="https://todo.ly/">https://todo.ly/</a>
        </td>
      </tr>
      <tr>
        <td colspan="1" rowspan="1" class="indent2" width="20%">Método</td>
        <td colspan="1" rowspan="1" width="80%">GET</td>
      </tr>
      <tr>
        <td colspan="1" rowspan="1" class="indent2" width="20%">Parámetros</td>
        <td colspan="1" rowspan="1" width="80%"/>
      </tr>
      <tr>
        <td colspan="1" rowspan="1" class="indent2" width="20%">Ataque</td>
        <td colspan="1" rowspan="1" width="80%"/>
      </tr>
      <tr>
        <td colspan="1" rowspan="1" class="indent2" width="20%">Evidencia</td>
        <td colspan="1" rowspan="1" width="80%">&lt;form method="post" action="./" id="aspnetForm"&gt;</td>
      </tr>
      <tr>
        <td colspan="1" rowspan="1" class="indent2" width="20%">Other Info</td>
        <td colspan="1" rowspan="1" width="80%">Ninguna ficha (token) Anti-CSRF [anticsrf, CSRFToken, __RequestVerificationToken, csrfmiddlewaretoken, authenticity_token, OWASP_CSRFTOKEN, anoncsrf, csrf_token, _csrf, _csrfSecret, __csrf_magic, CSRF, _token, _csrf_token] fue encontrada en los siguientes formularios HTML: [Form 1: "__EVENTARGUMENT" "__EVENTTARGET" "__EVENTVALIDATION" "__VIEWSTATE" "__VIEWSTATEGENERATOR" "AddItemAdvDate" "Button1" "ButtonAddShare" "BYDAY" "BYMONTHDAY" "CbApplyToSubProjects" "CbEditNotesOnClick" "CbShowContextRightClick" "CbShowProjectTag" "ctl00_MainContent_MainControl_TextBox_preloadedDefaultProjectId" "ctl00_MainContent_MainControl_TextBox_preloadedFiltersDataJson" "ctl00_MainContent_MainControl_TextBox_preloadedProjectItemsDataJson" "ctl00_MainContent_MainControl_TextBox_preloadedProjectsDataJson" "ctl00_MainContent_MainControl_TextBox_preloadedUiSettings" "ctl00_MainContent_MainControl_TextBox_preloadedUserInfoDataJson" "DeleteAccountBtn" "EditDueDateAdvDate" "EmailInput" "FullNameInput" "ItemCheckBox" "ItemEditTextbox" "LinkShowDueDateSave" "NewItemAddButton" "NewProjNameButton" "NewProjNameInput" "TextPwNew" "TextPwOld" "TextShareEmail" "WeekDay0" "WeekDay1" "WeekDay2" "WeekDay3" "WeekDay4" "WeekDay5" "WeekDay6" ].  </td>
      </tr>
      <tr>
        <td colspan="1" rowspan="1" class="indent1" width="20%">URL</td>
        <td colspan="1" rowspan="1" width="80%">
          <a shape="rect" href="https://todo.ly/">https://todo.ly/</a>
        </td>
      </tr>
      <tr>
        <td colspan="1" rowspan="1" class="indent2" width="20%">Método</td>
        <td colspan="1" rowspan="1" width="80%">GET</td>
      </tr>
      <tr>
        <td colspan="1" rowspan="1" class="indent2" width="20%">Parámetros</td>
        <td colspan="1" rowspan="1" width="80%"/>
      </tr>
      <tr>
        <td colspan="1" rowspan="1" class="indent2" width="20%">Ataque</td>
        <td colspan="1" rowspan="1" width="80%"/>
      </tr>
      <tr>
        <td colspan="1" rowspan="1" class="indent2" width="20%">Evidencia</td>
        <td colspan="1" rowspan="1" width="80%">&lt;form method="post" action="./" id="aspnetForm"&gt;</td>
      </tr>
      <tr>
        <td colspan="1" rowspan="1" class="indent2" width="20%">Other Info</td>
        <td colspan="1" rowspan="1" width="80%">Ninguna ficha (token) Anti-CSRF [anticsrf, CSRFToken, __RequestVerificationToken, csrfmiddlewaretoken, authenticity_token, OWASP_CSRFTOKEN, anoncsrf, csrf_token, _csrf, _csrfSecret, __csrf_magic, CSRF, _token, _csrf_token] fue encontrada en los siguientes formularios HTML: [Form 1: "__EVENTARGUMENT" "__EVENTTARGET" "__EVENTVALIDATION" "__VIEWSTATE" "__VIEWSTATEGENERATOR" "ctl00_MainContent_LoginControl1_ButtonLogin" "ctl00_MainContent_LoginControl1_ButtonSend" "ctl00_MainContent_LoginControl1_CbRemember" "ctl00_MainContent_LoginControl1_TextBoxEmail" "ctl00_MainContent_LoginControl1_TextBoxForgotPwdEmail" "ctl00_MainContent_LoginControl1_TextBoxPassword" "ctl00_MainContent_SignupControl1_ButtonSignup" "ctl00_MainContent_SignupControl1_CheckBoxTerms" "ctl00_MainContent_SignupControl1_TextBoxEmail" "ctl00_MainContent_SignupControl1_TextBoxFullName" "ctl00_MainContent_SignupControl1_TextBoxPassword" ].  </td>
      </tr>
      <tr>
        <td colspan="1" rowspan="1" width="20%">Instancia</td>
        <td colspan="1" rowspan="1" width="80%">2</td>
      </tr>
      <tr>
        <td colspan="1" rowspan="1" width="20%">Solución</td>
        <td colspan="1" rowspan="1" width="80%">
          <div>Fase: Arquitectura y Diseño</div>
          <br clear="none"/>
          <div>Utilizar una biblioteca o framework verificado y confiable que evite esta vulnerabilidad o proporcione elementos que faciliten evitarla.</div>
          <br clear="none"/>
          <div>Por ejemplo, utilice el paquete anti-CSRG como el CSRGuard de OWASP.</div>
          <br clear="none"/>
          <div>Fase: Implementación</div>
          <br clear="none"/>
          <div>Asegúrese de que su aplicación esté libre de fallas de secuencias de comandos entre sitios, ya que la mayoría de las defensas de CSRF pueden detenerse por alto por medio del uso de secuencias de comandos manejadas por el atacante.</div>
          <br clear="none"/>
          <div>Fase: Arquitectura y Diseño</div>
          <br clear="none"/>
          <div>Origina un nonce único para cada uno de los formularios, coloque el nonce en el formularo y confirme la independencia al obtener el formulario. Asegúrese de que el nonce no sea predecible (CWE-330).</div>
          <br clear="none"/>
          <div>Usted tiene que tener en cuenta que esto puede pasar desapercibido utilizando XSS.</div>
          <br clear="none"/>
          <div>Identificar las operaciones que sean especialmente peligrosas. Cuando el usuario desarrolla una operación peligrosa, envíe una solicitud de confirmación de forma separada para poder garantizar que el usuario tenga la intención de desarrollar esa operación.</div>
          <br clear="none"/>
          <div>Usted tiene que tener en cuenta que esto puede pasar desapercibido utilizando XSS.</div>
          <br clear="none"/>
          <div>Utilice el control de gestión de la sesión de ESAPI.</div>
          <br clear="none"/>
          <div>Este control introduce un elemento para CSRF.</div>
          <br clear="none"/>
          <div>No utilice el método GET para ninguna de las solicitudes que puedan desencadenar un cambio de estado.</div>
          <br clear="none"/>
          <div>Fase: Implementación</div>
          <br clear="none"/>
          <div>Revise que la solicitud se creó en la página esperada. Esto podría quebrar la funcionalidad auténtica, ya que los usuarios o los representantes puede ser que hayan desactivado el envío de Referer por motivos de privacidad.</div>
        </td>
      </tr>
      <tr>
        <td colspan="1" rowspan="1" width="20%">Referencia</td>
        <td colspan="1" rowspan="1" width="80%">
          <a shape="rect" href="https://cheatsheetseries.owasp.org/cheatsheets/Cross-Site_Request_Forgery_Prevention_Cheat_Sheet.html">https://cheatsheetseries.owasp.org/cheatsheets/Cross-Site_Request_Forgery_Prevention_Cheat_Sheet.html</a>
          <br clear="none"/>
          <a shape="rect" href="https://cwe.mitre.org/data/definitions/352.html">https://cwe.mitre.org/data/definitions/352.html</a>
        </td>
      </tr>
      <tr>
        <td colspan="1" rowspan="1" width="20%">CWE Id</td>
        <td colspan="1" rowspan="1" width="80%">
          <a shape="rect" href="https://cwe.mitre.org/data/definitions/352.html">352</a>
        </td>
      </tr>
      <tr>
        <td colspan="1" rowspan="1" width="20%">WASC Id</td>
        <td colspan="1" rowspan="1" width="80%">9</td>
      </tr>
      <tr>
        <td colspan="1" rowspan="1" width="20%">Plugin Id</td>
        <td colspan="1" rowspan="1" width="80%">
          <a shape="rect" href="https://www.zaproxy.org/docs/alerts/10202/">10202</a>
        </td>
      </tr>
    </table>
    <div class="spacer"/>
    <table class="results">
      <tr height="24">
        <th colspan="1" rowspan="1" class="risk-2" width="20%">
          <a shape="rect" id="10038"/>
          <div>Medio</div>
        </th>
        <th colspan="1" rowspan="1" class="risk-2">Cabecera Content Security Policy (CSP) no configurada</th>
      </tr>
      <tr>
        <td colspan="1" rowspan="1" width="20%">Descripción</td>
        <td colspan="1" rowspan="1" width="80%">
          <div>La Política de seguridad de contenido (CSP) es una capa adicional de seguridad que ayuda a detectar y mitigar ciertos tipos de ataques, incluidos Cross Site Scripting (XSS) y ataques de inyección de datos. Estos ataques se utilizan para todo, desde el robo de datos hasta la desfiguración del sitio o la distribución de malware. CSP proporciona un conjunto de encabezados HTTP estándar que permiten a los propietarios de sitios web declarar fuentes de contenido aprobadas que los navegadores deberían poder cargar en esa página; los tipos cubiertos son JavaScript, CSS, marcos HTML, fuentes, imágenes y objetos incrustados como applets de Java, ActiveX, archivos de audio y video.</div>
        </td>
      </tr>
      <tr valign="top">
        <td colspan="2" rowspan="1"/>
      </tr>
      <tr>
        <td colspan="1" rowspan="1" class="indent1" width="20%">URL</td>
        <td colspan="1" rowspan="1" width="80%">
          <a shape="rect" href="https://demo.owasp-juice.shop/">https://demo.owasp-juice.shop/</a>
        </td>
      </tr>
      <tr>
        <td colspan="1" rowspan="1" class="indent2" width="20%">Método</td>
        <td colspan="1" rowspan="1" width="80%">GET</td>
      </tr>
      <tr>
        <td colspan="1" rowspan="1" class="indent2" width="20%">Parámetros</td>
        <td colspan="1" rowspan="1" width="80%"/>
      </tr>
      <tr>
        <td colspan="1" rowspan="1" class="indent2" width="20%">Ataque</td>
        <td colspan="1" rowspan="1" width="80%"/>
      </tr>
      <tr>
        <td colspan="1" rowspan="1" class="indent2" width="20%">Evidencia</td>
        <td colspan="1" rowspan="1" width="80%"/>
      </tr>
      <tr>
        <td colspan="1" rowspan="1" class="indent2" width="20%">Other Info</td>
        <td colspan="1" rowspan="1" width="80%"/>
      </tr>
      <tr>
        <td colspan="1" rowspan="1" class="indent1" width="20%">URL</td>
        <td colspan="1" rowspan="1" width="80%">
          <a shape="rect" href="https://optimizationguide-pa.googleapis.com/downloads?name=1679317318&amp;target=OPTIMIZATION_TARGET_LANGUAGE_DETECTION">https://optimizationguide-pa.googleapis.com/downloads?name=1679317318&amp;target=OPTIMIZATION_TARGET_LANGUAGE_DETECTION</a>
        </td>
      </tr>
      <tr>
        <td colspan="1" rowspan="1" class="indent2" width="20%">Método</td>
        <td colspan="1" rowspan="1" width="80%">GET</td>
      </tr>
      <tr>
        <td colspan="1" rowspan="1" class="indent2" width="20%">Parámetros</td>
        <td colspan="1" rowspan="1" width="80%"/>
      </tr>
      <tr>
        <td colspan="1" rowspan="1" class="indent2" width="20%">Ataque</td>
        <td colspan="1" rowspan="1" width="80%"/>
      </tr>
      <tr>
        <td colspan="1" rowspan="1" class="indent2" width="20%">Evidencia</td>
        <td colspan="1" rowspan="1" width="80%"/>
      </tr>
      <tr>
        <td colspan="1" rowspan="1" class="indent2" width="20%">Other Info</td>
        <td colspan="1" rowspan="1" width="80%"/>
      </tr>
      <tr>
        <td colspan="1" rowspan="1" class="indent1" width="20%">URL</td>
        <td colspan="1" rowspan="1" width="80%">
          <a shape="rect" href="https://optimizationguide-pa.googleapis.com/downloads?name=1689043206&amp;target=OPTIMIZATION_TARGET_VISUAL_SEARCH_CLASSIFICATION">https://optimizationguide-pa.googleapis.com/downloads?name=1689043206&amp;target=OPTIMIZATION_TARGET_VISUAL_SEARCH_CLASSIFICATION</a>
        </td>
      </tr>
      <tr>
        <td colspan="1" rowspan="1" class="indent2" width="20%">Método</td>
        <td colspan="1" rowspan="1" width="80%">GET</td>
      </tr>
      <tr>
        <td colspan="1" rowspan="1" class="indent2" width="20%">Parámetros</td>
        <td colspan="1" rowspan="1" width="80%"/>
      </tr>
      <tr>
        <td colspan="1" rowspan="1" class="indent2" width="20%">Ataque</td>
        <td colspan="1" rowspan="1" width="80%"/>
      </tr>
      <tr>
        <td colspan="1" rowspan="1" class="indent2" width="20%">Evidencia</td>
        <td colspan="1" rowspan="1" width="80%"/>
      </tr>
      <tr>
        <td colspan="1" rowspan="1" class="indent2" width="20%">Other Info</td>
        <td colspan="1" rowspan="1" width="80%"/>
      </tr>
      <tr>
        <td colspan="1" rowspan="1" class="indent1" width="20%">URL</td>
        <td colspan="1" rowspan="1" width="80%">
          <a shape="rect" href="https://optimizationguide-pa.googleapis.com/downloads?name=1691042511&amp;target=OPTIMIZATION_TARGET_NEW_TAB_PAGE_HISTORY_CLUSTERS_MODULE_RANKING">https://optimizationguide-pa.googleapis.com/downloads?name=1691042511&amp;target=OPTIMIZATION_TARGET_NEW_TAB_PAGE_HISTORY_CLUSTERS_MODULE_RANKING</a>
        </td>
      </tr>
      <tr>
        <td colspan="1" rowspan="1" class="indent2" width="20%">Método</td>
        <td colspan="1" rowspan="1" width="80%">GET</td>
      </tr>
      <tr>
        <td colspan="1" rowspan="1" class="indent2" width="20%">Parámetros</td>
        <td colspan="1" rowspan="1" width="80%"/>
      </tr>
      <tr>
        <td colspan="1" rowspan="1" class="indent2" width="20%">Ataque</td>
        <td colspan="1" rowspan="1" width="80%"/>
      </tr>
      <tr>
        <td colspan="1" rowspan="1" class="indent2" width="20%">Evidencia</td>
        <td colspan="1" rowspan="1" width="80%"/>
      </tr>
      <tr>
        <td colspan="1" rowspan="1" class="indent2" width="20%">Other Info</td>
        <td colspan="1" rowspan="1" width="80%"/>
      </tr>
      <tr>
        <td colspan="1" rowspan="1" class="indent1" width="20%">URL</td>
        <td colspan="1" rowspan="1" width="80%">
          <a shape="rect" href="https://optimizationguide-pa.googleapis.com/downloads?name=1696267841&amp;target=OPTIMIZATION_TARGET_OMNIBOX_URL_SCORING">https://optimizationguide-pa.googleapis.com/downloads?name=1696267841&amp;target=OPTIMIZATION_TARGET_OMNIBOX_URL_SCORING</a>
        </td>
      </tr>
      <tr>
        <td colspan="1" rowspan="1" class="indent2" width="20%">Método</td>
        <td colspan="1" rowspan="1" width="80%">GET</td>
      </tr>
      <tr>
        <td colspan="1" rowspan="1" class="indent2" width="20%">Parámetros</td>
        <td colspan="1" rowspan="1" width="80%"/>
      </tr>
      <tr>
        <td colspan="1" rowspan="1" class="indent2" width="20%">Ataque</td>
        <td colspan="1" rowspan="1" width="80%"/>
      </tr>
      <tr>
        <td colspan="1" rowspan="1" class="indent2" width="20%">Evidencia</td>
        <td colspan="1" rowspan="1" width="80%"/>
      </tr>
      <tr>
        <td colspan="1" rowspan="1" class="indent2" width="20%">Other Info</td>
        <td colspan="1" rowspan="1" width="80%"/>
      </tr>
      <tr>
        <td colspan="1" rowspan="1" class="indent1" width="20%">URL</td>
        <td colspan="1" rowspan="1" width="80%">
          <a shape="rect" href="https://optimizationguide-pa.googleapis.com/downloads?name=1715213284&amp;target=OPTIMIZATION_TARGET_TEXT_SAFETY">https://optimizationguide-pa.googleapis.com/downloads?name=1715213284&amp;target=OPTIMIZATION_TARGET_TEXT_SAFETY</a>
        </td>
      </tr>
      <tr>
        <td colspan="1" rowspan="1" class="indent2" width="20%">Método</td>
        <td colspan="1" rowspan="1" width="80%">GET</td>
      </tr>
      <tr>
        <td colspan="1" rowspan="1" class="indent2" width="20%">Parámetros</td>
        <td colspan="1" rowspan="1" width="80%"/>
      </tr>
      <tr>
        <td colspan="1" rowspan="1" class="indent2" width="20%">Ataque</td>
        <td colspan="1" rowspan="1" width="80%"/>
      </tr>
      <tr>
        <td colspan="1" rowspan="1" class="indent2" width="20%">Evidencia</td>
        <td colspan="1" rowspan="1" width="80%"/>
      </tr>
      <tr>
        <td colspan="1" rowspan="1" class="indent2" width="20%">Other Info</td>
        <td colspan="1" rowspan="1" width="80%"/>
      </tr>
      <tr>
        <td colspan="1" rowspan="1" class="indent1" width="20%">URL</td>
        <td colspan="1" rowspan="1" width="80%">
          <a shape="rect" href="https://optimizationguide-pa.googleapis.com/downloads?name=1721660842&amp;target=OPTIMIZATION_TARGET_CLIENT_SIDE_PHISHING">https://optimizationguide-pa.googleapis.com/downloads?name=1721660842&amp;target=OPTIMIZATION_TARGET_CLIENT_SIDE_PHISHING</a>
        </td>
      </tr>
      <tr>
        <td colspan="1" rowspan="1" class="indent2" width="20%">Método</td>
        <td colspan="1" rowspan="1" width="80%">GET</td>
      </tr>
      <tr>
        <td colspan="1" rowspan="1" class="indent2" width="20%">Parámetros</td>
        <td colspan="1" rowspan="1" width="80%"/>
      </tr>
      <tr>
        <td colspan="1" rowspan="1" class="indent2" width="20%">Ataque</td>
        <td colspan="1" rowspan="1" width="80%"/>
      </tr>
      <tr>
        <td colspan="1" rowspan="1" class="indent2" width="20%">Evidencia</td>
        <td colspan="1" rowspan="1" width="80%"/>
      </tr>
      <tr>
        <td colspan="1" rowspan="1" class="indent2" width="20%">Other Info</td>
        <td colspan="1" rowspan="1" width="80%"/>
      </tr>
      <tr>
        <td colspan="1" rowspan="1" class="indent1" width="20%">URL</td>
        <td colspan="1" rowspan="1" width="80%">
          <a shape="rect" href="https://optimizationguide-pa.googleapis.com/downloads?name=1721660892&amp;target=OPTIMIZATION_TARGET_GEOLOCATION_PERMISSION_PREDICTIONS">https://optimizationguide-pa.googleapis.com/downloads?name=1721660892&amp;target=OPTIMIZATION_TARGET_GEOLOCATION_PERMISSION_PREDICTIONS</a>
        </td>
      </tr>
      <tr>
        <td colspan="1" rowspan="1" class="indent2" width="20%">Método</td>
        <td colspan="1" rowspan="1" width="80%">GET</td>
      </tr>
      <tr>
        <td colspan="1" rowspan="1" class="indent2" width="20%">Parámetros</td>
        <td colspan="1" rowspan="1" width="80%"/>
      </tr>
      <tr>
        <td colspan="1" rowspan="1" class="indent2" width="20%">Ataque</td>
        <td colspan="1" rowspan="1" width="80%"/>
      </tr>
      <tr>
        <td colspan="1" rowspan="1" class="indent2" width="20%">Evidencia</td>
        <td colspan="1" rowspan="1" width="80%"/>
      </tr>
      <tr>
        <td colspan="1" rowspan="1" class="indent2" width="20%">Other Info</td>
        <td colspan="1" rowspan="1" width="80%"/>
      </tr>
      <tr>
        <td colspan="1" rowspan="1" class="indent1" width="20%">URL</td>
        <td colspan="1" rowspan="1" width="80%">
          <a shape="rect" href="https://optimizationguide-pa.googleapis.com/downloads?name=1721660925&amp;target=OPTIMIZATION_TARGET_NOTIFICATION_PERMISSION_PREDICTIONS">https://optimizationguide-pa.googleapis.com/downloads?name=1721660925&amp;target=OPTIMIZATION_TARGET_NOTIFICATION_PERMISSION_PREDICTIONS</a>
        </td>
      </tr>
      <tr>
        <td colspan="1" rowspan="1" class="indent2" width="20%">Método</td>
        <td colspan="1" rowspan="1" width="80%">GET</td>
      </tr>
      <tr>
        <td colspan="1" rowspan="1" class="indent2" width="20%">Parámetros</td>
        <td colspan="1" rowspan="1" width="80%"/>
      </tr>
      <tr>
        <td colspan="1" rowspan="1" class="indent2" width="20%">Ataque</td>
        <td colspan="1" rowspan="1" width="80%"/>
      </tr>
      <tr>
        <td colspan="1" rowspan="1" class="indent2" width="20%">Evidencia</td>
        <td colspan="1" rowspan="1" width="80%"/>
      </tr>
      <tr>
        <td colspan="1" rowspan="1" class="indent2" width="20%">Other Info</td>
        <td colspan="1" rowspan="1" width="80%"/>
      </tr>
      <tr>
        <td colspan="1" rowspan="1" class="indent1" width="20%">URL</td>
        <td colspan="1" rowspan="1" width="80%">
          <a shape="rect" href="https://optimizationguide-pa.googleapis.com/downloads?name=5&amp;target=OPTIMIZATION_TARGET_PAGE_TOPICS_V2">https://optimizationguide-pa.googleapis.com/downloads?name=5&amp;target=OPTIMIZATION_TARGET_PAGE_TOPICS_V2</a>
        </td>
      </tr>
      <tr>
        <td colspan="1" rowspan="1" class="indent2" width="20%">Método</td>
        <td colspan="1" rowspan="1" width="80%">GET</td>
      </tr>
      <tr>
        <td colspan="1" rowspan="1" class="indent2" width="20%">Parámetros</td>
        <td colspan="1" rowspan="1" width="80%"/>
      </tr>
      <tr>
        <td colspan="1" rowspan="1" class="indent2" width="20%">Ataque</td>
        <td colspan="1" rowspan="1" width="80%"/>
      </tr>
      <tr>
        <td colspan="1" rowspan="1" class="indent2" width="20%">Evidencia</td>
        <td colspan="1" rowspan="1" width="80%"/>
      </tr>
      <tr>
        <td colspan="1" rowspan="1" class="indent2" width="20%">Other Info</td>
        <td colspan="1" rowspan="1" width="80%"/>
      </tr>
      <tr>
        <td colspan="1" rowspan="1" class="indent1" width="20%">URL</td>
        <td colspan="1" rowspan="1" width="80%">
          <a shape="rect" href="https://todo.ly/">https://todo.ly/</a>
        </td>
      </tr>
      <tr>
        <td colspan="1" rowspan="1" class="indent2" width="20%">Método</td>
        <td colspan="1" rowspan="1" width="80%">GET</td>
      </tr>
      <tr>
        <td colspan="1" rowspan="1" class="indent2" width="20%">Parámetros</td>
        <td colspan="1" rowspan="1" width="80%"/>
      </tr>
      <tr>
        <td colspan="1" rowspan="1" class="indent2" width="20%">Ataque</td>
        <td colspan="1" rowspan="1" width="80%"/>
      </tr>
      <tr>
        <td colspan="1" rowspan="1" class="indent2" width="20%">Evidencia</td>
        <td colspan="1" rowspan="1" width="80%"/>
      </tr>
      <tr>
        <td colspan="1" rowspan="1" class="indent2" width="20%">Other Info</td>
        <td colspan="1" rowspan="1" width="80%"/>
      </tr>
      <tr>
        <td colspan="1" rowspan="1" class="indent1" width="20%">URL</td>
        <td colspan="1" rowspan="1" width="80%">
          <a shape="rect" href="https://demo.owasp-juice.shop/socket.io/?EIO=4&amp;transport=polling&amp;t=P5eDi1D&amp;sid=3YzakH4yE0404A-FAAQX">https://demo.owasp-juice.shop/socket.io/?EIO=4&amp;transport=polling&amp;t=P5eDi1D&amp;sid=3YzakH4yE0404A-FAAQX</a>
        </td>
      </tr>
      <tr>
        <td colspan="1" rowspan="1" class="indent2" width="20%">Método</td>
        <td colspan="1" rowspan="1" width="80%">POST</td>
      </tr>
      <tr>
        <td colspan="1" rowspan="1" class="indent2" width="20%">Parámetros</td>
        <td colspan="1" rowspan="1" width="80%"/>
      </tr>
      <tr>
        <td colspan="1" rowspan="1" class="indent2" width="20%">Ataque</td>
        <td colspan="1" rowspan="1" width="80%"/>
      </tr>
      <tr>
        <td colspan="1" rowspan="1" class="indent2" width="20%">Evidencia</td>
        <td colspan="1" rowspan="1" width="80%"/>
      </tr>
      <tr>
        <td colspan="1" rowspan="1" class="indent2" width="20%">Other Info</td>
        <td colspan="1" rowspan="1" width="80%"/>
      </tr>
      <tr>
        <td colspan="1" rowspan="1" class="indent1" width="20%">URL</td>
        <td colspan="1" rowspan="1" width="80%">
          <a shape="rect" href="https://demo.owasp-juice.shop/socket.io/?EIO=4&amp;transport=polling&amp;t=P5eDwjZ&amp;sid=zZ9WE7Jsg7O2fa9jAAQ9">https://demo.owasp-juice.shop/socket.io/?EIO=4&amp;transport=polling&amp;t=P5eDwjZ&amp;sid=zZ9WE7Jsg7O2fa9jAAQ9</a>
        </td>
      </tr>
      <tr>
        <td colspan="1" rowspan="1" class="indent2" width="20%">Método</td>
        <td colspan="1" rowspan="1" width="80%">POST</td>
      </tr>
      <tr>
        <td colspan="1" rowspan="1" class="indent2" width="20%">Parámetros</td>
        <td colspan="1" rowspan="1" width="80%"/>
      </tr>
      <tr>
        <td colspan="1" rowspan="1" class="indent2" width="20%">Ataque</td>
        <td colspan="1" rowspan="1" width="80%"/>
      </tr>
      <tr>
        <td colspan="1" rowspan="1" class="indent2" width="20%">Evidencia</td>
        <td colspan="1" rowspan="1" width="80%"/>
      </tr>
      <tr>
        <td colspan="1" rowspan="1" class="indent2" width="20%">Other Info</td>
        <td colspan="1" rowspan="1" width="80%"/>
      </tr>
      <tr>
        <td colspan="1" rowspan="1" class="indent1" width="20%">URL</td>
        <td colspan="1" rowspan="1" width="80%">
          <a shape="rect" href="https://demo.owasp-juice.shop/socket.io/?EIO=4&amp;transport=polling&amp;t=P5eE3KX&amp;sid=7owDv-WBO4vaB6t3AARZ">https://demo.owasp-juice.shop/socket.io/?EIO=4&amp;transport=polling&amp;t=P5eE3KX&amp;sid=7owDv-WBO4vaB6t3AARZ</a>
        </td>
      </tr>
      <tr>
        <td colspan="1" rowspan="1" class="indent2" width="20%">Método</td>
        <td colspan="1" rowspan="1" width="80%">POST</td>
      </tr>
      <tr>
        <td colspan="1" rowspan="1" class="indent2" width="20%">Parámetros</td>
        <td colspan="1" rowspan="1" width="80%"/>
      </tr>
      <tr>
        <td colspan="1" rowspan="1" class="indent2" width="20%">Ataque</td>
        <td colspan="1" rowspan="1" width="80%"/>
      </tr>
      <tr>
        <td colspan="1" rowspan="1" class="indent2" width="20%">Evidencia</td>
        <td colspan="1" rowspan="1" width="80%"/>
      </tr>
      <tr>
        <td colspan="1" rowspan="1" class="indent2" width="20%">Other Info</td>
        <td colspan="1" rowspan="1" width="80%"/>
      </tr>
      <tr>
        <td colspan="1" rowspan="1" class="indent1" width="20%">URL</td>
        <td colspan="1" rowspan="1" width="80%">
          <a shape="rect" href="https://demo.owasp-juice.shop/socket.io/?EIO=4&amp;transport=polling&amp;t=P5eEGiz&amp;sid=siOkhKcUcU8D1IWdAARy">https://demo.owasp-juice.shop/socket.io/?EIO=4&amp;transport=polling&amp;t=P5eEGiz&amp;sid=siOkhKcUcU8D1IWdAARy</a>
        </td>
      </tr>
      <tr>
        <td colspan="1" rowspan="1" class="indent2" width="20%">Método</td>
        <td colspan="1" rowspan="1" width="80%">POST</td>
      </tr>
      <tr>
        <td colspan="1" rowspan="1" class="indent2" width="20%">Parámetros</td>
        <td colspan="1" rowspan="1" width="80%"/>
      </tr>
      <tr>
        <td colspan="1" rowspan="1" class="indent2" width="20%">Ataque</td>
        <td colspan="1" rowspan="1" width="80%"/>
      </tr>
      <tr>
        <td colspan="1" rowspan="1" class="indent2" width="20%">Evidencia</td>
        <td colspan="1" rowspan="1" width="80%"/>
      </tr>
      <tr>
        <td colspan="1" rowspan="1" class="indent2" width="20%">Other Info</td>
        <td colspan="1" rowspan="1" width="80%"/>
      </tr>
      <tr>
        <td colspan="1" rowspan="1" class="indent1" width="20%">URL</td>
        <td colspan="1" rowspan="1" width="80%">
          <a shape="rect" href="https://demo.owasp-juice.shop/socket.io/?EIO=4&amp;transport=polling&amp;t=P5eErFc&amp;sid=8XjwdI-N9bmNoL3qAASh">https://demo.owasp-juice.shop/socket.io/?EIO=4&amp;transport=polling&amp;t=P5eErFc&amp;sid=8XjwdI-N9bmNoL3qAASh</a>
        </td>
      </tr>
      <tr>
        <td colspan="1" rowspan="1" class="indent2" width="20%">Método</td>
        <td colspan="1" rowspan="1" width="80%">POST</td>
      </tr>
      <tr>
        <td colspan="1" rowspan="1" class="indent2" width="20%">Parámetros</td>
        <td colspan="1" rowspan="1" width="80%"/>
      </tr>
      <tr>
        <td colspan="1" rowspan="1" class="indent2" width="20%">Ataque</td>
        <td colspan="1" rowspan="1" width="80%"/>
      </tr>
      <tr>
        <td colspan="1" rowspan="1" class="indent2" width="20%">Evidencia</td>
        <td colspan="1" rowspan="1" width="80%"/>
      </tr>
      <tr>
        <td colspan="1" rowspan="1" class="indent2" width="20%">Other Info</td>
        <td colspan="1" rowspan="1" width="80%"/>
      </tr>
      <tr>
        <td colspan="1" rowspan="1" class="indent1" width="20%">URL</td>
        <td colspan="1" rowspan="1" width="80%">
          <a shape="rect" href="https://demo.owasp-juice.shop/socket.io/?EIO=4&amp;transport=polling&amp;t=P5eExME&amp;sid=8XjwdI-N9bmNoL3qAASh">https://demo.owasp-juice.shop/socket.io/?EIO=4&amp;transport=polling&amp;t=P5eExME&amp;sid=8XjwdI-N9bmNoL3qAASh</a>
        </td>
      </tr>
      <tr>
        <td colspan="1" rowspan="1" class="indent2" width="20%">Método</td>
        <td colspan="1" rowspan="1" width="80%">POST</td>
      </tr>
      <tr>
        <td colspan="1" rowspan="1" class="indent2" width="20%">Parámetros</td>
        <td colspan="1" rowspan="1" width="80%"/>
      </tr>
      <tr>
        <td colspan="1" rowspan="1" class="indent2" width="20%">Ataque</td>
        <td colspan="1" rowspan="1" width="80%"/>
      </tr>
      <tr>
        <td colspan="1" rowspan="1" class="indent2" width="20%">Evidencia</td>
        <td colspan="1" rowspan="1" width="80%"/>
      </tr>
      <tr>
        <td colspan="1" rowspan="1" class="indent2" width="20%">Other Info</td>
        <td colspan="1" rowspan="1" width="80%"/>
      </tr>
      <tr>
        <td colspan="1" rowspan="1" class="indent1" width="20%">URL</td>
        <td colspan="1" rowspan="1" width="80%">
          <a shape="rect" href="https://demo.owasp-juice.shop/socket.io/?EIO=4&amp;transport=polling&amp;t=P5eExmF&amp;sid=kZ26VJOLwn-6K0JsAASt">https://demo.owasp-juice.shop/socket.io/?EIO=4&amp;transport=polling&amp;t=P5eExmF&amp;sid=kZ26VJOLwn-6K0JsAASt</a>
        </td>
      </tr>
      <tr>
        <td colspan="1" rowspan="1" class="indent2" width="20%">Método</td>
        <td colspan="1" rowspan="1" width="80%">POST</td>
      </tr>
      <tr>
        <td colspan="1" rowspan="1" class="indent2" width="20%">Parámetros</td>
        <td colspan="1" rowspan="1" width="80%"/>
      </tr>
      <tr>
        <td colspan="1" rowspan="1" class="indent2" width="20%">Ataque</td>
        <td colspan="1" rowspan="1" width="80%"/>
      </tr>
      <tr>
        <td colspan="1" rowspan="1" class="indent2" width="20%">Evidencia</td>
        <td colspan="1" rowspan="1" width="80%"/>
      </tr>
      <tr>
        <td colspan="1" rowspan="1" class="indent2" width="20%">Other Info</td>
        <td colspan="1" rowspan="1" width="80%"/>
      </tr>
      <tr>
        <td colspan="1" rowspan="1" width="20%">Instancia</td>
        <td colspan="1" rowspan="1" width="80%">18</td>
      </tr>
      <tr>
        <td colspan="1" rowspan="1" width="20%">Solución</td>
        <td colspan="1" rowspan="1" width="80%">
          <div>Asegúrese de que su servidor web, servidor de aplicaciones, balanceador de carga, etc. esté configurado para establecer la cabecera Content-Security-Policy.</div>
        </td>
      </tr>
      <tr>
        <td colspan="1" rowspan="1" width="20%">Referencia</td>
        <td colspan="1" rowspan="1" width="80%">
          <a shape="rect" href="https://developer.mozilla.org/en-US/docs/Web/Security/CSP/Introducing_Content_Security_Policy">https://developer.mozilla.org/en-US/docs/Web/Security/CSP/Introducing_Content_Security_Policy</a>
          <br clear="none"/>
          <a shape="rect" href="https://cheatsheetseries.owasp.org/cheatsheets/Content_Security_Policy_Cheat_Sheet.html">https://cheatsheetseries.owasp.org/cheatsheets/Content_Security_Policy_Cheat_Sheet.html</a>
          <br clear="none"/>
          <a shape="rect" href="https://www.w3.org/TR/CSP/">https://www.w3.org/TR/CSP/</a>
          <br clear="none"/>
          <a shape="rect" href="https://w3c.github.io/webappsec-csp/">https://w3c.github.io/webappsec-csp/</a>
          <br clear="none"/>
          <a shape="rect" href="https://web.dev/articles/csp">https://web.dev/articles/csp</a>
          <br clear="none"/>
          <a shape="rect" href="https://caniuse.com/#feat=contentsecuritypolicy">https://caniuse.com/#feat=contentsecuritypolicy</a>
          <br clear="none"/>
          <a shape="rect" href="https://content-security-policy.com/">https://content-security-policy.com/</a>
        </td>
      </tr>
      <tr>
        <td colspan="1" rowspan="1" width="20%">CWE Id</td>
        <td colspan="1" rowspan="1" width="80%">
          <a shape="rect" href="https://cwe.mitre.org/data/definitions/693.html">693</a>
        </td>
      </tr>
      <tr>
        <td colspan="1" rowspan="1" width="20%">WASC Id</td>
        <td colspan="1" rowspan="1" width="80%">15</td>
      </tr>
      <tr>
        <td colspan="1" rowspan="1" width="20%">Plugin Id</td>
        <td colspan="1" rowspan="1" width="80%">
          <a shape="rect" href="https://www.zaproxy.org/docs/alerts/10038/">10038</a>
        </td>
      </tr>
    </table>
    <div class="spacer"/>
    <table class="results">
      <tr height="24">
        <th colspan="1" rowspan="1" class="risk-2" width="20%">
          <a shape="rect" id="20012"/>
          <div>Medio</div>
        </th>
        <th colspan="1" rowspan="1" class="risk-2">Comprobación de tokens anti-CSRF</th>
      </tr>
      <tr>
        <td colspan="1" rowspan="1" width="20%">Descripción</td>
        <td colspan="1" rowspan="1" width="80%">
          <div>Una solicutud falsa entre sitios en un ataque que compromete y obliga a una víctima a enviar su solicitud HTTP a un destino objetivo sin su conocimiento o intención para poder realizar una acción como víctima. La causa oculta es la funcionalidad de la aplicación utilizando acciones de URL/formulario que pueden ser adivinados de forma repetible. La naturaleza del ataque es que CSRG explota la confianza que un sitio web proporciona a un usuario. Por el contrario, las cadenas de comandos de los sitios cruzados (XSS) explotan la confianza que un usuario proporciona en un sitio web. Al igual que XSS, los ataques CSRG no son de forma necesaria de sitios cruzados, pero hay la posibilidad de que si pueden serlo. La falsificación de las solicitudes ente los sitios también se conoce como CSRF, XSRG, ataques con un solo clic, montaje de sesión, diputado confundido y navegación en alta mar.</div>
          <br clear="none"/>
          <div>Los ataques de CSRG son muy efectivos en varias situaciones, que incluyen:</div>
          <br clear="none"/>
          <div>*La victima tiene una sesión activa en el sitio de destino.</div>
          <br clear="none"/>
          <div>    *La víctima se autoriza por medio de la autenticación HTTP en el sitio de destino.</div>
          <br clear="none"/>
          <div>    *La víctima se encuentra en la misma red local que el sitio de destino.</div>
          <br clear="none"/>
          <div>CSRF se ha utilizado especialmente para poder realizar una acción contra un sitio objetivo utilizando los privilegios de la víctima, pero se han revelado técnicas recientes para difundir información al obtener el acceso a la respuesta. El riesgo de divulgación de información aumenta de forma drástica cuando el sitio de destino se encuentra vulnerable a XSS, porque XSS se puede utilizar como una plataforma para CSRF, lo que le permite al atacante que opere desde adentro de los líites de la misma política de origen.</div>
        </td>
      </tr>
      <tr valign="top">
        <td colspan="2" rowspan="1"/>
      </tr>
      <tr>
        <td colspan="1" rowspan="1" class="indent1" width="20%">URL</td>
        <td colspan="1" rowspan="1" width="80%">
          <a shape="rect" href="https://todo.ly">https://todo.ly</a>
        </td>
      </tr>
      <tr>
        <td colspan="1" rowspan="1" class="indent2" width="20%">Método</td>
        <td colspan="1" rowspan="1" width="80%">GET</td>
      </tr>
      <tr>
        <td colspan="1" rowspan="1" class="indent2" width="20%">Parámetros</td>
        <td colspan="1" rowspan="1" width="80%"/>
      </tr>
      <tr>
        <td colspan="1" rowspan="1" class="indent2" width="20%">Ataque</td>
        <td colspan="1" rowspan="1" width="80%"/>
      </tr>
      <tr>
        <td colspan="1" rowspan="1" class="indent2" width="20%">Evidencia</td>
        <td colspan="1" rowspan="1" width="80%">&lt;form method="post" action="./" id="aspnetForm"&gt;</td>
      </tr>
      <tr>
        <td colspan="1" rowspan="1" class="indent2" width="20%">Other Info</td>
        <td colspan="1" rowspan="1" width="80%"/>
      </tr>
      <tr>
        <td colspan="1" rowspan="1" width="20%">Instancia</td>
        <td colspan="1" rowspan="1" width="80%">1</td>
      </tr>
      <tr>
        <td colspan="1" rowspan="1" width="20%">Solución</td>
        <td colspan="1" rowspan="1" width="80%">
          <div>Fase: Arquitectura y Diseño</div>
          <br clear="none"/>
          <div>Utilizar una biblioteca o framework verificado y confiable que evite esta vulnerabilidad o proporcione elementos que faciliten evitarla.</div>
          <br clear="none"/>
          <div>Por ejemplo, utilice el paquete anti-CSRG como el CSRGuard de OWASP.</div>
          <br clear="none"/>
          <div>Fase: Implementación</div>
          <br clear="none"/>
          <div>Asegúrese de que su aplicación esté libre de fallas de secuencias de comandos entre sitios, ya que la mayoría de las defensas de CSRF pueden detenerse por alto por medio del uso de secuencias de comandos manejadas por el atacante.</div>
          <br clear="none"/>
          <div>Fase: Arquitectura y Diseño</div>
          <br clear="none"/>
          <div>Origina un nonce único para cada uno de los formularios, coloque el nonce en el formularo y confirme la independencia al obtener el formulario. Asegúrese de que el nonce no sea predecible (CWE-330).</div>
          <br clear="none"/>
          <div>Usted tiene que tener en cuenta que esto puede pasar desapercibido utilizando XSS.</div>
          <br clear="none"/>
          <div>Identificar las operaciones que sean especialmente peligrosas. Cuando el usuario desarrolla una operación peligrosa, envíe una solicitud de confirmación de forma separada para poder garantizar que el usuario tenga la intención de desarrollar esa operación.</div>
          <br clear="none"/>
          <div>Usted tiene que tener en cuenta que esto puede pasar desapercibido utilizando XSS.</div>
          <br clear="none"/>
          <div>Utilice el control de gestión de la sesión de ESAPI.</div>
          <br clear="none"/>
          <div>Este control introduce un elemento para CSRF.</div>
          <br clear="none"/>
          <div>No utilice el método GET para ninguna de las solicitudes que puedan desencadenar un cambio de estado.</div>
          <br clear="none"/>
          <div>Fase: Implementación</div>
          <br clear="none"/>
          <div>Revise que la solicitud se creó en la página esperada. Esto podría quebrar la funcionalidad auténtica, ya que los usuarios o los representantes puede ser que hayan desactivado el envío de Referer por motivos de privacidad.</div>
        </td>
      </tr>
      <tr>
        <td colspan="1" rowspan="1" width="20%">Referencia</td>
        <td colspan="1" rowspan="1" width="80%">
          <a shape="rect" href="https://cheatsheetseries.owasp.org/cheatsheets/Cross-Site_Request_Forgery_Prevention_Cheat_Sheet.html">https://cheatsheetseries.owasp.org/cheatsheets/Cross-Site_Request_Forgery_Prevention_Cheat_Sheet.html</a>
          <br clear="none"/>
          <a shape="rect" href="https://cwe.mitre.org/data/definitions/352.html">https://cwe.mitre.org/data/definitions/352.html</a>
        </td>
      </tr>
      <tr>
        <td colspan="1" rowspan="1" width="20%">CWE Id</td>
        <td colspan="1" rowspan="1" width="80%">
          <a shape="rect" href="https://cwe.mitre.org/data/definitions/352.html">352</a>
        </td>
      </tr>
      <tr>
        <td colspan="1" rowspan="1" width="20%">WASC Id</td>
        <td colspan="1" rowspan="1" width="80%">9</td>
      </tr>
      <tr>
        <td colspan="1" rowspan="1" width="20%">Plugin Id</td>
        <td colspan="1" rowspan="1" width="80%">
          <a shape="rect" href="https://www.zaproxy.org/docs/alerts/20012/">20012</a>
        </td>
      </tr>
    </table>
    <div class="spacer"/>
    <table class="results">
      <tr height="24">
        <th colspan="1" rowspan="1" class="risk-2" width="20%">
          <a shape="rect" id="10098"/>
          <div>Medio</div>
        </th>
        <th colspan="1" rowspan="1" class="risk-2">Configuración Incorrecta Cross-Domain</th>
      </tr>
      <tr>
        <td colspan="1" rowspan="1" width="20%">Descripción</td>
        <td colspan="1" rowspan="1" width="80%">
          <div>Descargas de datos del navegador web podría ser posible, debido a una desconfiguración del intercambio de recursos cruzados de origen (CORS) en el servidor web</div>
        </td>
      </tr>
      <tr valign="top">
        <td colspan="2" rowspan="1"/>
      </tr>
      <tr>
        <td colspan="1" rowspan="1" class="indent1" width="20%">URL</td>
        <td colspan="1" rowspan="1" width="80%">
          <a shape="rect" href="https://apis.google.com/_/scs/abc-static/_/js/k=gapi.gapi.en.MGCxJbnW_Xw.O/m=gapi_iframes,googleapis_client/rt=j/sv=1/d=1/ed=1/am=AAAg/rs=AHpOoo9xa4htLEVH9xe6c4ToUehtTaLWvA/cb=gapi.loaded_0">https://apis.google.com/_/scs/abc-static/_/js/k=gapi.gapi.en.MGCxJbnW_Xw.O/m=gapi_iframes,googleapis_client/rt=j/sv=1/d=1/ed=1/am=AAAg/rs=AHpOoo9xa4htLEVH9xe6c4ToUehtTaLWvA/cb=gapi.loaded_0</a>
        </td>
      </tr>
      <tr>
        <td colspan="1" rowspan="1" class="indent2" width="20%">Método</td>
        <td colspan="1" rowspan="1" width="80%">GET</td>
      </tr>
      <tr>
        <td colspan="1" rowspan="1" class="indent2" width="20%">Parámetros</td>
        <td colspan="1" rowspan="1" width="80%"/>
      </tr>
      <tr>
        <td colspan="1" rowspan="1" class="indent2" width="20%">Ataque</td>
        <td colspan="1" rowspan="1" width="80%"/>
      </tr>
      <tr>
        <td colspan="1" rowspan="1" class="indent2" width="20%">Evidencia</td>
        <td colspan="1" rowspan="1" width="80%">Access-Control-Allow-Origin: *</td>
      </tr>
      <tr>
        <td colspan="1" rowspan="1" class="indent2" width="20%">Other Info</td>
        <td colspan="1" rowspan="1" width="80%">La desconfiguración CORS en el servidor web permite a dominios cruzados leer peticiones de dominios de terceros arbitrariamente, usando APIs sin autenticación en este dominio. Las implementaciones de navegador web no permiten a terceros arbitrarios leer la respuesta de APIs autenticados, de todas formas. Esto reduce el riesgo de alguna forma. Esta desconfiguración podría ser usada por un atacante para acceder a datos que está disponible en una manera sin autenticación, pero que usa otra forma de seguridad, tal como la dirección IP lista-blanca.</td>
      </tr>
      <tr>
        <td colspan="1" rowspan="1" class="indent1" width="20%">URL</td>
        <td colspan="1" rowspan="1" width="80%">
          <a shape="rect" href="https://cdnjs.cloudflare.com/ajax/libs/cookieconsent2/3.1.0/cookieconsent.min.css">https://cdnjs.cloudflare.com/ajax/libs/cookieconsent2/3.1.0/cookieconsent.min.css</a>
        </td>
      </tr>
      <tr>
        <td colspan="1" rowspan="1" class="indent2" width="20%">Método</td>
        <td colspan="1" rowspan="1" width="80%">GET</td>
      </tr>
      <tr>
        <td colspan="1" rowspan="1" class="indent2" width="20%">Parámetros</td>
        <td colspan="1" rowspan="1" width="80%"/>
      </tr>
      <tr>
        <td colspan="1" rowspan="1" class="indent2" width="20%">Ataque</td>
        <td colspan="1" rowspan="1" width="80%"/>
      </tr>
      <tr>
        <td colspan="1" rowspan="1" class="indent2" width="20%">Evidencia</td>
        <td colspan="1" rowspan="1" width="80%">Access-Control-Allow-Origin: *</td>
      </tr>
      <tr>
        <td colspan="1" rowspan="1" class="indent2" width="20%">Other Info</td>
        <td colspan="1" rowspan="1" width="80%">La desconfiguración CORS en el servidor web permite a dominios cruzados leer peticiones de dominios de terceros arbitrariamente, usando APIs sin autenticación en este dominio. Las implementaciones de navegador web no permiten a terceros arbitrarios leer la respuesta de APIs autenticados, de todas formas. Esto reduce el riesgo de alguna forma. Esta desconfiguración podría ser usada por un atacante para acceder a datos que está disponible en una manera sin autenticación, pero que usa otra forma de seguridad, tal como la dirección IP lista-blanca.</td>
      </tr>
      <tr>
        <td colspan="1" rowspan="1" class="indent1" width="20%">URL</td>
        <td colspan="1" rowspan="1" width="80%">
          <a shape="rect" href="https://cdnjs.cloudflare.com/ajax/libs/cookieconsent2/3.1.0/cookieconsent.min.js">https://cdnjs.cloudflare.com/ajax/libs/cookieconsent2/3.1.0/cookieconsent.min.js</a>
        </td>
      </tr>
      <tr>
        <td colspan="1" rowspan="1" class="indent2" width="20%">Método</td>
        <td colspan="1" rowspan="1" width="80%">GET</td>
      </tr>
      <tr>
        <td colspan="1" rowspan="1" class="indent2" width="20%">Parámetros</td>
        <td colspan="1" rowspan="1" width="80%"/>
      </tr>
      <tr>
        <td colspan="1" rowspan="1" class="indent2" width="20%">Ataque</td>
        <td colspan="1" rowspan="1" width="80%"/>
      </tr>
      <tr>
        <td colspan="1" rowspan="1" class="indent2" width="20%">Evidencia</td>
        <td colspan="1" rowspan="1" width="80%">Access-Control-Allow-Origin: *</td>
      </tr>
      <tr>
        <td colspan="1" rowspan="1" class="indent2" width="20%">Other Info</td>
        <td colspan="1" rowspan="1" width="80%">La desconfiguración CORS en el servidor web permite a dominios cruzados leer peticiones de dominios de terceros arbitrariamente, usando APIs sin autenticación en este dominio. Las implementaciones de navegador web no permiten a terceros arbitrarios leer la respuesta de APIs autenticados, de todas formas. Esto reduce el riesgo de alguna forma. Esta desconfiguración podría ser usada por un atacante para acceder a datos que está disponible en una manera sin autenticación, pero que usa otra forma de seguridad, tal como la dirección IP lista-blanca.</td>
      </tr>
      <tr>
        <td colspan="1" rowspan="1" class="indent1" width="20%">URL</td>
        <td colspan="1" rowspan="1" width="80%">
          <a shape="rect" href="https://cdnjs.cloudflare.com/ajax/libs/jquery/2.2.4/jquery.min.js">https://cdnjs.cloudflare.com/ajax/libs/jquery/2.2.4/jquery.min.js</a>
        </td>
      </tr>
      <tr>
        <td colspan="1" rowspan="1" class="indent2" width="20%">Método</td>
        <td colspan="1" rowspan="1" width="80%">GET</td>
      </tr>
      <tr>
        <td colspan="1" rowspan="1" class="indent2" width="20%">Parámetros</td>
        <td colspan="1" rowspan="1" width="80%"/>
      </tr>
      <tr>
        <td colspan="1" rowspan="1" class="indent2" width="20%">Ataque</td>
        <td colspan="1" rowspan="1" width="80%"/>
      </tr>
      <tr>
        <td colspan="1" rowspan="1" class="indent2" width="20%">Evidencia</td>
        <td colspan="1" rowspan="1" width="80%">Access-Control-Allow-Origin: *</td>
      </tr>
      <tr>
        <td colspan="1" rowspan="1" class="indent2" width="20%">Other Info</td>
        <td colspan="1" rowspan="1" width="80%">La desconfiguración CORS en el servidor web permite a dominios cruzados leer peticiones de dominios de terceros arbitrariamente, usando APIs sin autenticación en este dominio. Las implementaciones de navegador web no permiten a terceros arbitrarios leer la respuesta de APIs autenticados, de todas formas. Esto reduce el riesgo de alguna forma. Esta desconfiguración podría ser usada por un atacante para acceder a datos que está disponible en una manera sin autenticación, pero que usa otra forma de seguridad, tal como la dirección IP lista-blanca.</td>
      </tr>
      <tr>
        <td colspan="1" rowspan="1" class="indent1" width="20%">URL</td>
        <td colspan="1" rowspan="1" width="80%">
          <a shape="rect" href="https://demo.owasp-juice.shop/">https://demo.owasp-juice.shop/</a>
        </td>
      </tr>
      <tr>
        <td colspan="1" rowspan="1" class="indent2" width="20%">Método</td>
        <td colspan="1" rowspan="1" width="80%">GET</td>
      </tr>
      <tr>
        <td colspan="1" rowspan="1" class="indent2" width="20%">Parámetros</td>
        <td colspan="1" rowspan="1" width="80%"/>
      </tr>
      <tr>
        <td colspan="1" rowspan="1" class="indent2" width="20%">Ataque</td>
        <td colspan="1" rowspan="1" width="80%"/>
      </tr>
      <tr>
        <td colspan="1" rowspan="1" class="indent2" width="20%">Evidencia</td>
        <td colspan="1" rowspan="1" width="80%">Access-Control-Allow-Origin: *</td>
      </tr>
      <tr>
        <td colspan="1" rowspan="1" class="indent2" width="20%">Other Info</td>
        <td colspan="1" rowspan="1" width="80%">La desconfiguración CORS en el servidor web permite a dominios cruzados leer peticiones de dominios de terceros arbitrariamente, usando APIs sin autenticación en este dominio. Las implementaciones de navegador web no permiten a terceros arbitrarios leer la respuesta de APIs autenticados, de todas formas. Esto reduce el riesgo de alguna forma. Esta desconfiguración podría ser usada por un atacante para acceder a datos que está disponible en una manera sin autenticación, pero que usa otra forma de seguridad, tal como la dirección IP lista-blanca.</td>
      </tr>
      <tr>
        <td colspan="1" rowspan="1" class="indent1" width="20%">URL</td>
        <td colspan="1" rowspan="1" width="80%">
          <a shape="rect" href="https://demo.owasp-juice.shop/api/Challenges/?name=Score%20Board">https://demo.owasp-juice.shop/api/Challenges/?name=Score%20Board</a>
        </td>
      </tr>
      <tr>
        <td colspan="1" rowspan="1" class="indent2" width="20%">Método</td>
        <td colspan="1" rowspan="1" width="80%">GET</td>
      </tr>
      <tr>
        <td colspan="1" rowspan="1" class="indent2" width="20%">Parámetros</td>
        <td colspan="1" rowspan="1" width="80%"/>
      </tr>
      <tr>
        <td colspan="1" rowspan="1" class="indent2" width="20%">Ataque</td>
        <td colspan="1" rowspan="1" width="80%"/>
      </tr>
      <tr>
        <td colspan="1" rowspan="1" class="indent2" width="20%">Evidencia</td>
        <td colspan="1" rowspan="1" width="80%">Access-Control-Allow-Origin: *</td>
      </tr>
      <tr>
        <td colspan="1" rowspan="1" class="indent2" width="20%">Other Info</td>
        <td colspan="1" rowspan="1" width="80%">La desconfiguración CORS en el servidor web permite a dominios cruzados leer peticiones de dominios de terceros arbitrariamente, usando APIs sin autenticación en este dominio. Las implementaciones de navegador web no permiten a terceros arbitrarios leer la respuesta de APIs autenticados, de todas formas. Esto reduce el riesgo de alguna forma. Esta desconfiguración podría ser usada por un atacante para acceder a datos que está disponible en una manera sin autenticación, pero que usa otra forma de seguridad, tal como la dirección IP lista-blanca.</td>
      </tr>
      <tr>
        <td colspan="1" rowspan="1" class="indent1" width="20%">URL</td>
        <td colspan="1" rowspan="1" width="80%">
          <a shape="rect" href="https://demo.owasp-juice.shop/api/Quantitys/">https://demo.owasp-juice.shop/api/Quantitys/</a>
        </td>
      </tr>
      <tr>
        <td colspan="1" rowspan="1" class="indent2" width="20%">Método</td>
        <td colspan="1" rowspan="1" width="80%">GET</td>
      </tr>
      <tr>
        <td colspan="1" rowspan="1" class="indent2" width="20%">Parámetros</td>
        <td colspan="1" rowspan="1" width="80%"/>
      </tr>
      <tr>
        <td colspan="1" rowspan="1" class="indent2" width="20%">Ataque</td>
        <td colspan="1" rowspan="1" width="80%"/>
      </tr>
      <tr>
        <td colspan="1" rowspan="1" class="indent2" width="20%">Evidencia</td>
        <td colspan="1" rowspan="1" width="80%">Access-Control-Allow-Origin: *</td>
      </tr>
      <tr>
        <td colspan="1" rowspan="1" class="indent2" width="20%">Other Info</td>
        <td colspan="1" rowspan="1" width="80%">La desconfiguración CORS en el servidor web permite a dominios cruzados leer peticiones de dominios de terceros arbitrariamente, usando APIs sin autenticación en este dominio. Las implementaciones de navegador web no permiten a terceros arbitrarios leer la respuesta de APIs autenticados, de todas formas. Esto reduce el riesgo de alguna forma. Esta desconfiguración podría ser usada por un atacante para acceder a datos que está disponible en una manera sin autenticación, pero que usa otra forma de seguridad, tal como la dirección IP lista-blanca.</td>
      </tr>
      <tr>
        <td colspan="1" rowspan="1" class="indent1" width="20%">URL</td>
        <td colspan="1" rowspan="1" width="80%">
          <a shape="rect" href="https://demo.owasp-juice.shop/assets/i18n/en.json">https://demo.owasp-juice.shop/assets/i18n/en.json</a>
        </td>
      </tr>
      <tr>
        <td colspan="1" rowspan="1" class="indent2" width="20%">Método</td>
        <td colspan="1" rowspan="1" width="80%">GET</td>
      </tr>
      <tr>
        <td colspan="1" rowspan="1" class="indent2" width="20%">Parámetros</td>
        <td colspan="1" rowspan="1" width="80%"/>
      </tr>
      <tr>
        <td colspan="1" rowspan="1" class="indent2" width="20%">Ataque</td>
        <td colspan="1" rowspan="1" width="80%"/>
      </tr>
      <tr>
        <td colspan="1" rowspan="1" class="indent2" width="20%">Evidencia</td>
        <td colspan="1" rowspan="1" width="80%">Access-Control-Allow-Origin: *</td>
      </tr>
      <tr>
        <td colspan="1" rowspan="1" class="indent2" width="20%">Other Info</td>
        <td colspan="1" rowspan="1" width="80%">La desconfiguración CORS en el servidor web permite a dominios cruzados leer peticiones de dominios de terceros arbitrariamente, usando APIs sin autenticación en este dominio. Las implementaciones de navegador web no permiten a terceros arbitrarios leer la respuesta de APIs autenticados, de todas formas. Esto reduce el riesgo de alguna forma. Esta desconfiguración podría ser usada por un atacante para acceder a datos que está disponible en una manera sin autenticación, pero que usa otra forma de seguridad, tal como la dirección IP lista-blanca.</td>
      </tr>
      <tr>
        <td colspan="1" rowspan="1" class="indent1" width="20%">URL</td>
        <td colspan="1" rowspan="1" width="80%">
          <a shape="rect" href="https://demo.owasp-juice.shop/main.js">https://demo.owasp-juice.shop/main.js</a>
        </td>
      </tr>
      <tr>
        <td colspan="1" rowspan="1" class="indent2" width="20%">Método</td>
        <td colspan="1" rowspan="1" width="80%">GET</td>
      </tr>
      <tr>
        <td colspan="1" rowspan="1" class="indent2" width="20%">Parámetros</td>
        <td colspan="1" rowspan="1" width="80%"/>
      </tr>
      <tr>
        <td colspan="1" rowspan="1" class="indent2" width="20%">Ataque</td>
        <td colspan="1" rowspan="1" width="80%"/>
      </tr>
      <tr>
        <td colspan="1" rowspan="1" class="indent2" width="20%">Evidencia</td>
        <td colspan="1" rowspan="1" width="80%">Access-Control-Allow-Origin: *</td>
      </tr>
      <tr>
        <td colspan="1" rowspan="1" class="indent2" width="20%">Other Info</td>
        <td colspan="1" rowspan="1" width="80%">La desconfiguración CORS en el servidor web permite a dominios cruzados leer peticiones de dominios de terceros arbitrariamente, usando APIs sin autenticación en este dominio. Las implementaciones de navegador web no permiten a terceros arbitrarios leer la respuesta de APIs autenticados, de todas formas. Esto reduce el riesgo de alguna forma. Esta desconfiguración podría ser usada por un atacante para acceder a datos que está disponible en una manera sin autenticación, pero que usa otra forma de seguridad, tal como la dirección IP lista-blanca.</td>
      </tr>
      <tr>
        <td colspan="1" rowspan="1" class="indent1" width="20%">URL</td>
        <td colspan="1" rowspan="1" width="80%">
          <a shape="rect" href="https://demo.owasp-juice.shop/MaterialIcons-Regular.woff2">https://demo.owasp-juice.shop/MaterialIcons-Regular.woff2</a>
        </td>
      </tr>
      <tr>
        <td colspan="1" rowspan="1" class="indent2" width="20%">Método</td>
        <td colspan="1" rowspan="1" width="80%">GET</td>
      </tr>
      <tr>
        <td colspan="1" rowspan="1" class="indent2" width="20%">Parámetros</td>
        <td colspan="1" rowspan="1" width="80%"/>
      </tr>
      <tr>
        <td colspan="1" rowspan="1" class="indent2" width="20%">Ataque</td>
        <td colspan="1" rowspan="1" width="80%"/>
      </tr>
      <tr>
        <td colspan="1" rowspan="1" class="indent2" width="20%">Evidencia</td>
        <td colspan="1" rowspan="1" width="80%">Access-Control-Allow-Origin: *</td>
      </tr>
      <tr>
        <td colspan="1" rowspan="1" class="indent2" width="20%">Other Info</td>
        <td colspan="1" rowspan="1" width="80%">La desconfiguración CORS en el servidor web permite a dominios cruzados leer peticiones de dominios de terceros arbitrariamente, usando APIs sin autenticación en este dominio. Las implementaciones de navegador web no permiten a terceros arbitrarios leer la respuesta de APIs autenticados, de todas formas. Esto reduce el riesgo de alguna forma. Esta desconfiguración podría ser usada por un atacante para acceder a datos que está disponible en una manera sin autenticación, pero que usa otra forma de seguridad, tal como la dirección IP lista-blanca.</td>
      </tr>
      <tr>
        <td colspan="1" rowspan="1" class="indent1" width="20%">URL</td>
        <td colspan="1" rowspan="1" width="80%">
          <a shape="rect" href="https://demo.owasp-juice.shop/polyfills.js">https://demo.owasp-juice.shop/polyfills.js</a>
        </td>
      </tr>
      <tr>
        <td colspan="1" rowspan="1" class="indent2" width="20%">Método</td>
        <td colspan="1" rowspan="1" width="80%">GET</td>
      </tr>
      <tr>
        <td colspan="1" rowspan="1" class="indent2" width="20%">Parámetros</td>
        <td colspan="1" rowspan="1" width="80%"/>
      </tr>
      <tr>
        <td colspan="1" rowspan="1" class="indent2" width="20%">Ataque</td>
        <td colspan="1" rowspan="1" width="80%"/>
      </tr>
      <tr>
        <td colspan="1" rowspan="1" class="indent2" width="20%">Evidencia</td>
        <td colspan="1" rowspan="1" width="80%">Access-Control-Allow-Origin: *</td>
      </tr>
      <tr>
        <td colspan="1" rowspan="1" class="indent2" width="20%">Other Info</td>
        <td colspan="1" rowspan="1" width="80%">La desconfiguración CORS en el servidor web permite a dominios cruzados leer peticiones de dominios de terceros arbitrariamente, usando APIs sin autenticación en este dominio. Las implementaciones de navegador web no permiten a terceros arbitrarios leer la respuesta de APIs autenticados, de todas formas. Esto reduce el riesgo de alguna forma. Esta desconfiguración podría ser usada por un atacante para acceder a datos que está disponible en una manera sin autenticación, pero que usa otra forma de seguridad, tal como la dirección IP lista-blanca.</td>
      </tr>
      <tr>
        <td colspan="1" rowspan="1" class="indent1" width="20%">URL</td>
        <td colspan="1" rowspan="1" width="80%">
          <a shape="rect" href="https://demo.owasp-juice.shop/rest/admin/application-configuration">https://demo.owasp-juice.shop/rest/admin/application-configuration</a>
        </td>
      </tr>
      <tr>
        <td colspan="1" rowspan="1" class="indent2" width="20%">Método</td>
        <td colspan="1" rowspan="1" width="80%">GET</td>
      </tr>
      <tr>
        <td colspan="1" rowspan="1" class="indent2" width="20%">Parámetros</td>
        <td colspan="1" rowspan="1" width="80%"/>
      </tr>
      <tr>
        <td colspan="1" rowspan="1" class="indent2" width="20%">Ataque</td>
        <td colspan="1" rowspan="1" width="80%"/>
      </tr>
      <tr>
        <td colspan="1" rowspan="1" class="indent2" width="20%">Evidencia</td>
        <td colspan="1" rowspan="1" width="80%">Access-Control-Allow-Origin: *</td>
      </tr>
      <tr>
        <td colspan="1" rowspan="1" class="indent2" width="20%">Other Info</td>
        <td colspan="1" rowspan="1" width="80%">La desconfiguración CORS en el servidor web permite a dominios cruzados leer peticiones de dominios de terceros arbitrariamente, usando APIs sin autenticación en este dominio. Las implementaciones de navegador web no permiten a terceros arbitrarios leer la respuesta de APIs autenticados, de todas formas. Esto reduce el riesgo de alguna forma. Esta desconfiguración podría ser usada por un atacante para acceder a datos que está disponible en una manera sin autenticación, pero que usa otra forma de seguridad, tal como la dirección IP lista-blanca.</td>
      </tr>
      <tr>
        <td colspan="1" rowspan="1" class="indent1" width="20%">URL</td>
        <td colspan="1" rowspan="1" width="80%">
          <a shape="rect" href="https://demo.owasp-juice.shop/rest/admin/application-version">https://demo.owasp-juice.shop/rest/admin/application-version</a>
        </td>
      </tr>
      <tr>
        <td colspan="1" rowspan="1" class="indent2" width="20%">Método</td>
        <td colspan="1" rowspan="1" width="80%">GET</td>
      </tr>
      <tr>
        <td colspan="1" rowspan="1" class="indent2" width="20%">Parámetros</td>
        <td colspan="1" rowspan="1" width="80%"/>
      </tr>
      <tr>
        <td colspan="1" rowspan="1" class="indent2" width="20%">Ataque</td>
        <td colspan="1" rowspan="1" width="80%"/>
      </tr>
      <tr>
        <td colspan="1" rowspan="1" class="indent2" width="20%">Evidencia</td>
        <td colspan="1" rowspan="1" width="80%">Access-Control-Allow-Origin: *</td>
      </tr>
      <tr>
        <td colspan="1" rowspan="1" class="indent2" width="20%">Other Info</td>
        <td colspan="1" rowspan="1" width="80%">La desconfiguración CORS en el servidor web permite a dominios cruzados leer peticiones de dominios de terceros arbitrariamente, usando APIs sin autenticación en este dominio. Las implementaciones de navegador web no permiten a terceros arbitrarios leer la respuesta de APIs autenticados, de todas formas. Esto reduce el riesgo de alguna forma. Esta desconfiguración podría ser usada por un atacante para acceder a datos que está disponible en una manera sin autenticación, pero que usa otra forma de seguridad, tal como la dirección IP lista-blanca.</td>
      </tr>
      <tr>
        <td colspan="1" rowspan="1" class="indent1" width="20%">URL</td>
        <td colspan="1" rowspan="1" width="80%">
          <a shape="rect" href="https://demo.owasp-juice.shop/rest/basket/6">https://demo.owasp-juice.shop/rest/basket/6</a>
        </td>
      </tr>
      <tr>
        <td colspan="1" rowspan="1" class="indent2" width="20%">Método</td>
        <td colspan="1" rowspan="1" width="80%">GET</td>
      </tr>
      <tr>
        <td colspan="1" rowspan="1" class="indent2" width="20%">Parámetros</td>
        <td colspan="1" rowspan="1" width="80%"/>
      </tr>
      <tr>
        <td colspan="1" rowspan="1" class="indent2" width="20%">Ataque</td>
        <td colspan="1" rowspan="1" width="80%"/>
      </tr>
      <tr>
        <td colspan="1" rowspan="1" class="indent2" width="20%">Evidencia</td>
        <td colspan="1" rowspan="1" width="80%">Access-Control-Allow-Origin: *</td>
      </tr>
      <tr>
        <td colspan="1" rowspan="1" class="indent2" width="20%">Other Info</td>
        <td colspan="1" rowspan="1" width="80%">La desconfiguración CORS en el servidor web permite a dominios cruzados leer peticiones de dominios de terceros arbitrariamente, usando APIs sin autenticación en este dominio. Las implementaciones de navegador web no permiten a terceros arbitrarios leer la respuesta de APIs autenticados, de todas formas. Esto reduce el riesgo de alguna forma. Esta desconfiguración podría ser usada por un atacante para acceder a datos que está disponible en una manera sin autenticación, pero que usa otra forma de seguridad, tal como la dirección IP lista-blanca.</td>
      </tr>
      <tr>
        <td colspan="1" rowspan="1" class="indent1" width="20%">URL</td>
        <td colspan="1" rowspan="1" width="80%">
          <a shape="rect" href="https://demo.owasp-juice.shop/rest/languages">https://demo.owasp-juice.shop/rest/languages</a>
        </td>
      </tr>
      <tr>
        <td colspan="1" rowspan="1" class="indent2" width="20%">Método</td>
        <td colspan="1" rowspan="1" width="80%">GET</td>
      </tr>
      <tr>
        <td colspan="1" rowspan="1" class="indent2" width="20%">Parámetros</td>
        <td colspan="1" rowspan="1" width="80%"/>
      </tr>
      <tr>
        <td colspan="1" rowspan="1" class="indent2" width="20%">Ataque</td>
        <td colspan="1" rowspan="1" width="80%"/>
      </tr>
      <tr>
        <td colspan="1" rowspan="1" class="indent2" width="20%">Evidencia</td>
        <td colspan="1" rowspan="1" width="80%">Access-Control-Allow-Origin: *</td>
      </tr>
      <tr>
        <td colspan="1" rowspan="1" class="indent2" width="20%">Other Info</td>
        <td colspan="1" rowspan="1" width="80%">La desconfiguración CORS en el servidor web permite a dominios cruzados leer peticiones de dominios de terceros arbitrariamente, usando APIs sin autenticación en este dominio. Las implementaciones de navegador web no permiten a terceros arbitrarios leer la respuesta de APIs autenticados, de todas formas. Esto reduce el riesgo de alguna forma. Esta desconfiguración podría ser usada por un atacante para acceder a datos que está disponible en una manera sin autenticación, pero que usa otra forma de seguridad, tal como la dirección IP lista-blanca.</td>
      </tr>
      <tr>
        <td colspan="1" rowspan="1" class="indent1" width="20%">URL</td>
        <td colspan="1" rowspan="1" width="80%">
          <a shape="rect" href="https://demo.owasp-juice.shop/rest/products/search?q=">https://demo.owasp-juice.shop/rest/products/search?q=</a>
        </td>
      </tr>
      <tr>
        <td colspan="1" rowspan="1" class="indent2" width="20%">Método</td>
        <td colspan="1" rowspan="1" width="80%">GET</td>
      </tr>
      <tr>
        <td colspan="1" rowspan="1" class="indent2" width="20%">Parámetros</td>
        <td colspan="1" rowspan="1" width="80%"/>
      </tr>
      <tr>
        <td colspan="1" rowspan="1" class="indent2" width="20%">Ataque</td>
        <td colspan="1" rowspan="1" width="80%"/>
      </tr>
      <tr>
        <td colspan="1" rowspan="1" class="indent2" width="20%">Evidencia</td>
        <td colspan="1" rowspan="1" width="80%">Access-Control-Allow-Origin: *</td>
      </tr>
      <tr>
        <td colspan="1" rowspan="1" class="indent2" width="20%">Other Info</td>
        <td colspan="1" rowspan="1" width="80%">La desconfiguración CORS en el servidor web permite a dominios cruzados leer peticiones de dominios de terceros arbitrariamente, usando APIs sin autenticación en este dominio. Las implementaciones de navegador web no permiten a terceros arbitrarios leer la respuesta de APIs autenticados, de todas formas. Esto reduce el riesgo de alguna forma. Esta desconfiguración podría ser usada por un atacante para acceder a datos que está disponible en una manera sin autenticación, pero que usa otra forma de seguridad, tal como la dirección IP lista-blanca.</td>
      </tr>
      <tr>
        <td colspan="1" rowspan="1" class="indent1" width="20%">URL</td>
        <td colspan="1" rowspan="1" width="80%">
          <a shape="rect" href="https://demo.owasp-juice.shop/rest/user/whoami">https://demo.owasp-juice.shop/rest/user/whoami</a>
        </td>
      </tr>
      <tr>
        <td colspan="1" rowspan="1" class="indent2" width="20%">Método</td>
        <td colspan="1" rowspan="1" width="80%">GET</td>
      </tr>
      <tr>
        <td colspan="1" rowspan="1" class="indent2" width="20%">Parámetros</td>
        <td colspan="1" rowspan="1" width="80%"/>
      </tr>
      <tr>
        <td colspan="1" rowspan="1" class="indent2" width="20%">Ataque</td>
        <td colspan="1" rowspan="1" width="80%"/>
      </tr>
      <tr>
        <td colspan="1" rowspan="1" class="indent2" width="20%">Evidencia</td>
        <td colspan="1" rowspan="1" width="80%">Access-Control-Allow-Origin: *</td>
      </tr>
      <tr>
        <td colspan="1" rowspan="1" class="indent2" width="20%">Other Info</td>
        <td colspan="1" rowspan="1" width="80%">La desconfiguración CORS en el servidor web permite a dominios cruzados leer peticiones de dominios de terceros arbitrariamente, usando APIs sin autenticación en este dominio. Las implementaciones de navegador web no permiten a terceros arbitrarios leer la respuesta de APIs autenticados, de todas formas. Esto reduce el riesgo de alguna forma. Esta desconfiguración podría ser usada por un atacante para acceder a datos que está disponible en una manera sin autenticación, pero que usa otra forma de seguridad, tal como la dirección IP lista-blanca.</td>
      </tr>
      <tr>
        <td colspan="1" rowspan="1" class="indent1" width="20%">URL</td>
        <td colspan="1" rowspan="1" width="80%">
          <a shape="rect" href="https://demo.owasp-juice.shop/runtime.js">https://demo.owasp-juice.shop/runtime.js</a>
        </td>
      </tr>
      <tr>
        <td colspan="1" rowspan="1" class="indent2" width="20%">Método</td>
        <td colspan="1" rowspan="1" width="80%">GET</td>
      </tr>
      <tr>
        <td colspan="1" rowspan="1" class="indent2" width="20%">Parámetros</td>
        <td colspan="1" rowspan="1" width="80%"/>
      </tr>
      <tr>
        <td colspan="1" rowspan="1" class="indent2" width="20%">Ataque</td>
        <td colspan="1" rowspan="1" width="80%"/>
      </tr>
      <tr>
        <td colspan="1" rowspan="1" class="indent2" width="20%">Evidencia</td>
        <td colspan="1" rowspan="1" width="80%">Access-Control-Allow-Origin: *</td>
      </tr>
      <tr>
        <td colspan="1" rowspan="1" class="indent2" width="20%">Other Info</td>
        <td colspan="1" rowspan="1" width="80%">La desconfiguración CORS en el servidor web permite a dominios cruzados leer peticiones de dominios de terceros arbitrariamente, usando APIs sin autenticación en este dominio. Las implementaciones de navegador web no permiten a terceros arbitrarios leer la respuesta de APIs autenticados, de todas formas. Esto reduce el riesgo de alguna forma. Esta desconfiguración podría ser usada por un atacante para acceder a datos que está disponible en una manera sin autenticación, pero que usa otra forma de seguridad, tal como la dirección IP lista-blanca.</td>
      </tr>
      <tr>
        <td colspan="1" rowspan="1" class="indent1" width="20%">URL</td>
        <td colspan="1" rowspan="1" width="80%">
          <a shape="rect" href="https://demo.owasp-juice.shop/styles.css">https://demo.owasp-juice.shop/styles.css</a>
        </td>
      </tr>
      <tr>
        <td colspan="1" rowspan="1" class="indent2" width="20%">Método</td>
        <td colspan="1" rowspan="1" width="80%">GET</td>
      </tr>
      <tr>
        <td colspan="1" rowspan="1" class="indent2" width="20%">Parámetros</td>
        <td colspan="1" rowspan="1" width="80%"/>
      </tr>
      <tr>
        <td colspan="1" rowspan="1" class="indent2" width="20%">Ataque</td>
        <td colspan="1" rowspan="1" width="80%"/>
      </tr>
      <tr>
        <td colspan="1" rowspan="1" class="indent2" width="20%">Evidencia</td>
        <td colspan="1" rowspan="1" width="80%">Access-Control-Allow-Origin: *</td>
      </tr>
      <tr>
        <td colspan="1" rowspan="1" class="indent2" width="20%">Other Info</td>
        <td colspan="1" rowspan="1" width="80%">La desconfiguración CORS en el servidor web permite a dominios cruzados leer peticiones de dominios de terceros arbitrariamente, usando APIs sin autenticación en este dominio. Las implementaciones de navegador web no permiten a terceros arbitrarios leer la respuesta de APIs autenticados, de todas formas. Esto reduce el riesgo de alguna forma. Esta desconfiguración podría ser usada por un atacante para acceder a datos que está disponible en una manera sin autenticación, pero que usa otra forma de seguridad, tal como la dirección IP lista-blanca.</td>
      </tr>
      <tr>
        <td colspan="1" rowspan="1" class="indent1" width="20%">URL</td>
        <td colspan="1" rowspan="1" width="80%">
          <a shape="rect" href="https://demo.owasp-juice.shop/vendor.js">https://demo.owasp-juice.shop/vendor.js</a>
        </td>
      </tr>
      <tr>
        <td colspan="1" rowspan="1" class="indent2" width="20%">Método</td>
        <td colspan="1" rowspan="1" width="80%">GET</td>
      </tr>
      <tr>
        <td colspan="1" rowspan="1" class="indent2" width="20%">Parámetros</td>
        <td colspan="1" rowspan="1" width="80%"/>
      </tr>
      <tr>
        <td colspan="1" rowspan="1" class="indent2" width="20%">Ataque</td>
        <td colspan="1" rowspan="1" width="80%"/>
      </tr>
      <tr>
        <td colspan="1" rowspan="1" class="indent2" width="20%">Evidencia</td>
        <td colspan="1" rowspan="1" width="80%">Access-Control-Allow-Origin: *</td>
      </tr>
      <tr>
        <td colspan="1" rowspan="1" class="indent2" width="20%">Other Info</td>
        <td colspan="1" rowspan="1" width="80%">La desconfiguración CORS en el servidor web permite a dominios cruzados leer peticiones de dominios de terceros arbitrariamente, usando APIs sin autenticación en este dominio. Las implementaciones de navegador web no permiten a terceros arbitrarios leer la respuesta de APIs autenticados, de todas formas. Esto reduce el riesgo de alguna forma. Esta desconfiguración podría ser usada por un atacante para acceder a datos que está disponible en una manera sin autenticación, pero que usa otra forma de seguridad, tal como la dirección IP lista-blanca.</td>
      </tr>
      <tr>
        <td colspan="1" rowspan="1" class="indent1" width="20%">URL</td>
        <td colspan="1" rowspan="1" width="80%">
          <a shape="rect" href="https://demo.owasp-juice.shop/rest/user/login">https://demo.owasp-juice.shop/rest/user/login</a>
        </td>
      </tr>
      <tr>
        <td colspan="1" rowspan="1" class="indent2" width="20%">Método</td>
        <td colspan="1" rowspan="1" width="80%">POST</td>
      </tr>
      <tr>
        <td colspan="1" rowspan="1" class="indent2" width="20%">Parámetros</td>
        <td colspan="1" rowspan="1" width="80%"/>
      </tr>
      <tr>
        <td colspan="1" rowspan="1" class="indent2" width="20%">Ataque</td>
        <td colspan="1" rowspan="1" width="80%"/>
      </tr>
      <tr>
        <td colspan="1" rowspan="1" class="indent2" width="20%">Evidencia</td>
        <td colspan="1" rowspan="1" width="80%">Access-Control-Allow-Origin: *</td>
      </tr>
      <tr>
        <td colspan="1" rowspan="1" class="indent2" width="20%">Other Info</td>
        <td colspan="1" rowspan="1" width="80%">La desconfiguración CORS en el servidor web permite a dominios cruzados leer peticiones de dominios de terceros arbitrariamente, usando APIs sin autenticación en este dominio. Las implementaciones de navegador web no permiten a terceros arbitrarios leer la respuesta de APIs autenticados, de todas formas. Esto reduce el riesgo de alguna forma. Esta desconfiguración podría ser usada por un atacante para acceder a datos que está disponible en una manera sin autenticación, pero que usa otra forma de seguridad, tal como la dirección IP lista-blanca.</td>
      </tr>
      <tr>
        <td colspan="1" rowspan="1" width="20%">Instancia</td>
        <td colspan="1" rowspan="1" width="80%">21</td>
      </tr>
      <tr>
        <td colspan="1" rowspan="1" width="20%">Solución</td>
        <td colspan="1" rowspan="1" width="80%">
          <div>Asegúrese que los datos sensibles no están disponibles de manera no autenticada (usando dirección IP listado-blanco, por ejemplo). Configurar el encabezado HTTP ''''Access-Control-Allow-Origin" a un conjunto de dominios más restrictivo, o remover completamente todos los encabezados CORS, para permitir que el navegador web refuerce la política de mismo origen (SOP) en una manera mas restrictiva.</div>
        </td>
      </tr>
      <tr>
        <td colspan="1" rowspan="1" width="20%">Referencia</td>
        <td colspan="1" rowspan="1" width="80%">
          <a shape="rect" href="https://vulncat.fortify.com/en/detail?id=desc.config.dotnet.html5_overly_permissive_cors_policy">https://vulncat.fortify.com/en/detail?id=desc.config.dotnet.html5_overly_permissive_cors_policy</a>
        </td>
      </tr>
      <tr>
        <td colspan="1" rowspan="1" width="20%">CWE Id</td>
        <td colspan="1" rowspan="1" width="80%">
          <a shape="rect" href="https://cwe.mitre.org/data/definitions/264.html">264</a>
        </td>
      </tr>
      <tr>
        <td colspan="1" rowspan="1" width="20%">WASC Id</td>
        <td colspan="1" rowspan="1" width="80%">14</td>
      </tr>
      <tr>
        <td colspan="1" rowspan="1" width="20%">Plugin Id</td>
        <td colspan="1" rowspan="1" width="80%">
          <a shape="rect" href="https://www.zaproxy.org/docs/alerts/10098/">10098</a>
        </td>
      </tr>
    </table>
    <div class="spacer"/>
    <table class="results">
      <tr height="24">
        <th colspan="1" rowspan="1" class="risk-2" width="20%">
          <a shape="rect" id="30003"/>
          <div>Medio</div>
        </th>
        <th colspan="1" rowspan="1" class="risk-2">Error Desbordamiento de Enteros</th>
      </tr>
      <tr>
        <td colspan="1" rowspan="1" width="20%">Descripción</td>
        <td colspan="1" rowspan="1" width="80%">
          <div>Existe una condición de desbordamiento de enteros (integer overflow) cuando un entero utilizado en un programa compilado se extiende más allá de los límites del rango y no se ha verificado correctamente desde el flujo de datos de entrada.</div>
        </td>
      </tr>
      <tr valign="top">
        <td colspan="2" rowspan="1"/>
      </tr>
      <tr>
        <td colspan="1" rowspan="1" class="indent1" width="20%">URL</td>
        <td colspan="1" rowspan="1" width="80%">
          <a shape="rect" href="https://todo.ly/">https://todo.ly/</a>
        </td>
      </tr>
      <tr>
        <td colspan="1" rowspan="1" class="indent2" width="20%">Método</td>
        <td colspan="1" rowspan="1" width="80%">POST</td>
      </tr>
      <tr>
        <td colspan="1" rowspan="1" class="indent2" width="20%">Parámetros</td>
        <td colspan="1" rowspan="1" width="80%">ctl00$MainContent$SignupControl1$DropDownTimezone</td>
      </tr>
      <tr>
        <td colspan="1" rowspan="1" class="indent2" width="20%">Ataque</td>
        <td colspan="1" rowspan="1" width="80%">02492168227481918805233450271999953071808715</td>
      </tr>
      <tr>
        <td colspan="1" rowspan="1" class="indent2" width="20%">Evidencia</td>
        <td colspan="1" rowspan="1" width="80%">HTTP/1.1 500 Internal Server Error</td>
      </tr>
      <tr>
        <td colspan="1" rowspan="1" class="indent2" width="20%">Other Info</td>
        <td colspan="1" rowspan="1" width="80%">Desbordamiento potencial de entero. El código de estado se modificó en la entrada de una cadena larga de enteros que son aleatorios.</td>
      </tr>
      <tr>
        <td colspan="1" rowspan="1" class="indent1" width="20%">URL</td>
        <td colspan="1" rowspan="1" width="80%">
          <a shape="rect" href="https://todo.ly/">https://todo.ly/</a>
        </td>
      </tr>
      <tr>
        <td colspan="1" rowspan="1" class="indent2" width="20%">Método</td>
        <td colspan="1" rowspan="1" width="80%">POST</td>
      </tr>
      <tr>
        <td colspan="1" rowspan="1" class="indent2" width="20%">Parámetros</td>
        <td colspan="1" rowspan="1" width="80%">ctl00$MainContent$SignupControl1$DropDownTimezone</td>
      </tr>
      <tr>
        <td colspan="1" rowspan="1" class="indent2" width="20%">Ataque</td>
        <td colspan="1" rowspan="1" width="80%">63999304215197435991108057935407365922493793</td>
      </tr>
      <tr>
        <td colspan="1" rowspan="1" class="indent2" width="20%">Evidencia</td>
        <td colspan="1" rowspan="1" width="80%">HTTP/1.1 500 Internal Server Error</td>
      </tr>
      <tr>
        <td colspan="1" rowspan="1" class="indent2" width="20%">Other Info</td>
        <td colspan="1" rowspan="1" width="80%">Desbordamiento potencial de entero. El código de estado se modificó en la entrada de una cadena larga de enteros que son aleatorios.</td>
      </tr>
      <tr>
        <td colspan="1" rowspan="1" width="20%">Instancia</td>
        <td colspan="1" rowspan="1" width="80%">2</td>
      </tr>
      <tr>
        <td colspan="1" rowspan="1" width="20%">Solución</td>
        <td colspan="1" rowspan="1" width="80%">
          <div>Para evitar desbordamientos y errores de división por 0 (cero) en la aplicación, por favor reescriba el programa backend, comprobando si los valores de los enteros que se están procesando están dentro del rango permitido por la aplicación. Esto requerirá una recompilación del ejecutable del backend.</div>
        </td>
      </tr>
      <tr>
        <td colspan="1" rowspan="1" width="20%">Referencia</td>
        <td colspan="1" rowspan="1" width="80%">
          <a shape="rect" href="https://en.wikipedia.org/wiki/Integer_overflow">https://en.wikipedia.org/wiki/Integer_overflow</a>
          <br clear="none"/>
          <a shape="rect" href="https://cwe.mitre.org/data/definitions/190.html">https://cwe.mitre.org/data/definitions/190.html</a>
        </td>
      </tr>
      <tr>
        <td colspan="1" rowspan="1" width="20%">CWE Id</td>
        <td colspan="1" rowspan="1" width="80%">
          <a shape="rect" href="https://cwe.mitre.org/data/definitions/190.html">190</a>
        </td>
      </tr>
      <tr>
        <td colspan="1" rowspan="1" width="20%">WASC Id</td>
        <td colspan="1" rowspan="1" width="80%">3</td>
      </tr>
      <tr>
        <td colspan="1" rowspan="1" width="20%">Plugin Id</td>
        <td colspan="1" rowspan="1" width="80%">
          <a shape="rect" href="https://www.zaproxy.org/docs/alerts/30003/">30003</a>
        </td>
      </tr>
    </table>
    <div class="spacer"/>
    <table class="results">
      <tr height="24">
        <th colspan="1" rowspan="1" class="risk-2" width="20%">
          <a shape="rect" id="10020"/>
          <div>Medio</div>
        </th>
        <th colspan="1" rowspan="1" class="risk-2">Falta de cabecera Anti-Clickjacking</th>
      </tr>
      <tr>
        <td colspan="1" rowspan="1" width="20%">Descripción</td>
        <td colspan="1" rowspan="1" width="80%">
          <div>La respuesta no incluye Content-Security-Policy con la directiva 'frame-ancestors' ni X-Frame-Options para proteger contra ataques de 'ClickJacking'.</div>
        </td>
      </tr>
      <tr valign="top">
        <td colspan="2" rowspan="1"/>
      </tr>
      <tr>
        <td colspan="1" rowspan="1" class="indent1" width="20%">URL</td>
        <td colspan="1" rowspan="1" width="80%">
          <a shape="rect" href="https://optimizationguide-pa.googleapis.com/downloads?name=1679317318&amp;target=OPTIMIZATION_TARGET_LANGUAGE_DETECTION">https://optimizationguide-pa.googleapis.com/downloads?name=1679317318&amp;target=OPTIMIZATION_TARGET_LANGUAGE_DETECTION</a>
        </td>
      </tr>
      <tr>
        <td colspan="1" rowspan="1" class="indent2" width="20%">Método</td>
        <td colspan="1" rowspan="1" width="80%">GET</td>
      </tr>
      <tr>
        <td colspan="1" rowspan="1" class="indent2" width="20%">Parámetros</td>
        <td colspan="1" rowspan="1" width="80%">x-frame-options</td>
      </tr>
      <tr>
        <td colspan="1" rowspan="1" class="indent2" width="20%">Ataque</td>
        <td colspan="1" rowspan="1" width="80%"/>
      </tr>
      <tr>
        <td colspan="1" rowspan="1" class="indent2" width="20%">Evidencia</td>
        <td colspan="1" rowspan="1" width="80%"/>
      </tr>
      <tr>
        <td colspan="1" rowspan="1" class="indent2" width="20%">Other Info</td>
        <td colspan="1" rowspan="1" width="80%"/>
      </tr>
      <tr>
        <td colspan="1" rowspan="1" class="indent1" width="20%">URL</td>
        <td colspan="1" rowspan="1" width="80%">
          <a shape="rect" href="https://optimizationguide-pa.googleapis.com/downloads?name=1689043206&amp;target=OPTIMIZATION_TARGET_VISUAL_SEARCH_CLASSIFICATION">https://optimizationguide-pa.googleapis.com/downloads?name=1689043206&amp;target=OPTIMIZATION_TARGET_VISUAL_SEARCH_CLASSIFICATION</a>
        </td>
      </tr>
      <tr>
        <td colspan="1" rowspan="1" class="indent2" width="20%">Método</td>
        <td colspan="1" rowspan="1" width="80%">GET</td>
      </tr>
      <tr>
        <td colspan="1" rowspan="1" class="indent2" width="20%">Parámetros</td>
        <td colspan="1" rowspan="1" width="80%">x-frame-options</td>
      </tr>
      <tr>
        <td colspan="1" rowspan="1" class="indent2" width="20%">Ataque</td>
        <td colspan="1" rowspan="1" width="80%"/>
      </tr>
      <tr>
        <td colspan="1" rowspan="1" class="indent2" width="20%">Evidencia</td>
        <td colspan="1" rowspan="1" width="80%"/>
      </tr>
      <tr>
        <td colspan="1" rowspan="1" class="indent2" width="20%">Other Info</td>
        <td colspan="1" rowspan="1" width="80%"/>
      </tr>
      <tr>
        <td colspan="1" rowspan="1" class="indent1" width="20%">URL</td>
        <td colspan="1" rowspan="1" width="80%">
          <a shape="rect" href="https://optimizationguide-pa.googleapis.com/downloads?name=1691042511&amp;target=OPTIMIZATION_TARGET_NEW_TAB_PAGE_HISTORY_CLUSTERS_MODULE_RANKING">https://optimizationguide-pa.googleapis.com/downloads?name=1691042511&amp;target=OPTIMIZATION_TARGET_NEW_TAB_PAGE_HISTORY_CLUSTERS_MODULE_RANKING</a>
        </td>
      </tr>
      <tr>
        <td colspan="1" rowspan="1" class="indent2" width="20%">Método</td>
        <td colspan="1" rowspan="1" width="80%">GET</td>
      </tr>
      <tr>
        <td colspan="1" rowspan="1" class="indent2" width="20%">Parámetros</td>
        <td colspan="1" rowspan="1" width="80%">x-frame-options</td>
      </tr>
      <tr>
        <td colspan="1" rowspan="1" class="indent2" width="20%">Ataque</td>
        <td colspan="1" rowspan="1" width="80%"/>
      </tr>
      <tr>
        <td colspan="1" rowspan="1" class="indent2" width="20%">Evidencia</td>
        <td colspan="1" rowspan="1" width="80%"/>
      </tr>
      <tr>
        <td colspan="1" rowspan="1" class="indent2" width="20%">Other Info</td>
        <td colspan="1" rowspan="1" width="80%"/>
      </tr>
      <tr>
        <td colspan="1" rowspan="1" class="indent1" width="20%">URL</td>
        <td colspan="1" rowspan="1" width="80%">
          <a shape="rect" href="https://optimizationguide-pa.googleapis.com/downloads?name=1696267841&amp;target=OPTIMIZATION_TARGET_OMNIBOX_URL_SCORING">https://optimizationguide-pa.googleapis.com/downloads?name=1696267841&amp;target=OPTIMIZATION_TARGET_OMNIBOX_URL_SCORING</a>
        </td>
      </tr>
      <tr>
        <td colspan="1" rowspan="1" class="indent2" width="20%">Método</td>
        <td colspan="1" rowspan="1" width="80%">GET</td>
      </tr>
      <tr>
        <td colspan="1" rowspan="1" class="indent2" width="20%">Parámetros</td>
        <td colspan="1" rowspan="1" width="80%">x-frame-options</td>
      </tr>
      <tr>
        <td colspan="1" rowspan="1" class="indent2" width="20%">Ataque</td>
        <td colspan="1" rowspan="1" width="80%"/>
      </tr>
      <tr>
        <td colspan="1" rowspan="1" class="indent2" width="20%">Evidencia</td>
        <td colspan="1" rowspan="1" width="80%"/>
      </tr>
      <tr>
        <td colspan="1" rowspan="1" class="indent2" width="20%">Other Info</td>
        <td colspan="1" rowspan="1" width="80%"/>
      </tr>
      <tr>
        <td colspan="1" rowspan="1" class="indent1" width="20%">URL</td>
        <td colspan="1" rowspan="1" width="80%">
          <a shape="rect" href="https://optimizationguide-pa.googleapis.com/downloads?name=1721660842&amp;target=OPTIMIZATION_TARGET_CLIENT_SIDE_PHISHING">https://optimizationguide-pa.googleapis.com/downloads?name=1721660842&amp;target=OPTIMIZATION_TARGET_CLIENT_SIDE_PHISHING</a>
        </td>
      </tr>
      <tr>
        <td colspan="1" rowspan="1" class="indent2" width="20%">Método</td>
        <td colspan="1" rowspan="1" width="80%">GET</td>
      </tr>
      <tr>
        <td colspan="1" rowspan="1" class="indent2" width="20%">Parámetros</td>
        <td colspan="1" rowspan="1" width="80%">x-frame-options</td>
      </tr>
      <tr>
        <td colspan="1" rowspan="1" class="indent2" width="20%">Ataque</td>
        <td colspan="1" rowspan="1" width="80%"/>
      </tr>
      <tr>
        <td colspan="1" rowspan="1" class="indent2" width="20%">Evidencia</td>
        <td colspan="1" rowspan="1" width="80%"/>
      </tr>
      <tr>
        <td colspan="1" rowspan="1" class="indent2" width="20%">Other Info</td>
        <td colspan="1" rowspan="1" width="80%"/>
      </tr>
      <tr>
        <td colspan="1" rowspan="1" class="indent1" width="20%">URL</td>
        <td colspan="1" rowspan="1" width="80%">
          <a shape="rect" href="https://optimizationguide-pa.googleapis.com/downloads?name=1721660892&amp;target=OPTIMIZATION_TARGET_GEOLOCATION_PERMISSION_PREDICTIONS">https://optimizationguide-pa.googleapis.com/downloads?name=1721660892&amp;target=OPTIMIZATION_TARGET_GEOLOCATION_PERMISSION_PREDICTIONS</a>
        </td>
      </tr>
      <tr>
        <td colspan="1" rowspan="1" class="indent2" width="20%">Método</td>
        <td colspan="1" rowspan="1" width="80%">GET</td>
      </tr>
      <tr>
        <td colspan="1" rowspan="1" class="indent2" width="20%">Parámetros</td>
        <td colspan="1" rowspan="1" width="80%">x-frame-options</td>
      </tr>
      <tr>
        <td colspan="1" rowspan="1" class="indent2" width="20%">Ataque</td>
        <td colspan="1" rowspan="1" width="80%"/>
      </tr>
      <tr>
        <td colspan="1" rowspan="1" class="indent2" width="20%">Evidencia</td>
        <td colspan="1" rowspan="1" width="80%"/>
      </tr>
      <tr>
        <td colspan="1" rowspan="1" class="indent2" width="20%">Other Info</td>
        <td colspan="1" rowspan="1" width="80%"/>
      </tr>
      <tr>
        <td colspan="1" rowspan="1" class="indent1" width="20%">URL</td>
        <td colspan="1" rowspan="1" width="80%">
          <a shape="rect" href="https://optimizationguide-pa.googleapis.com/downloads?name=1721660925&amp;target=OPTIMIZATION_TARGET_NOTIFICATION_PERMISSION_PREDICTIONS">https://optimizationguide-pa.googleapis.com/downloads?name=1721660925&amp;target=OPTIMIZATION_TARGET_NOTIFICATION_PERMISSION_PREDICTIONS</a>
        </td>
      </tr>
      <tr>
        <td colspan="1" rowspan="1" class="indent2" width="20%">Método</td>
        <td colspan="1" rowspan="1" width="80%">GET</td>
      </tr>
      <tr>
        <td colspan="1" rowspan="1" class="indent2" width="20%">Parámetros</td>
        <td colspan="1" rowspan="1" width="80%">x-frame-options</td>
      </tr>
      <tr>
        <td colspan="1" rowspan="1" class="indent2" width="20%">Ataque</td>
        <td colspan="1" rowspan="1" width="80%"/>
      </tr>
      <tr>
        <td colspan="1" rowspan="1" class="indent2" width="20%">Evidencia</td>
        <td colspan="1" rowspan="1" width="80%"/>
      </tr>
      <tr>
        <td colspan="1" rowspan="1" class="indent2" width="20%">Other Info</td>
        <td colspan="1" rowspan="1" width="80%"/>
      </tr>
      <tr>
        <td colspan="1" rowspan="1" class="indent1" width="20%">URL</td>
        <td colspan="1" rowspan="1" width="80%">
          <a shape="rect" href="https://optimizationguide-pa.googleapis.com/downloads?name=5&amp;target=OPTIMIZATION_TARGET_PAGE_TOPICS_V2">https://optimizationguide-pa.googleapis.com/downloads?name=5&amp;target=OPTIMIZATION_TARGET_PAGE_TOPICS_V2</a>
        </td>
      </tr>
      <tr>
        <td colspan="1" rowspan="1" class="indent2" width="20%">Método</td>
        <td colspan="1" rowspan="1" width="80%">GET</td>
      </tr>
      <tr>
        <td colspan="1" rowspan="1" class="indent2" width="20%">Parámetros</td>
        <td colspan="1" rowspan="1" width="80%">x-frame-options</td>
      </tr>
      <tr>
        <td colspan="1" rowspan="1" class="indent2" width="20%">Ataque</td>
        <td colspan="1" rowspan="1" width="80%"/>
      </tr>
      <tr>
        <td colspan="1" rowspan="1" class="indent2" width="20%">Evidencia</td>
        <td colspan="1" rowspan="1" width="80%"/>
      </tr>
      <tr>
        <td colspan="1" rowspan="1" class="indent2" width="20%">Other Info</td>
        <td colspan="1" rowspan="1" width="80%"/>
      </tr>
      <tr>
        <td colspan="1" rowspan="1" class="indent1" width="20%">URL</td>
        <td colspan="1" rowspan="1" width="80%">
          <a shape="rect" href="https://todo.ly/">https://todo.ly/</a>
        </td>
      </tr>
      <tr>
        <td colspan="1" rowspan="1" class="indent2" width="20%">Método</td>
        <td colspan="1" rowspan="1" width="80%">GET</td>
      </tr>
      <tr>
        <td colspan="1" rowspan="1" class="indent2" width="20%">Parámetros</td>
        <td colspan="1" rowspan="1" width="80%">x-frame-options</td>
      </tr>
      <tr>
        <td colspan="1" rowspan="1" class="indent2" width="20%">Ataque</td>
        <td colspan="1" rowspan="1" width="80%"/>
      </tr>
      <tr>
        <td colspan="1" rowspan="1" class="indent2" width="20%">Evidencia</td>
        <td colspan="1" rowspan="1" width="80%"/>
      </tr>
      <tr>
        <td colspan="1" rowspan="1" class="indent2" width="20%">Other Info</td>
        <td colspan="1" rowspan="1" width="80%"/>
      </tr>
      <tr>
        <td colspan="1" rowspan="1" class="indent1" width="20%">URL</td>
        <td colspan="1" rowspan="1" width="80%">
          <a shape="rect" href="https://demo.owasp-juice.shop/socket.io/?EIO=4&amp;transport=polling&amp;t=P5eDi1D&amp;sid=3YzakH4yE0404A-FAAQX">https://demo.owasp-juice.shop/socket.io/?EIO=4&amp;transport=polling&amp;t=P5eDi1D&amp;sid=3YzakH4yE0404A-FAAQX</a>
        </td>
      </tr>
      <tr>
        <td colspan="1" rowspan="1" class="indent2" width="20%">Método</td>
        <td colspan="1" rowspan="1" width="80%">POST</td>
      </tr>
      <tr>
        <td colspan="1" rowspan="1" class="indent2" width="20%">Parámetros</td>
        <td colspan="1" rowspan="1" width="80%">x-frame-options</td>
      </tr>
      <tr>
        <td colspan="1" rowspan="1" class="indent2" width="20%">Ataque</td>
        <td colspan="1" rowspan="1" width="80%"/>
      </tr>
      <tr>
        <td colspan="1" rowspan="1" class="indent2" width="20%">Evidencia</td>
        <td colspan="1" rowspan="1" width="80%"/>
      </tr>
      <tr>
        <td colspan="1" rowspan="1" class="indent2" width="20%">Other Info</td>
        <td colspan="1" rowspan="1" width="80%"/>
      </tr>
      <tr>
        <td colspan="1" rowspan="1" class="indent1" width="20%">URL</td>
        <td colspan="1" rowspan="1" width="80%">
          <a shape="rect" href="https://demo.owasp-juice.shop/socket.io/?EIO=4&amp;transport=polling&amp;t=P5eDwjZ&amp;sid=zZ9WE7Jsg7O2fa9jAAQ9">https://demo.owasp-juice.shop/socket.io/?EIO=4&amp;transport=polling&amp;t=P5eDwjZ&amp;sid=zZ9WE7Jsg7O2fa9jAAQ9</a>
        </td>
      </tr>
      <tr>
        <td colspan="1" rowspan="1" class="indent2" width="20%">Método</td>
        <td colspan="1" rowspan="1" width="80%">POST</td>
      </tr>
      <tr>
        <td colspan="1" rowspan="1" class="indent2" width="20%">Parámetros</td>
        <td colspan="1" rowspan="1" width="80%">x-frame-options</td>
      </tr>
      <tr>
        <td colspan="1" rowspan="1" class="indent2" width="20%">Ataque</td>
        <td colspan="1" rowspan="1" width="80%"/>
      </tr>
      <tr>
        <td colspan="1" rowspan="1" class="indent2" width="20%">Evidencia</td>
        <td colspan="1" rowspan="1" width="80%"/>
      </tr>
      <tr>
        <td colspan="1" rowspan="1" class="indent2" width="20%">Other Info</td>
        <td colspan="1" rowspan="1" width="80%"/>
      </tr>
      <tr>
        <td colspan="1" rowspan="1" class="indent1" width="20%">URL</td>
        <td colspan="1" rowspan="1" width="80%">
          <a shape="rect" href="https://demo.owasp-juice.shop/socket.io/?EIO=4&amp;transport=polling&amp;t=P5eE3KX&amp;sid=7owDv-WBO4vaB6t3AARZ">https://demo.owasp-juice.shop/socket.io/?EIO=4&amp;transport=polling&amp;t=P5eE3KX&amp;sid=7owDv-WBO4vaB6t3AARZ</a>
        </td>
      </tr>
      <tr>
        <td colspan="1" rowspan="1" class="indent2" width="20%">Método</td>
        <td colspan="1" rowspan="1" width="80%">POST</td>
      </tr>
      <tr>
        <td colspan="1" rowspan="1" class="indent2" width="20%">Parámetros</td>
        <td colspan="1" rowspan="1" width="80%">x-frame-options</td>
      </tr>
      <tr>
        <td colspan="1" rowspan="1" class="indent2" width="20%">Ataque</td>
        <td colspan="1" rowspan="1" width="80%"/>
      </tr>
      <tr>
        <td colspan="1" rowspan="1" class="indent2" width="20%">Evidencia</td>
        <td colspan="1" rowspan="1" width="80%"/>
      </tr>
      <tr>
        <td colspan="1" rowspan="1" class="indent2" width="20%">Other Info</td>
        <td colspan="1" rowspan="1" width="80%"/>
      </tr>
      <tr>
        <td colspan="1" rowspan="1" class="indent1" width="20%">URL</td>
        <td colspan="1" rowspan="1" width="80%">
          <a shape="rect" href="https://demo.owasp-juice.shop/socket.io/?EIO=4&amp;transport=polling&amp;t=P5eEGiz&amp;sid=siOkhKcUcU8D1IWdAARy">https://demo.owasp-juice.shop/socket.io/?EIO=4&amp;transport=polling&amp;t=P5eEGiz&amp;sid=siOkhKcUcU8D1IWdAARy</a>
        </td>
      </tr>
      <tr>
        <td colspan="1" rowspan="1" class="indent2" width="20%">Método</td>
        <td colspan="1" rowspan="1" width="80%">POST</td>
      </tr>
      <tr>
        <td colspan="1" rowspan="1" class="indent2" width="20%">Parámetros</td>
        <td colspan="1" rowspan="1" width="80%">x-frame-options</td>
      </tr>
      <tr>
        <td colspan="1" rowspan="1" class="indent2" width="20%">Ataque</td>
        <td colspan="1" rowspan="1" width="80%"/>
      </tr>
      <tr>
        <td colspan="1" rowspan="1" class="indent2" width="20%">Evidencia</td>
        <td colspan="1" rowspan="1" width="80%"/>
      </tr>
      <tr>
        <td colspan="1" rowspan="1" class="indent2" width="20%">Other Info</td>
        <td colspan="1" rowspan="1" width="80%"/>
      </tr>
      <tr>
        <td colspan="1" rowspan="1" class="indent1" width="20%">URL</td>
        <td colspan="1" rowspan="1" width="80%">
          <a shape="rect" href="https://demo.owasp-juice.shop/socket.io/?EIO=4&amp;transport=polling&amp;t=P5eErFc&amp;sid=8XjwdI-N9bmNoL3qAASh">https://demo.owasp-juice.shop/socket.io/?EIO=4&amp;transport=polling&amp;t=P5eErFc&amp;sid=8XjwdI-N9bmNoL3qAASh</a>
        </td>
      </tr>
      <tr>
        <td colspan="1" rowspan="1" class="indent2" width="20%">Método</td>
        <td colspan="1" rowspan="1" width="80%">POST</td>
      </tr>
      <tr>
        <td colspan="1" rowspan="1" class="indent2" width="20%">Parámetros</td>
        <td colspan="1" rowspan="1" width="80%">x-frame-options</td>
      </tr>
      <tr>
        <td colspan="1" rowspan="1" class="indent2" width="20%">Ataque</td>
        <td colspan="1" rowspan="1" width="80%"/>
      </tr>
      <tr>
        <td colspan="1" rowspan="1" class="indent2" width="20%">Evidencia</td>
        <td colspan="1" rowspan="1" width="80%"/>
      </tr>
      <tr>
        <td colspan="1" rowspan="1" class="indent2" width="20%">Other Info</td>
        <td colspan="1" rowspan="1" width="80%"/>
      </tr>
      <tr>
        <td colspan="1" rowspan="1" class="indent1" width="20%">URL</td>
        <td colspan="1" rowspan="1" width="80%">
          <a shape="rect" href="https://demo.owasp-juice.shop/socket.io/?EIO=4&amp;transport=polling&amp;t=P5eExME&amp;sid=8XjwdI-N9bmNoL3qAASh">https://demo.owasp-juice.shop/socket.io/?EIO=4&amp;transport=polling&amp;t=P5eExME&amp;sid=8XjwdI-N9bmNoL3qAASh</a>
        </td>
      </tr>
      <tr>
        <td colspan="1" rowspan="1" class="indent2" width="20%">Método</td>
        <td colspan="1" rowspan="1" width="80%">POST</td>
      </tr>
      <tr>
        <td colspan="1" rowspan="1" class="indent2" width="20%">Parámetros</td>
        <td colspan="1" rowspan="1" width="80%">x-frame-options</td>
      </tr>
      <tr>
        <td colspan="1" rowspan="1" class="indent2" width="20%">Ataque</td>
        <td colspan="1" rowspan="1" width="80%"/>
      </tr>
      <tr>
        <td colspan="1" rowspan="1" class="indent2" width="20%">Evidencia</td>
        <td colspan="1" rowspan="1" width="80%"/>
      </tr>
      <tr>
        <td colspan="1" rowspan="1" class="indent2" width="20%">Other Info</td>
        <td colspan="1" rowspan="1" width="80%"/>
      </tr>
      <tr>
        <td colspan="1" rowspan="1" class="indent1" width="20%">URL</td>
        <td colspan="1" rowspan="1" width="80%">
          <a shape="rect" href="https://demo.owasp-juice.shop/socket.io/?EIO=4&amp;transport=polling&amp;t=P5eExmF&amp;sid=kZ26VJOLwn-6K0JsAASt">https://demo.owasp-juice.shop/socket.io/?EIO=4&amp;transport=polling&amp;t=P5eExmF&amp;sid=kZ26VJOLwn-6K0JsAASt</a>
        </td>
      </tr>
      <tr>
        <td colspan="1" rowspan="1" class="indent2" width="20%">Método</td>
        <td colspan="1" rowspan="1" width="80%">POST</td>
      </tr>
      <tr>
        <td colspan="1" rowspan="1" class="indent2" width="20%">Parámetros</td>
        <td colspan="1" rowspan="1" width="80%">x-frame-options</td>
      </tr>
      <tr>
        <td colspan="1" rowspan="1" class="indent2" width="20%">Ataque</td>
        <td colspan="1" rowspan="1" width="80%"/>
      </tr>
      <tr>
        <td colspan="1" rowspan="1" class="indent2" width="20%">Evidencia</td>
        <td colspan="1" rowspan="1" width="80%"/>
      </tr>
      <tr>
        <td colspan="1" rowspan="1" class="indent2" width="20%">Other Info</td>
        <td colspan="1" rowspan="1" width="80%"/>
      </tr>
      <tr>
        <td colspan="1" rowspan="1" width="20%">Instancia</td>
        <td colspan="1" rowspan="1" width="80%">16</td>
      </tr>
      <tr>
        <td colspan="1" rowspan="1" width="20%">Solución</td>
        <td colspan="1" rowspan="1" width="80%">
          <div>Los navegadores web modernos admiten los encabezados HTTP Content-Security-Policy y X-Frame-Options. Asegúrese de que uno de ellos esté configurado en todas las páginas web devueltas por su sitio/aplicación.</div>
          <br clear="none"/>
          <div>Si espera que la página esté enmarcada solo por páginas en su servidor (por ejemplo, es parte de un FRAMESET), querrá usar SAMEORIGIN; de lo contrario, si nunca espera que la página esté enmarcada, debe usar DENY. Alternativamente, considere implementar la directiva "frame-ancestros" de la política de seguridad de contenido.</div>
        </td>
      </tr>
      <tr>
        <td colspan="1" rowspan="1" width="20%">Referencia</td>
        <td colspan="1" rowspan="1" width="80%">
          <a shape="rect" href="https://developer.mozilla.org/en-US/docs/Web/HTTP/Headers/X-Frame-Options">https://developer.mozilla.org/en-US/docs/Web/HTTP/Headers/X-Frame-Options</a>
        </td>
      </tr>
      <tr>
        <td colspan="1" rowspan="1" width="20%">CWE Id</td>
        <td colspan="1" rowspan="1" width="80%">
          <a shape="rect" href="https://cwe.mitre.org/data/definitions/1021.html">1021</a>
        </td>
      </tr>
      <tr>
        <td colspan="1" rowspan="1" width="20%">WASC Id</td>
        <td colspan="1" rowspan="1" width="80%">15</td>
      </tr>
      <tr>
        <td colspan="1" rowspan="1" width="20%">Plugin Id</td>
        <td colspan="1" rowspan="1" width="80%">
          <a shape="rect" href="https://www.zaproxy.org/docs/alerts/10020/">10020</a>
        </td>
      </tr>
    </table>
    <div class="spacer"/>
    <table class="results">
      <tr height="24">
        <th colspan="1" rowspan="1" class="risk-2" width="20%">
          <a shape="rect" id="10003"/>
          <div>Medio</div>
        </th>
        <th colspan="1" rowspan="1" class="risk-2">Librería JS Vulnerable</th>
      </tr>
      <tr>
        <td colspan="1" rowspan="1" width="20%">Descripción</td>
        <td colspan="1" rowspan="1" width="80%">
          <div>La librería identificada jquery, versión 1.7.1 es vulnerable.</div>
        </td>
      </tr>
      <tr valign="top">
        <td colspan="2" rowspan="1"/>
      </tr>
      <tr>
        <td colspan="1" rowspan="1" class="indent1" width="20%">URL</td>
        <td colspan="1" rowspan="1" width="80%">
          <a shape="rect" href="https://cdnjs.cloudflare.com/ajax/libs/jquery/2.2.4/jquery.min.js">https://cdnjs.cloudflare.com/ajax/libs/jquery/2.2.4/jquery.min.js</a>
        </td>
      </tr>
      <tr>
        <td colspan="1" rowspan="1" class="indent2" width="20%">Método</td>
        <td colspan="1" rowspan="1" width="80%">GET</td>
      </tr>
      <tr>
        <td colspan="1" rowspan="1" class="indent2" width="20%">Parámetros</td>
        <td colspan="1" rowspan="1" width="80%"/>
      </tr>
      <tr>
        <td colspan="1" rowspan="1" class="indent2" width="20%">Ataque</td>
        <td colspan="1" rowspan="1" width="80%"/>
      </tr>
      <tr>
        <td colspan="1" rowspan="1" class="indent2" width="20%">Evidencia</td>
        <td colspan="1" rowspan="1" width="80%">/2.2.4/jquery.min.js</td>
      </tr>
      <tr>
        <td colspan="1" rowspan="1" class="indent2" width="20%">Other Info</td>
        <td colspan="1" rowspan="1" width="80%">CVE-2020-11023
CVE-2020-11022
CVE-2015-9251
CVE-2019-11358
</td>
      </tr>
      <tr>
        <td colspan="1" rowspan="1" class="indent1" width="20%">URL</td>
        <td colspan="1" rowspan="1" width="80%">
          <a shape="rect" href="https://todo.ly/Scripts/jquery-1.7.1.min.js">https://todo.ly/Scripts/jquery-1.7.1.min.js</a>
        </td>
      </tr>
      <tr>
        <td colspan="1" rowspan="1" class="indent2" width="20%">Método</td>
        <td colspan="1" rowspan="1" width="80%">GET</td>
      </tr>
      <tr>
        <td colspan="1" rowspan="1" class="indent2" width="20%">Parámetros</td>
        <td colspan="1" rowspan="1" width="80%"/>
      </tr>
      <tr>
        <td colspan="1" rowspan="1" class="indent2" width="20%">Ataque</td>
        <td colspan="1" rowspan="1" width="80%"/>
      </tr>
      <tr>
        <td colspan="1" rowspan="1" class="indent2" width="20%">Evidencia</td>
        <td colspan="1" rowspan="1" width="80%">jquery-1.7.1.min.js</td>
      </tr>
      <tr>
        <td colspan="1" rowspan="1" class="indent2" width="20%">Other Info</td>
        <td colspan="1" rowspan="1" width="80%">CVE-2020-11023
CVE-2020-11022
CVE-2015-9251
CVE-2019-11358
CVE-2020-7656
CVE-2012-6708
</td>
      </tr>
      <tr>
        <td colspan="1" rowspan="1" class="indent1" width="20%">URL</td>
        <td colspan="1" rowspan="1" width="80%">
          <a shape="rect" href="https://todo.ly/Scripts/jquery-ui-1.8.13.custom.min.js?v=6">https://todo.ly/Scripts/jquery-ui-1.8.13.custom.min.js?v=6</a>
        </td>
      </tr>
      <tr>
        <td colspan="1" rowspan="1" class="indent2" width="20%">Método</td>
        <td colspan="1" rowspan="1" width="80%">GET</td>
      </tr>
      <tr>
        <td colspan="1" rowspan="1" class="indent2" width="20%">Parámetros</td>
        <td colspan="1" rowspan="1" width="80%"/>
      </tr>
      <tr>
        <td colspan="1" rowspan="1" class="indent2" width="20%">Ataque</td>
        <td colspan="1" rowspan="1" width="80%"/>
      </tr>
      <tr>
        <td colspan="1" rowspan="1" class="indent2" width="20%">Evidencia</td>
        <td colspan="1" rowspan="1" width="80%">/*!
 * jQuery UI 1.8.13</td>
      </tr>
      <tr>
        <td colspan="1" rowspan="1" class="indent2" width="20%">Other Info</td>
        <td colspan="1" rowspan="1" width="80%">CVE-2021-41184
CVE-2021-41183
CVE-2021-41182
CVE-2022-31160
</td>
      </tr>
      <tr>
        <td colspan="1" rowspan="1" width="20%">Instancia</td>
        <td colspan="1" rowspan="1" width="80%">3</td>
      </tr>
      <tr>
        <td colspan="1" rowspan="1" width="20%">Solución</td>
        <td colspan="1" rowspan="1" width="80%">
          <div>Actualiza a la última versión de jquery.</div>
        </td>
      </tr>
      <tr>
        <td colspan="1" rowspan="1" width="20%">Referencia</td>
        <td colspan="1" rowspan="1" width="80%">
          <a shape="rect" href="https://nvd.nist.gov/vuln/detail/CVE-2012-6708">https://nvd.nist.gov/vuln/detail/CVE-2012-6708</a>
          <br clear="none"/>
          <a shape="rect" href="https://github.com/jquery/jquery/issues/2432">https://github.com/jquery/jquery/issues/2432</a>
          <br clear="none"/>
          <a shape="rect" href="http://research.insecurelabs.org/jquery/test/">http://research.insecurelabs.org/jquery/test/</a>
          <br clear="none"/>
          <a shape="rect" href="https://nvd.nist.gov/vuln/detail/CVE-2019-11358">https://nvd.nist.gov/vuln/detail/CVE-2019-11358</a>
          <br clear="none"/>
          <a shape="rect" href="https://github.com/advisories/GHSA-rmxg-73gg-4p98">https://github.com/advisories/GHSA-rmxg-73gg-4p98</a>
          <br clear="none"/>
          <a shape="rect" href="https://bugs.jquery.com/ticket/11974">https://bugs.jquery.com/ticket/11974</a>
          <br clear="none"/>
          <a shape="rect" href="https://github.com/jquery/jquery.com/issues/162">https://github.com/jquery/jquery.com/issues/162</a>
          <br clear="none"/>
          <a shape="rect" href="https://nvd.nist.gov/vuln/detail/CVE-2020-7656">https://nvd.nist.gov/vuln/detail/CVE-2020-7656</a>
          <br clear="none"/>
          <a shape="rect" href="http://blog.jquery.com/2016/01/08/jquery-2-2-and-1-12-released/">http://blog.jquery.com/2016/01/08/jquery-2-2-and-1-12-released/</a>
          <br clear="none"/>
          <a shape="rect" href="http://bugs.jquery.com/ticket/11290">http://bugs.jquery.com/ticket/11290</a>
          <br clear="none"/>
          <a shape="rect" href="https://blog.jquery.com/2019/04/10/jquery-3-4-0-released/">https://blog.jquery.com/2019/04/10/jquery-3-4-0-released/</a>
          <br clear="none"/>
          <a shape="rect" href="https://nvd.nist.gov/vuln/detail/CVE-2015-9251">https://nvd.nist.gov/vuln/detail/CVE-2015-9251</a>
          <br clear="none"/>
          <a shape="rect" href="https://github.com/advisories/GHSA-q4m3-2j7h-f7xw">https://github.com/advisories/GHSA-q4m3-2j7h-f7xw</a>
          <br clear="none"/>
          <a shape="rect" href="https://github.com/jquery/jquery/commit/753d591aea698e57d6db58c9f722cd0808619b1b">https://github.com/jquery/jquery/commit/753d591aea698e57d6db58c9f722cd0808619b1b</a>
          <br clear="none"/>
          <a shape="rect" href="https://blog.jquery.com/2020/04/10/jquery-3-5-0-released/">https://blog.jquery.com/2020/04/10/jquery-3-5-0-released/</a>
        </td>
      </tr>
      <tr>
        <td colspan="1" rowspan="1" width="20%">CWE Id</td>
        <td colspan="1" rowspan="1" width="80%">
          <a shape="rect" href="https://cwe.mitre.org/data/definitions/829.html">829</a>
        </td>
      </tr>
      <tr>
        <td colspan="1" rowspan="1" width="20%">WASC Id</td>
        <td colspan="1" rowspan="1" width="80%"/>
      </tr>
      <tr>
        <td colspan="1" rowspan="1" width="20%">Plugin Id</td>
        <td colspan="1" rowspan="1" width="80%">
          <a shape="rect" href="https://www.zaproxy.org/docs/alerts/10003/">10003</a>
        </td>
      </tr>
    </table>
    <div class="spacer"/>
    <table class="results">
      <tr height="24">
        <th colspan="1" rowspan="1" class="risk-2" width="20%">
          <a shape="rect" id="3"/>
          <div>Medio</div>
        </th>
        <th colspan="1" rowspan="1" class="risk-2">Session ID in URL Rewrite</th>
      </tr>
      <tr>
        <td colspan="1" rowspan="1" width="20%">Descripción</td>
        <td colspan="1" rowspan="1" width="80%">
          <div>URL rewrite is used to track user session ID. The session ID may be disclosed via cross-site referer header. In addition, the session ID might be stored in browser history or server logs.</div>
        </td>
      </tr>
      <tr valign="top">
        <td colspan="2" rowspan="1"/>
      </tr>
      <tr>
        <td colspan="1" rowspan="1" class="indent1" width="20%">URL</td>
        <td colspan="1" rowspan="1" width="80%">
          <a shape="rect" href="https://demo.owasp-juice.shop/socket.io/?EIO=4&amp;transport=polling&amp;t=P5eDi1G&amp;sid=3YzakH4yE0404A-FAAQX">https://demo.owasp-juice.shop/socket.io/?EIO=4&amp;transport=polling&amp;t=P5eDi1G&amp;sid=3YzakH4yE0404A-FAAQX</a>
        </td>
      </tr>
      <tr>
        <td colspan="1" rowspan="1" class="indent2" width="20%">Método</td>
        <td colspan="1" rowspan="1" width="80%">GET</td>
      </tr>
      <tr>
        <td colspan="1" rowspan="1" class="indent2" width="20%">Parámetros</td>
        <td colspan="1" rowspan="1" width="80%">sid</td>
      </tr>
      <tr>
        <td colspan="1" rowspan="1" class="indent2" width="20%">Ataque</td>
        <td colspan="1" rowspan="1" width="80%"/>
      </tr>
      <tr>
        <td colspan="1" rowspan="1" class="indent2" width="20%">Evidencia</td>
        <td colspan="1" rowspan="1" width="80%">3YzakH4yE0404A-FAAQX</td>
      </tr>
      <tr>
        <td colspan="1" rowspan="1" class="indent2" width="20%">Other Info</td>
        <td colspan="1" rowspan="1" width="80%"/>
      </tr>
      <tr>
        <td colspan="1" rowspan="1" class="indent1" width="20%">URL</td>
        <td colspan="1" rowspan="1" width="80%">
          <a shape="rect" href="https://demo.owasp-juice.shop/socket.io/?EIO=4&amp;transport=polling&amp;t=P5eDwjc&amp;sid=zZ9WE7Jsg7O2fa9jAAQ9">https://demo.owasp-juice.shop/socket.io/?EIO=4&amp;transport=polling&amp;t=P5eDwjc&amp;sid=zZ9WE7Jsg7O2fa9jAAQ9</a>
        </td>
      </tr>
      <tr>
        <td colspan="1" rowspan="1" class="indent2" width="20%">Método</td>
        <td colspan="1" rowspan="1" width="80%">GET</td>
      </tr>
      <tr>
        <td colspan="1" rowspan="1" class="indent2" width="20%">Parámetros</td>
        <td colspan="1" rowspan="1" width="80%">sid</td>
      </tr>
      <tr>
        <td colspan="1" rowspan="1" class="indent2" width="20%">Ataque</td>
        <td colspan="1" rowspan="1" width="80%"/>
      </tr>
      <tr>
        <td colspan="1" rowspan="1" class="indent2" width="20%">Evidencia</td>
        <td colspan="1" rowspan="1" width="80%">zZ9WE7Jsg7O2fa9jAAQ9</td>
      </tr>
      <tr>
        <td colspan="1" rowspan="1" class="indent2" width="20%">Other Info</td>
        <td colspan="1" rowspan="1" width="80%"/>
      </tr>
      <tr>
        <td colspan="1" rowspan="1" class="indent1" width="20%">URL</td>
        <td colspan="1" rowspan="1" width="80%">
          <a shape="rect" href="https://demo.owasp-juice.shop/socket.io/?EIO=4&amp;transport=polling&amp;t=P5eE3KZ&amp;sid=7owDv-WBO4vaB6t3AARZ">https://demo.owasp-juice.shop/socket.io/?EIO=4&amp;transport=polling&amp;t=P5eE3KZ&amp;sid=7owDv-WBO4vaB6t3AARZ</a>
        </td>
      </tr>
      <tr>
        <td colspan="1" rowspan="1" class="indent2" width="20%">Método</td>
        <td colspan="1" rowspan="1" width="80%">GET</td>
      </tr>
      <tr>
        <td colspan="1" rowspan="1" class="indent2" width="20%">Parámetros</td>
        <td colspan="1" rowspan="1" width="80%">sid</td>
      </tr>
      <tr>
        <td colspan="1" rowspan="1" class="indent2" width="20%">Ataque</td>
        <td colspan="1" rowspan="1" width="80%"/>
      </tr>
      <tr>
        <td colspan="1" rowspan="1" class="indent2" width="20%">Evidencia</td>
        <td colspan="1" rowspan="1" width="80%">7owDv-WBO4vaB6t3AARZ</td>
      </tr>
      <tr>
        <td colspan="1" rowspan="1" class="indent2" width="20%">Other Info</td>
        <td colspan="1" rowspan="1" width="80%"/>
      </tr>
      <tr>
        <td colspan="1" rowspan="1" class="indent1" width="20%">URL</td>
        <td colspan="1" rowspan="1" width="80%">
          <a shape="rect" href="https://demo.owasp-juice.shop/socket.io/?EIO=4&amp;transport=polling&amp;t=P5eEGj1&amp;sid=siOkhKcUcU8D1IWdAARy">https://demo.owasp-juice.shop/socket.io/?EIO=4&amp;transport=polling&amp;t=P5eEGj1&amp;sid=siOkhKcUcU8D1IWdAARy</a>
        </td>
      </tr>
      <tr>
        <td colspan="1" rowspan="1" class="indent2" width="20%">Método</td>
        <td colspan="1" rowspan="1" width="80%">GET</td>
      </tr>
      <tr>
        <td colspan="1" rowspan="1" class="indent2" width="20%">Parámetros</td>
        <td colspan="1" rowspan="1" width="80%">sid</td>
      </tr>
      <tr>
        <td colspan="1" rowspan="1" class="indent2" width="20%">Ataque</td>
        <td colspan="1" rowspan="1" width="80%"/>
      </tr>
      <tr>
        <td colspan="1" rowspan="1" class="indent2" width="20%">Evidencia</td>
        <td colspan="1" rowspan="1" width="80%">siOkhKcUcU8D1IWdAARy</td>
      </tr>
      <tr>
        <td colspan="1" rowspan="1" class="indent2" width="20%">Other Info</td>
        <td colspan="1" rowspan="1" width="80%"/>
      </tr>
      <tr>
        <td colspan="1" rowspan="1" class="indent1" width="20%">URL</td>
        <td colspan="1" rowspan="1" width="80%">
          <a shape="rect" href="https://demo.owasp-juice.shop/socket.io/?EIO=4&amp;transport=polling&amp;t=P5eErFf&amp;sid=8XjwdI-N9bmNoL3qAASh">https://demo.owasp-juice.shop/socket.io/?EIO=4&amp;transport=polling&amp;t=P5eErFf&amp;sid=8XjwdI-N9bmNoL3qAASh</a>
        </td>
      </tr>
      <tr>
        <td colspan="1" rowspan="1" class="indent2" width="20%">Método</td>
        <td colspan="1" rowspan="1" width="80%">GET</td>
      </tr>
      <tr>
        <td colspan="1" rowspan="1" class="indent2" width="20%">Parámetros</td>
        <td colspan="1" rowspan="1" width="80%">sid</td>
      </tr>
      <tr>
        <td colspan="1" rowspan="1" class="indent2" width="20%">Ataque</td>
        <td colspan="1" rowspan="1" width="80%"/>
      </tr>
      <tr>
        <td colspan="1" rowspan="1" class="indent2" width="20%">Evidencia</td>
        <td colspan="1" rowspan="1" width="80%">8XjwdI-N9bmNoL3qAASh</td>
      </tr>
      <tr>
        <td colspan="1" rowspan="1" class="indent2" width="20%">Other Info</td>
        <td colspan="1" rowspan="1" width="80%"/>
      </tr>
      <tr>
        <td colspan="1" rowspan="1" class="indent1" width="20%">URL</td>
        <td colspan="1" rowspan="1" width="80%">
          <a shape="rect" href="https://demo.owasp-juice.shop/socket.io/?EIO=4&amp;transport=polling&amp;t=P5eExmG&amp;sid=kZ26VJOLwn-6K0JsAASt">https://demo.owasp-juice.shop/socket.io/?EIO=4&amp;transport=polling&amp;t=P5eExmG&amp;sid=kZ26VJOLwn-6K0JsAASt</a>
        </td>
      </tr>
      <tr>
        <td colspan="1" rowspan="1" class="indent2" width="20%">Método</td>
        <td colspan="1" rowspan="1" width="80%">GET</td>
      </tr>
      <tr>
        <td colspan="1" rowspan="1" class="indent2" width="20%">Parámetros</td>
        <td colspan="1" rowspan="1" width="80%">sid</td>
      </tr>
      <tr>
        <td colspan="1" rowspan="1" class="indent2" width="20%">Ataque</td>
        <td colspan="1" rowspan="1" width="80%"/>
      </tr>
      <tr>
        <td colspan="1" rowspan="1" class="indent2" width="20%">Evidencia</td>
        <td colspan="1" rowspan="1" width="80%">kZ26VJOLwn-6K0JsAASt</td>
      </tr>
      <tr>
        <td colspan="1" rowspan="1" class="indent2" width="20%">Other Info</td>
        <td colspan="1" rowspan="1" width="80%"/>
      </tr>
      <tr>
        <td colspan="1" rowspan="1" class="indent1" width="20%">URL</td>
        <td colspan="1" rowspan="1" width="80%">
          <a shape="rect" href="https://demo.owasp-juice.shop/socket.io/?EIO=4&amp;transport=websocket&amp;sid=3YzakH4yE0404A-FAAQX">https://demo.owasp-juice.shop/socket.io/?EIO=4&amp;transport=websocket&amp;sid=3YzakH4yE0404A-FAAQX</a>
        </td>
      </tr>
      <tr>
        <td colspan="1" rowspan="1" class="indent2" width="20%">Método</td>
        <td colspan="1" rowspan="1" width="80%">GET</td>
      </tr>
      <tr>
        <td colspan="1" rowspan="1" class="indent2" width="20%">Parámetros</td>
        <td colspan="1" rowspan="1" width="80%">sid</td>
      </tr>
      <tr>
        <td colspan="1" rowspan="1" class="indent2" width="20%">Ataque</td>
        <td colspan="1" rowspan="1" width="80%"/>
      </tr>
      <tr>
        <td colspan="1" rowspan="1" class="indent2" width="20%">Evidencia</td>
        <td colspan="1" rowspan="1" width="80%">3YzakH4yE0404A-FAAQX</td>
      </tr>
      <tr>
        <td colspan="1" rowspan="1" class="indent2" width="20%">Other Info</td>
        <td colspan="1" rowspan="1" width="80%"/>
      </tr>
      <tr>
        <td colspan="1" rowspan="1" class="indent1" width="20%">URL</td>
        <td colspan="1" rowspan="1" width="80%">
          <a shape="rect" href="https://demo.owasp-juice.shop/socket.io/?EIO=4&amp;transport=websocket&amp;sid=7owDv-WBO4vaB6t3AARZ">https://demo.owasp-juice.shop/socket.io/?EIO=4&amp;transport=websocket&amp;sid=7owDv-WBO4vaB6t3AARZ</a>
        </td>
      </tr>
      <tr>
        <td colspan="1" rowspan="1" class="indent2" width="20%">Método</td>
        <td colspan="1" rowspan="1" width="80%">GET</td>
      </tr>
      <tr>
        <td colspan="1" rowspan="1" class="indent2" width="20%">Parámetros</td>
        <td colspan="1" rowspan="1" width="80%">sid</td>
      </tr>
      <tr>
        <td colspan="1" rowspan="1" class="indent2" width="20%">Ataque</td>
        <td colspan="1" rowspan="1" width="80%"/>
      </tr>
      <tr>
        <td colspan="1" rowspan="1" class="indent2" width="20%">Evidencia</td>
        <td colspan="1" rowspan="1" width="80%">7owDv-WBO4vaB6t3AARZ</td>
      </tr>
      <tr>
        <td colspan="1" rowspan="1" class="indent2" width="20%">Other Info</td>
        <td colspan="1" rowspan="1" width="80%"/>
      </tr>
      <tr>
        <td colspan="1" rowspan="1" class="indent1" width="20%">URL</td>
        <td colspan="1" rowspan="1" width="80%">
          <a shape="rect" href="https://demo.owasp-juice.shop/socket.io/?EIO=4&amp;transport=websocket&amp;sid=8XjwdI-N9bmNoL3qAASh">https://demo.owasp-juice.shop/socket.io/?EIO=4&amp;transport=websocket&amp;sid=8XjwdI-N9bmNoL3qAASh</a>
        </td>
      </tr>
      <tr>
        <td colspan="1" rowspan="1" class="indent2" width="20%">Método</td>
        <td colspan="1" rowspan="1" width="80%">GET</td>
      </tr>
      <tr>
        <td colspan="1" rowspan="1" class="indent2" width="20%">Parámetros</td>
        <td colspan="1" rowspan="1" width="80%">sid</td>
      </tr>
      <tr>
        <td colspan="1" rowspan="1" class="indent2" width="20%">Ataque</td>
        <td colspan="1" rowspan="1" width="80%"/>
      </tr>
      <tr>
        <td colspan="1" rowspan="1" class="indent2" width="20%">Evidencia</td>
        <td colspan="1" rowspan="1" width="80%">8XjwdI-N9bmNoL3qAASh</td>
      </tr>
      <tr>
        <td colspan="1" rowspan="1" class="indent2" width="20%">Other Info</td>
        <td colspan="1" rowspan="1" width="80%"/>
      </tr>
      <tr>
        <td colspan="1" rowspan="1" class="indent1" width="20%">URL</td>
        <td colspan="1" rowspan="1" width="80%">
          <a shape="rect" href="https://demo.owasp-juice.shop/socket.io/?EIO=4&amp;transport=websocket&amp;sid=kZ26VJOLwn-6K0JsAASt">https://demo.owasp-juice.shop/socket.io/?EIO=4&amp;transport=websocket&amp;sid=kZ26VJOLwn-6K0JsAASt</a>
        </td>
      </tr>
      <tr>
        <td colspan="1" rowspan="1" class="indent2" width="20%">Método</td>
        <td colspan="1" rowspan="1" width="80%">GET</td>
      </tr>
      <tr>
        <td colspan="1" rowspan="1" class="indent2" width="20%">Parámetros</td>
        <td colspan="1" rowspan="1" width="80%">sid</td>
      </tr>
      <tr>
        <td colspan="1" rowspan="1" class="indent2" width="20%">Ataque</td>
        <td colspan="1" rowspan="1" width="80%"/>
      </tr>
      <tr>
        <td colspan="1" rowspan="1" class="indent2" width="20%">Evidencia</td>
        <td colspan="1" rowspan="1" width="80%">kZ26VJOLwn-6K0JsAASt</td>
      </tr>
      <tr>
        <td colspan="1" rowspan="1" class="indent2" width="20%">Other Info</td>
        <td colspan="1" rowspan="1" width="80%"/>
      </tr>
      <tr>
        <td colspan="1" rowspan="1" class="indent1" width="20%">URL</td>
        <td colspan="1" rowspan="1" width="80%">
          <a shape="rect" href="https://demo.owasp-juice.shop/socket.io/?EIO=4&amp;transport=websocket&amp;sid=siOkhKcUcU8D1IWdAARy">https://demo.owasp-juice.shop/socket.io/?EIO=4&amp;transport=websocket&amp;sid=siOkhKcUcU8D1IWdAARy</a>
        </td>
      </tr>
      <tr>
        <td colspan="1" rowspan="1" class="indent2" width="20%">Método</td>
        <td colspan="1" rowspan="1" width="80%">GET</td>
      </tr>
      <tr>
        <td colspan="1" rowspan="1" class="indent2" width="20%">Parámetros</td>
        <td colspan="1" rowspan="1" width="80%">sid</td>
      </tr>
      <tr>
        <td colspan="1" rowspan="1" class="indent2" width="20%">Ataque</td>
        <td colspan="1" rowspan="1" width="80%"/>
      </tr>
      <tr>
        <td colspan="1" rowspan="1" class="indent2" width="20%">Evidencia</td>
        <td colspan="1" rowspan="1" width="80%">siOkhKcUcU8D1IWdAARy</td>
      </tr>
      <tr>
        <td colspan="1" rowspan="1" class="indent2" width="20%">Other Info</td>
        <td colspan="1" rowspan="1" width="80%"/>
      </tr>
      <tr>
        <td colspan="1" rowspan="1" class="indent1" width="20%">URL</td>
        <td colspan="1" rowspan="1" width="80%">
          <a shape="rect" href="https://demo.owasp-juice.shop/socket.io/?EIO=4&amp;transport=websocket&amp;sid=zZ9WE7Jsg7O2fa9jAAQ9">https://demo.owasp-juice.shop/socket.io/?EIO=4&amp;transport=websocket&amp;sid=zZ9WE7Jsg7O2fa9jAAQ9</a>
        </td>
      </tr>
      <tr>
        <td colspan="1" rowspan="1" class="indent2" width="20%">Método</td>
        <td colspan="1" rowspan="1" width="80%">GET</td>
      </tr>
      <tr>
        <td colspan="1" rowspan="1" class="indent2" width="20%">Parámetros</td>
        <td colspan="1" rowspan="1" width="80%">sid</td>
      </tr>
      <tr>
        <td colspan="1" rowspan="1" class="indent2" width="20%">Ataque</td>
        <td colspan="1" rowspan="1" width="80%"/>
      </tr>
      <tr>
        <td colspan="1" rowspan="1" class="indent2" width="20%">Evidencia</td>
        <td colspan="1" rowspan="1" width="80%">zZ9WE7Jsg7O2fa9jAAQ9</td>
      </tr>
      <tr>
        <td colspan="1" rowspan="1" class="indent2" width="20%">Other Info</td>
        <td colspan="1" rowspan="1" width="80%"/>
      </tr>
      <tr>
        <td colspan="1" rowspan="1" class="indent1" width="20%">URL</td>
        <td colspan="1" rowspan="1" width="80%">
          <a shape="rect" href="https://demo.owasp-juice.shop/socket.io/?EIO=4&amp;transport=polling&amp;t=P5eDi1D&amp;sid=3YzakH4yE0404A-FAAQX">https://demo.owasp-juice.shop/socket.io/?EIO=4&amp;transport=polling&amp;t=P5eDi1D&amp;sid=3YzakH4yE0404A-FAAQX</a>
        </td>
      </tr>
      <tr>
        <td colspan="1" rowspan="1" class="indent2" width="20%">Método</td>
        <td colspan="1" rowspan="1" width="80%">POST</td>
      </tr>
      <tr>
        <td colspan="1" rowspan="1" class="indent2" width="20%">Parámetros</td>
        <td colspan="1" rowspan="1" width="80%">sid</td>
      </tr>
      <tr>
        <td colspan="1" rowspan="1" class="indent2" width="20%">Ataque</td>
        <td colspan="1" rowspan="1" width="80%"/>
      </tr>
      <tr>
        <td colspan="1" rowspan="1" class="indent2" width="20%">Evidencia</td>
        <td colspan="1" rowspan="1" width="80%">3YzakH4yE0404A-FAAQX</td>
      </tr>
      <tr>
        <td colspan="1" rowspan="1" class="indent2" width="20%">Other Info</td>
        <td colspan="1" rowspan="1" width="80%"/>
      </tr>
      <tr>
        <td colspan="1" rowspan="1" class="indent1" width="20%">URL</td>
        <td colspan="1" rowspan="1" width="80%">
          <a shape="rect" href="https://demo.owasp-juice.shop/socket.io/?EIO=4&amp;transport=polling&amp;t=P5eDwjZ&amp;sid=zZ9WE7Jsg7O2fa9jAAQ9">https://demo.owasp-juice.shop/socket.io/?EIO=4&amp;transport=polling&amp;t=P5eDwjZ&amp;sid=zZ9WE7Jsg7O2fa9jAAQ9</a>
        </td>
      </tr>
      <tr>
        <td colspan="1" rowspan="1" class="indent2" width="20%">Método</td>
        <td colspan="1" rowspan="1" width="80%">POST</td>
      </tr>
      <tr>
        <td colspan="1" rowspan="1" class="indent2" width="20%">Parámetros</td>
        <td colspan="1" rowspan="1" width="80%">sid</td>
      </tr>
      <tr>
        <td colspan="1" rowspan="1" class="indent2" width="20%">Ataque</td>
        <td colspan="1" rowspan="1" width="80%"/>
      </tr>
      <tr>
        <td colspan="1" rowspan="1" class="indent2" width="20%">Evidencia</td>
        <td colspan="1" rowspan="1" width="80%">zZ9WE7Jsg7O2fa9jAAQ9</td>
      </tr>
      <tr>
        <td colspan="1" rowspan="1" class="indent2" width="20%">Other Info</td>
        <td colspan="1" rowspan="1" width="80%"/>
      </tr>
      <tr>
        <td colspan="1" rowspan="1" class="indent1" width="20%">URL</td>
        <td colspan="1" rowspan="1" width="80%">
          <a shape="rect" href="https://demo.owasp-juice.shop/socket.io/?EIO=4&amp;transport=polling&amp;t=P5eE3KX&amp;sid=7owDv-WBO4vaB6t3AARZ">https://demo.owasp-juice.shop/socket.io/?EIO=4&amp;transport=polling&amp;t=P5eE3KX&amp;sid=7owDv-WBO4vaB6t3AARZ</a>
        </td>
      </tr>
      <tr>
        <td colspan="1" rowspan="1" class="indent2" width="20%">Método</td>
        <td colspan="1" rowspan="1" width="80%">POST</td>
      </tr>
      <tr>
        <td colspan="1" rowspan="1" class="indent2" width="20%">Parámetros</td>
        <td colspan="1" rowspan="1" width="80%">sid</td>
      </tr>
      <tr>
        <td colspan="1" rowspan="1" class="indent2" width="20%">Ataque</td>
        <td colspan="1" rowspan="1" width="80%"/>
      </tr>
      <tr>
        <td colspan="1" rowspan="1" class="indent2" width="20%">Evidencia</td>
        <td colspan="1" rowspan="1" width="80%">7owDv-WBO4vaB6t3AARZ</td>
      </tr>
      <tr>
        <td colspan="1" rowspan="1" class="indent2" width="20%">Other Info</td>
        <td colspan="1" rowspan="1" width="80%"/>
      </tr>
      <tr>
        <td colspan="1" rowspan="1" class="indent1" width="20%">URL</td>
        <td colspan="1" rowspan="1" width="80%">
          <a shape="rect" href="https://demo.owasp-juice.shop/socket.io/?EIO=4&amp;transport=polling&amp;t=P5eEGiz&amp;sid=siOkhKcUcU8D1IWdAARy">https://demo.owasp-juice.shop/socket.io/?EIO=4&amp;transport=polling&amp;t=P5eEGiz&amp;sid=siOkhKcUcU8D1IWdAARy</a>
        </td>
      </tr>
      <tr>
        <td colspan="1" rowspan="1" class="indent2" width="20%">Método</td>
        <td colspan="1" rowspan="1" width="80%">POST</td>
      </tr>
      <tr>
        <td colspan="1" rowspan="1" class="indent2" width="20%">Parámetros</td>
        <td colspan="1" rowspan="1" width="80%">sid</td>
      </tr>
      <tr>
        <td colspan="1" rowspan="1" class="indent2" width="20%">Ataque</td>
        <td colspan="1" rowspan="1" width="80%"/>
      </tr>
      <tr>
        <td colspan="1" rowspan="1" class="indent2" width="20%">Evidencia</td>
        <td colspan="1" rowspan="1" width="80%">siOkhKcUcU8D1IWdAARy</td>
      </tr>
      <tr>
        <td colspan="1" rowspan="1" class="indent2" width="20%">Other Info</td>
        <td colspan="1" rowspan="1" width="80%"/>
      </tr>
      <tr>
        <td colspan="1" rowspan="1" class="indent1" width="20%">URL</td>
        <td colspan="1" rowspan="1" width="80%">
          <a shape="rect" href="https://demo.owasp-juice.shop/socket.io/?EIO=4&amp;transport=polling&amp;t=P5eErFc&amp;sid=8XjwdI-N9bmNoL3qAASh">https://demo.owasp-juice.shop/socket.io/?EIO=4&amp;transport=polling&amp;t=P5eErFc&amp;sid=8XjwdI-N9bmNoL3qAASh</a>
        </td>
      </tr>
      <tr>
        <td colspan="1" rowspan="1" class="indent2" width="20%">Método</td>
        <td colspan="1" rowspan="1" width="80%">POST</td>
      </tr>
      <tr>
        <td colspan="1" rowspan="1" class="indent2" width="20%">Parámetros</td>
        <td colspan="1" rowspan="1" width="80%">sid</td>
      </tr>
      <tr>
        <td colspan="1" rowspan="1" class="indent2" width="20%">Ataque</td>
        <td colspan="1" rowspan="1" width="80%"/>
      </tr>
      <tr>
        <td colspan="1" rowspan="1" class="indent2" width="20%">Evidencia</td>
        <td colspan="1" rowspan="1" width="80%">8XjwdI-N9bmNoL3qAASh</td>
      </tr>
      <tr>
        <td colspan="1" rowspan="1" class="indent2" width="20%">Other Info</td>
        <td colspan="1" rowspan="1" width="80%"/>
      </tr>
      <tr>
        <td colspan="1" rowspan="1" class="indent1" width="20%">URL</td>
        <td colspan="1" rowspan="1" width="80%">
          <a shape="rect" href="https://demo.owasp-juice.shop/socket.io/?EIO=4&amp;transport=polling&amp;t=P5eExME&amp;sid=8XjwdI-N9bmNoL3qAASh">https://demo.owasp-juice.shop/socket.io/?EIO=4&amp;transport=polling&amp;t=P5eExME&amp;sid=8XjwdI-N9bmNoL3qAASh</a>
        </td>
      </tr>
      <tr>
        <td colspan="1" rowspan="1" class="indent2" width="20%">Método</td>
        <td colspan="1" rowspan="1" width="80%">POST</td>
      </tr>
      <tr>
        <td colspan="1" rowspan="1" class="indent2" width="20%">Parámetros</td>
        <td colspan="1" rowspan="1" width="80%">sid</td>
      </tr>
      <tr>
        <td colspan="1" rowspan="1" class="indent2" width="20%">Ataque</td>
        <td colspan="1" rowspan="1" width="80%"/>
      </tr>
      <tr>
        <td colspan="1" rowspan="1" class="indent2" width="20%">Evidencia</td>
        <td colspan="1" rowspan="1" width="80%">8XjwdI-N9bmNoL3qAASh</td>
      </tr>
      <tr>
        <td colspan="1" rowspan="1" class="indent2" width="20%">Other Info</td>
        <td colspan="1" rowspan="1" width="80%"/>
      </tr>
      <tr>
        <td colspan="1" rowspan="1" class="indent1" width="20%">URL</td>
        <td colspan="1" rowspan="1" width="80%">
          <a shape="rect" href="https://demo.owasp-juice.shop/socket.io/?EIO=4&amp;transport=polling&amp;t=P5eExmF&amp;sid=kZ26VJOLwn-6K0JsAASt">https://demo.owasp-juice.shop/socket.io/?EIO=4&amp;transport=polling&amp;t=P5eExmF&amp;sid=kZ26VJOLwn-6K0JsAASt</a>
        </td>
      </tr>
      <tr>
        <td colspan="1" rowspan="1" class="indent2" width="20%">Método</td>
        <td colspan="1" rowspan="1" width="80%">POST</td>
      </tr>
      <tr>
        <td colspan="1" rowspan="1" class="indent2" width="20%">Parámetros</td>
        <td colspan="1" rowspan="1" width="80%">sid</td>
      </tr>
      <tr>
        <td colspan="1" rowspan="1" class="indent2" width="20%">Ataque</td>
        <td colspan="1" rowspan="1" width="80%"/>
      </tr>
      <tr>
        <td colspan="1" rowspan="1" class="indent2" width="20%">Evidencia</td>
        <td colspan="1" rowspan="1" width="80%">kZ26VJOLwn-6K0JsAASt</td>
      </tr>
      <tr>
        <td colspan="1" rowspan="1" class="indent2" width="20%">Other Info</td>
        <td colspan="1" rowspan="1" width="80%"/>
      </tr>
      <tr>
        <td colspan="1" rowspan="1" width="20%">Instancia</td>
        <td colspan="1" rowspan="1" width="80%">19</td>
      </tr>
      <tr>
        <td colspan="1" rowspan="1" width="20%">Solución</td>
        <td colspan="1" rowspan="1" width="80%">
          <div>For secure content, put session ID in a cookie. To be even more secure consider using a combination of cookie and URL rewrite.</div>
        </td>
      </tr>
      <tr>
        <td colspan="1" rowspan="1" width="20%">Referencia</td>
        <td colspan="1" rowspan="1" width="80%">
          <a shape="rect" href="https://seclists.org/webappsec/2002/q4/111">https://seclists.org/webappsec/2002/q4/111</a>
        </td>
      </tr>
      <tr>
        <td colspan="1" rowspan="1" width="20%">CWE Id</td>
        <td colspan="1" rowspan="1" width="80%">
          <a shape="rect" href="https://cwe.mitre.org/data/definitions/200.html">200</a>
        </td>
      </tr>
      <tr>
        <td colspan="1" rowspan="1" width="20%">WASC Id</td>
        <td colspan="1" rowspan="1" width="80%">13</td>
      </tr>
      <tr>
        <td colspan="1" rowspan="1" width="20%">Plugin Id</td>
        <td colspan="1" rowspan="1" width="80%">
          <a shape="rect" href="https://www.zaproxy.org/docs/alerts/3/">3</a>
        </td>
      </tr>
    </table>
    <div class="spacer"/>
    <table class="results">
      <tr height="24">
        <th colspan="1" rowspan="1" class="risk-1" width="20%">
          <a shape="rect" id="10047"/>
          <div>Bajo</div>
        </th>
        <th colspan="1" rowspan="1" class="risk-1">Contenido HTTPS Disponible vía HTTP</th>
      </tr>
      <tr>
        <td colspan="1" rowspan="1" width="20%">Descripción</td>
        <td colspan="1" rowspan="1" width="80%">
          <div>El contenido al que se accedió inicialmente por HTTPS (es decir, usando cifrado SSL/TLS) también es accesible por HTTP (sin cifrado). </div>
        </td>
      </tr>
      <tr valign="top">
        <td colspan="2" rowspan="1"/>
      </tr>
      <tr>
        <td colspan="1" rowspan="1" class="indent1" width="20%">URL</td>
        <td colspan="1" rowspan="1" width="80%">
          <a shape="rect" href="https://todo.ly">https://todo.ly</a>
        </td>
      </tr>
      <tr>
        <td colspan="1" rowspan="1" class="indent2" width="20%">Método</td>
        <td colspan="1" rowspan="1" width="80%">GET</td>
      </tr>
      <tr>
        <td colspan="1" rowspan="1" class="indent2" width="20%">Parámetros</td>
        <td colspan="1" rowspan="1" width="80%"/>
      </tr>
      <tr>
        <td colspan="1" rowspan="1" class="indent2" width="20%">Ataque</td>
        <td colspan="1" rowspan="1" width="80%"/>
      </tr>
      <tr>
        <td colspan="1" rowspan="1" class="indent2" width="20%">Evidencia</td>
        <td colspan="1" rowspan="1" width="80%">http://todo.ly</td>
      </tr>
      <tr>
        <td colspan="1" rowspan="1" class="indent2" width="20%">Other Info</td>
        <td colspan="1" rowspan="1" width="80%">ZAP intentó conectarse a través de: http://todo.ly</td>
      </tr>
      <tr>
        <td colspan="1" rowspan="1" class="indent1" width="20%">URL</td>
        <td colspan="1" rowspan="1" width="80%">
          <a shape="rect" href="https://todo.ly/">https://todo.ly/</a>
        </td>
      </tr>
      <tr>
        <td colspan="1" rowspan="1" class="indent2" width="20%">Método</td>
        <td colspan="1" rowspan="1" width="80%">GET</td>
      </tr>
      <tr>
        <td colspan="1" rowspan="1" class="indent2" width="20%">Parámetros</td>
        <td colspan="1" rowspan="1" width="80%"/>
      </tr>
      <tr>
        <td colspan="1" rowspan="1" class="indent2" width="20%">Ataque</td>
        <td colspan="1" rowspan="1" width="80%"/>
      </tr>
      <tr>
        <td colspan="1" rowspan="1" class="indent2" width="20%">Evidencia</td>
        <td colspan="1" rowspan="1" width="80%">http://todo.ly/</td>
      </tr>
      <tr>
        <td colspan="1" rowspan="1" class="indent2" width="20%">Other Info</td>
        <td colspan="1" rowspan="1" width="80%">ZAP intentó conectarse a través de: http://todo.ly/</td>
      </tr>
      <tr>
        <td colspan="1" rowspan="1" class="indent1" width="20%">URL</td>
        <td colspan="1" rowspan="1" width="80%">
          <a shape="rect" href="https://todo.ly/favicon.ico">https://todo.ly/favicon.ico</a>
        </td>
      </tr>
      <tr>
        <td colspan="1" rowspan="1" class="indent2" width="20%">Método</td>
        <td colspan="1" rowspan="1" width="80%">GET</td>
      </tr>
      <tr>
        <td colspan="1" rowspan="1" class="indent2" width="20%">Parámetros</td>
        <td colspan="1" rowspan="1" width="80%"/>
      </tr>
      <tr>
        <td colspan="1" rowspan="1" class="indent2" width="20%">Ataque</td>
        <td colspan="1" rowspan="1" width="80%"/>
      </tr>
      <tr>
        <td colspan="1" rowspan="1" class="indent2" width="20%">Evidencia</td>
        <td colspan="1" rowspan="1" width="80%">http://todo.ly/favicon.ico</td>
      </tr>
      <tr>
        <td colspan="1" rowspan="1" class="indent2" width="20%">Other Info</td>
        <td colspan="1" rowspan="1" width="80%">ZAP intentó conectarse a través de: http://todo.ly/favicon.ico</td>
      </tr>
      <tr>
        <td colspan="1" rowspan="1" class="indent1" width="20%">URL</td>
        <td colspan="1" rowspan="1" width="80%">
          <a shape="rect" href="https://todo.ly/Images/AddItemBox4.png">https://todo.ly/Images/AddItemBox4.png</a>
        </td>
      </tr>
      <tr>
        <td colspan="1" rowspan="1" class="indent2" width="20%">Método</td>
        <td colspan="1" rowspan="1" width="80%">GET</td>
      </tr>
      <tr>
        <td colspan="1" rowspan="1" class="indent2" width="20%">Parámetros</td>
        <td colspan="1" rowspan="1" width="80%"/>
      </tr>
      <tr>
        <td colspan="1" rowspan="1" class="indent2" width="20%">Ataque</td>
        <td colspan="1" rowspan="1" width="80%"/>
      </tr>
      <tr>
        <td colspan="1" rowspan="1" class="indent2" width="20%">Evidencia</td>
        <td colspan="1" rowspan="1" width="80%">http://todo.ly/Images/AddItemBox4.png</td>
      </tr>
      <tr>
        <td colspan="1" rowspan="1" class="indent2" width="20%">Other Info</td>
        <td colspan="1" rowspan="1" width="80%">ZAP intentó conectarse a través de: http://todo.ly/Images/AddItemBox4.png</td>
      </tr>
      <tr>
        <td colspan="1" rowspan="1" class="indent1" width="20%">URL</td>
        <td colspan="1" rowspan="1" width="80%">
          <a shape="rect" href="https://todo.ly/Images/AddItemBoxMoreNew.png">https://todo.ly/Images/AddItemBoxMoreNew.png</a>
        </td>
      </tr>
      <tr>
        <td colspan="1" rowspan="1" class="indent2" width="20%">Método</td>
        <td colspan="1" rowspan="1" width="80%">GET</td>
      </tr>
      <tr>
        <td colspan="1" rowspan="1" class="indent2" width="20%">Parámetros</td>
        <td colspan="1" rowspan="1" width="80%"/>
      </tr>
      <tr>
        <td colspan="1" rowspan="1" class="indent2" width="20%">Ataque</td>
        <td colspan="1" rowspan="1" width="80%"/>
      </tr>
      <tr>
        <td colspan="1" rowspan="1" class="indent2" width="20%">Evidencia</td>
        <td colspan="1" rowspan="1" width="80%">http://todo.ly/Images/AddItemBoxMoreNew.png</td>
      </tr>
      <tr>
        <td colspan="1" rowspan="1" class="indent2" width="20%">Other Info</td>
        <td colspan="1" rowspan="1" width="80%">ZAP intentó conectarse a través de: http://todo.ly/Images/AddItemBoxMoreNew.png</td>
      </tr>
      <tr>
        <td colspan="1" rowspan="1" class="indent1" width="20%">URL</td>
        <td colspan="1" rowspan="1" width="80%">
          <a shape="rect" href="https://todo.ly/images/AddItemChecbox.png">https://todo.ly/images/AddItemChecbox.png</a>
        </td>
      </tr>
      <tr>
        <td colspan="1" rowspan="1" class="indent2" width="20%">Método</td>
        <td colspan="1" rowspan="1" width="80%">GET</td>
      </tr>
      <tr>
        <td colspan="1" rowspan="1" class="indent2" width="20%">Parámetros</td>
        <td colspan="1" rowspan="1" width="80%"/>
      </tr>
      <tr>
        <td colspan="1" rowspan="1" class="indent2" width="20%">Ataque</td>
        <td colspan="1" rowspan="1" width="80%"/>
      </tr>
      <tr>
        <td colspan="1" rowspan="1" class="indent2" width="20%">Evidencia</td>
        <td colspan="1" rowspan="1" width="80%">http://todo.ly/images/AddItemChecbox.png</td>
      </tr>
      <tr>
        <td colspan="1" rowspan="1" class="indent2" width="20%">Other Info</td>
        <td colspan="1" rowspan="1" width="80%">ZAP intentó conectarse a través de: http://todo.ly/images/AddItemChecbox.png</td>
      </tr>
      <tr>
        <td colspan="1" rowspan="1" class="indent1" width="20%">URL</td>
        <td colspan="1" rowspan="1" width="80%">
          <a shape="rect" href="https://todo.ly/Images/AddItemTypeHere.png">https://todo.ly/Images/AddItemTypeHere.png</a>
        </td>
      </tr>
      <tr>
        <td colspan="1" rowspan="1" class="indent2" width="20%">Método</td>
        <td colspan="1" rowspan="1" width="80%">GET</td>
      </tr>
      <tr>
        <td colspan="1" rowspan="1" class="indent2" width="20%">Parámetros</td>
        <td colspan="1" rowspan="1" width="80%"/>
      </tr>
      <tr>
        <td colspan="1" rowspan="1" class="indent2" width="20%">Ataque</td>
        <td colspan="1" rowspan="1" width="80%"/>
      </tr>
      <tr>
        <td colspan="1" rowspan="1" class="indent2" width="20%">Evidencia</td>
        <td colspan="1" rowspan="1" width="80%">http://todo.ly/Images/AddItemTypeHere.png</td>
      </tr>
      <tr>
        <td colspan="1" rowspan="1" class="indent2" width="20%">Other Info</td>
        <td colspan="1" rowspan="1" width="80%">ZAP intentó conectarse a través de: http://todo.ly/Images/AddItemTypeHere.png</td>
      </tr>
      <tr>
        <td colspan="1" rowspan="1" class="indent1" width="20%">URL</td>
        <td colspan="1" rowspan="1" width="80%">
          <a shape="rect" href="https://todo.ly/images/alarm.png">https://todo.ly/images/alarm.png</a>
        </td>
      </tr>
      <tr>
        <td colspan="1" rowspan="1" class="indent2" width="20%">Método</td>
        <td colspan="1" rowspan="1" width="80%">GET</td>
      </tr>
      <tr>
        <td colspan="1" rowspan="1" class="indent2" width="20%">Parámetros</td>
        <td colspan="1" rowspan="1" width="80%"/>
      </tr>
      <tr>
        <td colspan="1" rowspan="1" class="indent2" width="20%">Ataque</td>
        <td colspan="1" rowspan="1" width="80%"/>
      </tr>
      <tr>
        <td colspan="1" rowspan="1" class="indent2" width="20%">Evidencia</td>
        <td colspan="1" rowspan="1" width="80%">http://todo.ly/images/alarm.png</td>
      </tr>
      <tr>
        <td colspan="1" rowspan="1" class="indent2" width="20%">Other Info</td>
        <td colspan="1" rowspan="1" width="80%">ZAP intentó conectarse a través de: http://todo.ly/images/alarm.png</td>
      </tr>
      <tr>
        <td colspan="1" rowspan="1" class="indent1" width="20%">URL</td>
        <td colspan="1" rowspan="1" width="80%">
          <a shape="rect" href="https://todo.ly/Images/arrow_blue_down.png">https://todo.ly/Images/arrow_blue_down.png</a>
        </td>
      </tr>
      <tr>
        <td colspan="1" rowspan="1" class="indent2" width="20%">Método</td>
        <td colspan="1" rowspan="1" width="80%">GET</td>
      </tr>
      <tr>
        <td colspan="1" rowspan="1" class="indent2" width="20%">Parámetros</td>
        <td colspan="1" rowspan="1" width="80%"/>
      </tr>
      <tr>
        <td colspan="1" rowspan="1" class="indent2" width="20%">Ataque</td>
        <td colspan="1" rowspan="1" width="80%"/>
      </tr>
      <tr>
        <td colspan="1" rowspan="1" class="indent2" width="20%">Evidencia</td>
        <td colspan="1" rowspan="1" width="80%">http://todo.ly/Images/arrow_blue_down.png</td>
      </tr>
      <tr>
        <td colspan="1" rowspan="1" class="indent2" width="20%">Other Info</td>
        <td colspan="1" rowspan="1" width="80%">ZAP intentó conectarse a través de: http://todo.ly/Images/arrow_blue_down.png</td>
      </tr>
      <tr>
        <td colspan="1" rowspan="1" class="indent1" width="20%">URL</td>
        <td colspan="1" rowspan="1" width="80%">
          <a shape="rect" href="https://todo.ly/Images/bigicons/creditcart1.png">https://todo.ly/Images/bigicons/creditcart1.png</a>
        </td>
      </tr>
      <tr>
        <td colspan="1" rowspan="1" class="indent2" width="20%">Método</td>
        <td colspan="1" rowspan="1" width="80%">GET</td>
      </tr>
      <tr>
        <td colspan="1" rowspan="1" class="indent2" width="20%">Parámetros</td>
        <td colspan="1" rowspan="1" width="80%"/>
      </tr>
      <tr>
        <td colspan="1" rowspan="1" class="indent2" width="20%">Ataque</td>
        <td colspan="1" rowspan="1" width="80%"/>
      </tr>
      <tr>
        <td colspan="1" rowspan="1" class="indent2" width="20%">Evidencia</td>
        <td colspan="1" rowspan="1" width="80%">http://todo.ly/Images/bigicons/creditcart1.png</td>
      </tr>
      <tr>
        <td colspan="1" rowspan="1" class="indent2" width="20%">Other Info</td>
        <td colspan="1" rowspan="1" width="80%">ZAP intentó conectarse a través de: http://todo.ly/Images/bigicons/creditcart1.png</td>
      </tr>
      <tr>
        <td colspan="1" rowspan="1" class="indent1" width="20%">URL</td>
        <td colspan="1" rowspan="1" width="80%">
          <a shape="rect" href="https://todo.ly/Images/bigicons/globe.png">https://todo.ly/Images/bigicons/globe.png</a>
        </td>
      </tr>
      <tr>
        <td colspan="1" rowspan="1" class="indent2" width="20%">Método</td>
        <td colspan="1" rowspan="1" width="80%">GET</td>
      </tr>
      <tr>
        <td colspan="1" rowspan="1" class="indent2" width="20%">Parámetros</td>
        <td colspan="1" rowspan="1" width="80%"/>
      </tr>
      <tr>
        <td colspan="1" rowspan="1" class="indent2" width="20%">Ataque</td>
        <td colspan="1" rowspan="1" width="80%"/>
      </tr>
      <tr>
        <td colspan="1" rowspan="1" class="indent2" width="20%">Evidencia</td>
        <td colspan="1" rowspan="1" width="80%">http://todo.ly/Images/bigicons/globe.png</td>
      </tr>
      <tr>
        <td colspan="1" rowspan="1" class="indent2" width="20%">Other Info</td>
        <td colspan="1" rowspan="1" width="80%">ZAP intentó conectarse a través de: http://todo.ly/Images/bigicons/globe.png</td>
      </tr>
      <tr>
        <td colspan="1" rowspan="1" class="indent1" width="20%">URL</td>
        <td colspan="1" rowspan="1" width="80%">
          <a shape="rect" href="https://todo.ly/Images/bigicons/note.png">https://todo.ly/Images/bigicons/note.png</a>
        </td>
      </tr>
      <tr>
        <td colspan="1" rowspan="1" class="indent2" width="20%">Método</td>
        <td colspan="1" rowspan="1" width="80%">GET</td>
      </tr>
      <tr>
        <td colspan="1" rowspan="1" class="indent2" width="20%">Parámetros</td>
        <td colspan="1" rowspan="1" width="80%"/>
      </tr>
      <tr>
        <td colspan="1" rowspan="1" class="indent2" width="20%">Ataque</td>
        <td colspan="1" rowspan="1" width="80%"/>
      </tr>
      <tr>
        <td colspan="1" rowspan="1" class="indent2" width="20%">Evidencia</td>
        <td colspan="1" rowspan="1" width="80%">http://todo.ly/Images/bigicons/note.png</td>
      </tr>
      <tr>
        <td colspan="1" rowspan="1" class="indent2" width="20%">Other Info</td>
        <td colspan="1" rowspan="1" width="80%">ZAP intentó conectarse a través de: http://todo.ly/Images/bigicons/note.png</td>
      </tr>
      <tr>
        <td colspan="1" rowspan="1" class="indent1" width="20%">URL</td>
        <td colspan="1" rowspan="1" width="80%">
          <a shape="rect" href="https://todo.ly/Images/bigicons/office_folders.png">https://todo.ly/Images/bigicons/office_folders.png</a>
        </td>
      </tr>
      <tr>
        <td colspan="1" rowspan="1" class="indent2" width="20%">Método</td>
        <td colspan="1" rowspan="1" width="80%">GET</td>
      </tr>
      <tr>
        <td colspan="1" rowspan="1" class="indent2" width="20%">Parámetros</td>
        <td colspan="1" rowspan="1" width="80%"/>
      </tr>
      <tr>
        <td colspan="1" rowspan="1" class="indent2" width="20%">Ataque</td>
        <td colspan="1" rowspan="1" width="80%"/>
      </tr>
      <tr>
        <td colspan="1" rowspan="1" class="indent2" width="20%">Evidencia</td>
        <td colspan="1" rowspan="1" width="80%">http://todo.ly/Images/bigicons/office_folders.png</td>
      </tr>
      <tr>
        <td colspan="1" rowspan="1" class="indent2" width="20%">Other Info</td>
        <td colspan="1" rowspan="1" width="80%">ZAP intentó conectarse a través de: http://todo.ly/Images/bigicons/office_folders.png</td>
      </tr>
      <tr>
        <td colspan="1" rowspan="1" class="indent1" width="20%">URL</td>
        <td colspan="1" rowspan="1" width="80%">
          <a shape="rect" href="https://todo.ly/Images/delete.png">https://todo.ly/Images/delete.png</a>
        </td>
      </tr>
      <tr>
        <td colspan="1" rowspan="1" class="indent2" width="20%">Método</td>
        <td colspan="1" rowspan="1" width="80%">GET</td>
      </tr>
      <tr>
        <td colspan="1" rowspan="1" class="indent2" width="20%">Parámetros</td>
        <td colspan="1" rowspan="1" width="80%"/>
      </tr>
      <tr>
        <td colspan="1" rowspan="1" class="indent2" width="20%">Ataque</td>
        <td colspan="1" rowspan="1" width="80%"/>
      </tr>
      <tr>
        <td colspan="1" rowspan="1" class="indent2" width="20%">Evidencia</td>
        <td colspan="1" rowspan="1" width="80%">http://todo.ly/Images/delete.png</td>
      </tr>
      <tr>
        <td colspan="1" rowspan="1" class="indent2" width="20%">Other Info</td>
        <td colspan="1" rowspan="1" width="80%">ZAP intentó conectarse a través de: http://todo.ly/Images/delete.png</td>
      </tr>
      <tr>
        <td colspan="1" rowspan="1" class="indent1" width="20%">URL</td>
        <td colspan="1" rowspan="1" width="80%">
          <a shape="rect" href="https://todo.ly/Images/design/LoginBtn.png">https://todo.ly/Images/design/LoginBtn.png</a>
        </td>
      </tr>
      <tr>
        <td colspan="1" rowspan="1" class="indent2" width="20%">Método</td>
        <td colspan="1" rowspan="1" width="80%">GET</td>
      </tr>
      <tr>
        <td colspan="1" rowspan="1" class="indent2" width="20%">Parámetros</td>
        <td colspan="1" rowspan="1" width="80%"/>
      </tr>
      <tr>
        <td colspan="1" rowspan="1" class="indent2" width="20%">Ataque</td>
        <td colspan="1" rowspan="1" width="80%"/>
      </tr>
      <tr>
        <td colspan="1" rowspan="1" class="indent2" width="20%">Evidencia</td>
        <td colspan="1" rowspan="1" width="80%">http://todo.ly/Images/design/LoginBtn.png</td>
      </tr>
      <tr>
        <td colspan="1" rowspan="1" class="indent2" width="20%">Other Info</td>
        <td colspan="1" rowspan="1" width="80%">ZAP intentó conectarse a través de: http://todo.ly/Images/design/LoginBtn.png</td>
      </tr>
      <tr>
        <td colspan="1" rowspan="1" class="indent1" width="20%">URL</td>
        <td colspan="1" rowspan="1" width="80%">
          <a shape="rect" href="https://todo.ly/Images/design/LoginDivX.png">https://todo.ly/Images/design/LoginDivX.png</a>
        </td>
      </tr>
      <tr>
        <td colspan="1" rowspan="1" class="indent2" width="20%">Método</td>
        <td colspan="1" rowspan="1" width="80%">GET</td>
      </tr>
      <tr>
        <td colspan="1" rowspan="1" class="indent2" width="20%">Parámetros</td>
        <td colspan="1" rowspan="1" width="80%"/>
      </tr>
      <tr>
        <td colspan="1" rowspan="1" class="indent2" width="20%">Ataque</td>
        <td colspan="1" rowspan="1" width="80%"/>
      </tr>
      <tr>
        <td colspan="1" rowspan="1" class="indent2" width="20%">Evidencia</td>
        <td colspan="1" rowspan="1" width="80%">http://todo.ly/Images/design/LoginDivX.png</td>
      </tr>
      <tr>
        <td colspan="1" rowspan="1" class="indent2" width="20%">Other Info</td>
        <td colspan="1" rowspan="1" width="80%">ZAP intentó conectarse a través de: http://todo.ly/Images/design/LoginDivX.png</td>
      </tr>
      <tr>
        <td colspan="1" rowspan="1" class="indent1" width="20%">URL</td>
        <td colspan="1" rowspan="1" width="80%">
          <a shape="rect" href="https://todo.ly/Images/design/pagelogin.png">https://todo.ly/Images/design/pagelogin.png</a>
        </td>
      </tr>
      <tr>
        <td colspan="1" rowspan="1" class="indent2" width="20%">Método</td>
        <td colspan="1" rowspan="1" width="80%">GET</td>
      </tr>
      <tr>
        <td colspan="1" rowspan="1" class="indent2" width="20%">Parámetros</td>
        <td colspan="1" rowspan="1" width="80%"/>
      </tr>
      <tr>
        <td colspan="1" rowspan="1" class="indent2" width="20%">Ataque</td>
        <td colspan="1" rowspan="1" width="80%"/>
      </tr>
      <tr>
        <td colspan="1" rowspan="1" class="indent2" width="20%">Evidencia</td>
        <td colspan="1" rowspan="1" width="80%">http://todo.ly/Images/design/pagelogin.png</td>
      </tr>
      <tr>
        <td colspan="1" rowspan="1" class="indent2" width="20%">Other Info</td>
        <td colspan="1" rowspan="1" width="80%">ZAP intentó conectarse a través de: http://todo.ly/Images/design/pagelogin.png</td>
      </tr>
      <tr>
        <td colspan="1" rowspan="1" class="indent1" width="20%">URL</td>
        <td colspan="1" rowspan="1" width="80%">
          <a shape="rect" href="https://todo.ly/Images/design/pagesignup.png">https://todo.ly/Images/design/pagesignup.png</a>
        </td>
      </tr>
      <tr>
        <td colspan="1" rowspan="1" class="indent2" width="20%">Método</td>
        <td colspan="1" rowspan="1" width="80%">GET</td>
      </tr>
      <tr>
        <td colspan="1" rowspan="1" class="indent2" width="20%">Parámetros</td>
        <td colspan="1" rowspan="1" width="80%"/>
      </tr>
      <tr>
        <td colspan="1" rowspan="1" class="indent2" width="20%">Ataque</td>
        <td colspan="1" rowspan="1" width="80%"/>
      </tr>
      <tr>
        <td colspan="1" rowspan="1" class="indent2" width="20%">Evidencia</td>
        <td colspan="1" rowspan="1" width="80%">http://todo.ly/Images/design/pagesignup.png</td>
      </tr>
      <tr>
        <td colspan="1" rowspan="1" class="indent2" width="20%">Other Info</td>
        <td colspan="1" rowspan="1" width="80%">ZAP intentó conectarse a través de: http://todo.ly/Images/design/pagesignup.png</td>
      </tr>
      <tr>
        <td colspan="1" rowspan="1" class="indent1" width="20%">URL</td>
        <td colspan="1" rowspan="1" width="80%">
          <a shape="rect" href="https://todo.ly/Images/design/pageTop1.png">https://todo.ly/Images/design/pageTop1.png</a>
        </td>
      </tr>
      <tr>
        <td colspan="1" rowspan="1" class="indent2" width="20%">Método</td>
        <td colspan="1" rowspan="1" width="80%">GET</td>
      </tr>
      <tr>
        <td colspan="1" rowspan="1" class="indent2" width="20%">Parámetros</td>
        <td colspan="1" rowspan="1" width="80%"/>
      </tr>
      <tr>
        <td colspan="1" rowspan="1" class="indent2" width="20%">Ataque</td>
        <td colspan="1" rowspan="1" width="80%"/>
      </tr>
      <tr>
        <td colspan="1" rowspan="1" class="indent2" width="20%">Evidencia</td>
        <td colspan="1" rowspan="1" width="80%">http://todo.ly/Images/design/pageTop1.png</td>
      </tr>
      <tr>
        <td colspan="1" rowspan="1" class="indent2" width="20%">Other Info</td>
        <td colspan="1" rowspan="1" width="80%">ZAP intentó conectarse a través de: http://todo.ly/Images/design/pageTop1.png</td>
      </tr>
      <tr>
        <td colspan="1" rowspan="1" class="indent1" width="20%">URL</td>
        <td colspan="1" rowspan="1" width="80%">
          <a shape="rect" href="https://todo.ly/Images/design/pageTop2bg.png">https://todo.ly/Images/design/pageTop2bg.png</a>
        </td>
      </tr>
      <tr>
        <td colspan="1" rowspan="1" class="indent2" width="20%">Método</td>
        <td colspan="1" rowspan="1" width="80%">GET</td>
      </tr>
      <tr>
        <td colspan="1" rowspan="1" class="indent2" width="20%">Parámetros</td>
        <td colspan="1" rowspan="1" width="80%"/>
      </tr>
      <tr>
        <td colspan="1" rowspan="1" class="indent2" width="20%">Ataque</td>
        <td colspan="1" rowspan="1" width="80%"/>
      </tr>
      <tr>
        <td colspan="1" rowspan="1" class="indent2" width="20%">Evidencia</td>
        <td colspan="1" rowspan="1" width="80%">http://todo.ly/Images/design/pageTop2bg.png</td>
      </tr>
      <tr>
        <td colspan="1" rowspan="1" class="indent2" width="20%">Other Info</td>
        <td colspan="1" rowspan="1" width="80%">ZAP intentó conectarse a través de: http://todo.ly/Images/design/pageTop2bg.png</td>
      </tr>
      <tr>
        <td colspan="1" rowspan="1" class="indent1" width="20%">URL</td>
        <td colspan="1" rowspan="1" width="80%">
          <a shape="rect" href="https://todo.ly/Images/design/pageTop3.png">https://todo.ly/Images/design/pageTop3.png</a>
        </td>
      </tr>
      <tr>
        <td colspan="1" rowspan="1" class="indent2" width="20%">Método</td>
        <td colspan="1" rowspan="1" width="80%">GET</td>
      </tr>
      <tr>
        <td colspan="1" rowspan="1" class="indent2" width="20%">Parámetros</td>
        <td colspan="1" rowspan="1" width="80%"/>
      </tr>
      <tr>
        <td colspan="1" rowspan="1" class="indent2" width="20%">Ataque</td>
        <td colspan="1" rowspan="1" width="80%"/>
      </tr>
      <tr>
        <td colspan="1" rowspan="1" class="indent2" width="20%">Evidencia</td>
        <td colspan="1" rowspan="1" width="80%">http://todo.ly/Images/design/pageTop3.png</td>
      </tr>
      <tr>
        <td colspan="1" rowspan="1" class="indent2" width="20%">Other Info</td>
        <td colspan="1" rowspan="1" width="80%">ZAP intentó conectarse a través de: http://todo.ly/Images/design/pageTop3.png</td>
      </tr>
      <tr>
        <td colspan="1" rowspan="1" class="indent1" width="20%">URL</td>
        <td colspan="1" rowspan="1" width="80%">
          <a shape="rect" href="https://todo.ly/Images/design/pageTop3bg.png">https://todo.ly/Images/design/pageTop3bg.png</a>
        </td>
      </tr>
      <tr>
        <td colspan="1" rowspan="1" class="indent2" width="20%">Método</td>
        <td colspan="1" rowspan="1" width="80%">GET</td>
      </tr>
      <tr>
        <td colspan="1" rowspan="1" class="indent2" width="20%">Parámetros</td>
        <td colspan="1" rowspan="1" width="80%"/>
      </tr>
      <tr>
        <td colspan="1" rowspan="1" class="indent2" width="20%">Ataque</td>
        <td colspan="1" rowspan="1" width="80%"/>
      </tr>
      <tr>
        <td colspan="1" rowspan="1" class="indent2" width="20%">Evidencia</td>
        <td colspan="1" rowspan="1" width="80%">http://todo.ly/Images/design/pageTop3bg.png</td>
      </tr>
      <tr>
        <td colspan="1" rowspan="1" class="indent2" width="20%">Other Info</td>
        <td colspan="1" rowspan="1" width="80%">ZAP intentó conectarse a través de: http://todo.ly/Images/design/pageTop3bg.png</td>
      </tr>
      <tr>
        <td colspan="1" rowspan="1" class="indent1" width="20%">URL</td>
        <td colspan="1" rowspan="1" width="80%">
          <a shape="rect" href="https://todo.ly/Images/design/pageTop4.png">https://todo.ly/Images/design/pageTop4.png</a>
        </td>
      </tr>
      <tr>
        <td colspan="1" rowspan="1" class="indent2" width="20%">Método</td>
        <td colspan="1" rowspan="1" width="80%">GET</td>
      </tr>
      <tr>
        <td colspan="1" rowspan="1" class="indent2" width="20%">Parámetros</td>
        <td colspan="1" rowspan="1" width="80%"/>
      </tr>
      <tr>
        <td colspan="1" rowspan="1" class="indent2" width="20%">Ataque</td>
        <td colspan="1" rowspan="1" width="80%"/>
      </tr>
      <tr>
        <td colspan="1" rowspan="1" class="indent2" width="20%">Evidencia</td>
        <td colspan="1" rowspan="1" width="80%">http://todo.ly/Images/design/pageTop4.png</td>
      </tr>
      <tr>
        <td colspan="1" rowspan="1" class="indent2" width="20%">Other Info</td>
        <td colspan="1" rowspan="1" width="80%">ZAP intentó conectarse a través de: http://todo.ly/Images/design/pageTop4.png</td>
      </tr>
      <tr>
        <td colspan="1" rowspan="1" class="indent1" width="20%">URL</td>
        <td colspan="1" rowspan="1" width="80%">
          <a shape="rect" href="https://todo.ly/Images/design/pageTop5bg.png">https://todo.ly/Images/design/pageTop5bg.png</a>
        </td>
      </tr>
      <tr>
        <td colspan="1" rowspan="1" class="indent2" width="20%">Método</td>
        <td colspan="1" rowspan="1" width="80%">GET</td>
      </tr>
      <tr>
        <td colspan="1" rowspan="1" class="indent2" width="20%">Parámetros</td>
        <td colspan="1" rowspan="1" width="80%"/>
      </tr>
      <tr>
        <td colspan="1" rowspan="1" class="indent2" width="20%">Ataque</td>
        <td colspan="1" rowspan="1" width="80%"/>
      </tr>
      <tr>
        <td colspan="1" rowspan="1" class="indent2" width="20%">Evidencia</td>
        <td colspan="1" rowspan="1" width="80%">http://todo.ly/Images/design/pageTop5bg.png</td>
      </tr>
      <tr>
        <td colspan="1" rowspan="1" class="indent2" width="20%">Other Info</td>
        <td colspan="1" rowspan="1" width="80%">ZAP intentó conectarse a través de: http://todo.ly/Images/design/pageTop5bg.png</td>
      </tr>
      <tr>
        <td colspan="1" rowspan="1" class="indent1" width="20%">URL</td>
        <td colspan="1" rowspan="1" width="80%">
          <a shape="rect" href="https://todo.ly/Images/design/pageTop6.png">https://todo.ly/Images/design/pageTop6.png</a>
        </td>
      </tr>
      <tr>
        <td colspan="1" rowspan="1" class="indent2" width="20%">Método</td>
        <td colspan="1" rowspan="1" width="80%">GET</td>
      </tr>
      <tr>
        <td colspan="1" rowspan="1" class="indent2" width="20%">Parámetros</td>
        <td colspan="1" rowspan="1" width="80%"/>
      </tr>
      <tr>
        <td colspan="1" rowspan="1" class="indent2" width="20%">Ataque</td>
        <td colspan="1" rowspan="1" width="80%"/>
      </tr>
      <tr>
        <td colspan="1" rowspan="1" class="indent2" width="20%">Evidencia</td>
        <td colspan="1" rowspan="1" width="80%">http://todo.ly/Images/design/pageTop6.png</td>
      </tr>
      <tr>
        <td colspan="1" rowspan="1" class="indent2" width="20%">Other Info</td>
        <td colspan="1" rowspan="1" width="80%">ZAP intentó conectarse a través de: http://todo.ly/Images/design/pageTop6.png</td>
      </tr>
      <tr>
        <td colspan="1" rowspan="1" class="indent1" width="20%">URL</td>
        <td colspan="1" rowspan="1" width="80%">
          <a shape="rect" href="https://todo.ly/Images/design/SendBtn.png">https://todo.ly/Images/design/SendBtn.png</a>
        </td>
      </tr>
      <tr>
        <td colspan="1" rowspan="1" class="indent2" width="20%">Método</td>
        <td colspan="1" rowspan="1" width="80%">GET</td>
      </tr>
      <tr>
        <td colspan="1" rowspan="1" class="indent2" width="20%">Parámetros</td>
        <td colspan="1" rowspan="1" width="80%"/>
      </tr>
      <tr>
        <td colspan="1" rowspan="1" class="indent2" width="20%">Ataque</td>
        <td colspan="1" rowspan="1" width="80%"/>
      </tr>
      <tr>
        <td colspan="1" rowspan="1" class="indent2" width="20%">Evidencia</td>
        <td colspan="1" rowspan="1" width="80%">http://todo.ly/Images/design/SendBtn.png</td>
      </tr>
      <tr>
        <td colspan="1" rowspan="1" class="indent2" width="20%">Other Info</td>
        <td colspan="1" rowspan="1" width="80%">ZAP intentó conectarse a través de: http://todo.ly/Images/design/SendBtn.png</td>
      </tr>
      <tr>
        <td colspan="1" rowspan="1" class="indent1" width="20%">URL</td>
        <td colspan="1" rowspan="1" width="80%">
          <a shape="rect" href="https://todo.ly/Images/design/SignupBtn.png">https://todo.ly/Images/design/SignupBtn.png</a>
        </td>
      </tr>
      <tr>
        <td colspan="1" rowspan="1" class="indent2" width="20%">Método</td>
        <td colspan="1" rowspan="1" width="80%">GET</td>
      </tr>
      <tr>
        <td colspan="1" rowspan="1" class="indent2" width="20%">Parámetros</td>
        <td colspan="1" rowspan="1" width="80%"/>
      </tr>
      <tr>
        <td colspan="1" rowspan="1" class="indent2" width="20%">Ataque</td>
        <td colspan="1" rowspan="1" width="80%"/>
      </tr>
      <tr>
        <td colspan="1" rowspan="1" class="indent2" width="20%">Evidencia</td>
        <td colspan="1" rowspan="1" width="80%">http://todo.ly/Images/design/SignupBtn.png</td>
      </tr>
      <tr>
        <td colspan="1" rowspan="1" class="indent2" width="20%">Other Info</td>
        <td colspan="1" rowspan="1" width="80%">ZAP intentó conectarse a través de: http://todo.ly/Images/design/SignupBtn.png</td>
      </tr>
      <tr>
        <td colspan="1" rowspan="1" class="indent1" width="20%">URL</td>
        <td colspan="1" rowspan="1" width="80%">
          <a shape="rect" href="https://todo.ly/Images/dropdown.png">https://todo.ly/Images/dropdown.png</a>
        </td>
      </tr>
      <tr>
        <td colspan="1" rowspan="1" class="indent2" width="20%">Método</td>
        <td colspan="1" rowspan="1" width="80%">GET</td>
      </tr>
      <tr>
        <td colspan="1" rowspan="1" class="indent2" width="20%">Parámetros</td>
        <td colspan="1" rowspan="1" width="80%"/>
      </tr>
      <tr>
        <td colspan="1" rowspan="1" class="indent2" width="20%">Ataque</td>
        <td colspan="1" rowspan="1" width="80%"/>
      </tr>
      <tr>
        <td colspan="1" rowspan="1" class="indent2" width="20%">Evidencia</td>
        <td colspan="1" rowspan="1" width="80%">http://todo.ly/Images/dropdown.png</td>
      </tr>
      <tr>
        <td colspan="1" rowspan="1" class="indent2" width="20%">Other Info</td>
        <td colspan="1" rowspan="1" width="80%">ZAP intentó conectarse a través de: http://todo.ly/Images/dropdown.png</td>
      </tr>
      <tr>
        <td colspan="1" rowspan="1" class="indent1" width="20%">URL</td>
        <td colspan="1" rowspan="1" width="80%">
          <a shape="rect" href="https://todo.ly/Images/folder_red.png">https://todo.ly/Images/folder_red.png</a>
        </td>
      </tr>
      <tr>
        <td colspan="1" rowspan="1" class="indent2" width="20%">Método</td>
        <td colspan="1" rowspan="1" width="80%">GET</td>
      </tr>
      <tr>
        <td colspan="1" rowspan="1" class="indent2" width="20%">Parámetros</td>
        <td colspan="1" rowspan="1" width="80%"/>
      </tr>
      <tr>
        <td colspan="1" rowspan="1" class="indent2" width="20%">Ataque</td>
        <td colspan="1" rowspan="1" width="80%"/>
      </tr>
      <tr>
        <td colspan="1" rowspan="1" class="indent2" width="20%">Evidencia</td>
        <td colspan="1" rowspan="1" width="80%">http://todo.ly/Images/folder_red.png</td>
      </tr>
      <tr>
        <td colspan="1" rowspan="1" class="indent2" width="20%">Other Info</td>
        <td colspan="1" rowspan="1" width="80%">ZAP intentó conectarse a través de: http://todo.ly/Images/folder_red.png</td>
      </tr>
      <tr>
        <td colspan="1" rowspan="1" class="indent1" width="20%">URL</td>
        <td colspan="1" rowspan="1" width="80%">
          <a shape="rect" href="https://todo.ly/Images/grippy.png">https://todo.ly/Images/grippy.png</a>
        </td>
      </tr>
      <tr>
        <td colspan="1" rowspan="1" class="indent2" width="20%">Método</td>
        <td colspan="1" rowspan="1" width="80%">GET</td>
      </tr>
      <tr>
        <td colspan="1" rowspan="1" class="indent2" width="20%">Parámetros</td>
        <td colspan="1" rowspan="1" width="80%"/>
      </tr>
      <tr>
        <td colspan="1" rowspan="1" class="indent2" width="20%">Ataque</td>
        <td colspan="1" rowspan="1" width="80%"/>
      </tr>
      <tr>
        <td colspan="1" rowspan="1" class="indent2" width="20%">Evidencia</td>
        <td colspan="1" rowspan="1" width="80%">http://todo.ly/Images/grippy.png</td>
      </tr>
      <tr>
        <td colspan="1" rowspan="1" class="indent2" width="20%">Other Info</td>
        <td colspan="1" rowspan="1" width="80%">ZAP intentó conectarse a través de: http://todo.ly/Images/grippy.png</td>
      </tr>
      <tr>
        <td colspan="1" rowspan="1" class="indent1" width="20%">URL</td>
        <td colspan="1" rowspan="1" width="80%">
          <a shape="rect" href="https://todo.ly/Images/icons/add.png">https://todo.ly/Images/icons/add.png</a>
        </td>
      </tr>
      <tr>
        <td colspan="1" rowspan="1" class="indent2" width="20%">Método</td>
        <td colspan="1" rowspan="1" width="80%">GET</td>
      </tr>
      <tr>
        <td colspan="1" rowspan="1" class="indent2" width="20%">Parámetros</td>
        <td colspan="1" rowspan="1" width="80%"/>
      </tr>
      <tr>
        <td colspan="1" rowspan="1" class="indent2" width="20%">Ataque</td>
        <td colspan="1" rowspan="1" width="80%"/>
      </tr>
      <tr>
        <td colspan="1" rowspan="1" class="indent2" width="20%">Evidencia</td>
        <td colspan="1" rowspan="1" width="80%">http://todo.ly/Images/icons/add.png</td>
      </tr>
      <tr>
        <td colspan="1" rowspan="1" class="indent2" width="20%">Other Info</td>
        <td colspan="1" rowspan="1" width="80%">ZAP intentó conectarse a través de: http://todo.ly/Images/icons/add.png</td>
      </tr>
      <tr>
        <td colspan="1" rowspan="1" class="indent1" width="20%">URL</td>
        <td colspan="1" rowspan="1" width="80%">
          <a shape="rect" href="https://todo.ly/Images/icons/ball.png">https://todo.ly/Images/icons/ball.png</a>
        </td>
      </tr>
      <tr>
        <td colspan="1" rowspan="1" class="indent2" width="20%">Método</td>
        <td colspan="1" rowspan="1" width="80%">GET</td>
      </tr>
      <tr>
        <td colspan="1" rowspan="1" class="indent2" width="20%">Parámetros</td>
        <td colspan="1" rowspan="1" width="80%"/>
      </tr>
      <tr>
        <td colspan="1" rowspan="1" class="indent2" width="20%">Ataque</td>
        <td colspan="1" rowspan="1" width="80%"/>
      </tr>
      <tr>
        <td colspan="1" rowspan="1" class="indent2" width="20%">Evidencia</td>
        <td colspan="1" rowspan="1" width="80%">http://todo.ly/Images/icons/ball.png</td>
      </tr>
      <tr>
        <td colspan="1" rowspan="1" class="indent2" width="20%">Other Info</td>
        <td colspan="1" rowspan="1" width="80%">ZAP intentó conectarse a través de: http://todo.ly/Images/icons/ball.png</td>
      </tr>
      <tr>
        <td colspan="1" rowspan="1" class="indent1" width="20%">URL</td>
        <td colspan="1" rowspan="1" width="80%">
          <a shape="rect" href="https://todo.ly/Images/icons/cart2.png">https://todo.ly/Images/icons/cart2.png</a>
        </td>
      </tr>
      <tr>
        <td colspan="1" rowspan="1" class="indent2" width="20%">Método</td>
        <td colspan="1" rowspan="1" width="80%">GET</td>
      </tr>
      <tr>
        <td colspan="1" rowspan="1" class="indent2" width="20%">Parámetros</td>
        <td colspan="1" rowspan="1" width="80%"/>
      </tr>
      <tr>
        <td colspan="1" rowspan="1" class="indent2" width="20%">Ataque</td>
        <td colspan="1" rowspan="1" width="80%"/>
      </tr>
      <tr>
        <td colspan="1" rowspan="1" class="indent2" width="20%">Evidencia</td>
        <td colspan="1" rowspan="1" width="80%">http://todo.ly/Images/icons/cart2.png</td>
      </tr>
      <tr>
        <td colspan="1" rowspan="1" class="indent2" width="20%">Other Info</td>
        <td colspan="1" rowspan="1" width="80%">ZAP intentó conectarse a través de: http://todo.ly/Images/icons/cart2.png</td>
      </tr>
      <tr>
        <td colspan="1" rowspan="1" class="indent1" width="20%">URL</td>
        <td colspan="1" rowspan="1" width="80%">
          <a shape="rect" href="https://todo.ly/Images/icons/favorite.png">https://todo.ly/Images/icons/favorite.png</a>
        </td>
      </tr>
      <tr>
        <td colspan="1" rowspan="1" class="indent2" width="20%">Método</td>
        <td colspan="1" rowspan="1" width="80%">GET</td>
      </tr>
      <tr>
        <td colspan="1" rowspan="1" class="indent2" width="20%">Parámetros</td>
        <td colspan="1" rowspan="1" width="80%"/>
      </tr>
      <tr>
        <td colspan="1" rowspan="1" class="indent2" width="20%">Ataque</td>
        <td colspan="1" rowspan="1" width="80%"/>
      </tr>
      <tr>
        <td colspan="1" rowspan="1" class="indent2" width="20%">Evidencia</td>
        <td colspan="1" rowspan="1" width="80%">http://todo.ly/Images/icons/favorite.png</td>
      </tr>
      <tr>
        <td colspan="1" rowspan="1" class="indent2" width="20%">Other Info</td>
        <td colspan="1" rowspan="1" width="80%">ZAP intentó conectarse a través de: http://todo.ly/Images/icons/favorite.png</td>
      </tr>
      <tr>
        <td colspan="1" rowspan="1" class="indent1" width="20%">URL</td>
        <td colspan="1" rowspan="1" width="80%">
          <a shape="rect" href="https://todo.ly/Images/icons/Home.png">https://todo.ly/Images/icons/Home.png</a>
        </td>
      </tr>
      <tr>
        <td colspan="1" rowspan="1" class="indent2" width="20%">Método</td>
        <td colspan="1" rowspan="1" width="80%">GET</td>
      </tr>
      <tr>
        <td colspan="1" rowspan="1" class="indent2" width="20%">Parámetros</td>
        <td colspan="1" rowspan="1" width="80%"/>
      </tr>
      <tr>
        <td colspan="1" rowspan="1" class="indent2" width="20%">Ataque</td>
        <td colspan="1" rowspan="1" width="80%"/>
      </tr>
      <tr>
        <td colspan="1" rowspan="1" class="indent2" width="20%">Evidencia</td>
        <td colspan="1" rowspan="1" width="80%">http://todo.ly/Images/icons/Home.png</td>
      </tr>
      <tr>
        <td colspan="1" rowspan="1" class="indent2" width="20%">Other Info</td>
        <td colspan="1" rowspan="1" width="80%">ZAP intentó conectarse a través de: http://todo.ly/Images/icons/Home.png</td>
      </tr>
      <tr>
        <td colspan="1" rowspan="1" class="indent1" width="20%">URL</td>
        <td colspan="1" rowspan="1" width="80%">
          <a shape="rect" href="https://todo.ly/Images/icons/inbox3.png">https://todo.ly/Images/icons/inbox3.png</a>
        </td>
      </tr>
      <tr>
        <td colspan="1" rowspan="1" class="indent2" width="20%">Método</td>
        <td colspan="1" rowspan="1" width="80%">GET</td>
      </tr>
      <tr>
        <td colspan="1" rowspan="1" class="indent2" width="20%">Parámetros</td>
        <td colspan="1" rowspan="1" width="80%"/>
      </tr>
      <tr>
        <td colspan="1" rowspan="1" class="indent2" width="20%">Ataque</td>
        <td colspan="1" rowspan="1" width="80%"/>
      </tr>
      <tr>
        <td colspan="1" rowspan="1" class="indent2" width="20%">Evidencia</td>
        <td colspan="1" rowspan="1" width="80%">http://todo.ly/Images/icons/inbox3.png</td>
      </tr>
      <tr>
        <td colspan="1" rowspan="1" class="indent2" width="20%">Other Info</td>
        <td colspan="1" rowspan="1" width="80%">ZAP intentó conectarse a través de: http://todo.ly/Images/icons/inbox3.png</td>
      </tr>
      <tr>
        <td colspan="1" rowspan="1" class="indent1" width="20%">URL</td>
        <td colspan="1" rowspan="1" width="80%">
          <a shape="rect" href="https://todo.ly/Images/icons/next.png">https://todo.ly/Images/icons/next.png</a>
        </td>
      </tr>
      <tr>
        <td colspan="1" rowspan="1" class="indent2" width="20%">Método</td>
        <td colspan="1" rowspan="1" width="80%">GET</td>
      </tr>
      <tr>
        <td colspan="1" rowspan="1" class="indent2" width="20%">Parámetros</td>
        <td colspan="1" rowspan="1" width="80%"/>
      </tr>
      <tr>
        <td colspan="1" rowspan="1" class="indent2" width="20%">Ataque</td>
        <td colspan="1" rowspan="1" width="80%"/>
      </tr>
      <tr>
        <td colspan="1" rowspan="1" class="indent2" width="20%">Evidencia</td>
        <td colspan="1" rowspan="1" width="80%">http://todo.ly/Images/icons/next.png</td>
      </tr>
      <tr>
        <td colspan="1" rowspan="1" class="indent2" width="20%">Other Info</td>
        <td colspan="1" rowspan="1" width="80%">ZAP intentó conectarse a través de: http://todo.ly/Images/icons/next.png</td>
      </tr>
      <tr>
        <td colspan="1" rowspan="1" class="indent1" width="20%">URL</td>
        <td colspan="1" rowspan="1" width="80%">
          <a shape="rect" href="https://todo.ly/Images/icons/note.png">https://todo.ly/Images/icons/note.png</a>
        </td>
      </tr>
      <tr>
        <td colspan="1" rowspan="1" class="indent2" width="20%">Método</td>
        <td colspan="1" rowspan="1" width="80%">GET</td>
      </tr>
      <tr>
        <td colspan="1" rowspan="1" class="indent2" width="20%">Parámetros</td>
        <td colspan="1" rowspan="1" width="80%"/>
      </tr>
      <tr>
        <td colspan="1" rowspan="1" class="indent2" width="20%">Ataque</td>
        <td colspan="1" rowspan="1" width="80%"/>
      </tr>
      <tr>
        <td colspan="1" rowspan="1" class="indent2" width="20%">Evidencia</td>
        <td colspan="1" rowspan="1" width="80%">http://todo.ly/Images/icons/note.png</td>
      </tr>
      <tr>
        <td colspan="1" rowspan="1" class="indent2" width="20%">Other Info</td>
        <td colspan="1" rowspan="1" width="80%">ZAP intentó conectarse a través de: http://todo.ly/Images/icons/note.png</td>
      </tr>
      <tr>
        <td colspan="1" rowspan="1" class="indent1" width="20%">URL</td>
        <td colspan="1" rowspan="1" width="80%">
          <a shape="rect" href="https://todo.ly/Images/icons/today.png">https://todo.ly/Images/icons/today.png</a>
        </td>
      </tr>
      <tr>
        <td colspan="1" rowspan="1" class="indent2" width="20%">Método</td>
        <td colspan="1" rowspan="1" width="80%">GET</td>
      </tr>
      <tr>
        <td colspan="1" rowspan="1" class="indent2" width="20%">Parámetros</td>
        <td colspan="1" rowspan="1" width="80%"/>
      </tr>
      <tr>
        <td colspan="1" rowspan="1" class="indent2" width="20%">Ataque</td>
        <td colspan="1" rowspan="1" width="80%"/>
      </tr>
      <tr>
        <td colspan="1" rowspan="1" class="indent2" width="20%">Evidencia</td>
        <td colspan="1" rowspan="1" width="80%">http://todo.ly/Images/icons/today.png</td>
      </tr>
      <tr>
        <td colspan="1" rowspan="1" class="indent2" width="20%">Other Info</td>
        <td colspan="1" rowspan="1" width="80%">ZAP intentó conectarse a través de: http://todo.ly/Images/icons/today.png</td>
      </tr>
      <tr>
        <td colspan="1" rowspan="1" class="indent1" width="20%">URL</td>
        <td colspan="1" rowspan="1" width="80%">
          <a shape="rect" href="https://todo.ly/Images/icons/trash2.gif">https://todo.ly/Images/icons/trash2.gif</a>
        </td>
      </tr>
      <tr>
        <td colspan="1" rowspan="1" class="indent2" width="20%">Método</td>
        <td colspan="1" rowspan="1" width="80%">GET</td>
      </tr>
      <tr>
        <td colspan="1" rowspan="1" class="indent2" width="20%">Parámetros</td>
        <td colspan="1" rowspan="1" width="80%"/>
      </tr>
      <tr>
        <td colspan="1" rowspan="1" class="indent2" width="20%">Ataque</td>
        <td colspan="1" rowspan="1" width="80%"/>
      </tr>
      <tr>
        <td colspan="1" rowspan="1" class="indent2" width="20%">Evidencia</td>
        <td colspan="1" rowspan="1" width="80%">http://todo.ly/Images/icons/trash2.gif</td>
      </tr>
      <tr>
        <td colspan="1" rowspan="1" class="indent2" width="20%">Other Info</td>
        <td colspan="1" rowspan="1" width="80%">ZAP intentó conectarse a través de: http://todo.ly/Images/icons/trash2.gif</td>
      </tr>
      <tr>
        <td colspan="1" rowspan="1" class="indent1" width="20%">URL</td>
        <td colspan="1" rowspan="1" width="80%">
          <a shape="rect" href="https://todo.ly/Images/icons2/notes.png">https://todo.ly/Images/icons2/notes.png</a>
        </td>
      </tr>
      <tr>
        <td colspan="1" rowspan="1" class="indent2" width="20%">Método</td>
        <td colspan="1" rowspan="1" width="80%">GET</td>
      </tr>
      <tr>
        <td colspan="1" rowspan="1" class="indent2" width="20%">Parámetros</td>
        <td colspan="1" rowspan="1" width="80%"/>
      </tr>
      <tr>
        <td colspan="1" rowspan="1" class="indent2" width="20%">Ataque</td>
        <td colspan="1" rowspan="1" width="80%"/>
      </tr>
      <tr>
        <td colspan="1" rowspan="1" class="indent2" width="20%">Evidencia</td>
        <td colspan="1" rowspan="1" width="80%">http://todo.ly/Images/icons2/notes.png</td>
      </tr>
      <tr>
        <td colspan="1" rowspan="1" class="indent2" width="20%">Other Info</td>
        <td colspan="1" rowspan="1" width="80%">ZAP intentó conectarse a través de: http://todo.ly/Images/icons2/notes.png</td>
      </tr>
      <tr>
        <td colspan="1" rowspan="1" class="indent1" width="20%">URL</td>
        <td colspan="1" rowspan="1" width="80%">
          <a shape="rect" href="https://todo.ly/images/input_bg.jpg">https://todo.ly/images/input_bg.jpg</a>
        </td>
      </tr>
      <tr>
        <td colspan="1" rowspan="1" class="indent2" width="20%">Método</td>
        <td colspan="1" rowspan="1" width="80%">GET</td>
      </tr>
      <tr>
        <td colspan="1" rowspan="1" class="indent2" width="20%">Parámetros</td>
        <td colspan="1" rowspan="1" width="80%"/>
      </tr>
      <tr>
        <td colspan="1" rowspan="1" class="indent2" width="20%">Ataque</td>
        <td colspan="1" rowspan="1" width="80%"/>
      </tr>
      <tr>
        <td colspan="1" rowspan="1" class="indent2" width="20%">Evidencia</td>
        <td colspan="1" rowspan="1" width="80%">http://todo.ly/images/input_bg.jpg</td>
      </tr>
      <tr>
        <td colspan="1" rowspan="1" class="indent2" width="20%">Other Info</td>
        <td colspan="1" rowspan="1" width="80%">ZAP intentó conectarse a través de: http://todo.ly/images/input_bg.jpg</td>
      </tr>
      <tr>
        <td colspan="1" rowspan="1" class="indent1" width="20%">URL</td>
        <td colspan="1" rowspan="1" width="80%">
          <a shape="rect" href="https://todo.ly/images/loader4.gif">https://todo.ly/images/loader4.gif</a>
        </td>
      </tr>
      <tr>
        <td colspan="1" rowspan="1" class="indent2" width="20%">Método</td>
        <td colspan="1" rowspan="1" width="80%">GET</td>
      </tr>
      <tr>
        <td colspan="1" rowspan="1" class="indent2" width="20%">Parámetros</td>
        <td colspan="1" rowspan="1" width="80%"/>
      </tr>
      <tr>
        <td colspan="1" rowspan="1" class="indent2" width="20%">Ataque</td>
        <td colspan="1" rowspan="1" width="80%"/>
      </tr>
      <tr>
        <td colspan="1" rowspan="1" class="indent2" width="20%">Evidencia</td>
        <td colspan="1" rowspan="1" width="80%">http://todo.ly/images/loader4.gif</td>
      </tr>
      <tr>
        <td colspan="1" rowspan="1" class="indent2" width="20%">Other Info</td>
        <td colspan="1" rowspan="1" width="80%">ZAP intentó conectarse a través de: http://todo.ly/images/loader4.gif</td>
      </tr>
      <tr>
        <td colspan="1" rowspan="1" class="indent1" width="20%">URL</td>
        <td colspan="1" rowspan="1" width="80%">
          <a shape="rect" href="https://todo.ly/Images/logo2.png">https://todo.ly/Images/logo2.png</a>
        </td>
      </tr>
      <tr>
        <td colspan="1" rowspan="1" class="indent2" width="20%">Método</td>
        <td colspan="1" rowspan="1" width="80%">GET</td>
      </tr>
      <tr>
        <td colspan="1" rowspan="1" class="indent2" width="20%">Parámetros</td>
        <td colspan="1" rowspan="1" width="80%"/>
      </tr>
      <tr>
        <td colspan="1" rowspan="1" class="indent2" width="20%">Ataque</td>
        <td colspan="1" rowspan="1" width="80%"/>
      </tr>
      <tr>
        <td colspan="1" rowspan="1" class="indent2" width="20%">Evidencia</td>
        <td colspan="1" rowspan="1" width="80%">http://todo.ly/Images/logo2.png</td>
      </tr>
      <tr>
        <td colspan="1" rowspan="1" class="indent2" width="20%">Other Info</td>
        <td colspan="1" rowspan="1" width="80%">ZAP intentó conectarse a través de: http://todo.ly/Images/logo2.png</td>
      </tr>
      <tr>
        <td colspan="1" rowspan="1" class="indent1" width="20%">URL</td>
        <td colspan="1" rowspan="1" width="80%">
          <a shape="rect" href="https://todo.ly/images/logo2.png">https://todo.ly/images/logo2.png</a>
        </td>
      </tr>
      <tr>
        <td colspan="1" rowspan="1" class="indent2" width="20%">Método</td>
        <td colspan="1" rowspan="1" width="80%">GET</td>
      </tr>
      <tr>
        <td colspan="1" rowspan="1" class="indent2" width="20%">Parámetros</td>
        <td colspan="1" rowspan="1" width="80%"/>
      </tr>
      <tr>
        <td colspan="1" rowspan="1" class="indent2" width="20%">Ataque</td>
        <td colspan="1" rowspan="1" width="80%"/>
      </tr>
      <tr>
        <td colspan="1" rowspan="1" class="indent2" width="20%">Evidencia</td>
        <td colspan="1" rowspan="1" width="80%">http://todo.ly/images/logo2.png</td>
      </tr>
      <tr>
        <td colspan="1" rowspan="1" class="indent2" width="20%">Other Info</td>
        <td colspan="1" rowspan="1" width="80%">ZAP intentó conectarse a través de: http://todo.ly/images/logo2.png</td>
      </tr>
      <tr>
        <td colspan="1" rowspan="1" class="indent1" width="20%">URL</td>
        <td colspan="1" rowspan="1" width="80%">
          <a shape="rect" href="https://todo.ly/Images/menu/print2.png">https://todo.ly/Images/menu/print2.png</a>
        </td>
      </tr>
      <tr>
        <td colspan="1" rowspan="1" class="indent2" width="20%">Método</td>
        <td colspan="1" rowspan="1" width="80%">GET</td>
      </tr>
      <tr>
        <td colspan="1" rowspan="1" class="indent2" width="20%">Parámetros</td>
        <td colspan="1" rowspan="1" width="80%"/>
      </tr>
      <tr>
        <td colspan="1" rowspan="1" class="indent2" width="20%">Ataque</td>
        <td colspan="1" rowspan="1" width="80%"/>
      </tr>
      <tr>
        <td colspan="1" rowspan="1" class="indent2" width="20%">Evidencia</td>
        <td colspan="1" rowspan="1" width="80%">http://todo.ly/Images/menu/print2.png</td>
      </tr>
      <tr>
        <td colspan="1" rowspan="1" class="indent2" width="20%">Other Info</td>
        <td colspan="1" rowspan="1" width="80%">ZAP intentó conectarse a través de: http://todo.ly/Images/menu/print2.png</td>
      </tr>
      <tr>
        <td colspan="1" rowspan="1" class="indent1" width="20%">URL</td>
        <td colspan="1" rowspan="1" width="80%">
          <a shape="rect" href="https://todo.ly/Images/menu/refresh.png">https://todo.ly/Images/menu/refresh.png</a>
        </td>
      </tr>
      <tr>
        <td colspan="1" rowspan="1" class="indent2" width="20%">Método</td>
        <td colspan="1" rowspan="1" width="80%">GET</td>
      </tr>
      <tr>
        <td colspan="1" rowspan="1" class="indent2" width="20%">Parámetros</td>
        <td colspan="1" rowspan="1" width="80%"/>
      </tr>
      <tr>
        <td colspan="1" rowspan="1" class="indent2" width="20%">Ataque</td>
        <td colspan="1" rowspan="1" width="80%"/>
      </tr>
      <tr>
        <td colspan="1" rowspan="1" class="indent2" width="20%">Evidencia</td>
        <td colspan="1" rowspan="1" width="80%">http://todo.ly/Images/menu/refresh.png</td>
      </tr>
      <tr>
        <td colspan="1" rowspan="1" class="indent2" width="20%">Other Info</td>
        <td colspan="1" rowspan="1" width="80%">ZAP intentó conectarse a través de: http://todo.ly/Images/menu/refresh.png</td>
      </tr>
      <tr>
        <td colspan="1" rowspan="1" class="indent1" width="20%">URL</td>
        <td colspan="1" rowspan="1" width="80%">
          <a shape="rect" href="https://todo.ly/images/note.png">https://todo.ly/images/note.png</a>
        </td>
      </tr>
      <tr>
        <td colspan="1" rowspan="1" class="indent2" width="20%">Método</td>
        <td colspan="1" rowspan="1" width="80%">GET</td>
      </tr>
      <tr>
        <td colspan="1" rowspan="1" class="indent2" width="20%">Parámetros</td>
        <td colspan="1" rowspan="1" width="80%"/>
      </tr>
      <tr>
        <td colspan="1" rowspan="1" class="indent2" width="20%">Ataque</td>
        <td colspan="1" rowspan="1" width="80%"/>
      </tr>
      <tr>
        <td colspan="1" rowspan="1" class="indent2" width="20%">Evidencia</td>
        <td colspan="1" rowspan="1" width="80%">http://todo.ly/images/note.png</td>
      </tr>
      <tr>
        <td colspan="1" rowspan="1" class="indent2" width="20%">Other Info</td>
        <td colspan="1" rowspan="1" width="80%">ZAP intentó conectarse a través de: http://todo.ly/images/note.png</td>
      </tr>
      <tr>
        <td colspan="1" rowspan="1" class="indent1" width="20%">URL</td>
        <td colspan="1" rowspan="1" width="80%">
          <a shape="rect" href="https://todo.ly/Images/note5.png">https://todo.ly/Images/note5.png</a>
        </td>
      </tr>
      <tr>
        <td colspan="1" rowspan="1" class="indent2" width="20%">Método</td>
        <td colspan="1" rowspan="1" width="80%">GET</td>
      </tr>
      <tr>
        <td colspan="1" rowspan="1" class="indent2" width="20%">Parámetros</td>
        <td colspan="1" rowspan="1" width="80%"/>
      </tr>
      <tr>
        <td colspan="1" rowspan="1" class="indent2" width="20%">Ataque</td>
        <td colspan="1" rowspan="1" width="80%"/>
      </tr>
      <tr>
        <td colspan="1" rowspan="1" class="indent2" width="20%">Evidencia</td>
        <td colspan="1" rowspan="1" width="80%">http://todo.ly/Images/note5.png</td>
      </tr>
      <tr>
        <td colspan="1" rowspan="1" class="indent2" width="20%">Other Info</td>
        <td colspan="1" rowspan="1" width="80%">ZAP intentó conectarse a través de: http://todo.ly/Images/note5.png</td>
      </tr>
      <tr>
        <td colspan="1" rowspan="1" class="indent1" width="20%">URL</td>
        <td colspan="1" rowspan="1" width="80%">
          <a shape="rect" href="https://todo.ly/Images/openhand.cur">https://todo.ly/Images/openhand.cur</a>
        </td>
      </tr>
      <tr>
        <td colspan="1" rowspan="1" class="indent2" width="20%">Método</td>
        <td colspan="1" rowspan="1" width="80%">GET</td>
      </tr>
      <tr>
        <td colspan="1" rowspan="1" class="indent2" width="20%">Parámetros</td>
        <td colspan="1" rowspan="1" width="80%"/>
      </tr>
      <tr>
        <td colspan="1" rowspan="1" class="indent2" width="20%">Ataque</td>
        <td colspan="1" rowspan="1" width="80%"/>
      </tr>
      <tr>
        <td colspan="1" rowspan="1" class="indent2" width="20%">Evidencia</td>
        <td colspan="1" rowspan="1" width="80%">http://todo.ly/Images/openhand.cur</td>
      </tr>
      <tr>
        <td colspan="1" rowspan="1" class="indent2" width="20%">Other Info</td>
        <td colspan="1" rowspan="1" width="80%">ZAP intentó conectarse a través de: http://todo.ly/Images/openhand.cur</td>
      </tr>
      <tr>
        <td colspan="1" rowspan="1" class="indent1" width="20%">URL</td>
        <td colspan="1" rowspan="1" width="80%">
          <a shape="rect" href="https://todo.ly/images/presentation/roundsmall/dragToProject3.png">https://todo.ly/images/presentation/roundsmall/dragToProject3.png</a>
        </td>
      </tr>
      <tr>
        <td colspan="1" rowspan="1" class="indent2" width="20%">Método</td>
        <td colspan="1" rowspan="1" width="80%">GET</td>
      </tr>
      <tr>
        <td colspan="1" rowspan="1" class="indent2" width="20%">Parámetros</td>
        <td colspan="1" rowspan="1" width="80%"/>
      </tr>
      <tr>
        <td colspan="1" rowspan="1" class="indent2" width="20%">Ataque</td>
        <td colspan="1" rowspan="1" width="80%"/>
      </tr>
      <tr>
        <td colspan="1" rowspan="1" class="indent2" width="20%">Evidencia</td>
        <td colspan="1" rowspan="1" width="80%">http://todo.ly/images/presentation/roundsmall/dragToProject3.png</td>
      </tr>
      <tr>
        <td colspan="1" rowspan="1" class="indent2" width="20%">Other Info</td>
        <td colspan="1" rowspan="1" width="80%">ZAP intentó conectarse a través de: http://todo.ly/images/presentation/roundsmall/dragToProject3.png</td>
      </tr>
      <tr>
        <td colspan="1" rowspan="1" class="indent1" width="20%">URL</td>
        <td colspan="1" rowspan="1" width="80%">
          <a shape="rect" href="https://todo.ly/images/presentation/roundsmall/DueDate.png">https://todo.ly/images/presentation/roundsmall/DueDate.png</a>
        </td>
      </tr>
      <tr>
        <td colspan="1" rowspan="1" class="indent2" width="20%">Método</td>
        <td colspan="1" rowspan="1" width="80%">GET</td>
      </tr>
      <tr>
        <td colspan="1" rowspan="1" class="indent2" width="20%">Parámetros</td>
        <td colspan="1" rowspan="1" width="80%"/>
      </tr>
      <tr>
        <td colspan="1" rowspan="1" class="indent2" width="20%">Ataque</td>
        <td colspan="1" rowspan="1" width="80%"/>
      </tr>
      <tr>
        <td colspan="1" rowspan="1" class="indent2" width="20%">Evidencia</td>
        <td colspan="1" rowspan="1" width="80%">http://todo.ly/images/presentation/roundsmall/DueDate.png</td>
      </tr>
      <tr>
        <td colspan="1" rowspan="1" class="indent2" width="20%">Other Info</td>
        <td colspan="1" rowspan="1" width="80%">ZAP intentó conectarse a través de: http://todo.ly/images/presentation/roundsmall/DueDate.png</td>
      </tr>
      <tr>
        <td colspan="1" rowspan="1" class="indent1" width="20%">URL</td>
        <td colspan="1" rowspan="1" width="80%">
          <a shape="rect" href="https://todo.ly/images/presentation/roundsmall/intro3.png">https://todo.ly/images/presentation/roundsmall/intro3.png</a>
        </td>
      </tr>
      <tr>
        <td colspan="1" rowspan="1" class="indent2" width="20%">Método</td>
        <td colspan="1" rowspan="1" width="80%">GET</td>
      </tr>
      <tr>
        <td colspan="1" rowspan="1" class="indent2" width="20%">Parámetros</td>
        <td colspan="1" rowspan="1" width="80%"/>
      </tr>
      <tr>
        <td colspan="1" rowspan="1" class="indent2" width="20%">Ataque</td>
        <td colspan="1" rowspan="1" width="80%"/>
      </tr>
      <tr>
        <td colspan="1" rowspan="1" class="indent2" width="20%">Evidencia</td>
        <td colspan="1" rowspan="1" width="80%">http://todo.ly/images/presentation/roundsmall/intro3.png</td>
      </tr>
      <tr>
        <td colspan="1" rowspan="1" class="indent2" width="20%">Other Info</td>
        <td colspan="1" rowspan="1" width="80%">ZAP intentó conectarse a través de: http://todo.ly/images/presentation/roundsmall/intro3.png</td>
      </tr>
      <tr>
        <td colspan="1" rowspan="1" class="indent1" width="20%">URL</td>
        <td colspan="1" rowspan="1" width="80%">
          <a shape="rect" href="https://todo.ly/images/presentation/roundsmall/postpone.png">https://todo.ly/images/presentation/roundsmall/postpone.png</a>
        </td>
      </tr>
      <tr>
        <td colspan="1" rowspan="1" class="indent2" width="20%">Método</td>
        <td colspan="1" rowspan="1" width="80%">GET</td>
      </tr>
      <tr>
        <td colspan="1" rowspan="1" class="indent2" width="20%">Parámetros</td>
        <td colspan="1" rowspan="1" width="80%"/>
      </tr>
      <tr>
        <td colspan="1" rowspan="1" class="indent2" width="20%">Ataque</td>
        <td colspan="1" rowspan="1" width="80%"/>
      </tr>
      <tr>
        <td colspan="1" rowspan="1" class="indent2" width="20%">Evidencia</td>
        <td colspan="1" rowspan="1" width="80%">http://todo.ly/images/presentation/roundsmall/postpone.png</td>
      </tr>
      <tr>
        <td colspan="1" rowspan="1" class="indent2" width="20%">Other Info</td>
        <td colspan="1" rowspan="1" width="80%">ZAP intentó conectarse a través de: http://todo.ly/images/presentation/roundsmall/postpone.png</td>
      </tr>
      <tr>
        <td colspan="1" rowspan="1" class="indent1" width="20%">URL</td>
        <td colspan="1" rowspan="1" width="80%">
          <a shape="rect" href="https://todo.ly/images/presentation/roundsmall/projects.png">https://todo.ly/images/presentation/roundsmall/projects.png</a>
        </td>
      </tr>
      <tr>
        <td colspan="1" rowspan="1" class="indent2" width="20%">Método</td>
        <td colspan="1" rowspan="1" width="80%">GET</td>
      </tr>
      <tr>
        <td colspan="1" rowspan="1" class="indent2" width="20%">Parámetros</td>
        <td colspan="1" rowspan="1" width="80%"/>
      </tr>
      <tr>
        <td colspan="1" rowspan="1" class="indent2" width="20%">Ataque</td>
        <td colspan="1" rowspan="1" width="80%"/>
      </tr>
      <tr>
        <td colspan="1" rowspan="1" class="indent2" width="20%">Evidencia</td>
        <td colspan="1" rowspan="1" width="80%">http://todo.ly/images/presentation/roundsmall/projects.png</td>
      </tr>
      <tr>
        <td colspan="1" rowspan="1" class="indent2" width="20%">Other Info</td>
        <td colspan="1" rowspan="1" width="80%">ZAP intentó conectarse a través de: http://todo.ly/images/presentation/roundsmall/projects.png</td>
      </tr>
      <tr>
        <td colspan="1" rowspan="1" class="indent1" width="20%">URL</td>
        <td colspan="1" rowspan="1" width="80%">
          <a shape="rect" href="https://todo.ly/images/presentation/roundsmall/taskDrag2.png">https://todo.ly/images/presentation/roundsmall/taskDrag2.png</a>
        </td>
      </tr>
      <tr>
        <td colspan="1" rowspan="1" class="indent2" width="20%">Método</td>
        <td colspan="1" rowspan="1" width="80%">GET</td>
      </tr>
      <tr>
        <td colspan="1" rowspan="1" class="indent2" width="20%">Parámetros</td>
        <td colspan="1" rowspan="1" width="80%"/>
      </tr>
      <tr>
        <td colspan="1" rowspan="1" class="indent2" width="20%">Ataque</td>
        <td colspan="1" rowspan="1" width="80%"/>
      </tr>
      <tr>
        <td colspan="1" rowspan="1" class="indent2" width="20%">Evidencia</td>
        <td colspan="1" rowspan="1" width="80%">http://todo.ly/images/presentation/roundsmall/taskDrag2.png</td>
      </tr>
      <tr>
        <td colspan="1" rowspan="1" class="indent2" width="20%">Other Info</td>
        <td colspan="1" rowspan="1" width="80%">ZAP intentó conectarse a través de: http://todo.ly/images/presentation/roundsmall/taskDrag2.png</td>
      </tr>
      <tr>
        <td colspan="1" rowspan="1" class="indent1" width="20%">URL</td>
        <td colspan="1" rowspan="1" width="80%">
          <a shape="rect" href="https://todo.ly/images/presentation/roundsmall/taskEditing.png">https://todo.ly/images/presentation/roundsmall/taskEditing.png</a>
        </td>
      </tr>
      <tr>
        <td colspan="1" rowspan="1" class="indent2" width="20%">Método</td>
        <td colspan="1" rowspan="1" width="80%">GET</td>
      </tr>
      <tr>
        <td colspan="1" rowspan="1" class="indent2" width="20%">Parámetros</td>
        <td colspan="1" rowspan="1" width="80%"/>
      </tr>
      <tr>
        <td colspan="1" rowspan="1" class="indent2" width="20%">Ataque</td>
        <td colspan="1" rowspan="1" width="80%"/>
      </tr>
      <tr>
        <td colspan="1" rowspan="1" class="indent2" width="20%">Evidencia</td>
        <td colspan="1" rowspan="1" width="80%">http://todo.ly/images/presentation/roundsmall/taskEditing.png</td>
      </tr>
      <tr>
        <td colspan="1" rowspan="1" class="indent2" width="20%">Other Info</td>
        <td colspan="1" rowspan="1" width="80%">ZAP intentó conectarse a través de: http://todo.ly/images/presentation/roundsmall/taskEditing.png</td>
      </tr>
      <tr>
        <td colspan="1" rowspan="1" class="indent1" width="20%">URL</td>
        <td colspan="1" rowspan="1" width="80%">
          <a shape="rect" href="https://todo.ly/images/presentation/roundsmall/taskMenu.png">https://todo.ly/images/presentation/roundsmall/taskMenu.png</a>
        </td>
      </tr>
      <tr>
        <td colspan="1" rowspan="1" class="indent2" width="20%">Método</td>
        <td colspan="1" rowspan="1" width="80%">GET</td>
      </tr>
      <tr>
        <td colspan="1" rowspan="1" class="indent2" width="20%">Parámetros</td>
        <td colspan="1" rowspan="1" width="80%"/>
      </tr>
      <tr>
        <td colspan="1" rowspan="1" class="indent2" width="20%">Ataque</td>
        <td colspan="1" rowspan="1" width="80%"/>
      </tr>
      <tr>
        <td colspan="1" rowspan="1" class="indent2" width="20%">Evidencia</td>
        <td colspan="1" rowspan="1" width="80%">http://todo.ly/images/presentation/roundsmall/taskMenu.png</td>
      </tr>
      <tr>
        <td colspan="1" rowspan="1" class="indent2" width="20%">Other Info</td>
        <td colspan="1" rowspan="1" width="80%">ZAP intentó conectarse a través de: http://todo.ly/images/presentation/roundsmall/taskMenu.png</td>
      </tr>
      <tr>
        <td colspan="1" rowspan="1" class="indent1" width="20%">URL</td>
        <td colspan="1" rowspan="1" width="80%">
          <a shape="rect" href="https://todo.ly/images/presentation/roundsmall/today.png">https://todo.ly/images/presentation/roundsmall/today.png</a>
        </td>
      </tr>
      <tr>
        <td colspan="1" rowspan="1" class="indent2" width="20%">Método</td>
        <td colspan="1" rowspan="1" width="80%">GET</td>
      </tr>
      <tr>
        <td colspan="1" rowspan="1" class="indent2" width="20%">Parámetros</td>
        <td colspan="1" rowspan="1" width="80%"/>
      </tr>
      <tr>
        <td colspan="1" rowspan="1" class="indent2" width="20%">Ataque</td>
        <td colspan="1" rowspan="1" width="80%"/>
      </tr>
      <tr>
        <td colspan="1" rowspan="1" class="indent2" width="20%">Evidencia</td>
        <td colspan="1" rowspan="1" width="80%">http://todo.ly/images/presentation/roundsmall/today.png</td>
      </tr>
      <tr>
        <td colspan="1" rowspan="1" class="indent2" width="20%">Other Info</td>
        <td colspan="1" rowspan="1" width="80%">ZAP intentó conectarse a través de: http://todo.ly/images/presentation/roundsmall/today.png</td>
      </tr>
      <tr>
        <td colspan="1" rowspan="1" class="indent1" width="20%">URL</td>
        <td colspan="1" rowspan="1" width="80%">
          <a shape="rect" href="https://todo.ly/Images/save.png">https://todo.ly/Images/save.png</a>
        </td>
      </tr>
      <tr>
        <td colspan="1" rowspan="1" class="indent2" width="20%">Método</td>
        <td colspan="1" rowspan="1" width="80%">GET</td>
      </tr>
      <tr>
        <td colspan="1" rowspan="1" class="indent2" width="20%">Parámetros</td>
        <td colspan="1" rowspan="1" width="80%"/>
      </tr>
      <tr>
        <td colspan="1" rowspan="1" class="indent2" width="20%">Ataque</td>
        <td colspan="1" rowspan="1" width="80%"/>
      </tr>
      <tr>
        <td colspan="1" rowspan="1" class="indent2" width="20%">Evidencia</td>
        <td colspan="1" rowspan="1" width="80%">http://todo.ly/Images/save.png</td>
      </tr>
      <tr>
        <td colspan="1" rowspan="1" class="indent2" width="20%">Other Info</td>
        <td colspan="1" rowspan="1" width="80%">ZAP intentó conectarse a través de: http://todo.ly/Images/save.png</td>
      </tr>
      <tr>
        <td colspan="1" rowspan="1" class="indent1" width="20%">URL</td>
        <td colspan="1" rowspan="1" width="80%">
          <a shape="rect" href="https://todo.ly/Images/shareHowTo.png">https://todo.ly/Images/shareHowTo.png</a>
        </td>
      </tr>
      <tr>
        <td colspan="1" rowspan="1" class="indent2" width="20%">Método</td>
        <td colspan="1" rowspan="1" width="80%">GET</td>
      </tr>
      <tr>
        <td colspan="1" rowspan="1" class="indent2" width="20%">Parámetros</td>
        <td colspan="1" rowspan="1" width="80%"/>
      </tr>
      <tr>
        <td colspan="1" rowspan="1" class="indent2" width="20%">Ataque</td>
        <td colspan="1" rowspan="1" width="80%"/>
      </tr>
      <tr>
        <td colspan="1" rowspan="1" class="indent2" width="20%">Evidencia</td>
        <td colspan="1" rowspan="1" width="80%">http://todo.ly/Images/shareHowTo.png</td>
      </tr>
      <tr>
        <td colspan="1" rowspan="1" class="indent2" width="20%">Other Info</td>
        <td colspan="1" rowspan="1" width="80%">ZAP intentó conectarse a través de: http://todo.ly/Images/shareHowTo.png</td>
      </tr>
      <tr>
        <td colspan="1" rowspan="1" class="indent1" width="20%">URL</td>
        <td colspan="1" rowspan="1" width="80%">
          <a shape="rect" href="https://todo.ly/Images/upgrade/youarepro.png">https://todo.ly/Images/upgrade/youarepro.png</a>
        </td>
      </tr>
      <tr>
        <td colspan="1" rowspan="1" class="indent2" width="20%">Método</td>
        <td colspan="1" rowspan="1" width="80%">GET</td>
      </tr>
      <tr>
        <td colspan="1" rowspan="1" class="indent2" width="20%">Parámetros</td>
        <td colspan="1" rowspan="1" width="80%"/>
      </tr>
      <tr>
        <td colspan="1" rowspan="1" class="indent2" width="20%">Ataque</td>
        <td colspan="1" rowspan="1" width="80%"/>
      </tr>
      <tr>
        <td colspan="1" rowspan="1" class="indent2" width="20%">Evidencia</td>
        <td colspan="1" rowspan="1" width="80%">http://todo.ly/Images/upgrade/youarepro.png</td>
      </tr>
      <tr>
        <td colspan="1" rowspan="1" class="indent2" width="20%">Other Info</td>
        <td colspan="1" rowspan="1" width="80%">ZAP intentó conectarse a través de: http://todo.ly/Images/upgrade/youarepro.png</td>
      </tr>
      <tr>
        <td colspan="1" rowspan="1" class="indent1" width="20%">URL</td>
        <td colspan="1" rowspan="1" width="80%">
          <a shape="rect" href="https://todo.ly/Scripts/date.js?v=4">https://todo.ly/Scripts/date.js?v=4</a>
        </td>
      </tr>
      <tr>
        <td colspan="1" rowspan="1" class="indent2" width="20%">Método</td>
        <td colspan="1" rowspan="1" width="80%">GET</td>
      </tr>
      <tr>
        <td colspan="1" rowspan="1" class="indent2" width="20%">Parámetros</td>
        <td colspan="1" rowspan="1" width="80%"/>
      </tr>
      <tr>
        <td colspan="1" rowspan="1" class="indent2" width="20%">Ataque</td>
        <td colspan="1" rowspan="1" width="80%"/>
      </tr>
      <tr>
        <td colspan="1" rowspan="1" class="indent2" width="20%">Evidencia</td>
        <td colspan="1" rowspan="1" width="80%">http://todo.ly/Scripts/date.js?v=4</td>
      </tr>
      <tr>
        <td colspan="1" rowspan="1" class="indent2" width="20%">Other Info</td>
        <td colspan="1" rowspan="1" width="80%">ZAP intentó conectarse a través de: http://todo.ly/Scripts/date.js?v=4</td>
      </tr>
      <tr>
        <td colspan="1" rowspan="1" class="indent1" width="20%">URL</td>
        <td colspan="1" rowspan="1" width="80%">
          <a shape="rect" href="https://todo.ly/Scripts/jquery-1.7.1.min.js">https://todo.ly/Scripts/jquery-1.7.1.min.js</a>
        </td>
      </tr>
      <tr>
        <td colspan="1" rowspan="1" class="indent2" width="20%">Método</td>
        <td colspan="1" rowspan="1" width="80%">GET</td>
      </tr>
      <tr>
        <td colspan="1" rowspan="1" class="indent2" width="20%">Parámetros</td>
        <td colspan="1" rowspan="1" width="80%"/>
      </tr>
      <tr>
        <td colspan="1" rowspan="1" class="indent2" width="20%">Ataque</td>
        <td colspan="1" rowspan="1" width="80%"/>
      </tr>
      <tr>
        <td colspan="1" rowspan="1" class="indent2" width="20%">Evidencia</td>
        <td colspan="1" rowspan="1" width="80%">http://todo.ly/Scripts/jquery-1.7.1.min.js</td>
      </tr>
      <tr>
        <td colspan="1" rowspan="1" class="indent2" width="20%">Other Info</td>
        <td colspan="1" rowspan="1" width="80%">ZAP intentó conectarse a través de: http://todo.ly/Scripts/jquery-1.7.1.min.js</td>
      </tr>
      <tr>
        <td colspan="1" rowspan="1" class="indent1" width="20%">URL</td>
        <td colspan="1" rowspan="1" width="80%">
          <a shape="rect" href="https://todo.ly/Scripts/jquery-ui-1.8.13.custom.min.js?v=6">https://todo.ly/Scripts/jquery-ui-1.8.13.custom.min.js?v=6</a>
        </td>
      </tr>
      <tr>
        <td colspan="1" rowspan="1" class="indent2" width="20%">Método</td>
        <td colspan="1" rowspan="1" width="80%">GET</td>
      </tr>
      <tr>
        <td colspan="1" rowspan="1" class="indent2" width="20%">Parámetros</td>
        <td colspan="1" rowspan="1" width="80%"/>
      </tr>
      <tr>
        <td colspan="1" rowspan="1" class="indent2" width="20%">Ataque</td>
        <td colspan="1" rowspan="1" width="80%"/>
      </tr>
      <tr>
        <td colspan="1" rowspan="1" class="indent2" width="20%">Evidencia</td>
        <td colspan="1" rowspan="1" width="80%">http://todo.ly/Scripts/jquery-ui-1.8.13.custom.min.js?v=6</td>
      </tr>
      <tr>
        <td colspan="1" rowspan="1" class="indent2" width="20%">Other Info</td>
        <td colspan="1" rowspan="1" width="80%">ZAP intentó conectarse a través de: http://todo.ly/Scripts/jquery-ui-1.8.13.custom.min.js?v=6</td>
      </tr>
      <tr>
        <td colspan="1" rowspan="1" class="indent1" width="20%">URL</td>
        <td colspan="1" rowspan="1" width="80%">
          <a shape="rect" href="https://todo.ly/Scripts/jquery-ui-timepicker-addon.js">https://todo.ly/Scripts/jquery-ui-timepicker-addon.js</a>
        </td>
      </tr>
      <tr>
        <td colspan="1" rowspan="1" class="indent2" width="20%">Método</td>
        <td colspan="1" rowspan="1" width="80%">GET</td>
      </tr>
      <tr>
        <td colspan="1" rowspan="1" class="indent2" width="20%">Parámetros</td>
        <td colspan="1" rowspan="1" width="80%"/>
      </tr>
      <tr>
        <td colspan="1" rowspan="1" class="indent2" width="20%">Ataque</td>
        <td colspan="1" rowspan="1" width="80%"/>
      </tr>
      <tr>
        <td colspan="1" rowspan="1" class="indent2" width="20%">Evidencia</td>
        <td colspan="1" rowspan="1" width="80%">http://todo.ly/Scripts/jquery-ui-timepicker-addon.js</td>
      </tr>
      <tr>
        <td colspan="1" rowspan="1" class="indent2" width="20%">Other Info</td>
        <td colspan="1" rowspan="1" width="80%">ZAP intentó conectarse a través de: http://todo.ly/Scripts/jquery-ui-timepicker-addon.js</td>
      </tr>
      <tr>
        <td colspan="1" rowspan="1" class="indent1" width="20%">URL</td>
        <td colspan="1" rowspan="1" width="80%">
          <a shape="rect" href="https://todo.ly/Scripts/jquery.autogrow-textarea.js">https://todo.ly/Scripts/jquery.autogrow-textarea.js</a>
        </td>
      </tr>
      <tr>
        <td colspan="1" rowspan="1" class="indent2" width="20%">Método</td>
        <td colspan="1" rowspan="1" width="80%">GET</td>
      </tr>
      <tr>
        <td colspan="1" rowspan="1" class="indent2" width="20%">Parámetros</td>
        <td colspan="1" rowspan="1" width="80%"/>
      </tr>
      <tr>
        <td colspan="1" rowspan="1" class="indent2" width="20%">Ataque</td>
        <td colspan="1" rowspan="1" width="80%"/>
      </tr>
      <tr>
        <td colspan="1" rowspan="1" class="indent2" width="20%">Evidencia</td>
        <td colspan="1" rowspan="1" width="80%">http://todo.ly/Scripts/jquery.autogrow-textarea.js</td>
      </tr>
      <tr>
        <td colspan="1" rowspan="1" class="indent2" width="20%">Other Info</td>
        <td colspan="1" rowspan="1" width="80%">ZAP intentó conectarse a través de: http://todo.ly/Scripts/jquery.autogrow-textarea.js</td>
      </tr>
      <tr>
        <td colspan="1" rowspan="1" class="indent1" width="20%">URL</td>
        <td colspan="1" rowspan="1" width="80%">
          <a shape="rect" href="https://todo.ly/Scripts/jquery.clearableTextField.min.js">https://todo.ly/Scripts/jquery.clearableTextField.min.js</a>
        </td>
      </tr>
      <tr>
        <td colspan="1" rowspan="1" class="indent2" width="20%">Método</td>
        <td colspan="1" rowspan="1" width="80%">GET</td>
      </tr>
      <tr>
        <td colspan="1" rowspan="1" class="indent2" width="20%">Parámetros</td>
        <td colspan="1" rowspan="1" width="80%"/>
      </tr>
      <tr>
        <td colspan="1" rowspan="1" class="indent2" width="20%">Ataque</td>
        <td colspan="1" rowspan="1" width="80%"/>
      </tr>
      <tr>
        <td colspan="1" rowspan="1" class="indent2" width="20%">Evidencia</td>
        <td colspan="1" rowspan="1" width="80%">http://todo.ly/Scripts/jquery.clearableTextField.min.js</td>
      </tr>
      <tr>
        <td colspan="1" rowspan="1" class="indent2" width="20%">Other Info</td>
        <td colspan="1" rowspan="1" width="80%">ZAP intentó conectarse a través de: http://todo.ly/Scripts/jquery.clearableTextField.min.js</td>
      </tr>
      <tr>
        <td colspan="1" rowspan="1" class="indent1" width="20%">URL</td>
        <td colspan="1" rowspan="1" width="80%">
          <a shape="rect" href="https://todo.ly/Scripts/jquery.contextMenu.js?v=6">https://todo.ly/Scripts/jquery.contextMenu.js?v=6</a>
        </td>
      </tr>
      <tr>
        <td colspan="1" rowspan="1" class="indent2" width="20%">Método</td>
        <td colspan="1" rowspan="1" width="80%">GET</td>
      </tr>
      <tr>
        <td colspan="1" rowspan="1" class="indent2" width="20%">Parámetros</td>
        <td colspan="1" rowspan="1" width="80%"/>
      </tr>
      <tr>
        <td colspan="1" rowspan="1" class="indent2" width="20%">Ataque</td>
        <td colspan="1" rowspan="1" width="80%"/>
      </tr>
      <tr>
        <td colspan="1" rowspan="1" class="indent2" width="20%">Evidencia</td>
        <td colspan="1" rowspan="1" width="80%">http://todo.ly/Scripts/jquery.contextMenu.js?v=6</td>
      </tr>
      <tr>
        <td colspan="1" rowspan="1" class="indent2" width="20%">Other Info</td>
        <td colspan="1" rowspan="1" width="80%">ZAP intentó conectarse a través de: http://todo.ly/Scripts/jquery.contextMenu.js?v=6</td>
      </tr>
      <tr>
        <td colspan="1" rowspan="1" class="indent1" width="20%">URL</td>
        <td colspan="1" rowspan="1" width="80%">
          <a shape="rect" href="https://todo.ly/Scripts/jquery.cookie.js">https://todo.ly/Scripts/jquery.cookie.js</a>
        </td>
      </tr>
      <tr>
        <td colspan="1" rowspan="1" class="indent2" width="20%">Método</td>
        <td colspan="1" rowspan="1" width="80%">GET</td>
      </tr>
      <tr>
        <td colspan="1" rowspan="1" class="indent2" width="20%">Parámetros</td>
        <td colspan="1" rowspan="1" width="80%"/>
      </tr>
      <tr>
        <td colspan="1" rowspan="1" class="indent2" width="20%">Ataque</td>
        <td colspan="1" rowspan="1" width="80%"/>
      </tr>
      <tr>
        <td colspan="1" rowspan="1" class="indent2" width="20%">Evidencia</td>
        <td colspan="1" rowspan="1" width="80%">http://todo.ly/Scripts/jquery.cookie.js</td>
      </tr>
      <tr>
        <td colspan="1" rowspan="1" class="indent2" width="20%">Other Info</td>
        <td colspan="1" rowspan="1" width="80%">ZAP intentó conectarse a través de: http://todo.ly/Scripts/jquery.cookie.js</td>
      </tr>
      <tr>
        <td colspan="1" rowspan="1" class="indent1" width="20%">URL</td>
        <td colspan="1" rowspan="1" width="80%">
          <a shape="rect" href="https://todo.ly/Scripts/jquery.dropshadow.js">https://todo.ly/Scripts/jquery.dropshadow.js</a>
        </td>
      </tr>
      <tr>
        <td colspan="1" rowspan="1" class="indent2" width="20%">Método</td>
        <td colspan="1" rowspan="1" width="80%">GET</td>
      </tr>
      <tr>
        <td colspan="1" rowspan="1" class="indent2" width="20%">Parámetros</td>
        <td colspan="1" rowspan="1" width="80%"/>
      </tr>
      <tr>
        <td colspan="1" rowspan="1" class="indent2" width="20%">Ataque</td>
        <td colspan="1" rowspan="1" width="80%"/>
      </tr>
      <tr>
        <td colspan="1" rowspan="1" class="indent2" width="20%">Evidencia</td>
        <td colspan="1" rowspan="1" width="80%">http://todo.ly/Scripts/jquery.dropshadow.js</td>
      </tr>
      <tr>
        <td colspan="1" rowspan="1" class="indent2" width="20%">Other Info</td>
        <td colspan="1" rowspan="1" width="80%">ZAP intentó conectarse a través de: http://todo.ly/Scripts/jquery.dropshadow.js</td>
      </tr>
      <tr>
        <td colspan="1" rowspan="1" class="indent1" width="20%">URL</td>
        <td colspan="1" rowspan="1" width="80%">
          <a shape="rect" href="https://todo.ly/Scripts/jquery.fancybox-1.3.1.pack.js">https://todo.ly/Scripts/jquery.fancybox-1.3.1.pack.js</a>
        </td>
      </tr>
      <tr>
        <td colspan="1" rowspan="1" class="indent2" width="20%">Método</td>
        <td colspan="1" rowspan="1" width="80%">GET</td>
      </tr>
      <tr>
        <td colspan="1" rowspan="1" class="indent2" width="20%">Parámetros</td>
        <td colspan="1" rowspan="1" width="80%"/>
      </tr>
      <tr>
        <td colspan="1" rowspan="1" class="indent2" width="20%">Ataque</td>
        <td colspan="1" rowspan="1" width="80%"/>
      </tr>
      <tr>
        <td colspan="1" rowspan="1" class="indent2" width="20%">Evidencia</td>
        <td colspan="1" rowspan="1" width="80%">http://todo.ly/Scripts/jquery.fancybox-1.3.1.pack.js</td>
      </tr>
      <tr>
        <td colspan="1" rowspan="1" class="indent2" width="20%">Other Info</td>
        <td colspan="1" rowspan="1" width="80%">ZAP intentó conectarse a través de: http://todo.ly/Scripts/jquery.fancybox-1.3.1.pack.js</td>
      </tr>
      <tr>
        <td colspan="1" rowspan="1" class="indent1" width="20%">URL</td>
        <td colspan="1" rowspan="1" width="80%">
          <a shape="rect" href="https://todo.ly/Scripts/jquery.json-2.2.min.js">https://todo.ly/Scripts/jquery.json-2.2.min.js</a>
        </td>
      </tr>
      <tr>
        <td colspan="1" rowspan="1" class="indent2" width="20%">Método</td>
        <td colspan="1" rowspan="1" width="80%">GET</td>
      </tr>
      <tr>
        <td colspan="1" rowspan="1" class="indent2" width="20%">Parámetros</td>
        <td colspan="1" rowspan="1" width="80%"/>
      </tr>
      <tr>
        <td colspan="1" rowspan="1" class="indent2" width="20%">Ataque</td>
        <td colspan="1" rowspan="1" width="80%"/>
      </tr>
      <tr>
        <td colspan="1" rowspan="1" class="indent2" width="20%">Evidencia</td>
        <td colspan="1" rowspan="1" width="80%">http://todo.ly/Scripts/jquery.json-2.2.min.js</td>
      </tr>
      <tr>
        <td colspan="1" rowspan="1" class="indent2" width="20%">Other Info</td>
        <td colspan="1" rowspan="1" width="80%">ZAP intentó conectarse a través de: http://todo.ly/Scripts/jquery.json-2.2.min.js</td>
      </tr>
      <tr>
        <td colspan="1" rowspan="1" class="indent1" width="20%">URL</td>
        <td colspan="1" rowspan="1" width="80%">
          <a shape="rect" href="https://todo.ly/Scripts/jquery.popupWindow.js">https://todo.ly/Scripts/jquery.popupWindow.js</a>
        </td>
      </tr>
      <tr>
        <td colspan="1" rowspan="1" class="indent2" width="20%">Método</td>
        <td colspan="1" rowspan="1" width="80%">GET</td>
      </tr>
      <tr>
        <td colspan="1" rowspan="1" class="indent2" width="20%">Parámetros</td>
        <td colspan="1" rowspan="1" width="80%"/>
      </tr>
      <tr>
        <td colspan="1" rowspan="1" class="indent2" width="20%">Ataque</td>
        <td colspan="1" rowspan="1" width="80%"/>
      </tr>
      <tr>
        <td colspan="1" rowspan="1" class="indent2" width="20%">Evidencia</td>
        <td colspan="1" rowspan="1" width="80%">http://todo.ly/Scripts/jquery.popupWindow.js</td>
      </tr>
      <tr>
        <td colspan="1" rowspan="1" class="indent2" width="20%">Other Info</td>
        <td colspan="1" rowspan="1" width="80%">ZAP intentó conectarse a través de: http://todo.ly/Scripts/jquery.popupWindow.js</td>
      </tr>
      <tr>
        <td colspan="1" rowspan="1" class="indent1" width="20%">URL</td>
        <td colspan="1" rowspan="1" width="80%">
          <a shape="rect" href="https://todo.ly/Scripts/jquery.printElement.js">https://todo.ly/Scripts/jquery.printElement.js</a>
        </td>
      </tr>
      <tr>
        <td colspan="1" rowspan="1" class="indent2" width="20%">Método</td>
        <td colspan="1" rowspan="1" width="80%">GET</td>
      </tr>
      <tr>
        <td colspan="1" rowspan="1" class="indent2" width="20%">Parámetros</td>
        <td colspan="1" rowspan="1" width="80%"/>
      </tr>
      <tr>
        <td colspan="1" rowspan="1" class="indent2" width="20%">Ataque</td>
        <td colspan="1" rowspan="1" width="80%"/>
      </tr>
      <tr>
        <td colspan="1" rowspan="1" class="indent2" width="20%">Evidencia</td>
        <td colspan="1" rowspan="1" width="80%">http://todo.ly/Scripts/jquery.printElement.js</td>
      </tr>
      <tr>
        <td colspan="1" rowspan="1" class="indent2" width="20%">Other Info</td>
        <td colspan="1" rowspan="1" width="80%">ZAP intentó conectarse a través de: http://todo.ly/Scripts/jquery.printElement.js</td>
      </tr>
      <tr>
        <td colspan="1" rowspan="1" class="indent1" width="20%">URL</td>
        <td colspan="1" rowspan="1" width="80%">
          <a shape="rect" href="https://todo.ly/Scripts/jquery.watermark.min.js">https://todo.ly/Scripts/jquery.watermark.min.js</a>
        </td>
      </tr>
      <tr>
        <td colspan="1" rowspan="1" class="indent2" width="20%">Método</td>
        <td colspan="1" rowspan="1" width="80%">GET</td>
      </tr>
      <tr>
        <td colspan="1" rowspan="1" class="indent2" width="20%">Parámetros</td>
        <td colspan="1" rowspan="1" width="80%"/>
      </tr>
      <tr>
        <td colspan="1" rowspan="1" class="indent2" width="20%">Ataque</td>
        <td colspan="1" rowspan="1" width="80%"/>
      </tr>
      <tr>
        <td colspan="1" rowspan="1" class="indent2" width="20%">Evidencia</td>
        <td colspan="1" rowspan="1" width="80%">http://todo.ly/Scripts/jquery.watermark.min.js</td>
      </tr>
      <tr>
        <td colspan="1" rowspan="1" class="indent2" width="20%">Other Info</td>
        <td colspan="1" rowspan="1" width="80%">ZAP intentó conectarse a través de: http://todo.ly/Scripts/jquery.watermark.min.js</td>
      </tr>
      <tr>
        <td colspan="1" rowspan="1" class="indent1" width="20%">URL</td>
        <td colspan="1" rowspan="1" width="80%">
          <a shape="rect" href="https://todo.ly/Scripts/json2.js">https://todo.ly/Scripts/json2.js</a>
        </td>
      </tr>
      <tr>
        <td colspan="1" rowspan="1" class="indent2" width="20%">Método</td>
        <td colspan="1" rowspan="1" width="80%">GET</td>
      </tr>
      <tr>
        <td colspan="1" rowspan="1" class="indent2" width="20%">Parámetros</td>
        <td colspan="1" rowspan="1" width="80%"/>
      </tr>
      <tr>
        <td colspan="1" rowspan="1" class="indent2" width="20%">Ataque</td>
        <td colspan="1" rowspan="1" width="80%"/>
      </tr>
      <tr>
        <td colspan="1" rowspan="1" class="indent2" width="20%">Evidencia</td>
        <td colspan="1" rowspan="1" width="80%">http://todo.ly/Scripts/json2.js</td>
      </tr>
      <tr>
        <td colspan="1" rowspan="1" class="indent2" width="20%">Other Info</td>
        <td colspan="1" rowspan="1" width="80%">ZAP intentó conectarse a través de: http://todo.ly/Scripts/json2.js</td>
      </tr>
      <tr>
        <td colspan="1" rowspan="1" class="indent1" width="20%">URL</td>
        <td colspan="1" rowspan="1" width="80%">
          <a shape="rect" href="https://todo.ly/Scripts/jstz-1.0.4.min.js">https://todo.ly/Scripts/jstz-1.0.4.min.js</a>
        </td>
      </tr>
      <tr>
        <td colspan="1" rowspan="1" class="indent2" width="20%">Método</td>
        <td colspan="1" rowspan="1" width="80%">GET</td>
      </tr>
      <tr>
        <td colspan="1" rowspan="1" class="indent2" width="20%">Parámetros</td>
        <td colspan="1" rowspan="1" width="80%"/>
      </tr>
      <tr>
        <td colspan="1" rowspan="1" class="indent2" width="20%">Ataque</td>
        <td colspan="1" rowspan="1" width="80%"/>
      </tr>
      <tr>
        <td colspan="1" rowspan="1" class="indent2" width="20%">Evidencia</td>
        <td colspan="1" rowspan="1" width="80%">http://todo.ly/Scripts/jstz-1.0.4.min.js</td>
      </tr>
      <tr>
        <td colspan="1" rowspan="1" class="indent2" width="20%">Other Info</td>
        <td colspan="1" rowspan="1" width="80%">ZAP intentó conectarse a través de: http://todo.ly/Scripts/jstz-1.0.4.min.js</td>
      </tr>
      <tr>
        <td colspan="1" rowspan="1" class="indent1" width="20%">URL</td>
        <td colspan="1" rowspan="1" width="80%">
          <a shape="rect" href="https://todo.ly/Scripts/nicEdit.js">https://todo.ly/Scripts/nicEdit.js</a>
        </td>
      </tr>
      <tr>
        <td colspan="1" rowspan="1" class="indent2" width="20%">Método</td>
        <td colspan="1" rowspan="1" width="80%">GET</td>
      </tr>
      <tr>
        <td colspan="1" rowspan="1" class="indent2" width="20%">Parámetros</td>
        <td colspan="1" rowspan="1" width="80%"/>
      </tr>
      <tr>
        <td colspan="1" rowspan="1" class="indent2" width="20%">Ataque</td>
        <td colspan="1" rowspan="1" width="80%"/>
      </tr>
      <tr>
        <td colspan="1" rowspan="1" class="indent2" width="20%">Evidencia</td>
        <td colspan="1" rowspan="1" width="80%">http://todo.ly/Scripts/nicEdit.js</td>
      </tr>
      <tr>
        <td colspan="1" rowspan="1" class="indent2" width="20%">Other Info</td>
        <td colspan="1" rowspan="1" width="80%">ZAP intentó conectarse a través de: http://todo.ly/Scripts/nicEdit.js</td>
      </tr>
      <tr>
        <td colspan="1" rowspan="1" class="indent1" width="20%">URL</td>
        <td colspan="1" rowspan="1" width="80%">
          <a shape="rect" href="https://todo.ly/Scripts/todoly-c11.js">https://todo.ly/Scripts/todoly-c11.js</a>
        </td>
      </tr>
      <tr>
        <td colspan="1" rowspan="1" class="indent2" width="20%">Método</td>
        <td colspan="1" rowspan="1" width="80%">GET</td>
      </tr>
      <tr>
        <td colspan="1" rowspan="1" class="indent2" width="20%">Parámetros</td>
        <td colspan="1" rowspan="1" width="80%"/>
      </tr>
      <tr>
        <td colspan="1" rowspan="1" class="indent2" width="20%">Ataque</td>
        <td colspan="1" rowspan="1" width="80%"/>
      </tr>
      <tr>
        <td colspan="1" rowspan="1" class="indent2" width="20%">Evidencia</td>
        <td colspan="1" rowspan="1" width="80%">http://todo.ly/Scripts/todoly-c11.js</td>
      </tr>
      <tr>
        <td colspan="1" rowspan="1" class="indent2" width="20%">Other Info</td>
        <td colspan="1" rowspan="1" width="80%">ZAP intentó conectarse a través de: http://todo.ly/Scripts/todoly-c11.js</td>
      </tr>
      <tr>
        <td colspan="1" rowspan="1" class="indent1" width="20%">URL</td>
        <td colspan="1" rowspan="1" width="80%">
          <a shape="rect" href="https://todo.ly/Style/blue3/jquery-ui-1.8.13.custom.css?v=6">https://todo.ly/Style/blue3/jquery-ui-1.8.13.custom.css?v=6</a>
        </td>
      </tr>
      <tr>
        <td colspan="1" rowspan="1" class="indent2" width="20%">Método</td>
        <td colspan="1" rowspan="1" width="80%">GET</td>
      </tr>
      <tr>
        <td colspan="1" rowspan="1" class="indent2" width="20%">Parámetros</td>
        <td colspan="1" rowspan="1" width="80%"/>
      </tr>
      <tr>
        <td colspan="1" rowspan="1" class="indent2" width="20%">Ataque</td>
        <td colspan="1" rowspan="1" width="80%"/>
      </tr>
      <tr>
        <td colspan="1" rowspan="1" class="indent2" width="20%">Evidencia</td>
        <td colspan="1" rowspan="1" width="80%">http://todo.ly/Style/blue3/jquery-ui-1.8.13.custom.css?v=6</td>
      </tr>
      <tr>
        <td colspan="1" rowspan="1" class="indent2" width="20%">Other Info</td>
        <td colspan="1" rowspan="1" width="80%">ZAP intentó conectarse a través de: http://todo.ly/Style/blue3/jquery-ui-1.8.13.custom.css?v=6</td>
      </tr>
      <tr>
        <td colspan="1" rowspan="1" class="indent1" width="20%">URL</td>
        <td colspan="1" rowspan="1" width="80%">
          <a shape="rect" href="https://todo.ly/Style/jquery.contextMenu.css">https://todo.ly/Style/jquery.contextMenu.css</a>
        </td>
      </tr>
      <tr>
        <td colspan="1" rowspan="1" class="indent2" width="20%">Método</td>
        <td colspan="1" rowspan="1" width="80%">GET</td>
      </tr>
      <tr>
        <td colspan="1" rowspan="1" class="indent2" width="20%">Parámetros</td>
        <td colspan="1" rowspan="1" width="80%"/>
      </tr>
      <tr>
        <td colspan="1" rowspan="1" class="indent2" width="20%">Ataque</td>
        <td colspan="1" rowspan="1" width="80%"/>
      </tr>
      <tr>
        <td colspan="1" rowspan="1" class="indent2" width="20%">Evidencia</td>
        <td colspan="1" rowspan="1" width="80%">http://todo.ly/Style/jquery.contextMenu.css</td>
      </tr>
      <tr>
        <td colspan="1" rowspan="1" class="indent2" width="20%">Other Info</td>
        <td colspan="1" rowspan="1" width="80%">ZAP intentó conectarse a través de: http://todo.ly/Style/jquery.contextMenu.css</td>
      </tr>
      <tr>
        <td colspan="1" rowspan="1" class="indent1" width="20%">URL</td>
        <td colspan="1" rowspan="1" width="80%">
          <a shape="rect" href="https://todo.ly/Style/jquery.fancybox-1.3.1.css">https://todo.ly/Style/jquery.fancybox-1.3.1.css</a>
        </td>
      </tr>
      <tr>
        <td colspan="1" rowspan="1" class="indent2" width="20%">Método</td>
        <td colspan="1" rowspan="1" width="80%">GET</td>
      </tr>
      <tr>
        <td colspan="1" rowspan="1" class="indent2" width="20%">Parámetros</td>
        <td colspan="1" rowspan="1" width="80%"/>
      </tr>
      <tr>
        <td colspan="1" rowspan="1" class="indent2" width="20%">Ataque</td>
        <td colspan="1" rowspan="1" width="80%"/>
      </tr>
      <tr>
        <td colspan="1" rowspan="1" class="indent2" width="20%">Evidencia</td>
        <td colspan="1" rowspan="1" width="80%">http://todo.ly/Style/jquery.fancybox-1.3.1.css</td>
      </tr>
      <tr>
        <td colspan="1" rowspan="1" class="indent2" width="20%">Other Info</td>
        <td colspan="1" rowspan="1" width="80%">ZAP intentó conectarse a través de: http://todo.ly/Style/jquery.fancybox-1.3.1.css</td>
      </tr>
      <tr>
        <td colspan="1" rowspan="1" class="indent1" width="20%">URL</td>
        <td colspan="1" rowspan="1" width="80%">
          <a shape="rect" href="https://todo.ly/Style/StyleSheet.css?v=20131002">https://todo.ly/Style/StyleSheet.css?v=20131002</a>
        </td>
      </tr>
      <tr>
        <td colspan="1" rowspan="1" class="indent2" width="20%">Método</td>
        <td colspan="1" rowspan="1" width="80%">GET</td>
      </tr>
      <tr>
        <td colspan="1" rowspan="1" class="indent2" width="20%">Parámetros</td>
        <td colspan="1" rowspan="1" width="80%"/>
      </tr>
      <tr>
        <td colspan="1" rowspan="1" class="indent2" width="20%">Ataque</td>
        <td colspan="1" rowspan="1" width="80%"/>
      </tr>
      <tr>
        <td colspan="1" rowspan="1" class="indent2" width="20%">Evidencia</td>
        <td colspan="1" rowspan="1" width="80%">http://todo.ly/Style/StyleSheet.css?v=20131002</td>
      </tr>
      <tr>
        <td colspan="1" rowspan="1" class="indent2" width="20%">Other Info</td>
        <td colspan="1" rowspan="1" width="80%">ZAP intentó conectarse a través de: http://todo.ly/Style/StyleSheet.css?v=20131002</td>
      </tr>
      <tr>
        <td colspan="1" rowspan="1" class="indent1" width="20%">URL</td>
        <td colspan="1" rowspan="1" width="80%">
          <a shape="rect" href="https://todo.ly/Style/TextStyle11.css">https://todo.ly/Style/TextStyle11.css</a>
        </td>
      </tr>
      <tr>
        <td colspan="1" rowspan="1" class="indent2" width="20%">Método</td>
        <td colspan="1" rowspan="1" width="80%">GET</td>
      </tr>
      <tr>
        <td colspan="1" rowspan="1" class="indent2" width="20%">Parámetros</td>
        <td colspan="1" rowspan="1" width="80%"/>
      </tr>
      <tr>
        <td colspan="1" rowspan="1" class="indent2" width="20%">Ataque</td>
        <td colspan="1" rowspan="1" width="80%"/>
      </tr>
      <tr>
        <td colspan="1" rowspan="1" class="indent2" width="20%">Evidencia</td>
        <td colspan="1" rowspan="1" width="80%">http://todo.ly/Style/TextStyle11.css</td>
      </tr>
      <tr>
        <td colspan="1" rowspan="1" class="indent2" width="20%">Other Info</td>
        <td colspan="1" rowspan="1" width="80%">ZAP intentó conectarse a través de: http://todo.ly/Style/TextStyle11.css</td>
      </tr>
      <tr>
        <td colspan="1" rowspan="1" class="indent1" width="20%">URL</td>
        <td colspan="1" rowspan="1" width="80%">
          <a shape="rect" href="https://todo.ly/WebResource.axd?d=NdZLQA9U0ugIk764rCig6lJbCWyp5Dac9aZIs7GtY8ZiVf0oq-m6rKl1e78G9uN3K2ftzj7odKCDwsZv6u8HI4IZGQM1&amp;t=637110248437816177">https://todo.ly/WebResource.axd?d=NdZLQA9U0ugIk764rCig6lJbCWyp5Dac9aZIs7GtY8ZiVf0oq-m6rKl1e78G9uN3K2ftzj7odKCDwsZv6u8HI4IZGQM1&amp;t=637110248437816177</a>
        </td>
      </tr>
      <tr>
        <td colspan="1" rowspan="1" class="indent2" width="20%">Método</td>
        <td colspan="1" rowspan="1" width="80%">GET</td>
      </tr>
      <tr>
        <td colspan="1" rowspan="1" class="indent2" width="20%">Parámetros</td>
        <td colspan="1" rowspan="1" width="80%"/>
      </tr>
      <tr>
        <td colspan="1" rowspan="1" class="indent2" width="20%">Ataque</td>
        <td colspan="1" rowspan="1" width="80%"/>
      </tr>
      <tr>
        <td colspan="1" rowspan="1" class="indent2" width="20%">Evidencia</td>
        <td colspan="1" rowspan="1" width="80%">http://todo.ly/WebResource.axd?d=NdZLQA9U0ugIk764rCig6lJbCWyp5Dac9aZIs7GtY8ZiVf0oq-m6rKl1e78G9uN3K2ftzj7odKCDwsZv6u8HI4IZGQM1&amp;t=637110248437816177</td>
      </tr>
      <tr>
        <td colspan="1" rowspan="1" class="indent2" width="20%">Other Info</td>
        <td colspan="1" rowspan="1" width="80%">ZAP intentó conectarse a través de: http://todo.ly/WebResource.axd?d=NdZLQA9U0ugIk764rCig6lJbCWyp5Dac9aZIs7GtY8ZiVf0oq-m6rKl1e78G9uN3K2ftzj7odKCDwsZv6u8HI4IZGQM1&amp;t=637110248437816177</td>
      </tr>
      <tr>
        <td colspan="1" rowspan="1" width="20%">Instancia</td>
        <td colspan="1" rowspan="1" width="80%">86</td>
      </tr>
      <tr>
        <td colspan="1" rowspan="1" width="20%">Solución</td>
        <td colspan="1" rowspan="1" width="80%">
          <div>Asegúrese de que su servidor web, servidor de aplicaciones, balanceador de carga, etc. esté configurado para servir dicho contenido solo a través de HTTPS. Considere implementar, seguridad de transporte estricta para HTTP.</div>
        </td>
      </tr>
      <tr>
        <td colspan="1" rowspan="1" width="20%">Referencia</td>
        <td colspan="1" rowspan="1" width="80%">
          <a shape="rect" href="https://cheatsheetseries.owasp.org/cheatsheets/HTTP_Strict_Transport_Security_Cheat_Sheet.html">https://cheatsheetseries.owasp.org/cheatsheets/HTTP_Strict_Transport_Security_Cheat_Sheet.html</a>
          <br clear="none"/>
          <a shape="rect" href="https://owasp.org/www-community/Security_Headers">https://owasp.org/www-community/Security_Headers</a>
          <br clear="none"/>
          <a shape="rect" href="https://en.wikipedia.org/wiki/HTTP_Strict_Transport_Security">https://en.wikipedia.org/wiki/HTTP_Strict_Transport_Security</a>
          <br clear="none"/>
          <a shape="rect" href="https://caniuse.com/stricttransportsecurity">https://caniuse.com/stricttransportsecurity</a>
          <br clear="none"/>
          <a shape="rect" href="https://datatracker.ietf.org/doc/html/rfc6797">https://datatracker.ietf.org/doc/html/rfc6797</a>
        </td>
      </tr>
      <tr>
        <td colspan="1" rowspan="1" width="20%">CWE Id</td>
        <td colspan="1" rowspan="1" width="80%">
          <a shape="rect" href="https://cwe.mitre.org/data/definitions/311.html">311</a>
        </td>
      </tr>
      <tr>
        <td colspan="1" rowspan="1" width="20%">WASC Id</td>
        <td colspan="1" rowspan="1" width="80%">4</td>
      </tr>
      <tr>
        <td colspan="1" rowspan="1" width="20%">Plugin Id</td>
        <td colspan="1" rowspan="1" width="80%">
          <a shape="rect" href="https://www.zaproxy.org/docs/alerts/10047/">10047</a>
        </td>
      </tr>
    </table>
    <div class="spacer"/>
    <table class="results">
      <tr height="24">
        <th colspan="1" rowspan="1" class="risk-1" width="20%">
          <a shape="rect" id="10011"/>
          <div>Bajo</div>
        </th>
        <th colspan="1" rowspan="1" class="risk-1">Cookie Without Secure Flag</th>
      </tr>
      <tr>
        <td colspan="1" rowspan="1" width="20%">Descripción</td>
        <td colspan="1" rowspan="1" width="80%">
          <div>A cookie has been set without the secure flag, which means that the cookie can be accessed via unencrypted connections.</div>
        </td>
      </tr>
      <tr valign="top">
        <td colspan="2" rowspan="1"/>
      </tr>
      <tr>
        <td colspan="1" rowspan="1" class="indent1" width="20%">URL</td>
        <td colspan="1" rowspan="1" width="80%">
          <a shape="rect" href="https://todo.ly/">https://todo.ly/</a>
        </td>
      </tr>
      <tr>
        <td colspan="1" rowspan="1" class="indent2" width="20%">Método</td>
        <td colspan="1" rowspan="1" width="80%">GET</td>
      </tr>
      <tr>
        <td colspan="1" rowspan="1" class="indent2" width="20%">Parámetros</td>
        <td colspan="1" rowspan="1" width="80%">ASP.NET_SessionId</td>
      </tr>
      <tr>
        <td colspan="1" rowspan="1" class="indent2" width="20%">Ataque</td>
        <td colspan="1" rowspan="1" width="80%"/>
      </tr>
      <tr>
        <td colspan="1" rowspan="1" class="indent2" width="20%">Evidencia</td>
        <td colspan="1" rowspan="1" width="80%">Set-Cookie: ASP.NET_SessionId</td>
      </tr>
      <tr>
        <td colspan="1" rowspan="1" class="indent2" width="20%">Other Info</td>
        <td colspan="1" rowspan="1" width="80%"/>
      </tr>
      <tr>
        <td colspan="1" rowspan="1" class="indent1" width="20%">URL</td>
        <td colspan="1" rowspan="1" width="80%">
          <a shape="rect" href="https://todo.ly/">https://todo.ly/</a>
        </td>
      </tr>
      <tr>
        <td colspan="1" rowspan="1" class="indent2" width="20%">Método</td>
        <td colspan="1" rowspan="1" width="80%">POST</td>
      </tr>
      <tr>
        <td colspan="1" rowspan="1" class="indent2" width="20%">Parámetros</td>
        <td colspan="1" rowspan="1" width="80%">.ASPXAUTH</td>
      </tr>
      <tr>
        <td colspan="1" rowspan="1" class="indent2" width="20%">Ataque</td>
        <td colspan="1" rowspan="1" width="80%"/>
      </tr>
      <tr>
        <td colspan="1" rowspan="1" class="indent2" width="20%">Evidencia</td>
        <td colspan="1" rowspan="1" width="80%">Set-Cookie: .ASPXAUTH</td>
      </tr>
      <tr>
        <td colspan="1" rowspan="1" class="indent2" width="20%">Other Info</td>
        <td colspan="1" rowspan="1" width="80%"/>
      </tr>
      <tr>
        <td colspan="1" rowspan="1" width="20%">Instancia</td>
        <td colspan="1" rowspan="1" width="80%">2</td>
      </tr>
      <tr>
        <td colspan="1" rowspan="1" width="20%">Solución</td>
        <td colspan="1" rowspan="1" width="80%">
          <div>Whenever a cookie contains sensitive information or is a session token, then it should always be passed using an encrypted channel. Ensure that the secure flag is set for cookies containing such sensitive information.</div>
        </td>
      </tr>
      <tr>
        <td colspan="1" rowspan="1" width="20%">Referencia</td>
        <td colspan="1" rowspan="1" width="80%">
          <a shape="rect" href="https://owasp.org/www-project-web-security-testing-guide/v41/4-Web_Application_Security_Testing/06-Session_Management_Testing/02-Testing_for_Cookies_Attributes.html">https://owasp.org/www-project-web-security-testing-guide/v41/4-Web_Application_Security_Testing/06-Session_Management_Testing/02-Testing_for_Cookies_Attributes.html</a>
        </td>
      </tr>
      <tr>
        <td colspan="1" rowspan="1" width="20%">CWE Id</td>
        <td colspan="1" rowspan="1" width="80%">
          <a shape="rect" href="https://cwe.mitre.org/data/definitions/614.html">614</a>
        </td>
      </tr>
      <tr>
        <td colspan="1" rowspan="1" width="20%">WASC Id</td>
        <td colspan="1" rowspan="1" width="80%">13</td>
      </tr>
      <tr>
        <td colspan="1" rowspan="1" width="20%">Plugin Id</td>
        <td colspan="1" rowspan="1" width="80%">
          <a shape="rect" href="https://www.zaproxy.org/docs/alerts/10011/">10011</a>
        </td>
      </tr>
    </table>
    <div class="spacer"/>
    <table class="results">
      <tr height="24">
        <th colspan="1" rowspan="1" class="risk-1" width="20%">
          <a shape="rect" id="10054"/>
          <div>Bajo</div>
        </th>
        <th colspan="1" rowspan="1" class="risk-1">Cookie con el atributo SameSite a None</th>
      </tr>
      <tr>
        <td colspan="1" rowspan="1" width="20%">Descripción</td>
        <td colspan="1" rowspan="1" width="80%">
          <div>A cookie has been set with its SameSite attribute set to "none", which means that the cookie can be sent as a result of a 'cross-site' request. The SameSite attribute is an effective counter measure to cross-site request forgery, cross-site script inclusion, and timing attacks.</div>
        </td>
      </tr>
      <tr valign="top">
        <td colspan="2" rowspan="1"/>
      </tr>
      <tr>
        <td colspan="1" rowspan="1" class="indent1" width="20%">URL</td>
        <td colspan="1" rowspan="1" width="80%">
          <a shape="rect" href="https://play.google.com/log?format=json&amp;hasfast=true">https://play.google.com/log?format=json&amp;hasfast=true</a>
        </td>
      </tr>
      <tr>
        <td colspan="1" rowspan="1" class="indent2" width="20%">Método</td>
        <td colspan="1" rowspan="1" width="80%">POST</td>
      </tr>
      <tr>
        <td colspan="1" rowspan="1" class="indent2" width="20%">Parámetros</td>
        <td colspan="1" rowspan="1" width="80%">NID</td>
      </tr>
      <tr>
        <td colspan="1" rowspan="1" class="indent2" width="20%">Ataque</td>
        <td colspan="1" rowspan="1" width="80%"/>
      </tr>
      <tr>
        <td colspan="1" rowspan="1" class="indent2" width="20%">Evidencia</td>
        <td colspan="1" rowspan="1" width="80%">Set-Cookie: NID</td>
      </tr>
      <tr>
        <td colspan="1" rowspan="1" class="indent2" width="20%">Other Info</td>
        <td colspan="1" rowspan="1" width="80%"/>
      </tr>
      <tr>
        <td colspan="1" rowspan="1" width="20%">Instancia</td>
        <td colspan="1" rowspan="1" width="80%">1</td>
      </tr>
      <tr>
        <td colspan="1" rowspan="1" width="20%">Solución</td>
        <td colspan="1" rowspan="1" width="80%">
          <div>Asegúrese que el atributo SameSite está establecido como 'lax' o idealmente 'strict' para todas las cookies.</div>
        </td>
      </tr>
      <tr>
        <td colspan="1" rowspan="1" width="20%">Referencia</td>
        <td colspan="1" rowspan="1" width="80%">
          <a shape="rect" href="https://tools.ietf.org/html/draft-ietf-httpbis-cookie-same-site">https://tools.ietf.org/html/draft-ietf-httpbis-cookie-same-site</a>
        </td>
      </tr>
      <tr>
        <td colspan="1" rowspan="1" width="20%">CWE Id</td>
        <td colspan="1" rowspan="1" width="80%">
          <a shape="rect" href="https://cwe.mitre.org/data/definitions/1275.html">1275</a>
        </td>
      </tr>
      <tr>
        <td colspan="1" rowspan="1" width="20%">WASC Id</td>
        <td colspan="1" rowspan="1" width="80%">13</td>
      </tr>
      <tr>
        <td colspan="1" rowspan="1" width="20%">Plugin Id</td>
        <td colspan="1" rowspan="1" width="80%">
          <a shape="rect" href="https://www.zaproxy.org/docs/alerts/10054/">10054</a>
        </td>
      </tr>
    </table>
    <div class="spacer"/>
    <table class="results">
      <tr height="24">
        <th colspan="1" rowspan="1" class="risk-1" width="20%">
          <a shape="rect" id="10017"/>
          <div>Bajo</div>
        </th>
        <th colspan="1" rowspan="1" class="risk-1">Cross-Domain JavaScript Source File Inclusion</th>
      </tr>
      <tr>
        <td colspan="1" rowspan="1" width="20%">Descripción</td>
        <td colspan="1" rowspan="1" width="80%">
          <div>The page includes one or more script files from a third-party domain.</div>
        </td>
      </tr>
      <tr valign="top">
        <td colspan="2" rowspan="1"/>
      </tr>
      <tr>
        <td colspan="1" rowspan="1" class="indent1" width="20%">URL</td>
        <td colspan="1" rowspan="1" width="80%">
          <a shape="rect" href="https://demo.owasp-juice.shop/">https://demo.owasp-juice.shop/</a>
        </td>
      </tr>
      <tr>
        <td colspan="1" rowspan="1" class="indent2" width="20%">Método</td>
        <td colspan="1" rowspan="1" width="80%">GET</td>
      </tr>
      <tr>
        <td colspan="1" rowspan="1" class="indent2" width="20%">Parámetros</td>
        <td colspan="1" rowspan="1" width="80%">//cdnjs.cloudflare.com/ajax/libs/cookieconsent2/3.1.0/cookieconsent.min.js</td>
      </tr>
      <tr>
        <td colspan="1" rowspan="1" class="indent2" width="20%">Ataque</td>
        <td colspan="1" rowspan="1" width="80%"/>
      </tr>
      <tr>
        <td colspan="1" rowspan="1" class="indent2" width="20%">Evidencia</td>
        <td colspan="1" rowspan="1" width="80%">&lt;script src="//cdnjs.cloudflare.com/ajax/libs/cookieconsent2/3.1.0/cookieconsent.min.js"&gt;&lt;/script&gt;</td>
      </tr>
      <tr>
        <td colspan="1" rowspan="1" class="indent2" width="20%">Other Info</td>
        <td colspan="1" rowspan="1" width="80%"/>
      </tr>
      <tr>
        <td colspan="1" rowspan="1" class="indent1" width="20%">URL</td>
        <td colspan="1" rowspan="1" width="80%">
          <a shape="rect" href="https://demo.owasp-juice.shop/">https://demo.owasp-juice.shop/</a>
        </td>
      </tr>
      <tr>
        <td colspan="1" rowspan="1" class="indent2" width="20%">Método</td>
        <td colspan="1" rowspan="1" width="80%">GET</td>
      </tr>
      <tr>
        <td colspan="1" rowspan="1" class="indent2" width="20%">Parámetros</td>
        <td colspan="1" rowspan="1" width="80%">//cdnjs.cloudflare.com/ajax/libs/jquery/2.2.4/jquery.min.js</td>
      </tr>
      <tr>
        <td colspan="1" rowspan="1" class="indent2" width="20%">Ataque</td>
        <td colspan="1" rowspan="1" width="80%"/>
      </tr>
      <tr>
        <td colspan="1" rowspan="1" class="indent2" width="20%">Evidencia</td>
        <td colspan="1" rowspan="1" width="80%">&lt;script src="//cdnjs.cloudflare.com/ajax/libs/jquery/2.2.4/jquery.min.js"&gt;&lt;/script&gt;</td>
      </tr>
      <tr>
        <td colspan="1" rowspan="1" class="indent2" width="20%">Other Info</td>
        <td colspan="1" rowspan="1" width="80%"/>
      </tr>
      <tr>
        <td colspan="1" rowspan="1" width="20%">Instancia</td>
        <td colspan="1" rowspan="1" width="80%">2</td>
      </tr>
      <tr>
        <td colspan="1" rowspan="1" width="20%">Solución</td>
        <td colspan="1" rowspan="1" width="80%">
          <div>Ensure JavaScript source files are loaded from only trusted sources, and the sources can't be controlled by end users of the application.</div>
        </td>
      </tr>
      <tr>
        <td colspan="1" rowspan="1" width="20%">Referencia</td>
        <td colspan="1" rowspan="1" width="80%"/>
      </tr>
      <tr>
        <td colspan="1" rowspan="1" width="20%">CWE Id</td>
        <td colspan="1" rowspan="1" width="80%">
          <a shape="rect" href="https://cwe.mitre.org/data/definitions/829.html">829</a>
        </td>
      </tr>
      <tr>
        <td colspan="1" rowspan="1" width="20%">WASC Id</td>
        <td colspan="1" rowspan="1" width="80%">15</td>
      </tr>
      <tr>
        <td colspan="1" rowspan="1" width="20%">Plugin Id</td>
        <td colspan="1" rowspan="1" width="80%">
          <a shape="rect" href="https://www.zaproxy.org/docs/alerts/10017/">10017</a>
        </td>
      </tr>
    </table>
    <div class="spacer"/>
    <table class="results">
      <tr height="24">
        <th colspan="1" rowspan="1" class="risk-1" width="20%">
          <a shape="rect" id="90027"/>
          <div>Bajo</div>
        </th>
        <th colspan="1" rowspan="1" class="risk-1">Detector de Cookie Slack</th>
      </tr>
      <tr>
        <td colspan="1" rowspan="1" width="20%">Descripción</td>
        <td colspan="1" rowspan="1" width="80%">
          <div>Peticiones GET repetidas: crean una cookie diferente, seguida de una solicitud normal con todas las cookies para estabilizar la sesión, compara las respuestas con el GET original. Esto puede revelar áreas donde la autenticación o los atributos basados en cookies no se apliquen.</div>
        </td>
      </tr>
      <tr valign="top">
        <td colspan="2" rowspan="1"/>
      </tr>
      <tr>
        <td colspan="1" rowspan="1" class="indent1" width="20%">URL</td>
        <td colspan="1" rowspan="1" width="80%">
          <a shape="rect" href="https://todo.ly">https://todo.ly</a>
        </td>
      </tr>
      <tr>
        <td colspan="1" rowspan="1" class="indent2" width="20%">Método</td>
        <td colspan="1" rowspan="1" width="80%">GET</td>
      </tr>
      <tr>
        <td colspan="1" rowspan="1" class="indent2" width="20%">Parámetros</td>
        <td colspan="1" rowspan="1" width="80%"/>
      </tr>
      <tr>
        <td colspan="1" rowspan="1" class="indent2" width="20%">Ataque</td>
        <td colspan="1" rowspan="1" width="80%"/>
      </tr>
      <tr>
        <td colspan="1" rowspan="1" class="indent2" width="20%">Evidencia</td>
        <td colspan="1" rowspan="1" width="80%"/>
      </tr>
      <tr>
        <td colspan="1" rowspan="1" class="indent2" width="20%">Other Info</td>
        <td colspan="1" rowspan="1" width="80%">NOTA: Debido a su nombre, esta cookie puede ser importante, pero eliminarla parece no tener efecto: [ASP.NET_SessionId] 
Las cookies que no tienen efectos esperados pueden revelar defectos en la lógica de la aplicación. En el peor de los casos, esto puede revelar donde la autenticación por token(s) de cookies no se aplican realmente. Estas cookies influyen en la respuesta: 
Estas cookies NO influyen en la respuesta: ASP.NET_SessionId
</td>
      </tr>
      <tr>
        <td colspan="1" rowspan="1" class="indent1" width="20%">URL</td>
        <td colspan="1" rowspan="1" width="80%">
          <a shape="rect" href="https://todo.ly/">https://todo.ly/</a>
        </td>
      </tr>
      <tr>
        <td colspan="1" rowspan="1" class="indent2" width="20%">Método</td>
        <td colspan="1" rowspan="1" width="80%">GET</td>
      </tr>
      <tr>
        <td colspan="1" rowspan="1" class="indent2" width="20%">Parámetros</td>
        <td colspan="1" rowspan="1" width="80%"/>
      </tr>
      <tr>
        <td colspan="1" rowspan="1" class="indent2" width="20%">Ataque</td>
        <td colspan="1" rowspan="1" width="80%"/>
      </tr>
      <tr>
        <td colspan="1" rowspan="1" class="indent2" width="20%">Evidencia</td>
        <td colspan="1" rowspan="1" width="80%"/>
      </tr>
      <tr>
        <td colspan="1" rowspan="1" class="indent2" width="20%">Other Info</td>
        <td colspan="1" rowspan="1" width="80%">NOTA: Debido a su nombre, esta cookie puede ser importante, pero eliminarla parece no tener efecto: [ASP.NET_SessionId] 
Las cookies que no tienen efectos esperados pueden revelar defectos en la lógica de la aplicación. En el peor de los casos, esto puede revelar donde la autenticación por token(s) de cookies no se aplican realmente. Estas cookies influyen en la respuesta: .ASPXAUTH
Estas cookies NO influyen en la respuesta: ASP.NET_SessionId,__utmz,__utmt,__utmb,__utmc,__utma
</td>
      </tr>
      <tr>
        <td colspan="1" rowspan="1" class="indent1" width="20%">URL</td>
        <td colspan="1" rowspan="1" width="80%">
          <a shape="rect" href="https://todo.ly/favicon.ico">https://todo.ly/favicon.ico</a>
        </td>
      </tr>
      <tr>
        <td colspan="1" rowspan="1" class="indent2" width="20%">Método</td>
        <td colspan="1" rowspan="1" width="80%">GET</td>
      </tr>
      <tr>
        <td colspan="1" rowspan="1" class="indent2" width="20%">Parámetros</td>
        <td colspan="1" rowspan="1" width="80%"/>
      </tr>
      <tr>
        <td colspan="1" rowspan="1" class="indent2" width="20%">Ataque</td>
        <td colspan="1" rowspan="1" width="80%"/>
      </tr>
      <tr>
        <td colspan="1" rowspan="1" class="indent2" width="20%">Evidencia</td>
        <td colspan="1" rowspan="1" width="80%"/>
      </tr>
      <tr>
        <td colspan="1" rowspan="1" class="indent2" width="20%">Other Info</td>
        <td colspan="1" rowspan="1" width="80%">NOTA: Debido a su nombre, esta cookie puede ser importante, pero eliminarla parece no tener efecto: [ASP.NET_SessionId] 
Las cookies que no tienen efectos esperados pueden revelar defectos en la lógica de la aplicación. En el peor de los casos, esto puede revelar donde la autenticación por token(s) de cookies no se aplican realmente. Estas cookies influyen en la respuesta: 
Estas cookies NO influyen en la respuesta: ASP.NET_SessionId,__utmz,__utmt,__utmb,__utmc,__utma
</td>
      </tr>
      <tr>
        <td colspan="1" rowspan="1" class="indent1" width="20%">URL</td>
        <td colspan="1" rowspan="1" width="80%">
          <a shape="rect" href="https://todo.ly/Images">https://todo.ly/Images</a>
        </td>
      </tr>
      <tr>
        <td colspan="1" rowspan="1" class="indent2" width="20%">Método</td>
        <td colspan="1" rowspan="1" width="80%">GET</td>
      </tr>
      <tr>
        <td colspan="1" rowspan="1" class="indent2" width="20%">Parámetros</td>
        <td colspan="1" rowspan="1" width="80%"/>
      </tr>
      <tr>
        <td colspan="1" rowspan="1" class="indent2" width="20%">Ataque</td>
        <td colspan="1" rowspan="1" width="80%"/>
      </tr>
      <tr>
        <td colspan="1" rowspan="1" class="indent2" width="20%">Evidencia</td>
        <td colspan="1" rowspan="1" width="80%"/>
      </tr>
      <tr>
        <td colspan="1" rowspan="1" class="indent2" width="20%">Other Info</td>
        <td colspan="1" rowspan="1" width="80%">NOTA: Debido a su nombre, esta cookie puede ser importante, pero eliminarla parece no tener efecto: [ASP.NET_SessionId] 
Las cookies que no tienen efectos esperados pueden revelar defectos en la lógica de la aplicación. En el peor de los casos, esto puede revelar donde la autenticación por token(s) de cookies no se aplican realmente. Estas cookies influyen en la respuesta: 
Estas cookies NO influyen en la respuesta: ASP.NET_SessionId
</td>
      </tr>
      <tr>
        <td colspan="1" rowspan="1" class="indent1" width="20%">URL</td>
        <td colspan="1" rowspan="1" width="80%">
          <a shape="rect" href="https://todo.ly/Images/AddItemBox4.png">https://todo.ly/Images/AddItemBox4.png</a>
        </td>
      </tr>
      <tr>
        <td colspan="1" rowspan="1" class="indent2" width="20%">Método</td>
        <td colspan="1" rowspan="1" width="80%">GET</td>
      </tr>
      <tr>
        <td colspan="1" rowspan="1" class="indent2" width="20%">Parámetros</td>
        <td colspan="1" rowspan="1" width="80%"/>
      </tr>
      <tr>
        <td colspan="1" rowspan="1" class="indent2" width="20%">Ataque</td>
        <td colspan="1" rowspan="1" width="80%"/>
      </tr>
      <tr>
        <td colspan="1" rowspan="1" class="indent2" width="20%">Evidencia</td>
        <td colspan="1" rowspan="1" width="80%"/>
      </tr>
      <tr>
        <td colspan="1" rowspan="1" class="indent2" width="20%">Other Info</td>
        <td colspan="1" rowspan="1" width="80%">NOTA: Debido a su nombre, esta cookie puede ser importante, pero eliminarla parece no tener efecto: [ASP.NET_SessionId] 
Las cookies que no tienen efectos esperados pueden revelar defectos en la lógica de la aplicación. En el peor de los casos, esto puede revelar donde la autenticación por token(s) de cookies no se aplican realmente. Estas cookies influyen en la respuesta: 
Estas cookies NO influyen en la respuesta: ASP.NET_SessionId,__utmz,.ASPXAUTH,__utmt,__utmb,__utmc,__utma
</td>
      </tr>
      <tr>
        <td colspan="1" rowspan="1" class="indent1" width="20%">URL</td>
        <td colspan="1" rowspan="1" width="80%">
          <a shape="rect" href="https://todo.ly/Images/AddItemBoxMoreNew.png">https://todo.ly/Images/AddItemBoxMoreNew.png</a>
        </td>
      </tr>
      <tr>
        <td colspan="1" rowspan="1" class="indent2" width="20%">Método</td>
        <td colspan="1" rowspan="1" width="80%">GET</td>
      </tr>
      <tr>
        <td colspan="1" rowspan="1" class="indent2" width="20%">Parámetros</td>
        <td colspan="1" rowspan="1" width="80%"/>
      </tr>
      <tr>
        <td colspan="1" rowspan="1" class="indent2" width="20%">Ataque</td>
        <td colspan="1" rowspan="1" width="80%"/>
      </tr>
      <tr>
        <td colspan="1" rowspan="1" class="indent2" width="20%">Evidencia</td>
        <td colspan="1" rowspan="1" width="80%"/>
      </tr>
      <tr>
        <td colspan="1" rowspan="1" class="indent2" width="20%">Other Info</td>
        <td colspan="1" rowspan="1" width="80%">NOTA: Debido a su nombre, esta cookie puede ser importante, pero eliminarla parece no tener efecto: [ASP.NET_SessionId] 
Las cookies que no tienen efectos esperados pueden revelar defectos en la lógica de la aplicación. En el peor de los casos, esto puede revelar donde la autenticación por token(s) de cookies no se aplican realmente. Estas cookies influyen en la respuesta: 
Estas cookies NO influyen en la respuesta: ASP.NET_SessionId,__utmz,.ASPXAUTH,__utmt,__utmb,__utmc,__utma
</td>
      </tr>
      <tr>
        <td colspan="1" rowspan="1" class="indent1" width="20%">URL</td>
        <td colspan="1" rowspan="1" width="80%">
          <a shape="rect" href="https://todo.ly/images/AddItemChecbox.png">https://todo.ly/images/AddItemChecbox.png</a>
        </td>
      </tr>
      <tr>
        <td colspan="1" rowspan="1" class="indent2" width="20%">Método</td>
        <td colspan="1" rowspan="1" width="80%">GET</td>
      </tr>
      <tr>
        <td colspan="1" rowspan="1" class="indent2" width="20%">Parámetros</td>
        <td colspan="1" rowspan="1" width="80%"/>
      </tr>
      <tr>
        <td colspan="1" rowspan="1" class="indent2" width="20%">Ataque</td>
        <td colspan="1" rowspan="1" width="80%"/>
      </tr>
      <tr>
        <td colspan="1" rowspan="1" class="indent2" width="20%">Evidencia</td>
        <td colspan="1" rowspan="1" width="80%"/>
      </tr>
      <tr>
        <td colspan="1" rowspan="1" class="indent2" width="20%">Other Info</td>
        <td colspan="1" rowspan="1" width="80%">NOTA: Debido a su nombre, esta cookie puede ser importante, pero eliminarla parece no tener efecto: [ASP.NET_SessionId] 
Las cookies que no tienen efectos esperados pueden revelar defectos en la lógica de la aplicación. En el peor de los casos, esto puede revelar donde la autenticación por token(s) de cookies no se aplican realmente. Estas cookies influyen en la respuesta: 
Estas cookies NO influyen en la respuesta: ASP.NET_SessionId,__utmz,.ASPXAUTH,__utmt,__utmb,__utmc,__utma
</td>
      </tr>
      <tr>
        <td colspan="1" rowspan="1" class="indent1" width="20%">URL</td>
        <td colspan="1" rowspan="1" width="80%">
          <a shape="rect" href="https://todo.ly/Images/AddItemTypeHere.png">https://todo.ly/Images/AddItemTypeHere.png</a>
        </td>
      </tr>
      <tr>
        <td colspan="1" rowspan="1" class="indent2" width="20%">Método</td>
        <td colspan="1" rowspan="1" width="80%">GET</td>
      </tr>
      <tr>
        <td colspan="1" rowspan="1" class="indent2" width="20%">Parámetros</td>
        <td colspan="1" rowspan="1" width="80%"/>
      </tr>
      <tr>
        <td colspan="1" rowspan="1" class="indent2" width="20%">Ataque</td>
        <td colspan="1" rowspan="1" width="80%"/>
      </tr>
      <tr>
        <td colspan="1" rowspan="1" class="indent2" width="20%">Evidencia</td>
        <td colspan="1" rowspan="1" width="80%"/>
      </tr>
      <tr>
        <td colspan="1" rowspan="1" class="indent2" width="20%">Other Info</td>
        <td colspan="1" rowspan="1" width="80%">NOTA: Debido a su nombre, esta cookie puede ser importante, pero eliminarla parece no tener efecto: [ASP.NET_SessionId] 
Las cookies que no tienen efectos esperados pueden revelar defectos en la lógica de la aplicación. En el peor de los casos, esto puede revelar donde la autenticación por token(s) de cookies no se aplican realmente. Estas cookies influyen en la respuesta: 
Estas cookies NO influyen en la respuesta: ASP.NET_SessionId,__utmz,.ASPXAUTH,__utmt,__utmb,__utmc,__utma
</td>
      </tr>
      <tr>
        <td colspan="1" rowspan="1" class="indent1" width="20%">URL</td>
        <td colspan="1" rowspan="1" width="80%">
          <a shape="rect" href="https://todo.ly/images/alarm.png">https://todo.ly/images/alarm.png</a>
        </td>
      </tr>
      <tr>
        <td colspan="1" rowspan="1" class="indent2" width="20%">Método</td>
        <td colspan="1" rowspan="1" width="80%">GET</td>
      </tr>
      <tr>
        <td colspan="1" rowspan="1" class="indent2" width="20%">Parámetros</td>
        <td colspan="1" rowspan="1" width="80%"/>
      </tr>
      <tr>
        <td colspan="1" rowspan="1" class="indent2" width="20%">Ataque</td>
        <td colspan="1" rowspan="1" width="80%"/>
      </tr>
      <tr>
        <td colspan="1" rowspan="1" class="indent2" width="20%">Evidencia</td>
        <td colspan="1" rowspan="1" width="80%"/>
      </tr>
      <tr>
        <td colspan="1" rowspan="1" class="indent2" width="20%">Other Info</td>
        <td colspan="1" rowspan="1" width="80%">NOTA: Debido a su nombre, esta cookie puede ser importante, pero eliminarla parece no tener efecto: [ASP.NET_SessionId] 
Las cookies que no tienen efectos esperados pueden revelar defectos en la lógica de la aplicación. En el peor de los casos, esto puede revelar donde la autenticación por token(s) de cookies no se aplican realmente. Estas cookies influyen en la respuesta: 
Estas cookies NO influyen en la respuesta: ASP.NET_SessionId,__utmz,.ASPXAUTH,__utmt,__utmb,__utmc,__utma
</td>
      </tr>
      <tr>
        <td colspan="1" rowspan="1" class="indent1" width="20%">URL</td>
        <td colspan="1" rowspan="1" width="80%">
          <a shape="rect" href="https://todo.ly/Images/arrow_blue_down.png">https://todo.ly/Images/arrow_blue_down.png</a>
        </td>
      </tr>
      <tr>
        <td colspan="1" rowspan="1" class="indent2" width="20%">Método</td>
        <td colspan="1" rowspan="1" width="80%">GET</td>
      </tr>
      <tr>
        <td colspan="1" rowspan="1" class="indent2" width="20%">Parámetros</td>
        <td colspan="1" rowspan="1" width="80%"/>
      </tr>
      <tr>
        <td colspan="1" rowspan="1" class="indent2" width="20%">Ataque</td>
        <td colspan="1" rowspan="1" width="80%"/>
      </tr>
      <tr>
        <td colspan="1" rowspan="1" class="indent2" width="20%">Evidencia</td>
        <td colspan="1" rowspan="1" width="80%"/>
      </tr>
      <tr>
        <td colspan="1" rowspan="1" class="indent2" width="20%">Other Info</td>
        <td colspan="1" rowspan="1" width="80%">NOTA: Debido a su nombre, esta cookie puede ser importante, pero eliminarla parece no tener efecto: [ASP.NET_SessionId] 
Las cookies que no tienen efectos esperados pueden revelar defectos en la lógica de la aplicación. En el peor de los casos, esto puede revelar donde la autenticación por token(s) de cookies no se aplican realmente. Estas cookies influyen en la respuesta: 
Estas cookies NO influyen en la respuesta: ASP.NET_SessionId,__utmz,.ASPXAUTH,__utmt,__utmb,__utmc,__utma
</td>
      </tr>
      <tr>
        <td colspan="1" rowspan="1" class="indent1" width="20%">URL</td>
        <td colspan="1" rowspan="1" width="80%">
          <a shape="rect" href="https://todo.ly/Images/bigicons">https://todo.ly/Images/bigicons</a>
        </td>
      </tr>
      <tr>
        <td colspan="1" rowspan="1" class="indent2" width="20%">Método</td>
        <td colspan="1" rowspan="1" width="80%">GET</td>
      </tr>
      <tr>
        <td colspan="1" rowspan="1" class="indent2" width="20%">Parámetros</td>
        <td colspan="1" rowspan="1" width="80%"/>
      </tr>
      <tr>
        <td colspan="1" rowspan="1" class="indent2" width="20%">Ataque</td>
        <td colspan="1" rowspan="1" width="80%"/>
      </tr>
      <tr>
        <td colspan="1" rowspan="1" class="indent2" width="20%">Evidencia</td>
        <td colspan="1" rowspan="1" width="80%"/>
      </tr>
      <tr>
        <td colspan="1" rowspan="1" class="indent2" width="20%">Other Info</td>
        <td colspan="1" rowspan="1" width="80%">NOTA: Debido a su nombre, esta cookie puede ser importante, pero eliminarla parece no tener efecto: [ASP.NET_SessionId] 
Las cookies que no tienen efectos esperados pueden revelar defectos en la lógica de la aplicación. En el peor de los casos, esto puede revelar donde la autenticación por token(s) de cookies no se aplican realmente. Estas cookies influyen en la respuesta: 
Estas cookies NO influyen en la respuesta: ASP.NET_SessionId
</td>
      </tr>
      <tr>
        <td colspan="1" rowspan="1" class="indent1" width="20%">URL</td>
        <td colspan="1" rowspan="1" width="80%">
          <a shape="rect" href="https://todo.ly/Images/bigicons/creditcart1.png">https://todo.ly/Images/bigicons/creditcart1.png</a>
        </td>
      </tr>
      <tr>
        <td colspan="1" rowspan="1" class="indent2" width="20%">Método</td>
        <td colspan="1" rowspan="1" width="80%">GET</td>
      </tr>
      <tr>
        <td colspan="1" rowspan="1" class="indent2" width="20%">Parámetros</td>
        <td colspan="1" rowspan="1" width="80%"/>
      </tr>
      <tr>
        <td colspan="1" rowspan="1" class="indent2" width="20%">Ataque</td>
        <td colspan="1" rowspan="1" width="80%"/>
      </tr>
      <tr>
        <td colspan="1" rowspan="1" class="indent2" width="20%">Evidencia</td>
        <td colspan="1" rowspan="1" width="80%"/>
      </tr>
      <tr>
        <td colspan="1" rowspan="1" class="indent2" width="20%">Other Info</td>
        <td colspan="1" rowspan="1" width="80%">NOTA: Debido a su nombre, esta cookie puede ser importante, pero eliminarla parece no tener efecto: [ASP.NET_SessionId] 
Las cookies que no tienen efectos esperados pueden revelar defectos en la lógica de la aplicación. En el peor de los casos, esto puede revelar donde la autenticación por token(s) de cookies no se aplican realmente. Estas cookies influyen en la respuesta: 
Estas cookies NO influyen en la respuesta: ASP.NET_SessionId
</td>
      </tr>
      <tr>
        <td colspan="1" rowspan="1" class="indent1" width="20%">URL</td>
        <td colspan="1" rowspan="1" width="80%">
          <a shape="rect" href="https://todo.ly/Images/bigicons/globe.png">https://todo.ly/Images/bigicons/globe.png</a>
        </td>
      </tr>
      <tr>
        <td colspan="1" rowspan="1" class="indent2" width="20%">Método</td>
        <td colspan="1" rowspan="1" width="80%">GET</td>
      </tr>
      <tr>
        <td colspan="1" rowspan="1" class="indent2" width="20%">Parámetros</td>
        <td colspan="1" rowspan="1" width="80%"/>
      </tr>
      <tr>
        <td colspan="1" rowspan="1" class="indent2" width="20%">Ataque</td>
        <td colspan="1" rowspan="1" width="80%"/>
      </tr>
      <tr>
        <td colspan="1" rowspan="1" class="indent2" width="20%">Evidencia</td>
        <td colspan="1" rowspan="1" width="80%"/>
      </tr>
      <tr>
        <td colspan="1" rowspan="1" class="indent2" width="20%">Other Info</td>
        <td colspan="1" rowspan="1" width="80%">NOTA: Debido a su nombre, esta cookie puede ser importante, pero eliminarla parece no tener efecto: [ASP.NET_SessionId] 
Las cookies que no tienen efectos esperados pueden revelar defectos en la lógica de la aplicación. En el peor de los casos, esto puede revelar donde la autenticación por token(s) de cookies no se aplican realmente. Estas cookies influyen en la respuesta: 
Estas cookies NO influyen en la respuesta: ASP.NET_SessionId
</td>
      </tr>
      <tr>
        <td colspan="1" rowspan="1" class="indent1" width="20%">URL</td>
        <td colspan="1" rowspan="1" width="80%">
          <a shape="rect" href="https://todo.ly/Images/bigicons/note.png">https://todo.ly/Images/bigicons/note.png</a>
        </td>
      </tr>
      <tr>
        <td colspan="1" rowspan="1" class="indent2" width="20%">Método</td>
        <td colspan="1" rowspan="1" width="80%">GET</td>
      </tr>
      <tr>
        <td colspan="1" rowspan="1" class="indent2" width="20%">Parámetros</td>
        <td colspan="1" rowspan="1" width="80%"/>
      </tr>
      <tr>
        <td colspan="1" rowspan="1" class="indent2" width="20%">Ataque</td>
        <td colspan="1" rowspan="1" width="80%"/>
      </tr>
      <tr>
        <td colspan="1" rowspan="1" class="indent2" width="20%">Evidencia</td>
        <td colspan="1" rowspan="1" width="80%"/>
      </tr>
      <tr>
        <td colspan="1" rowspan="1" class="indent2" width="20%">Other Info</td>
        <td colspan="1" rowspan="1" width="80%">NOTA: Debido a su nombre, esta cookie puede ser importante, pero eliminarla parece no tener efecto: [ASP.NET_SessionId] 
Las cookies que no tienen efectos esperados pueden revelar defectos en la lógica de la aplicación. En el peor de los casos, esto puede revelar donde la autenticación por token(s) de cookies no se aplican realmente. Estas cookies influyen en la respuesta: 
Estas cookies NO influyen en la respuesta: ASP.NET_SessionId
</td>
      </tr>
      <tr>
        <td colspan="1" rowspan="1" class="indent1" width="20%">URL</td>
        <td colspan="1" rowspan="1" width="80%">
          <a shape="rect" href="https://todo.ly/Images/bigicons/office_folders.png">https://todo.ly/Images/bigicons/office_folders.png</a>
        </td>
      </tr>
      <tr>
        <td colspan="1" rowspan="1" class="indent2" width="20%">Método</td>
        <td colspan="1" rowspan="1" width="80%">GET</td>
      </tr>
      <tr>
        <td colspan="1" rowspan="1" class="indent2" width="20%">Parámetros</td>
        <td colspan="1" rowspan="1" width="80%"/>
      </tr>
      <tr>
        <td colspan="1" rowspan="1" class="indent2" width="20%">Ataque</td>
        <td colspan="1" rowspan="1" width="80%"/>
      </tr>
      <tr>
        <td colspan="1" rowspan="1" class="indent2" width="20%">Evidencia</td>
        <td colspan="1" rowspan="1" width="80%"/>
      </tr>
      <tr>
        <td colspan="1" rowspan="1" class="indent2" width="20%">Other Info</td>
        <td colspan="1" rowspan="1" width="80%">NOTA: Debido a su nombre, esta cookie puede ser importante, pero eliminarla parece no tener efecto: [ASP.NET_SessionId] 
Las cookies que no tienen efectos esperados pueden revelar defectos en la lógica de la aplicación. En el peor de los casos, esto puede revelar donde la autenticación por token(s) de cookies no se aplican realmente. Estas cookies influyen en la respuesta: 
Estas cookies NO influyen en la respuesta: ASP.NET_SessionId
</td>
      </tr>
      <tr>
        <td colspan="1" rowspan="1" class="indent1" width="20%">URL</td>
        <td colspan="1" rowspan="1" width="80%">
          <a shape="rect" href="https://todo.ly/Images/delete.png">https://todo.ly/Images/delete.png</a>
        </td>
      </tr>
      <tr>
        <td colspan="1" rowspan="1" class="indent2" width="20%">Método</td>
        <td colspan="1" rowspan="1" width="80%">GET</td>
      </tr>
      <tr>
        <td colspan="1" rowspan="1" class="indent2" width="20%">Parámetros</td>
        <td colspan="1" rowspan="1" width="80%"/>
      </tr>
      <tr>
        <td colspan="1" rowspan="1" class="indent2" width="20%">Ataque</td>
        <td colspan="1" rowspan="1" width="80%"/>
      </tr>
      <tr>
        <td colspan="1" rowspan="1" class="indent2" width="20%">Evidencia</td>
        <td colspan="1" rowspan="1" width="80%"/>
      </tr>
      <tr>
        <td colspan="1" rowspan="1" class="indent2" width="20%">Other Info</td>
        <td colspan="1" rowspan="1" width="80%">NOTA: Debido a su nombre, esta cookie puede ser importante, pero eliminarla parece no tener efecto: [ASP.NET_SessionId] 
Las cookies que no tienen efectos esperados pueden revelar defectos en la lógica de la aplicación. En el peor de los casos, esto puede revelar donde la autenticación por token(s) de cookies no se aplican realmente. Estas cookies influyen en la respuesta: 
Estas cookies NO influyen en la respuesta: ASP.NET_SessionId,__utmz,.ASPXAUTH,__utmt,__utmb,__utmc,__utma
</td>
      </tr>
      <tr>
        <td colspan="1" rowspan="1" class="indent1" width="20%">URL</td>
        <td colspan="1" rowspan="1" width="80%">
          <a shape="rect" href="https://todo.ly/Images/design">https://todo.ly/Images/design</a>
        </td>
      </tr>
      <tr>
        <td colspan="1" rowspan="1" class="indent2" width="20%">Método</td>
        <td colspan="1" rowspan="1" width="80%">GET</td>
      </tr>
      <tr>
        <td colspan="1" rowspan="1" class="indent2" width="20%">Parámetros</td>
        <td colspan="1" rowspan="1" width="80%"/>
      </tr>
      <tr>
        <td colspan="1" rowspan="1" class="indent2" width="20%">Ataque</td>
        <td colspan="1" rowspan="1" width="80%"/>
      </tr>
      <tr>
        <td colspan="1" rowspan="1" class="indent2" width="20%">Evidencia</td>
        <td colspan="1" rowspan="1" width="80%"/>
      </tr>
      <tr>
        <td colspan="1" rowspan="1" class="indent2" width="20%">Other Info</td>
        <td colspan="1" rowspan="1" width="80%">NOTA: Debido a su nombre, esta cookie puede ser importante, pero eliminarla parece no tener efecto: [ASP.NET_SessionId] 
Las cookies que no tienen efectos esperados pueden revelar defectos en la lógica de la aplicación. En el peor de los casos, esto puede revelar donde la autenticación por token(s) de cookies no se aplican realmente. Estas cookies influyen en la respuesta: 
Estas cookies NO influyen en la respuesta: ASP.NET_SessionId
</td>
      </tr>
      <tr>
        <td colspan="1" rowspan="1" class="indent1" width="20%">URL</td>
        <td colspan="1" rowspan="1" width="80%">
          <a shape="rect" href="https://todo.ly/Images/design/LoginBtn.png">https://todo.ly/Images/design/LoginBtn.png</a>
        </td>
      </tr>
      <tr>
        <td colspan="1" rowspan="1" class="indent2" width="20%">Método</td>
        <td colspan="1" rowspan="1" width="80%">GET</td>
      </tr>
      <tr>
        <td colspan="1" rowspan="1" class="indent2" width="20%">Parámetros</td>
        <td colspan="1" rowspan="1" width="80%"/>
      </tr>
      <tr>
        <td colspan="1" rowspan="1" class="indent2" width="20%">Ataque</td>
        <td colspan="1" rowspan="1" width="80%"/>
      </tr>
      <tr>
        <td colspan="1" rowspan="1" class="indent2" width="20%">Evidencia</td>
        <td colspan="1" rowspan="1" width="80%"/>
      </tr>
      <tr>
        <td colspan="1" rowspan="1" class="indent2" width="20%">Other Info</td>
        <td colspan="1" rowspan="1" width="80%">NOTA: Debido a su nombre, esta cookie puede ser importante, pero eliminarla parece no tener efecto: [ASP.NET_SessionId] 
Las cookies que no tienen efectos esperados pueden revelar defectos en la lógica de la aplicación. En el peor de los casos, esto puede revelar donde la autenticación por token(s) de cookies no se aplican realmente. Estas cookies influyen en la respuesta: 
Estas cookies NO influyen en la respuesta: ASP.NET_SessionId
</td>
      </tr>
      <tr>
        <td colspan="1" rowspan="1" class="indent1" width="20%">URL</td>
        <td colspan="1" rowspan="1" width="80%">
          <a shape="rect" href="https://todo.ly/Images/design/LoginDivX.png">https://todo.ly/Images/design/LoginDivX.png</a>
        </td>
      </tr>
      <tr>
        <td colspan="1" rowspan="1" class="indent2" width="20%">Método</td>
        <td colspan="1" rowspan="1" width="80%">GET</td>
      </tr>
      <tr>
        <td colspan="1" rowspan="1" class="indent2" width="20%">Parámetros</td>
        <td colspan="1" rowspan="1" width="80%"/>
      </tr>
      <tr>
        <td colspan="1" rowspan="1" class="indent2" width="20%">Ataque</td>
        <td colspan="1" rowspan="1" width="80%"/>
      </tr>
      <tr>
        <td colspan="1" rowspan="1" class="indent2" width="20%">Evidencia</td>
        <td colspan="1" rowspan="1" width="80%"/>
      </tr>
      <tr>
        <td colspan="1" rowspan="1" class="indent2" width="20%">Other Info</td>
        <td colspan="1" rowspan="1" width="80%">NOTA: Debido a su nombre, esta cookie puede ser importante, pero eliminarla parece no tener efecto: [ASP.NET_SessionId] 
Las cookies que no tienen efectos esperados pueden revelar defectos en la lógica de la aplicación. En el peor de los casos, esto puede revelar donde la autenticación por token(s) de cookies no se aplican realmente. Estas cookies influyen en la respuesta: 
Estas cookies NO influyen en la respuesta: ASP.NET_SessionId
</td>
      </tr>
      <tr>
        <td colspan="1" rowspan="1" class="indent1" width="20%">URL</td>
        <td colspan="1" rowspan="1" width="80%">
          <a shape="rect" href="https://todo.ly/Images/design/pagelogin.png">https://todo.ly/Images/design/pagelogin.png</a>
        </td>
      </tr>
      <tr>
        <td colspan="1" rowspan="1" class="indent2" width="20%">Método</td>
        <td colspan="1" rowspan="1" width="80%">GET</td>
      </tr>
      <tr>
        <td colspan="1" rowspan="1" class="indent2" width="20%">Parámetros</td>
        <td colspan="1" rowspan="1" width="80%"/>
      </tr>
      <tr>
        <td colspan="1" rowspan="1" class="indent2" width="20%">Ataque</td>
        <td colspan="1" rowspan="1" width="80%"/>
      </tr>
      <tr>
        <td colspan="1" rowspan="1" class="indent2" width="20%">Evidencia</td>
        <td colspan="1" rowspan="1" width="80%"/>
      </tr>
      <tr>
        <td colspan="1" rowspan="1" class="indent2" width="20%">Other Info</td>
        <td colspan="1" rowspan="1" width="80%">NOTA: Debido a su nombre, esta cookie puede ser importante, pero eliminarla parece no tener efecto: [ASP.NET_SessionId] 
Las cookies que no tienen efectos esperados pueden revelar defectos en la lógica de la aplicación. En el peor de los casos, esto puede revelar donde la autenticación por token(s) de cookies no se aplican realmente. Estas cookies influyen en la respuesta: 
Estas cookies NO influyen en la respuesta: ASP.NET_SessionId
</td>
      </tr>
      <tr>
        <td colspan="1" rowspan="1" class="indent1" width="20%">URL</td>
        <td colspan="1" rowspan="1" width="80%">
          <a shape="rect" href="https://todo.ly/Images/design/pagesignup.png">https://todo.ly/Images/design/pagesignup.png</a>
        </td>
      </tr>
      <tr>
        <td colspan="1" rowspan="1" class="indent2" width="20%">Método</td>
        <td colspan="1" rowspan="1" width="80%">GET</td>
      </tr>
      <tr>
        <td colspan="1" rowspan="1" class="indent2" width="20%">Parámetros</td>
        <td colspan="1" rowspan="1" width="80%"/>
      </tr>
      <tr>
        <td colspan="1" rowspan="1" class="indent2" width="20%">Ataque</td>
        <td colspan="1" rowspan="1" width="80%"/>
      </tr>
      <tr>
        <td colspan="1" rowspan="1" class="indent2" width="20%">Evidencia</td>
        <td colspan="1" rowspan="1" width="80%"/>
      </tr>
      <tr>
        <td colspan="1" rowspan="1" class="indent2" width="20%">Other Info</td>
        <td colspan="1" rowspan="1" width="80%">NOTA: Debido a su nombre, esta cookie puede ser importante, pero eliminarla parece no tener efecto: [ASP.NET_SessionId] 
Las cookies que no tienen efectos esperados pueden revelar defectos en la lógica de la aplicación. En el peor de los casos, esto puede revelar donde la autenticación por token(s) de cookies no se aplican realmente. Estas cookies influyen en la respuesta: 
Estas cookies NO influyen en la respuesta: ASP.NET_SessionId
</td>
      </tr>
      <tr>
        <td colspan="1" rowspan="1" class="indent1" width="20%">URL</td>
        <td colspan="1" rowspan="1" width="80%">
          <a shape="rect" href="https://todo.ly/Images/design/pageTop1.png">https://todo.ly/Images/design/pageTop1.png</a>
        </td>
      </tr>
      <tr>
        <td colspan="1" rowspan="1" class="indent2" width="20%">Método</td>
        <td colspan="1" rowspan="1" width="80%">GET</td>
      </tr>
      <tr>
        <td colspan="1" rowspan="1" class="indent2" width="20%">Parámetros</td>
        <td colspan="1" rowspan="1" width="80%"/>
      </tr>
      <tr>
        <td colspan="1" rowspan="1" class="indent2" width="20%">Ataque</td>
        <td colspan="1" rowspan="1" width="80%"/>
      </tr>
      <tr>
        <td colspan="1" rowspan="1" class="indent2" width="20%">Evidencia</td>
        <td colspan="1" rowspan="1" width="80%"/>
      </tr>
      <tr>
        <td colspan="1" rowspan="1" class="indent2" width="20%">Other Info</td>
        <td colspan="1" rowspan="1" width="80%">NOTA: Debido a su nombre, esta cookie puede ser importante, pero eliminarla parece no tener efecto: [ASP.NET_SessionId] 
Las cookies que no tienen efectos esperados pueden revelar defectos en la lógica de la aplicación. En el peor de los casos, esto puede revelar donde la autenticación por token(s) de cookies no se aplican realmente. Estas cookies influyen en la respuesta: 
Estas cookies NO influyen en la respuesta: ASP.NET_SessionId
</td>
      </tr>
      <tr>
        <td colspan="1" rowspan="1" class="indent1" width="20%">URL</td>
        <td colspan="1" rowspan="1" width="80%">
          <a shape="rect" href="https://todo.ly/Images/design/pageTop2bg.png">https://todo.ly/Images/design/pageTop2bg.png</a>
        </td>
      </tr>
      <tr>
        <td colspan="1" rowspan="1" class="indent2" width="20%">Método</td>
        <td colspan="1" rowspan="1" width="80%">GET</td>
      </tr>
      <tr>
        <td colspan="1" rowspan="1" class="indent2" width="20%">Parámetros</td>
        <td colspan="1" rowspan="1" width="80%"/>
      </tr>
      <tr>
        <td colspan="1" rowspan="1" class="indent2" width="20%">Ataque</td>
        <td colspan="1" rowspan="1" width="80%"/>
      </tr>
      <tr>
        <td colspan="1" rowspan="1" class="indent2" width="20%">Evidencia</td>
        <td colspan="1" rowspan="1" width="80%"/>
      </tr>
      <tr>
        <td colspan="1" rowspan="1" class="indent2" width="20%">Other Info</td>
        <td colspan="1" rowspan="1" width="80%">NOTA: Debido a su nombre, esta cookie puede ser importante, pero eliminarla parece no tener efecto: [ASP.NET_SessionId] 
Las cookies que no tienen efectos esperados pueden revelar defectos en la lógica de la aplicación. En el peor de los casos, esto puede revelar donde la autenticación por token(s) de cookies no se aplican realmente. Estas cookies influyen en la respuesta: 
Estas cookies NO influyen en la respuesta: ASP.NET_SessionId
</td>
      </tr>
      <tr>
        <td colspan="1" rowspan="1" class="indent1" width="20%">URL</td>
        <td colspan="1" rowspan="1" width="80%">
          <a shape="rect" href="https://todo.ly/Images/design/pageTop3.png">https://todo.ly/Images/design/pageTop3.png</a>
        </td>
      </tr>
      <tr>
        <td colspan="1" rowspan="1" class="indent2" width="20%">Método</td>
        <td colspan="1" rowspan="1" width="80%">GET</td>
      </tr>
      <tr>
        <td colspan="1" rowspan="1" class="indent2" width="20%">Parámetros</td>
        <td colspan="1" rowspan="1" width="80%"/>
      </tr>
      <tr>
        <td colspan="1" rowspan="1" class="indent2" width="20%">Ataque</td>
        <td colspan="1" rowspan="1" width="80%"/>
      </tr>
      <tr>
        <td colspan="1" rowspan="1" class="indent2" width="20%">Evidencia</td>
        <td colspan="1" rowspan="1" width="80%"/>
      </tr>
      <tr>
        <td colspan="1" rowspan="1" class="indent2" width="20%">Other Info</td>
        <td colspan="1" rowspan="1" width="80%">NOTA: Debido a su nombre, esta cookie puede ser importante, pero eliminarla parece no tener efecto: [ASP.NET_SessionId] 
Las cookies que no tienen efectos esperados pueden revelar defectos en la lógica de la aplicación. En el peor de los casos, esto puede revelar donde la autenticación por token(s) de cookies no se aplican realmente. Estas cookies influyen en la respuesta: 
Estas cookies NO influyen en la respuesta: ASP.NET_SessionId
</td>
      </tr>
      <tr>
        <td colspan="1" rowspan="1" class="indent1" width="20%">URL</td>
        <td colspan="1" rowspan="1" width="80%">
          <a shape="rect" href="https://todo.ly/Images/design/pageTop3bg.png">https://todo.ly/Images/design/pageTop3bg.png</a>
        </td>
      </tr>
      <tr>
        <td colspan="1" rowspan="1" class="indent2" width="20%">Método</td>
        <td colspan="1" rowspan="1" width="80%">GET</td>
      </tr>
      <tr>
        <td colspan="1" rowspan="1" class="indent2" width="20%">Parámetros</td>
        <td colspan="1" rowspan="1" width="80%"/>
      </tr>
      <tr>
        <td colspan="1" rowspan="1" class="indent2" width="20%">Ataque</td>
        <td colspan="1" rowspan="1" width="80%"/>
      </tr>
      <tr>
        <td colspan="1" rowspan="1" class="indent2" width="20%">Evidencia</td>
        <td colspan="1" rowspan="1" width="80%"/>
      </tr>
      <tr>
        <td colspan="1" rowspan="1" class="indent2" width="20%">Other Info</td>
        <td colspan="1" rowspan="1" width="80%">NOTA: Debido a su nombre, esta cookie puede ser importante, pero eliminarla parece no tener efecto: [ASP.NET_SessionId] 
Las cookies que no tienen efectos esperados pueden revelar defectos en la lógica de la aplicación. En el peor de los casos, esto puede revelar donde la autenticación por token(s) de cookies no se aplican realmente. Estas cookies influyen en la respuesta: 
Estas cookies NO influyen en la respuesta: ASP.NET_SessionId
</td>
      </tr>
      <tr>
        <td colspan="1" rowspan="1" class="indent1" width="20%">URL</td>
        <td colspan="1" rowspan="1" width="80%">
          <a shape="rect" href="https://todo.ly/Images/design/pageTop4.png">https://todo.ly/Images/design/pageTop4.png</a>
        </td>
      </tr>
      <tr>
        <td colspan="1" rowspan="1" class="indent2" width="20%">Método</td>
        <td colspan="1" rowspan="1" width="80%">GET</td>
      </tr>
      <tr>
        <td colspan="1" rowspan="1" class="indent2" width="20%">Parámetros</td>
        <td colspan="1" rowspan="1" width="80%"/>
      </tr>
      <tr>
        <td colspan="1" rowspan="1" class="indent2" width="20%">Ataque</td>
        <td colspan="1" rowspan="1" width="80%"/>
      </tr>
      <tr>
        <td colspan="1" rowspan="1" class="indent2" width="20%">Evidencia</td>
        <td colspan="1" rowspan="1" width="80%"/>
      </tr>
      <tr>
        <td colspan="1" rowspan="1" class="indent2" width="20%">Other Info</td>
        <td colspan="1" rowspan="1" width="80%">NOTA: Debido a su nombre, esta cookie puede ser importante, pero eliminarla parece no tener efecto: [ASP.NET_SessionId] 
Las cookies que no tienen efectos esperados pueden revelar defectos en la lógica de la aplicación. En el peor de los casos, esto puede revelar donde la autenticación por token(s) de cookies no se aplican realmente. Estas cookies influyen en la respuesta: 
Estas cookies NO influyen en la respuesta: ASP.NET_SessionId
</td>
      </tr>
      <tr>
        <td colspan="1" rowspan="1" class="indent1" width="20%">URL</td>
        <td colspan="1" rowspan="1" width="80%">
          <a shape="rect" href="https://todo.ly/Images/design/pageTop5bg.png">https://todo.ly/Images/design/pageTop5bg.png</a>
        </td>
      </tr>
      <tr>
        <td colspan="1" rowspan="1" class="indent2" width="20%">Método</td>
        <td colspan="1" rowspan="1" width="80%">GET</td>
      </tr>
      <tr>
        <td colspan="1" rowspan="1" class="indent2" width="20%">Parámetros</td>
        <td colspan="1" rowspan="1" width="80%"/>
      </tr>
      <tr>
        <td colspan="1" rowspan="1" class="indent2" width="20%">Ataque</td>
        <td colspan="1" rowspan="1" width="80%"/>
      </tr>
      <tr>
        <td colspan="1" rowspan="1" class="indent2" width="20%">Evidencia</td>
        <td colspan="1" rowspan="1" width="80%"/>
      </tr>
      <tr>
        <td colspan="1" rowspan="1" class="indent2" width="20%">Other Info</td>
        <td colspan="1" rowspan="1" width="80%">NOTA: Debido a su nombre, esta cookie puede ser importante, pero eliminarla parece no tener efecto: [ASP.NET_SessionId] 
Las cookies que no tienen efectos esperados pueden revelar defectos en la lógica de la aplicación. En el peor de los casos, esto puede revelar donde la autenticación por token(s) de cookies no se aplican realmente. Estas cookies influyen en la respuesta: 
Estas cookies NO influyen en la respuesta: ASP.NET_SessionId
</td>
      </tr>
      <tr>
        <td colspan="1" rowspan="1" class="indent1" width="20%">URL</td>
        <td colspan="1" rowspan="1" width="80%">
          <a shape="rect" href="https://todo.ly/Images/design/pageTop6.png">https://todo.ly/Images/design/pageTop6.png</a>
        </td>
      </tr>
      <tr>
        <td colspan="1" rowspan="1" class="indent2" width="20%">Método</td>
        <td colspan="1" rowspan="1" width="80%">GET</td>
      </tr>
      <tr>
        <td colspan="1" rowspan="1" class="indent2" width="20%">Parámetros</td>
        <td colspan="1" rowspan="1" width="80%"/>
      </tr>
      <tr>
        <td colspan="1" rowspan="1" class="indent2" width="20%">Ataque</td>
        <td colspan="1" rowspan="1" width="80%"/>
      </tr>
      <tr>
        <td colspan="1" rowspan="1" class="indent2" width="20%">Evidencia</td>
        <td colspan="1" rowspan="1" width="80%"/>
      </tr>
      <tr>
        <td colspan="1" rowspan="1" class="indent2" width="20%">Other Info</td>
        <td colspan="1" rowspan="1" width="80%">NOTA: Debido a su nombre, esta cookie puede ser importante, pero eliminarla parece no tener efecto: [ASP.NET_SessionId] 
Las cookies que no tienen efectos esperados pueden revelar defectos en la lógica de la aplicación. En el peor de los casos, esto puede revelar donde la autenticación por token(s) de cookies no se aplican realmente. Estas cookies influyen en la respuesta: 
Estas cookies NO influyen en la respuesta: ASP.NET_SessionId,__utmz,__utmt,__utmb,__utmc,__utma
</td>
      </tr>
      <tr>
        <td colspan="1" rowspan="1" class="indent1" width="20%">URL</td>
        <td colspan="1" rowspan="1" width="80%">
          <a shape="rect" href="https://todo.ly/Images/design/SendBtn.png">https://todo.ly/Images/design/SendBtn.png</a>
        </td>
      </tr>
      <tr>
        <td colspan="1" rowspan="1" class="indent2" width="20%">Método</td>
        <td colspan="1" rowspan="1" width="80%">GET</td>
      </tr>
      <tr>
        <td colspan="1" rowspan="1" class="indent2" width="20%">Parámetros</td>
        <td colspan="1" rowspan="1" width="80%"/>
      </tr>
      <tr>
        <td colspan="1" rowspan="1" class="indent2" width="20%">Ataque</td>
        <td colspan="1" rowspan="1" width="80%"/>
      </tr>
      <tr>
        <td colspan="1" rowspan="1" class="indent2" width="20%">Evidencia</td>
        <td colspan="1" rowspan="1" width="80%"/>
      </tr>
      <tr>
        <td colspan="1" rowspan="1" class="indent2" width="20%">Other Info</td>
        <td colspan="1" rowspan="1" width="80%">NOTA: Debido a su nombre, esta cookie puede ser importante, pero eliminarla parece no tener efecto: [ASP.NET_SessionId] 
Las cookies que no tienen efectos esperados pueden revelar defectos en la lógica de la aplicación. En el peor de los casos, esto puede revelar donde la autenticación por token(s) de cookies no se aplican realmente. Estas cookies influyen en la respuesta: 
Estas cookies NO influyen en la respuesta: ASP.NET_SessionId
</td>
      </tr>
      <tr>
        <td colspan="1" rowspan="1" class="indent1" width="20%">URL</td>
        <td colspan="1" rowspan="1" width="80%">
          <a shape="rect" href="https://todo.ly/Images/design/SignupBtn.png">https://todo.ly/Images/design/SignupBtn.png</a>
        </td>
      </tr>
      <tr>
        <td colspan="1" rowspan="1" class="indent2" width="20%">Método</td>
        <td colspan="1" rowspan="1" width="80%">GET</td>
      </tr>
      <tr>
        <td colspan="1" rowspan="1" class="indent2" width="20%">Parámetros</td>
        <td colspan="1" rowspan="1" width="80%"/>
      </tr>
      <tr>
        <td colspan="1" rowspan="1" class="indent2" width="20%">Ataque</td>
        <td colspan="1" rowspan="1" width="80%"/>
      </tr>
      <tr>
        <td colspan="1" rowspan="1" class="indent2" width="20%">Evidencia</td>
        <td colspan="1" rowspan="1" width="80%"/>
      </tr>
      <tr>
        <td colspan="1" rowspan="1" class="indent2" width="20%">Other Info</td>
        <td colspan="1" rowspan="1" width="80%">NOTA: Debido a su nombre, esta cookie puede ser importante, pero eliminarla parece no tener efecto: [ASP.NET_SessionId] 
Las cookies que no tienen efectos esperados pueden revelar defectos en la lógica de la aplicación. En el peor de los casos, esto puede revelar donde la autenticación por token(s) de cookies no se aplican realmente. Estas cookies influyen en la respuesta: 
Estas cookies NO influyen en la respuesta: ASP.NET_SessionId
</td>
      </tr>
      <tr>
        <td colspan="1" rowspan="1" class="indent1" width="20%">URL</td>
        <td colspan="1" rowspan="1" width="80%">
          <a shape="rect" href="https://todo.ly/Images/dropdown.png">https://todo.ly/Images/dropdown.png</a>
        </td>
      </tr>
      <tr>
        <td colspan="1" rowspan="1" class="indent2" width="20%">Método</td>
        <td colspan="1" rowspan="1" width="80%">GET</td>
      </tr>
      <tr>
        <td colspan="1" rowspan="1" class="indent2" width="20%">Parámetros</td>
        <td colspan="1" rowspan="1" width="80%"/>
      </tr>
      <tr>
        <td colspan="1" rowspan="1" class="indent2" width="20%">Ataque</td>
        <td colspan="1" rowspan="1" width="80%"/>
      </tr>
      <tr>
        <td colspan="1" rowspan="1" class="indent2" width="20%">Evidencia</td>
        <td colspan="1" rowspan="1" width="80%"/>
      </tr>
      <tr>
        <td colspan="1" rowspan="1" class="indent2" width="20%">Other Info</td>
        <td colspan="1" rowspan="1" width="80%">NOTA: Debido a su nombre, esta cookie puede ser importante, pero eliminarla parece no tener efecto: [ASP.NET_SessionId] 
Las cookies que no tienen efectos esperados pueden revelar defectos en la lógica de la aplicación. En el peor de los casos, esto puede revelar donde la autenticación por token(s) de cookies no se aplican realmente. Estas cookies influyen en la respuesta: 
Estas cookies NO influyen en la respuesta: ASP.NET_SessionId,__utmz,.ASPXAUTH,__utmt,__utmb,__utmc,__utma
</td>
      </tr>
      <tr>
        <td colspan="1" rowspan="1" class="indent1" width="20%">URL</td>
        <td colspan="1" rowspan="1" width="80%">
          <a shape="rect" href="https://todo.ly/Images/folder_red.png">https://todo.ly/Images/folder_red.png</a>
        </td>
      </tr>
      <tr>
        <td colspan="1" rowspan="1" class="indent2" width="20%">Método</td>
        <td colspan="1" rowspan="1" width="80%">GET</td>
      </tr>
      <tr>
        <td colspan="1" rowspan="1" class="indent2" width="20%">Parámetros</td>
        <td colspan="1" rowspan="1" width="80%"/>
      </tr>
      <tr>
        <td colspan="1" rowspan="1" class="indent2" width="20%">Ataque</td>
        <td colspan="1" rowspan="1" width="80%"/>
      </tr>
      <tr>
        <td colspan="1" rowspan="1" class="indent2" width="20%">Evidencia</td>
        <td colspan="1" rowspan="1" width="80%"/>
      </tr>
      <tr>
        <td colspan="1" rowspan="1" class="indent2" width="20%">Other Info</td>
        <td colspan="1" rowspan="1" width="80%">NOTA: Debido a su nombre, esta cookie puede ser importante, pero eliminarla parece no tener efecto: [ASP.NET_SessionId] 
Las cookies que no tienen efectos esperados pueden revelar defectos en la lógica de la aplicación. En el peor de los casos, esto puede revelar donde la autenticación por token(s) de cookies no se aplican realmente. Estas cookies influyen en la respuesta: 
Estas cookies NO influyen en la respuesta: ASP.NET_SessionId,__utmz,.ASPXAUTH,__utmt,__utmb,__utmc,__utma
</td>
      </tr>
      <tr>
        <td colspan="1" rowspan="1" class="indent1" width="20%">URL</td>
        <td colspan="1" rowspan="1" width="80%">
          <a shape="rect" href="https://todo.ly/Images/grippy.png">https://todo.ly/Images/grippy.png</a>
        </td>
      </tr>
      <tr>
        <td colspan="1" rowspan="1" class="indent2" width="20%">Método</td>
        <td colspan="1" rowspan="1" width="80%">GET</td>
      </tr>
      <tr>
        <td colspan="1" rowspan="1" class="indent2" width="20%">Parámetros</td>
        <td colspan="1" rowspan="1" width="80%"/>
      </tr>
      <tr>
        <td colspan="1" rowspan="1" class="indent2" width="20%">Ataque</td>
        <td colspan="1" rowspan="1" width="80%"/>
      </tr>
      <tr>
        <td colspan="1" rowspan="1" class="indent2" width="20%">Evidencia</td>
        <td colspan="1" rowspan="1" width="80%"/>
      </tr>
      <tr>
        <td colspan="1" rowspan="1" class="indent2" width="20%">Other Info</td>
        <td colspan="1" rowspan="1" width="80%">NOTA: Debido a su nombre, esta cookie puede ser importante, pero eliminarla parece no tener efecto: [ASP.NET_SessionId] 
Las cookies que no tienen efectos esperados pueden revelar defectos en la lógica de la aplicación. En el peor de los casos, esto puede revelar donde la autenticación por token(s) de cookies no se aplican realmente. Estas cookies influyen en la respuesta: 
Estas cookies NO influyen en la respuesta: ASP.NET_SessionId,__utmz,.ASPXAUTH,__utmt,__utmb,__utmc,__utma
</td>
      </tr>
      <tr>
        <td colspan="1" rowspan="1" class="indent1" width="20%">URL</td>
        <td colspan="1" rowspan="1" width="80%">
          <a shape="rect" href="https://todo.ly/Images/icons">https://todo.ly/Images/icons</a>
        </td>
      </tr>
      <tr>
        <td colspan="1" rowspan="1" class="indent2" width="20%">Método</td>
        <td colspan="1" rowspan="1" width="80%">GET</td>
      </tr>
      <tr>
        <td colspan="1" rowspan="1" class="indent2" width="20%">Parámetros</td>
        <td colspan="1" rowspan="1" width="80%"/>
      </tr>
      <tr>
        <td colspan="1" rowspan="1" class="indent2" width="20%">Ataque</td>
        <td colspan="1" rowspan="1" width="80%"/>
      </tr>
      <tr>
        <td colspan="1" rowspan="1" class="indent2" width="20%">Evidencia</td>
        <td colspan="1" rowspan="1" width="80%"/>
      </tr>
      <tr>
        <td colspan="1" rowspan="1" class="indent2" width="20%">Other Info</td>
        <td colspan="1" rowspan="1" width="80%">NOTA: Debido a su nombre, esta cookie puede ser importante, pero eliminarla parece no tener efecto: [ASP.NET_SessionId] 
Las cookies que no tienen efectos esperados pueden revelar defectos en la lógica de la aplicación. En el peor de los casos, esto puede revelar donde la autenticación por token(s) de cookies no se aplican realmente. Estas cookies influyen en la respuesta: 
Estas cookies NO influyen en la respuesta: ASP.NET_SessionId,__utmz,.ASPXAUTH,__utmt,__utmb,__utmc,__utma
</td>
      </tr>
      <tr>
        <td colspan="1" rowspan="1" class="indent1" width="20%">URL</td>
        <td colspan="1" rowspan="1" width="80%">
          <a shape="rect" href="https://todo.ly/Images/icons/add.png">https://todo.ly/Images/icons/add.png</a>
        </td>
      </tr>
      <tr>
        <td colspan="1" rowspan="1" class="indent2" width="20%">Método</td>
        <td colspan="1" rowspan="1" width="80%">GET</td>
      </tr>
      <tr>
        <td colspan="1" rowspan="1" class="indent2" width="20%">Parámetros</td>
        <td colspan="1" rowspan="1" width="80%"/>
      </tr>
      <tr>
        <td colspan="1" rowspan="1" class="indent2" width="20%">Ataque</td>
        <td colspan="1" rowspan="1" width="80%"/>
      </tr>
      <tr>
        <td colspan="1" rowspan="1" class="indent2" width="20%">Evidencia</td>
        <td colspan="1" rowspan="1" width="80%"/>
      </tr>
      <tr>
        <td colspan="1" rowspan="1" class="indent2" width="20%">Other Info</td>
        <td colspan="1" rowspan="1" width="80%">NOTA: Debido a su nombre, esta cookie puede ser importante, pero eliminarla parece no tener efecto: [ASP.NET_SessionId] 
Las cookies que no tienen efectos esperados pueden revelar defectos en la lógica de la aplicación. En el peor de los casos, esto puede revelar donde la autenticación por token(s) de cookies no se aplican realmente. Estas cookies influyen en la respuesta: 
Estas cookies NO influyen en la respuesta: ASP.NET_SessionId,__utmz,.ASPXAUTH,__utmt,__utmb,__utmc,__utma
</td>
      </tr>
      <tr>
        <td colspan="1" rowspan="1" class="indent1" width="20%">URL</td>
        <td colspan="1" rowspan="1" width="80%">
          <a shape="rect" href="https://todo.ly/Images/icons/ball.png">https://todo.ly/Images/icons/ball.png</a>
        </td>
      </tr>
      <tr>
        <td colspan="1" rowspan="1" class="indent2" width="20%">Método</td>
        <td colspan="1" rowspan="1" width="80%">GET</td>
      </tr>
      <tr>
        <td colspan="1" rowspan="1" class="indent2" width="20%">Parámetros</td>
        <td colspan="1" rowspan="1" width="80%"/>
      </tr>
      <tr>
        <td colspan="1" rowspan="1" class="indent2" width="20%">Ataque</td>
        <td colspan="1" rowspan="1" width="80%"/>
      </tr>
      <tr>
        <td colspan="1" rowspan="1" class="indent2" width="20%">Evidencia</td>
        <td colspan="1" rowspan="1" width="80%"/>
      </tr>
      <tr>
        <td colspan="1" rowspan="1" class="indent2" width="20%">Other Info</td>
        <td colspan="1" rowspan="1" width="80%">NOTA: Debido a su nombre, esta cookie puede ser importante, pero eliminarla parece no tener efecto: [ASP.NET_SessionId] 
Las cookies que no tienen efectos esperados pueden revelar defectos en la lógica de la aplicación. En el peor de los casos, esto puede revelar donde la autenticación por token(s) de cookies no se aplican realmente. Estas cookies influyen en la respuesta: 
Estas cookies NO influyen en la respuesta: ASP.NET_SessionId,__utmz,.ASPXAUTH,__utmt,__utmb,__utmc,__utma
</td>
      </tr>
      <tr>
        <td colspan="1" rowspan="1" class="indent1" width="20%">URL</td>
        <td colspan="1" rowspan="1" width="80%">
          <a shape="rect" href="https://todo.ly/Images/icons/cart2.png">https://todo.ly/Images/icons/cart2.png</a>
        </td>
      </tr>
      <tr>
        <td colspan="1" rowspan="1" class="indent2" width="20%">Método</td>
        <td colspan="1" rowspan="1" width="80%">GET</td>
      </tr>
      <tr>
        <td colspan="1" rowspan="1" class="indent2" width="20%">Parámetros</td>
        <td colspan="1" rowspan="1" width="80%"/>
      </tr>
      <tr>
        <td colspan="1" rowspan="1" class="indent2" width="20%">Ataque</td>
        <td colspan="1" rowspan="1" width="80%"/>
      </tr>
      <tr>
        <td colspan="1" rowspan="1" class="indent2" width="20%">Evidencia</td>
        <td colspan="1" rowspan="1" width="80%"/>
      </tr>
      <tr>
        <td colspan="1" rowspan="1" class="indent2" width="20%">Other Info</td>
        <td colspan="1" rowspan="1" width="80%">NOTA: Debido a su nombre, esta cookie puede ser importante, pero eliminarla parece no tener efecto: [ASP.NET_SessionId] 
Las cookies que no tienen efectos esperados pueden revelar defectos en la lógica de la aplicación. En el peor de los casos, esto puede revelar donde la autenticación por token(s) de cookies no se aplican realmente. Estas cookies influyen en la respuesta: 
Estas cookies NO influyen en la respuesta: ASP.NET_SessionId,__utmz,.ASPXAUTH,__utmt,__utmb,__utmc,__utma
</td>
      </tr>
      <tr>
        <td colspan="1" rowspan="1" class="indent1" width="20%">URL</td>
        <td colspan="1" rowspan="1" width="80%">
          <a shape="rect" href="https://todo.ly/Images/icons/favorite.png">https://todo.ly/Images/icons/favorite.png</a>
        </td>
      </tr>
      <tr>
        <td colspan="1" rowspan="1" class="indent2" width="20%">Método</td>
        <td colspan="1" rowspan="1" width="80%">GET</td>
      </tr>
      <tr>
        <td colspan="1" rowspan="1" class="indent2" width="20%">Parámetros</td>
        <td colspan="1" rowspan="1" width="80%"/>
      </tr>
      <tr>
        <td colspan="1" rowspan="1" class="indent2" width="20%">Ataque</td>
        <td colspan="1" rowspan="1" width="80%"/>
      </tr>
      <tr>
        <td colspan="1" rowspan="1" class="indent2" width="20%">Evidencia</td>
        <td colspan="1" rowspan="1" width="80%"/>
      </tr>
      <tr>
        <td colspan="1" rowspan="1" class="indent2" width="20%">Other Info</td>
        <td colspan="1" rowspan="1" width="80%">NOTA: Debido a su nombre, esta cookie puede ser importante, pero eliminarla parece no tener efecto: [ASP.NET_SessionId] 
Las cookies que no tienen efectos esperados pueden revelar defectos en la lógica de la aplicación. En el peor de los casos, esto puede revelar donde la autenticación por token(s) de cookies no se aplican realmente. Estas cookies influyen en la respuesta: 
Estas cookies NO influyen en la respuesta: ASP.NET_SessionId,__utmz,.ASPXAUTH,__utmt,__utmb,__utmc,__utma
</td>
      </tr>
      <tr>
        <td colspan="1" rowspan="1" class="indent1" width="20%">URL</td>
        <td colspan="1" rowspan="1" width="80%">
          <a shape="rect" href="https://todo.ly/Images/icons/Home.png">https://todo.ly/Images/icons/Home.png</a>
        </td>
      </tr>
      <tr>
        <td colspan="1" rowspan="1" class="indent2" width="20%">Método</td>
        <td colspan="1" rowspan="1" width="80%">GET</td>
      </tr>
      <tr>
        <td colspan="1" rowspan="1" class="indent2" width="20%">Parámetros</td>
        <td colspan="1" rowspan="1" width="80%"/>
      </tr>
      <tr>
        <td colspan="1" rowspan="1" class="indent2" width="20%">Ataque</td>
        <td colspan="1" rowspan="1" width="80%"/>
      </tr>
      <tr>
        <td colspan="1" rowspan="1" class="indent2" width="20%">Evidencia</td>
        <td colspan="1" rowspan="1" width="80%"/>
      </tr>
      <tr>
        <td colspan="1" rowspan="1" class="indent2" width="20%">Other Info</td>
        <td colspan="1" rowspan="1" width="80%">NOTA: Debido a su nombre, esta cookie puede ser importante, pero eliminarla parece no tener efecto: [ASP.NET_SessionId] 
Las cookies que no tienen efectos esperados pueden revelar defectos en la lógica de la aplicación. En el peor de los casos, esto puede revelar donde la autenticación por token(s) de cookies no se aplican realmente. Estas cookies influyen en la respuesta: 
Estas cookies NO influyen en la respuesta: ASP.NET_SessionId,__utmz,.ASPXAUTH,__utmt,__utmb,__utmc,__utma
</td>
      </tr>
      <tr>
        <td colspan="1" rowspan="1" class="indent1" width="20%">URL</td>
        <td colspan="1" rowspan="1" width="80%">
          <a shape="rect" href="https://todo.ly/Images/icons/inbox3.png">https://todo.ly/Images/icons/inbox3.png</a>
        </td>
      </tr>
      <tr>
        <td colspan="1" rowspan="1" class="indent2" width="20%">Método</td>
        <td colspan="1" rowspan="1" width="80%">GET</td>
      </tr>
      <tr>
        <td colspan="1" rowspan="1" class="indent2" width="20%">Parámetros</td>
        <td colspan="1" rowspan="1" width="80%"/>
      </tr>
      <tr>
        <td colspan="1" rowspan="1" class="indent2" width="20%">Ataque</td>
        <td colspan="1" rowspan="1" width="80%"/>
      </tr>
      <tr>
        <td colspan="1" rowspan="1" class="indent2" width="20%">Evidencia</td>
        <td colspan="1" rowspan="1" width="80%"/>
      </tr>
      <tr>
        <td colspan="1" rowspan="1" class="indent2" width="20%">Other Info</td>
        <td colspan="1" rowspan="1" width="80%">NOTA: Debido a su nombre, esta cookie puede ser importante, pero eliminarla parece no tener efecto: [ASP.NET_SessionId] 
Las cookies que no tienen efectos esperados pueden revelar defectos en la lógica de la aplicación. En el peor de los casos, esto puede revelar donde la autenticación por token(s) de cookies no se aplican realmente. Estas cookies influyen en la respuesta: 
Estas cookies NO influyen en la respuesta: ASP.NET_SessionId,__utmz,.ASPXAUTH,__utmt,__utmb,__utmc,__utma
</td>
      </tr>
      <tr>
        <td colspan="1" rowspan="1" class="indent1" width="20%">URL</td>
        <td colspan="1" rowspan="1" width="80%">
          <a shape="rect" href="https://todo.ly/Images/icons/next.png">https://todo.ly/Images/icons/next.png</a>
        </td>
      </tr>
      <tr>
        <td colspan="1" rowspan="1" class="indent2" width="20%">Método</td>
        <td colspan="1" rowspan="1" width="80%">GET</td>
      </tr>
      <tr>
        <td colspan="1" rowspan="1" class="indent2" width="20%">Parámetros</td>
        <td colspan="1" rowspan="1" width="80%"/>
      </tr>
      <tr>
        <td colspan="1" rowspan="1" class="indent2" width="20%">Ataque</td>
        <td colspan="1" rowspan="1" width="80%"/>
      </tr>
      <tr>
        <td colspan="1" rowspan="1" class="indent2" width="20%">Evidencia</td>
        <td colspan="1" rowspan="1" width="80%"/>
      </tr>
      <tr>
        <td colspan="1" rowspan="1" class="indent2" width="20%">Other Info</td>
        <td colspan="1" rowspan="1" width="80%">NOTA: Debido a su nombre, esta cookie puede ser importante, pero eliminarla parece no tener efecto: [ASP.NET_SessionId] 
Las cookies que no tienen efectos esperados pueden revelar defectos en la lógica de la aplicación. En el peor de los casos, esto puede revelar donde la autenticación por token(s) de cookies no se aplican realmente. Estas cookies influyen en la respuesta: 
Estas cookies NO influyen en la respuesta: ASP.NET_SessionId,__utmz,.ASPXAUTH,__utmt,__utmb,__utmc,__utma
</td>
      </tr>
      <tr>
        <td colspan="1" rowspan="1" class="indent1" width="20%">URL</td>
        <td colspan="1" rowspan="1" width="80%">
          <a shape="rect" href="https://todo.ly/Images/icons/note.png">https://todo.ly/Images/icons/note.png</a>
        </td>
      </tr>
      <tr>
        <td colspan="1" rowspan="1" class="indent2" width="20%">Método</td>
        <td colspan="1" rowspan="1" width="80%">GET</td>
      </tr>
      <tr>
        <td colspan="1" rowspan="1" class="indent2" width="20%">Parámetros</td>
        <td colspan="1" rowspan="1" width="80%"/>
      </tr>
      <tr>
        <td colspan="1" rowspan="1" class="indent2" width="20%">Ataque</td>
        <td colspan="1" rowspan="1" width="80%"/>
      </tr>
      <tr>
        <td colspan="1" rowspan="1" class="indent2" width="20%">Evidencia</td>
        <td colspan="1" rowspan="1" width="80%"/>
      </tr>
      <tr>
        <td colspan="1" rowspan="1" class="indent2" width="20%">Other Info</td>
        <td colspan="1" rowspan="1" width="80%">NOTA: Debido a su nombre, esta cookie puede ser importante, pero eliminarla parece no tener efecto: [ASP.NET_SessionId] 
Las cookies que no tienen efectos esperados pueden revelar defectos en la lógica de la aplicación. En el peor de los casos, esto puede revelar donde la autenticación por token(s) de cookies no se aplican realmente. Estas cookies influyen en la respuesta: 
Estas cookies NO influyen en la respuesta: ASP.NET_SessionId,__utmz,.ASPXAUTH,__utmt,__utmb,__utmc,__utma
</td>
      </tr>
      <tr>
        <td colspan="1" rowspan="1" class="indent1" width="20%">URL</td>
        <td colspan="1" rowspan="1" width="80%">
          <a shape="rect" href="https://todo.ly/Images/icons/today.png">https://todo.ly/Images/icons/today.png</a>
        </td>
      </tr>
      <tr>
        <td colspan="1" rowspan="1" class="indent2" width="20%">Método</td>
        <td colspan="1" rowspan="1" width="80%">GET</td>
      </tr>
      <tr>
        <td colspan="1" rowspan="1" class="indent2" width="20%">Parámetros</td>
        <td colspan="1" rowspan="1" width="80%"/>
      </tr>
      <tr>
        <td colspan="1" rowspan="1" class="indent2" width="20%">Ataque</td>
        <td colspan="1" rowspan="1" width="80%"/>
      </tr>
      <tr>
        <td colspan="1" rowspan="1" class="indent2" width="20%">Evidencia</td>
        <td colspan="1" rowspan="1" width="80%"/>
      </tr>
      <tr>
        <td colspan="1" rowspan="1" class="indent2" width="20%">Other Info</td>
        <td colspan="1" rowspan="1" width="80%">NOTA: Debido a su nombre, esta cookie puede ser importante, pero eliminarla parece no tener efecto: [ASP.NET_SessionId] 
Las cookies que no tienen efectos esperados pueden revelar defectos en la lógica de la aplicación. En el peor de los casos, esto puede revelar donde la autenticación por token(s) de cookies no se aplican realmente. Estas cookies influyen en la respuesta: 
Estas cookies NO influyen en la respuesta: ASP.NET_SessionId,__utmz,.ASPXAUTH,__utmt,__utmb,__utmc,__utma
</td>
      </tr>
      <tr>
        <td colspan="1" rowspan="1" class="indent1" width="20%">URL</td>
        <td colspan="1" rowspan="1" width="80%">
          <a shape="rect" href="https://todo.ly/Images/icons/trash2.gif">https://todo.ly/Images/icons/trash2.gif</a>
        </td>
      </tr>
      <tr>
        <td colspan="1" rowspan="1" class="indent2" width="20%">Método</td>
        <td colspan="1" rowspan="1" width="80%">GET</td>
      </tr>
      <tr>
        <td colspan="1" rowspan="1" class="indent2" width="20%">Parámetros</td>
        <td colspan="1" rowspan="1" width="80%"/>
      </tr>
      <tr>
        <td colspan="1" rowspan="1" class="indent2" width="20%">Ataque</td>
        <td colspan="1" rowspan="1" width="80%"/>
      </tr>
      <tr>
        <td colspan="1" rowspan="1" class="indent2" width="20%">Evidencia</td>
        <td colspan="1" rowspan="1" width="80%"/>
      </tr>
      <tr>
        <td colspan="1" rowspan="1" class="indent2" width="20%">Other Info</td>
        <td colspan="1" rowspan="1" width="80%">NOTA: Debido a su nombre, esta cookie puede ser importante, pero eliminarla parece no tener efecto: [ASP.NET_SessionId] 
Las cookies que no tienen efectos esperados pueden revelar defectos en la lógica de la aplicación. En el peor de los casos, esto puede revelar donde la autenticación por token(s) de cookies no se aplican realmente. Estas cookies influyen en la respuesta: 
Estas cookies NO influyen en la respuesta: ASP.NET_SessionId,__utmz,.ASPXAUTH,__utmt,__utmb,__utmc,__utma
</td>
      </tr>
      <tr>
        <td colspan="1" rowspan="1" class="indent1" width="20%">URL</td>
        <td colspan="1" rowspan="1" width="80%">
          <a shape="rect" href="https://todo.ly/Images/icons2">https://todo.ly/Images/icons2</a>
        </td>
      </tr>
      <tr>
        <td colspan="1" rowspan="1" class="indent2" width="20%">Método</td>
        <td colspan="1" rowspan="1" width="80%">GET</td>
      </tr>
      <tr>
        <td colspan="1" rowspan="1" class="indent2" width="20%">Parámetros</td>
        <td colspan="1" rowspan="1" width="80%"/>
      </tr>
      <tr>
        <td colspan="1" rowspan="1" class="indent2" width="20%">Ataque</td>
        <td colspan="1" rowspan="1" width="80%"/>
      </tr>
      <tr>
        <td colspan="1" rowspan="1" class="indent2" width="20%">Evidencia</td>
        <td colspan="1" rowspan="1" width="80%"/>
      </tr>
      <tr>
        <td colspan="1" rowspan="1" class="indent2" width="20%">Other Info</td>
        <td colspan="1" rowspan="1" width="80%">NOTA: Debido a su nombre, esta cookie puede ser importante, pero eliminarla parece no tener efecto: [ASP.NET_SessionId] 
Las cookies que no tienen efectos esperados pueden revelar defectos en la lógica de la aplicación. En el peor de los casos, esto puede revelar donde la autenticación por token(s) de cookies no se aplican realmente. Estas cookies influyen en la respuesta: 
Estas cookies NO influyen en la respuesta: ASP.NET_SessionId,__utmz,.ASPXAUTH,__utmt,__utmb,__utmc,__utma
</td>
      </tr>
      <tr>
        <td colspan="1" rowspan="1" class="indent1" width="20%">URL</td>
        <td colspan="1" rowspan="1" width="80%">
          <a shape="rect" href="https://todo.ly/Images/icons2/notes.png">https://todo.ly/Images/icons2/notes.png</a>
        </td>
      </tr>
      <tr>
        <td colspan="1" rowspan="1" class="indent2" width="20%">Método</td>
        <td colspan="1" rowspan="1" width="80%">GET</td>
      </tr>
      <tr>
        <td colspan="1" rowspan="1" class="indent2" width="20%">Parámetros</td>
        <td colspan="1" rowspan="1" width="80%"/>
      </tr>
      <tr>
        <td colspan="1" rowspan="1" class="indent2" width="20%">Ataque</td>
        <td colspan="1" rowspan="1" width="80%"/>
      </tr>
      <tr>
        <td colspan="1" rowspan="1" class="indent2" width="20%">Evidencia</td>
        <td colspan="1" rowspan="1" width="80%"/>
      </tr>
      <tr>
        <td colspan="1" rowspan="1" class="indent2" width="20%">Other Info</td>
        <td colspan="1" rowspan="1" width="80%">NOTA: Debido a su nombre, esta cookie puede ser importante, pero eliminarla parece no tener efecto: [ASP.NET_SessionId] 
Las cookies que no tienen efectos esperados pueden revelar defectos en la lógica de la aplicación. En el peor de los casos, esto puede revelar donde la autenticación por token(s) de cookies no se aplican realmente. Estas cookies influyen en la respuesta: 
Estas cookies NO influyen en la respuesta: ASP.NET_SessionId,__utmz,.ASPXAUTH,__utmt,__utmb,__utmc,__utma
</td>
      </tr>
      <tr>
        <td colspan="1" rowspan="1" class="indent1" width="20%">URL</td>
        <td colspan="1" rowspan="1" width="80%">
          <a shape="rect" href="https://todo.ly/images/input_bg.jpg">https://todo.ly/images/input_bg.jpg</a>
        </td>
      </tr>
      <tr>
        <td colspan="1" rowspan="1" class="indent2" width="20%">Método</td>
        <td colspan="1" rowspan="1" width="80%">GET</td>
      </tr>
      <tr>
        <td colspan="1" rowspan="1" class="indent2" width="20%">Parámetros</td>
        <td colspan="1" rowspan="1" width="80%"/>
      </tr>
      <tr>
        <td colspan="1" rowspan="1" class="indent2" width="20%">Ataque</td>
        <td colspan="1" rowspan="1" width="80%"/>
      </tr>
      <tr>
        <td colspan="1" rowspan="1" class="indent2" width="20%">Evidencia</td>
        <td colspan="1" rowspan="1" width="80%"/>
      </tr>
      <tr>
        <td colspan="1" rowspan="1" class="indent2" width="20%">Other Info</td>
        <td colspan="1" rowspan="1" width="80%">NOTA: Debido a su nombre, esta cookie puede ser importante, pero eliminarla parece no tener efecto: [ASP.NET_SessionId] 
Las cookies que no tienen efectos esperados pueden revelar defectos en la lógica de la aplicación. En el peor de los casos, esto puede revelar donde la autenticación por token(s) de cookies no se aplican realmente. Estas cookies influyen en la respuesta: 
Estas cookies NO influyen en la respuesta: ASP.NET_SessionId,__utmz,__utmt,__utmb,__utmc,__utma
</td>
      </tr>
      <tr>
        <td colspan="1" rowspan="1" class="indent1" width="20%">URL</td>
        <td colspan="1" rowspan="1" width="80%">
          <a shape="rect" href="https://todo.ly/images/loader4.gif">https://todo.ly/images/loader4.gif</a>
        </td>
      </tr>
      <tr>
        <td colspan="1" rowspan="1" class="indent2" width="20%">Método</td>
        <td colspan="1" rowspan="1" width="80%">GET</td>
      </tr>
      <tr>
        <td colspan="1" rowspan="1" class="indent2" width="20%">Parámetros</td>
        <td colspan="1" rowspan="1" width="80%"/>
      </tr>
      <tr>
        <td colspan="1" rowspan="1" class="indent2" width="20%">Ataque</td>
        <td colspan="1" rowspan="1" width="80%"/>
      </tr>
      <tr>
        <td colspan="1" rowspan="1" class="indent2" width="20%">Evidencia</td>
        <td colspan="1" rowspan="1" width="80%"/>
      </tr>
      <tr>
        <td colspan="1" rowspan="1" class="indent2" width="20%">Other Info</td>
        <td colspan="1" rowspan="1" width="80%">NOTA: Debido a su nombre, esta cookie puede ser importante, pero eliminarla parece no tener efecto: [ASP.NET_SessionId] 
Las cookies que no tienen efectos esperados pueden revelar defectos en la lógica de la aplicación. En el peor de los casos, esto puede revelar donde la autenticación por token(s) de cookies no se aplican realmente. Estas cookies influyen en la respuesta: 
Estas cookies NO influyen en la respuesta: ASP.NET_SessionId
</td>
      </tr>
      <tr>
        <td colspan="1" rowspan="1" class="indent1" width="20%">URL</td>
        <td colspan="1" rowspan="1" width="80%">
          <a shape="rect" href="https://todo.ly/Images/logo2.png">https://todo.ly/Images/logo2.png</a>
        </td>
      </tr>
      <tr>
        <td colspan="1" rowspan="1" class="indent2" width="20%">Método</td>
        <td colspan="1" rowspan="1" width="80%">GET</td>
      </tr>
      <tr>
        <td colspan="1" rowspan="1" class="indent2" width="20%">Parámetros</td>
        <td colspan="1" rowspan="1" width="80%"/>
      </tr>
      <tr>
        <td colspan="1" rowspan="1" class="indent2" width="20%">Ataque</td>
        <td colspan="1" rowspan="1" width="80%"/>
      </tr>
      <tr>
        <td colspan="1" rowspan="1" class="indent2" width="20%">Evidencia</td>
        <td colspan="1" rowspan="1" width="80%"/>
      </tr>
      <tr>
        <td colspan="1" rowspan="1" class="indent2" width="20%">Other Info</td>
        <td colspan="1" rowspan="1" width="80%">NOTA: Debido a su nombre, esta cookie puede ser importante, pero eliminarla parece no tener efecto: [ASP.NET_SessionId] 
Las cookies que no tienen efectos esperados pueden revelar defectos en la lógica de la aplicación. En el peor de los casos, esto puede revelar donde la autenticación por token(s) de cookies no se aplican realmente. Estas cookies influyen en la respuesta: 
Estas cookies NO influyen en la respuesta: ASP.NET_SessionId
</td>
      </tr>
      <tr>
        <td colspan="1" rowspan="1" class="indent1" width="20%">URL</td>
        <td colspan="1" rowspan="1" width="80%">
          <a shape="rect" href="https://todo.ly/images/logo2.png">https://todo.ly/images/logo2.png</a>
        </td>
      </tr>
      <tr>
        <td colspan="1" rowspan="1" class="indent2" width="20%">Método</td>
        <td colspan="1" rowspan="1" width="80%">GET</td>
      </tr>
      <tr>
        <td colspan="1" rowspan="1" class="indent2" width="20%">Parámetros</td>
        <td colspan="1" rowspan="1" width="80%"/>
      </tr>
      <tr>
        <td colspan="1" rowspan="1" class="indent2" width="20%">Ataque</td>
        <td colspan="1" rowspan="1" width="80%"/>
      </tr>
      <tr>
        <td colspan="1" rowspan="1" class="indent2" width="20%">Evidencia</td>
        <td colspan="1" rowspan="1" width="80%"/>
      </tr>
      <tr>
        <td colspan="1" rowspan="1" class="indent2" width="20%">Other Info</td>
        <td colspan="1" rowspan="1" width="80%">NOTA: Debido a su nombre, esta cookie puede ser importante, pero eliminarla parece no tener efecto: [ASP.NET_SessionId] 
Las cookies que no tienen efectos esperados pueden revelar defectos en la lógica de la aplicación. En el peor de los casos, esto puede revelar donde la autenticación por token(s) de cookies no se aplican realmente. Estas cookies influyen en la respuesta: 
Estas cookies NO influyen en la respuesta: ASP.NET_SessionId,__utmz,.ASPXAUTH,__utmt,__utmb,__utmc,__utma
</td>
      </tr>
      <tr>
        <td colspan="1" rowspan="1" class="indent1" width="20%">URL</td>
        <td colspan="1" rowspan="1" width="80%">
          <a shape="rect" href="https://todo.ly/Images/menu">https://todo.ly/Images/menu</a>
        </td>
      </tr>
      <tr>
        <td colspan="1" rowspan="1" class="indent2" width="20%">Método</td>
        <td colspan="1" rowspan="1" width="80%">GET</td>
      </tr>
      <tr>
        <td colspan="1" rowspan="1" class="indent2" width="20%">Parámetros</td>
        <td colspan="1" rowspan="1" width="80%"/>
      </tr>
      <tr>
        <td colspan="1" rowspan="1" class="indent2" width="20%">Ataque</td>
        <td colspan="1" rowspan="1" width="80%"/>
      </tr>
      <tr>
        <td colspan="1" rowspan="1" class="indent2" width="20%">Evidencia</td>
        <td colspan="1" rowspan="1" width="80%"/>
      </tr>
      <tr>
        <td colspan="1" rowspan="1" class="indent2" width="20%">Other Info</td>
        <td colspan="1" rowspan="1" width="80%">NOTA: Debido a su nombre, esta cookie puede ser importante, pero eliminarla parece no tener efecto: [ASP.NET_SessionId] 
Las cookies que no tienen efectos esperados pueden revelar defectos en la lógica de la aplicación. En el peor de los casos, esto puede revelar donde la autenticación por token(s) de cookies no se aplican realmente. Estas cookies influyen en la respuesta: 
Estas cookies NO influyen en la respuesta: ASP.NET_SessionId,__utmz,.ASPXAUTH,__utmt,__utmb,__utmc,__utma
</td>
      </tr>
      <tr>
        <td colspan="1" rowspan="1" class="indent1" width="20%">URL</td>
        <td colspan="1" rowspan="1" width="80%">
          <a shape="rect" href="https://todo.ly/Images/menu/print2.png">https://todo.ly/Images/menu/print2.png</a>
        </td>
      </tr>
      <tr>
        <td colspan="1" rowspan="1" class="indent2" width="20%">Método</td>
        <td colspan="1" rowspan="1" width="80%">GET</td>
      </tr>
      <tr>
        <td colspan="1" rowspan="1" class="indent2" width="20%">Parámetros</td>
        <td colspan="1" rowspan="1" width="80%"/>
      </tr>
      <tr>
        <td colspan="1" rowspan="1" class="indent2" width="20%">Ataque</td>
        <td colspan="1" rowspan="1" width="80%"/>
      </tr>
      <tr>
        <td colspan="1" rowspan="1" class="indent2" width="20%">Evidencia</td>
        <td colspan="1" rowspan="1" width="80%"/>
      </tr>
      <tr>
        <td colspan="1" rowspan="1" class="indent2" width="20%">Other Info</td>
        <td colspan="1" rowspan="1" width="80%">NOTA: Debido a su nombre, esta cookie puede ser importante, pero eliminarla parece no tener efecto: [ASP.NET_SessionId] 
Las cookies que no tienen efectos esperados pueden revelar defectos en la lógica de la aplicación. En el peor de los casos, esto puede revelar donde la autenticación por token(s) de cookies no se aplican realmente. Estas cookies influyen en la respuesta: 
Estas cookies NO influyen en la respuesta: ASP.NET_SessionId,__utmz,.ASPXAUTH,__utmt,__utmb,__utmc,__utma
</td>
      </tr>
      <tr>
        <td colspan="1" rowspan="1" class="indent1" width="20%">URL</td>
        <td colspan="1" rowspan="1" width="80%">
          <a shape="rect" href="https://todo.ly/Images/menu/refresh.png">https://todo.ly/Images/menu/refresh.png</a>
        </td>
      </tr>
      <tr>
        <td colspan="1" rowspan="1" class="indent2" width="20%">Método</td>
        <td colspan="1" rowspan="1" width="80%">GET</td>
      </tr>
      <tr>
        <td colspan="1" rowspan="1" class="indent2" width="20%">Parámetros</td>
        <td colspan="1" rowspan="1" width="80%"/>
      </tr>
      <tr>
        <td colspan="1" rowspan="1" class="indent2" width="20%">Ataque</td>
        <td colspan="1" rowspan="1" width="80%"/>
      </tr>
      <tr>
        <td colspan="1" rowspan="1" class="indent2" width="20%">Evidencia</td>
        <td colspan="1" rowspan="1" width="80%"/>
      </tr>
      <tr>
        <td colspan="1" rowspan="1" class="indent2" width="20%">Other Info</td>
        <td colspan="1" rowspan="1" width="80%">NOTA: Debido a su nombre, esta cookie puede ser importante, pero eliminarla parece no tener efecto: [ASP.NET_SessionId] 
Las cookies que no tienen efectos esperados pueden revelar defectos en la lógica de la aplicación. En el peor de los casos, esto puede revelar donde la autenticación por token(s) de cookies no se aplican realmente. Estas cookies influyen en la respuesta: 
Estas cookies NO influyen en la respuesta: ASP.NET_SessionId,__utmz,.ASPXAUTH,__utmt,__utmb,__utmc,__utma
</td>
      </tr>
      <tr>
        <td colspan="1" rowspan="1" class="indent1" width="20%">URL</td>
        <td colspan="1" rowspan="1" width="80%">
          <a shape="rect" href="https://todo.ly/images/note.png">https://todo.ly/images/note.png</a>
        </td>
      </tr>
      <tr>
        <td colspan="1" rowspan="1" class="indent2" width="20%">Método</td>
        <td colspan="1" rowspan="1" width="80%">GET</td>
      </tr>
      <tr>
        <td colspan="1" rowspan="1" class="indent2" width="20%">Parámetros</td>
        <td colspan="1" rowspan="1" width="80%"/>
      </tr>
      <tr>
        <td colspan="1" rowspan="1" class="indent2" width="20%">Ataque</td>
        <td colspan="1" rowspan="1" width="80%"/>
      </tr>
      <tr>
        <td colspan="1" rowspan="1" class="indent2" width="20%">Evidencia</td>
        <td colspan="1" rowspan="1" width="80%"/>
      </tr>
      <tr>
        <td colspan="1" rowspan="1" class="indent2" width="20%">Other Info</td>
        <td colspan="1" rowspan="1" width="80%">NOTA: Debido a su nombre, esta cookie puede ser importante, pero eliminarla parece no tener efecto: [ASP.NET_SessionId] 
Las cookies que no tienen efectos esperados pueden revelar defectos en la lógica de la aplicación. En el peor de los casos, esto puede revelar donde la autenticación por token(s) de cookies no se aplican realmente. Estas cookies influyen en la respuesta: 
Estas cookies NO influyen en la respuesta: ASP.NET_SessionId,__utmz,.ASPXAUTH,__utmt,__utmb,__utmc,__utma
</td>
      </tr>
      <tr>
        <td colspan="1" rowspan="1" class="indent1" width="20%">URL</td>
        <td colspan="1" rowspan="1" width="80%">
          <a shape="rect" href="https://todo.ly/Images/note5.png">https://todo.ly/Images/note5.png</a>
        </td>
      </tr>
      <tr>
        <td colspan="1" rowspan="1" class="indent2" width="20%">Método</td>
        <td colspan="1" rowspan="1" width="80%">GET</td>
      </tr>
      <tr>
        <td colspan="1" rowspan="1" class="indent2" width="20%">Parámetros</td>
        <td colspan="1" rowspan="1" width="80%"/>
      </tr>
      <tr>
        <td colspan="1" rowspan="1" class="indent2" width="20%">Ataque</td>
        <td colspan="1" rowspan="1" width="80%"/>
      </tr>
      <tr>
        <td colspan="1" rowspan="1" class="indent2" width="20%">Evidencia</td>
        <td colspan="1" rowspan="1" width="80%"/>
      </tr>
      <tr>
        <td colspan="1" rowspan="1" class="indent2" width="20%">Other Info</td>
        <td colspan="1" rowspan="1" width="80%">NOTA: Debido a su nombre, esta cookie puede ser importante, pero eliminarla parece no tener efecto: [ASP.NET_SessionId] 
Las cookies que no tienen efectos esperados pueden revelar defectos en la lógica de la aplicación. En el peor de los casos, esto puede revelar donde la autenticación por token(s) de cookies no se aplican realmente. Estas cookies influyen en la respuesta: 
Estas cookies NO influyen en la respuesta: ASP.NET_SessionId,__utmz,.ASPXAUTH,__utmt,__utmb,__utmc,__utma
</td>
      </tr>
      <tr>
        <td colspan="1" rowspan="1" class="indent1" width="20%">URL</td>
        <td colspan="1" rowspan="1" width="80%">
          <a shape="rect" href="https://todo.ly/Images/openhand.cur">https://todo.ly/Images/openhand.cur</a>
        </td>
      </tr>
      <tr>
        <td colspan="1" rowspan="1" class="indent2" width="20%">Método</td>
        <td colspan="1" rowspan="1" width="80%">GET</td>
      </tr>
      <tr>
        <td colspan="1" rowspan="1" class="indent2" width="20%">Parámetros</td>
        <td colspan="1" rowspan="1" width="80%"/>
      </tr>
      <tr>
        <td colspan="1" rowspan="1" class="indent2" width="20%">Ataque</td>
        <td colspan="1" rowspan="1" width="80%"/>
      </tr>
      <tr>
        <td colspan="1" rowspan="1" class="indent2" width="20%">Evidencia</td>
        <td colspan="1" rowspan="1" width="80%"/>
      </tr>
      <tr>
        <td colspan="1" rowspan="1" class="indent2" width="20%">Other Info</td>
        <td colspan="1" rowspan="1" width="80%">NOTA: Debido a su nombre, esta cookie puede ser importante, pero eliminarla parece no tener efecto: [ASP.NET_SessionId] 
Las cookies que no tienen efectos esperados pueden revelar defectos en la lógica de la aplicación. En el peor de los casos, esto puede revelar donde la autenticación por token(s) de cookies no se aplican realmente. Estas cookies influyen en la respuesta: 
Estas cookies NO influyen en la respuesta: ASP.NET_SessionId,__utmz,.ASPXAUTH,__utmt,__utmb,__utmc,__utma
</td>
      </tr>
      <tr>
        <td colspan="1" rowspan="1" class="indent1" width="20%">URL</td>
        <td colspan="1" rowspan="1" width="80%">
          <a shape="rect" href="https://todo.ly/images/presentation">https://todo.ly/images/presentation</a>
        </td>
      </tr>
      <tr>
        <td colspan="1" rowspan="1" class="indent2" width="20%">Método</td>
        <td colspan="1" rowspan="1" width="80%">GET</td>
      </tr>
      <tr>
        <td colspan="1" rowspan="1" class="indent2" width="20%">Parámetros</td>
        <td colspan="1" rowspan="1" width="80%"/>
      </tr>
      <tr>
        <td colspan="1" rowspan="1" class="indent2" width="20%">Ataque</td>
        <td colspan="1" rowspan="1" width="80%"/>
      </tr>
      <tr>
        <td colspan="1" rowspan="1" class="indent2" width="20%">Evidencia</td>
        <td colspan="1" rowspan="1" width="80%"/>
      </tr>
      <tr>
        <td colspan="1" rowspan="1" class="indent2" width="20%">Other Info</td>
        <td colspan="1" rowspan="1" width="80%">NOTA: Debido a su nombre, esta cookie puede ser importante, pero eliminarla parece no tener efecto: [ASP.NET_SessionId] 
Las cookies que no tienen efectos esperados pueden revelar defectos en la lógica de la aplicación. En el peor de los casos, esto puede revelar donde la autenticación por token(s) de cookies no se aplican realmente. Estas cookies influyen en la respuesta: 
Estas cookies NO influyen en la respuesta: ASP.NET_SessionId
</td>
      </tr>
      <tr>
        <td colspan="1" rowspan="1" class="indent1" width="20%">URL</td>
        <td colspan="1" rowspan="1" width="80%">
          <a shape="rect" href="https://todo.ly/images/presentation/roundsmall">https://todo.ly/images/presentation/roundsmall</a>
        </td>
      </tr>
      <tr>
        <td colspan="1" rowspan="1" class="indent2" width="20%">Método</td>
        <td colspan="1" rowspan="1" width="80%">GET</td>
      </tr>
      <tr>
        <td colspan="1" rowspan="1" class="indent2" width="20%">Parámetros</td>
        <td colspan="1" rowspan="1" width="80%"/>
      </tr>
      <tr>
        <td colspan="1" rowspan="1" class="indent2" width="20%">Ataque</td>
        <td colspan="1" rowspan="1" width="80%"/>
      </tr>
      <tr>
        <td colspan="1" rowspan="1" class="indent2" width="20%">Evidencia</td>
        <td colspan="1" rowspan="1" width="80%"/>
      </tr>
      <tr>
        <td colspan="1" rowspan="1" class="indent2" width="20%">Other Info</td>
        <td colspan="1" rowspan="1" width="80%">NOTA: Debido a su nombre, esta cookie puede ser importante, pero eliminarla parece no tener efecto: [ASP.NET_SessionId] 
Las cookies que no tienen efectos esperados pueden revelar defectos en la lógica de la aplicación. En el peor de los casos, esto puede revelar donde la autenticación por token(s) de cookies no se aplican realmente. Estas cookies influyen en la respuesta: 
Estas cookies NO influyen en la respuesta: ASP.NET_SessionId
</td>
      </tr>
      <tr>
        <td colspan="1" rowspan="1" class="indent1" width="20%">URL</td>
        <td colspan="1" rowspan="1" width="80%">
          <a shape="rect" href="https://todo.ly/images/presentation/roundsmall/dragToProject3.png">https://todo.ly/images/presentation/roundsmall/dragToProject3.png</a>
        </td>
      </tr>
      <tr>
        <td colspan="1" rowspan="1" class="indent2" width="20%">Método</td>
        <td colspan="1" rowspan="1" width="80%">GET</td>
      </tr>
      <tr>
        <td colspan="1" rowspan="1" class="indent2" width="20%">Parámetros</td>
        <td colspan="1" rowspan="1" width="80%"/>
      </tr>
      <tr>
        <td colspan="1" rowspan="1" class="indent2" width="20%">Ataque</td>
        <td colspan="1" rowspan="1" width="80%"/>
      </tr>
      <tr>
        <td colspan="1" rowspan="1" class="indent2" width="20%">Evidencia</td>
        <td colspan="1" rowspan="1" width="80%"/>
      </tr>
      <tr>
        <td colspan="1" rowspan="1" class="indent2" width="20%">Other Info</td>
        <td colspan="1" rowspan="1" width="80%">NOTA: Debido a su nombre, esta cookie puede ser importante, pero eliminarla parece no tener efecto: [ASP.NET_SessionId] 
Las cookies que no tienen efectos esperados pueden revelar defectos en la lógica de la aplicación. En el peor de los casos, esto puede revelar donde la autenticación por token(s) de cookies no se aplican realmente. Estas cookies influyen en la respuesta: 
Estas cookies NO influyen en la respuesta: ASP.NET_SessionId
</td>
      </tr>
      <tr>
        <td colspan="1" rowspan="1" class="indent1" width="20%">URL</td>
        <td colspan="1" rowspan="1" width="80%">
          <a shape="rect" href="https://todo.ly/images/presentation/roundsmall/DueDate.png">https://todo.ly/images/presentation/roundsmall/DueDate.png</a>
        </td>
      </tr>
      <tr>
        <td colspan="1" rowspan="1" class="indent2" width="20%">Método</td>
        <td colspan="1" rowspan="1" width="80%">GET</td>
      </tr>
      <tr>
        <td colspan="1" rowspan="1" class="indent2" width="20%">Parámetros</td>
        <td colspan="1" rowspan="1" width="80%"/>
      </tr>
      <tr>
        <td colspan="1" rowspan="1" class="indent2" width="20%">Ataque</td>
        <td colspan="1" rowspan="1" width="80%"/>
      </tr>
      <tr>
        <td colspan="1" rowspan="1" class="indent2" width="20%">Evidencia</td>
        <td colspan="1" rowspan="1" width="80%"/>
      </tr>
      <tr>
        <td colspan="1" rowspan="1" class="indent2" width="20%">Other Info</td>
        <td colspan="1" rowspan="1" width="80%">NOTA: Debido a su nombre, esta cookie puede ser importante, pero eliminarla parece no tener efecto: [ASP.NET_SessionId] 
Las cookies que no tienen efectos esperados pueden revelar defectos en la lógica de la aplicación. En el peor de los casos, esto puede revelar donde la autenticación por token(s) de cookies no se aplican realmente. Estas cookies influyen en la respuesta: 
Estas cookies NO influyen en la respuesta: ASP.NET_SessionId
</td>
      </tr>
      <tr>
        <td colspan="1" rowspan="1" class="indent1" width="20%">URL</td>
        <td colspan="1" rowspan="1" width="80%">
          <a shape="rect" href="https://todo.ly/images/presentation/roundsmall/DueDate.png">https://todo.ly/images/presentation/roundsmall/DueDate.png</a>
        </td>
      </tr>
      <tr>
        <td colspan="1" rowspan="1" class="indent2" width="20%">Método</td>
        <td colspan="1" rowspan="1" width="80%">GET</td>
      </tr>
      <tr>
        <td colspan="1" rowspan="1" class="indent2" width="20%">Parámetros</td>
        <td colspan="1" rowspan="1" width="80%"/>
      </tr>
      <tr>
        <td colspan="1" rowspan="1" class="indent2" width="20%">Ataque</td>
        <td colspan="1" rowspan="1" width="80%"/>
      </tr>
      <tr>
        <td colspan="1" rowspan="1" class="indent2" width="20%">Evidencia</td>
        <td colspan="1" rowspan="1" width="80%"/>
      </tr>
      <tr>
        <td colspan="1" rowspan="1" class="indent2" width="20%">Other Info</td>
        <td colspan="1" rowspan="1" width="80%">NOTA: Debido a su nombre, esta cookie puede ser importante, pero eliminarla parece no tener efecto: [ASP.NET_SessionId] 
Las cookies que no tienen efectos esperados pueden revelar defectos en la lógica de la aplicación. En el peor de los casos, esto puede revelar donde la autenticación por token(s) de cookies no se aplican realmente. Estas cookies influyen en la respuesta: 
Estas cookies NO influyen en la respuesta: ASP.NET_SessionId,__utmz,__utmt,__utmb,__utmc,__utma
</td>
      </tr>
      <tr>
        <td colspan="1" rowspan="1" class="indent1" width="20%">URL</td>
        <td colspan="1" rowspan="1" width="80%">
          <a shape="rect" href="https://todo.ly/images/presentation/roundsmall/intro3.png">https://todo.ly/images/presentation/roundsmall/intro3.png</a>
        </td>
      </tr>
      <tr>
        <td colspan="1" rowspan="1" class="indent2" width="20%">Método</td>
        <td colspan="1" rowspan="1" width="80%">GET</td>
      </tr>
      <tr>
        <td colspan="1" rowspan="1" class="indent2" width="20%">Parámetros</td>
        <td colspan="1" rowspan="1" width="80%"/>
      </tr>
      <tr>
        <td colspan="1" rowspan="1" class="indent2" width="20%">Ataque</td>
        <td colspan="1" rowspan="1" width="80%"/>
      </tr>
      <tr>
        <td colspan="1" rowspan="1" class="indent2" width="20%">Evidencia</td>
        <td colspan="1" rowspan="1" width="80%"/>
      </tr>
      <tr>
        <td colspan="1" rowspan="1" class="indent2" width="20%">Other Info</td>
        <td colspan="1" rowspan="1" width="80%">NOTA: Debido a su nombre, esta cookie puede ser importante, pero eliminarla parece no tener efecto: [ASP.NET_SessionId] 
Las cookies que no tienen efectos esperados pueden revelar defectos en la lógica de la aplicación. En el peor de los casos, esto puede revelar donde la autenticación por token(s) de cookies no se aplican realmente. Estas cookies influyen en la respuesta: 
Estas cookies NO influyen en la respuesta: ASP.NET_SessionId
</td>
      </tr>
      <tr>
        <td colspan="1" rowspan="1" class="indent1" width="20%">URL</td>
        <td colspan="1" rowspan="1" width="80%">
          <a shape="rect" href="https://todo.ly/images/presentation/roundsmall/postpone.png">https://todo.ly/images/presentation/roundsmall/postpone.png</a>
        </td>
      </tr>
      <tr>
        <td colspan="1" rowspan="1" class="indent2" width="20%">Método</td>
        <td colspan="1" rowspan="1" width="80%">GET</td>
      </tr>
      <tr>
        <td colspan="1" rowspan="1" class="indent2" width="20%">Parámetros</td>
        <td colspan="1" rowspan="1" width="80%"/>
      </tr>
      <tr>
        <td colspan="1" rowspan="1" class="indent2" width="20%">Ataque</td>
        <td colspan="1" rowspan="1" width="80%"/>
      </tr>
      <tr>
        <td colspan="1" rowspan="1" class="indent2" width="20%">Evidencia</td>
        <td colspan="1" rowspan="1" width="80%"/>
      </tr>
      <tr>
        <td colspan="1" rowspan="1" class="indent2" width="20%">Other Info</td>
        <td colspan="1" rowspan="1" width="80%">NOTA: Debido a su nombre, esta cookie puede ser importante, pero eliminarla parece no tener efecto: [ASP.NET_SessionId] 
Las cookies que no tienen efectos esperados pueden revelar defectos en la lógica de la aplicación. En el peor de los casos, esto puede revelar donde la autenticación por token(s) de cookies no se aplican realmente. Estas cookies influyen en la respuesta: 
Estas cookies NO influyen en la respuesta: ASP.NET_SessionId,__utmz,__utmt,__utmb,__utmc,__utma
</td>
      </tr>
      <tr>
        <td colspan="1" rowspan="1" class="indent1" width="20%">URL</td>
        <td colspan="1" rowspan="1" width="80%">
          <a shape="rect" href="https://todo.ly/images/presentation/roundsmall/projects.png">https://todo.ly/images/presentation/roundsmall/projects.png</a>
        </td>
      </tr>
      <tr>
        <td colspan="1" rowspan="1" class="indent2" width="20%">Método</td>
        <td colspan="1" rowspan="1" width="80%">GET</td>
      </tr>
      <tr>
        <td colspan="1" rowspan="1" class="indent2" width="20%">Parámetros</td>
        <td colspan="1" rowspan="1" width="80%"/>
      </tr>
      <tr>
        <td colspan="1" rowspan="1" class="indent2" width="20%">Ataque</td>
        <td colspan="1" rowspan="1" width="80%"/>
      </tr>
      <tr>
        <td colspan="1" rowspan="1" class="indent2" width="20%">Evidencia</td>
        <td colspan="1" rowspan="1" width="80%"/>
      </tr>
      <tr>
        <td colspan="1" rowspan="1" class="indent2" width="20%">Other Info</td>
        <td colspan="1" rowspan="1" width="80%">NOTA: Debido a su nombre, esta cookie puede ser importante, pero eliminarla parece no tener efecto: [ASP.NET_SessionId] 
Las cookies que no tienen efectos esperados pueden revelar defectos en la lógica de la aplicación. En el peor de los casos, esto puede revelar donde la autenticación por token(s) de cookies no se aplican realmente. Estas cookies influyen en la respuesta: 
Estas cookies NO influyen en la respuesta: ASP.NET_SessionId
</td>
      </tr>
      <tr>
        <td colspan="1" rowspan="1" class="indent1" width="20%">URL</td>
        <td colspan="1" rowspan="1" width="80%">
          <a shape="rect" href="https://todo.ly/images/presentation/roundsmall/taskDrag2.png">https://todo.ly/images/presentation/roundsmall/taskDrag2.png</a>
        </td>
      </tr>
      <tr>
        <td colspan="1" rowspan="1" class="indent2" width="20%">Método</td>
        <td colspan="1" rowspan="1" width="80%">GET</td>
      </tr>
      <tr>
        <td colspan="1" rowspan="1" class="indent2" width="20%">Parámetros</td>
        <td colspan="1" rowspan="1" width="80%"/>
      </tr>
      <tr>
        <td colspan="1" rowspan="1" class="indent2" width="20%">Ataque</td>
        <td colspan="1" rowspan="1" width="80%"/>
      </tr>
      <tr>
        <td colspan="1" rowspan="1" class="indent2" width="20%">Evidencia</td>
        <td colspan="1" rowspan="1" width="80%"/>
      </tr>
      <tr>
        <td colspan="1" rowspan="1" class="indent2" width="20%">Other Info</td>
        <td colspan="1" rowspan="1" width="80%">NOTA: Debido a su nombre, esta cookie puede ser importante, pero eliminarla parece no tener efecto: [ASP.NET_SessionId] 
Las cookies que no tienen efectos esperados pueden revelar defectos en la lógica de la aplicación. En el peor de los casos, esto puede revelar donde la autenticación por token(s) de cookies no se aplican realmente. Estas cookies influyen en la respuesta: 
Estas cookies NO influyen en la respuesta: ASP.NET_SessionId
</td>
      </tr>
      <tr>
        <td colspan="1" rowspan="1" class="indent1" width="20%">URL</td>
        <td colspan="1" rowspan="1" width="80%">
          <a shape="rect" href="https://todo.ly/images/presentation/roundsmall/taskEditing.png">https://todo.ly/images/presentation/roundsmall/taskEditing.png</a>
        </td>
      </tr>
      <tr>
        <td colspan="1" rowspan="1" class="indent2" width="20%">Método</td>
        <td colspan="1" rowspan="1" width="80%">GET</td>
      </tr>
      <tr>
        <td colspan="1" rowspan="1" class="indent2" width="20%">Parámetros</td>
        <td colspan="1" rowspan="1" width="80%"/>
      </tr>
      <tr>
        <td colspan="1" rowspan="1" class="indent2" width="20%">Ataque</td>
        <td colspan="1" rowspan="1" width="80%"/>
      </tr>
      <tr>
        <td colspan="1" rowspan="1" class="indent2" width="20%">Evidencia</td>
        <td colspan="1" rowspan="1" width="80%"/>
      </tr>
      <tr>
        <td colspan="1" rowspan="1" class="indent2" width="20%">Other Info</td>
        <td colspan="1" rowspan="1" width="80%">NOTA: Debido a su nombre, esta cookie puede ser importante, pero eliminarla parece no tener efecto: [ASP.NET_SessionId] 
Las cookies que no tienen efectos esperados pueden revelar defectos en la lógica de la aplicación. En el peor de los casos, esto puede revelar donde la autenticación por token(s) de cookies no se aplican realmente. Estas cookies influyen en la respuesta: 
Estas cookies NO influyen en la respuesta: ASP.NET_SessionId
</td>
      </tr>
      <tr>
        <td colspan="1" rowspan="1" class="indent1" width="20%">URL</td>
        <td colspan="1" rowspan="1" width="80%">
          <a shape="rect" href="https://todo.ly/images/presentation/roundsmall/taskMenu.png">https://todo.ly/images/presentation/roundsmall/taskMenu.png</a>
        </td>
      </tr>
      <tr>
        <td colspan="1" rowspan="1" class="indent2" width="20%">Método</td>
        <td colspan="1" rowspan="1" width="80%">GET</td>
      </tr>
      <tr>
        <td colspan="1" rowspan="1" class="indent2" width="20%">Parámetros</td>
        <td colspan="1" rowspan="1" width="80%"/>
      </tr>
      <tr>
        <td colspan="1" rowspan="1" class="indent2" width="20%">Ataque</td>
        <td colspan="1" rowspan="1" width="80%"/>
      </tr>
      <tr>
        <td colspan="1" rowspan="1" class="indent2" width="20%">Evidencia</td>
        <td colspan="1" rowspan="1" width="80%"/>
      </tr>
      <tr>
        <td colspan="1" rowspan="1" class="indent2" width="20%">Other Info</td>
        <td colspan="1" rowspan="1" width="80%">NOTA: Debido a su nombre, esta cookie puede ser importante, pero eliminarla parece no tener efecto: [ASP.NET_SessionId] 
Las cookies que no tienen efectos esperados pueden revelar defectos en la lógica de la aplicación. En el peor de los casos, esto puede revelar donde la autenticación por token(s) de cookies no se aplican realmente. Estas cookies influyen en la respuesta: 
Estas cookies NO influyen en la respuesta: ASP.NET_SessionId
</td>
      </tr>
      <tr>
        <td colspan="1" rowspan="1" class="indent1" width="20%">URL</td>
        <td colspan="1" rowspan="1" width="80%">
          <a shape="rect" href="https://todo.ly/images/presentation/roundsmall/today.png">https://todo.ly/images/presentation/roundsmall/today.png</a>
        </td>
      </tr>
      <tr>
        <td colspan="1" rowspan="1" class="indent2" width="20%">Método</td>
        <td colspan="1" rowspan="1" width="80%">GET</td>
      </tr>
      <tr>
        <td colspan="1" rowspan="1" class="indent2" width="20%">Parámetros</td>
        <td colspan="1" rowspan="1" width="80%"/>
      </tr>
      <tr>
        <td colspan="1" rowspan="1" class="indent2" width="20%">Ataque</td>
        <td colspan="1" rowspan="1" width="80%"/>
      </tr>
      <tr>
        <td colspan="1" rowspan="1" class="indent2" width="20%">Evidencia</td>
        <td colspan="1" rowspan="1" width="80%"/>
      </tr>
      <tr>
        <td colspan="1" rowspan="1" class="indent2" width="20%">Other Info</td>
        <td colspan="1" rowspan="1" width="80%">NOTA: Debido a su nombre, esta cookie puede ser importante, pero eliminarla parece no tener efecto: [ASP.NET_SessionId] 
Las cookies que no tienen efectos esperados pueden revelar defectos en la lógica de la aplicación. En el peor de los casos, esto puede revelar donde la autenticación por token(s) de cookies no se aplican realmente. Estas cookies influyen en la respuesta: 
Estas cookies NO influyen en la respuesta: ASP.NET_SessionId
</td>
      </tr>
      <tr>
        <td colspan="1" rowspan="1" class="indent1" width="20%">URL</td>
        <td colspan="1" rowspan="1" width="80%">
          <a shape="rect" href="https://todo.ly/Images/save.png">https://todo.ly/Images/save.png</a>
        </td>
      </tr>
      <tr>
        <td colspan="1" rowspan="1" class="indent2" width="20%">Método</td>
        <td colspan="1" rowspan="1" width="80%">GET</td>
      </tr>
      <tr>
        <td colspan="1" rowspan="1" class="indent2" width="20%">Parámetros</td>
        <td colspan="1" rowspan="1" width="80%"/>
      </tr>
      <tr>
        <td colspan="1" rowspan="1" class="indent2" width="20%">Ataque</td>
        <td colspan="1" rowspan="1" width="80%"/>
      </tr>
      <tr>
        <td colspan="1" rowspan="1" class="indent2" width="20%">Evidencia</td>
        <td colspan="1" rowspan="1" width="80%"/>
      </tr>
      <tr>
        <td colspan="1" rowspan="1" class="indent2" width="20%">Other Info</td>
        <td colspan="1" rowspan="1" width="80%">NOTA: Debido a su nombre, esta cookie puede ser importante, pero eliminarla parece no tener efecto: [ASP.NET_SessionId] 
Las cookies que no tienen efectos esperados pueden revelar defectos en la lógica de la aplicación. En el peor de los casos, esto puede revelar donde la autenticación por token(s) de cookies no se aplican realmente. Estas cookies influyen en la respuesta: 
Estas cookies NO influyen en la respuesta: ASP.NET_SessionId,__utmz,.ASPXAUTH,__utmt,__utmb,__utmc,__utma
</td>
      </tr>
      <tr>
        <td colspan="1" rowspan="1" class="indent1" width="20%">URL</td>
        <td colspan="1" rowspan="1" width="80%">
          <a shape="rect" href="https://todo.ly/Images/shareHowTo.png">https://todo.ly/Images/shareHowTo.png</a>
        </td>
      </tr>
      <tr>
        <td colspan="1" rowspan="1" class="indent2" width="20%">Método</td>
        <td colspan="1" rowspan="1" width="80%">GET</td>
      </tr>
      <tr>
        <td colspan="1" rowspan="1" class="indent2" width="20%">Parámetros</td>
        <td colspan="1" rowspan="1" width="80%"/>
      </tr>
      <tr>
        <td colspan="1" rowspan="1" class="indent2" width="20%">Ataque</td>
        <td colspan="1" rowspan="1" width="80%"/>
      </tr>
      <tr>
        <td colspan="1" rowspan="1" class="indent2" width="20%">Evidencia</td>
        <td colspan="1" rowspan="1" width="80%"/>
      </tr>
      <tr>
        <td colspan="1" rowspan="1" class="indent2" width="20%">Other Info</td>
        <td colspan="1" rowspan="1" width="80%">NOTA: Debido a su nombre, esta cookie puede ser importante, pero eliminarla parece no tener efecto: [ASP.NET_SessionId] 
Las cookies que no tienen efectos esperados pueden revelar defectos en la lógica de la aplicación. En el peor de los casos, esto puede revelar donde la autenticación por token(s) de cookies no se aplican realmente. Estas cookies influyen en la respuesta: 
Estas cookies NO influyen en la respuesta: ASP.NET_SessionId,__utmz,.ASPXAUTH,__utmt,__utmb,__utmc,__utma
</td>
      </tr>
      <tr>
        <td colspan="1" rowspan="1" class="indent1" width="20%">URL</td>
        <td colspan="1" rowspan="1" width="80%">
          <a shape="rect" href="https://todo.ly/Images/upgrade">https://todo.ly/Images/upgrade</a>
        </td>
      </tr>
      <tr>
        <td colspan="1" rowspan="1" class="indent2" width="20%">Método</td>
        <td colspan="1" rowspan="1" width="80%">GET</td>
      </tr>
      <tr>
        <td colspan="1" rowspan="1" class="indent2" width="20%">Parámetros</td>
        <td colspan="1" rowspan="1" width="80%"/>
      </tr>
      <tr>
        <td colspan="1" rowspan="1" class="indent2" width="20%">Ataque</td>
        <td colspan="1" rowspan="1" width="80%"/>
      </tr>
      <tr>
        <td colspan="1" rowspan="1" class="indent2" width="20%">Evidencia</td>
        <td colspan="1" rowspan="1" width="80%"/>
      </tr>
      <tr>
        <td colspan="1" rowspan="1" class="indent2" width="20%">Other Info</td>
        <td colspan="1" rowspan="1" width="80%">NOTA: Debido a su nombre, esta cookie puede ser importante, pero eliminarla parece no tener efecto: [ASP.NET_SessionId] 
Las cookies que no tienen efectos esperados pueden revelar defectos en la lógica de la aplicación. En el peor de los casos, esto puede revelar donde la autenticación por token(s) de cookies no se aplican realmente. Estas cookies influyen en la respuesta: 
Estas cookies NO influyen en la respuesta: ASP.NET_SessionId,__utmz,.ASPXAUTH,__utmt,__utmb,__utmc,__utma
</td>
      </tr>
      <tr>
        <td colspan="1" rowspan="1" class="indent1" width="20%">URL</td>
        <td colspan="1" rowspan="1" width="80%">
          <a shape="rect" href="https://todo.ly/Images/upgrade/youarepro.png">https://todo.ly/Images/upgrade/youarepro.png</a>
        </td>
      </tr>
      <tr>
        <td colspan="1" rowspan="1" class="indent2" width="20%">Método</td>
        <td colspan="1" rowspan="1" width="80%">GET</td>
      </tr>
      <tr>
        <td colspan="1" rowspan="1" class="indent2" width="20%">Parámetros</td>
        <td colspan="1" rowspan="1" width="80%"/>
      </tr>
      <tr>
        <td colspan="1" rowspan="1" class="indent2" width="20%">Ataque</td>
        <td colspan="1" rowspan="1" width="80%"/>
      </tr>
      <tr>
        <td colspan="1" rowspan="1" class="indent2" width="20%">Evidencia</td>
        <td colspan="1" rowspan="1" width="80%"/>
      </tr>
      <tr>
        <td colspan="1" rowspan="1" class="indent2" width="20%">Other Info</td>
        <td colspan="1" rowspan="1" width="80%">NOTA: Debido a su nombre, esta cookie puede ser importante, pero eliminarla parece no tener efecto: [ASP.NET_SessionId] 
Las cookies que no tienen efectos esperados pueden revelar defectos en la lógica de la aplicación. En el peor de los casos, esto puede revelar donde la autenticación por token(s) de cookies no se aplican realmente. Estas cookies influyen en la respuesta: 
Estas cookies NO influyen en la respuesta: ASP.NET_SessionId,__utmz,.ASPXAUTH,__utmt,__utmb,__utmc,__utma
</td>
      </tr>
      <tr>
        <td colspan="1" rowspan="1" class="indent1" width="20%">URL</td>
        <td colspan="1" rowspan="1" width="80%">
          <a shape="rect" href="https://todo.ly/Scripts">https://todo.ly/Scripts</a>
        </td>
      </tr>
      <tr>
        <td colspan="1" rowspan="1" class="indent2" width="20%">Método</td>
        <td colspan="1" rowspan="1" width="80%">GET</td>
      </tr>
      <tr>
        <td colspan="1" rowspan="1" class="indent2" width="20%">Parámetros</td>
        <td colspan="1" rowspan="1" width="80%"/>
      </tr>
      <tr>
        <td colspan="1" rowspan="1" class="indent2" width="20%">Ataque</td>
        <td colspan="1" rowspan="1" width="80%"/>
      </tr>
      <tr>
        <td colspan="1" rowspan="1" class="indent2" width="20%">Evidencia</td>
        <td colspan="1" rowspan="1" width="80%"/>
      </tr>
      <tr>
        <td colspan="1" rowspan="1" class="indent2" width="20%">Other Info</td>
        <td colspan="1" rowspan="1" width="80%">NOTA: Debido a su nombre, esta cookie puede ser importante, pero eliminarla parece no tener efecto: [ASP.NET_SessionId] 
Las cookies que no tienen efectos esperados pueden revelar defectos en la lógica de la aplicación. En el peor de los casos, esto puede revelar donde la autenticación por token(s) de cookies no se aplican realmente. Estas cookies influyen en la respuesta: 
Estas cookies NO influyen en la respuesta: ASP.NET_SessionId
</td>
      </tr>
      <tr>
        <td colspan="1" rowspan="1" class="indent1" width="20%">URL</td>
        <td colspan="1" rowspan="1" width="80%">
          <a shape="rect" href="https://todo.ly/Scripts/date.js?v=4">https://todo.ly/Scripts/date.js?v=4</a>
        </td>
      </tr>
      <tr>
        <td colspan="1" rowspan="1" class="indent2" width="20%">Método</td>
        <td colspan="1" rowspan="1" width="80%">GET</td>
      </tr>
      <tr>
        <td colspan="1" rowspan="1" class="indent2" width="20%">Parámetros</td>
        <td colspan="1" rowspan="1" width="80%"/>
      </tr>
      <tr>
        <td colspan="1" rowspan="1" class="indent2" width="20%">Ataque</td>
        <td colspan="1" rowspan="1" width="80%"/>
      </tr>
      <tr>
        <td colspan="1" rowspan="1" class="indent2" width="20%">Evidencia</td>
        <td colspan="1" rowspan="1" width="80%"/>
      </tr>
      <tr>
        <td colspan="1" rowspan="1" class="indent2" width="20%">Other Info</td>
        <td colspan="1" rowspan="1" width="80%">NOTA: Debido a su nombre, esta cookie puede ser importante, pero eliminarla parece no tener efecto: [ASP.NET_SessionId] 
Las cookies que no tienen efectos esperados pueden revelar defectos en la lógica de la aplicación. En el peor de los casos, esto puede revelar donde la autenticación por token(s) de cookies no se aplican realmente. Estas cookies influyen en la respuesta: 
Estas cookies NO influyen en la respuesta: ASP.NET_SessionId
</td>
      </tr>
      <tr>
        <td colspan="1" rowspan="1" class="indent1" width="20%">URL</td>
        <td colspan="1" rowspan="1" width="80%">
          <a shape="rect" href="https://todo.ly/Scripts/jquery-1.7.1.min.js">https://todo.ly/Scripts/jquery-1.7.1.min.js</a>
        </td>
      </tr>
      <tr>
        <td colspan="1" rowspan="1" class="indent2" width="20%">Método</td>
        <td colspan="1" rowspan="1" width="80%">GET</td>
      </tr>
      <tr>
        <td colspan="1" rowspan="1" class="indent2" width="20%">Parámetros</td>
        <td colspan="1" rowspan="1" width="80%"/>
      </tr>
      <tr>
        <td colspan="1" rowspan="1" class="indent2" width="20%">Ataque</td>
        <td colspan="1" rowspan="1" width="80%"/>
      </tr>
      <tr>
        <td colspan="1" rowspan="1" class="indent2" width="20%">Evidencia</td>
        <td colspan="1" rowspan="1" width="80%"/>
      </tr>
      <tr>
        <td colspan="1" rowspan="1" class="indent2" width="20%">Other Info</td>
        <td colspan="1" rowspan="1" width="80%">NOTA: Debido a su nombre, esta cookie puede ser importante, pero eliminarla parece no tener efecto: [ASP.NET_SessionId] 
Las cookies que no tienen efectos esperados pueden revelar defectos en la lógica de la aplicación. En el peor de los casos, esto puede revelar donde la autenticación por token(s) de cookies no se aplican realmente. Estas cookies influyen en la respuesta: 
Estas cookies NO influyen en la respuesta: ASP.NET_SessionId
</td>
      </tr>
      <tr>
        <td colspan="1" rowspan="1" class="indent1" width="20%">URL</td>
        <td colspan="1" rowspan="1" width="80%">
          <a shape="rect" href="https://todo.ly/Scripts/jquery-ui-1.8.13.custom.min.js?v=6">https://todo.ly/Scripts/jquery-ui-1.8.13.custom.min.js?v=6</a>
        </td>
      </tr>
      <tr>
        <td colspan="1" rowspan="1" class="indent2" width="20%">Método</td>
        <td colspan="1" rowspan="1" width="80%">GET</td>
      </tr>
      <tr>
        <td colspan="1" rowspan="1" class="indent2" width="20%">Parámetros</td>
        <td colspan="1" rowspan="1" width="80%"/>
      </tr>
      <tr>
        <td colspan="1" rowspan="1" class="indent2" width="20%">Ataque</td>
        <td colspan="1" rowspan="1" width="80%"/>
      </tr>
      <tr>
        <td colspan="1" rowspan="1" class="indent2" width="20%">Evidencia</td>
        <td colspan="1" rowspan="1" width="80%"/>
      </tr>
      <tr>
        <td colspan="1" rowspan="1" class="indent2" width="20%">Other Info</td>
        <td colspan="1" rowspan="1" width="80%">NOTA: Debido a su nombre, esta cookie puede ser importante, pero eliminarla parece no tener efecto: [ASP.NET_SessionId] 
Las cookies que no tienen efectos esperados pueden revelar defectos en la lógica de la aplicación. En el peor de los casos, esto puede revelar donde la autenticación por token(s) de cookies no se aplican realmente. Estas cookies influyen en la respuesta: 
Estas cookies NO influyen en la respuesta: ASP.NET_SessionId
</td>
      </tr>
      <tr>
        <td colspan="1" rowspan="1" class="indent1" width="20%">URL</td>
        <td colspan="1" rowspan="1" width="80%">
          <a shape="rect" href="https://todo.ly/Scripts/jquery-ui-timepicker-addon.js">https://todo.ly/Scripts/jquery-ui-timepicker-addon.js</a>
        </td>
      </tr>
      <tr>
        <td colspan="1" rowspan="1" class="indent2" width="20%">Método</td>
        <td colspan="1" rowspan="1" width="80%">GET</td>
      </tr>
      <tr>
        <td colspan="1" rowspan="1" class="indent2" width="20%">Parámetros</td>
        <td colspan="1" rowspan="1" width="80%"/>
      </tr>
      <tr>
        <td colspan="1" rowspan="1" class="indent2" width="20%">Ataque</td>
        <td colspan="1" rowspan="1" width="80%"/>
      </tr>
      <tr>
        <td colspan="1" rowspan="1" class="indent2" width="20%">Evidencia</td>
        <td colspan="1" rowspan="1" width="80%"/>
      </tr>
      <tr>
        <td colspan="1" rowspan="1" class="indent2" width="20%">Other Info</td>
        <td colspan="1" rowspan="1" width="80%">NOTA: Debido a su nombre, esta cookie puede ser importante, pero eliminarla parece no tener efecto: [ASP.NET_SessionId] 
Las cookies que no tienen efectos esperados pueden revelar defectos en la lógica de la aplicación. En el peor de los casos, esto puede revelar donde la autenticación por token(s) de cookies no se aplican realmente. Estas cookies influyen en la respuesta: 
Estas cookies NO influyen en la respuesta: ASP.NET_SessionId
</td>
      </tr>
      <tr>
        <td colspan="1" rowspan="1" class="indent1" width="20%">URL</td>
        <td colspan="1" rowspan="1" width="80%">
          <a shape="rect" href="https://todo.ly/Scripts/jquery.autogrow-textarea.js">https://todo.ly/Scripts/jquery.autogrow-textarea.js</a>
        </td>
      </tr>
      <tr>
        <td colspan="1" rowspan="1" class="indent2" width="20%">Método</td>
        <td colspan="1" rowspan="1" width="80%">GET</td>
      </tr>
      <tr>
        <td colspan="1" rowspan="1" class="indent2" width="20%">Parámetros</td>
        <td colspan="1" rowspan="1" width="80%"/>
      </tr>
      <tr>
        <td colspan="1" rowspan="1" class="indent2" width="20%">Ataque</td>
        <td colspan="1" rowspan="1" width="80%"/>
      </tr>
      <tr>
        <td colspan="1" rowspan="1" class="indent2" width="20%">Evidencia</td>
        <td colspan="1" rowspan="1" width="80%"/>
      </tr>
      <tr>
        <td colspan="1" rowspan="1" class="indent2" width="20%">Other Info</td>
        <td colspan="1" rowspan="1" width="80%">NOTA: Debido a su nombre, esta cookie puede ser importante, pero eliminarla parece no tener efecto: [ASP.NET_SessionId] 
Las cookies que no tienen efectos esperados pueden revelar defectos en la lógica de la aplicación. En el peor de los casos, esto puede revelar donde la autenticación por token(s) de cookies no se aplican realmente. Estas cookies influyen en la respuesta: 
Estas cookies NO influyen en la respuesta: ASP.NET_SessionId
</td>
      </tr>
      <tr>
        <td colspan="1" rowspan="1" class="indent1" width="20%">URL</td>
        <td colspan="1" rowspan="1" width="80%">
          <a shape="rect" href="https://todo.ly/Scripts/jquery.clearableTextField.min.js">https://todo.ly/Scripts/jquery.clearableTextField.min.js</a>
        </td>
      </tr>
      <tr>
        <td colspan="1" rowspan="1" class="indent2" width="20%">Método</td>
        <td colspan="1" rowspan="1" width="80%">GET</td>
      </tr>
      <tr>
        <td colspan="1" rowspan="1" class="indent2" width="20%">Parámetros</td>
        <td colspan="1" rowspan="1" width="80%"/>
      </tr>
      <tr>
        <td colspan="1" rowspan="1" class="indent2" width="20%">Ataque</td>
        <td colspan="1" rowspan="1" width="80%"/>
      </tr>
      <tr>
        <td colspan="1" rowspan="1" class="indent2" width="20%">Evidencia</td>
        <td colspan="1" rowspan="1" width="80%"/>
      </tr>
      <tr>
        <td colspan="1" rowspan="1" class="indent2" width="20%">Other Info</td>
        <td colspan="1" rowspan="1" width="80%">NOTA: Debido a su nombre, esta cookie puede ser importante, pero eliminarla parece no tener efecto: [ASP.NET_SessionId] 
Las cookies que no tienen efectos esperados pueden revelar defectos en la lógica de la aplicación. En el peor de los casos, esto puede revelar donde la autenticación por token(s) de cookies no se aplican realmente. Estas cookies influyen en la respuesta: 
Estas cookies NO influyen en la respuesta: ASP.NET_SessionId
</td>
      </tr>
      <tr>
        <td colspan="1" rowspan="1" class="indent1" width="20%">URL</td>
        <td colspan="1" rowspan="1" width="80%">
          <a shape="rect" href="https://todo.ly/Scripts/jquery.contextMenu.js?v=6">https://todo.ly/Scripts/jquery.contextMenu.js?v=6</a>
        </td>
      </tr>
      <tr>
        <td colspan="1" rowspan="1" class="indent2" width="20%">Método</td>
        <td colspan="1" rowspan="1" width="80%">GET</td>
      </tr>
      <tr>
        <td colspan="1" rowspan="1" class="indent2" width="20%">Parámetros</td>
        <td colspan="1" rowspan="1" width="80%"/>
      </tr>
      <tr>
        <td colspan="1" rowspan="1" class="indent2" width="20%">Ataque</td>
        <td colspan="1" rowspan="1" width="80%"/>
      </tr>
      <tr>
        <td colspan="1" rowspan="1" class="indent2" width="20%">Evidencia</td>
        <td colspan="1" rowspan="1" width="80%"/>
      </tr>
      <tr>
        <td colspan="1" rowspan="1" class="indent2" width="20%">Other Info</td>
        <td colspan="1" rowspan="1" width="80%">NOTA: Debido a su nombre, esta cookie puede ser importante, pero eliminarla parece no tener efecto: [ASP.NET_SessionId] 
Las cookies que no tienen efectos esperados pueden revelar defectos en la lógica de la aplicación. En el peor de los casos, esto puede revelar donde la autenticación por token(s) de cookies no se aplican realmente. Estas cookies influyen en la respuesta: 
Estas cookies NO influyen en la respuesta: ASP.NET_SessionId
</td>
      </tr>
      <tr>
        <td colspan="1" rowspan="1" class="indent1" width="20%">URL</td>
        <td colspan="1" rowspan="1" width="80%">
          <a shape="rect" href="https://todo.ly/Scripts/jquery.cookie.js">https://todo.ly/Scripts/jquery.cookie.js</a>
        </td>
      </tr>
      <tr>
        <td colspan="1" rowspan="1" class="indent2" width="20%">Método</td>
        <td colspan="1" rowspan="1" width="80%">GET</td>
      </tr>
      <tr>
        <td colspan="1" rowspan="1" class="indent2" width="20%">Parámetros</td>
        <td colspan="1" rowspan="1" width="80%"/>
      </tr>
      <tr>
        <td colspan="1" rowspan="1" class="indent2" width="20%">Ataque</td>
        <td colspan="1" rowspan="1" width="80%"/>
      </tr>
      <tr>
        <td colspan="1" rowspan="1" class="indent2" width="20%">Evidencia</td>
        <td colspan="1" rowspan="1" width="80%"/>
      </tr>
      <tr>
        <td colspan="1" rowspan="1" class="indent2" width="20%">Other Info</td>
        <td colspan="1" rowspan="1" width="80%">NOTA: Debido a su nombre, esta cookie puede ser importante, pero eliminarla parece no tener efecto: [ASP.NET_SessionId] 
Las cookies que no tienen efectos esperados pueden revelar defectos en la lógica de la aplicación. En el peor de los casos, esto puede revelar donde la autenticación por token(s) de cookies no se aplican realmente. Estas cookies influyen en la respuesta: 
Estas cookies NO influyen en la respuesta: ASP.NET_SessionId
</td>
      </tr>
      <tr>
        <td colspan="1" rowspan="1" class="indent1" width="20%">URL</td>
        <td colspan="1" rowspan="1" width="80%">
          <a shape="rect" href="https://todo.ly/Scripts/jquery.dropshadow.js">https://todo.ly/Scripts/jquery.dropshadow.js</a>
        </td>
      </tr>
      <tr>
        <td colspan="1" rowspan="1" class="indent2" width="20%">Método</td>
        <td colspan="1" rowspan="1" width="80%">GET</td>
      </tr>
      <tr>
        <td colspan="1" rowspan="1" class="indent2" width="20%">Parámetros</td>
        <td colspan="1" rowspan="1" width="80%"/>
      </tr>
      <tr>
        <td colspan="1" rowspan="1" class="indent2" width="20%">Ataque</td>
        <td colspan="1" rowspan="1" width="80%"/>
      </tr>
      <tr>
        <td colspan="1" rowspan="1" class="indent2" width="20%">Evidencia</td>
        <td colspan="1" rowspan="1" width="80%"/>
      </tr>
      <tr>
        <td colspan="1" rowspan="1" class="indent2" width="20%">Other Info</td>
        <td colspan="1" rowspan="1" width="80%">NOTA: Debido a su nombre, esta cookie puede ser importante, pero eliminarla parece no tener efecto: [ASP.NET_SessionId] 
Las cookies que no tienen efectos esperados pueden revelar defectos en la lógica de la aplicación. En el peor de los casos, esto puede revelar donde la autenticación por token(s) de cookies no se aplican realmente. Estas cookies influyen en la respuesta: 
Estas cookies NO influyen en la respuesta: ASP.NET_SessionId
</td>
      </tr>
      <tr>
        <td colspan="1" rowspan="1" class="indent1" width="20%">URL</td>
        <td colspan="1" rowspan="1" width="80%">
          <a shape="rect" href="https://todo.ly/Scripts/jquery.fancybox-1.3.1.pack.js">https://todo.ly/Scripts/jquery.fancybox-1.3.1.pack.js</a>
        </td>
      </tr>
      <tr>
        <td colspan="1" rowspan="1" class="indent2" width="20%">Método</td>
        <td colspan="1" rowspan="1" width="80%">GET</td>
      </tr>
      <tr>
        <td colspan="1" rowspan="1" class="indent2" width="20%">Parámetros</td>
        <td colspan="1" rowspan="1" width="80%"/>
      </tr>
      <tr>
        <td colspan="1" rowspan="1" class="indent2" width="20%">Ataque</td>
        <td colspan="1" rowspan="1" width="80%"/>
      </tr>
      <tr>
        <td colspan="1" rowspan="1" class="indent2" width="20%">Evidencia</td>
        <td colspan="1" rowspan="1" width="80%"/>
      </tr>
      <tr>
        <td colspan="1" rowspan="1" class="indent2" width="20%">Other Info</td>
        <td colspan="1" rowspan="1" width="80%">NOTA: Debido a su nombre, esta cookie puede ser importante, pero eliminarla parece no tener efecto: [ASP.NET_SessionId] 
Las cookies que no tienen efectos esperados pueden revelar defectos en la lógica de la aplicación. En el peor de los casos, esto puede revelar donde la autenticación por token(s) de cookies no se aplican realmente. Estas cookies influyen en la respuesta: 
Estas cookies NO influyen en la respuesta: ASP.NET_SessionId
</td>
      </tr>
      <tr>
        <td colspan="1" rowspan="1" class="indent1" width="20%">URL</td>
        <td colspan="1" rowspan="1" width="80%">
          <a shape="rect" href="https://todo.ly/Scripts/jquery.json-2.2.min.js">https://todo.ly/Scripts/jquery.json-2.2.min.js</a>
        </td>
      </tr>
      <tr>
        <td colspan="1" rowspan="1" class="indent2" width="20%">Método</td>
        <td colspan="1" rowspan="1" width="80%">GET</td>
      </tr>
      <tr>
        <td colspan="1" rowspan="1" class="indent2" width="20%">Parámetros</td>
        <td colspan="1" rowspan="1" width="80%"/>
      </tr>
      <tr>
        <td colspan="1" rowspan="1" class="indent2" width="20%">Ataque</td>
        <td colspan="1" rowspan="1" width="80%"/>
      </tr>
      <tr>
        <td colspan="1" rowspan="1" class="indent2" width="20%">Evidencia</td>
        <td colspan="1" rowspan="1" width="80%"/>
      </tr>
      <tr>
        <td colspan="1" rowspan="1" class="indent2" width="20%">Other Info</td>
        <td colspan="1" rowspan="1" width="80%">NOTA: Debido a su nombre, esta cookie puede ser importante, pero eliminarla parece no tener efecto: [ASP.NET_SessionId] 
Las cookies que no tienen efectos esperados pueden revelar defectos en la lógica de la aplicación. En el peor de los casos, esto puede revelar donde la autenticación por token(s) de cookies no se aplican realmente. Estas cookies influyen en la respuesta: 
Estas cookies NO influyen en la respuesta: ASP.NET_SessionId
</td>
      </tr>
      <tr>
        <td colspan="1" rowspan="1" class="indent1" width="20%">URL</td>
        <td colspan="1" rowspan="1" width="80%">
          <a shape="rect" href="https://todo.ly/Scripts/jquery.popupWindow.js">https://todo.ly/Scripts/jquery.popupWindow.js</a>
        </td>
      </tr>
      <tr>
        <td colspan="1" rowspan="1" class="indent2" width="20%">Método</td>
        <td colspan="1" rowspan="1" width="80%">GET</td>
      </tr>
      <tr>
        <td colspan="1" rowspan="1" class="indent2" width="20%">Parámetros</td>
        <td colspan="1" rowspan="1" width="80%"/>
      </tr>
      <tr>
        <td colspan="1" rowspan="1" class="indent2" width="20%">Ataque</td>
        <td colspan="1" rowspan="1" width="80%"/>
      </tr>
      <tr>
        <td colspan="1" rowspan="1" class="indent2" width="20%">Evidencia</td>
        <td colspan="1" rowspan="1" width="80%"/>
      </tr>
      <tr>
        <td colspan="1" rowspan="1" class="indent2" width="20%">Other Info</td>
        <td colspan="1" rowspan="1" width="80%">NOTA: Debido a su nombre, esta cookie puede ser importante, pero eliminarla parece no tener efecto: [ASP.NET_SessionId] 
Las cookies que no tienen efectos esperados pueden revelar defectos en la lógica de la aplicación. En el peor de los casos, esto puede revelar donde la autenticación por token(s) de cookies no se aplican realmente. Estas cookies influyen en la respuesta: 
Estas cookies NO influyen en la respuesta: ASP.NET_SessionId
</td>
      </tr>
      <tr>
        <td colspan="1" rowspan="1" class="indent1" width="20%">URL</td>
        <td colspan="1" rowspan="1" width="80%">
          <a shape="rect" href="https://todo.ly/Scripts/jquery.printElement.js">https://todo.ly/Scripts/jquery.printElement.js</a>
        </td>
      </tr>
      <tr>
        <td colspan="1" rowspan="1" class="indent2" width="20%">Método</td>
        <td colspan="1" rowspan="1" width="80%">GET</td>
      </tr>
      <tr>
        <td colspan="1" rowspan="1" class="indent2" width="20%">Parámetros</td>
        <td colspan="1" rowspan="1" width="80%"/>
      </tr>
      <tr>
        <td colspan="1" rowspan="1" class="indent2" width="20%">Ataque</td>
        <td colspan="1" rowspan="1" width="80%"/>
      </tr>
      <tr>
        <td colspan="1" rowspan="1" class="indent2" width="20%">Evidencia</td>
        <td colspan="1" rowspan="1" width="80%"/>
      </tr>
      <tr>
        <td colspan="1" rowspan="1" class="indent2" width="20%">Other Info</td>
        <td colspan="1" rowspan="1" width="80%">NOTA: Debido a su nombre, esta cookie puede ser importante, pero eliminarla parece no tener efecto: [ASP.NET_SessionId] 
Las cookies que no tienen efectos esperados pueden revelar defectos en la lógica de la aplicación. En el peor de los casos, esto puede revelar donde la autenticación por token(s) de cookies no se aplican realmente. Estas cookies influyen en la respuesta: 
Estas cookies NO influyen en la respuesta: ASP.NET_SessionId
</td>
      </tr>
      <tr>
        <td colspan="1" rowspan="1" class="indent1" width="20%">URL</td>
        <td colspan="1" rowspan="1" width="80%">
          <a shape="rect" href="https://todo.ly/Scripts/jquery.watermark.min.js">https://todo.ly/Scripts/jquery.watermark.min.js</a>
        </td>
      </tr>
      <tr>
        <td colspan="1" rowspan="1" class="indent2" width="20%">Método</td>
        <td colspan="1" rowspan="1" width="80%">GET</td>
      </tr>
      <tr>
        <td colspan="1" rowspan="1" class="indent2" width="20%">Parámetros</td>
        <td colspan="1" rowspan="1" width="80%"/>
      </tr>
      <tr>
        <td colspan="1" rowspan="1" class="indent2" width="20%">Ataque</td>
        <td colspan="1" rowspan="1" width="80%"/>
      </tr>
      <tr>
        <td colspan="1" rowspan="1" class="indent2" width="20%">Evidencia</td>
        <td colspan="1" rowspan="1" width="80%"/>
      </tr>
      <tr>
        <td colspan="1" rowspan="1" class="indent2" width="20%">Other Info</td>
        <td colspan="1" rowspan="1" width="80%">NOTA: Debido a su nombre, esta cookie puede ser importante, pero eliminarla parece no tener efecto: [ASP.NET_SessionId] 
Las cookies que no tienen efectos esperados pueden revelar defectos en la lógica de la aplicación. En el peor de los casos, esto puede revelar donde la autenticación por token(s) de cookies no se aplican realmente. Estas cookies influyen en la respuesta: 
Estas cookies NO influyen en la respuesta: ASP.NET_SessionId
</td>
      </tr>
      <tr>
        <td colspan="1" rowspan="1" class="indent1" width="20%">URL</td>
        <td colspan="1" rowspan="1" width="80%">
          <a shape="rect" href="https://todo.ly/Scripts/json2.js">https://todo.ly/Scripts/json2.js</a>
        </td>
      </tr>
      <tr>
        <td colspan="1" rowspan="1" class="indent2" width="20%">Método</td>
        <td colspan="1" rowspan="1" width="80%">GET</td>
      </tr>
      <tr>
        <td colspan="1" rowspan="1" class="indent2" width="20%">Parámetros</td>
        <td colspan="1" rowspan="1" width="80%"/>
      </tr>
      <tr>
        <td colspan="1" rowspan="1" class="indent2" width="20%">Ataque</td>
        <td colspan="1" rowspan="1" width="80%"/>
      </tr>
      <tr>
        <td colspan="1" rowspan="1" class="indent2" width="20%">Evidencia</td>
        <td colspan="1" rowspan="1" width="80%"/>
      </tr>
      <tr>
        <td colspan="1" rowspan="1" class="indent2" width="20%">Other Info</td>
        <td colspan="1" rowspan="1" width="80%">NOTA: Debido a su nombre, esta cookie puede ser importante, pero eliminarla parece no tener efecto: [ASP.NET_SessionId] 
Las cookies que no tienen efectos esperados pueden revelar defectos en la lógica de la aplicación. En el peor de los casos, esto puede revelar donde la autenticación por token(s) de cookies no se aplican realmente. Estas cookies influyen en la respuesta: 
Estas cookies NO influyen en la respuesta: ASP.NET_SessionId
</td>
      </tr>
      <tr>
        <td colspan="1" rowspan="1" class="indent1" width="20%">URL</td>
        <td colspan="1" rowspan="1" width="80%">
          <a shape="rect" href="https://todo.ly/Scripts/jstz-1.0.4.min.js">https://todo.ly/Scripts/jstz-1.0.4.min.js</a>
        </td>
      </tr>
      <tr>
        <td colspan="1" rowspan="1" class="indent2" width="20%">Método</td>
        <td colspan="1" rowspan="1" width="80%">GET</td>
      </tr>
      <tr>
        <td colspan="1" rowspan="1" class="indent2" width="20%">Parámetros</td>
        <td colspan="1" rowspan="1" width="80%"/>
      </tr>
      <tr>
        <td colspan="1" rowspan="1" class="indent2" width="20%">Ataque</td>
        <td colspan="1" rowspan="1" width="80%"/>
      </tr>
      <tr>
        <td colspan="1" rowspan="1" class="indent2" width="20%">Evidencia</td>
        <td colspan="1" rowspan="1" width="80%"/>
      </tr>
      <tr>
        <td colspan="1" rowspan="1" class="indent2" width="20%">Other Info</td>
        <td colspan="1" rowspan="1" width="80%">NOTA: Debido a su nombre, esta cookie puede ser importante, pero eliminarla parece no tener efecto: [ASP.NET_SessionId] 
Las cookies que no tienen efectos esperados pueden revelar defectos en la lógica de la aplicación. En el peor de los casos, esto puede revelar donde la autenticación por token(s) de cookies no se aplican realmente. Estas cookies influyen en la respuesta: 
Estas cookies NO influyen en la respuesta: ASP.NET_SessionId
</td>
      </tr>
      <tr>
        <td colspan="1" rowspan="1" class="indent1" width="20%">URL</td>
        <td colspan="1" rowspan="1" width="80%">
          <a shape="rect" href="https://todo.ly/Scripts/nicEdit.js">https://todo.ly/Scripts/nicEdit.js</a>
        </td>
      </tr>
      <tr>
        <td colspan="1" rowspan="1" class="indent2" width="20%">Método</td>
        <td colspan="1" rowspan="1" width="80%">GET</td>
      </tr>
      <tr>
        <td colspan="1" rowspan="1" class="indent2" width="20%">Parámetros</td>
        <td colspan="1" rowspan="1" width="80%"/>
      </tr>
      <tr>
        <td colspan="1" rowspan="1" class="indent2" width="20%">Ataque</td>
        <td colspan="1" rowspan="1" width="80%"/>
      </tr>
      <tr>
        <td colspan="1" rowspan="1" class="indent2" width="20%">Evidencia</td>
        <td colspan="1" rowspan="1" width="80%"/>
      </tr>
      <tr>
        <td colspan="1" rowspan="1" class="indent2" width="20%">Other Info</td>
        <td colspan="1" rowspan="1" width="80%">NOTA: Debido a su nombre, esta cookie puede ser importante, pero eliminarla parece no tener efecto: [ASP.NET_SessionId] 
Las cookies que no tienen efectos esperados pueden revelar defectos en la lógica de la aplicación. En el peor de los casos, esto puede revelar donde la autenticación por token(s) de cookies no se aplican realmente. Estas cookies influyen en la respuesta: 
Estas cookies NO influyen en la respuesta: ASP.NET_SessionId
</td>
      </tr>
      <tr>
        <td colspan="1" rowspan="1" class="indent1" width="20%">URL</td>
        <td colspan="1" rowspan="1" width="80%">
          <a shape="rect" href="https://todo.ly/Scripts/todoly-c11.js">https://todo.ly/Scripts/todoly-c11.js</a>
        </td>
      </tr>
      <tr>
        <td colspan="1" rowspan="1" class="indent2" width="20%">Método</td>
        <td colspan="1" rowspan="1" width="80%">GET</td>
      </tr>
      <tr>
        <td colspan="1" rowspan="1" class="indent2" width="20%">Parámetros</td>
        <td colspan="1" rowspan="1" width="80%"/>
      </tr>
      <tr>
        <td colspan="1" rowspan="1" class="indent2" width="20%">Ataque</td>
        <td colspan="1" rowspan="1" width="80%"/>
      </tr>
      <tr>
        <td colspan="1" rowspan="1" class="indent2" width="20%">Evidencia</td>
        <td colspan="1" rowspan="1" width="80%"/>
      </tr>
      <tr>
        <td colspan="1" rowspan="1" class="indent2" width="20%">Other Info</td>
        <td colspan="1" rowspan="1" width="80%">NOTA: Debido a su nombre, esta cookie puede ser importante, pero eliminarla parece no tener efecto: [ASP.NET_SessionId] 
Las cookies que no tienen efectos esperados pueden revelar defectos en la lógica de la aplicación. En el peor de los casos, esto puede revelar donde la autenticación por token(s) de cookies no se aplican realmente. Estas cookies influyen en la respuesta: 
Estas cookies NO influyen en la respuesta: ASP.NET_SessionId
</td>
      </tr>
      <tr>
        <td colspan="1" rowspan="1" class="indent1" width="20%">URL</td>
        <td colspan="1" rowspan="1" width="80%">
          <a shape="rect" href="https://todo.ly/Style">https://todo.ly/Style</a>
        </td>
      </tr>
      <tr>
        <td colspan="1" rowspan="1" class="indent2" width="20%">Método</td>
        <td colspan="1" rowspan="1" width="80%">GET</td>
      </tr>
      <tr>
        <td colspan="1" rowspan="1" class="indent2" width="20%">Parámetros</td>
        <td colspan="1" rowspan="1" width="80%"/>
      </tr>
      <tr>
        <td colspan="1" rowspan="1" class="indent2" width="20%">Ataque</td>
        <td colspan="1" rowspan="1" width="80%"/>
      </tr>
      <tr>
        <td colspan="1" rowspan="1" class="indent2" width="20%">Evidencia</td>
        <td colspan="1" rowspan="1" width="80%"/>
      </tr>
      <tr>
        <td colspan="1" rowspan="1" class="indent2" width="20%">Other Info</td>
        <td colspan="1" rowspan="1" width="80%">NOTA: Debido a su nombre, esta cookie puede ser importante, pero eliminarla parece no tener efecto: [ASP.NET_SessionId] 
Las cookies que no tienen efectos esperados pueden revelar defectos en la lógica de la aplicación. En el peor de los casos, esto puede revelar donde la autenticación por token(s) de cookies no se aplican realmente. Estas cookies influyen en la respuesta: 
Estas cookies NO influyen en la respuesta: ASP.NET_SessionId
</td>
      </tr>
      <tr>
        <td colspan="1" rowspan="1" class="indent1" width="20%">URL</td>
        <td colspan="1" rowspan="1" width="80%">
          <a shape="rect" href="https://todo.ly/Style/blue3">https://todo.ly/Style/blue3</a>
        </td>
      </tr>
      <tr>
        <td colspan="1" rowspan="1" class="indent2" width="20%">Método</td>
        <td colspan="1" rowspan="1" width="80%">GET</td>
      </tr>
      <tr>
        <td colspan="1" rowspan="1" class="indent2" width="20%">Parámetros</td>
        <td colspan="1" rowspan="1" width="80%"/>
      </tr>
      <tr>
        <td colspan="1" rowspan="1" class="indent2" width="20%">Ataque</td>
        <td colspan="1" rowspan="1" width="80%"/>
      </tr>
      <tr>
        <td colspan="1" rowspan="1" class="indent2" width="20%">Evidencia</td>
        <td colspan="1" rowspan="1" width="80%"/>
      </tr>
      <tr>
        <td colspan="1" rowspan="1" class="indent2" width="20%">Other Info</td>
        <td colspan="1" rowspan="1" width="80%">NOTA: Debido a su nombre, esta cookie puede ser importante, pero eliminarla parece no tener efecto: [ASP.NET_SessionId] 
Las cookies que no tienen efectos esperados pueden revelar defectos en la lógica de la aplicación. En el peor de los casos, esto puede revelar donde la autenticación por token(s) de cookies no se aplican realmente. Estas cookies influyen en la respuesta: 
Estas cookies NO influyen en la respuesta: ASP.NET_SessionId
</td>
      </tr>
      <tr>
        <td colspan="1" rowspan="1" class="indent1" width="20%">URL</td>
        <td colspan="1" rowspan="1" width="80%">
          <a shape="rect" href="https://todo.ly/Style/blue3/jquery-ui-1.8.13.custom.css?v=6">https://todo.ly/Style/blue3/jquery-ui-1.8.13.custom.css?v=6</a>
        </td>
      </tr>
      <tr>
        <td colspan="1" rowspan="1" class="indent2" width="20%">Método</td>
        <td colspan="1" rowspan="1" width="80%">GET</td>
      </tr>
      <tr>
        <td colspan="1" rowspan="1" class="indent2" width="20%">Parámetros</td>
        <td colspan="1" rowspan="1" width="80%"/>
      </tr>
      <tr>
        <td colspan="1" rowspan="1" class="indent2" width="20%">Ataque</td>
        <td colspan="1" rowspan="1" width="80%"/>
      </tr>
      <tr>
        <td colspan="1" rowspan="1" class="indent2" width="20%">Evidencia</td>
        <td colspan="1" rowspan="1" width="80%"/>
      </tr>
      <tr>
        <td colspan="1" rowspan="1" class="indent2" width="20%">Other Info</td>
        <td colspan="1" rowspan="1" width="80%">NOTA: Debido a su nombre, esta cookie puede ser importante, pero eliminarla parece no tener efecto: [ASP.NET_SessionId] 
Las cookies que no tienen efectos esperados pueden revelar defectos en la lógica de la aplicación. En el peor de los casos, esto puede revelar donde la autenticación por token(s) de cookies no se aplican realmente. Estas cookies influyen en la respuesta: 
Estas cookies NO influyen en la respuesta: ASP.NET_SessionId
</td>
      </tr>
      <tr>
        <td colspan="1" rowspan="1" class="indent1" width="20%">URL</td>
        <td colspan="1" rowspan="1" width="80%">
          <a shape="rect" href="https://todo.ly/Style/jquery.contextMenu.css">https://todo.ly/Style/jquery.contextMenu.css</a>
        </td>
      </tr>
      <tr>
        <td colspan="1" rowspan="1" class="indent2" width="20%">Método</td>
        <td colspan="1" rowspan="1" width="80%">GET</td>
      </tr>
      <tr>
        <td colspan="1" rowspan="1" class="indent2" width="20%">Parámetros</td>
        <td colspan="1" rowspan="1" width="80%"/>
      </tr>
      <tr>
        <td colspan="1" rowspan="1" class="indent2" width="20%">Ataque</td>
        <td colspan="1" rowspan="1" width="80%"/>
      </tr>
      <tr>
        <td colspan="1" rowspan="1" class="indent2" width="20%">Evidencia</td>
        <td colspan="1" rowspan="1" width="80%"/>
      </tr>
      <tr>
        <td colspan="1" rowspan="1" class="indent2" width="20%">Other Info</td>
        <td colspan="1" rowspan="1" width="80%">NOTA: Debido a su nombre, esta cookie puede ser importante, pero eliminarla parece no tener efecto: [ASP.NET_SessionId] 
Las cookies que no tienen efectos esperados pueden revelar defectos en la lógica de la aplicación. En el peor de los casos, esto puede revelar donde la autenticación por token(s) de cookies no se aplican realmente. Estas cookies influyen en la respuesta: 
Estas cookies NO influyen en la respuesta: ASP.NET_SessionId
</td>
      </tr>
      <tr>
        <td colspan="1" rowspan="1" class="indent1" width="20%">URL</td>
        <td colspan="1" rowspan="1" width="80%">
          <a shape="rect" href="https://todo.ly/Style/jquery.fancybox-1.3.1.css">https://todo.ly/Style/jquery.fancybox-1.3.1.css</a>
        </td>
      </tr>
      <tr>
        <td colspan="1" rowspan="1" class="indent2" width="20%">Método</td>
        <td colspan="1" rowspan="1" width="80%">GET</td>
      </tr>
      <tr>
        <td colspan="1" rowspan="1" class="indent2" width="20%">Parámetros</td>
        <td colspan="1" rowspan="1" width="80%"/>
      </tr>
      <tr>
        <td colspan="1" rowspan="1" class="indent2" width="20%">Ataque</td>
        <td colspan="1" rowspan="1" width="80%"/>
      </tr>
      <tr>
        <td colspan="1" rowspan="1" class="indent2" width="20%">Evidencia</td>
        <td colspan="1" rowspan="1" width="80%"/>
      </tr>
      <tr>
        <td colspan="1" rowspan="1" class="indent2" width="20%">Other Info</td>
        <td colspan="1" rowspan="1" width="80%">NOTA: Debido a su nombre, esta cookie puede ser importante, pero eliminarla parece no tener efecto: [ASP.NET_SessionId] 
Las cookies que no tienen efectos esperados pueden revelar defectos en la lógica de la aplicación. En el peor de los casos, esto puede revelar donde la autenticación por token(s) de cookies no se aplican realmente. Estas cookies influyen en la respuesta: 
Estas cookies NO influyen en la respuesta: ASP.NET_SessionId
</td>
      </tr>
      <tr>
        <td colspan="1" rowspan="1" class="indent1" width="20%">URL</td>
        <td colspan="1" rowspan="1" width="80%">
          <a shape="rect" href="https://todo.ly/Style/StyleSheet.css?v=20131002">https://todo.ly/Style/StyleSheet.css?v=20131002</a>
        </td>
      </tr>
      <tr>
        <td colspan="1" rowspan="1" class="indent2" width="20%">Método</td>
        <td colspan="1" rowspan="1" width="80%">GET</td>
      </tr>
      <tr>
        <td colspan="1" rowspan="1" class="indent2" width="20%">Parámetros</td>
        <td colspan="1" rowspan="1" width="80%"/>
      </tr>
      <tr>
        <td colspan="1" rowspan="1" class="indent2" width="20%">Ataque</td>
        <td colspan="1" rowspan="1" width="80%"/>
      </tr>
      <tr>
        <td colspan="1" rowspan="1" class="indent2" width="20%">Evidencia</td>
        <td colspan="1" rowspan="1" width="80%"/>
      </tr>
      <tr>
        <td colspan="1" rowspan="1" class="indent2" width="20%">Other Info</td>
        <td colspan="1" rowspan="1" width="80%">NOTA: Debido a su nombre, esta cookie puede ser importante, pero eliminarla parece no tener efecto: [ASP.NET_SessionId] 
Las cookies que no tienen efectos esperados pueden revelar defectos en la lógica de la aplicación. En el peor de los casos, esto puede revelar donde la autenticación por token(s) de cookies no se aplican realmente. Estas cookies influyen en la respuesta: 
Estas cookies NO influyen en la respuesta: ASP.NET_SessionId
</td>
      </tr>
      <tr>
        <td colspan="1" rowspan="1" class="indent1" width="20%">URL</td>
        <td colspan="1" rowspan="1" width="80%">
          <a shape="rect" href="https://todo.ly/Style/TextStyle11.css">https://todo.ly/Style/TextStyle11.css</a>
        </td>
      </tr>
      <tr>
        <td colspan="1" rowspan="1" class="indent2" width="20%">Método</td>
        <td colspan="1" rowspan="1" width="80%">GET</td>
      </tr>
      <tr>
        <td colspan="1" rowspan="1" class="indent2" width="20%">Parámetros</td>
        <td colspan="1" rowspan="1" width="80%"/>
      </tr>
      <tr>
        <td colspan="1" rowspan="1" class="indent2" width="20%">Ataque</td>
        <td colspan="1" rowspan="1" width="80%"/>
      </tr>
      <tr>
        <td colspan="1" rowspan="1" class="indent2" width="20%">Evidencia</td>
        <td colspan="1" rowspan="1" width="80%"/>
      </tr>
      <tr>
        <td colspan="1" rowspan="1" class="indent2" width="20%">Other Info</td>
        <td colspan="1" rowspan="1" width="80%">NOTA: Debido a su nombre, esta cookie puede ser importante, pero eliminarla parece no tener efecto: [ASP.NET_SessionId] 
Las cookies que no tienen efectos esperados pueden revelar defectos en la lógica de la aplicación. En el peor de los casos, esto puede revelar donde la autenticación por token(s) de cookies no se aplican realmente. Estas cookies influyen en la respuesta: 
Estas cookies NO influyen en la respuesta: ASP.NET_SessionId
</td>
      </tr>
      <tr>
        <td colspan="1" rowspan="1" class="indent1" width="20%">URL</td>
        <td colspan="1" rowspan="1" width="80%">
          <a shape="rect" href="https://todo.ly/WebResource.axd?d=NdZLQA9U0ugIk764rCig6lJbCWyp5Dac9aZIs7GtY8ZiVf0oq-m6rKl1e78G9uN3K2ftzj7odKCDwsZv6u8HI4IZGQM1&amp;t=637110248437816177">https://todo.ly/WebResource.axd?d=NdZLQA9U0ugIk764rCig6lJbCWyp5Dac9aZIs7GtY8ZiVf0oq-m6rKl1e78G9uN3K2ftzj7odKCDwsZv6u8HI4IZGQM1&amp;t=637110248437816177</a>
        </td>
      </tr>
      <tr>
        <td colspan="1" rowspan="1" class="indent2" width="20%">Método</td>
        <td colspan="1" rowspan="1" width="80%">GET</td>
      </tr>
      <tr>
        <td colspan="1" rowspan="1" class="indent2" width="20%">Parámetros</td>
        <td colspan="1" rowspan="1" width="80%"/>
      </tr>
      <tr>
        <td colspan="1" rowspan="1" class="indent2" width="20%">Ataque</td>
        <td colspan="1" rowspan="1" width="80%"/>
      </tr>
      <tr>
        <td colspan="1" rowspan="1" class="indent2" width="20%">Evidencia</td>
        <td colspan="1" rowspan="1" width="80%"/>
      </tr>
      <tr>
        <td colspan="1" rowspan="1" class="indent2" width="20%">Other Info</td>
        <td colspan="1" rowspan="1" width="80%">NOTA: Debido a su nombre, esta cookie puede ser importante, pero eliminarla parece no tener efecto: [ASP.NET_SessionId] 
Las cookies que no tienen efectos esperados pueden revelar defectos en la lógica de la aplicación. En el peor de los casos, esto puede revelar donde la autenticación por token(s) de cookies no se aplican realmente. Estas cookies influyen en la respuesta: 
Estas cookies NO influyen en la respuesta: ASP.NET_SessionId
</td>
      </tr>
      <tr>
        <td colspan="1" rowspan="1" class="indent1" width="20%">URL</td>
        <td colspan="1" rowspan="1" width="80%">
          <a shape="rect" href="https://todo.ly/">https://todo.ly/</a>
        </td>
      </tr>
      <tr>
        <td colspan="1" rowspan="1" class="indent2" width="20%">Método</td>
        <td colspan="1" rowspan="1" width="80%">POST</td>
      </tr>
      <tr>
        <td colspan="1" rowspan="1" class="indent2" width="20%">Parámetros</td>
        <td colspan="1" rowspan="1" width="80%"/>
      </tr>
      <tr>
        <td colspan="1" rowspan="1" class="indent2" width="20%">Ataque</td>
        <td colspan="1" rowspan="1" width="80%"/>
      </tr>
      <tr>
        <td colspan="1" rowspan="1" class="indent2" width="20%">Evidencia</td>
        <td colspan="1" rowspan="1" width="80%"/>
      </tr>
      <tr>
        <td colspan="1" rowspan="1" class="indent2" width="20%">Other Info</td>
        <td colspan="1" rowspan="1" width="80%">NOTA: Debido a su nombre, esta cookie puede ser importante, pero eliminarla parece no tener efecto: [ASP.NET_SessionId] 
Las cookies que no tienen efectos esperados pueden revelar defectos en la lógica de la aplicación. En el peor de los casos, esto puede revelar donde la autenticación por token(s) de cookies no se aplican realmente. Estas cookies influyen en la respuesta: 
Estas cookies NO influyen en la respuesta: ASP.NET_SessionId,__utmz,.ASPXAUTH,__utmt,__utmb,__utmc,__utma
</td>
      </tr>
      <tr>
        <td colspan="1" rowspan="1" width="20%">Instancia</td>
        <td colspan="1" rowspan="1" width="80%">100</td>
      </tr>
      <tr>
        <td colspan="1" rowspan="1" width="20%">Solución</td>
        <td colspan="1" rowspan="1" width="80%"/>
      </tr>
      <tr>
        <td colspan="1" rowspan="1" width="20%">Referencia</td>
        <td colspan="1" rowspan="1" width="80%">
          <a shape="rect" href="https://cwe.mitre.org/data/definitions/205.html">https://cwe.mitre.org/data/definitions/205.html</a>
        </td>
      </tr>
      <tr>
        <td colspan="1" rowspan="1" width="20%">CWE Id</td>
        <td colspan="1" rowspan="1" width="80%">
          <a shape="rect" href="https://cwe.mitre.org/data/definitions/205.html">205</a>
        </td>
      </tr>
      <tr>
        <td colspan="1" rowspan="1" width="20%">WASC Id</td>
        <td colspan="1" rowspan="1" width="80%">45</td>
      </tr>
      <tr>
        <td colspan="1" rowspan="1" width="20%">Plugin Id</td>
        <td colspan="1" rowspan="1" width="80%">
          <a shape="rect" href="https://www.zaproxy.org/docs/alerts/90027/">90027</a>
        </td>
      </tr>
    </table>
    <div class="spacer"/>
    <table class="results">
      <tr height="24">
        <th colspan="1" rowspan="1" class="risk-1" width="20%">
          <a shape="rect" id="10096"/>
          <div>Bajo</div>
        </th>
        <th colspan="1" rowspan="1" class="risk-1">Divulgación de la marca de hora - Unix</th>
      </tr>
      <tr>
        <td colspan="1" rowspan="1" width="20%">Descripción</td>
        <td colspan="1" rowspan="1" width="80%">
          <div>Una marca de tiempo ha sido divulgada por el servidor de la aplicación/el navegador - Unix</div>
        </td>
      </tr>
      <tr valign="top">
        <td colspan="2" rowspan="1"/>
      </tr>
      <tr>
        <td colspan="1" rowspan="1" class="indent1" width="20%">URL</td>
        <td colspan="1" rowspan="1" width="80%">
          <a shape="rect" href="https://apis.google.com/_/scs/abc-static/_/js/k=gapi.gapi.en.MGCxJbnW_Xw.O/m=gapi_iframes,googleapis_client/rt=j/sv=1/d=1/ed=1/am=AAAg/rs=AHpOoo9xa4htLEVH9xe6c4ToUehtTaLWvA/cb=gapi.loaded_0">https://apis.google.com/_/scs/abc-static/_/js/k=gapi.gapi.en.MGCxJbnW_Xw.O/m=gapi_iframes,googleapis_client/rt=j/sv=1/d=1/ed=1/am=AAAg/rs=AHpOoo9xa4htLEVH9xe6c4ToUehtTaLWvA/cb=gapi.loaded_0</a>
        </td>
      </tr>
      <tr>
        <td colspan="1" rowspan="1" class="indent2" width="20%">Método</td>
        <td colspan="1" rowspan="1" width="80%">GET</td>
      </tr>
      <tr>
        <td colspan="1" rowspan="1" class="indent2" width="20%">Parámetros</td>
        <td colspan="1" rowspan="1" width="80%"/>
      </tr>
      <tr>
        <td colspan="1" rowspan="1" class="indent2" width="20%">Ataque</td>
        <td colspan="1" rowspan="1" width="80%"/>
      </tr>
      <tr>
        <td colspan="1" rowspan="1" class="indent2" width="20%">Evidencia</td>
        <td colspan="1" rowspan="1" width="80%">1518500249</td>
      </tr>
      <tr>
        <td colspan="1" rowspan="1" class="indent2" width="20%">Other Info</td>
        <td colspan="1" rowspan="1" width="80%">1518500249, que evalúa a: 2018-02-13 01:37:29</td>
      </tr>
      <tr>
        <td colspan="1" rowspan="1" class="indent1" width="20%">URL</td>
        <td colspan="1" rowspan="1" width="80%">
          <a shape="rect" href="https://apis.google.com/_/scs/abc-static/_/js/k=gapi.gapi.en.MGCxJbnW_Xw.O/m=gapi_iframes,googleapis_client/rt=j/sv=1/d=1/ed=1/am=AAAg/rs=AHpOoo9xa4htLEVH9xe6c4ToUehtTaLWvA/cb=gapi.loaded_0">https://apis.google.com/_/scs/abc-static/_/js/k=gapi.gapi.en.MGCxJbnW_Xw.O/m=gapi_iframes,googleapis_client/rt=j/sv=1/d=1/ed=1/am=AAAg/rs=AHpOoo9xa4htLEVH9xe6c4ToUehtTaLWvA/cb=gapi.loaded_0</a>
        </td>
      </tr>
      <tr>
        <td colspan="1" rowspan="1" class="indent2" width="20%">Método</td>
        <td colspan="1" rowspan="1" width="80%">GET</td>
      </tr>
      <tr>
        <td colspan="1" rowspan="1" class="indent2" width="20%">Parámetros</td>
        <td colspan="1" rowspan="1" width="80%"/>
      </tr>
      <tr>
        <td colspan="1" rowspan="1" class="indent2" width="20%">Ataque</td>
        <td colspan="1" rowspan="1" width="80%"/>
      </tr>
      <tr>
        <td colspan="1" rowspan="1" class="indent2" width="20%">Evidencia</td>
        <td colspan="1" rowspan="1" width="80%">1732584193</td>
      </tr>
      <tr>
        <td colspan="1" rowspan="1" class="indent2" width="20%">Other Info</td>
        <td colspan="1" rowspan="1" width="80%">1732584193, que evalúa a: 2024-11-25 21:23:13</td>
      </tr>
      <tr>
        <td colspan="1" rowspan="1" class="indent1" width="20%">URL</td>
        <td colspan="1" rowspan="1" width="80%">
          <a shape="rect" href="https://apis.google.com/_/scs/abc-static/_/js/k=gapi.gapi.en.MGCxJbnW_Xw.O/m=gapi_iframes,googleapis_client/rt=j/sv=1/d=1/ed=1/am=AAAg/rs=AHpOoo9xa4htLEVH9xe6c4ToUehtTaLWvA/cb=gapi.loaded_0">https://apis.google.com/_/scs/abc-static/_/js/k=gapi.gapi.en.MGCxJbnW_Xw.O/m=gapi_iframes,googleapis_client/rt=j/sv=1/d=1/ed=1/am=AAAg/rs=AHpOoo9xa4htLEVH9xe6c4ToUehtTaLWvA/cb=gapi.loaded_0</a>
        </td>
      </tr>
      <tr>
        <td colspan="1" rowspan="1" class="indent2" width="20%">Método</td>
        <td colspan="1" rowspan="1" width="80%">GET</td>
      </tr>
      <tr>
        <td colspan="1" rowspan="1" class="indent2" width="20%">Parámetros</td>
        <td colspan="1" rowspan="1" width="80%"/>
      </tr>
      <tr>
        <td colspan="1" rowspan="1" class="indent2" width="20%">Ataque</td>
        <td colspan="1" rowspan="1" width="80%"/>
      </tr>
      <tr>
        <td colspan="1" rowspan="1" class="indent2" width="20%">Evidencia</td>
        <td colspan="1" rowspan="1" width="80%">1859775393</td>
      </tr>
      <tr>
        <td colspan="1" rowspan="1" class="indent2" width="20%">Other Info</td>
        <td colspan="1" rowspan="1" width="80%">1859775393, que evalúa a: 2028-12-07 00:16:33</td>
      </tr>
      <tr>
        <td colspan="1" rowspan="1" class="indent1" width="20%">URL</td>
        <td colspan="1" rowspan="1" width="80%">
          <a shape="rect" href="https://demo.owasp-juice.shop/">https://demo.owasp-juice.shop/</a>
        </td>
      </tr>
      <tr>
        <td colspan="1" rowspan="1" class="indent2" width="20%">Método</td>
        <td colspan="1" rowspan="1" width="80%">GET</td>
      </tr>
      <tr>
        <td colspan="1" rowspan="1" class="indent2" width="20%">Parámetros</td>
        <td colspan="1" rowspan="1" width="80%">Reporting-Endpoints</td>
      </tr>
      <tr>
        <td colspan="1" rowspan="1" class="indent2" width="20%">Ataque</td>
        <td colspan="1" rowspan="1" width="80%"/>
      </tr>
      <tr>
        <td colspan="1" rowspan="1" class="indent2" width="20%">Evidencia</td>
        <td colspan="1" rowspan="1" width="80%">1724030300</td>
      </tr>
      <tr>
        <td colspan="1" rowspan="1" class="indent2" width="20%">Other Info</td>
        <td colspan="1" rowspan="1" width="80%">1724030300, que evalúa a: 2024-08-18 21:18:20</td>
      </tr>
      <tr>
        <td colspan="1" rowspan="1" class="indent1" width="20%">URL</td>
        <td colspan="1" rowspan="1" width="80%">
          <a shape="rect" href="https://demo.owasp-juice.shop/">https://demo.owasp-juice.shop/</a>
        </td>
      </tr>
      <tr>
        <td colspan="1" rowspan="1" class="indent2" width="20%">Método</td>
        <td colspan="1" rowspan="1" width="80%">GET</td>
      </tr>
      <tr>
        <td colspan="1" rowspan="1" class="indent2" width="20%">Parámetros</td>
        <td colspan="1" rowspan="1" width="80%">Reporting-Endpoints</td>
      </tr>
      <tr>
        <td colspan="1" rowspan="1" class="indent2" width="20%">Ataque</td>
        <td colspan="1" rowspan="1" width="80%"/>
      </tr>
      <tr>
        <td colspan="1" rowspan="1" class="indent2" width="20%">Evidencia</td>
        <td colspan="1" rowspan="1" width="80%">1724030357</td>
      </tr>
      <tr>
        <td colspan="1" rowspan="1" class="indent2" width="20%">Other Info</td>
        <td colspan="1" rowspan="1" width="80%">1724030357, que evalúa a: 2024-08-18 21:19:17</td>
      </tr>
      <tr>
        <td colspan="1" rowspan="1" class="indent1" width="20%">URL</td>
        <td colspan="1" rowspan="1" width="80%">
          <a shape="rect" href="https://demo.owasp-juice.shop/">https://demo.owasp-juice.shop/</a>
        </td>
      </tr>
      <tr>
        <td colspan="1" rowspan="1" class="indent2" width="20%">Método</td>
        <td colspan="1" rowspan="1" width="80%">GET</td>
      </tr>
      <tr>
        <td colspan="1" rowspan="1" class="indent2" width="20%">Parámetros</td>
        <td colspan="1" rowspan="1" width="80%">Reporting-Endpoints</td>
      </tr>
      <tr>
        <td colspan="1" rowspan="1" class="indent2" width="20%">Ataque</td>
        <td colspan="1" rowspan="1" width="80%"/>
      </tr>
      <tr>
        <td colspan="1" rowspan="1" class="indent2" width="20%">Evidencia</td>
        <td colspan="1" rowspan="1" width="80%">1724030395</td>
      </tr>
      <tr>
        <td colspan="1" rowspan="1" class="indent2" width="20%">Other Info</td>
        <td colspan="1" rowspan="1" width="80%">1724030395, que evalúa a: 2024-08-18 21:19:55</td>
      </tr>
      <tr>
        <td colspan="1" rowspan="1" class="indent1" width="20%">URL</td>
        <td colspan="1" rowspan="1" width="80%">
          <a shape="rect" href="https://demo.owasp-juice.shop/">https://demo.owasp-juice.shop/</a>
        </td>
      </tr>
      <tr>
        <td colspan="1" rowspan="1" class="indent2" width="20%">Método</td>
        <td colspan="1" rowspan="1" width="80%">GET</td>
      </tr>
      <tr>
        <td colspan="1" rowspan="1" class="indent2" width="20%">Parámetros</td>
        <td colspan="1" rowspan="1" width="80%">Reporting-Endpoints</td>
      </tr>
      <tr>
        <td colspan="1" rowspan="1" class="indent2" width="20%">Ataque</td>
        <td colspan="1" rowspan="1" width="80%"/>
      </tr>
      <tr>
        <td colspan="1" rowspan="1" class="indent2" width="20%">Evidencia</td>
        <td colspan="1" rowspan="1" width="80%">1724030434</td>
      </tr>
      <tr>
        <td colspan="1" rowspan="1" class="indent2" width="20%">Other Info</td>
        <td colspan="1" rowspan="1" width="80%">1724030434, que evalúa a: 2024-08-18 21:20:34</td>
      </tr>
      <tr>
        <td colspan="1" rowspan="1" class="indent1" width="20%">URL</td>
        <td colspan="1" rowspan="1" width="80%">
          <a shape="rect" href="https://demo.owasp-juice.shop/">https://demo.owasp-juice.shop/</a>
        </td>
      </tr>
      <tr>
        <td colspan="1" rowspan="1" class="indent2" width="20%">Método</td>
        <td colspan="1" rowspan="1" width="80%">GET</td>
      </tr>
      <tr>
        <td colspan="1" rowspan="1" class="indent2" width="20%">Parámetros</td>
        <td colspan="1" rowspan="1" width="80%">Reporting-Endpoints</td>
      </tr>
      <tr>
        <td colspan="1" rowspan="1" class="indent2" width="20%">Ataque</td>
        <td colspan="1" rowspan="1" width="80%"/>
      </tr>
      <tr>
        <td colspan="1" rowspan="1" class="indent2" width="20%">Evidencia</td>
        <td colspan="1" rowspan="1" width="80%">1724030450</td>
      </tr>
      <tr>
        <td colspan="1" rowspan="1" class="indent2" width="20%">Other Info</td>
        <td colspan="1" rowspan="1" width="80%">1724030450, que evalúa a: 2024-08-18 21:20:50</td>
      </tr>
      <tr>
        <td colspan="1" rowspan="1" class="indent1" width="20%">URL</td>
        <td colspan="1" rowspan="1" width="80%">
          <a shape="rect" href="https://demo.owasp-juice.shop/">https://demo.owasp-juice.shop/</a>
        </td>
      </tr>
      <tr>
        <td colspan="1" rowspan="1" class="indent2" width="20%">Método</td>
        <td colspan="1" rowspan="1" width="80%">GET</td>
      </tr>
      <tr>
        <td colspan="1" rowspan="1" class="indent2" width="20%">Parámetros</td>
        <td colspan="1" rowspan="1" width="80%">Reporting-Endpoints</td>
      </tr>
      <tr>
        <td colspan="1" rowspan="1" class="indent2" width="20%">Ataque</td>
        <td colspan="1" rowspan="1" width="80%"/>
      </tr>
      <tr>
        <td colspan="1" rowspan="1" class="indent2" width="20%">Evidencia</td>
        <td colspan="1" rowspan="1" width="80%">1724030600</td>
      </tr>
      <tr>
        <td colspan="1" rowspan="1" class="indent2" width="20%">Other Info</td>
        <td colspan="1" rowspan="1" width="80%">1724030600, que evalúa a: 2024-08-18 21:23:20</td>
      </tr>
      <tr>
        <td colspan="1" rowspan="1" class="indent1" width="20%">URL</td>
        <td colspan="1" rowspan="1" width="80%">
          <a shape="rect" href="https://demo.owasp-juice.shop/api/Challenges/?name=Score%20Board">https://demo.owasp-juice.shop/api/Challenges/?name=Score%20Board</a>
        </td>
      </tr>
      <tr>
        <td colspan="1" rowspan="1" class="indent2" width="20%">Método</td>
        <td colspan="1" rowspan="1" width="80%">GET</td>
      </tr>
      <tr>
        <td colspan="1" rowspan="1" class="indent2" width="20%">Parámetros</td>
        <td colspan="1" rowspan="1" width="80%">Reporting-Endpoints</td>
      </tr>
      <tr>
        <td colspan="1" rowspan="1" class="indent2" width="20%">Ataque</td>
        <td colspan="1" rowspan="1" width="80%"/>
      </tr>
      <tr>
        <td colspan="1" rowspan="1" class="indent2" width="20%">Evidencia</td>
        <td colspan="1" rowspan="1" width="80%">1724030303</td>
      </tr>
      <tr>
        <td colspan="1" rowspan="1" class="indent2" width="20%">Other Info</td>
        <td colspan="1" rowspan="1" width="80%">1724030303, que evalúa a: 2024-08-18 21:18:23</td>
      </tr>
      <tr>
        <td colspan="1" rowspan="1" class="indent1" width="20%">URL</td>
        <td colspan="1" rowspan="1" width="80%">
          <a shape="rect" href="https://demo.owasp-juice.shop/api/Challenges/?name=Score%20Board">https://demo.owasp-juice.shop/api/Challenges/?name=Score%20Board</a>
        </td>
      </tr>
      <tr>
        <td colspan="1" rowspan="1" class="indent2" width="20%">Método</td>
        <td colspan="1" rowspan="1" width="80%">GET</td>
      </tr>
      <tr>
        <td colspan="1" rowspan="1" class="indent2" width="20%">Parámetros</td>
        <td colspan="1" rowspan="1" width="80%">Reporting-Endpoints</td>
      </tr>
      <tr>
        <td colspan="1" rowspan="1" class="indent2" width="20%">Ataque</td>
        <td colspan="1" rowspan="1" width="80%"/>
      </tr>
      <tr>
        <td colspan="1" rowspan="1" class="indent2" width="20%">Evidencia</td>
        <td colspan="1" rowspan="1" width="80%">1724030304</td>
      </tr>
      <tr>
        <td colspan="1" rowspan="1" class="indent2" width="20%">Other Info</td>
        <td colspan="1" rowspan="1" width="80%">1724030304, que evalúa a: 2024-08-18 21:18:24</td>
      </tr>
      <tr>
        <td colspan="1" rowspan="1" class="indent1" width="20%">URL</td>
        <td colspan="1" rowspan="1" width="80%">
          <a shape="rect" href="https://demo.owasp-juice.shop/api/Challenges/?name=Score%20Board">https://demo.owasp-juice.shop/api/Challenges/?name=Score%20Board</a>
        </td>
      </tr>
      <tr>
        <td colspan="1" rowspan="1" class="indent2" width="20%">Método</td>
        <td colspan="1" rowspan="1" width="80%">GET</td>
      </tr>
      <tr>
        <td colspan="1" rowspan="1" class="indent2" width="20%">Parámetros</td>
        <td colspan="1" rowspan="1" width="80%">Reporting-Endpoints</td>
      </tr>
      <tr>
        <td colspan="1" rowspan="1" class="indent2" width="20%">Ataque</td>
        <td colspan="1" rowspan="1" width="80%"/>
      </tr>
      <tr>
        <td colspan="1" rowspan="1" class="indent2" width="20%">Evidencia</td>
        <td colspan="1" rowspan="1" width="80%">1724030363</td>
      </tr>
      <tr>
        <td colspan="1" rowspan="1" class="indent2" width="20%">Other Info</td>
        <td colspan="1" rowspan="1" width="80%">1724030363, que evalúa a: 2024-08-18 21:19:23</td>
      </tr>
      <tr>
        <td colspan="1" rowspan="1" class="indent1" width="20%">URL</td>
        <td colspan="1" rowspan="1" width="80%">
          <a shape="rect" href="https://demo.owasp-juice.shop/api/Challenges/?name=Score%20Board">https://demo.owasp-juice.shop/api/Challenges/?name=Score%20Board</a>
        </td>
      </tr>
      <tr>
        <td colspan="1" rowspan="1" class="indent2" width="20%">Método</td>
        <td colspan="1" rowspan="1" width="80%">GET</td>
      </tr>
      <tr>
        <td colspan="1" rowspan="1" class="indent2" width="20%">Parámetros</td>
        <td colspan="1" rowspan="1" width="80%">Reporting-Endpoints</td>
      </tr>
      <tr>
        <td colspan="1" rowspan="1" class="indent2" width="20%">Ataque</td>
        <td colspan="1" rowspan="1" width="80%"/>
      </tr>
      <tr>
        <td colspan="1" rowspan="1" class="indent2" width="20%">Evidencia</td>
        <td colspan="1" rowspan="1" width="80%">1724030364</td>
      </tr>
      <tr>
        <td colspan="1" rowspan="1" class="indent2" width="20%">Other Info</td>
        <td colspan="1" rowspan="1" width="80%">1724030364, que evalúa a: 2024-08-18 21:19:24</td>
      </tr>
      <tr>
        <td colspan="1" rowspan="1" class="indent1" width="20%">URL</td>
        <td colspan="1" rowspan="1" width="80%">
          <a shape="rect" href="https://demo.owasp-juice.shop/api/Challenges/?name=Score%20Board">https://demo.owasp-juice.shop/api/Challenges/?name=Score%20Board</a>
        </td>
      </tr>
      <tr>
        <td colspan="1" rowspan="1" class="indent2" width="20%">Método</td>
        <td colspan="1" rowspan="1" width="80%">GET</td>
      </tr>
      <tr>
        <td colspan="1" rowspan="1" class="indent2" width="20%">Parámetros</td>
        <td colspan="1" rowspan="1" width="80%">Reporting-Endpoints</td>
      </tr>
      <tr>
        <td colspan="1" rowspan="1" class="indent2" width="20%">Ataque</td>
        <td colspan="1" rowspan="1" width="80%"/>
      </tr>
      <tr>
        <td colspan="1" rowspan="1" class="indent2" width="20%">Evidencia</td>
        <td colspan="1" rowspan="1" width="80%">1724030399</td>
      </tr>
      <tr>
        <td colspan="1" rowspan="1" class="indent2" width="20%">Other Info</td>
        <td colspan="1" rowspan="1" width="80%">1724030399, que evalúa a: 2024-08-18 21:19:59</td>
      </tr>
      <tr>
        <td colspan="1" rowspan="1" class="indent1" width="20%">URL</td>
        <td colspan="1" rowspan="1" width="80%">
          <a shape="rect" href="https://demo.owasp-juice.shop/api/Challenges/?name=Score%20Board">https://demo.owasp-juice.shop/api/Challenges/?name=Score%20Board</a>
        </td>
      </tr>
      <tr>
        <td colspan="1" rowspan="1" class="indent2" width="20%">Método</td>
        <td colspan="1" rowspan="1" width="80%">GET</td>
      </tr>
      <tr>
        <td colspan="1" rowspan="1" class="indent2" width="20%">Parámetros</td>
        <td colspan="1" rowspan="1" width="80%">Reporting-Endpoints</td>
      </tr>
      <tr>
        <td colspan="1" rowspan="1" class="indent2" width="20%">Ataque</td>
        <td colspan="1" rowspan="1" width="80%"/>
      </tr>
      <tr>
        <td colspan="1" rowspan="1" class="indent2" width="20%">Evidencia</td>
        <td colspan="1" rowspan="1" width="80%">1724030454</td>
      </tr>
      <tr>
        <td colspan="1" rowspan="1" class="indent2" width="20%">Other Info</td>
        <td colspan="1" rowspan="1" width="80%">1724030454, que evalúa a: 2024-08-18 21:20:54</td>
      </tr>
      <tr>
        <td colspan="1" rowspan="1" class="indent1" width="20%">URL</td>
        <td colspan="1" rowspan="1" width="80%">
          <a shape="rect" href="https://demo.owasp-juice.shop/api/Challenges/?name=Score%20Board">https://demo.owasp-juice.shop/api/Challenges/?name=Score%20Board</a>
        </td>
      </tr>
      <tr>
        <td colspan="1" rowspan="1" class="indent2" width="20%">Método</td>
        <td colspan="1" rowspan="1" width="80%">GET</td>
      </tr>
      <tr>
        <td colspan="1" rowspan="1" class="indent2" width="20%">Parámetros</td>
        <td colspan="1" rowspan="1" width="80%">Reporting-Endpoints</td>
      </tr>
      <tr>
        <td colspan="1" rowspan="1" class="indent2" width="20%">Ataque</td>
        <td colspan="1" rowspan="1" width="80%"/>
      </tr>
      <tr>
        <td colspan="1" rowspan="1" class="indent2" width="20%">Evidencia</td>
        <td colspan="1" rowspan="1" width="80%">1724030603</td>
      </tr>
      <tr>
        <td colspan="1" rowspan="1" class="indent2" width="20%">Other Info</td>
        <td colspan="1" rowspan="1" width="80%">1724030603, que evalúa a: 2024-08-18 21:23:23</td>
      </tr>
      <tr>
        <td colspan="1" rowspan="1" class="indent1" width="20%">URL</td>
        <td colspan="1" rowspan="1" width="80%">
          <a shape="rect" href="https://demo.owasp-juice.shop/api/Challenges/?name=Score%20Board">https://demo.owasp-juice.shop/api/Challenges/?name=Score%20Board</a>
        </td>
      </tr>
      <tr>
        <td colspan="1" rowspan="1" class="indent2" width="20%">Método</td>
        <td colspan="1" rowspan="1" width="80%">GET</td>
      </tr>
      <tr>
        <td colspan="1" rowspan="1" class="indent2" width="20%">Parámetros</td>
        <td colspan="1" rowspan="1" width="80%">Reporting-Endpoints</td>
      </tr>
      <tr>
        <td colspan="1" rowspan="1" class="indent2" width="20%">Ataque</td>
        <td colspan="1" rowspan="1" width="80%"/>
      </tr>
      <tr>
        <td colspan="1" rowspan="1" class="indent2" width="20%">Evidencia</td>
        <td colspan="1" rowspan="1" width="80%">1724030604</td>
      </tr>
      <tr>
        <td colspan="1" rowspan="1" class="indent2" width="20%">Other Info</td>
        <td colspan="1" rowspan="1" width="80%">1724030604, que evalúa a: 2024-08-18 21:23:24</td>
      </tr>
      <tr>
        <td colspan="1" rowspan="1" class="indent1" width="20%">URL</td>
        <td colspan="1" rowspan="1" width="80%">
          <a shape="rect" href="https://demo.owasp-juice.shop/api/Quantitys/">https://demo.owasp-juice.shop/api/Quantitys/</a>
        </td>
      </tr>
      <tr>
        <td colspan="1" rowspan="1" class="indent2" width="20%">Método</td>
        <td colspan="1" rowspan="1" width="80%">GET</td>
      </tr>
      <tr>
        <td colspan="1" rowspan="1" class="indent2" width="20%">Parámetros</td>
        <td colspan="1" rowspan="1" width="80%">Reporting-Endpoints</td>
      </tr>
      <tr>
        <td colspan="1" rowspan="1" class="indent2" width="20%">Ataque</td>
        <td colspan="1" rowspan="1" width="80%"/>
      </tr>
      <tr>
        <td colspan="1" rowspan="1" class="indent2" width="20%">Evidencia</td>
        <td colspan="1" rowspan="1" width="80%">1724030304</td>
      </tr>
      <tr>
        <td colspan="1" rowspan="1" class="indent2" width="20%">Other Info</td>
        <td colspan="1" rowspan="1" width="80%">1724030304, que evalúa a: 2024-08-18 21:18:24</td>
      </tr>
      <tr>
        <td colspan="1" rowspan="1" class="indent1" width="20%">URL</td>
        <td colspan="1" rowspan="1" width="80%">
          <a shape="rect" href="https://demo.owasp-juice.shop/api/Quantitys/">https://demo.owasp-juice.shop/api/Quantitys/</a>
        </td>
      </tr>
      <tr>
        <td colspan="1" rowspan="1" class="indent2" width="20%">Método</td>
        <td colspan="1" rowspan="1" width="80%">GET</td>
      </tr>
      <tr>
        <td colspan="1" rowspan="1" class="indent2" width="20%">Parámetros</td>
        <td colspan="1" rowspan="1" width="80%">Reporting-Endpoints</td>
      </tr>
      <tr>
        <td colspan="1" rowspan="1" class="indent2" width="20%">Ataque</td>
        <td colspan="1" rowspan="1" width="80%"/>
      </tr>
      <tr>
        <td colspan="1" rowspan="1" class="indent2" width="20%">Evidencia</td>
        <td colspan="1" rowspan="1" width="80%">1724030315</td>
      </tr>
      <tr>
        <td colspan="1" rowspan="1" class="indent2" width="20%">Other Info</td>
        <td colspan="1" rowspan="1" width="80%">1724030315, que evalúa a: 2024-08-18 21:18:35</td>
      </tr>
      <tr>
        <td colspan="1" rowspan="1" class="indent1" width="20%">URL</td>
        <td colspan="1" rowspan="1" width="80%">
          <a shape="rect" href="https://demo.owasp-juice.shop/api/Quantitys/">https://demo.owasp-juice.shop/api/Quantitys/</a>
        </td>
      </tr>
      <tr>
        <td colspan="1" rowspan="1" class="indent2" width="20%">Método</td>
        <td colspan="1" rowspan="1" width="80%">GET</td>
      </tr>
      <tr>
        <td colspan="1" rowspan="1" class="indent2" width="20%">Parámetros</td>
        <td colspan="1" rowspan="1" width="80%">Reporting-Endpoints</td>
      </tr>
      <tr>
        <td colspan="1" rowspan="1" class="indent2" width="20%">Ataque</td>
        <td colspan="1" rowspan="1" width="80%"/>
      </tr>
      <tr>
        <td colspan="1" rowspan="1" class="indent2" width="20%">Evidencia</td>
        <td colspan="1" rowspan="1" width="80%">1724030363</td>
      </tr>
      <tr>
        <td colspan="1" rowspan="1" class="indent2" width="20%">Other Info</td>
        <td colspan="1" rowspan="1" width="80%">1724030363, que evalúa a: 2024-08-18 21:19:23</td>
      </tr>
      <tr>
        <td colspan="1" rowspan="1" class="indent1" width="20%">URL</td>
        <td colspan="1" rowspan="1" width="80%">
          <a shape="rect" href="https://demo.owasp-juice.shop/api/Quantitys/">https://demo.owasp-juice.shop/api/Quantitys/</a>
        </td>
      </tr>
      <tr>
        <td colspan="1" rowspan="1" class="indent2" width="20%">Método</td>
        <td colspan="1" rowspan="1" width="80%">GET</td>
      </tr>
      <tr>
        <td colspan="1" rowspan="1" class="indent2" width="20%">Parámetros</td>
        <td colspan="1" rowspan="1" width="80%">Reporting-Endpoints</td>
      </tr>
      <tr>
        <td colspan="1" rowspan="1" class="indent2" width="20%">Ataque</td>
        <td colspan="1" rowspan="1" width="80%"/>
      </tr>
      <tr>
        <td colspan="1" rowspan="1" class="indent2" width="20%">Evidencia</td>
        <td colspan="1" rowspan="1" width="80%">1724030399</td>
      </tr>
      <tr>
        <td colspan="1" rowspan="1" class="indent2" width="20%">Other Info</td>
        <td colspan="1" rowspan="1" width="80%">1724030399, que evalúa a: 2024-08-18 21:19:59</td>
      </tr>
      <tr>
        <td colspan="1" rowspan="1" class="indent1" width="20%">URL</td>
        <td colspan="1" rowspan="1" width="80%">
          <a shape="rect" href="https://demo.owasp-juice.shop/api/Quantitys/">https://demo.owasp-juice.shop/api/Quantitys/</a>
        </td>
      </tr>
      <tr>
        <td colspan="1" rowspan="1" class="indent2" width="20%">Método</td>
        <td colspan="1" rowspan="1" width="80%">GET</td>
      </tr>
      <tr>
        <td colspan="1" rowspan="1" class="indent2" width="20%">Parámetros</td>
        <td colspan="1" rowspan="1" width="80%">Reporting-Endpoints</td>
      </tr>
      <tr>
        <td colspan="1" rowspan="1" class="indent2" width="20%">Ataque</td>
        <td colspan="1" rowspan="1" width="80%"/>
      </tr>
      <tr>
        <td colspan="1" rowspan="1" class="indent2" width="20%">Evidencia</td>
        <td colspan="1" rowspan="1" width="80%">1724030454</td>
      </tr>
      <tr>
        <td colspan="1" rowspan="1" class="indent2" width="20%">Other Info</td>
        <td colspan="1" rowspan="1" width="80%">1724030454, que evalúa a: 2024-08-18 21:20:54</td>
      </tr>
      <tr>
        <td colspan="1" rowspan="1" class="indent1" width="20%">URL</td>
        <td colspan="1" rowspan="1" width="80%">
          <a shape="rect" href="https://demo.owasp-juice.shop/api/Quantitys/">https://demo.owasp-juice.shop/api/Quantitys/</a>
        </td>
      </tr>
      <tr>
        <td colspan="1" rowspan="1" class="indent2" width="20%">Método</td>
        <td colspan="1" rowspan="1" width="80%">GET</td>
      </tr>
      <tr>
        <td colspan="1" rowspan="1" class="indent2" width="20%">Parámetros</td>
        <td colspan="1" rowspan="1" width="80%">Reporting-Endpoints</td>
      </tr>
      <tr>
        <td colspan="1" rowspan="1" class="indent2" width="20%">Ataque</td>
        <td colspan="1" rowspan="1" width="80%"/>
      </tr>
      <tr>
        <td colspan="1" rowspan="1" class="indent2" width="20%">Evidencia</td>
        <td colspan="1" rowspan="1" width="80%">1724030459</td>
      </tr>
      <tr>
        <td colspan="1" rowspan="1" class="indent2" width="20%">Other Info</td>
        <td colspan="1" rowspan="1" width="80%">1724030459, que evalúa a: 2024-08-18 21:20:59</td>
      </tr>
      <tr>
        <td colspan="1" rowspan="1" class="indent1" width="20%">URL</td>
        <td colspan="1" rowspan="1" width="80%">
          <a shape="rect" href="https://demo.owasp-juice.shop/api/Quantitys/">https://demo.owasp-juice.shop/api/Quantitys/</a>
        </td>
      </tr>
      <tr>
        <td colspan="1" rowspan="1" class="indent2" width="20%">Método</td>
        <td colspan="1" rowspan="1" width="80%">GET</td>
      </tr>
      <tr>
        <td colspan="1" rowspan="1" class="indent2" width="20%">Parámetros</td>
        <td colspan="1" rowspan="1" width="80%">Reporting-Endpoints</td>
      </tr>
      <tr>
        <td colspan="1" rowspan="1" class="indent2" width="20%">Ataque</td>
        <td colspan="1" rowspan="1" width="80%"/>
      </tr>
      <tr>
        <td colspan="1" rowspan="1" class="indent2" width="20%">Evidencia</td>
        <td colspan="1" rowspan="1" width="80%">1724030604</td>
      </tr>
      <tr>
        <td colspan="1" rowspan="1" class="indent2" width="20%">Other Info</td>
        <td colspan="1" rowspan="1" width="80%">1724030604, que evalúa a: 2024-08-18 21:23:24</td>
      </tr>
      <tr>
        <td colspan="1" rowspan="1" class="indent1" width="20%">URL</td>
        <td colspan="1" rowspan="1" width="80%">
          <a shape="rect" href="https://demo.owasp-juice.shop/api/Quantitys/">https://demo.owasp-juice.shop/api/Quantitys/</a>
        </td>
      </tr>
      <tr>
        <td colspan="1" rowspan="1" class="indent2" width="20%">Método</td>
        <td colspan="1" rowspan="1" width="80%">GET</td>
      </tr>
      <tr>
        <td colspan="1" rowspan="1" class="indent2" width="20%">Parámetros</td>
        <td colspan="1" rowspan="1" width="80%">Reporting-Endpoints</td>
      </tr>
      <tr>
        <td colspan="1" rowspan="1" class="indent2" width="20%">Ataque</td>
        <td colspan="1" rowspan="1" width="80%"/>
      </tr>
      <tr>
        <td colspan="1" rowspan="1" class="indent2" width="20%">Evidencia</td>
        <td colspan="1" rowspan="1" width="80%">1724030631</td>
      </tr>
      <tr>
        <td colspan="1" rowspan="1" class="indent2" width="20%">Other Info</td>
        <td colspan="1" rowspan="1" width="80%">1724030631, que evalúa a: 2024-08-18 21:23:51</td>
      </tr>
      <tr>
        <td colspan="1" rowspan="1" class="indent1" width="20%">URL</td>
        <td colspan="1" rowspan="1" width="80%">
          <a shape="rect" href="https://demo.owasp-juice.shop/assets/i18n/en.json">https://demo.owasp-juice.shop/assets/i18n/en.json</a>
        </td>
      </tr>
      <tr>
        <td colspan="1" rowspan="1" class="indent2" width="20%">Método</td>
        <td colspan="1" rowspan="1" width="80%">GET</td>
      </tr>
      <tr>
        <td colspan="1" rowspan="1" class="indent2" width="20%">Parámetros</td>
        <td colspan="1" rowspan="1" width="80%">Reporting-Endpoints</td>
      </tr>
      <tr>
        <td colspan="1" rowspan="1" class="indent2" width="20%">Ataque</td>
        <td colspan="1" rowspan="1" width="80%"/>
      </tr>
      <tr>
        <td colspan="1" rowspan="1" class="indent2" width="20%">Evidencia</td>
        <td colspan="1" rowspan="1" width="80%">1724030303</td>
      </tr>
      <tr>
        <td colspan="1" rowspan="1" class="indent2" width="20%">Other Info</td>
        <td colspan="1" rowspan="1" width="80%">1724030303, que evalúa a: 2024-08-18 21:18:23</td>
      </tr>
      <tr>
        <td colspan="1" rowspan="1" class="indent1" width="20%">URL</td>
        <td colspan="1" rowspan="1" width="80%">
          <a shape="rect" href="https://demo.owasp-juice.shop/assets/i18n/en.json">https://demo.owasp-juice.shop/assets/i18n/en.json</a>
        </td>
      </tr>
      <tr>
        <td colspan="1" rowspan="1" class="indent2" width="20%">Método</td>
        <td colspan="1" rowspan="1" width="80%">GET</td>
      </tr>
      <tr>
        <td colspan="1" rowspan="1" class="indent2" width="20%">Parámetros</td>
        <td colspan="1" rowspan="1" width="80%">Reporting-Endpoints</td>
      </tr>
      <tr>
        <td colspan="1" rowspan="1" class="indent2" width="20%">Ataque</td>
        <td colspan="1" rowspan="1" width="80%"/>
      </tr>
      <tr>
        <td colspan="1" rowspan="1" class="indent2" width="20%">Evidencia</td>
        <td colspan="1" rowspan="1" width="80%">1724030363</td>
      </tr>
      <tr>
        <td colspan="1" rowspan="1" class="indent2" width="20%">Other Info</td>
        <td colspan="1" rowspan="1" width="80%">1724030363, que evalúa a: 2024-08-18 21:19:23</td>
      </tr>
      <tr>
        <td colspan="1" rowspan="1" class="indent1" width="20%">URL</td>
        <td colspan="1" rowspan="1" width="80%">
          <a shape="rect" href="https://demo.owasp-juice.shop/assets/i18n/en.json">https://demo.owasp-juice.shop/assets/i18n/en.json</a>
        </td>
      </tr>
      <tr>
        <td colspan="1" rowspan="1" class="indent2" width="20%">Método</td>
        <td colspan="1" rowspan="1" width="80%">GET</td>
      </tr>
      <tr>
        <td colspan="1" rowspan="1" class="indent2" width="20%">Parámetros</td>
        <td colspan="1" rowspan="1" width="80%">Reporting-Endpoints</td>
      </tr>
      <tr>
        <td colspan="1" rowspan="1" class="indent2" width="20%">Ataque</td>
        <td colspan="1" rowspan="1" width="80%"/>
      </tr>
      <tr>
        <td colspan="1" rowspan="1" class="indent2" width="20%">Evidencia</td>
        <td colspan="1" rowspan="1" width="80%">1724030398</td>
      </tr>
      <tr>
        <td colspan="1" rowspan="1" class="indent2" width="20%">Other Info</td>
        <td colspan="1" rowspan="1" width="80%">1724030398, que evalúa a: 2024-08-18 21:19:58</td>
      </tr>
      <tr>
        <td colspan="1" rowspan="1" class="indent1" width="20%">URL</td>
        <td colspan="1" rowspan="1" width="80%">
          <a shape="rect" href="https://demo.owasp-juice.shop/assets/i18n/en.json">https://demo.owasp-juice.shop/assets/i18n/en.json</a>
        </td>
      </tr>
      <tr>
        <td colspan="1" rowspan="1" class="indent2" width="20%">Método</td>
        <td colspan="1" rowspan="1" width="80%">GET</td>
      </tr>
      <tr>
        <td colspan="1" rowspan="1" class="indent2" width="20%">Parámetros</td>
        <td colspan="1" rowspan="1" width="80%">Reporting-Endpoints</td>
      </tr>
      <tr>
        <td colspan="1" rowspan="1" class="indent2" width="20%">Ataque</td>
        <td colspan="1" rowspan="1" width="80%"/>
      </tr>
      <tr>
        <td colspan="1" rowspan="1" class="indent2" width="20%">Evidencia</td>
        <td colspan="1" rowspan="1" width="80%">1724030453</td>
      </tr>
      <tr>
        <td colspan="1" rowspan="1" class="indent2" width="20%">Other Info</td>
        <td colspan="1" rowspan="1" width="80%">1724030453, que evalúa a: 2024-08-18 21:20:53</td>
      </tr>
      <tr>
        <td colspan="1" rowspan="1" class="indent1" width="20%">URL</td>
        <td colspan="1" rowspan="1" width="80%">
          <a shape="rect" href="https://demo.owasp-juice.shop/assets/i18n/en.json">https://demo.owasp-juice.shop/assets/i18n/en.json</a>
        </td>
      </tr>
      <tr>
        <td colspan="1" rowspan="1" class="indent2" width="20%">Método</td>
        <td colspan="1" rowspan="1" width="80%">GET</td>
      </tr>
      <tr>
        <td colspan="1" rowspan="1" class="indent2" width="20%">Parámetros</td>
        <td colspan="1" rowspan="1" width="80%">Reporting-Endpoints</td>
      </tr>
      <tr>
        <td colspan="1" rowspan="1" class="indent2" width="20%">Ataque</td>
        <td colspan="1" rowspan="1" width="80%"/>
      </tr>
      <tr>
        <td colspan="1" rowspan="1" class="indent2" width="20%">Evidencia</td>
        <td colspan="1" rowspan="1" width="80%">1724030603</td>
      </tr>
      <tr>
        <td colspan="1" rowspan="1" class="indent2" width="20%">Other Info</td>
        <td colspan="1" rowspan="1" width="80%">1724030603, que evalúa a: 2024-08-18 21:23:23</td>
      </tr>
      <tr>
        <td colspan="1" rowspan="1" class="indent1" width="20%">URL</td>
        <td colspan="1" rowspan="1" width="80%">
          <a shape="rect" href="https://demo.owasp-juice.shop/main.js">https://demo.owasp-juice.shop/main.js</a>
        </td>
      </tr>
      <tr>
        <td colspan="1" rowspan="1" class="indent2" width="20%">Método</td>
        <td colspan="1" rowspan="1" width="80%">GET</td>
      </tr>
      <tr>
        <td colspan="1" rowspan="1" class="indent2" width="20%">Parámetros</td>
        <td colspan="1" rowspan="1" width="80%"/>
      </tr>
      <tr>
        <td colspan="1" rowspan="1" class="indent2" width="20%">Ataque</td>
        <td colspan="1" rowspan="1" width="80%"/>
      </tr>
      <tr>
        <td colspan="1" rowspan="1" class="indent2" width="20%">Evidencia</td>
        <td colspan="1" rowspan="1" width="80%">1734944650</td>
      </tr>
      <tr>
        <td colspan="1" rowspan="1" class="indent2" width="20%">Other Info</td>
        <td colspan="1" rowspan="1" width="80%">1734944650, que evalúa a: 2024-12-23 05:04:10</td>
      </tr>
      <tr>
        <td colspan="1" rowspan="1" class="indent1" width="20%">URL</td>
        <td colspan="1" rowspan="1" width="80%">
          <a shape="rect" href="https://demo.owasp-juice.shop/main.js">https://demo.owasp-juice.shop/main.js</a>
        </td>
      </tr>
      <tr>
        <td colspan="1" rowspan="1" class="indent2" width="20%">Método</td>
        <td colspan="1" rowspan="1" width="80%">GET</td>
      </tr>
      <tr>
        <td colspan="1" rowspan="1" class="indent2" width="20%">Parámetros</td>
        <td colspan="1" rowspan="1" width="80%">Reporting-Endpoints</td>
      </tr>
      <tr>
        <td colspan="1" rowspan="1" class="indent2" width="20%">Ataque</td>
        <td colspan="1" rowspan="1" width="80%"/>
      </tr>
      <tr>
        <td colspan="1" rowspan="1" class="indent2" width="20%">Evidencia</td>
        <td colspan="1" rowspan="1" width="80%">1724030301</td>
      </tr>
      <tr>
        <td colspan="1" rowspan="1" class="indent2" width="20%">Other Info</td>
        <td colspan="1" rowspan="1" width="80%">1724030301, que evalúa a: 2024-08-18 21:18:21</td>
      </tr>
      <tr>
        <td colspan="1" rowspan="1" class="indent1" width="20%">URL</td>
        <td colspan="1" rowspan="1" width="80%">
          <a shape="rect" href="https://demo.owasp-juice.shop/main.js">https://demo.owasp-juice.shop/main.js</a>
        </td>
      </tr>
      <tr>
        <td colspan="1" rowspan="1" class="indent2" width="20%">Método</td>
        <td colspan="1" rowspan="1" width="80%">GET</td>
      </tr>
      <tr>
        <td colspan="1" rowspan="1" class="indent2" width="20%">Parámetros</td>
        <td colspan="1" rowspan="1" width="80%">Reporting-Endpoints</td>
      </tr>
      <tr>
        <td colspan="1" rowspan="1" class="indent2" width="20%">Ataque</td>
        <td colspan="1" rowspan="1" width="80%"/>
      </tr>
      <tr>
        <td colspan="1" rowspan="1" class="indent2" width="20%">Evidencia</td>
        <td colspan="1" rowspan="1" width="80%">1724030358</td>
      </tr>
      <tr>
        <td colspan="1" rowspan="1" class="indent2" width="20%">Other Info</td>
        <td colspan="1" rowspan="1" width="80%">1724030358, que evalúa a: 2024-08-18 21:19:18</td>
      </tr>
      <tr>
        <td colspan="1" rowspan="1" class="indent1" width="20%">URL</td>
        <td colspan="1" rowspan="1" width="80%">
          <a shape="rect" href="https://demo.owasp-juice.shop/main.js">https://demo.owasp-juice.shop/main.js</a>
        </td>
      </tr>
      <tr>
        <td colspan="1" rowspan="1" class="indent2" width="20%">Método</td>
        <td colspan="1" rowspan="1" width="80%">GET</td>
      </tr>
      <tr>
        <td colspan="1" rowspan="1" class="indent2" width="20%">Parámetros</td>
        <td colspan="1" rowspan="1" width="80%">Reporting-Endpoints</td>
      </tr>
      <tr>
        <td colspan="1" rowspan="1" class="indent2" width="20%">Ataque</td>
        <td colspan="1" rowspan="1" width="80%"/>
      </tr>
      <tr>
        <td colspan="1" rowspan="1" class="indent2" width="20%">Evidencia</td>
        <td colspan="1" rowspan="1" width="80%">1724030396</td>
      </tr>
      <tr>
        <td colspan="1" rowspan="1" class="indent2" width="20%">Other Info</td>
        <td colspan="1" rowspan="1" width="80%">1724030396, que evalúa a: 2024-08-18 21:19:56</td>
      </tr>
      <tr>
        <td colspan="1" rowspan="1" class="indent1" width="20%">URL</td>
        <td colspan="1" rowspan="1" width="80%">
          <a shape="rect" href="https://demo.owasp-juice.shop/main.js">https://demo.owasp-juice.shop/main.js</a>
        </td>
      </tr>
      <tr>
        <td colspan="1" rowspan="1" class="indent2" width="20%">Método</td>
        <td colspan="1" rowspan="1" width="80%">GET</td>
      </tr>
      <tr>
        <td colspan="1" rowspan="1" class="indent2" width="20%">Parámetros</td>
        <td colspan="1" rowspan="1" width="80%">Reporting-Endpoints</td>
      </tr>
      <tr>
        <td colspan="1" rowspan="1" class="indent2" width="20%">Ataque</td>
        <td colspan="1" rowspan="1" width="80%"/>
      </tr>
      <tr>
        <td colspan="1" rowspan="1" class="indent2" width="20%">Evidencia</td>
        <td colspan="1" rowspan="1" width="80%">1724030452</td>
      </tr>
      <tr>
        <td colspan="1" rowspan="1" class="indent2" width="20%">Other Info</td>
        <td colspan="1" rowspan="1" width="80%">1724030452, que evalúa a: 2024-08-18 21:20:52</td>
      </tr>
      <tr>
        <td colspan="1" rowspan="1" class="indent1" width="20%">URL</td>
        <td colspan="1" rowspan="1" width="80%">
          <a shape="rect" href="https://demo.owasp-juice.shop/main.js">https://demo.owasp-juice.shop/main.js</a>
        </td>
      </tr>
      <tr>
        <td colspan="1" rowspan="1" class="indent2" width="20%">Método</td>
        <td colspan="1" rowspan="1" width="80%">GET</td>
      </tr>
      <tr>
        <td colspan="1" rowspan="1" class="indent2" width="20%">Parámetros</td>
        <td colspan="1" rowspan="1" width="80%">Reporting-Endpoints</td>
      </tr>
      <tr>
        <td colspan="1" rowspan="1" class="indent2" width="20%">Ataque</td>
        <td colspan="1" rowspan="1" width="80%"/>
      </tr>
      <tr>
        <td colspan="1" rowspan="1" class="indent2" width="20%">Evidencia</td>
        <td colspan="1" rowspan="1" width="80%">1724030601</td>
      </tr>
      <tr>
        <td colspan="1" rowspan="1" class="indent2" width="20%">Other Info</td>
        <td colspan="1" rowspan="1" width="80%">1724030601, que evalúa a: 2024-08-18 21:23:21</td>
      </tr>
      <tr>
        <td colspan="1" rowspan="1" class="indent1" width="20%">URL</td>
        <td colspan="1" rowspan="1" width="80%">
          <a shape="rect" href="https://demo.owasp-juice.shop/polyfills.js">https://demo.owasp-juice.shop/polyfills.js</a>
        </td>
      </tr>
      <tr>
        <td colspan="1" rowspan="1" class="indent2" width="20%">Método</td>
        <td colspan="1" rowspan="1" width="80%">GET</td>
      </tr>
      <tr>
        <td colspan="1" rowspan="1" class="indent2" width="20%">Parámetros</td>
        <td colspan="1" rowspan="1" width="80%">Reporting-Endpoints</td>
      </tr>
      <tr>
        <td colspan="1" rowspan="1" class="indent2" width="20%">Ataque</td>
        <td colspan="1" rowspan="1" width="80%"/>
      </tr>
      <tr>
        <td colspan="1" rowspan="1" class="indent2" width="20%">Evidencia</td>
        <td colspan="1" rowspan="1" width="80%">1724030301</td>
      </tr>
      <tr>
        <td colspan="1" rowspan="1" class="indent2" width="20%">Other Info</td>
        <td colspan="1" rowspan="1" width="80%">1724030301, que evalúa a: 2024-08-18 21:18:21</td>
      </tr>
      <tr>
        <td colspan="1" rowspan="1" class="indent1" width="20%">URL</td>
        <td colspan="1" rowspan="1" width="80%">
          <a shape="rect" href="https://demo.owasp-juice.shop/polyfills.js">https://demo.owasp-juice.shop/polyfills.js</a>
        </td>
      </tr>
      <tr>
        <td colspan="1" rowspan="1" class="indent2" width="20%">Método</td>
        <td colspan="1" rowspan="1" width="80%">GET</td>
      </tr>
      <tr>
        <td colspan="1" rowspan="1" class="indent2" width="20%">Parámetros</td>
        <td colspan="1" rowspan="1" width="80%">Reporting-Endpoints</td>
      </tr>
      <tr>
        <td colspan="1" rowspan="1" class="indent2" width="20%">Ataque</td>
        <td colspan="1" rowspan="1" width="80%"/>
      </tr>
      <tr>
        <td colspan="1" rowspan="1" class="indent2" width="20%">Evidencia</td>
        <td colspan="1" rowspan="1" width="80%">1724030358</td>
      </tr>
      <tr>
        <td colspan="1" rowspan="1" class="indent2" width="20%">Other Info</td>
        <td colspan="1" rowspan="1" width="80%">1724030358, que evalúa a: 2024-08-18 21:19:18</td>
      </tr>
      <tr>
        <td colspan="1" rowspan="1" class="indent1" width="20%">URL</td>
        <td colspan="1" rowspan="1" width="80%">
          <a shape="rect" href="https://demo.owasp-juice.shop/polyfills.js">https://demo.owasp-juice.shop/polyfills.js</a>
        </td>
      </tr>
      <tr>
        <td colspan="1" rowspan="1" class="indent2" width="20%">Método</td>
        <td colspan="1" rowspan="1" width="80%">GET</td>
      </tr>
      <tr>
        <td colspan="1" rowspan="1" class="indent2" width="20%">Parámetros</td>
        <td colspan="1" rowspan="1" width="80%">Reporting-Endpoints</td>
      </tr>
      <tr>
        <td colspan="1" rowspan="1" class="indent2" width="20%">Ataque</td>
        <td colspan="1" rowspan="1" width="80%"/>
      </tr>
      <tr>
        <td colspan="1" rowspan="1" class="indent2" width="20%">Evidencia</td>
        <td colspan="1" rowspan="1" width="80%">1724030395</td>
      </tr>
      <tr>
        <td colspan="1" rowspan="1" class="indent2" width="20%">Other Info</td>
        <td colspan="1" rowspan="1" width="80%">1724030395, que evalúa a: 2024-08-18 21:19:55</td>
      </tr>
      <tr>
        <td colspan="1" rowspan="1" class="indent1" width="20%">URL</td>
        <td colspan="1" rowspan="1" width="80%">
          <a shape="rect" href="https://demo.owasp-juice.shop/polyfills.js">https://demo.owasp-juice.shop/polyfills.js</a>
        </td>
      </tr>
      <tr>
        <td colspan="1" rowspan="1" class="indent2" width="20%">Método</td>
        <td colspan="1" rowspan="1" width="80%">GET</td>
      </tr>
      <tr>
        <td colspan="1" rowspan="1" class="indent2" width="20%">Parámetros</td>
        <td colspan="1" rowspan="1" width="80%">Reporting-Endpoints</td>
      </tr>
      <tr>
        <td colspan="1" rowspan="1" class="indent2" width="20%">Ataque</td>
        <td colspan="1" rowspan="1" width="80%"/>
      </tr>
      <tr>
        <td colspan="1" rowspan="1" class="indent2" width="20%">Evidencia</td>
        <td colspan="1" rowspan="1" width="80%">1724030451</td>
      </tr>
      <tr>
        <td colspan="1" rowspan="1" class="indent2" width="20%">Other Info</td>
        <td colspan="1" rowspan="1" width="80%">1724030451, que evalúa a: 2024-08-18 21:20:51</td>
      </tr>
      <tr>
        <td colspan="1" rowspan="1" class="indent1" width="20%">URL</td>
        <td colspan="1" rowspan="1" width="80%">
          <a shape="rect" href="https://demo.owasp-juice.shop/polyfills.js">https://demo.owasp-juice.shop/polyfills.js</a>
        </td>
      </tr>
      <tr>
        <td colspan="1" rowspan="1" class="indent2" width="20%">Método</td>
        <td colspan="1" rowspan="1" width="80%">GET</td>
      </tr>
      <tr>
        <td colspan="1" rowspan="1" class="indent2" width="20%">Parámetros</td>
        <td colspan="1" rowspan="1" width="80%">Reporting-Endpoints</td>
      </tr>
      <tr>
        <td colspan="1" rowspan="1" class="indent2" width="20%">Ataque</td>
        <td colspan="1" rowspan="1" width="80%"/>
      </tr>
      <tr>
        <td colspan="1" rowspan="1" class="indent2" width="20%">Evidencia</td>
        <td colspan="1" rowspan="1" width="80%">1724030600</td>
      </tr>
      <tr>
        <td colspan="1" rowspan="1" class="indent2" width="20%">Other Info</td>
        <td colspan="1" rowspan="1" width="80%">1724030600, que evalúa a: 2024-08-18 21:23:20</td>
      </tr>
      <tr>
        <td colspan="1" rowspan="1" class="indent1" width="20%">URL</td>
        <td colspan="1" rowspan="1" width="80%">
          <a shape="rect" href="https://demo.owasp-juice.shop/rest/admin/application-configuration">https://demo.owasp-juice.shop/rest/admin/application-configuration</a>
        </td>
      </tr>
      <tr>
        <td colspan="1" rowspan="1" class="indent2" width="20%">Método</td>
        <td colspan="1" rowspan="1" width="80%">GET</td>
      </tr>
      <tr>
        <td colspan="1" rowspan="1" class="indent2" width="20%">Parámetros</td>
        <td colspan="1" rowspan="1" width="80%"/>
      </tr>
      <tr>
        <td colspan="1" rowspan="1" class="indent2" width="20%">Ataque</td>
        <td colspan="1" rowspan="1" width="80%"/>
      </tr>
      <tr>
        <td colspan="1" rowspan="1" class="indent2" width="20%">Evidencia</td>
        <td colspan="1" rowspan="1" width="80%">1969196030</td>
      </tr>
      <tr>
        <td colspan="1" rowspan="1" class="indent2" width="20%">Other Info</td>
        <td colspan="1" rowspan="1" width="80%">1969196030, que evalúa a: 2032-05-26 10:53:50</td>
      </tr>
      <tr>
        <td colspan="1" rowspan="1" class="indent1" width="20%">URL</td>
        <td colspan="1" rowspan="1" width="80%">
          <a shape="rect" href="https://demo.owasp-juice.shop/rest/admin/application-configuration">https://demo.owasp-juice.shop/rest/admin/application-configuration</a>
        </td>
      </tr>
      <tr>
        <td colspan="1" rowspan="1" class="indent2" width="20%">Método</td>
        <td colspan="1" rowspan="1" width="80%">GET</td>
      </tr>
      <tr>
        <td colspan="1" rowspan="1" class="indent2" width="20%">Parámetros</td>
        <td colspan="1" rowspan="1" width="80%"/>
      </tr>
      <tr>
        <td colspan="1" rowspan="1" class="indent2" width="20%">Ataque</td>
        <td colspan="1" rowspan="1" width="80%"/>
      </tr>
      <tr>
        <td colspan="1" rowspan="1" class="indent2" width="20%">Evidencia</td>
        <td colspan="1" rowspan="1" width="80%">1970691216</td>
      </tr>
      <tr>
        <td colspan="1" rowspan="1" class="indent2" width="20%">Other Info</td>
        <td colspan="1" rowspan="1" width="80%">1970691216, que evalúa a: 2032-06-12 18:13:36</td>
      </tr>
      <tr>
        <td colspan="1" rowspan="1" class="indent1" width="20%">URL</td>
        <td colspan="1" rowspan="1" width="80%">
          <a shape="rect" href="https://demo.owasp-juice.shop/rest/admin/application-configuration">https://demo.owasp-juice.shop/rest/admin/application-configuration</a>
        </td>
      </tr>
      <tr>
        <td colspan="1" rowspan="1" class="indent2" width="20%">Método</td>
        <td colspan="1" rowspan="1" width="80%">GET</td>
      </tr>
      <tr>
        <td colspan="1" rowspan="1" class="indent2" width="20%">Parámetros</td>
        <td colspan="1" rowspan="1" width="80%">Reporting-Endpoints</td>
      </tr>
      <tr>
        <td colspan="1" rowspan="1" class="indent2" width="20%">Ataque</td>
        <td colspan="1" rowspan="1" width="80%"/>
      </tr>
      <tr>
        <td colspan="1" rowspan="1" class="indent2" width="20%">Evidencia</td>
        <td colspan="1" rowspan="1" width="80%">1724030303</td>
      </tr>
      <tr>
        <td colspan="1" rowspan="1" class="indent2" width="20%">Other Info</td>
        <td colspan="1" rowspan="1" width="80%">1724030303, que evalúa a: 2024-08-18 21:18:23</td>
      </tr>
      <tr>
        <td colspan="1" rowspan="1" class="indent1" width="20%">URL</td>
        <td colspan="1" rowspan="1" width="80%">
          <a shape="rect" href="https://demo.owasp-juice.shop/rest/admin/application-configuration">https://demo.owasp-juice.shop/rest/admin/application-configuration</a>
        </td>
      </tr>
      <tr>
        <td colspan="1" rowspan="1" class="indent2" width="20%">Método</td>
        <td colspan="1" rowspan="1" width="80%">GET</td>
      </tr>
      <tr>
        <td colspan="1" rowspan="1" class="indent2" width="20%">Parámetros</td>
        <td colspan="1" rowspan="1" width="80%">Reporting-Endpoints</td>
      </tr>
      <tr>
        <td colspan="1" rowspan="1" class="indent2" width="20%">Ataque</td>
        <td colspan="1" rowspan="1" width="80%"/>
      </tr>
      <tr>
        <td colspan="1" rowspan="1" class="indent2" width="20%">Evidencia</td>
        <td colspan="1" rowspan="1" width="80%">1724030304</td>
      </tr>
      <tr>
        <td colspan="1" rowspan="1" class="indent2" width="20%">Other Info</td>
        <td colspan="1" rowspan="1" width="80%">1724030304, que evalúa a: 2024-08-18 21:18:24</td>
      </tr>
      <tr>
        <td colspan="1" rowspan="1" class="indent1" width="20%">URL</td>
        <td colspan="1" rowspan="1" width="80%">
          <a shape="rect" href="https://demo.owasp-juice.shop/rest/admin/application-configuration">https://demo.owasp-juice.shop/rest/admin/application-configuration</a>
        </td>
      </tr>
      <tr>
        <td colspan="1" rowspan="1" class="indent2" width="20%">Método</td>
        <td colspan="1" rowspan="1" width="80%">GET</td>
      </tr>
      <tr>
        <td colspan="1" rowspan="1" class="indent2" width="20%">Parámetros</td>
        <td colspan="1" rowspan="1" width="80%">Reporting-Endpoints</td>
      </tr>
      <tr>
        <td colspan="1" rowspan="1" class="indent2" width="20%">Ataque</td>
        <td colspan="1" rowspan="1" width="80%"/>
      </tr>
      <tr>
        <td colspan="1" rowspan="1" class="indent2" width="20%">Evidencia</td>
        <td colspan="1" rowspan="1" width="80%">1724030305</td>
      </tr>
      <tr>
        <td colspan="1" rowspan="1" class="indent2" width="20%">Other Info</td>
        <td colspan="1" rowspan="1" width="80%">1724030305, que evalúa a: 2024-08-18 21:18:25</td>
      </tr>
      <tr>
        <td colspan="1" rowspan="1" class="indent1" width="20%">URL</td>
        <td colspan="1" rowspan="1" width="80%">
          <a shape="rect" href="https://demo.owasp-juice.shop/rest/admin/application-configuration">https://demo.owasp-juice.shop/rest/admin/application-configuration</a>
        </td>
      </tr>
      <tr>
        <td colspan="1" rowspan="1" class="indent2" width="20%">Método</td>
        <td colspan="1" rowspan="1" width="80%">GET</td>
      </tr>
      <tr>
        <td colspan="1" rowspan="1" class="indent2" width="20%">Parámetros</td>
        <td colspan="1" rowspan="1" width="80%">Reporting-Endpoints</td>
      </tr>
      <tr>
        <td colspan="1" rowspan="1" class="indent2" width="20%">Ataque</td>
        <td colspan="1" rowspan="1" width="80%"/>
      </tr>
      <tr>
        <td colspan="1" rowspan="1" class="indent2" width="20%">Evidencia</td>
        <td colspan="1" rowspan="1" width="80%">1724030306</td>
      </tr>
      <tr>
        <td colspan="1" rowspan="1" class="indent2" width="20%">Other Info</td>
        <td colspan="1" rowspan="1" width="80%">1724030306, que evalúa a: 2024-08-18 21:18:26</td>
      </tr>
      <tr>
        <td colspan="1" rowspan="1" class="indent1" width="20%">URL</td>
        <td colspan="1" rowspan="1" width="80%">
          <a shape="rect" href="https://demo.owasp-juice.shop/rest/admin/application-configuration">https://demo.owasp-juice.shop/rest/admin/application-configuration</a>
        </td>
      </tr>
      <tr>
        <td colspan="1" rowspan="1" class="indent2" width="20%">Método</td>
        <td colspan="1" rowspan="1" width="80%">GET</td>
      </tr>
      <tr>
        <td colspan="1" rowspan="1" class="indent2" width="20%">Parámetros</td>
        <td colspan="1" rowspan="1" width="80%">Reporting-Endpoints</td>
      </tr>
      <tr>
        <td colspan="1" rowspan="1" class="indent2" width="20%">Ataque</td>
        <td colspan="1" rowspan="1" width="80%"/>
      </tr>
      <tr>
        <td colspan="1" rowspan="1" class="indent2" width="20%">Evidencia</td>
        <td colspan="1" rowspan="1" width="80%">1724030313</td>
      </tr>
      <tr>
        <td colspan="1" rowspan="1" class="indent2" width="20%">Other Info</td>
        <td colspan="1" rowspan="1" width="80%">1724030313, que evalúa a: 2024-08-18 21:18:33</td>
      </tr>
      <tr>
        <td colspan="1" rowspan="1" class="indent1" width="20%">URL</td>
        <td colspan="1" rowspan="1" width="80%">
          <a shape="rect" href="https://demo.owasp-juice.shop/rest/admin/application-configuration">https://demo.owasp-juice.shop/rest/admin/application-configuration</a>
        </td>
      </tr>
      <tr>
        <td colspan="1" rowspan="1" class="indent2" width="20%">Método</td>
        <td colspan="1" rowspan="1" width="80%">GET</td>
      </tr>
      <tr>
        <td colspan="1" rowspan="1" class="indent2" width="20%">Parámetros</td>
        <td colspan="1" rowspan="1" width="80%">Reporting-Endpoints</td>
      </tr>
      <tr>
        <td colspan="1" rowspan="1" class="indent2" width="20%">Ataque</td>
        <td colspan="1" rowspan="1" width="80%"/>
      </tr>
      <tr>
        <td colspan="1" rowspan="1" class="indent2" width="20%">Evidencia</td>
        <td colspan="1" rowspan="1" width="80%">1724030362</td>
      </tr>
      <tr>
        <td colspan="1" rowspan="1" class="indent2" width="20%">Other Info</td>
        <td colspan="1" rowspan="1" width="80%">1724030362, que evalúa a: 2024-08-18 21:19:22</td>
      </tr>
      <tr>
        <td colspan="1" rowspan="1" class="indent1" width="20%">URL</td>
        <td colspan="1" rowspan="1" width="80%">
          <a shape="rect" href="https://demo.owasp-juice.shop/rest/admin/application-configuration">https://demo.owasp-juice.shop/rest/admin/application-configuration</a>
        </td>
      </tr>
      <tr>
        <td colspan="1" rowspan="1" class="indent2" width="20%">Método</td>
        <td colspan="1" rowspan="1" width="80%">GET</td>
      </tr>
      <tr>
        <td colspan="1" rowspan="1" class="indent2" width="20%">Parámetros</td>
        <td colspan="1" rowspan="1" width="80%">Reporting-Endpoints</td>
      </tr>
      <tr>
        <td colspan="1" rowspan="1" class="indent2" width="20%">Ataque</td>
        <td colspan="1" rowspan="1" width="80%"/>
      </tr>
      <tr>
        <td colspan="1" rowspan="1" class="indent2" width="20%">Evidencia</td>
        <td colspan="1" rowspan="1" width="80%">1724030364</td>
      </tr>
      <tr>
        <td colspan="1" rowspan="1" class="indent2" width="20%">Other Info</td>
        <td colspan="1" rowspan="1" width="80%">1724030364, que evalúa a: 2024-08-18 21:19:24</td>
      </tr>
      <tr>
        <td colspan="1" rowspan="1" class="indent1" width="20%">URL</td>
        <td colspan="1" rowspan="1" width="80%">
          <a shape="rect" href="https://demo.owasp-juice.shop/rest/admin/application-configuration">https://demo.owasp-juice.shop/rest/admin/application-configuration</a>
        </td>
      </tr>
      <tr>
        <td colspan="1" rowspan="1" class="indent2" width="20%">Método</td>
        <td colspan="1" rowspan="1" width="80%">GET</td>
      </tr>
      <tr>
        <td colspan="1" rowspan="1" class="indent2" width="20%">Parámetros</td>
        <td colspan="1" rowspan="1" width="80%">Reporting-Endpoints</td>
      </tr>
      <tr>
        <td colspan="1" rowspan="1" class="indent2" width="20%">Ataque</td>
        <td colspan="1" rowspan="1" width="80%"/>
      </tr>
      <tr>
        <td colspan="1" rowspan="1" class="indent2" width="20%">Evidencia</td>
        <td colspan="1" rowspan="1" width="80%">1724030365</td>
      </tr>
      <tr>
        <td colspan="1" rowspan="1" class="indent2" width="20%">Other Info</td>
        <td colspan="1" rowspan="1" width="80%">1724030365, que evalúa a: 2024-08-18 21:19:25</td>
      </tr>
      <tr>
        <td colspan="1" rowspan="1" class="indent1" width="20%">URL</td>
        <td colspan="1" rowspan="1" width="80%">
          <a shape="rect" href="https://demo.owasp-juice.shop/rest/admin/application-configuration">https://demo.owasp-juice.shop/rest/admin/application-configuration</a>
        </td>
      </tr>
      <tr>
        <td colspan="1" rowspan="1" class="indent2" width="20%">Método</td>
        <td colspan="1" rowspan="1" width="80%">GET</td>
      </tr>
      <tr>
        <td colspan="1" rowspan="1" class="indent2" width="20%">Parámetros</td>
        <td colspan="1" rowspan="1" width="80%">Reporting-Endpoints</td>
      </tr>
      <tr>
        <td colspan="1" rowspan="1" class="indent2" width="20%">Ataque</td>
        <td colspan="1" rowspan="1" width="80%"/>
      </tr>
      <tr>
        <td colspan="1" rowspan="1" class="indent2" width="20%">Evidencia</td>
        <td colspan="1" rowspan="1" width="80%">1724030398</td>
      </tr>
      <tr>
        <td colspan="1" rowspan="1" class="indent2" width="20%">Other Info</td>
        <td colspan="1" rowspan="1" width="80%">1724030398, que evalúa a: 2024-08-18 21:19:58</td>
      </tr>
      <tr>
        <td colspan="1" rowspan="1" class="indent1" width="20%">URL</td>
        <td colspan="1" rowspan="1" width="80%">
          <a shape="rect" href="https://demo.owasp-juice.shop/rest/admin/application-configuration">https://demo.owasp-juice.shop/rest/admin/application-configuration</a>
        </td>
      </tr>
      <tr>
        <td colspan="1" rowspan="1" class="indent2" width="20%">Método</td>
        <td colspan="1" rowspan="1" width="80%">GET</td>
      </tr>
      <tr>
        <td colspan="1" rowspan="1" class="indent2" width="20%">Parámetros</td>
        <td colspan="1" rowspan="1" width="80%">Reporting-Endpoints</td>
      </tr>
      <tr>
        <td colspan="1" rowspan="1" class="indent2" width="20%">Ataque</td>
        <td colspan="1" rowspan="1" width="80%"/>
      </tr>
      <tr>
        <td colspan="1" rowspan="1" class="indent2" width="20%">Evidencia</td>
        <td colspan="1" rowspan="1" width="80%">1724030399</td>
      </tr>
      <tr>
        <td colspan="1" rowspan="1" class="indent2" width="20%">Other Info</td>
        <td colspan="1" rowspan="1" width="80%">1724030399, que evalúa a: 2024-08-18 21:19:59</td>
      </tr>
      <tr>
        <td colspan="1" rowspan="1" class="indent1" width="20%">URL</td>
        <td colspan="1" rowspan="1" width="80%">
          <a shape="rect" href="https://demo.owasp-juice.shop/rest/admin/application-configuration">https://demo.owasp-juice.shop/rest/admin/application-configuration</a>
        </td>
      </tr>
      <tr>
        <td colspan="1" rowspan="1" class="indent2" width="20%">Método</td>
        <td colspan="1" rowspan="1" width="80%">GET</td>
      </tr>
      <tr>
        <td colspan="1" rowspan="1" class="indent2" width="20%">Parámetros</td>
        <td colspan="1" rowspan="1" width="80%">Reporting-Endpoints</td>
      </tr>
      <tr>
        <td colspan="1" rowspan="1" class="indent2" width="20%">Ataque</td>
        <td colspan="1" rowspan="1" width="80%"/>
      </tr>
      <tr>
        <td colspan="1" rowspan="1" class="indent2" width="20%">Evidencia</td>
        <td colspan="1" rowspan="1" width="80%">1724030400</td>
      </tr>
      <tr>
        <td colspan="1" rowspan="1" class="indent2" width="20%">Other Info</td>
        <td colspan="1" rowspan="1" width="80%">1724030400, que evalúa a: 2024-08-18 21:20:00</td>
      </tr>
      <tr>
        <td colspan="1" rowspan="1" class="indent1" width="20%">URL</td>
        <td colspan="1" rowspan="1" width="80%">
          <a shape="rect" href="https://demo.owasp-juice.shop/rest/admin/application-configuration">https://demo.owasp-juice.shop/rest/admin/application-configuration</a>
        </td>
      </tr>
      <tr>
        <td colspan="1" rowspan="1" class="indent2" width="20%">Método</td>
        <td colspan="1" rowspan="1" width="80%">GET</td>
      </tr>
      <tr>
        <td colspan="1" rowspan="1" class="indent2" width="20%">Parámetros</td>
        <td colspan="1" rowspan="1" width="80%">Reporting-Endpoints</td>
      </tr>
      <tr>
        <td colspan="1" rowspan="1" class="indent2" width="20%">Ataque</td>
        <td colspan="1" rowspan="1" width="80%"/>
      </tr>
      <tr>
        <td colspan="1" rowspan="1" class="indent2" width="20%">Evidencia</td>
        <td colspan="1" rowspan="1" width="80%">1724030401</td>
      </tr>
      <tr>
        <td colspan="1" rowspan="1" class="indent2" width="20%">Other Info</td>
        <td colspan="1" rowspan="1" width="80%">1724030401, que evalúa a: 2024-08-18 21:20:01</td>
      </tr>
      <tr>
        <td colspan="1" rowspan="1" class="indent1" width="20%">URL</td>
        <td colspan="1" rowspan="1" width="80%">
          <a shape="rect" href="https://demo.owasp-juice.shop/rest/admin/application-configuration">https://demo.owasp-juice.shop/rest/admin/application-configuration</a>
        </td>
      </tr>
      <tr>
        <td colspan="1" rowspan="1" class="indent2" width="20%">Método</td>
        <td colspan="1" rowspan="1" width="80%">GET</td>
      </tr>
      <tr>
        <td colspan="1" rowspan="1" class="indent2" width="20%">Parámetros</td>
        <td colspan="1" rowspan="1" width="80%">Reporting-Endpoints</td>
      </tr>
      <tr>
        <td colspan="1" rowspan="1" class="indent2" width="20%">Ataque</td>
        <td colspan="1" rowspan="1" width="80%"/>
      </tr>
      <tr>
        <td colspan="1" rowspan="1" class="indent2" width="20%">Evidencia</td>
        <td colspan="1" rowspan="1" width="80%">1724030453</td>
      </tr>
      <tr>
        <td colspan="1" rowspan="1" class="indent2" width="20%">Other Info</td>
        <td colspan="1" rowspan="1" width="80%">1724030453, que evalúa a: 2024-08-18 21:20:53</td>
      </tr>
      <tr>
        <td colspan="1" rowspan="1" class="indent1" width="20%">URL</td>
        <td colspan="1" rowspan="1" width="80%">
          <a shape="rect" href="https://demo.owasp-juice.shop/rest/admin/application-configuration">https://demo.owasp-juice.shop/rest/admin/application-configuration</a>
        </td>
      </tr>
      <tr>
        <td colspan="1" rowspan="1" class="indent2" width="20%">Método</td>
        <td colspan="1" rowspan="1" width="80%">GET</td>
      </tr>
      <tr>
        <td colspan="1" rowspan="1" class="indent2" width="20%">Parámetros</td>
        <td colspan="1" rowspan="1" width="80%">Reporting-Endpoints</td>
      </tr>
      <tr>
        <td colspan="1" rowspan="1" class="indent2" width="20%">Ataque</td>
        <td colspan="1" rowspan="1" width="80%"/>
      </tr>
      <tr>
        <td colspan="1" rowspan="1" class="indent2" width="20%">Evidencia</td>
        <td colspan="1" rowspan="1" width="80%">1724030454</td>
      </tr>
      <tr>
        <td colspan="1" rowspan="1" class="indent2" width="20%">Other Info</td>
        <td colspan="1" rowspan="1" width="80%">1724030454, que evalúa a: 2024-08-18 21:20:54</td>
      </tr>
      <tr>
        <td colspan="1" rowspan="1" class="indent1" width="20%">URL</td>
        <td colspan="1" rowspan="1" width="80%">
          <a shape="rect" href="https://demo.owasp-juice.shop/rest/admin/application-configuration">https://demo.owasp-juice.shop/rest/admin/application-configuration</a>
        </td>
      </tr>
      <tr>
        <td colspan="1" rowspan="1" class="indent2" width="20%">Método</td>
        <td colspan="1" rowspan="1" width="80%">GET</td>
      </tr>
      <tr>
        <td colspan="1" rowspan="1" class="indent2" width="20%">Parámetros</td>
        <td colspan="1" rowspan="1" width="80%">Reporting-Endpoints</td>
      </tr>
      <tr>
        <td colspan="1" rowspan="1" class="indent2" width="20%">Ataque</td>
        <td colspan="1" rowspan="1" width="80%"/>
      </tr>
      <tr>
        <td colspan="1" rowspan="1" class="indent2" width="20%">Evidencia</td>
        <td colspan="1" rowspan="1" width="80%">1724030455</td>
      </tr>
      <tr>
        <td colspan="1" rowspan="1" class="indent2" width="20%">Other Info</td>
        <td colspan="1" rowspan="1" width="80%">1724030455, que evalúa a: 2024-08-18 21:20:55</td>
      </tr>
      <tr>
        <td colspan="1" rowspan="1" class="indent1" width="20%">URL</td>
        <td colspan="1" rowspan="1" width="80%">
          <a shape="rect" href="https://demo.owasp-juice.shop/rest/admin/application-configuration">https://demo.owasp-juice.shop/rest/admin/application-configuration</a>
        </td>
      </tr>
      <tr>
        <td colspan="1" rowspan="1" class="indent2" width="20%">Método</td>
        <td colspan="1" rowspan="1" width="80%">GET</td>
      </tr>
      <tr>
        <td colspan="1" rowspan="1" class="indent2" width="20%">Parámetros</td>
        <td colspan="1" rowspan="1" width="80%">Reporting-Endpoints</td>
      </tr>
      <tr>
        <td colspan="1" rowspan="1" class="indent2" width="20%">Ataque</td>
        <td colspan="1" rowspan="1" width="80%"/>
      </tr>
      <tr>
        <td colspan="1" rowspan="1" class="indent2" width="20%">Evidencia</td>
        <td colspan="1" rowspan="1" width="80%">1724030456</td>
      </tr>
      <tr>
        <td colspan="1" rowspan="1" class="indent2" width="20%">Other Info</td>
        <td colspan="1" rowspan="1" width="80%">1724030456, que evalúa a: 2024-08-18 21:20:56</td>
      </tr>
      <tr>
        <td colspan="1" rowspan="1" class="indent1" width="20%">URL</td>
        <td colspan="1" rowspan="1" width="80%">
          <a shape="rect" href="https://demo.owasp-juice.shop/rest/admin/application-configuration">https://demo.owasp-juice.shop/rest/admin/application-configuration</a>
        </td>
      </tr>
      <tr>
        <td colspan="1" rowspan="1" class="indent2" width="20%">Método</td>
        <td colspan="1" rowspan="1" width="80%">GET</td>
      </tr>
      <tr>
        <td colspan="1" rowspan="1" class="indent2" width="20%">Parámetros</td>
        <td colspan="1" rowspan="1" width="80%">Reporting-Endpoints</td>
      </tr>
      <tr>
        <td colspan="1" rowspan="1" class="indent2" width="20%">Ataque</td>
        <td colspan="1" rowspan="1" width="80%"/>
      </tr>
      <tr>
        <td colspan="1" rowspan="1" class="indent2" width="20%">Evidencia</td>
        <td colspan="1" rowspan="1" width="80%">1724030458</td>
      </tr>
      <tr>
        <td colspan="1" rowspan="1" class="indent2" width="20%">Other Info</td>
        <td colspan="1" rowspan="1" width="80%">1724030458, que evalúa a: 2024-08-18 21:20:58</td>
      </tr>
      <tr>
        <td colspan="1" rowspan="1" class="indent1" width="20%">URL</td>
        <td colspan="1" rowspan="1" width="80%">
          <a shape="rect" href="https://demo.owasp-juice.shop/rest/admin/application-configuration">https://demo.owasp-juice.shop/rest/admin/application-configuration</a>
        </td>
      </tr>
      <tr>
        <td colspan="1" rowspan="1" class="indent2" width="20%">Método</td>
        <td colspan="1" rowspan="1" width="80%">GET</td>
      </tr>
      <tr>
        <td colspan="1" rowspan="1" class="indent2" width="20%">Parámetros</td>
        <td colspan="1" rowspan="1" width="80%">Reporting-Endpoints</td>
      </tr>
      <tr>
        <td colspan="1" rowspan="1" class="indent2" width="20%">Ataque</td>
        <td colspan="1" rowspan="1" width="80%"/>
      </tr>
      <tr>
        <td colspan="1" rowspan="1" class="indent2" width="20%">Evidencia</td>
        <td colspan="1" rowspan="1" width="80%">1724030603</td>
      </tr>
      <tr>
        <td colspan="1" rowspan="1" class="indent2" width="20%">Other Info</td>
        <td colspan="1" rowspan="1" width="80%">1724030603, que evalúa a: 2024-08-18 21:23:23</td>
      </tr>
      <tr>
        <td colspan="1" rowspan="1" class="indent1" width="20%">URL</td>
        <td colspan="1" rowspan="1" width="80%">
          <a shape="rect" href="https://demo.owasp-juice.shop/rest/admin/application-configuration">https://demo.owasp-juice.shop/rest/admin/application-configuration</a>
        </td>
      </tr>
      <tr>
        <td colspan="1" rowspan="1" class="indent2" width="20%">Método</td>
        <td colspan="1" rowspan="1" width="80%">GET</td>
      </tr>
      <tr>
        <td colspan="1" rowspan="1" class="indent2" width="20%">Parámetros</td>
        <td colspan="1" rowspan="1" width="80%">Reporting-Endpoints</td>
      </tr>
      <tr>
        <td colspan="1" rowspan="1" class="indent2" width="20%">Ataque</td>
        <td colspan="1" rowspan="1" width="80%"/>
      </tr>
      <tr>
        <td colspan="1" rowspan="1" class="indent2" width="20%">Evidencia</td>
        <td colspan="1" rowspan="1" width="80%">1724030604</td>
      </tr>
      <tr>
        <td colspan="1" rowspan="1" class="indent2" width="20%">Other Info</td>
        <td colspan="1" rowspan="1" width="80%">1724030604, que evalúa a: 2024-08-18 21:23:24</td>
      </tr>
      <tr>
        <td colspan="1" rowspan="1" class="indent1" width="20%">URL</td>
        <td colspan="1" rowspan="1" width="80%">
          <a shape="rect" href="https://demo.owasp-juice.shop/rest/admin/application-configuration">https://demo.owasp-juice.shop/rest/admin/application-configuration</a>
        </td>
      </tr>
      <tr>
        <td colspan="1" rowspan="1" class="indent2" width="20%">Método</td>
        <td colspan="1" rowspan="1" width="80%">GET</td>
      </tr>
      <tr>
        <td colspan="1" rowspan="1" class="indent2" width="20%">Parámetros</td>
        <td colspan="1" rowspan="1" width="80%">Reporting-Endpoints</td>
      </tr>
      <tr>
        <td colspan="1" rowspan="1" class="indent2" width="20%">Ataque</td>
        <td colspan="1" rowspan="1" width="80%"/>
      </tr>
      <tr>
        <td colspan="1" rowspan="1" class="indent2" width="20%">Evidencia</td>
        <td colspan="1" rowspan="1" width="80%">1724030605</td>
      </tr>
      <tr>
        <td colspan="1" rowspan="1" class="indent2" width="20%">Other Info</td>
        <td colspan="1" rowspan="1" width="80%">1724030605, que evalúa a: 2024-08-18 21:23:25</td>
      </tr>
      <tr>
        <td colspan="1" rowspan="1" class="indent1" width="20%">URL</td>
        <td colspan="1" rowspan="1" width="80%">
          <a shape="rect" href="https://demo.owasp-juice.shop/rest/admin/application-configuration">https://demo.owasp-juice.shop/rest/admin/application-configuration</a>
        </td>
      </tr>
      <tr>
        <td colspan="1" rowspan="1" class="indent2" width="20%">Método</td>
        <td colspan="1" rowspan="1" width="80%">GET</td>
      </tr>
      <tr>
        <td colspan="1" rowspan="1" class="indent2" width="20%">Parámetros</td>
        <td colspan="1" rowspan="1" width="80%">Reporting-Endpoints</td>
      </tr>
      <tr>
        <td colspan="1" rowspan="1" class="indent2" width="20%">Ataque</td>
        <td colspan="1" rowspan="1" width="80%"/>
      </tr>
      <tr>
        <td colspan="1" rowspan="1" class="indent2" width="20%">Evidencia</td>
        <td colspan="1" rowspan="1" width="80%">1724030606</td>
      </tr>
      <tr>
        <td colspan="1" rowspan="1" class="indent2" width="20%">Other Info</td>
        <td colspan="1" rowspan="1" width="80%">1724030606, que evalúa a: 2024-08-18 21:23:26</td>
      </tr>
      <tr>
        <td colspan="1" rowspan="1" class="indent1" width="20%">URL</td>
        <td colspan="1" rowspan="1" width="80%">
          <a shape="rect" href="https://demo.owasp-juice.shop/rest/admin/application-configuration">https://demo.owasp-juice.shop/rest/admin/application-configuration</a>
        </td>
      </tr>
      <tr>
        <td colspan="1" rowspan="1" class="indent2" width="20%">Método</td>
        <td colspan="1" rowspan="1" width="80%">GET</td>
      </tr>
      <tr>
        <td colspan="1" rowspan="1" class="indent2" width="20%">Parámetros</td>
        <td colspan="1" rowspan="1" width="80%">Reporting-Endpoints</td>
      </tr>
      <tr>
        <td colspan="1" rowspan="1" class="indent2" width="20%">Ataque</td>
        <td colspan="1" rowspan="1" width="80%"/>
      </tr>
      <tr>
        <td colspan="1" rowspan="1" class="indent2" width="20%">Evidencia</td>
        <td colspan="1" rowspan="1" width="80%">1724030630</td>
      </tr>
      <tr>
        <td colspan="1" rowspan="1" class="indent2" width="20%">Other Info</td>
        <td colspan="1" rowspan="1" width="80%">1724030630, que evalúa a: 2024-08-18 21:23:50</td>
      </tr>
      <tr>
        <td colspan="1" rowspan="1" class="indent1" width="20%">URL</td>
        <td colspan="1" rowspan="1" width="80%">
          <a shape="rect" href="https://demo.owasp-juice.shop/rest/admin/application-version">https://demo.owasp-juice.shop/rest/admin/application-version</a>
        </td>
      </tr>
      <tr>
        <td colspan="1" rowspan="1" class="indent2" width="20%">Método</td>
        <td colspan="1" rowspan="1" width="80%">GET</td>
      </tr>
      <tr>
        <td colspan="1" rowspan="1" class="indent2" width="20%">Parámetros</td>
        <td colspan="1" rowspan="1" width="80%">Reporting-Endpoints</td>
      </tr>
      <tr>
        <td colspan="1" rowspan="1" class="indent2" width="20%">Ataque</td>
        <td colspan="1" rowspan="1" width="80%"/>
      </tr>
      <tr>
        <td colspan="1" rowspan="1" class="indent2" width="20%">Evidencia</td>
        <td colspan="1" rowspan="1" width="80%">1724030303</td>
      </tr>
      <tr>
        <td colspan="1" rowspan="1" class="indent2" width="20%">Other Info</td>
        <td colspan="1" rowspan="1" width="80%">1724030303, que evalúa a: 2024-08-18 21:18:23</td>
      </tr>
      <tr>
        <td colspan="1" rowspan="1" class="indent1" width="20%">URL</td>
        <td colspan="1" rowspan="1" width="80%">
          <a shape="rect" href="https://demo.owasp-juice.shop/rest/admin/application-version">https://demo.owasp-juice.shop/rest/admin/application-version</a>
        </td>
      </tr>
      <tr>
        <td colspan="1" rowspan="1" class="indent2" width="20%">Método</td>
        <td colspan="1" rowspan="1" width="80%">GET</td>
      </tr>
      <tr>
        <td colspan="1" rowspan="1" class="indent2" width="20%">Parámetros</td>
        <td colspan="1" rowspan="1" width="80%">Reporting-Endpoints</td>
      </tr>
      <tr>
        <td colspan="1" rowspan="1" class="indent2" width="20%">Ataque</td>
        <td colspan="1" rowspan="1" width="80%"/>
      </tr>
      <tr>
        <td colspan="1" rowspan="1" class="indent2" width="20%">Evidencia</td>
        <td colspan="1" rowspan="1" width="80%">1724030304</td>
      </tr>
      <tr>
        <td colspan="1" rowspan="1" class="indent2" width="20%">Other Info</td>
        <td colspan="1" rowspan="1" width="80%">1724030304, que evalúa a: 2024-08-18 21:18:24</td>
      </tr>
      <tr>
        <td colspan="1" rowspan="1" class="indent1" width="20%">URL</td>
        <td colspan="1" rowspan="1" width="80%">
          <a shape="rect" href="https://demo.owasp-juice.shop/rest/admin/application-version">https://demo.owasp-juice.shop/rest/admin/application-version</a>
        </td>
      </tr>
      <tr>
        <td colspan="1" rowspan="1" class="indent2" width="20%">Método</td>
        <td colspan="1" rowspan="1" width="80%">GET</td>
      </tr>
      <tr>
        <td colspan="1" rowspan="1" class="indent2" width="20%">Parámetros</td>
        <td colspan="1" rowspan="1" width="80%">Reporting-Endpoints</td>
      </tr>
      <tr>
        <td colspan="1" rowspan="1" class="indent2" width="20%">Ataque</td>
        <td colspan="1" rowspan="1" width="80%"/>
      </tr>
      <tr>
        <td colspan="1" rowspan="1" class="indent2" width="20%">Evidencia</td>
        <td colspan="1" rowspan="1" width="80%">1724030363</td>
      </tr>
      <tr>
        <td colspan="1" rowspan="1" class="indent2" width="20%">Other Info</td>
        <td colspan="1" rowspan="1" width="80%">1724030363, que evalúa a: 2024-08-18 21:19:23</td>
      </tr>
      <tr>
        <td colspan="1" rowspan="1" class="indent1" width="20%">URL</td>
        <td colspan="1" rowspan="1" width="80%">
          <a shape="rect" href="https://demo.owasp-juice.shop/rest/admin/application-version">https://demo.owasp-juice.shop/rest/admin/application-version</a>
        </td>
      </tr>
      <tr>
        <td colspan="1" rowspan="1" class="indent2" width="20%">Método</td>
        <td colspan="1" rowspan="1" width="80%">GET</td>
      </tr>
      <tr>
        <td colspan="1" rowspan="1" class="indent2" width="20%">Parámetros</td>
        <td colspan="1" rowspan="1" width="80%">Reporting-Endpoints</td>
      </tr>
      <tr>
        <td colspan="1" rowspan="1" class="indent2" width="20%">Ataque</td>
        <td colspan="1" rowspan="1" width="80%"/>
      </tr>
      <tr>
        <td colspan="1" rowspan="1" class="indent2" width="20%">Evidencia</td>
        <td colspan="1" rowspan="1" width="80%">1724030364</td>
      </tr>
      <tr>
        <td colspan="1" rowspan="1" class="indent2" width="20%">Other Info</td>
        <td colspan="1" rowspan="1" width="80%">1724030364, que evalúa a: 2024-08-18 21:19:24</td>
      </tr>
      <tr>
        <td colspan="1" rowspan="1" class="indent1" width="20%">URL</td>
        <td colspan="1" rowspan="1" width="80%">
          <a shape="rect" href="https://demo.owasp-juice.shop/rest/admin/application-version">https://demo.owasp-juice.shop/rest/admin/application-version</a>
        </td>
      </tr>
      <tr>
        <td colspan="1" rowspan="1" class="indent2" width="20%">Método</td>
        <td colspan="1" rowspan="1" width="80%">GET</td>
      </tr>
      <tr>
        <td colspan="1" rowspan="1" class="indent2" width="20%">Parámetros</td>
        <td colspan="1" rowspan="1" width="80%">Reporting-Endpoints</td>
      </tr>
      <tr>
        <td colspan="1" rowspan="1" class="indent2" width="20%">Ataque</td>
        <td colspan="1" rowspan="1" width="80%"/>
      </tr>
      <tr>
        <td colspan="1" rowspan="1" class="indent2" width="20%">Evidencia</td>
        <td colspan="1" rowspan="1" width="80%">1724030398</td>
      </tr>
      <tr>
        <td colspan="1" rowspan="1" class="indent2" width="20%">Other Info</td>
        <td colspan="1" rowspan="1" width="80%">1724030398, que evalúa a: 2024-08-18 21:19:58</td>
      </tr>
      <tr>
        <td colspan="1" rowspan="1" class="indent1" width="20%">URL</td>
        <td colspan="1" rowspan="1" width="80%">
          <a shape="rect" href="https://demo.owasp-juice.shop/rest/admin/application-version">https://demo.owasp-juice.shop/rest/admin/application-version</a>
        </td>
      </tr>
      <tr>
        <td colspan="1" rowspan="1" class="indent2" width="20%">Método</td>
        <td colspan="1" rowspan="1" width="80%">GET</td>
      </tr>
      <tr>
        <td colspan="1" rowspan="1" class="indent2" width="20%">Parámetros</td>
        <td colspan="1" rowspan="1" width="80%">Reporting-Endpoints</td>
      </tr>
      <tr>
        <td colspan="1" rowspan="1" class="indent2" width="20%">Ataque</td>
        <td colspan="1" rowspan="1" width="80%"/>
      </tr>
      <tr>
        <td colspan="1" rowspan="1" class="indent2" width="20%">Evidencia</td>
        <td colspan="1" rowspan="1" width="80%">1724030399</td>
      </tr>
      <tr>
        <td colspan="1" rowspan="1" class="indent2" width="20%">Other Info</td>
        <td colspan="1" rowspan="1" width="80%">1724030399, que evalúa a: 2024-08-18 21:19:59</td>
      </tr>
      <tr>
        <td colspan="1" rowspan="1" class="indent1" width="20%">URL</td>
        <td colspan="1" rowspan="1" width="80%">
          <a shape="rect" href="https://demo.owasp-juice.shop/rest/admin/application-version">https://demo.owasp-juice.shop/rest/admin/application-version</a>
        </td>
      </tr>
      <tr>
        <td colspan="1" rowspan="1" class="indent2" width="20%">Método</td>
        <td colspan="1" rowspan="1" width="80%">GET</td>
      </tr>
      <tr>
        <td colspan="1" rowspan="1" class="indent2" width="20%">Parámetros</td>
        <td colspan="1" rowspan="1" width="80%">Reporting-Endpoints</td>
      </tr>
      <tr>
        <td colspan="1" rowspan="1" class="indent2" width="20%">Ataque</td>
        <td colspan="1" rowspan="1" width="80%"/>
      </tr>
      <tr>
        <td colspan="1" rowspan="1" class="indent2" width="20%">Evidencia</td>
        <td colspan="1" rowspan="1" width="80%">1724030453</td>
      </tr>
      <tr>
        <td colspan="1" rowspan="1" class="indent2" width="20%">Other Info</td>
        <td colspan="1" rowspan="1" width="80%">1724030453, que evalúa a: 2024-08-18 21:20:53</td>
      </tr>
      <tr>
        <td colspan="1" rowspan="1" class="indent1" width="20%">URL</td>
        <td colspan="1" rowspan="1" width="80%">
          <a shape="rect" href="https://demo.owasp-juice.shop/rest/admin/application-version">https://demo.owasp-juice.shop/rest/admin/application-version</a>
        </td>
      </tr>
      <tr>
        <td colspan="1" rowspan="1" class="indent2" width="20%">Método</td>
        <td colspan="1" rowspan="1" width="80%">GET</td>
      </tr>
      <tr>
        <td colspan="1" rowspan="1" class="indent2" width="20%">Parámetros</td>
        <td colspan="1" rowspan="1" width="80%">Reporting-Endpoints</td>
      </tr>
      <tr>
        <td colspan="1" rowspan="1" class="indent2" width="20%">Ataque</td>
        <td colspan="1" rowspan="1" width="80%"/>
      </tr>
      <tr>
        <td colspan="1" rowspan="1" class="indent2" width="20%">Evidencia</td>
        <td colspan="1" rowspan="1" width="80%">1724030455</td>
      </tr>
      <tr>
        <td colspan="1" rowspan="1" class="indent2" width="20%">Other Info</td>
        <td colspan="1" rowspan="1" width="80%">1724030455, que evalúa a: 2024-08-18 21:20:55</td>
      </tr>
      <tr>
        <td colspan="1" rowspan="1" class="indent1" width="20%">URL</td>
        <td colspan="1" rowspan="1" width="80%">
          <a shape="rect" href="https://demo.owasp-juice.shop/rest/admin/application-version">https://demo.owasp-juice.shop/rest/admin/application-version</a>
        </td>
      </tr>
      <tr>
        <td colspan="1" rowspan="1" class="indent2" width="20%">Método</td>
        <td colspan="1" rowspan="1" width="80%">GET</td>
      </tr>
      <tr>
        <td colspan="1" rowspan="1" class="indent2" width="20%">Parámetros</td>
        <td colspan="1" rowspan="1" width="80%">Reporting-Endpoints</td>
      </tr>
      <tr>
        <td colspan="1" rowspan="1" class="indent2" width="20%">Ataque</td>
        <td colspan="1" rowspan="1" width="80%"/>
      </tr>
      <tr>
        <td colspan="1" rowspan="1" class="indent2" width="20%">Evidencia</td>
        <td colspan="1" rowspan="1" width="80%">1724030603</td>
      </tr>
      <tr>
        <td colspan="1" rowspan="1" class="indent2" width="20%">Other Info</td>
        <td colspan="1" rowspan="1" width="80%">1724030603, que evalúa a: 2024-08-18 21:23:23</td>
      </tr>
      <tr>
        <td colspan="1" rowspan="1" class="indent1" width="20%">URL</td>
        <td colspan="1" rowspan="1" width="80%">
          <a shape="rect" href="https://demo.owasp-juice.shop/rest/admin/application-version">https://demo.owasp-juice.shop/rest/admin/application-version</a>
        </td>
      </tr>
      <tr>
        <td colspan="1" rowspan="1" class="indent2" width="20%">Método</td>
        <td colspan="1" rowspan="1" width="80%">GET</td>
      </tr>
      <tr>
        <td colspan="1" rowspan="1" class="indent2" width="20%">Parámetros</td>
        <td colspan="1" rowspan="1" width="80%">Reporting-Endpoints</td>
      </tr>
      <tr>
        <td colspan="1" rowspan="1" class="indent2" width="20%">Ataque</td>
        <td colspan="1" rowspan="1" width="80%"/>
      </tr>
      <tr>
        <td colspan="1" rowspan="1" class="indent2" width="20%">Evidencia</td>
        <td colspan="1" rowspan="1" width="80%">1724030604</td>
      </tr>
      <tr>
        <td colspan="1" rowspan="1" class="indent2" width="20%">Other Info</td>
        <td colspan="1" rowspan="1" width="80%">1724030604, que evalúa a: 2024-08-18 21:23:24</td>
      </tr>
      <tr>
        <td colspan="1" rowspan="1" class="indent1" width="20%">URL</td>
        <td colspan="1" rowspan="1" width="80%">
          <a shape="rect" href="https://demo.owasp-juice.shop/rest/basket/6">https://demo.owasp-juice.shop/rest/basket/6</a>
        </td>
      </tr>
      <tr>
        <td colspan="1" rowspan="1" class="indent2" width="20%">Método</td>
        <td colspan="1" rowspan="1" width="80%">GET</td>
      </tr>
      <tr>
        <td colspan="1" rowspan="1" class="indent2" width="20%">Parámetros</td>
        <td colspan="1" rowspan="1" width="80%">Reporting-Endpoints</td>
      </tr>
      <tr>
        <td colspan="1" rowspan="1" class="indent2" width="20%">Ataque</td>
        <td colspan="1" rowspan="1" width="80%"/>
      </tr>
      <tr>
        <td colspan="1" rowspan="1" class="indent2" width="20%">Evidencia</td>
        <td colspan="1" rowspan="1" width="80%">1724030315</td>
      </tr>
      <tr>
        <td colspan="1" rowspan="1" class="indent2" width="20%">Other Info</td>
        <td colspan="1" rowspan="1" width="80%">1724030315, que evalúa a: 2024-08-18 21:18:35</td>
      </tr>
      <tr>
        <td colspan="1" rowspan="1" class="indent1" width="20%">URL</td>
        <td colspan="1" rowspan="1" width="80%">
          <a shape="rect" href="https://demo.owasp-juice.shop/rest/basket/6">https://demo.owasp-juice.shop/rest/basket/6</a>
        </td>
      </tr>
      <tr>
        <td colspan="1" rowspan="1" class="indent2" width="20%">Método</td>
        <td colspan="1" rowspan="1" width="80%">GET</td>
      </tr>
      <tr>
        <td colspan="1" rowspan="1" class="indent2" width="20%">Parámetros</td>
        <td colspan="1" rowspan="1" width="80%">Reporting-Endpoints</td>
      </tr>
      <tr>
        <td colspan="1" rowspan="1" class="indent2" width="20%">Ataque</td>
        <td colspan="1" rowspan="1" width="80%"/>
      </tr>
      <tr>
        <td colspan="1" rowspan="1" class="indent2" width="20%">Evidencia</td>
        <td colspan="1" rowspan="1" width="80%">1724030459</td>
      </tr>
      <tr>
        <td colspan="1" rowspan="1" class="indent2" width="20%">Other Info</td>
        <td colspan="1" rowspan="1" width="80%">1724030459, que evalúa a: 2024-08-18 21:20:59</td>
      </tr>
      <tr>
        <td colspan="1" rowspan="1" class="indent1" width="20%">URL</td>
        <td colspan="1" rowspan="1" width="80%">
          <a shape="rect" href="https://demo.owasp-juice.shop/rest/basket/6">https://demo.owasp-juice.shop/rest/basket/6</a>
        </td>
      </tr>
      <tr>
        <td colspan="1" rowspan="1" class="indent2" width="20%">Método</td>
        <td colspan="1" rowspan="1" width="80%">GET</td>
      </tr>
      <tr>
        <td colspan="1" rowspan="1" class="indent2" width="20%">Parámetros</td>
        <td colspan="1" rowspan="1" width="80%">Reporting-Endpoints</td>
      </tr>
      <tr>
        <td colspan="1" rowspan="1" class="indent2" width="20%">Ataque</td>
        <td colspan="1" rowspan="1" width="80%"/>
      </tr>
      <tr>
        <td colspan="1" rowspan="1" class="indent2" width="20%">Evidencia</td>
        <td colspan="1" rowspan="1" width="80%">1724030631</td>
      </tr>
      <tr>
        <td colspan="1" rowspan="1" class="indent2" width="20%">Other Info</td>
        <td colspan="1" rowspan="1" width="80%">1724030631, que evalúa a: 2024-08-18 21:23:51</td>
      </tr>
      <tr>
        <td colspan="1" rowspan="1" class="indent1" width="20%">URL</td>
        <td colspan="1" rowspan="1" width="80%">
          <a shape="rect" href="https://demo.owasp-juice.shop/rest/languages">https://demo.owasp-juice.shop/rest/languages</a>
        </td>
      </tr>
      <tr>
        <td colspan="1" rowspan="1" class="indent2" width="20%">Método</td>
        <td colspan="1" rowspan="1" width="80%">GET</td>
      </tr>
      <tr>
        <td colspan="1" rowspan="1" class="indent2" width="20%">Parámetros</td>
        <td colspan="1" rowspan="1" width="80%">Reporting-Endpoints</td>
      </tr>
      <tr>
        <td colspan="1" rowspan="1" class="indent2" width="20%">Ataque</td>
        <td colspan="1" rowspan="1" width="80%"/>
      </tr>
      <tr>
        <td colspan="1" rowspan="1" class="indent2" width="20%">Evidencia</td>
        <td colspan="1" rowspan="1" width="80%">1724030303</td>
      </tr>
      <tr>
        <td colspan="1" rowspan="1" class="indent2" width="20%">Other Info</td>
        <td colspan="1" rowspan="1" width="80%">1724030303, que evalúa a: 2024-08-18 21:18:23</td>
      </tr>
      <tr>
        <td colspan="1" rowspan="1" class="indent1" width="20%">URL</td>
        <td colspan="1" rowspan="1" width="80%">
          <a shape="rect" href="https://demo.owasp-juice.shop/rest/languages">https://demo.owasp-juice.shop/rest/languages</a>
        </td>
      </tr>
      <tr>
        <td colspan="1" rowspan="1" class="indent2" width="20%">Método</td>
        <td colspan="1" rowspan="1" width="80%">GET</td>
      </tr>
      <tr>
        <td colspan="1" rowspan="1" class="indent2" width="20%">Parámetros</td>
        <td colspan="1" rowspan="1" width="80%">Reporting-Endpoints</td>
      </tr>
      <tr>
        <td colspan="1" rowspan="1" class="indent2" width="20%">Ataque</td>
        <td colspan="1" rowspan="1" width="80%"/>
      </tr>
      <tr>
        <td colspan="1" rowspan="1" class="indent2" width="20%">Evidencia</td>
        <td colspan="1" rowspan="1" width="80%">1724030363</td>
      </tr>
      <tr>
        <td colspan="1" rowspan="1" class="indent2" width="20%">Other Info</td>
        <td colspan="1" rowspan="1" width="80%">1724030363, que evalúa a: 2024-08-18 21:19:23</td>
      </tr>
      <tr>
        <td colspan="1" rowspan="1" class="indent1" width="20%">URL</td>
        <td colspan="1" rowspan="1" width="80%">
          <a shape="rect" href="https://demo.owasp-juice.shop/rest/languages">https://demo.owasp-juice.shop/rest/languages</a>
        </td>
      </tr>
      <tr>
        <td colspan="1" rowspan="1" class="indent2" width="20%">Método</td>
        <td colspan="1" rowspan="1" width="80%">GET</td>
      </tr>
      <tr>
        <td colspan="1" rowspan="1" class="indent2" width="20%">Parámetros</td>
        <td colspan="1" rowspan="1" width="80%">Reporting-Endpoints</td>
      </tr>
      <tr>
        <td colspan="1" rowspan="1" class="indent2" width="20%">Ataque</td>
        <td colspan="1" rowspan="1" width="80%"/>
      </tr>
      <tr>
        <td colspan="1" rowspan="1" class="indent2" width="20%">Evidencia</td>
        <td colspan="1" rowspan="1" width="80%">1724030399</td>
      </tr>
      <tr>
        <td colspan="1" rowspan="1" class="indent2" width="20%">Other Info</td>
        <td colspan="1" rowspan="1" width="80%">1724030399, que evalúa a: 2024-08-18 21:19:59</td>
      </tr>
      <tr>
        <td colspan="1" rowspan="1" class="indent1" width="20%">URL</td>
        <td colspan="1" rowspan="1" width="80%">
          <a shape="rect" href="https://demo.owasp-juice.shop/rest/languages">https://demo.owasp-juice.shop/rest/languages</a>
        </td>
      </tr>
      <tr>
        <td colspan="1" rowspan="1" class="indent2" width="20%">Método</td>
        <td colspan="1" rowspan="1" width="80%">GET</td>
      </tr>
      <tr>
        <td colspan="1" rowspan="1" class="indent2" width="20%">Parámetros</td>
        <td colspan="1" rowspan="1" width="80%">Reporting-Endpoints</td>
      </tr>
      <tr>
        <td colspan="1" rowspan="1" class="indent2" width="20%">Ataque</td>
        <td colspan="1" rowspan="1" width="80%"/>
      </tr>
      <tr>
        <td colspan="1" rowspan="1" class="indent2" width="20%">Evidencia</td>
        <td colspan="1" rowspan="1" width="80%">1724030454</td>
      </tr>
      <tr>
        <td colspan="1" rowspan="1" class="indent2" width="20%">Other Info</td>
        <td colspan="1" rowspan="1" width="80%">1724030454, que evalúa a: 2024-08-18 21:20:54</td>
      </tr>
      <tr>
        <td colspan="1" rowspan="1" class="indent1" width="20%">URL</td>
        <td colspan="1" rowspan="1" width="80%">
          <a shape="rect" href="https://demo.owasp-juice.shop/rest/languages">https://demo.owasp-juice.shop/rest/languages</a>
        </td>
      </tr>
      <tr>
        <td colspan="1" rowspan="1" class="indent2" width="20%">Método</td>
        <td colspan="1" rowspan="1" width="80%">GET</td>
      </tr>
      <tr>
        <td colspan="1" rowspan="1" class="indent2" width="20%">Parámetros</td>
        <td colspan="1" rowspan="1" width="80%">Reporting-Endpoints</td>
      </tr>
      <tr>
        <td colspan="1" rowspan="1" class="indent2" width="20%">Ataque</td>
        <td colspan="1" rowspan="1" width="80%"/>
      </tr>
      <tr>
        <td colspan="1" rowspan="1" class="indent2" width="20%">Evidencia</td>
        <td colspan="1" rowspan="1" width="80%">1724030604</td>
      </tr>
      <tr>
        <td colspan="1" rowspan="1" class="indent2" width="20%">Other Info</td>
        <td colspan="1" rowspan="1" width="80%">1724030604, que evalúa a: 2024-08-18 21:23:24</td>
      </tr>
      <tr>
        <td colspan="1" rowspan="1" class="indent1" width="20%">URL</td>
        <td colspan="1" rowspan="1" width="80%">
          <a shape="rect" href="https://demo.owasp-juice.shop/rest/products/search?q=">https://demo.owasp-juice.shop/rest/products/search?q=</a>
        </td>
      </tr>
      <tr>
        <td colspan="1" rowspan="1" class="indent2" width="20%">Método</td>
        <td colspan="1" rowspan="1" width="80%">GET</td>
      </tr>
      <tr>
        <td colspan="1" rowspan="1" class="indent2" width="20%">Parámetros</td>
        <td colspan="1" rowspan="1" width="80%"/>
      </tr>
      <tr>
        <td colspan="1" rowspan="1" class="indent2" width="20%">Ataque</td>
        <td colspan="1" rowspan="1" width="80%"/>
      </tr>
      <tr>
        <td colspan="1" rowspan="1" class="indent2" width="20%">Evidencia</td>
        <td colspan="1" rowspan="1" width="80%">1969196030</td>
      </tr>
      <tr>
        <td colspan="1" rowspan="1" class="indent2" width="20%">Other Info</td>
        <td colspan="1" rowspan="1" width="80%">1969196030, que evalúa a: 2032-05-26 10:53:50</td>
      </tr>
      <tr>
        <td colspan="1" rowspan="1" class="indent1" width="20%">URL</td>
        <td colspan="1" rowspan="1" width="80%">
          <a shape="rect" href="https://demo.owasp-juice.shop/rest/products/search?q=">https://demo.owasp-juice.shop/rest/products/search?q=</a>
        </td>
      </tr>
      <tr>
        <td colspan="1" rowspan="1" class="indent2" width="20%">Método</td>
        <td colspan="1" rowspan="1" width="80%">GET</td>
      </tr>
      <tr>
        <td colspan="1" rowspan="1" class="indent2" width="20%">Parámetros</td>
        <td colspan="1" rowspan="1" width="80%"/>
      </tr>
      <tr>
        <td colspan="1" rowspan="1" class="indent2" width="20%">Ataque</td>
        <td colspan="1" rowspan="1" width="80%"/>
      </tr>
      <tr>
        <td colspan="1" rowspan="1" class="indent2" width="20%">Evidencia</td>
        <td colspan="1" rowspan="1" width="80%">1970691216</td>
      </tr>
      <tr>
        <td colspan="1" rowspan="1" class="indent2" width="20%">Other Info</td>
        <td colspan="1" rowspan="1" width="80%">1970691216, que evalúa a: 2032-06-12 18:13:36</td>
      </tr>
      <tr>
        <td colspan="1" rowspan="1" class="indent1" width="20%">URL</td>
        <td colspan="1" rowspan="1" width="80%">
          <a shape="rect" href="https://demo.owasp-juice.shop/rest/products/search?q=">https://demo.owasp-juice.shop/rest/products/search?q=</a>
        </td>
      </tr>
      <tr>
        <td colspan="1" rowspan="1" class="indent2" width="20%">Método</td>
        <td colspan="1" rowspan="1" width="80%">GET</td>
      </tr>
      <tr>
        <td colspan="1" rowspan="1" class="indent2" width="20%">Parámetros</td>
        <td colspan="1" rowspan="1" width="80%">Reporting-Endpoints</td>
      </tr>
      <tr>
        <td colspan="1" rowspan="1" class="indent2" width="20%">Ataque</td>
        <td colspan="1" rowspan="1" width="80%"/>
      </tr>
      <tr>
        <td colspan="1" rowspan="1" class="indent2" width="20%">Evidencia</td>
        <td colspan="1" rowspan="1" width="80%">1724030304</td>
      </tr>
      <tr>
        <td colspan="1" rowspan="1" class="indent2" width="20%">Other Info</td>
        <td colspan="1" rowspan="1" width="80%">1724030304, que evalúa a: 2024-08-18 21:18:24</td>
      </tr>
      <tr>
        <td colspan="1" rowspan="1" class="indent1" width="20%">URL</td>
        <td colspan="1" rowspan="1" width="80%">
          <a shape="rect" href="https://demo.owasp-juice.shop/rest/products/search?q=">https://demo.owasp-juice.shop/rest/products/search?q=</a>
        </td>
      </tr>
      <tr>
        <td colspan="1" rowspan="1" class="indent2" width="20%">Método</td>
        <td colspan="1" rowspan="1" width="80%">GET</td>
      </tr>
      <tr>
        <td colspan="1" rowspan="1" class="indent2" width="20%">Parámetros</td>
        <td colspan="1" rowspan="1" width="80%">Reporting-Endpoints</td>
      </tr>
      <tr>
        <td colspan="1" rowspan="1" class="indent2" width="20%">Ataque</td>
        <td colspan="1" rowspan="1" width="80%"/>
      </tr>
      <tr>
        <td colspan="1" rowspan="1" class="indent2" width="20%">Evidencia</td>
        <td colspan="1" rowspan="1" width="80%">1724030363</td>
      </tr>
      <tr>
        <td colspan="1" rowspan="1" class="indent2" width="20%">Other Info</td>
        <td colspan="1" rowspan="1" width="80%">1724030363, que evalúa a: 2024-08-18 21:19:23</td>
      </tr>
      <tr>
        <td colspan="1" rowspan="1" class="indent1" width="20%">URL</td>
        <td colspan="1" rowspan="1" width="80%">
          <a shape="rect" href="https://demo.owasp-juice.shop/rest/products/search?q=">https://demo.owasp-juice.shop/rest/products/search?q=</a>
        </td>
      </tr>
      <tr>
        <td colspan="1" rowspan="1" class="indent2" width="20%">Método</td>
        <td colspan="1" rowspan="1" width="80%">GET</td>
      </tr>
      <tr>
        <td colspan="1" rowspan="1" class="indent2" width="20%">Parámetros</td>
        <td colspan="1" rowspan="1" width="80%">Reporting-Endpoints</td>
      </tr>
      <tr>
        <td colspan="1" rowspan="1" class="indent2" width="20%">Ataque</td>
        <td colspan="1" rowspan="1" width="80%"/>
      </tr>
      <tr>
        <td colspan="1" rowspan="1" class="indent2" width="20%">Evidencia</td>
        <td colspan="1" rowspan="1" width="80%">1724030399</td>
      </tr>
      <tr>
        <td colspan="1" rowspan="1" class="indent2" width="20%">Other Info</td>
        <td colspan="1" rowspan="1" width="80%">1724030399, que evalúa a: 2024-08-18 21:19:59</td>
      </tr>
      <tr>
        <td colspan="1" rowspan="1" class="indent1" width="20%">URL</td>
        <td colspan="1" rowspan="1" width="80%">
          <a shape="rect" href="https://demo.owasp-juice.shop/rest/products/search?q=">https://demo.owasp-juice.shop/rest/products/search?q=</a>
        </td>
      </tr>
      <tr>
        <td colspan="1" rowspan="1" class="indent2" width="20%">Método</td>
        <td colspan="1" rowspan="1" width="80%">GET</td>
      </tr>
      <tr>
        <td colspan="1" rowspan="1" class="indent2" width="20%">Parámetros</td>
        <td colspan="1" rowspan="1" width="80%">Reporting-Endpoints</td>
      </tr>
      <tr>
        <td colspan="1" rowspan="1" class="indent2" width="20%">Ataque</td>
        <td colspan="1" rowspan="1" width="80%"/>
      </tr>
      <tr>
        <td colspan="1" rowspan="1" class="indent2" width="20%">Evidencia</td>
        <td colspan="1" rowspan="1" width="80%">1724030454</td>
      </tr>
      <tr>
        <td colspan="1" rowspan="1" class="indent2" width="20%">Other Info</td>
        <td colspan="1" rowspan="1" width="80%">1724030454, que evalúa a: 2024-08-18 21:20:54</td>
      </tr>
      <tr>
        <td colspan="1" rowspan="1" class="indent1" width="20%">URL</td>
        <td colspan="1" rowspan="1" width="80%">
          <a shape="rect" href="https://demo.owasp-juice.shop/rest/products/search?q=">https://demo.owasp-juice.shop/rest/products/search?q=</a>
        </td>
      </tr>
      <tr>
        <td colspan="1" rowspan="1" class="indent2" width="20%">Método</td>
        <td colspan="1" rowspan="1" width="80%">GET</td>
      </tr>
      <tr>
        <td colspan="1" rowspan="1" class="indent2" width="20%">Parámetros</td>
        <td colspan="1" rowspan="1" width="80%">Reporting-Endpoints</td>
      </tr>
      <tr>
        <td colspan="1" rowspan="1" class="indent2" width="20%">Ataque</td>
        <td colspan="1" rowspan="1" width="80%"/>
      </tr>
      <tr>
        <td colspan="1" rowspan="1" class="indent2" width="20%">Evidencia</td>
        <td colspan="1" rowspan="1" width="80%">1724030459</td>
      </tr>
      <tr>
        <td colspan="1" rowspan="1" class="indent2" width="20%">Other Info</td>
        <td colspan="1" rowspan="1" width="80%">1724030459, que evalúa a: 2024-08-18 21:20:59</td>
      </tr>
      <tr>
        <td colspan="1" rowspan="1" class="indent1" width="20%">URL</td>
        <td colspan="1" rowspan="1" width="80%">
          <a shape="rect" href="https://demo.owasp-juice.shop/rest/products/search?q=">https://demo.owasp-juice.shop/rest/products/search?q=</a>
        </td>
      </tr>
      <tr>
        <td colspan="1" rowspan="1" class="indent2" width="20%">Método</td>
        <td colspan="1" rowspan="1" width="80%">GET</td>
      </tr>
      <tr>
        <td colspan="1" rowspan="1" class="indent2" width="20%">Parámetros</td>
        <td colspan="1" rowspan="1" width="80%">Reporting-Endpoints</td>
      </tr>
      <tr>
        <td colspan="1" rowspan="1" class="indent2" width="20%">Ataque</td>
        <td colspan="1" rowspan="1" width="80%"/>
      </tr>
      <tr>
        <td colspan="1" rowspan="1" class="indent2" width="20%">Evidencia</td>
        <td colspan="1" rowspan="1" width="80%">1724030604</td>
      </tr>
      <tr>
        <td colspan="1" rowspan="1" class="indent2" width="20%">Other Info</td>
        <td colspan="1" rowspan="1" width="80%">1724030604, que evalúa a: 2024-08-18 21:23:24</td>
      </tr>
      <tr>
        <td colspan="1" rowspan="1" class="indent1" width="20%">URL</td>
        <td colspan="1" rowspan="1" width="80%">
          <a shape="rect" href="https://demo.owasp-juice.shop/rest/products/search?q=">https://demo.owasp-juice.shop/rest/products/search?q=</a>
        </td>
      </tr>
      <tr>
        <td colspan="1" rowspan="1" class="indent2" width="20%">Método</td>
        <td colspan="1" rowspan="1" width="80%">GET</td>
      </tr>
      <tr>
        <td colspan="1" rowspan="1" class="indent2" width="20%">Parámetros</td>
        <td colspan="1" rowspan="1" width="80%">Reporting-Endpoints</td>
      </tr>
      <tr>
        <td colspan="1" rowspan="1" class="indent2" width="20%">Ataque</td>
        <td colspan="1" rowspan="1" width="80%"/>
      </tr>
      <tr>
        <td colspan="1" rowspan="1" class="indent2" width="20%">Evidencia</td>
        <td colspan="1" rowspan="1" width="80%">1724030631</td>
      </tr>
      <tr>
        <td colspan="1" rowspan="1" class="indent2" width="20%">Other Info</td>
        <td colspan="1" rowspan="1" width="80%">1724030631, que evalúa a: 2024-08-18 21:23:51</td>
      </tr>
      <tr>
        <td colspan="1" rowspan="1" class="indent1" width="20%">URL</td>
        <td colspan="1" rowspan="1" width="80%">
          <a shape="rect" href="https://demo.owasp-juice.shop/rest/user/whoami">https://demo.owasp-juice.shop/rest/user/whoami</a>
        </td>
      </tr>
      <tr>
        <td colspan="1" rowspan="1" class="indent2" width="20%">Método</td>
        <td colspan="1" rowspan="1" width="80%">GET</td>
      </tr>
      <tr>
        <td colspan="1" rowspan="1" class="indent2" width="20%">Parámetros</td>
        <td colspan="1" rowspan="1" width="80%">Reporting-Endpoints</td>
      </tr>
      <tr>
        <td colspan="1" rowspan="1" class="indent2" width="20%">Ataque</td>
        <td colspan="1" rowspan="1" width="80%"/>
      </tr>
      <tr>
        <td colspan="1" rowspan="1" class="indent2" width="20%">Evidencia</td>
        <td colspan="1" rowspan="1" width="80%">1724030314</td>
      </tr>
      <tr>
        <td colspan="1" rowspan="1" class="indent2" width="20%">Other Info</td>
        <td colspan="1" rowspan="1" width="80%">1724030314, que evalúa a: 2024-08-18 21:18:34</td>
      </tr>
      <tr>
        <td colspan="1" rowspan="1" class="indent1" width="20%">URL</td>
        <td colspan="1" rowspan="1" width="80%">
          <a shape="rect" href="https://demo.owasp-juice.shop/rest/user/whoami">https://demo.owasp-juice.shop/rest/user/whoami</a>
        </td>
      </tr>
      <tr>
        <td colspan="1" rowspan="1" class="indent2" width="20%">Método</td>
        <td colspan="1" rowspan="1" width="80%">GET</td>
      </tr>
      <tr>
        <td colspan="1" rowspan="1" class="indent2" width="20%">Parámetros</td>
        <td colspan="1" rowspan="1" width="80%">Reporting-Endpoints</td>
      </tr>
      <tr>
        <td colspan="1" rowspan="1" class="indent2" width="20%">Ataque</td>
        <td colspan="1" rowspan="1" width="80%"/>
      </tr>
      <tr>
        <td colspan="1" rowspan="1" class="indent2" width="20%">Evidencia</td>
        <td colspan="1" rowspan="1" width="80%">1724030315</td>
      </tr>
      <tr>
        <td colspan="1" rowspan="1" class="indent2" width="20%">Other Info</td>
        <td colspan="1" rowspan="1" width="80%">1724030315, que evalúa a: 2024-08-18 21:18:35</td>
      </tr>
      <tr>
        <td colspan="1" rowspan="1" class="indent1" width="20%">URL</td>
        <td colspan="1" rowspan="1" width="80%">
          <a shape="rect" href="https://demo.owasp-juice.shop/rest/user/whoami">https://demo.owasp-juice.shop/rest/user/whoami</a>
        </td>
      </tr>
      <tr>
        <td colspan="1" rowspan="1" class="indent2" width="20%">Método</td>
        <td colspan="1" rowspan="1" width="80%">GET</td>
      </tr>
      <tr>
        <td colspan="1" rowspan="1" class="indent2" width="20%">Parámetros</td>
        <td colspan="1" rowspan="1" width="80%">Reporting-Endpoints</td>
      </tr>
      <tr>
        <td colspan="1" rowspan="1" class="indent2" width="20%">Ataque</td>
        <td colspan="1" rowspan="1" width="80%"/>
      </tr>
      <tr>
        <td colspan="1" rowspan="1" class="indent2" width="20%">Evidencia</td>
        <td colspan="1" rowspan="1" width="80%">1724030458</td>
      </tr>
      <tr>
        <td colspan="1" rowspan="1" class="indent2" width="20%">Other Info</td>
        <td colspan="1" rowspan="1" width="80%">1724030458, que evalúa a: 2024-08-18 21:20:58</td>
      </tr>
      <tr>
        <td colspan="1" rowspan="1" class="indent1" width="20%">URL</td>
        <td colspan="1" rowspan="1" width="80%">
          <a shape="rect" href="https://demo.owasp-juice.shop/rest/user/whoami">https://demo.owasp-juice.shop/rest/user/whoami</a>
        </td>
      </tr>
      <tr>
        <td colspan="1" rowspan="1" class="indent2" width="20%">Método</td>
        <td colspan="1" rowspan="1" width="80%">GET</td>
      </tr>
      <tr>
        <td colspan="1" rowspan="1" class="indent2" width="20%">Parámetros</td>
        <td colspan="1" rowspan="1" width="80%">Reporting-Endpoints</td>
      </tr>
      <tr>
        <td colspan="1" rowspan="1" class="indent2" width="20%">Ataque</td>
        <td colspan="1" rowspan="1" width="80%"/>
      </tr>
      <tr>
        <td colspan="1" rowspan="1" class="indent2" width="20%">Evidencia</td>
        <td colspan="1" rowspan="1" width="80%">1724030459</td>
      </tr>
      <tr>
        <td colspan="1" rowspan="1" class="indent2" width="20%">Other Info</td>
        <td colspan="1" rowspan="1" width="80%">1724030459, que evalúa a: 2024-08-18 21:20:59</td>
      </tr>
      <tr>
        <td colspan="1" rowspan="1" class="indent1" width="20%">URL</td>
        <td colspan="1" rowspan="1" width="80%">
          <a shape="rect" href="https://demo.owasp-juice.shop/rest/user/whoami">https://demo.owasp-juice.shop/rest/user/whoami</a>
        </td>
      </tr>
      <tr>
        <td colspan="1" rowspan="1" class="indent2" width="20%">Método</td>
        <td colspan="1" rowspan="1" width="80%">GET</td>
      </tr>
      <tr>
        <td colspan="1" rowspan="1" class="indent2" width="20%">Parámetros</td>
        <td colspan="1" rowspan="1" width="80%">Reporting-Endpoints</td>
      </tr>
      <tr>
        <td colspan="1" rowspan="1" class="indent2" width="20%">Ataque</td>
        <td colspan="1" rowspan="1" width="80%"/>
      </tr>
      <tr>
        <td colspan="1" rowspan="1" class="indent2" width="20%">Evidencia</td>
        <td colspan="1" rowspan="1" width="80%">1724030631</td>
      </tr>
      <tr>
        <td colspan="1" rowspan="1" class="indent2" width="20%">Other Info</td>
        <td colspan="1" rowspan="1" width="80%">1724030631, que evalúa a: 2024-08-18 21:23:51</td>
      </tr>
      <tr>
        <td colspan="1" rowspan="1" class="indent1" width="20%">URL</td>
        <td colspan="1" rowspan="1" width="80%">
          <a shape="rect" href="https://demo.owasp-juice.shop/runtime.js">https://demo.owasp-juice.shop/runtime.js</a>
        </td>
      </tr>
      <tr>
        <td colspan="1" rowspan="1" class="indent2" width="20%">Método</td>
        <td colspan="1" rowspan="1" width="80%">GET</td>
      </tr>
      <tr>
        <td colspan="1" rowspan="1" class="indent2" width="20%">Parámetros</td>
        <td colspan="1" rowspan="1" width="80%">Reporting-Endpoints</td>
      </tr>
      <tr>
        <td colspan="1" rowspan="1" class="indent2" width="20%">Ataque</td>
        <td colspan="1" rowspan="1" width="80%"/>
      </tr>
      <tr>
        <td colspan="1" rowspan="1" class="indent2" width="20%">Evidencia</td>
        <td colspan="1" rowspan="1" width="80%">1724030300</td>
      </tr>
      <tr>
        <td colspan="1" rowspan="1" class="indent2" width="20%">Other Info</td>
        <td colspan="1" rowspan="1" width="80%">1724030300, que evalúa a: 2024-08-18 21:18:20</td>
      </tr>
      <tr>
        <td colspan="1" rowspan="1" class="indent1" width="20%">URL</td>
        <td colspan="1" rowspan="1" width="80%">
          <a shape="rect" href="https://demo.owasp-juice.shop/runtime.js">https://demo.owasp-juice.shop/runtime.js</a>
        </td>
      </tr>
      <tr>
        <td colspan="1" rowspan="1" class="indent2" width="20%">Método</td>
        <td colspan="1" rowspan="1" width="80%">GET</td>
      </tr>
      <tr>
        <td colspan="1" rowspan="1" class="indent2" width="20%">Parámetros</td>
        <td colspan="1" rowspan="1" width="80%">Reporting-Endpoints</td>
      </tr>
      <tr>
        <td colspan="1" rowspan="1" class="indent2" width="20%">Ataque</td>
        <td colspan="1" rowspan="1" width="80%"/>
      </tr>
      <tr>
        <td colspan="1" rowspan="1" class="indent2" width="20%">Evidencia</td>
        <td colspan="1" rowspan="1" width="80%">1724030358</td>
      </tr>
      <tr>
        <td colspan="1" rowspan="1" class="indent2" width="20%">Other Info</td>
        <td colspan="1" rowspan="1" width="80%">1724030358, que evalúa a: 2024-08-18 21:19:18</td>
      </tr>
      <tr>
        <td colspan="1" rowspan="1" class="indent1" width="20%">URL</td>
        <td colspan="1" rowspan="1" width="80%">
          <a shape="rect" href="https://demo.owasp-juice.shop/runtime.js">https://demo.owasp-juice.shop/runtime.js</a>
        </td>
      </tr>
      <tr>
        <td colspan="1" rowspan="1" class="indent2" width="20%">Método</td>
        <td colspan="1" rowspan="1" width="80%">GET</td>
      </tr>
      <tr>
        <td colspan="1" rowspan="1" class="indent2" width="20%">Parámetros</td>
        <td colspan="1" rowspan="1" width="80%">Reporting-Endpoints</td>
      </tr>
      <tr>
        <td colspan="1" rowspan="1" class="indent2" width="20%">Ataque</td>
        <td colspan="1" rowspan="1" width="80%"/>
      </tr>
      <tr>
        <td colspan="1" rowspan="1" class="indent2" width="20%">Evidencia</td>
        <td colspan="1" rowspan="1" width="80%">1724030396</td>
      </tr>
      <tr>
        <td colspan="1" rowspan="1" class="indent2" width="20%">Other Info</td>
        <td colspan="1" rowspan="1" width="80%">1724030396, que evalúa a: 2024-08-18 21:19:56</td>
      </tr>
      <tr>
        <td colspan="1" rowspan="1" class="indent1" width="20%">URL</td>
        <td colspan="1" rowspan="1" width="80%">
          <a shape="rect" href="https://demo.owasp-juice.shop/runtime.js">https://demo.owasp-juice.shop/runtime.js</a>
        </td>
      </tr>
      <tr>
        <td colspan="1" rowspan="1" class="indent2" width="20%">Método</td>
        <td colspan="1" rowspan="1" width="80%">GET</td>
      </tr>
      <tr>
        <td colspan="1" rowspan="1" class="indent2" width="20%">Parámetros</td>
        <td colspan="1" rowspan="1" width="80%">Reporting-Endpoints</td>
      </tr>
      <tr>
        <td colspan="1" rowspan="1" class="indent2" width="20%">Ataque</td>
        <td colspan="1" rowspan="1" width="80%"/>
      </tr>
      <tr>
        <td colspan="1" rowspan="1" class="indent2" width="20%">Evidencia</td>
        <td colspan="1" rowspan="1" width="80%">1724030450</td>
      </tr>
      <tr>
        <td colspan="1" rowspan="1" class="indent2" width="20%">Other Info</td>
        <td colspan="1" rowspan="1" width="80%">1724030450, que evalúa a: 2024-08-18 21:20:50</td>
      </tr>
      <tr>
        <td colspan="1" rowspan="1" class="indent1" width="20%">URL</td>
        <td colspan="1" rowspan="1" width="80%">
          <a shape="rect" href="https://demo.owasp-juice.shop/runtime.js">https://demo.owasp-juice.shop/runtime.js</a>
        </td>
      </tr>
      <tr>
        <td colspan="1" rowspan="1" class="indent2" width="20%">Método</td>
        <td colspan="1" rowspan="1" width="80%">GET</td>
      </tr>
      <tr>
        <td colspan="1" rowspan="1" class="indent2" width="20%">Parámetros</td>
        <td colspan="1" rowspan="1" width="80%">Reporting-Endpoints</td>
      </tr>
      <tr>
        <td colspan="1" rowspan="1" class="indent2" width="20%">Ataque</td>
        <td colspan="1" rowspan="1" width="80%"/>
      </tr>
      <tr>
        <td colspan="1" rowspan="1" class="indent2" width="20%">Evidencia</td>
        <td colspan="1" rowspan="1" width="80%">1724030600</td>
      </tr>
      <tr>
        <td colspan="1" rowspan="1" class="indent2" width="20%">Other Info</td>
        <td colspan="1" rowspan="1" width="80%">1724030600, que evalúa a: 2024-08-18 21:23:20</td>
      </tr>
      <tr>
        <td colspan="1" rowspan="1" class="indent1" width="20%">URL</td>
        <td colspan="1" rowspan="1" width="80%">
          <a shape="rect" href="https://demo.owasp-juice.shop/socket.io/?EIO=4&amp;transport=polling&amp;t=P5eDhz0">https://demo.owasp-juice.shop/socket.io/?EIO=4&amp;transport=polling&amp;t=P5eDhz0</a>
        </td>
      </tr>
      <tr>
        <td colspan="1" rowspan="1" class="indent2" width="20%">Método</td>
        <td colspan="1" rowspan="1" width="80%">GET</td>
      </tr>
      <tr>
        <td colspan="1" rowspan="1" class="indent2" width="20%">Parámetros</td>
        <td colspan="1" rowspan="1" width="80%">Reporting-Endpoints</td>
      </tr>
      <tr>
        <td colspan="1" rowspan="1" class="indent2" width="20%">Ataque</td>
        <td colspan="1" rowspan="1" width="80%"/>
      </tr>
      <tr>
        <td colspan="1" rowspan="1" class="indent2" width="20%">Evidencia</td>
        <td colspan="1" rowspan="1" width="80%">1724030303</td>
      </tr>
      <tr>
        <td colspan="1" rowspan="1" class="indent2" width="20%">Other Info</td>
        <td colspan="1" rowspan="1" width="80%">1724030303, que evalúa a: 2024-08-18 21:18:23</td>
      </tr>
      <tr>
        <td colspan="1" rowspan="1" class="indent1" width="20%">URL</td>
        <td colspan="1" rowspan="1" width="80%">
          <a shape="rect" href="https://demo.owasp-juice.shop/socket.io/?EIO=4&amp;transport=polling&amp;t=P5eDi1G&amp;sid=3YzakH4yE0404A-FAAQX">https://demo.owasp-juice.shop/socket.io/?EIO=4&amp;transport=polling&amp;t=P5eDi1G&amp;sid=3YzakH4yE0404A-FAAQX</a>
        </td>
      </tr>
      <tr>
        <td colspan="1" rowspan="1" class="indent2" width="20%">Método</td>
        <td colspan="1" rowspan="1" width="80%">GET</td>
      </tr>
      <tr>
        <td colspan="1" rowspan="1" class="indent2" width="20%">Parámetros</td>
        <td colspan="1" rowspan="1" width="80%">Reporting-Endpoints</td>
      </tr>
      <tr>
        <td colspan="1" rowspan="1" class="indent2" width="20%">Ataque</td>
        <td colspan="1" rowspan="1" width="80%"/>
      </tr>
      <tr>
        <td colspan="1" rowspan="1" class="indent2" width="20%">Evidencia</td>
        <td colspan="1" rowspan="1" width="80%">1724030304</td>
      </tr>
      <tr>
        <td colspan="1" rowspan="1" class="indent2" width="20%">Other Info</td>
        <td colspan="1" rowspan="1" width="80%">1724030304, que evalúa a: 2024-08-18 21:18:24</td>
      </tr>
      <tr>
        <td colspan="1" rowspan="1" class="indent1" width="20%">URL</td>
        <td colspan="1" rowspan="1" width="80%">
          <a shape="rect" href="https://demo.owasp-juice.shop/socket.io/?EIO=4&amp;transport=polling&amp;t=P5eDwjc&amp;sid=zZ9WE7Jsg7O2fa9jAAQ9">https://demo.owasp-juice.shop/socket.io/?EIO=4&amp;transport=polling&amp;t=P5eDwjc&amp;sid=zZ9WE7Jsg7O2fa9jAAQ9</a>
        </td>
      </tr>
      <tr>
        <td colspan="1" rowspan="1" class="indent2" width="20%">Método</td>
        <td colspan="1" rowspan="1" width="80%">GET</td>
      </tr>
      <tr>
        <td colspan="1" rowspan="1" class="indent2" width="20%">Parámetros</td>
        <td colspan="1" rowspan="1" width="80%">Reporting-Endpoints</td>
      </tr>
      <tr>
        <td colspan="1" rowspan="1" class="indent2" width="20%">Ataque</td>
        <td colspan="1" rowspan="1" width="80%"/>
      </tr>
      <tr>
        <td colspan="1" rowspan="1" class="indent2" width="20%">Evidencia</td>
        <td colspan="1" rowspan="1" width="80%">1724030364</td>
      </tr>
      <tr>
        <td colspan="1" rowspan="1" class="indent2" width="20%">Other Info</td>
        <td colspan="1" rowspan="1" width="80%">1724030364, que evalúa a: 2024-08-18 21:19:24</td>
      </tr>
      <tr>
        <td colspan="1" rowspan="1" class="indent1" width="20%">URL</td>
        <td colspan="1" rowspan="1" width="80%">
          <a shape="rect" href="https://demo.owasp-juice.shop/socket.io/?EIO=4&amp;transport=polling&amp;t=P5eDwUA">https://demo.owasp-juice.shop/socket.io/?EIO=4&amp;transport=polling&amp;t=P5eDwUA</a>
        </td>
      </tr>
      <tr>
        <td colspan="1" rowspan="1" class="indent2" width="20%">Método</td>
        <td colspan="1" rowspan="1" width="80%">GET</td>
      </tr>
      <tr>
        <td colspan="1" rowspan="1" class="indent2" width="20%">Parámetros</td>
        <td colspan="1" rowspan="1" width="80%">Reporting-Endpoints</td>
      </tr>
      <tr>
        <td colspan="1" rowspan="1" class="indent2" width="20%">Ataque</td>
        <td colspan="1" rowspan="1" width="80%"/>
      </tr>
      <tr>
        <td colspan="1" rowspan="1" class="indent2" width="20%">Evidencia</td>
        <td colspan="1" rowspan="1" width="80%">1724030363</td>
      </tr>
      <tr>
        <td colspan="1" rowspan="1" class="indent2" width="20%">Other Info</td>
        <td colspan="1" rowspan="1" width="80%">1724030363, que evalúa a: 2024-08-18 21:19:23</td>
      </tr>
      <tr>
        <td colspan="1" rowspan="1" class="indent1" width="20%">URL</td>
        <td colspan="1" rowspan="1" width="80%">
          <a shape="rect" href="https://demo.owasp-juice.shop/socket.io/?EIO=4&amp;transport=polling&amp;t=P5eE3GI">https://demo.owasp-juice.shop/socket.io/?EIO=4&amp;transport=polling&amp;t=P5eE3GI</a>
        </td>
      </tr>
      <tr>
        <td colspan="1" rowspan="1" class="indent2" width="20%">Método</td>
        <td colspan="1" rowspan="1" width="80%">GET</td>
      </tr>
      <tr>
        <td colspan="1" rowspan="1" class="indent2" width="20%">Parámetros</td>
        <td colspan="1" rowspan="1" width="80%">Reporting-Endpoints</td>
      </tr>
      <tr>
        <td colspan="1" rowspan="1" class="indent2" width="20%">Ataque</td>
        <td colspan="1" rowspan="1" width="80%"/>
      </tr>
      <tr>
        <td colspan="1" rowspan="1" class="indent2" width="20%">Evidencia</td>
        <td colspan="1" rowspan="1" width="80%">1724030398</td>
      </tr>
      <tr>
        <td colspan="1" rowspan="1" class="indent2" width="20%">Other Info</td>
        <td colspan="1" rowspan="1" width="80%">1724030398, que evalúa a: 2024-08-18 21:19:58</td>
      </tr>
      <tr>
        <td colspan="1" rowspan="1" class="indent1" width="20%">URL</td>
        <td colspan="1" rowspan="1" width="80%">
          <a shape="rect" href="https://demo.owasp-juice.shop/socket.io/?EIO=4&amp;transport=polling&amp;t=P5eE3KZ&amp;sid=7owDv-WBO4vaB6t3AARZ">https://demo.owasp-juice.shop/socket.io/?EIO=4&amp;transport=polling&amp;t=P5eE3KZ&amp;sid=7owDv-WBO4vaB6t3AARZ</a>
        </td>
      </tr>
      <tr>
        <td colspan="1" rowspan="1" class="indent2" width="20%">Método</td>
        <td colspan="1" rowspan="1" width="80%">GET</td>
      </tr>
      <tr>
        <td colspan="1" rowspan="1" class="indent2" width="20%">Parámetros</td>
        <td colspan="1" rowspan="1" width="80%">Reporting-Endpoints</td>
      </tr>
      <tr>
        <td colspan="1" rowspan="1" class="indent2" width="20%">Ataque</td>
        <td colspan="1" rowspan="1" width="80%"/>
      </tr>
      <tr>
        <td colspan="1" rowspan="1" class="indent2" width="20%">Evidencia</td>
        <td colspan="1" rowspan="1" width="80%">1724030399</td>
      </tr>
      <tr>
        <td colspan="1" rowspan="1" class="indent2" width="20%">Other Info</td>
        <td colspan="1" rowspan="1" width="80%">1724030399, que evalúa a: 2024-08-18 21:19:59</td>
      </tr>
      <tr>
        <td colspan="1" rowspan="1" class="indent1" width="20%">URL</td>
        <td colspan="1" rowspan="1" width="80%">
          <a shape="rect" href="https://demo.owasp-juice.shop/socket.io/?EIO=4&amp;transport=polling&amp;t=P5eEGen">https://demo.owasp-juice.shop/socket.io/?EIO=4&amp;transport=polling&amp;t=P5eEGen</a>
        </td>
      </tr>
      <tr>
        <td colspan="1" rowspan="1" class="indent2" width="20%">Método</td>
        <td colspan="1" rowspan="1" width="80%">GET</td>
      </tr>
      <tr>
        <td colspan="1" rowspan="1" class="indent2" width="20%">Parámetros</td>
        <td colspan="1" rowspan="1" width="80%">Reporting-Endpoints</td>
      </tr>
      <tr>
        <td colspan="1" rowspan="1" class="indent2" width="20%">Ataque</td>
        <td colspan="1" rowspan="1" width="80%"/>
      </tr>
      <tr>
        <td colspan="1" rowspan="1" class="indent2" width="20%">Evidencia</td>
        <td colspan="1" rowspan="1" width="80%">1724030453</td>
      </tr>
      <tr>
        <td colspan="1" rowspan="1" class="indent2" width="20%">Other Info</td>
        <td colspan="1" rowspan="1" width="80%">1724030453, que evalúa a: 2024-08-18 21:20:53</td>
      </tr>
      <tr>
        <td colspan="1" rowspan="1" class="indent1" width="20%">URL</td>
        <td colspan="1" rowspan="1" width="80%">
          <a shape="rect" href="https://demo.owasp-juice.shop/socket.io/?EIO=4&amp;transport=polling&amp;t=P5eEGj1&amp;sid=siOkhKcUcU8D1IWdAARy">https://demo.owasp-juice.shop/socket.io/?EIO=4&amp;transport=polling&amp;t=P5eEGj1&amp;sid=siOkhKcUcU8D1IWdAARy</a>
        </td>
      </tr>
      <tr>
        <td colspan="1" rowspan="1" class="indent2" width="20%">Método</td>
        <td colspan="1" rowspan="1" width="80%">GET</td>
      </tr>
      <tr>
        <td colspan="1" rowspan="1" class="indent2" width="20%">Parámetros</td>
        <td colspan="1" rowspan="1" width="80%">Reporting-Endpoints</td>
      </tr>
      <tr>
        <td colspan="1" rowspan="1" class="indent2" width="20%">Ataque</td>
        <td colspan="1" rowspan="1" width="80%"/>
      </tr>
      <tr>
        <td colspan="1" rowspan="1" class="indent2" width="20%">Evidencia</td>
        <td colspan="1" rowspan="1" width="80%">1724030454</td>
      </tr>
      <tr>
        <td colspan="1" rowspan="1" class="indent2" width="20%">Other Info</td>
        <td colspan="1" rowspan="1" width="80%">1724030454, que evalúa a: 2024-08-18 21:20:54</td>
      </tr>
      <tr>
        <td colspan="1" rowspan="1" class="indent1" width="20%">URL</td>
        <td colspan="1" rowspan="1" width="80%">
          <a shape="rect" href="https://demo.owasp-juice.shop/socket.io/?EIO=4&amp;transport=polling&amp;t=P5eErBL">https://demo.owasp-juice.shop/socket.io/?EIO=4&amp;transport=polling&amp;t=P5eErBL</a>
        </td>
      </tr>
      <tr>
        <td colspan="1" rowspan="1" class="indent2" width="20%">Método</td>
        <td colspan="1" rowspan="1" width="80%">GET</td>
      </tr>
      <tr>
        <td colspan="1" rowspan="1" class="indent2" width="20%">Parámetros</td>
        <td colspan="1" rowspan="1" width="80%">Reporting-Endpoints</td>
      </tr>
      <tr>
        <td colspan="1" rowspan="1" class="indent2" width="20%">Ataque</td>
        <td colspan="1" rowspan="1" width="80%"/>
      </tr>
      <tr>
        <td colspan="1" rowspan="1" class="indent2" width="20%">Evidencia</td>
        <td colspan="1" rowspan="1" width="80%">1724030603</td>
      </tr>
      <tr>
        <td colspan="1" rowspan="1" class="indent2" width="20%">Other Info</td>
        <td colspan="1" rowspan="1" width="80%">1724030603, que evalúa a: 2024-08-18 21:23:23</td>
      </tr>
      <tr>
        <td colspan="1" rowspan="1" class="indent1" width="20%">URL</td>
        <td colspan="1" rowspan="1" width="80%">
          <a shape="rect" href="https://demo.owasp-juice.shop/socket.io/?EIO=4&amp;transport=polling&amp;t=P5eErFf&amp;sid=8XjwdI-N9bmNoL3qAASh">https://demo.owasp-juice.shop/socket.io/?EIO=4&amp;transport=polling&amp;t=P5eErFf&amp;sid=8XjwdI-N9bmNoL3qAASh</a>
        </td>
      </tr>
      <tr>
        <td colspan="1" rowspan="1" class="indent2" width="20%">Método</td>
        <td colspan="1" rowspan="1" width="80%">GET</td>
      </tr>
      <tr>
        <td colspan="1" rowspan="1" class="indent2" width="20%">Parámetros</td>
        <td colspan="1" rowspan="1" width="80%">Reporting-Endpoints</td>
      </tr>
      <tr>
        <td colspan="1" rowspan="1" class="indent2" width="20%">Ataque</td>
        <td colspan="1" rowspan="1" width="80%"/>
      </tr>
      <tr>
        <td colspan="1" rowspan="1" class="indent2" width="20%">Evidencia</td>
        <td colspan="1" rowspan="1" width="80%">1724030604</td>
      </tr>
      <tr>
        <td colspan="1" rowspan="1" class="indent2" width="20%">Other Info</td>
        <td colspan="1" rowspan="1" width="80%">1724030604, que evalúa a: 2024-08-18 21:23:24</td>
      </tr>
      <tr>
        <td colspan="1" rowspan="1" class="indent1" width="20%">URL</td>
        <td colspan="1" rowspan="1" width="80%">
          <a shape="rect" href="https://demo.owasp-juice.shop/socket.io/?EIO=4&amp;transport=polling&amp;t=P5eExhw">https://demo.owasp-juice.shop/socket.io/?EIO=4&amp;transport=polling&amp;t=P5eExhw</a>
        </td>
      </tr>
      <tr>
        <td colspan="1" rowspan="1" class="indent2" width="20%">Método</td>
        <td colspan="1" rowspan="1" width="80%">GET</td>
      </tr>
      <tr>
        <td colspan="1" rowspan="1" class="indent2" width="20%">Parámetros</td>
        <td colspan="1" rowspan="1" width="80%">Reporting-Endpoints</td>
      </tr>
      <tr>
        <td colspan="1" rowspan="1" class="indent2" width="20%">Ataque</td>
        <td colspan="1" rowspan="1" width="80%"/>
      </tr>
      <tr>
        <td colspan="1" rowspan="1" class="indent2" width="20%">Evidencia</td>
        <td colspan="1" rowspan="1" width="80%">1724030630</td>
      </tr>
      <tr>
        <td colspan="1" rowspan="1" class="indent2" width="20%">Other Info</td>
        <td colspan="1" rowspan="1" width="80%">1724030630, que evalúa a: 2024-08-18 21:23:50</td>
      </tr>
      <tr>
        <td colspan="1" rowspan="1" class="indent1" width="20%">URL</td>
        <td colspan="1" rowspan="1" width="80%">
          <a shape="rect" href="https://demo.owasp-juice.shop/socket.io/?EIO=4&amp;transport=polling&amp;t=P5eExmG&amp;sid=kZ26VJOLwn-6K0JsAASt">https://demo.owasp-juice.shop/socket.io/?EIO=4&amp;transport=polling&amp;t=P5eExmG&amp;sid=kZ26VJOLwn-6K0JsAASt</a>
        </td>
      </tr>
      <tr>
        <td colspan="1" rowspan="1" class="indent2" width="20%">Método</td>
        <td colspan="1" rowspan="1" width="80%">GET</td>
      </tr>
      <tr>
        <td colspan="1" rowspan="1" class="indent2" width="20%">Parámetros</td>
        <td colspan="1" rowspan="1" width="80%">Reporting-Endpoints</td>
      </tr>
      <tr>
        <td colspan="1" rowspan="1" class="indent2" width="20%">Ataque</td>
        <td colspan="1" rowspan="1" width="80%"/>
      </tr>
      <tr>
        <td colspan="1" rowspan="1" class="indent2" width="20%">Evidencia</td>
        <td colspan="1" rowspan="1" width="80%">1724030631</td>
      </tr>
      <tr>
        <td colspan="1" rowspan="1" class="indent2" width="20%">Other Info</td>
        <td colspan="1" rowspan="1" width="80%">1724030631, que evalúa a: 2024-08-18 21:23:51</td>
      </tr>
      <tr>
        <td colspan="1" rowspan="1" class="indent1" width="20%">URL</td>
        <td colspan="1" rowspan="1" width="80%">
          <a shape="rect" href="https://demo.owasp-juice.shop/socket.io/?EIO=4&amp;transport=websocket&amp;sid=3YzakH4yE0404A-FAAQX">https://demo.owasp-juice.shop/socket.io/?EIO=4&amp;transport=websocket&amp;sid=3YzakH4yE0404A-FAAQX</a>
        </td>
      </tr>
      <tr>
        <td colspan="1" rowspan="1" class="indent2" width="20%">Método</td>
        <td colspan="1" rowspan="1" width="80%">GET</td>
      </tr>
      <tr>
        <td colspan="1" rowspan="1" class="indent2" width="20%">Parámetros</td>
        <td colspan="1" rowspan="1" width="80%">Reporting-Endpoints</td>
      </tr>
      <tr>
        <td colspan="1" rowspan="1" class="indent2" width="20%">Ataque</td>
        <td colspan="1" rowspan="1" width="80%"/>
      </tr>
      <tr>
        <td colspan="1" rowspan="1" class="indent2" width="20%">Evidencia</td>
        <td colspan="1" rowspan="1" width="80%">1724030304</td>
      </tr>
      <tr>
        <td colspan="1" rowspan="1" class="indent2" width="20%">Other Info</td>
        <td colspan="1" rowspan="1" width="80%">1724030304, que evalúa a: 2024-08-18 21:18:24</td>
      </tr>
      <tr>
        <td colspan="1" rowspan="1" class="indent1" width="20%">URL</td>
        <td colspan="1" rowspan="1" width="80%">
          <a shape="rect" href="https://demo.owasp-juice.shop/socket.io/?EIO=4&amp;transport=websocket&amp;sid=7owDv-WBO4vaB6t3AARZ">https://demo.owasp-juice.shop/socket.io/?EIO=4&amp;transport=websocket&amp;sid=7owDv-WBO4vaB6t3AARZ</a>
        </td>
      </tr>
      <tr>
        <td colspan="1" rowspan="1" class="indent2" width="20%">Método</td>
        <td colspan="1" rowspan="1" width="80%">GET</td>
      </tr>
      <tr>
        <td colspan="1" rowspan="1" class="indent2" width="20%">Parámetros</td>
        <td colspan="1" rowspan="1" width="80%">Reporting-Endpoints</td>
      </tr>
      <tr>
        <td colspan="1" rowspan="1" class="indent2" width="20%">Ataque</td>
        <td colspan="1" rowspan="1" width="80%"/>
      </tr>
      <tr>
        <td colspan="1" rowspan="1" class="indent2" width="20%">Evidencia</td>
        <td colspan="1" rowspan="1" width="80%">1724030399</td>
      </tr>
      <tr>
        <td colspan="1" rowspan="1" class="indent2" width="20%">Other Info</td>
        <td colspan="1" rowspan="1" width="80%">1724030399, que evalúa a: 2024-08-18 21:19:59</td>
      </tr>
      <tr>
        <td colspan="1" rowspan="1" class="indent1" width="20%">URL</td>
        <td colspan="1" rowspan="1" width="80%">
          <a shape="rect" href="https://demo.owasp-juice.shop/socket.io/?EIO=4&amp;transport=websocket&amp;sid=8XjwdI-N9bmNoL3qAASh">https://demo.owasp-juice.shop/socket.io/?EIO=4&amp;transport=websocket&amp;sid=8XjwdI-N9bmNoL3qAASh</a>
        </td>
      </tr>
      <tr>
        <td colspan="1" rowspan="1" class="indent2" width="20%">Método</td>
        <td colspan="1" rowspan="1" width="80%">GET</td>
      </tr>
      <tr>
        <td colspan="1" rowspan="1" class="indent2" width="20%">Parámetros</td>
        <td colspan="1" rowspan="1" width="80%">Reporting-Endpoints</td>
      </tr>
      <tr>
        <td colspan="1" rowspan="1" class="indent2" width="20%">Ataque</td>
        <td colspan="1" rowspan="1" width="80%"/>
      </tr>
      <tr>
        <td colspan="1" rowspan="1" class="indent2" width="20%">Evidencia</td>
        <td colspan="1" rowspan="1" width="80%">1724030604</td>
      </tr>
      <tr>
        <td colspan="1" rowspan="1" class="indent2" width="20%">Other Info</td>
        <td colspan="1" rowspan="1" width="80%">1724030604, que evalúa a: 2024-08-18 21:23:24</td>
      </tr>
      <tr>
        <td colspan="1" rowspan="1" class="indent1" width="20%">URL</td>
        <td colspan="1" rowspan="1" width="80%">
          <a shape="rect" href="https://demo.owasp-juice.shop/socket.io/?EIO=4&amp;transport=websocket&amp;sid=kZ26VJOLwn-6K0JsAASt">https://demo.owasp-juice.shop/socket.io/?EIO=4&amp;transport=websocket&amp;sid=kZ26VJOLwn-6K0JsAASt</a>
        </td>
      </tr>
      <tr>
        <td colspan="1" rowspan="1" class="indent2" width="20%">Método</td>
        <td colspan="1" rowspan="1" width="80%">GET</td>
      </tr>
      <tr>
        <td colspan="1" rowspan="1" class="indent2" width="20%">Parámetros</td>
        <td colspan="1" rowspan="1" width="80%">Reporting-Endpoints</td>
      </tr>
      <tr>
        <td colspan="1" rowspan="1" class="indent2" width="20%">Ataque</td>
        <td colspan="1" rowspan="1" width="80%"/>
      </tr>
      <tr>
        <td colspan="1" rowspan="1" class="indent2" width="20%">Evidencia</td>
        <td colspan="1" rowspan="1" width="80%">1724030631</td>
      </tr>
      <tr>
        <td colspan="1" rowspan="1" class="indent2" width="20%">Other Info</td>
        <td colspan="1" rowspan="1" width="80%">1724030631, que evalúa a: 2024-08-18 21:23:51</td>
      </tr>
      <tr>
        <td colspan="1" rowspan="1" class="indent1" width="20%">URL</td>
        <td colspan="1" rowspan="1" width="80%">
          <a shape="rect" href="https://demo.owasp-juice.shop/socket.io/?EIO=4&amp;transport=websocket&amp;sid=siOkhKcUcU8D1IWdAARy">https://demo.owasp-juice.shop/socket.io/?EIO=4&amp;transport=websocket&amp;sid=siOkhKcUcU8D1IWdAARy</a>
        </td>
      </tr>
      <tr>
        <td colspan="1" rowspan="1" class="indent2" width="20%">Método</td>
        <td colspan="1" rowspan="1" width="80%">GET</td>
      </tr>
      <tr>
        <td colspan="1" rowspan="1" class="indent2" width="20%">Parámetros</td>
        <td colspan="1" rowspan="1" width="80%">Reporting-Endpoints</td>
      </tr>
      <tr>
        <td colspan="1" rowspan="1" class="indent2" width="20%">Ataque</td>
        <td colspan="1" rowspan="1" width="80%"/>
      </tr>
      <tr>
        <td colspan="1" rowspan="1" class="indent2" width="20%">Evidencia</td>
        <td colspan="1" rowspan="1" width="80%">1724030454</td>
      </tr>
      <tr>
        <td colspan="1" rowspan="1" class="indent2" width="20%">Other Info</td>
        <td colspan="1" rowspan="1" width="80%">1724030454, que evalúa a: 2024-08-18 21:20:54</td>
      </tr>
      <tr>
        <td colspan="1" rowspan="1" class="indent1" width="20%">URL</td>
        <td colspan="1" rowspan="1" width="80%">
          <a shape="rect" href="https://demo.owasp-juice.shop/socket.io/?EIO=4&amp;transport=websocket&amp;sid=zZ9WE7Jsg7O2fa9jAAQ9">https://demo.owasp-juice.shop/socket.io/?EIO=4&amp;transport=websocket&amp;sid=zZ9WE7Jsg7O2fa9jAAQ9</a>
        </td>
      </tr>
      <tr>
        <td colspan="1" rowspan="1" class="indent2" width="20%">Método</td>
        <td colspan="1" rowspan="1" width="80%">GET</td>
      </tr>
      <tr>
        <td colspan="1" rowspan="1" class="indent2" width="20%">Parámetros</td>
        <td colspan="1" rowspan="1" width="80%">Reporting-Endpoints</td>
      </tr>
      <tr>
        <td colspan="1" rowspan="1" class="indent2" width="20%">Ataque</td>
        <td colspan="1" rowspan="1" width="80%"/>
      </tr>
      <tr>
        <td colspan="1" rowspan="1" class="indent2" width="20%">Evidencia</td>
        <td colspan="1" rowspan="1" width="80%">1724030364</td>
      </tr>
      <tr>
        <td colspan="1" rowspan="1" class="indent2" width="20%">Other Info</td>
        <td colspan="1" rowspan="1" width="80%">1724030364, que evalúa a: 2024-08-18 21:19:24</td>
      </tr>
      <tr>
        <td colspan="1" rowspan="1" class="indent1" width="20%">URL</td>
        <td colspan="1" rowspan="1" width="80%">
          <a shape="rect" href="https://demo.owasp-juice.shop/styles.css">https://demo.owasp-juice.shop/styles.css</a>
        </td>
      </tr>
      <tr>
        <td colspan="1" rowspan="1" class="indent2" width="20%">Método</td>
        <td colspan="1" rowspan="1" width="80%">GET</td>
      </tr>
      <tr>
        <td colspan="1" rowspan="1" class="indent2" width="20%">Parámetros</td>
        <td colspan="1" rowspan="1" width="80%">Reporting-Endpoints</td>
      </tr>
      <tr>
        <td colspan="1" rowspan="1" class="indent2" width="20%">Ataque</td>
        <td colspan="1" rowspan="1" width="80%"/>
      </tr>
      <tr>
        <td colspan="1" rowspan="1" class="indent2" width="20%">Evidencia</td>
        <td colspan="1" rowspan="1" width="80%">1724030301</td>
      </tr>
      <tr>
        <td colspan="1" rowspan="1" class="indent2" width="20%">Other Info</td>
        <td colspan="1" rowspan="1" width="80%">1724030301, que evalúa a: 2024-08-18 21:18:21</td>
      </tr>
      <tr>
        <td colspan="1" rowspan="1" class="indent1" width="20%">URL</td>
        <td colspan="1" rowspan="1" width="80%">
          <a shape="rect" href="https://demo.owasp-juice.shop/styles.css">https://demo.owasp-juice.shop/styles.css</a>
        </td>
      </tr>
      <tr>
        <td colspan="1" rowspan="1" class="indent2" width="20%">Método</td>
        <td colspan="1" rowspan="1" width="80%">GET</td>
      </tr>
      <tr>
        <td colspan="1" rowspan="1" class="indent2" width="20%">Parámetros</td>
        <td colspan="1" rowspan="1" width="80%">Reporting-Endpoints</td>
      </tr>
      <tr>
        <td colspan="1" rowspan="1" class="indent2" width="20%">Ataque</td>
        <td colspan="1" rowspan="1" width="80%"/>
      </tr>
      <tr>
        <td colspan="1" rowspan="1" class="indent2" width="20%">Evidencia</td>
        <td colspan="1" rowspan="1" width="80%">1724030358</td>
      </tr>
      <tr>
        <td colspan="1" rowspan="1" class="indent2" width="20%">Other Info</td>
        <td colspan="1" rowspan="1" width="80%">1724030358, que evalúa a: 2024-08-18 21:19:18</td>
      </tr>
      <tr>
        <td colspan="1" rowspan="1" class="indent1" width="20%">URL</td>
        <td colspan="1" rowspan="1" width="80%">
          <a shape="rect" href="https://demo.owasp-juice.shop/styles.css">https://demo.owasp-juice.shop/styles.css</a>
        </td>
      </tr>
      <tr>
        <td colspan="1" rowspan="1" class="indent2" width="20%">Método</td>
        <td colspan="1" rowspan="1" width="80%">GET</td>
      </tr>
      <tr>
        <td colspan="1" rowspan="1" class="indent2" width="20%">Parámetros</td>
        <td colspan="1" rowspan="1" width="80%">Reporting-Endpoints</td>
      </tr>
      <tr>
        <td colspan="1" rowspan="1" class="indent2" width="20%">Ataque</td>
        <td colspan="1" rowspan="1" width="80%"/>
      </tr>
      <tr>
        <td colspan="1" rowspan="1" class="indent2" width="20%">Evidencia</td>
        <td colspan="1" rowspan="1" width="80%">1724030396</td>
      </tr>
      <tr>
        <td colspan="1" rowspan="1" class="indent2" width="20%">Other Info</td>
        <td colspan="1" rowspan="1" width="80%">1724030396, que evalúa a: 2024-08-18 21:19:56</td>
      </tr>
      <tr>
        <td colspan="1" rowspan="1" class="indent1" width="20%">URL</td>
        <td colspan="1" rowspan="1" width="80%">
          <a shape="rect" href="https://demo.owasp-juice.shop/styles.css">https://demo.owasp-juice.shop/styles.css</a>
        </td>
      </tr>
      <tr>
        <td colspan="1" rowspan="1" class="indent2" width="20%">Método</td>
        <td colspan="1" rowspan="1" width="80%">GET</td>
      </tr>
      <tr>
        <td colspan="1" rowspan="1" class="indent2" width="20%">Parámetros</td>
        <td colspan="1" rowspan="1" width="80%">Reporting-Endpoints</td>
      </tr>
      <tr>
        <td colspan="1" rowspan="1" class="indent2" width="20%">Ataque</td>
        <td colspan="1" rowspan="1" width="80%"/>
      </tr>
      <tr>
        <td colspan="1" rowspan="1" class="indent2" width="20%">Evidencia</td>
        <td colspan="1" rowspan="1" width="80%">1724030451</td>
      </tr>
      <tr>
        <td colspan="1" rowspan="1" class="indent2" width="20%">Other Info</td>
        <td colspan="1" rowspan="1" width="80%">1724030451, que evalúa a: 2024-08-18 21:20:51</td>
      </tr>
      <tr>
        <td colspan="1" rowspan="1" class="indent1" width="20%">URL</td>
        <td colspan="1" rowspan="1" width="80%">
          <a shape="rect" href="https://demo.owasp-juice.shop/styles.css">https://demo.owasp-juice.shop/styles.css</a>
        </td>
      </tr>
      <tr>
        <td colspan="1" rowspan="1" class="indent2" width="20%">Método</td>
        <td colspan="1" rowspan="1" width="80%">GET</td>
      </tr>
      <tr>
        <td colspan="1" rowspan="1" class="indent2" width="20%">Parámetros</td>
        <td colspan="1" rowspan="1" width="80%">Reporting-Endpoints</td>
      </tr>
      <tr>
        <td colspan="1" rowspan="1" class="indent2" width="20%">Ataque</td>
        <td colspan="1" rowspan="1" width="80%"/>
      </tr>
      <tr>
        <td colspan="1" rowspan="1" class="indent2" width="20%">Evidencia</td>
        <td colspan="1" rowspan="1" width="80%">1724030601</td>
      </tr>
      <tr>
        <td colspan="1" rowspan="1" class="indent2" width="20%">Other Info</td>
        <td colspan="1" rowspan="1" width="80%">1724030601, que evalúa a: 2024-08-18 21:23:21</td>
      </tr>
      <tr>
        <td colspan="1" rowspan="1" class="indent1" width="20%">URL</td>
        <td colspan="1" rowspan="1" width="80%">
          <a shape="rect" href="https://demo.owasp-juice.shop/vendor.js">https://demo.owasp-juice.shop/vendor.js</a>
        </td>
      </tr>
      <tr>
        <td colspan="1" rowspan="1" class="indent2" width="20%">Método</td>
        <td colspan="1" rowspan="1" width="80%">GET</td>
      </tr>
      <tr>
        <td colspan="1" rowspan="1" class="indent2" width="20%">Parámetros</td>
        <td colspan="1" rowspan="1" width="80%">Reporting-Endpoints</td>
      </tr>
      <tr>
        <td colspan="1" rowspan="1" class="indent2" width="20%">Ataque</td>
        <td colspan="1" rowspan="1" width="80%"/>
      </tr>
      <tr>
        <td colspan="1" rowspan="1" class="indent2" width="20%">Evidencia</td>
        <td colspan="1" rowspan="1" width="80%">1724030301</td>
      </tr>
      <tr>
        <td colspan="1" rowspan="1" class="indent2" width="20%">Other Info</td>
        <td colspan="1" rowspan="1" width="80%">1724030301, que evalúa a: 2024-08-18 21:18:21</td>
      </tr>
      <tr>
        <td colspan="1" rowspan="1" class="indent1" width="20%">URL</td>
        <td colspan="1" rowspan="1" width="80%">
          <a shape="rect" href="https://demo.owasp-juice.shop/vendor.js">https://demo.owasp-juice.shop/vendor.js</a>
        </td>
      </tr>
      <tr>
        <td colspan="1" rowspan="1" class="indent2" width="20%">Método</td>
        <td colspan="1" rowspan="1" width="80%">GET</td>
      </tr>
      <tr>
        <td colspan="1" rowspan="1" class="indent2" width="20%">Parámetros</td>
        <td colspan="1" rowspan="1" width="80%">Reporting-Endpoints</td>
      </tr>
      <tr>
        <td colspan="1" rowspan="1" class="indent2" width="20%">Ataque</td>
        <td colspan="1" rowspan="1" width="80%"/>
      </tr>
      <tr>
        <td colspan="1" rowspan="1" class="indent2" width="20%">Evidencia</td>
        <td colspan="1" rowspan="1" width="80%">1724030358</td>
      </tr>
      <tr>
        <td colspan="1" rowspan="1" class="indent2" width="20%">Other Info</td>
        <td colspan="1" rowspan="1" width="80%">1724030358, que evalúa a: 2024-08-18 21:19:18</td>
      </tr>
      <tr>
        <td colspan="1" rowspan="1" class="indent1" width="20%">URL</td>
        <td colspan="1" rowspan="1" width="80%">
          <a shape="rect" href="https://demo.owasp-juice.shop/vendor.js">https://demo.owasp-juice.shop/vendor.js</a>
        </td>
      </tr>
      <tr>
        <td colspan="1" rowspan="1" class="indent2" width="20%">Método</td>
        <td colspan="1" rowspan="1" width="80%">GET</td>
      </tr>
      <tr>
        <td colspan="1" rowspan="1" class="indent2" width="20%">Parámetros</td>
        <td colspan="1" rowspan="1" width="80%">Reporting-Endpoints</td>
      </tr>
      <tr>
        <td colspan="1" rowspan="1" class="indent2" width="20%">Ataque</td>
        <td colspan="1" rowspan="1" width="80%"/>
      </tr>
      <tr>
        <td colspan="1" rowspan="1" class="indent2" width="20%">Evidencia</td>
        <td colspan="1" rowspan="1" width="80%">1724030396</td>
      </tr>
      <tr>
        <td colspan="1" rowspan="1" class="indent2" width="20%">Other Info</td>
        <td colspan="1" rowspan="1" width="80%">1724030396, que evalúa a: 2024-08-18 21:19:56</td>
      </tr>
      <tr>
        <td colspan="1" rowspan="1" class="indent1" width="20%">URL</td>
        <td colspan="1" rowspan="1" width="80%">
          <a shape="rect" href="https://demo.owasp-juice.shop/vendor.js">https://demo.owasp-juice.shop/vendor.js</a>
        </td>
      </tr>
      <tr>
        <td colspan="1" rowspan="1" class="indent2" width="20%">Método</td>
        <td colspan="1" rowspan="1" width="80%">GET</td>
      </tr>
      <tr>
        <td colspan="1" rowspan="1" class="indent2" width="20%">Parámetros</td>
        <td colspan="1" rowspan="1" width="80%">Reporting-Endpoints</td>
      </tr>
      <tr>
        <td colspan="1" rowspan="1" class="indent2" width="20%">Ataque</td>
        <td colspan="1" rowspan="1" width="80%"/>
      </tr>
      <tr>
        <td colspan="1" rowspan="1" class="indent2" width="20%">Evidencia</td>
        <td colspan="1" rowspan="1" width="80%">1724030451</td>
      </tr>
      <tr>
        <td colspan="1" rowspan="1" class="indent2" width="20%">Other Info</td>
        <td colspan="1" rowspan="1" width="80%">1724030451, que evalúa a: 2024-08-18 21:20:51</td>
      </tr>
      <tr>
        <td colspan="1" rowspan="1" class="indent1" width="20%">URL</td>
        <td colspan="1" rowspan="1" width="80%">
          <a shape="rect" href="https://demo.owasp-juice.shop/vendor.js">https://demo.owasp-juice.shop/vendor.js</a>
        </td>
      </tr>
      <tr>
        <td colspan="1" rowspan="1" class="indent2" width="20%">Método</td>
        <td colspan="1" rowspan="1" width="80%">GET</td>
      </tr>
      <tr>
        <td colspan="1" rowspan="1" class="indent2" width="20%">Parámetros</td>
        <td colspan="1" rowspan="1" width="80%">Reporting-Endpoints</td>
      </tr>
      <tr>
        <td colspan="1" rowspan="1" class="indent2" width="20%">Ataque</td>
        <td colspan="1" rowspan="1" width="80%"/>
      </tr>
      <tr>
        <td colspan="1" rowspan="1" class="indent2" width="20%">Evidencia</td>
        <td colspan="1" rowspan="1" width="80%">1724030601</td>
      </tr>
      <tr>
        <td colspan="1" rowspan="1" class="indent2" width="20%">Other Info</td>
        <td colspan="1" rowspan="1" width="80%">1724030601, que evalúa a: 2024-08-18 21:23:21</td>
      </tr>
      <tr>
        <td colspan="1" rowspan="1" class="indent1" width="20%">URL</td>
        <td colspan="1" rowspan="1" width="80%">
          <a shape="rect" href="https://www.gstatic.com/og/_/js/k=og.qtm.en_US.KZAWJ1ProoE.2019.O/rt=j/m=q_dnp,qmd,qcwid,qapid,qald,q_dg/exm=qaaw,qabr,qadd,qaid,qalo,qebr,qein,qhaw,qhawgm3,qhba,qhbr,qhbrgm3,qhch,qhchgm3,qhga,qhid,qhidgm3,qhin,qhlo,qhlogm3,qhmn,qhpc,qhsf,qhsfgm3,qhtt/d=1/ed=1/rs=AA2YrTv0taM5qVgw38gU_15kX9WFXe5TPw">https://www.gstatic.com/og/_/js/k=og.qtm.en_US.KZAWJ1ProoE.2019.O/rt=j/m=q_dnp,qmd,qcwid,qapid,qald,q_dg/exm=qaaw,qabr,qadd,qaid,qalo,qebr,qein,qhaw,qhawgm3,qhba,qhbr,qhbrgm3,qhch,qhchgm3,qhga,qhid,qhidgm3,qhin,qhlo,qhlogm3,qhmn,qhpc,qhsf,qhsfgm3,qhtt/d=1/ed=1/rs=AA2YrTv0taM5qVgw38gU_15kX9WFXe5TPw</a>
        </td>
      </tr>
      <tr>
        <td colspan="1" rowspan="1" class="indent2" width="20%">Método</td>
        <td colspan="1" rowspan="1" width="80%">GET</td>
      </tr>
      <tr>
        <td colspan="1" rowspan="1" class="indent2" width="20%">Parámetros</td>
        <td colspan="1" rowspan="1" width="80%"/>
      </tr>
      <tr>
        <td colspan="1" rowspan="1" class="indent2" width="20%">Ataque</td>
        <td colspan="1" rowspan="1" width="80%"/>
      </tr>
      <tr>
        <td colspan="1" rowspan="1" class="indent2" width="20%">Evidencia</td>
        <td colspan="1" rowspan="1" width="80%">1518500249</td>
      </tr>
      <tr>
        <td colspan="1" rowspan="1" class="indent2" width="20%">Other Info</td>
        <td colspan="1" rowspan="1" width="80%">1518500249, que evalúa a: 2018-02-13 01:37:29</td>
      </tr>
      <tr>
        <td colspan="1" rowspan="1" class="indent1" width="20%">URL</td>
        <td colspan="1" rowspan="1" width="80%">
          <a shape="rect" href="https://www.gstatic.com/og/_/js/k=og.qtm.en_US.KZAWJ1ProoE.2019.O/rt=j/m=q_dnp,qmd,qcwid,qapid,qald,q_dg/exm=qaaw,qabr,qadd,qaid,qalo,qebr,qein,qhaw,qhawgm3,qhba,qhbr,qhbrgm3,qhch,qhchgm3,qhga,qhid,qhidgm3,qhin,qhlo,qhlogm3,qhmn,qhpc,qhsf,qhsfgm3,qhtt/d=1/ed=1/rs=AA2YrTv0taM5qVgw38gU_15kX9WFXe5TPw">https://www.gstatic.com/og/_/js/k=og.qtm.en_US.KZAWJ1ProoE.2019.O/rt=j/m=q_dnp,qmd,qcwid,qapid,qald,q_dg/exm=qaaw,qabr,qadd,qaid,qalo,qebr,qein,qhaw,qhawgm3,qhba,qhbr,qhbrgm3,qhch,qhchgm3,qhga,qhid,qhidgm3,qhin,qhlo,qhlogm3,qhmn,qhpc,qhsf,qhsfgm3,qhtt/d=1/ed=1/rs=AA2YrTv0taM5qVgw38gU_15kX9WFXe5TPw</a>
        </td>
      </tr>
      <tr>
        <td colspan="1" rowspan="1" class="indent2" width="20%">Método</td>
        <td colspan="1" rowspan="1" width="80%">GET</td>
      </tr>
      <tr>
        <td colspan="1" rowspan="1" class="indent2" width="20%">Parámetros</td>
        <td colspan="1" rowspan="1" width="80%"/>
      </tr>
      <tr>
        <td colspan="1" rowspan="1" class="indent2" width="20%">Ataque</td>
        <td colspan="1" rowspan="1" width="80%"/>
      </tr>
      <tr>
        <td colspan="1" rowspan="1" class="indent2" width="20%">Evidencia</td>
        <td colspan="1" rowspan="1" width="80%">1732584193</td>
      </tr>
      <tr>
        <td colspan="1" rowspan="1" class="indent2" width="20%">Other Info</td>
        <td colspan="1" rowspan="1" width="80%">1732584193, que evalúa a: 2024-11-25 21:23:13</td>
      </tr>
      <tr>
        <td colspan="1" rowspan="1" class="indent1" width="20%">URL</td>
        <td colspan="1" rowspan="1" width="80%">
          <a shape="rect" href="https://www.gstatic.com/og/_/js/k=og.qtm.en_US.KZAWJ1ProoE.2019.O/rt=j/m=q_dnp,qmd,qcwid,qapid,qald,q_dg/exm=qaaw,qabr,qadd,qaid,qalo,qebr,qein,qhaw,qhawgm3,qhba,qhbr,qhbrgm3,qhch,qhchgm3,qhga,qhid,qhidgm3,qhin,qhlo,qhlogm3,qhmn,qhpc,qhsf,qhsfgm3,qhtt/d=1/ed=1/rs=AA2YrTv0taM5qVgw38gU_15kX9WFXe5TPw">https://www.gstatic.com/og/_/js/k=og.qtm.en_US.KZAWJ1ProoE.2019.O/rt=j/m=q_dnp,qmd,qcwid,qapid,qald,q_dg/exm=qaaw,qabr,qadd,qaid,qalo,qebr,qein,qhaw,qhawgm3,qhba,qhbr,qhbrgm3,qhch,qhchgm3,qhga,qhid,qhidgm3,qhin,qhlo,qhlogm3,qhmn,qhpc,qhsf,qhsfgm3,qhtt/d=1/ed=1/rs=AA2YrTv0taM5qVgw38gU_15kX9WFXe5TPw</a>
        </td>
      </tr>
      <tr>
        <td colspan="1" rowspan="1" class="indent2" width="20%">Método</td>
        <td colspan="1" rowspan="1" width="80%">GET</td>
      </tr>
      <tr>
        <td colspan="1" rowspan="1" class="indent2" width="20%">Parámetros</td>
        <td colspan="1" rowspan="1" width="80%"/>
      </tr>
      <tr>
        <td colspan="1" rowspan="1" class="indent2" width="20%">Ataque</td>
        <td colspan="1" rowspan="1" width="80%"/>
      </tr>
      <tr>
        <td colspan="1" rowspan="1" class="indent2" width="20%">Evidencia</td>
        <td colspan="1" rowspan="1" width="80%">1859775393</td>
      </tr>
      <tr>
        <td colspan="1" rowspan="1" class="indent2" width="20%">Other Info</td>
        <td colspan="1" rowspan="1" width="80%">1859775393, que evalúa a: 2028-12-07 00:16:33</td>
      </tr>
      <tr>
        <td colspan="1" rowspan="1" class="indent1" width="20%">URL</td>
        <td colspan="1" rowspan="1" width="80%">
          <a shape="rect" href="https://demo.owasp-juice.shop/rest/user/login">https://demo.owasp-juice.shop/rest/user/login</a>
        </td>
      </tr>
      <tr>
        <td colspan="1" rowspan="1" class="indent2" width="20%">Método</td>
        <td colspan="1" rowspan="1" width="80%">POST</td>
      </tr>
      <tr>
        <td colspan="1" rowspan="1" class="indent2" width="20%">Parámetros</td>
        <td colspan="1" rowspan="1" width="80%">Reporting-Endpoints</td>
      </tr>
      <tr>
        <td colspan="1" rowspan="1" class="indent2" width="20%">Ataque</td>
        <td colspan="1" rowspan="1" width="80%"/>
      </tr>
      <tr>
        <td colspan="1" rowspan="1" class="indent2" width="20%">Evidencia</td>
        <td colspan="1" rowspan="1" width="80%">1724030314</td>
      </tr>
      <tr>
        <td colspan="1" rowspan="1" class="indent2" width="20%">Other Info</td>
        <td colspan="1" rowspan="1" width="80%">1724030314, que evalúa a: 2024-08-18 21:18:34</td>
      </tr>
      <tr>
        <td colspan="1" rowspan="1" class="indent1" width="20%">URL</td>
        <td colspan="1" rowspan="1" width="80%">
          <a shape="rect" href="https://demo.owasp-juice.shop/rest/user/login">https://demo.owasp-juice.shop/rest/user/login</a>
        </td>
      </tr>
      <tr>
        <td colspan="1" rowspan="1" class="indent2" width="20%">Método</td>
        <td colspan="1" rowspan="1" width="80%">POST</td>
      </tr>
      <tr>
        <td colspan="1" rowspan="1" class="indent2" width="20%">Parámetros</td>
        <td colspan="1" rowspan="1" width="80%">Reporting-Endpoints</td>
      </tr>
      <tr>
        <td colspan="1" rowspan="1" class="indent2" width="20%">Ataque</td>
        <td colspan="1" rowspan="1" width="80%"/>
      </tr>
      <tr>
        <td colspan="1" rowspan="1" class="indent2" width="20%">Evidencia</td>
        <td colspan="1" rowspan="1" width="80%">1724030458</td>
      </tr>
      <tr>
        <td colspan="1" rowspan="1" class="indent2" width="20%">Other Info</td>
        <td colspan="1" rowspan="1" width="80%">1724030458, que evalúa a: 2024-08-18 21:20:58</td>
      </tr>
      <tr>
        <td colspan="1" rowspan="1" class="indent1" width="20%">URL</td>
        <td colspan="1" rowspan="1" width="80%">
          <a shape="rect" href="https://demo.owasp-juice.shop/rest/user/login">https://demo.owasp-juice.shop/rest/user/login</a>
        </td>
      </tr>
      <tr>
        <td colspan="1" rowspan="1" class="indent2" width="20%">Método</td>
        <td colspan="1" rowspan="1" width="80%">POST</td>
      </tr>
      <tr>
        <td colspan="1" rowspan="1" class="indent2" width="20%">Parámetros</td>
        <td colspan="1" rowspan="1" width="80%">Reporting-Endpoints</td>
      </tr>
      <tr>
        <td colspan="1" rowspan="1" class="indent2" width="20%">Ataque</td>
        <td colspan="1" rowspan="1" width="80%"/>
      </tr>
      <tr>
        <td colspan="1" rowspan="1" class="indent2" width="20%">Evidencia</td>
        <td colspan="1" rowspan="1" width="80%">1724030631</td>
      </tr>
      <tr>
        <td colspan="1" rowspan="1" class="indent2" width="20%">Other Info</td>
        <td colspan="1" rowspan="1" width="80%">1724030631, que evalúa a: 2024-08-18 21:23:51</td>
      </tr>
      <tr>
        <td colspan="1" rowspan="1" class="indent1" width="20%">URL</td>
        <td colspan="1" rowspan="1" width="80%">
          <a shape="rect" href="https://demo.owasp-juice.shop/socket.io/?EIO=4&amp;transport=polling&amp;t=P5eDi1D&amp;sid=3YzakH4yE0404A-FAAQX">https://demo.owasp-juice.shop/socket.io/?EIO=4&amp;transport=polling&amp;t=P5eDi1D&amp;sid=3YzakH4yE0404A-FAAQX</a>
        </td>
      </tr>
      <tr>
        <td colspan="1" rowspan="1" class="indent2" width="20%">Método</td>
        <td colspan="1" rowspan="1" width="80%">POST</td>
      </tr>
      <tr>
        <td colspan="1" rowspan="1" class="indent2" width="20%">Parámetros</td>
        <td colspan="1" rowspan="1" width="80%">Reporting-Endpoints</td>
      </tr>
      <tr>
        <td colspan="1" rowspan="1" class="indent2" width="20%">Ataque</td>
        <td colspan="1" rowspan="1" width="80%"/>
      </tr>
      <tr>
        <td colspan="1" rowspan="1" class="indent2" width="20%">Evidencia</td>
        <td colspan="1" rowspan="1" width="80%">1724030304</td>
      </tr>
      <tr>
        <td colspan="1" rowspan="1" class="indent2" width="20%">Other Info</td>
        <td colspan="1" rowspan="1" width="80%">1724030304, que evalúa a: 2024-08-18 21:18:24</td>
      </tr>
      <tr>
        <td colspan="1" rowspan="1" class="indent1" width="20%">URL</td>
        <td colspan="1" rowspan="1" width="80%">
          <a shape="rect" href="https://demo.owasp-juice.shop/socket.io/?EIO=4&amp;transport=polling&amp;t=P5eDwjZ&amp;sid=zZ9WE7Jsg7O2fa9jAAQ9">https://demo.owasp-juice.shop/socket.io/?EIO=4&amp;transport=polling&amp;t=P5eDwjZ&amp;sid=zZ9WE7Jsg7O2fa9jAAQ9</a>
        </td>
      </tr>
      <tr>
        <td colspan="1" rowspan="1" class="indent2" width="20%">Método</td>
        <td colspan="1" rowspan="1" width="80%">POST</td>
      </tr>
      <tr>
        <td colspan="1" rowspan="1" class="indent2" width="20%">Parámetros</td>
        <td colspan="1" rowspan="1" width="80%">Reporting-Endpoints</td>
      </tr>
      <tr>
        <td colspan="1" rowspan="1" class="indent2" width="20%">Ataque</td>
        <td colspan="1" rowspan="1" width="80%"/>
      </tr>
      <tr>
        <td colspan="1" rowspan="1" class="indent2" width="20%">Evidencia</td>
        <td colspan="1" rowspan="1" width="80%">1724030364</td>
      </tr>
      <tr>
        <td colspan="1" rowspan="1" class="indent2" width="20%">Other Info</td>
        <td colspan="1" rowspan="1" width="80%">1724030364, que evalúa a: 2024-08-18 21:19:24</td>
      </tr>
      <tr>
        <td colspan="1" rowspan="1" class="indent1" width="20%">URL</td>
        <td colspan="1" rowspan="1" width="80%">
          <a shape="rect" href="https://demo.owasp-juice.shop/socket.io/?EIO=4&amp;transport=polling&amp;t=P5eE3KX&amp;sid=7owDv-WBO4vaB6t3AARZ">https://demo.owasp-juice.shop/socket.io/?EIO=4&amp;transport=polling&amp;t=P5eE3KX&amp;sid=7owDv-WBO4vaB6t3AARZ</a>
        </td>
      </tr>
      <tr>
        <td colspan="1" rowspan="1" class="indent2" width="20%">Método</td>
        <td colspan="1" rowspan="1" width="80%">POST</td>
      </tr>
      <tr>
        <td colspan="1" rowspan="1" class="indent2" width="20%">Parámetros</td>
        <td colspan="1" rowspan="1" width="80%">Reporting-Endpoints</td>
      </tr>
      <tr>
        <td colspan="1" rowspan="1" class="indent2" width="20%">Ataque</td>
        <td colspan="1" rowspan="1" width="80%"/>
      </tr>
      <tr>
        <td colspan="1" rowspan="1" class="indent2" width="20%">Evidencia</td>
        <td colspan="1" rowspan="1" width="80%">1724030399</td>
      </tr>
      <tr>
        <td colspan="1" rowspan="1" class="indent2" width="20%">Other Info</td>
        <td colspan="1" rowspan="1" width="80%">1724030399, que evalúa a: 2024-08-18 21:19:59</td>
      </tr>
      <tr>
        <td colspan="1" rowspan="1" class="indent1" width="20%">URL</td>
        <td colspan="1" rowspan="1" width="80%">
          <a shape="rect" href="https://demo.owasp-juice.shop/socket.io/?EIO=4&amp;transport=polling&amp;t=P5eEGiz&amp;sid=siOkhKcUcU8D1IWdAARy">https://demo.owasp-juice.shop/socket.io/?EIO=4&amp;transport=polling&amp;t=P5eEGiz&amp;sid=siOkhKcUcU8D1IWdAARy</a>
        </td>
      </tr>
      <tr>
        <td colspan="1" rowspan="1" class="indent2" width="20%">Método</td>
        <td colspan="1" rowspan="1" width="80%">POST</td>
      </tr>
      <tr>
        <td colspan="1" rowspan="1" class="indent2" width="20%">Parámetros</td>
        <td colspan="1" rowspan="1" width="80%">Reporting-Endpoints</td>
      </tr>
      <tr>
        <td colspan="1" rowspan="1" class="indent2" width="20%">Ataque</td>
        <td colspan="1" rowspan="1" width="80%"/>
      </tr>
      <tr>
        <td colspan="1" rowspan="1" class="indent2" width="20%">Evidencia</td>
        <td colspan="1" rowspan="1" width="80%">1724030454</td>
      </tr>
      <tr>
        <td colspan="1" rowspan="1" class="indent2" width="20%">Other Info</td>
        <td colspan="1" rowspan="1" width="80%">1724030454, que evalúa a: 2024-08-18 21:20:54</td>
      </tr>
      <tr>
        <td colspan="1" rowspan="1" class="indent1" width="20%">URL</td>
        <td colspan="1" rowspan="1" width="80%">
          <a shape="rect" href="https://demo.owasp-juice.shop/socket.io/?EIO=4&amp;transport=polling&amp;t=P5eErFc&amp;sid=8XjwdI-N9bmNoL3qAASh">https://demo.owasp-juice.shop/socket.io/?EIO=4&amp;transport=polling&amp;t=P5eErFc&amp;sid=8XjwdI-N9bmNoL3qAASh</a>
        </td>
      </tr>
      <tr>
        <td colspan="1" rowspan="1" class="indent2" width="20%">Método</td>
        <td colspan="1" rowspan="1" width="80%">POST</td>
      </tr>
      <tr>
        <td colspan="1" rowspan="1" class="indent2" width="20%">Parámetros</td>
        <td colspan="1" rowspan="1" width="80%">Reporting-Endpoints</td>
      </tr>
      <tr>
        <td colspan="1" rowspan="1" class="indent2" width="20%">Ataque</td>
        <td colspan="1" rowspan="1" width="80%"/>
      </tr>
      <tr>
        <td colspan="1" rowspan="1" class="indent2" width="20%">Evidencia</td>
        <td colspan="1" rowspan="1" width="80%">1724030604</td>
      </tr>
      <tr>
        <td colspan="1" rowspan="1" class="indent2" width="20%">Other Info</td>
        <td colspan="1" rowspan="1" width="80%">1724030604, que evalúa a: 2024-08-18 21:23:24</td>
      </tr>
      <tr>
        <td colspan="1" rowspan="1" class="indent1" width="20%">URL</td>
        <td colspan="1" rowspan="1" width="80%">
          <a shape="rect" href="https://demo.owasp-juice.shop/socket.io/?EIO=4&amp;transport=polling&amp;t=P5eExME&amp;sid=8XjwdI-N9bmNoL3qAASh">https://demo.owasp-juice.shop/socket.io/?EIO=4&amp;transport=polling&amp;t=P5eExME&amp;sid=8XjwdI-N9bmNoL3qAASh</a>
        </td>
      </tr>
      <tr>
        <td colspan="1" rowspan="1" class="indent2" width="20%">Método</td>
        <td colspan="1" rowspan="1" width="80%">POST</td>
      </tr>
      <tr>
        <td colspan="1" rowspan="1" class="indent2" width="20%">Parámetros</td>
        <td colspan="1" rowspan="1" width="80%">Reporting-Endpoints</td>
      </tr>
      <tr>
        <td colspan="1" rowspan="1" class="indent2" width="20%">Ataque</td>
        <td colspan="1" rowspan="1" width="80%"/>
      </tr>
      <tr>
        <td colspan="1" rowspan="1" class="indent2" width="20%">Evidencia</td>
        <td colspan="1" rowspan="1" width="80%">1724030629</td>
      </tr>
      <tr>
        <td colspan="1" rowspan="1" class="indent2" width="20%">Other Info</td>
        <td colspan="1" rowspan="1" width="80%">1724030629, que evalúa a: 2024-08-18 21:23:49</td>
      </tr>
      <tr>
        <td colspan="1" rowspan="1" class="indent1" width="20%">URL</td>
        <td colspan="1" rowspan="1" width="80%">
          <a shape="rect" href="https://demo.owasp-juice.shop/socket.io/?EIO=4&amp;transport=polling&amp;t=P5eExmF&amp;sid=kZ26VJOLwn-6K0JsAASt">https://demo.owasp-juice.shop/socket.io/?EIO=4&amp;transport=polling&amp;t=P5eExmF&amp;sid=kZ26VJOLwn-6K0JsAASt</a>
        </td>
      </tr>
      <tr>
        <td colspan="1" rowspan="1" class="indent2" width="20%">Método</td>
        <td colspan="1" rowspan="1" width="80%">POST</td>
      </tr>
      <tr>
        <td colspan="1" rowspan="1" class="indent2" width="20%">Parámetros</td>
        <td colspan="1" rowspan="1" width="80%">Reporting-Endpoints</td>
      </tr>
      <tr>
        <td colspan="1" rowspan="1" class="indent2" width="20%">Ataque</td>
        <td colspan="1" rowspan="1" width="80%"/>
      </tr>
      <tr>
        <td colspan="1" rowspan="1" class="indent2" width="20%">Evidencia</td>
        <td colspan="1" rowspan="1" width="80%">1724030630</td>
      </tr>
      <tr>
        <td colspan="1" rowspan="1" class="indent2" width="20%">Other Info</td>
        <td colspan="1" rowspan="1" width="80%">1724030630, que evalúa a: 2024-08-18 21:23:50</td>
      </tr>
      <tr>
        <td colspan="1" rowspan="1" class="indent1" width="20%">URL</td>
        <td colspan="1" rowspan="1" width="80%">
          <a shape="rect" href="https://optimizationguide-pa.googleapis.com/v1:GetModels?key=AIzaSyBOti4mM-6x9WDnZIjIeyEU21OpBXqWBgw">https://optimizationguide-pa.googleapis.com/v1:GetModels?key=AIzaSyBOti4mM-6x9WDnZIjIeyEU21OpBXqWBgw</a>
        </td>
      </tr>
      <tr>
        <td colspan="1" rowspan="1" class="indent2" width="20%">Método</td>
        <td colspan="1" rowspan="1" width="80%">POST</td>
      </tr>
      <tr>
        <td colspan="1" rowspan="1" class="indent2" width="20%">Parámetros</td>
        <td colspan="1" rowspan="1" width="80%"/>
      </tr>
      <tr>
        <td colspan="1" rowspan="1" class="indent2" width="20%">Ataque</td>
        <td colspan="1" rowspan="1" width="80%"/>
      </tr>
      <tr>
        <td colspan="1" rowspan="1" class="indent2" width="20%">Evidencia</td>
        <td colspan="1" rowspan="1" width="80%">1679317318</td>
      </tr>
      <tr>
        <td colspan="1" rowspan="1" class="indent2" width="20%">Other Info</td>
        <td colspan="1" rowspan="1" width="80%">1679317318, que evalúa a: 2023-03-20 09:01:58</td>
      </tr>
      <tr>
        <td colspan="1" rowspan="1" class="indent1" width="20%">URL</td>
        <td colspan="1" rowspan="1" width="80%">
          <a shape="rect" href="https://optimizationguide-pa.googleapis.com/v1:GetModels?key=AIzaSyBOti4mM-6x9WDnZIjIeyEU21OpBXqWBgw">https://optimizationguide-pa.googleapis.com/v1:GetModels?key=AIzaSyBOti4mM-6x9WDnZIjIeyEU21OpBXqWBgw</a>
        </td>
      </tr>
      <tr>
        <td colspan="1" rowspan="1" class="indent2" width="20%">Método</td>
        <td colspan="1" rowspan="1" width="80%">POST</td>
      </tr>
      <tr>
        <td colspan="1" rowspan="1" class="indent2" width="20%">Parámetros</td>
        <td colspan="1" rowspan="1" width="80%"/>
      </tr>
      <tr>
        <td colspan="1" rowspan="1" class="indent2" width="20%">Ataque</td>
        <td colspan="1" rowspan="1" width="80%"/>
      </tr>
      <tr>
        <td colspan="1" rowspan="1" class="indent2" width="20%">Evidencia</td>
        <td colspan="1" rowspan="1" width="80%">1689043206</td>
      </tr>
      <tr>
        <td colspan="1" rowspan="1" class="indent2" width="20%">Other Info</td>
        <td colspan="1" rowspan="1" width="80%">1689043206, que evalúa a: 2023-07-10 22:40:06</td>
      </tr>
      <tr>
        <td colspan="1" rowspan="1" class="indent1" width="20%">URL</td>
        <td colspan="1" rowspan="1" width="80%">
          <a shape="rect" href="https://optimizationguide-pa.googleapis.com/v1:GetModels?key=AIzaSyBOti4mM-6x9WDnZIjIeyEU21OpBXqWBgw">https://optimizationguide-pa.googleapis.com/v1:GetModels?key=AIzaSyBOti4mM-6x9WDnZIjIeyEU21OpBXqWBgw</a>
        </td>
      </tr>
      <tr>
        <td colspan="1" rowspan="1" class="indent2" width="20%">Método</td>
        <td colspan="1" rowspan="1" width="80%">POST</td>
      </tr>
      <tr>
        <td colspan="1" rowspan="1" class="indent2" width="20%">Parámetros</td>
        <td colspan="1" rowspan="1" width="80%"/>
      </tr>
      <tr>
        <td colspan="1" rowspan="1" class="indent2" width="20%">Ataque</td>
        <td colspan="1" rowspan="1" width="80%"/>
      </tr>
      <tr>
        <td colspan="1" rowspan="1" class="indent2" width="20%">Evidencia</td>
        <td colspan="1" rowspan="1" width="80%">1691042511</td>
      </tr>
      <tr>
        <td colspan="1" rowspan="1" class="indent2" width="20%">Other Info</td>
        <td colspan="1" rowspan="1" width="80%">1691042511, que evalúa a: 2023-08-03 02:01:51</td>
      </tr>
      <tr>
        <td colspan="1" rowspan="1" class="indent1" width="20%">URL</td>
        <td colspan="1" rowspan="1" width="80%">
          <a shape="rect" href="https://optimizationguide-pa.googleapis.com/v1:GetModels?key=AIzaSyBOti4mM-6x9WDnZIjIeyEU21OpBXqWBgw">https://optimizationguide-pa.googleapis.com/v1:GetModels?key=AIzaSyBOti4mM-6x9WDnZIjIeyEU21OpBXqWBgw</a>
        </td>
      </tr>
      <tr>
        <td colspan="1" rowspan="1" class="indent2" width="20%">Método</td>
        <td colspan="1" rowspan="1" width="80%">POST</td>
      </tr>
      <tr>
        <td colspan="1" rowspan="1" class="indent2" width="20%">Parámetros</td>
        <td colspan="1" rowspan="1" width="80%"/>
      </tr>
      <tr>
        <td colspan="1" rowspan="1" class="indent2" width="20%">Ataque</td>
        <td colspan="1" rowspan="1" width="80%"/>
      </tr>
      <tr>
        <td colspan="1" rowspan="1" class="indent2" width="20%">Evidencia</td>
        <td colspan="1" rowspan="1" width="80%">1696267841</td>
      </tr>
      <tr>
        <td colspan="1" rowspan="1" class="indent2" width="20%">Other Info</td>
        <td colspan="1" rowspan="1" width="80%">1696267841, que evalúa a: 2023-10-02 13:30:41</td>
      </tr>
      <tr>
        <td colspan="1" rowspan="1" class="indent1" width="20%">URL</td>
        <td colspan="1" rowspan="1" width="80%">
          <a shape="rect" href="https://optimizationguide-pa.googleapis.com/v1:GetModels?key=AIzaSyBOti4mM-6x9WDnZIjIeyEU21OpBXqWBgw">https://optimizationguide-pa.googleapis.com/v1:GetModels?key=AIzaSyBOti4mM-6x9WDnZIjIeyEU21OpBXqWBgw</a>
        </td>
      </tr>
      <tr>
        <td colspan="1" rowspan="1" class="indent2" width="20%">Método</td>
        <td colspan="1" rowspan="1" width="80%">POST</td>
      </tr>
      <tr>
        <td colspan="1" rowspan="1" class="indent2" width="20%">Parámetros</td>
        <td colspan="1" rowspan="1" width="80%"/>
      </tr>
      <tr>
        <td colspan="1" rowspan="1" class="indent2" width="20%">Ataque</td>
        <td colspan="1" rowspan="1" width="80%"/>
      </tr>
      <tr>
        <td colspan="1" rowspan="1" class="indent2" width="20%">Evidencia</td>
        <td colspan="1" rowspan="1" width="80%">1715213284</td>
      </tr>
      <tr>
        <td colspan="1" rowspan="1" class="indent2" width="20%">Other Info</td>
        <td colspan="1" rowspan="1" width="80%">1715213284, que evalúa a: 2024-05-08 20:08:04</td>
      </tr>
      <tr>
        <td colspan="1" rowspan="1" class="indent1" width="20%">URL</td>
        <td colspan="1" rowspan="1" width="80%">
          <a shape="rect" href="https://optimizationguide-pa.googleapis.com/v1:GetModels?key=AIzaSyBOti4mM-6x9WDnZIjIeyEU21OpBXqWBgw">https://optimizationguide-pa.googleapis.com/v1:GetModels?key=AIzaSyBOti4mM-6x9WDnZIjIeyEU21OpBXqWBgw</a>
        </td>
      </tr>
      <tr>
        <td colspan="1" rowspan="1" class="indent2" width="20%">Método</td>
        <td colspan="1" rowspan="1" width="80%">POST</td>
      </tr>
      <tr>
        <td colspan="1" rowspan="1" class="indent2" width="20%">Parámetros</td>
        <td colspan="1" rowspan="1" width="80%"/>
      </tr>
      <tr>
        <td colspan="1" rowspan="1" class="indent2" width="20%">Ataque</td>
        <td colspan="1" rowspan="1" width="80%"/>
      </tr>
      <tr>
        <td colspan="1" rowspan="1" class="indent2" width="20%">Evidencia</td>
        <td colspan="1" rowspan="1" width="80%">1721660842</td>
      </tr>
      <tr>
        <td colspan="1" rowspan="1" class="indent2" width="20%">Other Info</td>
        <td colspan="1" rowspan="1" width="80%">1721660842, que evalúa a: 2024-07-22 11:07:22</td>
      </tr>
      <tr>
        <td colspan="1" rowspan="1" class="indent1" width="20%">URL</td>
        <td colspan="1" rowspan="1" width="80%">
          <a shape="rect" href="https://optimizationguide-pa.googleapis.com/v1:GetModels?key=AIzaSyBOti4mM-6x9WDnZIjIeyEU21OpBXqWBgw">https://optimizationguide-pa.googleapis.com/v1:GetModels?key=AIzaSyBOti4mM-6x9WDnZIjIeyEU21OpBXqWBgw</a>
        </td>
      </tr>
      <tr>
        <td colspan="1" rowspan="1" class="indent2" width="20%">Método</td>
        <td colspan="1" rowspan="1" width="80%">POST</td>
      </tr>
      <tr>
        <td colspan="1" rowspan="1" class="indent2" width="20%">Parámetros</td>
        <td colspan="1" rowspan="1" width="80%"/>
      </tr>
      <tr>
        <td colspan="1" rowspan="1" class="indent2" width="20%">Ataque</td>
        <td colspan="1" rowspan="1" width="80%"/>
      </tr>
      <tr>
        <td colspan="1" rowspan="1" class="indent2" width="20%">Evidencia</td>
        <td colspan="1" rowspan="1" width="80%">1721660892</td>
      </tr>
      <tr>
        <td colspan="1" rowspan="1" class="indent2" width="20%">Other Info</td>
        <td colspan="1" rowspan="1" width="80%">1721660892, que evalúa a: 2024-07-22 11:08:12</td>
      </tr>
      <tr>
        <td colspan="1" rowspan="1" class="indent1" width="20%">URL</td>
        <td colspan="1" rowspan="1" width="80%">
          <a shape="rect" href="https://optimizationguide-pa.googleapis.com/v1:GetModels?key=AIzaSyBOti4mM-6x9WDnZIjIeyEU21OpBXqWBgw">https://optimizationguide-pa.googleapis.com/v1:GetModels?key=AIzaSyBOti4mM-6x9WDnZIjIeyEU21OpBXqWBgw</a>
        </td>
      </tr>
      <tr>
        <td colspan="1" rowspan="1" class="indent2" width="20%">Método</td>
        <td colspan="1" rowspan="1" width="80%">POST</td>
      </tr>
      <tr>
        <td colspan="1" rowspan="1" class="indent2" width="20%">Parámetros</td>
        <td colspan="1" rowspan="1" width="80%"/>
      </tr>
      <tr>
        <td colspan="1" rowspan="1" class="indent2" width="20%">Ataque</td>
        <td colspan="1" rowspan="1" width="80%"/>
      </tr>
      <tr>
        <td colspan="1" rowspan="1" class="indent2" width="20%">Evidencia</td>
        <td colspan="1" rowspan="1" width="80%">1721660925</td>
      </tr>
      <tr>
        <td colspan="1" rowspan="1" class="indent2" width="20%">Other Info</td>
        <td colspan="1" rowspan="1" width="80%">1721660925, que evalúa a: 2024-07-22 11:08:45</td>
      </tr>
      <tr>
        <td colspan="1" rowspan="1" width="20%">Instancia</td>
        <td colspan="1" rowspan="1" width="80%">151</td>
      </tr>
      <tr>
        <td colspan="1" rowspan="1" width="20%">Solución</td>
        <td colspan="1" rowspan="1" width="80%">
          <div>Confirmar manualmente que los datos de marca de hora no son sensibles, y que los datos no pueden ser agregados a patrones explotables de divulgación.</div>
        </td>
      </tr>
      <tr>
        <td colspan="1" rowspan="1" width="20%">Referencia</td>
        <td colspan="1" rowspan="1" width="80%">
          <a shape="rect" href="https://cwe.mitre.org/data/definitions/200.html">https://cwe.mitre.org/data/definitions/200.html</a>
        </td>
      </tr>
      <tr>
        <td colspan="1" rowspan="1" width="20%">CWE Id</td>
        <td colspan="1" rowspan="1" width="80%">
          <a shape="rect" href="https://cwe.mitre.org/data/definitions/200.html">200</a>
        </td>
      </tr>
      <tr>
        <td colspan="1" rowspan="1" width="20%">WASC Id</td>
        <td colspan="1" rowspan="1" width="80%">13</td>
      </tr>
      <tr>
        <td colspan="1" rowspan="1" width="20%">Plugin Id</td>
        <td colspan="1" rowspan="1" width="80%">
          <a shape="rect" href="https://www.zaproxy.org/docs/alerts/10096/">10096</a>
        </td>
      </tr>
    </table>
    <div class="spacer"/>
    <table class="results">
      <tr height="24">
        <th colspan="1" rowspan="1" class="risk-1" width="20%">
          <a shape="rect" id="10037"/>
          <div>Bajo</div>
        </th>
        <th colspan="1" rowspan="1" class="risk-1">El servidor divulga información mediante un campo(s) de encabezado de respuesta HTTP ''''X-Powered-By''''</th>
      </tr>
      <tr>
        <td colspan="1" rowspan="1" width="20%">Descripción</td>
        <td colspan="1" rowspan="1" width="80%">
          <div>El servidor de la web/aplicación está divulgando información mediante uno o más encabezados de respuesta HTTP ''''X-Powered-By''''. El acceso a tal información podría facilitarle a los atacantes la identificación de otros marcos/componentes de los que su aplicación web depende y las vulnerabilidades a las que pueden estar sujetos tales componentes.</div>
        </td>
      </tr>
      <tr valign="top">
        <td colspan="2" rowspan="1"/>
      </tr>
      <tr>
        <td colspan="1" rowspan="1" class="indent1" width="20%">URL</td>
        <td colspan="1" rowspan="1" width="80%">
          <a shape="rect" href="https://todo.ly/">https://todo.ly/</a>
        </td>
      </tr>
      <tr>
        <td colspan="1" rowspan="1" class="indent2" width="20%">Método</td>
        <td colspan="1" rowspan="1" width="80%">GET</td>
      </tr>
      <tr>
        <td colspan="1" rowspan="1" class="indent2" width="20%">Parámetros</td>
        <td colspan="1" rowspan="1" width="80%"/>
      </tr>
      <tr>
        <td colspan="1" rowspan="1" class="indent2" width="20%">Ataque</td>
        <td colspan="1" rowspan="1" width="80%"/>
      </tr>
      <tr>
        <td colspan="1" rowspan="1" class="indent2" width="20%">Evidencia</td>
        <td colspan="1" rowspan="1" width="80%">X-Powered-By: ASP.NET</td>
      </tr>
      <tr>
        <td colspan="1" rowspan="1" class="indent2" width="20%">Other Info</td>
        <td colspan="1" rowspan="1" width="80%"/>
      </tr>
      <tr>
        <td colspan="1" rowspan="1" class="indent1" width="20%">URL</td>
        <td colspan="1" rowspan="1" width="80%">
          <a shape="rect" href="https://todo.ly/Images/openhand.cur">https://todo.ly/Images/openhand.cur</a>
        </td>
      </tr>
      <tr>
        <td colspan="1" rowspan="1" class="indent2" width="20%">Método</td>
        <td colspan="1" rowspan="1" width="80%">GET</td>
      </tr>
      <tr>
        <td colspan="1" rowspan="1" class="indent2" width="20%">Parámetros</td>
        <td colspan="1" rowspan="1" width="80%"/>
      </tr>
      <tr>
        <td colspan="1" rowspan="1" class="indent2" width="20%">Ataque</td>
        <td colspan="1" rowspan="1" width="80%"/>
      </tr>
      <tr>
        <td colspan="1" rowspan="1" class="indent2" width="20%">Evidencia</td>
        <td colspan="1" rowspan="1" width="80%">X-Powered-By: ASP.NET</td>
      </tr>
      <tr>
        <td colspan="1" rowspan="1" class="indent2" width="20%">Other Info</td>
        <td colspan="1" rowspan="1" width="80%"/>
      </tr>
      <tr>
        <td colspan="1" rowspan="1" class="indent1" width="20%">URL</td>
        <td colspan="1" rowspan="1" width="80%">
          <a shape="rect" href="https://todo.ly/Scripts/date.js?v=4">https://todo.ly/Scripts/date.js?v=4</a>
        </td>
      </tr>
      <tr>
        <td colspan="1" rowspan="1" class="indent2" width="20%">Método</td>
        <td colspan="1" rowspan="1" width="80%">GET</td>
      </tr>
      <tr>
        <td colspan="1" rowspan="1" class="indent2" width="20%">Parámetros</td>
        <td colspan="1" rowspan="1" width="80%"/>
      </tr>
      <tr>
        <td colspan="1" rowspan="1" class="indent2" width="20%">Ataque</td>
        <td colspan="1" rowspan="1" width="80%"/>
      </tr>
      <tr>
        <td colspan="1" rowspan="1" class="indent2" width="20%">Evidencia</td>
        <td colspan="1" rowspan="1" width="80%">X-Powered-By: ASP.NET</td>
      </tr>
      <tr>
        <td colspan="1" rowspan="1" class="indent2" width="20%">Other Info</td>
        <td colspan="1" rowspan="1" width="80%"/>
      </tr>
      <tr>
        <td colspan="1" rowspan="1" class="indent1" width="20%">URL</td>
        <td colspan="1" rowspan="1" width="80%">
          <a shape="rect" href="https://todo.ly/Scripts/jquery-1.7.1.min.js">https://todo.ly/Scripts/jquery-1.7.1.min.js</a>
        </td>
      </tr>
      <tr>
        <td colspan="1" rowspan="1" class="indent2" width="20%">Método</td>
        <td colspan="1" rowspan="1" width="80%">GET</td>
      </tr>
      <tr>
        <td colspan="1" rowspan="1" class="indent2" width="20%">Parámetros</td>
        <td colspan="1" rowspan="1" width="80%"/>
      </tr>
      <tr>
        <td colspan="1" rowspan="1" class="indent2" width="20%">Ataque</td>
        <td colspan="1" rowspan="1" width="80%"/>
      </tr>
      <tr>
        <td colspan="1" rowspan="1" class="indent2" width="20%">Evidencia</td>
        <td colspan="1" rowspan="1" width="80%">X-Powered-By: ASP.NET</td>
      </tr>
      <tr>
        <td colspan="1" rowspan="1" class="indent2" width="20%">Other Info</td>
        <td colspan="1" rowspan="1" width="80%"/>
      </tr>
      <tr>
        <td colspan="1" rowspan="1" class="indent1" width="20%">URL</td>
        <td colspan="1" rowspan="1" width="80%">
          <a shape="rect" href="https://todo.ly/Scripts/jquery-ui-1.8.13.custom.min.js?v=6">https://todo.ly/Scripts/jquery-ui-1.8.13.custom.min.js?v=6</a>
        </td>
      </tr>
      <tr>
        <td colspan="1" rowspan="1" class="indent2" width="20%">Método</td>
        <td colspan="1" rowspan="1" width="80%">GET</td>
      </tr>
      <tr>
        <td colspan="1" rowspan="1" class="indent2" width="20%">Parámetros</td>
        <td colspan="1" rowspan="1" width="80%"/>
      </tr>
      <tr>
        <td colspan="1" rowspan="1" class="indent2" width="20%">Ataque</td>
        <td colspan="1" rowspan="1" width="80%"/>
      </tr>
      <tr>
        <td colspan="1" rowspan="1" class="indent2" width="20%">Evidencia</td>
        <td colspan="1" rowspan="1" width="80%">X-Powered-By: ASP.NET</td>
      </tr>
      <tr>
        <td colspan="1" rowspan="1" class="indent2" width="20%">Other Info</td>
        <td colspan="1" rowspan="1" width="80%"/>
      </tr>
      <tr>
        <td colspan="1" rowspan="1" class="indent1" width="20%">URL</td>
        <td colspan="1" rowspan="1" width="80%">
          <a shape="rect" href="https://todo.ly/Scripts/jquery-ui-timepicker-addon.js">https://todo.ly/Scripts/jquery-ui-timepicker-addon.js</a>
        </td>
      </tr>
      <tr>
        <td colspan="1" rowspan="1" class="indent2" width="20%">Método</td>
        <td colspan="1" rowspan="1" width="80%">GET</td>
      </tr>
      <tr>
        <td colspan="1" rowspan="1" class="indent2" width="20%">Parámetros</td>
        <td colspan="1" rowspan="1" width="80%"/>
      </tr>
      <tr>
        <td colspan="1" rowspan="1" class="indent2" width="20%">Ataque</td>
        <td colspan="1" rowspan="1" width="80%"/>
      </tr>
      <tr>
        <td colspan="1" rowspan="1" class="indent2" width="20%">Evidencia</td>
        <td colspan="1" rowspan="1" width="80%">X-Powered-By: ASP.NET</td>
      </tr>
      <tr>
        <td colspan="1" rowspan="1" class="indent2" width="20%">Other Info</td>
        <td colspan="1" rowspan="1" width="80%"/>
      </tr>
      <tr>
        <td colspan="1" rowspan="1" class="indent1" width="20%">URL</td>
        <td colspan="1" rowspan="1" width="80%">
          <a shape="rect" href="https://todo.ly/Scripts/jquery.autogrow-textarea.js">https://todo.ly/Scripts/jquery.autogrow-textarea.js</a>
        </td>
      </tr>
      <tr>
        <td colspan="1" rowspan="1" class="indent2" width="20%">Método</td>
        <td colspan="1" rowspan="1" width="80%">GET</td>
      </tr>
      <tr>
        <td colspan="1" rowspan="1" class="indent2" width="20%">Parámetros</td>
        <td colspan="1" rowspan="1" width="80%"/>
      </tr>
      <tr>
        <td colspan="1" rowspan="1" class="indent2" width="20%">Ataque</td>
        <td colspan="1" rowspan="1" width="80%"/>
      </tr>
      <tr>
        <td colspan="1" rowspan="1" class="indent2" width="20%">Evidencia</td>
        <td colspan="1" rowspan="1" width="80%">X-Powered-By: ASP.NET</td>
      </tr>
      <tr>
        <td colspan="1" rowspan="1" class="indent2" width="20%">Other Info</td>
        <td colspan="1" rowspan="1" width="80%"/>
      </tr>
      <tr>
        <td colspan="1" rowspan="1" class="indent1" width="20%">URL</td>
        <td colspan="1" rowspan="1" width="80%">
          <a shape="rect" href="https://todo.ly/Scripts/jquery.clearableTextField.min.js">https://todo.ly/Scripts/jquery.clearableTextField.min.js</a>
        </td>
      </tr>
      <tr>
        <td colspan="1" rowspan="1" class="indent2" width="20%">Método</td>
        <td colspan="1" rowspan="1" width="80%">GET</td>
      </tr>
      <tr>
        <td colspan="1" rowspan="1" class="indent2" width="20%">Parámetros</td>
        <td colspan="1" rowspan="1" width="80%"/>
      </tr>
      <tr>
        <td colspan="1" rowspan="1" class="indent2" width="20%">Ataque</td>
        <td colspan="1" rowspan="1" width="80%"/>
      </tr>
      <tr>
        <td colspan="1" rowspan="1" class="indent2" width="20%">Evidencia</td>
        <td colspan="1" rowspan="1" width="80%">X-Powered-By: ASP.NET</td>
      </tr>
      <tr>
        <td colspan="1" rowspan="1" class="indent2" width="20%">Other Info</td>
        <td colspan="1" rowspan="1" width="80%"/>
      </tr>
      <tr>
        <td colspan="1" rowspan="1" class="indent1" width="20%">URL</td>
        <td colspan="1" rowspan="1" width="80%">
          <a shape="rect" href="https://todo.ly/Scripts/jquery.contextMenu.js?v=6">https://todo.ly/Scripts/jquery.contextMenu.js?v=6</a>
        </td>
      </tr>
      <tr>
        <td colspan="1" rowspan="1" class="indent2" width="20%">Método</td>
        <td colspan="1" rowspan="1" width="80%">GET</td>
      </tr>
      <tr>
        <td colspan="1" rowspan="1" class="indent2" width="20%">Parámetros</td>
        <td colspan="1" rowspan="1" width="80%"/>
      </tr>
      <tr>
        <td colspan="1" rowspan="1" class="indent2" width="20%">Ataque</td>
        <td colspan="1" rowspan="1" width="80%"/>
      </tr>
      <tr>
        <td colspan="1" rowspan="1" class="indent2" width="20%">Evidencia</td>
        <td colspan="1" rowspan="1" width="80%">X-Powered-By: ASP.NET</td>
      </tr>
      <tr>
        <td colspan="1" rowspan="1" class="indent2" width="20%">Other Info</td>
        <td colspan="1" rowspan="1" width="80%"/>
      </tr>
      <tr>
        <td colspan="1" rowspan="1" class="indent1" width="20%">URL</td>
        <td colspan="1" rowspan="1" width="80%">
          <a shape="rect" href="https://todo.ly/Scripts/jquery.cookie.js">https://todo.ly/Scripts/jquery.cookie.js</a>
        </td>
      </tr>
      <tr>
        <td colspan="1" rowspan="1" class="indent2" width="20%">Método</td>
        <td colspan="1" rowspan="1" width="80%">GET</td>
      </tr>
      <tr>
        <td colspan="1" rowspan="1" class="indent2" width="20%">Parámetros</td>
        <td colspan="1" rowspan="1" width="80%"/>
      </tr>
      <tr>
        <td colspan="1" rowspan="1" class="indent2" width="20%">Ataque</td>
        <td colspan="1" rowspan="1" width="80%"/>
      </tr>
      <tr>
        <td colspan="1" rowspan="1" class="indent2" width="20%">Evidencia</td>
        <td colspan="1" rowspan="1" width="80%">X-Powered-By: ASP.NET</td>
      </tr>
      <tr>
        <td colspan="1" rowspan="1" class="indent2" width="20%">Other Info</td>
        <td colspan="1" rowspan="1" width="80%"/>
      </tr>
      <tr>
        <td colspan="1" rowspan="1" class="indent1" width="20%">URL</td>
        <td colspan="1" rowspan="1" width="80%">
          <a shape="rect" href="https://todo.ly/Scripts/jquery.dropshadow.js">https://todo.ly/Scripts/jquery.dropshadow.js</a>
        </td>
      </tr>
      <tr>
        <td colspan="1" rowspan="1" class="indent2" width="20%">Método</td>
        <td colspan="1" rowspan="1" width="80%">GET</td>
      </tr>
      <tr>
        <td colspan="1" rowspan="1" class="indent2" width="20%">Parámetros</td>
        <td colspan="1" rowspan="1" width="80%"/>
      </tr>
      <tr>
        <td colspan="1" rowspan="1" class="indent2" width="20%">Ataque</td>
        <td colspan="1" rowspan="1" width="80%"/>
      </tr>
      <tr>
        <td colspan="1" rowspan="1" class="indent2" width="20%">Evidencia</td>
        <td colspan="1" rowspan="1" width="80%">X-Powered-By: ASP.NET</td>
      </tr>
      <tr>
        <td colspan="1" rowspan="1" class="indent2" width="20%">Other Info</td>
        <td colspan="1" rowspan="1" width="80%"/>
      </tr>
      <tr>
        <td colspan="1" rowspan="1" class="indent1" width="20%">URL</td>
        <td colspan="1" rowspan="1" width="80%">
          <a shape="rect" href="https://todo.ly/Scripts/jquery.fancybox-1.3.1.pack.js">https://todo.ly/Scripts/jquery.fancybox-1.3.1.pack.js</a>
        </td>
      </tr>
      <tr>
        <td colspan="1" rowspan="1" class="indent2" width="20%">Método</td>
        <td colspan="1" rowspan="1" width="80%">GET</td>
      </tr>
      <tr>
        <td colspan="1" rowspan="1" class="indent2" width="20%">Parámetros</td>
        <td colspan="1" rowspan="1" width="80%"/>
      </tr>
      <tr>
        <td colspan="1" rowspan="1" class="indent2" width="20%">Ataque</td>
        <td colspan="1" rowspan="1" width="80%"/>
      </tr>
      <tr>
        <td colspan="1" rowspan="1" class="indent2" width="20%">Evidencia</td>
        <td colspan="1" rowspan="1" width="80%">X-Powered-By: ASP.NET</td>
      </tr>
      <tr>
        <td colspan="1" rowspan="1" class="indent2" width="20%">Other Info</td>
        <td colspan="1" rowspan="1" width="80%"/>
      </tr>
      <tr>
        <td colspan="1" rowspan="1" class="indent1" width="20%">URL</td>
        <td colspan="1" rowspan="1" width="80%">
          <a shape="rect" href="https://todo.ly/Scripts/jquery.json-2.2.min.js">https://todo.ly/Scripts/jquery.json-2.2.min.js</a>
        </td>
      </tr>
      <tr>
        <td colspan="1" rowspan="1" class="indent2" width="20%">Método</td>
        <td colspan="1" rowspan="1" width="80%">GET</td>
      </tr>
      <tr>
        <td colspan="1" rowspan="1" class="indent2" width="20%">Parámetros</td>
        <td colspan="1" rowspan="1" width="80%"/>
      </tr>
      <tr>
        <td colspan="1" rowspan="1" class="indent2" width="20%">Ataque</td>
        <td colspan="1" rowspan="1" width="80%"/>
      </tr>
      <tr>
        <td colspan="1" rowspan="1" class="indent2" width="20%">Evidencia</td>
        <td colspan="1" rowspan="1" width="80%">X-Powered-By: ASP.NET</td>
      </tr>
      <tr>
        <td colspan="1" rowspan="1" class="indent2" width="20%">Other Info</td>
        <td colspan="1" rowspan="1" width="80%"/>
      </tr>
      <tr>
        <td colspan="1" rowspan="1" class="indent1" width="20%">URL</td>
        <td colspan="1" rowspan="1" width="80%">
          <a shape="rect" href="https://todo.ly/Scripts/jquery.popupWindow.js">https://todo.ly/Scripts/jquery.popupWindow.js</a>
        </td>
      </tr>
      <tr>
        <td colspan="1" rowspan="1" class="indent2" width="20%">Método</td>
        <td colspan="1" rowspan="1" width="80%">GET</td>
      </tr>
      <tr>
        <td colspan="1" rowspan="1" class="indent2" width="20%">Parámetros</td>
        <td colspan="1" rowspan="1" width="80%"/>
      </tr>
      <tr>
        <td colspan="1" rowspan="1" class="indent2" width="20%">Ataque</td>
        <td colspan="1" rowspan="1" width="80%"/>
      </tr>
      <tr>
        <td colspan="1" rowspan="1" class="indent2" width="20%">Evidencia</td>
        <td colspan="1" rowspan="1" width="80%">X-Powered-By: ASP.NET</td>
      </tr>
      <tr>
        <td colspan="1" rowspan="1" class="indent2" width="20%">Other Info</td>
        <td colspan="1" rowspan="1" width="80%"/>
      </tr>
      <tr>
        <td colspan="1" rowspan="1" class="indent1" width="20%">URL</td>
        <td colspan="1" rowspan="1" width="80%">
          <a shape="rect" href="https://todo.ly/Scripts/jquery.printElement.js">https://todo.ly/Scripts/jquery.printElement.js</a>
        </td>
      </tr>
      <tr>
        <td colspan="1" rowspan="1" class="indent2" width="20%">Método</td>
        <td colspan="1" rowspan="1" width="80%">GET</td>
      </tr>
      <tr>
        <td colspan="1" rowspan="1" class="indent2" width="20%">Parámetros</td>
        <td colspan="1" rowspan="1" width="80%"/>
      </tr>
      <tr>
        <td colspan="1" rowspan="1" class="indent2" width="20%">Ataque</td>
        <td colspan="1" rowspan="1" width="80%"/>
      </tr>
      <tr>
        <td colspan="1" rowspan="1" class="indent2" width="20%">Evidencia</td>
        <td colspan="1" rowspan="1" width="80%">X-Powered-By: ASP.NET</td>
      </tr>
      <tr>
        <td colspan="1" rowspan="1" class="indent2" width="20%">Other Info</td>
        <td colspan="1" rowspan="1" width="80%"/>
      </tr>
      <tr>
        <td colspan="1" rowspan="1" class="indent1" width="20%">URL</td>
        <td colspan="1" rowspan="1" width="80%">
          <a shape="rect" href="https://todo.ly/Scripts/jquery.watermark.min.js">https://todo.ly/Scripts/jquery.watermark.min.js</a>
        </td>
      </tr>
      <tr>
        <td colspan="1" rowspan="1" class="indent2" width="20%">Método</td>
        <td colspan="1" rowspan="1" width="80%">GET</td>
      </tr>
      <tr>
        <td colspan="1" rowspan="1" class="indent2" width="20%">Parámetros</td>
        <td colspan="1" rowspan="1" width="80%"/>
      </tr>
      <tr>
        <td colspan="1" rowspan="1" class="indent2" width="20%">Ataque</td>
        <td colspan="1" rowspan="1" width="80%"/>
      </tr>
      <tr>
        <td colspan="1" rowspan="1" class="indent2" width="20%">Evidencia</td>
        <td colspan="1" rowspan="1" width="80%">X-Powered-By: ASP.NET</td>
      </tr>
      <tr>
        <td colspan="1" rowspan="1" class="indent2" width="20%">Other Info</td>
        <td colspan="1" rowspan="1" width="80%"/>
      </tr>
      <tr>
        <td colspan="1" rowspan="1" class="indent1" width="20%">URL</td>
        <td colspan="1" rowspan="1" width="80%">
          <a shape="rect" href="https://todo.ly/Scripts/json2.js">https://todo.ly/Scripts/json2.js</a>
        </td>
      </tr>
      <tr>
        <td colspan="1" rowspan="1" class="indent2" width="20%">Método</td>
        <td colspan="1" rowspan="1" width="80%">GET</td>
      </tr>
      <tr>
        <td colspan="1" rowspan="1" class="indent2" width="20%">Parámetros</td>
        <td colspan="1" rowspan="1" width="80%"/>
      </tr>
      <tr>
        <td colspan="1" rowspan="1" class="indent2" width="20%">Ataque</td>
        <td colspan="1" rowspan="1" width="80%"/>
      </tr>
      <tr>
        <td colspan="1" rowspan="1" class="indent2" width="20%">Evidencia</td>
        <td colspan="1" rowspan="1" width="80%">X-Powered-By: ASP.NET</td>
      </tr>
      <tr>
        <td colspan="1" rowspan="1" class="indent2" width="20%">Other Info</td>
        <td colspan="1" rowspan="1" width="80%"/>
      </tr>
      <tr>
        <td colspan="1" rowspan="1" class="indent1" width="20%">URL</td>
        <td colspan="1" rowspan="1" width="80%">
          <a shape="rect" href="https://todo.ly/Scripts/jstz-1.0.4.min.js">https://todo.ly/Scripts/jstz-1.0.4.min.js</a>
        </td>
      </tr>
      <tr>
        <td colspan="1" rowspan="1" class="indent2" width="20%">Método</td>
        <td colspan="1" rowspan="1" width="80%">GET</td>
      </tr>
      <tr>
        <td colspan="1" rowspan="1" class="indent2" width="20%">Parámetros</td>
        <td colspan="1" rowspan="1" width="80%"/>
      </tr>
      <tr>
        <td colspan="1" rowspan="1" class="indent2" width="20%">Ataque</td>
        <td colspan="1" rowspan="1" width="80%"/>
      </tr>
      <tr>
        <td colspan="1" rowspan="1" class="indent2" width="20%">Evidencia</td>
        <td colspan="1" rowspan="1" width="80%">X-Powered-By: ASP.NET</td>
      </tr>
      <tr>
        <td colspan="1" rowspan="1" class="indent2" width="20%">Other Info</td>
        <td colspan="1" rowspan="1" width="80%"/>
      </tr>
      <tr>
        <td colspan="1" rowspan="1" class="indent1" width="20%">URL</td>
        <td colspan="1" rowspan="1" width="80%">
          <a shape="rect" href="https://todo.ly/Scripts/nicEdit.js">https://todo.ly/Scripts/nicEdit.js</a>
        </td>
      </tr>
      <tr>
        <td colspan="1" rowspan="1" class="indent2" width="20%">Método</td>
        <td colspan="1" rowspan="1" width="80%">GET</td>
      </tr>
      <tr>
        <td colspan="1" rowspan="1" class="indent2" width="20%">Parámetros</td>
        <td colspan="1" rowspan="1" width="80%"/>
      </tr>
      <tr>
        <td colspan="1" rowspan="1" class="indent2" width="20%">Ataque</td>
        <td colspan="1" rowspan="1" width="80%"/>
      </tr>
      <tr>
        <td colspan="1" rowspan="1" class="indent2" width="20%">Evidencia</td>
        <td colspan="1" rowspan="1" width="80%">X-Powered-By: ASP.NET</td>
      </tr>
      <tr>
        <td colspan="1" rowspan="1" class="indent2" width="20%">Other Info</td>
        <td colspan="1" rowspan="1" width="80%"/>
      </tr>
      <tr>
        <td colspan="1" rowspan="1" class="indent1" width="20%">URL</td>
        <td colspan="1" rowspan="1" width="80%">
          <a shape="rect" href="https://todo.ly/Scripts/todoly-c11.js">https://todo.ly/Scripts/todoly-c11.js</a>
        </td>
      </tr>
      <tr>
        <td colspan="1" rowspan="1" class="indent2" width="20%">Método</td>
        <td colspan="1" rowspan="1" width="80%">GET</td>
      </tr>
      <tr>
        <td colspan="1" rowspan="1" class="indent2" width="20%">Parámetros</td>
        <td colspan="1" rowspan="1" width="80%"/>
      </tr>
      <tr>
        <td colspan="1" rowspan="1" class="indent2" width="20%">Ataque</td>
        <td colspan="1" rowspan="1" width="80%"/>
      </tr>
      <tr>
        <td colspan="1" rowspan="1" class="indent2" width="20%">Evidencia</td>
        <td colspan="1" rowspan="1" width="80%">X-Powered-By: ASP.NET</td>
      </tr>
      <tr>
        <td colspan="1" rowspan="1" class="indent2" width="20%">Other Info</td>
        <td colspan="1" rowspan="1" width="80%"/>
      </tr>
      <tr>
        <td colspan="1" rowspan="1" class="indent1" width="20%">URL</td>
        <td colspan="1" rowspan="1" width="80%">
          <a shape="rect" href="https://todo.ly/Style/blue3/jquery-ui-1.8.13.custom.css?v=6">https://todo.ly/Style/blue3/jquery-ui-1.8.13.custom.css?v=6</a>
        </td>
      </tr>
      <tr>
        <td colspan="1" rowspan="1" class="indent2" width="20%">Método</td>
        <td colspan="1" rowspan="1" width="80%">GET</td>
      </tr>
      <tr>
        <td colspan="1" rowspan="1" class="indent2" width="20%">Parámetros</td>
        <td colspan="1" rowspan="1" width="80%"/>
      </tr>
      <tr>
        <td colspan="1" rowspan="1" class="indent2" width="20%">Ataque</td>
        <td colspan="1" rowspan="1" width="80%"/>
      </tr>
      <tr>
        <td colspan="1" rowspan="1" class="indent2" width="20%">Evidencia</td>
        <td colspan="1" rowspan="1" width="80%">X-Powered-By: ASP.NET</td>
      </tr>
      <tr>
        <td colspan="1" rowspan="1" class="indent2" width="20%">Other Info</td>
        <td colspan="1" rowspan="1" width="80%"/>
      </tr>
      <tr>
        <td colspan="1" rowspan="1" class="indent1" width="20%">URL</td>
        <td colspan="1" rowspan="1" width="80%">
          <a shape="rect" href="https://todo.ly/Style/jquery.contextMenu.css">https://todo.ly/Style/jquery.contextMenu.css</a>
        </td>
      </tr>
      <tr>
        <td colspan="1" rowspan="1" class="indent2" width="20%">Método</td>
        <td colspan="1" rowspan="1" width="80%">GET</td>
      </tr>
      <tr>
        <td colspan="1" rowspan="1" class="indent2" width="20%">Parámetros</td>
        <td colspan="1" rowspan="1" width="80%"/>
      </tr>
      <tr>
        <td colspan="1" rowspan="1" class="indent2" width="20%">Ataque</td>
        <td colspan="1" rowspan="1" width="80%"/>
      </tr>
      <tr>
        <td colspan="1" rowspan="1" class="indent2" width="20%">Evidencia</td>
        <td colspan="1" rowspan="1" width="80%">X-Powered-By: ASP.NET</td>
      </tr>
      <tr>
        <td colspan="1" rowspan="1" class="indent2" width="20%">Other Info</td>
        <td colspan="1" rowspan="1" width="80%"/>
      </tr>
      <tr>
        <td colspan="1" rowspan="1" class="indent1" width="20%">URL</td>
        <td colspan="1" rowspan="1" width="80%">
          <a shape="rect" href="https://todo.ly/Style/jquery.fancybox-1.3.1.css">https://todo.ly/Style/jquery.fancybox-1.3.1.css</a>
        </td>
      </tr>
      <tr>
        <td colspan="1" rowspan="1" class="indent2" width="20%">Método</td>
        <td colspan="1" rowspan="1" width="80%">GET</td>
      </tr>
      <tr>
        <td colspan="1" rowspan="1" class="indent2" width="20%">Parámetros</td>
        <td colspan="1" rowspan="1" width="80%"/>
      </tr>
      <tr>
        <td colspan="1" rowspan="1" class="indent2" width="20%">Ataque</td>
        <td colspan="1" rowspan="1" width="80%"/>
      </tr>
      <tr>
        <td colspan="1" rowspan="1" class="indent2" width="20%">Evidencia</td>
        <td colspan="1" rowspan="1" width="80%">X-Powered-By: ASP.NET</td>
      </tr>
      <tr>
        <td colspan="1" rowspan="1" class="indent2" width="20%">Other Info</td>
        <td colspan="1" rowspan="1" width="80%"/>
      </tr>
      <tr>
        <td colspan="1" rowspan="1" class="indent1" width="20%">URL</td>
        <td colspan="1" rowspan="1" width="80%">
          <a shape="rect" href="https://todo.ly/Style/StyleSheet.css?v=20131002">https://todo.ly/Style/StyleSheet.css?v=20131002</a>
        </td>
      </tr>
      <tr>
        <td colspan="1" rowspan="1" class="indent2" width="20%">Método</td>
        <td colspan="1" rowspan="1" width="80%">GET</td>
      </tr>
      <tr>
        <td colspan="1" rowspan="1" class="indent2" width="20%">Parámetros</td>
        <td colspan="1" rowspan="1" width="80%"/>
      </tr>
      <tr>
        <td colspan="1" rowspan="1" class="indent2" width="20%">Ataque</td>
        <td colspan="1" rowspan="1" width="80%"/>
      </tr>
      <tr>
        <td colspan="1" rowspan="1" class="indent2" width="20%">Evidencia</td>
        <td colspan="1" rowspan="1" width="80%">X-Powered-By: ASP.NET</td>
      </tr>
      <tr>
        <td colspan="1" rowspan="1" class="indent2" width="20%">Other Info</td>
        <td colspan="1" rowspan="1" width="80%"/>
      </tr>
      <tr>
        <td colspan="1" rowspan="1" class="indent1" width="20%">URL</td>
        <td colspan="1" rowspan="1" width="80%">
          <a shape="rect" href="https://todo.ly/Style/TextStyle11.css">https://todo.ly/Style/TextStyle11.css</a>
        </td>
      </tr>
      <tr>
        <td colspan="1" rowspan="1" class="indent2" width="20%">Método</td>
        <td colspan="1" rowspan="1" width="80%">GET</td>
      </tr>
      <tr>
        <td colspan="1" rowspan="1" class="indent2" width="20%">Parámetros</td>
        <td colspan="1" rowspan="1" width="80%"/>
      </tr>
      <tr>
        <td colspan="1" rowspan="1" class="indent2" width="20%">Ataque</td>
        <td colspan="1" rowspan="1" width="80%"/>
      </tr>
      <tr>
        <td colspan="1" rowspan="1" class="indent2" width="20%">Evidencia</td>
        <td colspan="1" rowspan="1" width="80%">X-Powered-By: ASP.NET</td>
      </tr>
      <tr>
        <td colspan="1" rowspan="1" class="indent2" width="20%">Other Info</td>
        <td colspan="1" rowspan="1" width="80%"/>
      </tr>
      <tr>
        <td colspan="1" rowspan="1" class="indent1" width="20%">URL</td>
        <td colspan="1" rowspan="1" width="80%">
          <a shape="rect" href="https://todo.ly/WebResource.axd?d=NdZLQA9U0ugIk764rCig6lJbCWyp5Dac9aZIs7GtY8ZiVf0oq-m6rKl1e78G9uN3K2ftzj7odKCDwsZv6u8HI4IZGQM1&amp;t=637110248437816177">https://todo.ly/WebResource.axd?d=NdZLQA9U0ugIk764rCig6lJbCWyp5Dac9aZIs7GtY8ZiVf0oq-m6rKl1e78G9uN3K2ftzj7odKCDwsZv6u8HI4IZGQM1&amp;t=637110248437816177</a>
        </td>
      </tr>
      <tr>
        <td colspan="1" rowspan="1" class="indent2" width="20%">Método</td>
        <td colspan="1" rowspan="1" width="80%">GET</td>
      </tr>
      <tr>
        <td colspan="1" rowspan="1" class="indent2" width="20%">Parámetros</td>
        <td colspan="1" rowspan="1" width="80%"/>
      </tr>
      <tr>
        <td colspan="1" rowspan="1" class="indent2" width="20%">Ataque</td>
        <td colspan="1" rowspan="1" width="80%"/>
      </tr>
      <tr>
        <td colspan="1" rowspan="1" class="indent2" width="20%">Evidencia</td>
        <td colspan="1" rowspan="1" width="80%">X-Powered-By: ASP.NET</td>
      </tr>
      <tr>
        <td colspan="1" rowspan="1" class="indent2" width="20%">Other Info</td>
        <td colspan="1" rowspan="1" width="80%"/>
      </tr>
      <tr>
        <td colspan="1" rowspan="1" class="indent1" width="20%">URL</td>
        <td colspan="1" rowspan="1" width="80%">
          <a shape="rect" href="https://todo.ly/">https://todo.ly/</a>
        </td>
      </tr>
      <tr>
        <td colspan="1" rowspan="1" class="indent2" width="20%">Método</td>
        <td colspan="1" rowspan="1" width="80%">POST</td>
      </tr>
      <tr>
        <td colspan="1" rowspan="1" class="indent2" width="20%">Parámetros</td>
        <td colspan="1" rowspan="1" width="80%"/>
      </tr>
      <tr>
        <td colspan="1" rowspan="1" class="indent2" width="20%">Ataque</td>
        <td colspan="1" rowspan="1" width="80%"/>
      </tr>
      <tr>
        <td colspan="1" rowspan="1" class="indent2" width="20%">Evidencia</td>
        <td colspan="1" rowspan="1" width="80%">X-Powered-By: ASP.NET</td>
      </tr>
      <tr>
        <td colspan="1" rowspan="1" class="indent2" width="20%">Other Info</td>
        <td colspan="1" rowspan="1" width="80%"/>
      </tr>
      <tr>
        <td colspan="1" rowspan="1" width="20%">Instancia</td>
        <td colspan="1" rowspan="1" width="80%">27</td>
      </tr>
      <tr>
        <td colspan="1" rowspan="1" width="20%">Solución</td>
        <td colspan="1" rowspan="1" width="80%">
          <div>Asegúrese que su servidor web, servidor de aplicación, equilibrador de carga, etc. está configurado para suprimir encabezados ''''X-Powered-By".</div>
        </td>
      </tr>
      <tr>
        <td colspan="1" rowspan="1" width="20%">Referencia</td>
        <td colspan="1" rowspan="1" width="80%">
          <a shape="rect" href="https://owasp.org/www-project-web-security-testing-guide/v42/4-Web_Application_Security_Testing/01-Information_Gathering/08-Fingerprint_Web_Application_Framework">https://owasp.org/www-project-web-security-testing-guide/v42/4-Web_Application_Security_Testing/01-Information_Gathering/08-Fingerprint_Web_Application_Framework</a>
          <br clear="none"/>
          <a shape="rect" href="https://www.troyhunt.com/2012/02/shhh-dont-let-your-response-headers.html">https://www.troyhunt.com/2012/02/shhh-dont-let-your-response-headers.html</a>
        </td>
      </tr>
      <tr>
        <td colspan="1" rowspan="1" width="20%">CWE Id</td>
        <td colspan="1" rowspan="1" width="80%">
          <a shape="rect" href="https://cwe.mitre.org/data/definitions/200.html">200</a>
        </td>
      </tr>
      <tr>
        <td colspan="1" rowspan="1" width="20%">WASC Id</td>
        <td colspan="1" rowspan="1" width="80%">13</td>
      </tr>
      <tr>
        <td colspan="1" rowspan="1" width="20%">Plugin Id</td>
        <td colspan="1" rowspan="1" width="80%">
          <a shape="rect" href="https://www.zaproxy.org/docs/alerts/10037/">10037</a>
        </td>
      </tr>
    </table>
    <div class="spacer"/>
    <table class="results">
      <tr height="24">
        <th colspan="1" rowspan="1" class="risk-1" width="20%">
          <a shape="rect" id="2"/>
          <div>Bajo</div>
        </th>
        <th colspan="1" rowspan="1" class="risk-1">Private IP Disclosure</th>
      </tr>
      <tr>
        <td colspan="1" rowspan="1" width="20%">Descripción</td>
        <td colspan="1" rowspan="1" width="80%">
          <div>A private IP (such as 10.x.x.x, 172.x.x.x, 192.168.x.x) or an Amazon EC2 private hostname (for example, ip-10-0-56-78) has been found in the HTTP response body. This information might be helpful for further attacks targeting internal systems.</div>
        </td>
      </tr>
      <tr valign="top">
        <td colspan="2" rowspan="1"/>
      </tr>
      <tr>
        <td colspan="1" rowspan="1" class="indent1" width="20%">URL</td>
        <td colspan="1" rowspan="1" width="80%">
          <a shape="rect" href="https://demo.owasp-juice.shop/rest/admin/application-configuration">https://demo.owasp-juice.shop/rest/admin/application-configuration</a>
        </td>
      </tr>
      <tr>
        <td colspan="1" rowspan="1" class="indent2" width="20%">Método</td>
        <td colspan="1" rowspan="1" width="80%">GET</td>
      </tr>
      <tr>
        <td colspan="1" rowspan="1" class="indent2" width="20%">Parámetros</td>
        <td colspan="1" rowspan="1" width="80%"/>
      </tr>
      <tr>
        <td colspan="1" rowspan="1" class="indent2" width="20%">Ataque</td>
        <td colspan="1" rowspan="1" width="80%"/>
      </tr>
      <tr>
        <td colspan="1" rowspan="1" class="indent2" width="20%">Evidencia</td>
        <td colspan="1" rowspan="1" width="80%">192.168.99.100:3000</td>
      </tr>
      <tr>
        <td colspan="1" rowspan="1" class="indent2" width="20%">Other Info</td>
        <td colspan="1" rowspan="1" width="80%">192.168.99.100:3000
192.168.99.100:4200
</td>
      </tr>
      <tr>
        <td colspan="1" rowspan="1" width="20%">Instancia</td>
        <td colspan="1" rowspan="1" width="80%">1</td>
      </tr>
      <tr>
        <td colspan="1" rowspan="1" width="20%">Solución</td>
        <td colspan="1" rowspan="1" width="80%">
          <div>Remove the private IP address from the HTTP response body.  For comments, use JSP/ASP/PHP comment instead of HTML/JavaScript comment which can be seen by client browsers.</div>
        </td>
      </tr>
      <tr>
        <td colspan="1" rowspan="1" width="20%">Referencia</td>
        <td colspan="1" rowspan="1" width="80%">
          <a shape="rect" href="https://tools.ietf.org/html/rfc1918">https://tools.ietf.org/html/rfc1918</a>
        </td>
      </tr>
      <tr>
        <td colspan="1" rowspan="1" width="20%">CWE Id</td>
        <td colspan="1" rowspan="1" width="80%">
          <a shape="rect" href="https://cwe.mitre.org/data/definitions/200.html">200</a>
        </td>
      </tr>
      <tr>
        <td colspan="1" rowspan="1" width="20%">WASC Id</td>
        <td colspan="1" rowspan="1" width="80%">13</td>
      </tr>
      <tr>
        <td colspan="1" rowspan="1" width="20%">Plugin Id</td>
        <td colspan="1" rowspan="1" width="80%">
          <a shape="rect" href="https://www.zaproxy.org/docs/alerts/2/">2</a>
        </td>
      </tr>
    </table>
    <div class="spacer"/>
    <table class="results">
      <tr height="24">
        <th colspan="1" rowspan="1" class="risk-1" width="20%">
          <a shape="rect" id="10036"/>
          <div>Bajo</div>
        </th>
        <th colspan="1" rowspan="1" class="risk-1">Server Leaks Version Information via "Server" HTTP Response Header Field</th>
      </tr>
      <tr>
        <td colspan="1" rowspan="1" width="20%">Descripción</td>
        <td colspan="1" rowspan="1" width="80%">
          <div>The web/application server is leaking version information via the "Server" HTTP response header. Access to such information may facilitate attackers identifying other vulnerabilities your web/application server is subject to.</div>
        </td>
      </tr>
      <tr valign="top">
        <td colspan="2" rowspan="1"/>
      </tr>
      <tr>
        <td colspan="1" rowspan="1" class="indent1" width="20%">URL</td>
        <td colspan="1" rowspan="1" width="80%">
          <a shape="rect" href="https://ssl.google-analytics.com/ga.js">https://ssl.google-analytics.com/ga.js</a>
        </td>
      </tr>
      <tr>
        <td colspan="1" rowspan="1" class="indent2" width="20%">Método</td>
        <td colspan="1" rowspan="1" width="80%">GET</td>
      </tr>
      <tr>
        <td colspan="1" rowspan="1" class="indent2" width="20%">Parámetros</td>
        <td colspan="1" rowspan="1" width="80%"/>
      </tr>
      <tr>
        <td colspan="1" rowspan="1" class="indent2" width="20%">Ataque</td>
        <td colspan="1" rowspan="1" width="80%"/>
      </tr>
      <tr>
        <td colspan="1" rowspan="1" class="indent2" width="20%">Evidencia</td>
        <td colspan="1" rowspan="1" width="80%">Golfe2</td>
      </tr>
      <tr>
        <td colspan="1" rowspan="1" class="indent2" width="20%">Other Info</td>
        <td colspan="1" rowspan="1" width="80%"/>
      </tr>
      <tr>
        <td colspan="1" rowspan="1" class="indent1" width="20%">URL</td>
        <td colspan="1" rowspan="1" width="80%">
          <a shape="rect" href="https://todo.ly/">https://todo.ly/</a>
        </td>
      </tr>
      <tr>
        <td colspan="1" rowspan="1" class="indent2" width="20%">Método</td>
        <td colspan="1" rowspan="1" width="80%">GET</td>
      </tr>
      <tr>
        <td colspan="1" rowspan="1" class="indent2" width="20%">Parámetros</td>
        <td colspan="1" rowspan="1" width="80%"/>
      </tr>
      <tr>
        <td colspan="1" rowspan="1" class="indent2" width="20%">Ataque</td>
        <td colspan="1" rowspan="1" width="80%"/>
      </tr>
      <tr>
        <td colspan="1" rowspan="1" class="indent2" width="20%">Evidencia</td>
        <td colspan="1" rowspan="1" width="80%">Microsoft-IIS/8.0</td>
      </tr>
      <tr>
        <td colspan="1" rowspan="1" class="indent2" width="20%">Other Info</td>
        <td colspan="1" rowspan="1" width="80%"/>
      </tr>
      <tr>
        <td colspan="1" rowspan="1" class="indent1" width="20%">URL</td>
        <td colspan="1" rowspan="1" width="80%">
          <a shape="rect" href="https://todo.ly/Images/openhand.cur">https://todo.ly/Images/openhand.cur</a>
        </td>
      </tr>
      <tr>
        <td colspan="1" rowspan="1" class="indent2" width="20%">Método</td>
        <td colspan="1" rowspan="1" width="80%">GET</td>
      </tr>
      <tr>
        <td colspan="1" rowspan="1" class="indent2" width="20%">Parámetros</td>
        <td colspan="1" rowspan="1" width="80%"/>
      </tr>
      <tr>
        <td colspan="1" rowspan="1" class="indent2" width="20%">Ataque</td>
        <td colspan="1" rowspan="1" width="80%"/>
      </tr>
      <tr>
        <td colspan="1" rowspan="1" class="indent2" width="20%">Evidencia</td>
        <td colspan="1" rowspan="1" width="80%">Microsoft-IIS/8.0</td>
      </tr>
      <tr>
        <td colspan="1" rowspan="1" class="indent2" width="20%">Other Info</td>
        <td colspan="1" rowspan="1" width="80%"/>
      </tr>
      <tr>
        <td colspan="1" rowspan="1" class="indent1" width="20%">URL</td>
        <td colspan="1" rowspan="1" width="80%">
          <a shape="rect" href="https://todo.ly/Scripts/date.js?v=4">https://todo.ly/Scripts/date.js?v=4</a>
        </td>
      </tr>
      <tr>
        <td colspan="1" rowspan="1" class="indent2" width="20%">Método</td>
        <td colspan="1" rowspan="1" width="80%">GET</td>
      </tr>
      <tr>
        <td colspan="1" rowspan="1" class="indent2" width="20%">Parámetros</td>
        <td colspan="1" rowspan="1" width="80%"/>
      </tr>
      <tr>
        <td colspan="1" rowspan="1" class="indent2" width="20%">Ataque</td>
        <td colspan="1" rowspan="1" width="80%"/>
      </tr>
      <tr>
        <td colspan="1" rowspan="1" class="indent2" width="20%">Evidencia</td>
        <td colspan="1" rowspan="1" width="80%">Microsoft-IIS/8.0</td>
      </tr>
      <tr>
        <td colspan="1" rowspan="1" class="indent2" width="20%">Other Info</td>
        <td colspan="1" rowspan="1" width="80%"/>
      </tr>
      <tr>
        <td colspan="1" rowspan="1" class="indent1" width="20%">URL</td>
        <td colspan="1" rowspan="1" width="80%">
          <a shape="rect" href="https://todo.ly/Scripts/jquery-1.7.1.min.js">https://todo.ly/Scripts/jquery-1.7.1.min.js</a>
        </td>
      </tr>
      <tr>
        <td colspan="1" rowspan="1" class="indent2" width="20%">Método</td>
        <td colspan="1" rowspan="1" width="80%">GET</td>
      </tr>
      <tr>
        <td colspan="1" rowspan="1" class="indent2" width="20%">Parámetros</td>
        <td colspan="1" rowspan="1" width="80%"/>
      </tr>
      <tr>
        <td colspan="1" rowspan="1" class="indent2" width="20%">Ataque</td>
        <td colspan="1" rowspan="1" width="80%"/>
      </tr>
      <tr>
        <td colspan="1" rowspan="1" class="indent2" width="20%">Evidencia</td>
        <td colspan="1" rowspan="1" width="80%">Microsoft-IIS/8.0</td>
      </tr>
      <tr>
        <td colspan="1" rowspan="1" class="indent2" width="20%">Other Info</td>
        <td colspan="1" rowspan="1" width="80%"/>
      </tr>
      <tr>
        <td colspan="1" rowspan="1" class="indent1" width="20%">URL</td>
        <td colspan="1" rowspan="1" width="80%">
          <a shape="rect" href="https://todo.ly/Scripts/jquery-ui-1.8.13.custom.min.js?v=6">https://todo.ly/Scripts/jquery-ui-1.8.13.custom.min.js?v=6</a>
        </td>
      </tr>
      <tr>
        <td colspan="1" rowspan="1" class="indent2" width="20%">Método</td>
        <td colspan="1" rowspan="1" width="80%">GET</td>
      </tr>
      <tr>
        <td colspan="1" rowspan="1" class="indent2" width="20%">Parámetros</td>
        <td colspan="1" rowspan="1" width="80%"/>
      </tr>
      <tr>
        <td colspan="1" rowspan="1" class="indent2" width="20%">Ataque</td>
        <td colspan="1" rowspan="1" width="80%"/>
      </tr>
      <tr>
        <td colspan="1" rowspan="1" class="indent2" width="20%">Evidencia</td>
        <td colspan="1" rowspan="1" width="80%">Microsoft-IIS/8.0</td>
      </tr>
      <tr>
        <td colspan="1" rowspan="1" class="indent2" width="20%">Other Info</td>
        <td colspan="1" rowspan="1" width="80%"/>
      </tr>
      <tr>
        <td colspan="1" rowspan="1" class="indent1" width="20%">URL</td>
        <td colspan="1" rowspan="1" width="80%">
          <a shape="rect" href="https://todo.ly/Scripts/jquery-ui-timepicker-addon.js">https://todo.ly/Scripts/jquery-ui-timepicker-addon.js</a>
        </td>
      </tr>
      <tr>
        <td colspan="1" rowspan="1" class="indent2" width="20%">Método</td>
        <td colspan="1" rowspan="1" width="80%">GET</td>
      </tr>
      <tr>
        <td colspan="1" rowspan="1" class="indent2" width="20%">Parámetros</td>
        <td colspan="1" rowspan="1" width="80%"/>
      </tr>
      <tr>
        <td colspan="1" rowspan="1" class="indent2" width="20%">Ataque</td>
        <td colspan="1" rowspan="1" width="80%"/>
      </tr>
      <tr>
        <td colspan="1" rowspan="1" class="indent2" width="20%">Evidencia</td>
        <td colspan="1" rowspan="1" width="80%">Microsoft-IIS/8.0</td>
      </tr>
      <tr>
        <td colspan="1" rowspan="1" class="indent2" width="20%">Other Info</td>
        <td colspan="1" rowspan="1" width="80%"/>
      </tr>
      <tr>
        <td colspan="1" rowspan="1" class="indent1" width="20%">URL</td>
        <td colspan="1" rowspan="1" width="80%">
          <a shape="rect" href="https://todo.ly/Scripts/jquery.autogrow-textarea.js">https://todo.ly/Scripts/jquery.autogrow-textarea.js</a>
        </td>
      </tr>
      <tr>
        <td colspan="1" rowspan="1" class="indent2" width="20%">Método</td>
        <td colspan="1" rowspan="1" width="80%">GET</td>
      </tr>
      <tr>
        <td colspan="1" rowspan="1" class="indent2" width="20%">Parámetros</td>
        <td colspan="1" rowspan="1" width="80%"/>
      </tr>
      <tr>
        <td colspan="1" rowspan="1" class="indent2" width="20%">Ataque</td>
        <td colspan="1" rowspan="1" width="80%"/>
      </tr>
      <tr>
        <td colspan="1" rowspan="1" class="indent2" width="20%">Evidencia</td>
        <td colspan="1" rowspan="1" width="80%">Microsoft-IIS/8.0</td>
      </tr>
      <tr>
        <td colspan="1" rowspan="1" class="indent2" width="20%">Other Info</td>
        <td colspan="1" rowspan="1" width="80%"/>
      </tr>
      <tr>
        <td colspan="1" rowspan="1" class="indent1" width="20%">URL</td>
        <td colspan="1" rowspan="1" width="80%">
          <a shape="rect" href="https://todo.ly/Scripts/jquery.clearableTextField.min.js">https://todo.ly/Scripts/jquery.clearableTextField.min.js</a>
        </td>
      </tr>
      <tr>
        <td colspan="1" rowspan="1" class="indent2" width="20%">Método</td>
        <td colspan="1" rowspan="1" width="80%">GET</td>
      </tr>
      <tr>
        <td colspan="1" rowspan="1" class="indent2" width="20%">Parámetros</td>
        <td colspan="1" rowspan="1" width="80%"/>
      </tr>
      <tr>
        <td colspan="1" rowspan="1" class="indent2" width="20%">Ataque</td>
        <td colspan="1" rowspan="1" width="80%"/>
      </tr>
      <tr>
        <td colspan="1" rowspan="1" class="indent2" width="20%">Evidencia</td>
        <td colspan="1" rowspan="1" width="80%">Microsoft-IIS/8.0</td>
      </tr>
      <tr>
        <td colspan="1" rowspan="1" class="indent2" width="20%">Other Info</td>
        <td colspan="1" rowspan="1" width="80%"/>
      </tr>
      <tr>
        <td colspan="1" rowspan="1" class="indent1" width="20%">URL</td>
        <td colspan="1" rowspan="1" width="80%">
          <a shape="rect" href="https://todo.ly/Scripts/jquery.contextMenu.js?v=6">https://todo.ly/Scripts/jquery.contextMenu.js?v=6</a>
        </td>
      </tr>
      <tr>
        <td colspan="1" rowspan="1" class="indent2" width="20%">Método</td>
        <td colspan="1" rowspan="1" width="80%">GET</td>
      </tr>
      <tr>
        <td colspan="1" rowspan="1" class="indent2" width="20%">Parámetros</td>
        <td colspan="1" rowspan="1" width="80%"/>
      </tr>
      <tr>
        <td colspan="1" rowspan="1" class="indent2" width="20%">Ataque</td>
        <td colspan="1" rowspan="1" width="80%"/>
      </tr>
      <tr>
        <td colspan="1" rowspan="1" class="indent2" width="20%">Evidencia</td>
        <td colspan="1" rowspan="1" width="80%">Microsoft-IIS/8.0</td>
      </tr>
      <tr>
        <td colspan="1" rowspan="1" class="indent2" width="20%">Other Info</td>
        <td colspan="1" rowspan="1" width="80%"/>
      </tr>
      <tr>
        <td colspan="1" rowspan="1" class="indent1" width="20%">URL</td>
        <td colspan="1" rowspan="1" width="80%">
          <a shape="rect" href="https://todo.ly/Scripts/jquery.cookie.js">https://todo.ly/Scripts/jquery.cookie.js</a>
        </td>
      </tr>
      <tr>
        <td colspan="1" rowspan="1" class="indent2" width="20%">Método</td>
        <td colspan="1" rowspan="1" width="80%">GET</td>
      </tr>
      <tr>
        <td colspan="1" rowspan="1" class="indent2" width="20%">Parámetros</td>
        <td colspan="1" rowspan="1" width="80%"/>
      </tr>
      <tr>
        <td colspan="1" rowspan="1" class="indent2" width="20%">Ataque</td>
        <td colspan="1" rowspan="1" width="80%"/>
      </tr>
      <tr>
        <td colspan="1" rowspan="1" class="indent2" width="20%">Evidencia</td>
        <td colspan="1" rowspan="1" width="80%">Microsoft-IIS/8.0</td>
      </tr>
      <tr>
        <td colspan="1" rowspan="1" class="indent2" width="20%">Other Info</td>
        <td colspan="1" rowspan="1" width="80%"/>
      </tr>
      <tr>
        <td colspan="1" rowspan="1" class="indent1" width="20%">URL</td>
        <td colspan="1" rowspan="1" width="80%">
          <a shape="rect" href="https://todo.ly/Scripts/jquery.dropshadow.js">https://todo.ly/Scripts/jquery.dropshadow.js</a>
        </td>
      </tr>
      <tr>
        <td colspan="1" rowspan="1" class="indent2" width="20%">Método</td>
        <td colspan="1" rowspan="1" width="80%">GET</td>
      </tr>
      <tr>
        <td colspan="1" rowspan="1" class="indent2" width="20%">Parámetros</td>
        <td colspan="1" rowspan="1" width="80%"/>
      </tr>
      <tr>
        <td colspan="1" rowspan="1" class="indent2" width="20%">Ataque</td>
        <td colspan="1" rowspan="1" width="80%"/>
      </tr>
      <tr>
        <td colspan="1" rowspan="1" class="indent2" width="20%">Evidencia</td>
        <td colspan="1" rowspan="1" width="80%">Microsoft-IIS/8.0</td>
      </tr>
      <tr>
        <td colspan="1" rowspan="1" class="indent2" width="20%">Other Info</td>
        <td colspan="1" rowspan="1" width="80%"/>
      </tr>
      <tr>
        <td colspan="1" rowspan="1" class="indent1" width="20%">URL</td>
        <td colspan="1" rowspan="1" width="80%">
          <a shape="rect" href="https://todo.ly/Scripts/jquery.fancybox-1.3.1.pack.js">https://todo.ly/Scripts/jquery.fancybox-1.3.1.pack.js</a>
        </td>
      </tr>
      <tr>
        <td colspan="1" rowspan="1" class="indent2" width="20%">Método</td>
        <td colspan="1" rowspan="1" width="80%">GET</td>
      </tr>
      <tr>
        <td colspan="1" rowspan="1" class="indent2" width="20%">Parámetros</td>
        <td colspan="1" rowspan="1" width="80%"/>
      </tr>
      <tr>
        <td colspan="1" rowspan="1" class="indent2" width="20%">Ataque</td>
        <td colspan="1" rowspan="1" width="80%"/>
      </tr>
      <tr>
        <td colspan="1" rowspan="1" class="indent2" width="20%">Evidencia</td>
        <td colspan="1" rowspan="1" width="80%">Microsoft-IIS/8.0</td>
      </tr>
      <tr>
        <td colspan="1" rowspan="1" class="indent2" width="20%">Other Info</td>
        <td colspan="1" rowspan="1" width="80%"/>
      </tr>
      <tr>
        <td colspan="1" rowspan="1" class="indent1" width="20%">URL</td>
        <td colspan="1" rowspan="1" width="80%">
          <a shape="rect" href="https://todo.ly/Scripts/jquery.json-2.2.min.js">https://todo.ly/Scripts/jquery.json-2.2.min.js</a>
        </td>
      </tr>
      <tr>
        <td colspan="1" rowspan="1" class="indent2" width="20%">Método</td>
        <td colspan="1" rowspan="1" width="80%">GET</td>
      </tr>
      <tr>
        <td colspan="1" rowspan="1" class="indent2" width="20%">Parámetros</td>
        <td colspan="1" rowspan="1" width="80%"/>
      </tr>
      <tr>
        <td colspan="1" rowspan="1" class="indent2" width="20%">Ataque</td>
        <td colspan="1" rowspan="1" width="80%"/>
      </tr>
      <tr>
        <td colspan="1" rowspan="1" class="indent2" width="20%">Evidencia</td>
        <td colspan="1" rowspan="1" width="80%">Microsoft-IIS/8.0</td>
      </tr>
      <tr>
        <td colspan="1" rowspan="1" class="indent2" width="20%">Other Info</td>
        <td colspan="1" rowspan="1" width="80%"/>
      </tr>
      <tr>
        <td colspan="1" rowspan="1" class="indent1" width="20%">URL</td>
        <td colspan="1" rowspan="1" width="80%">
          <a shape="rect" href="https://todo.ly/Scripts/jquery.popupWindow.js">https://todo.ly/Scripts/jquery.popupWindow.js</a>
        </td>
      </tr>
      <tr>
        <td colspan="1" rowspan="1" class="indent2" width="20%">Método</td>
        <td colspan="1" rowspan="1" width="80%">GET</td>
      </tr>
      <tr>
        <td colspan="1" rowspan="1" class="indent2" width="20%">Parámetros</td>
        <td colspan="1" rowspan="1" width="80%"/>
      </tr>
      <tr>
        <td colspan="1" rowspan="1" class="indent2" width="20%">Ataque</td>
        <td colspan="1" rowspan="1" width="80%"/>
      </tr>
      <tr>
        <td colspan="1" rowspan="1" class="indent2" width="20%">Evidencia</td>
        <td colspan="1" rowspan="1" width="80%">Microsoft-IIS/8.0</td>
      </tr>
      <tr>
        <td colspan="1" rowspan="1" class="indent2" width="20%">Other Info</td>
        <td colspan="1" rowspan="1" width="80%"/>
      </tr>
      <tr>
        <td colspan="1" rowspan="1" class="indent1" width="20%">URL</td>
        <td colspan="1" rowspan="1" width="80%">
          <a shape="rect" href="https://todo.ly/Scripts/jquery.printElement.js">https://todo.ly/Scripts/jquery.printElement.js</a>
        </td>
      </tr>
      <tr>
        <td colspan="1" rowspan="1" class="indent2" width="20%">Método</td>
        <td colspan="1" rowspan="1" width="80%">GET</td>
      </tr>
      <tr>
        <td colspan="1" rowspan="1" class="indent2" width="20%">Parámetros</td>
        <td colspan="1" rowspan="1" width="80%"/>
      </tr>
      <tr>
        <td colspan="1" rowspan="1" class="indent2" width="20%">Ataque</td>
        <td colspan="1" rowspan="1" width="80%"/>
      </tr>
      <tr>
        <td colspan="1" rowspan="1" class="indent2" width="20%">Evidencia</td>
        <td colspan="1" rowspan="1" width="80%">Microsoft-IIS/8.0</td>
      </tr>
      <tr>
        <td colspan="1" rowspan="1" class="indent2" width="20%">Other Info</td>
        <td colspan="1" rowspan="1" width="80%"/>
      </tr>
      <tr>
        <td colspan="1" rowspan="1" class="indent1" width="20%">URL</td>
        <td colspan="1" rowspan="1" width="80%">
          <a shape="rect" href="https://todo.ly/Scripts/jquery.watermark.min.js">https://todo.ly/Scripts/jquery.watermark.min.js</a>
        </td>
      </tr>
      <tr>
        <td colspan="1" rowspan="1" class="indent2" width="20%">Método</td>
        <td colspan="1" rowspan="1" width="80%">GET</td>
      </tr>
      <tr>
        <td colspan="1" rowspan="1" class="indent2" width="20%">Parámetros</td>
        <td colspan="1" rowspan="1" width="80%"/>
      </tr>
      <tr>
        <td colspan="1" rowspan="1" class="indent2" width="20%">Ataque</td>
        <td colspan="1" rowspan="1" width="80%"/>
      </tr>
      <tr>
        <td colspan="1" rowspan="1" class="indent2" width="20%">Evidencia</td>
        <td colspan="1" rowspan="1" width="80%">Microsoft-IIS/8.0</td>
      </tr>
      <tr>
        <td colspan="1" rowspan="1" class="indent2" width="20%">Other Info</td>
        <td colspan="1" rowspan="1" width="80%"/>
      </tr>
      <tr>
        <td colspan="1" rowspan="1" class="indent1" width="20%">URL</td>
        <td colspan="1" rowspan="1" width="80%">
          <a shape="rect" href="https://todo.ly/Scripts/json2.js">https://todo.ly/Scripts/json2.js</a>
        </td>
      </tr>
      <tr>
        <td colspan="1" rowspan="1" class="indent2" width="20%">Método</td>
        <td colspan="1" rowspan="1" width="80%">GET</td>
      </tr>
      <tr>
        <td colspan="1" rowspan="1" class="indent2" width="20%">Parámetros</td>
        <td colspan="1" rowspan="1" width="80%"/>
      </tr>
      <tr>
        <td colspan="1" rowspan="1" class="indent2" width="20%">Ataque</td>
        <td colspan="1" rowspan="1" width="80%"/>
      </tr>
      <tr>
        <td colspan="1" rowspan="1" class="indent2" width="20%">Evidencia</td>
        <td colspan="1" rowspan="1" width="80%">Microsoft-IIS/8.0</td>
      </tr>
      <tr>
        <td colspan="1" rowspan="1" class="indent2" width="20%">Other Info</td>
        <td colspan="1" rowspan="1" width="80%"/>
      </tr>
      <tr>
        <td colspan="1" rowspan="1" class="indent1" width="20%">URL</td>
        <td colspan="1" rowspan="1" width="80%">
          <a shape="rect" href="https://todo.ly/Scripts/jstz-1.0.4.min.js">https://todo.ly/Scripts/jstz-1.0.4.min.js</a>
        </td>
      </tr>
      <tr>
        <td colspan="1" rowspan="1" class="indent2" width="20%">Método</td>
        <td colspan="1" rowspan="1" width="80%">GET</td>
      </tr>
      <tr>
        <td colspan="1" rowspan="1" class="indent2" width="20%">Parámetros</td>
        <td colspan="1" rowspan="1" width="80%"/>
      </tr>
      <tr>
        <td colspan="1" rowspan="1" class="indent2" width="20%">Ataque</td>
        <td colspan="1" rowspan="1" width="80%"/>
      </tr>
      <tr>
        <td colspan="1" rowspan="1" class="indent2" width="20%">Evidencia</td>
        <td colspan="1" rowspan="1" width="80%">Microsoft-IIS/8.0</td>
      </tr>
      <tr>
        <td colspan="1" rowspan="1" class="indent2" width="20%">Other Info</td>
        <td colspan="1" rowspan="1" width="80%"/>
      </tr>
      <tr>
        <td colspan="1" rowspan="1" class="indent1" width="20%">URL</td>
        <td colspan="1" rowspan="1" width="80%">
          <a shape="rect" href="https://todo.ly/Scripts/nicEdit.js">https://todo.ly/Scripts/nicEdit.js</a>
        </td>
      </tr>
      <tr>
        <td colspan="1" rowspan="1" class="indent2" width="20%">Método</td>
        <td colspan="1" rowspan="1" width="80%">GET</td>
      </tr>
      <tr>
        <td colspan="1" rowspan="1" class="indent2" width="20%">Parámetros</td>
        <td colspan="1" rowspan="1" width="80%"/>
      </tr>
      <tr>
        <td colspan="1" rowspan="1" class="indent2" width="20%">Ataque</td>
        <td colspan="1" rowspan="1" width="80%"/>
      </tr>
      <tr>
        <td colspan="1" rowspan="1" class="indent2" width="20%">Evidencia</td>
        <td colspan="1" rowspan="1" width="80%">Microsoft-IIS/8.0</td>
      </tr>
      <tr>
        <td colspan="1" rowspan="1" class="indent2" width="20%">Other Info</td>
        <td colspan="1" rowspan="1" width="80%"/>
      </tr>
      <tr>
        <td colspan="1" rowspan="1" class="indent1" width="20%">URL</td>
        <td colspan="1" rowspan="1" width="80%">
          <a shape="rect" href="https://todo.ly/Scripts/todoly-c11.js">https://todo.ly/Scripts/todoly-c11.js</a>
        </td>
      </tr>
      <tr>
        <td colspan="1" rowspan="1" class="indent2" width="20%">Método</td>
        <td colspan="1" rowspan="1" width="80%">GET</td>
      </tr>
      <tr>
        <td colspan="1" rowspan="1" class="indent2" width="20%">Parámetros</td>
        <td colspan="1" rowspan="1" width="80%"/>
      </tr>
      <tr>
        <td colspan="1" rowspan="1" class="indent2" width="20%">Ataque</td>
        <td colspan="1" rowspan="1" width="80%"/>
      </tr>
      <tr>
        <td colspan="1" rowspan="1" class="indent2" width="20%">Evidencia</td>
        <td colspan="1" rowspan="1" width="80%">Microsoft-IIS/8.0</td>
      </tr>
      <tr>
        <td colspan="1" rowspan="1" class="indent2" width="20%">Other Info</td>
        <td colspan="1" rowspan="1" width="80%"/>
      </tr>
      <tr>
        <td colspan="1" rowspan="1" class="indent1" width="20%">URL</td>
        <td colspan="1" rowspan="1" width="80%">
          <a shape="rect" href="https://todo.ly/Style/blue3/jquery-ui-1.8.13.custom.css?v=6">https://todo.ly/Style/blue3/jquery-ui-1.8.13.custom.css?v=6</a>
        </td>
      </tr>
      <tr>
        <td colspan="1" rowspan="1" class="indent2" width="20%">Método</td>
        <td colspan="1" rowspan="1" width="80%">GET</td>
      </tr>
      <tr>
        <td colspan="1" rowspan="1" class="indent2" width="20%">Parámetros</td>
        <td colspan="1" rowspan="1" width="80%"/>
      </tr>
      <tr>
        <td colspan="1" rowspan="1" class="indent2" width="20%">Ataque</td>
        <td colspan="1" rowspan="1" width="80%"/>
      </tr>
      <tr>
        <td colspan="1" rowspan="1" class="indent2" width="20%">Evidencia</td>
        <td colspan="1" rowspan="1" width="80%">Microsoft-IIS/8.0</td>
      </tr>
      <tr>
        <td colspan="1" rowspan="1" class="indent2" width="20%">Other Info</td>
        <td colspan="1" rowspan="1" width="80%"/>
      </tr>
      <tr>
        <td colspan="1" rowspan="1" class="indent1" width="20%">URL</td>
        <td colspan="1" rowspan="1" width="80%">
          <a shape="rect" href="https://todo.ly/Style/jquery.contextMenu.css">https://todo.ly/Style/jquery.contextMenu.css</a>
        </td>
      </tr>
      <tr>
        <td colspan="1" rowspan="1" class="indent2" width="20%">Método</td>
        <td colspan="1" rowspan="1" width="80%">GET</td>
      </tr>
      <tr>
        <td colspan="1" rowspan="1" class="indent2" width="20%">Parámetros</td>
        <td colspan="1" rowspan="1" width="80%"/>
      </tr>
      <tr>
        <td colspan="1" rowspan="1" class="indent2" width="20%">Ataque</td>
        <td colspan="1" rowspan="1" width="80%"/>
      </tr>
      <tr>
        <td colspan="1" rowspan="1" class="indent2" width="20%">Evidencia</td>
        <td colspan="1" rowspan="1" width="80%">Microsoft-IIS/8.0</td>
      </tr>
      <tr>
        <td colspan="1" rowspan="1" class="indent2" width="20%">Other Info</td>
        <td colspan="1" rowspan="1" width="80%"/>
      </tr>
      <tr>
        <td colspan="1" rowspan="1" class="indent1" width="20%">URL</td>
        <td colspan="1" rowspan="1" width="80%">
          <a shape="rect" href="https://todo.ly/Style/jquery.fancybox-1.3.1.css">https://todo.ly/Style/jquery.fancybox-1.3.1.css</a>
        </td>
      </tr>
      <tr>
        <td colspan="1" rowspan="1" class="indent2" width="20%">Método</td>
        <td colspan="1" rowspan="1" width="80%">GET</td>
      </tr>
      <tr>
        <td colspan="1" rowspan="1" class="indent2" width="20%">Parámetros</td>
        <td colspan="1" rowspan="1" width="80%"/>
      </tr>
      <tr>
        <td colspan="1" rowspan="1" class="indent2" width="20%">Ataque</td>
        <td colspan="1" rowspan="1" width="80%"/>
      </tr>
      <tr>
        <td colspan="1" rowspan="1" class="indent2" width="20%">Evidencia</td>
        <td colspan="1" rowspan="1" width="80%">Microsoft-IIS/8.0</td>
      </tr>
      <tr>
        <td colspan="1" rowspan="1" class="indent2" width="20%">Other Info</td>
        <td colspan="1" rowspan="1" width="80%"/>
      </tr>
      <tr>
        <td colspan="1" rowspan="1" class="indent1" width="20%">URL</td>
        <td colspan="1" rowspan="1" width="80%">
          <a shape="rect" href="https://todo.ly/Style/StyleSheet.css?v=20131002">https://todo.ly/Style/StyleSheet.css?v=20131002</a>
        </td>
      </tr>
      <tr>
        <td colspan="1" rowspan="1" class="indent2" width="20%">Método</td>
        <td colspan="1" rowspan="1" width="80%">GET</td>
      </tr>
      <tr>
        <td colspan="1" rowspan="1" class="indent2" width="20%">Parámetros</td>
        <td colspan="1" rowspan="1" width="80%"/>
      </tr>
      <tr>
        <td colspan="1" rowspan="1" class="indent2" width="20%">Ataque</td>
        <td colspan="1" rowspan="1" width="80%"/>
      </tr>
      <tr>
        <td colspan="1" rowspan="1" class="indent2" width="20%">Evidencia</td>
        <td colspan="1" rowspan="1" width="80%">Microsoft-IIS/8.0</td>
      </tr>
      <tr>
        <td colspan="1" rowspan="1" class="indent2" width="20%">Other Info</td>
        <td colspan="1" rowspan="1" width="80%"/>
      </tr>
      <tr>
        <td colspan="1" rowspan="1" class="indent1" width="20%">URL</td>
        <td colspan="1" rowspan="1" width="80%">
          <a shape="rect" href="https://todo.ly/Style/TextStyle11.css">https://todo.ly/Style/TextStyle11.css</a>
        </td>
      </tr>
      <tr>
        <td colspan="1" rowspan="1" class="indent2" width="20%">Método</td>
        <td colspan="1" rowspan="1" width="80%">GET</td>
      </tr>
      <tr>
        <td colspan="1" rowspan="1" class="indent2" width="20%">Parámetros</td>
        <td colspan="1" rowspan="1" width="80%"/>
      </tr>
      <tr>
        <td colspan="1" rowspan="1" class="indent2" width="20%">Ataque</td>
        <td colspan="1" rowspan="1" width="80%"/>
      </tr>
      <tr>
        <td colspan="1" rowspan="1" class="indent2" width="20%">Evidencia</td>
        <td colspan="1" rowspan="1" width="80%">Microsoft-IIS/8.0</td>
      </tr>
      <tr>
        <td colspan="1" rowspan="1" class="indent2" width="20%">Other Info</td>
        <td colspan="1" rowspan="1" width="80%"/>
      </tr>
      <tr>
        <td colspan="1" rowspan="1" class="indent1" width="20%">URL</td>
        <td colspan="1" rowspan="1" width="80%">
          <a shape="rect" href="https://todo.ly/WebResource.axd?d=NdZLQA9U0ugIk764rCig6lJbCWyp5Dac9aZIs7GtY8ZiVf0oq-m6rKl1e78G9uN3K2ftzj7odKCDwsZv6u8HI4IZGQM1&amp;t=637110248437816177">https://todo.ly/WebResource.axd?d=NdZLQA9U0ugIk764rCig6lJbCWyp5Dac9aZIs7GtY8ZiVf0oq-m6rKl1e78G9uN3K2ftzj7odKCDwsZv6u8HI4IZGQM1&amp;t=637110248437816177</a>
        </td>
      </tr>
      <tr>
        <td colspan="1" rowspan="1" class="indent2" width="20%">Método</td>
        <td colspan="1" rowspan="1" width="80%">GET</td>
      </tr>
      <tr>
        <td colspan="1" rowspan="1" class="indent2" width="20%">Parámetros</td>
        <td colspan="1" rowspan="1" width="80%"/>
      </tr>
      <tr>
        <td colspan="1" rowspan="1" class="indent2" width="20%">Ataque</td>
        <td colspan="1" rowspan="1" width="80%"/>
      </tr>
      <tr>
        <td colspan="1" rowspan="1" class="indent2" width="20%">Evidencia</td>
        <td colspan="1" rowspan="1" width="80%">Microsoft-IIS/8.0</td>
      </tr>
      <tr>
        <td colspan="1" rowspan="1" class="indent2" width="20%">Other Info</td>
        <td colspan="1" rowspan="1" width="80%"/>
      </tr>
      <tr>
        <td colspan="1" rowspan="1" class="indent1" width="20%">URL</td>
        <td colspan="1" rowspan="1" width="80%">
          <a shape="rect" href="https://todo.ly/">https://todo.ly/</a>
        </td>
      </tr>
      <tr>
        <td colspan="1" rowspan="1" class="indent2" width="20%">Método</td>
        <td colspan="1" rowspan="1" width="80%">POST</td>
      </tr>
      <tr>
        <td colspan="1" rowspan="1" class="indent2" width="20%">Parámetros</td>
        <td colspan="1" rowspan="1" width="80%"/>
      </tr>
      <tr>
        <td colspan="1" rowspan="1" class="indent2" width="20%">Ataque</td>
        <td colspan="1" rowspan="1" width="80%"/>
      </tr>
      <tr>
        <td colspan="1" rowspan="1" class="indent2" width="20%">Evidencia</td>
        <td colspan="1" rowspan="1" width="80%">Microsoft-IIS/8.0</td>
      </tr>
      <tr>
        <td colspan="1" rowspan="1" class="indent2" width="20%">Other Info</td>
        <td colspan="1" rowspan="1" width="80%"/>
      </tr>
      <tr>
        <td colspan="1" rowspan="1" width="20%">Instancia</td>
        <td colspan="1" rowspan="1" width="80%">28</td>
      </tr>
      <tr>
        <td colspan="1" rowspan="1" width="20%">Solución</td>
        <td colspan="1" rowspan="1" width="80%">
          <div>Ensure that your web server, application server, load balancer, etc. is configured to suppress the "Server" header or provide generic details.</div>
        </td>
      </tr>
      <tr>
        <td colspan="1" rowspan="1" width="20%">Referencia</td>
        <td colspan="1" rowspan="1" width="80%">
          <a shape="rect" href="https://httpd.apache.org/docs/current/mod/core.html#servertokens">https://httpd.apache.org/docs/current/mod/core.html#servertokens</a>
          <br clear="none"/>
          <a shape="rect" href="https://learn.microsoft.com/en-us/previous-versions/msp-n-p/ff648552(v=pandp.10)">https://learn.microsoft.com/en-us/previous-versions/msp-n-p/ff648552(v=pandp.10)</a>
          <br clear="none"/>
          <a shape="rect" href="https://www.troyhunt.com/shhh-dont-let-your-response-headers/">https://www.troyhunt.com/shhh-dont-let-your-response-headers/</a>
        </td>
      </tr>
      <tr>
        <td colspan="1" rowspan="1" width="20%">CWE Id</td>
        <td colspan="1" rowspan="1" width="80%">
          <a shape="rect" href="https://cwe.mitre.org/data/definitions/200.html">200</a>
        </td>
      </tr>
      <tr>
        <td colspan="1" rowspan="1" width="20%">WASC Id</td>
        <td colspan="1" rowspan="1" width="80%">13</td>
      </tr>
      <tr>
        <td colspan="1" rowspan="1" width="20%">Plugin Id</td>
        <td colspan="1" rowspan="1" width="80%">
          <a shape="rect" href="https://www.zaproxy.org/docs/alerts/10036/">10036</a>
        </td>
      </tr>
    </table>
    <div class="spacer"/>
    <table class="results">
      <tr height="24">
        <th colspan="1" rowspan="1" class="risk-1" width="20%">
          <a shape="rect" id="10035"/>
          <div>Bajo</div>
        </th>
        <th colspan="1" rowspan="1" class="risk-1">Strict-Transport-Security Header Not Set</th>
      </tr>
      <tr>
        <td colspan="1" rowspan="1" width="20%">Descripción</td>
        <td colspan="1" rowspan="1" width="80%">
          <div>HTTP Strict Transport Security (HSTS) es un mecanismo de política de seguridad web mediante el cual un servidor web declara que los agentes de usuario conformes (como un navegador web) deben interactuar con él utilizando únicamente conexiones HTTPS seguras (es decir, HTTP superpuesto a TLS/SSL). HSTS es un protocolo de seguimiento de estándares del IETF y se especifica en RFC 6797.</div>
        </td>
      </tr>
      <tr valign="top">
        <td colspan="2" rowspan="1"/>
      </tr>
      <tr>
        <td colspan="1" rowspan="1" class="indent1" width="20%">URL</td>
        <td colspan="1" rowspan="1" width="80%">
          <a shape="rect" href="https://apis.google.com/_/scs/abc-static/_/js/k=gapi.gapi.en.MGCxJbnW_Xw.O/m=gapi_iframes,googleapis_client/rt=j/sv=1/d=1/ed=1/am=AAAg/rs=AHpOoo9xa4htLEVH9xe6c4ToUehtTaLWvA/cb=gapi.loaded_0">https://apis.google.com/_/scs/abc-static/_/js/k=gapi.gapi.en.MGCxJbnW_Xw.O/m=gapi_iframes,googleapis_client/rt=j/sv=1/d=1/ed=1/am=AAAg/rs=AHpOoo9xa4htLEVH9xe6c4ToUehtTaLWvA/cb=gapi.loaded_0</a>
        </td>
      </tr>
      <tr>
        <td colspan="1" rowspan="1" class="indent2" width="20%">Método</td>
        <td colspan="1" rowspan="1" width="80%">GET</td>
      </tr>
      <tr>
        <td colspan="1" rowspan="1" class="indent2" width="20%">Parámetros</td>
        <td colspan="1" rowspan="1" width="80%"/>
      </tr>
      <tr>
        <td colspan="1" rowspan="1" class="indent2" width="20%">Ataque</td>
        <td colspan="1" rowspan="1" width="80%"/>
      </tr>
      <tr>
        <td colspan="1" rowspan="1" class="indent2" width="20%">Evidencia</td>
        <td colspan="1" rowspan="1" width="80%"/>
      </tr>
      <tr>
        <td colspan="1" rowspan="1" class="indent2" width="20%">Other Info</td>
        <td colspan="1" rowspan="1" width="80%"/>
      </tr>
      <tr>
        <td colspan="1" rowspan="1" class="indent1" width="20%">URL</td>
        <td colspan="1" rowspan="1" width="80%">
          <a shape="rect" href="https://content-autofill.googleapis.com/v1/pages/ChVDaHJvbWUvMTI3LjAuNjUzMy4xMjASgAIJqTwShnxUy0ISBQ0f0RUvEgUNYWlUehIFDeEyOwgSBQ2t-SAyEgUNJ0dDlxIFDYncIOESBQ0-ysNCEgUN3_y6BRIFDXnoulQSBQ3PvpdZEgUNz76XWRIFDT2P1oUSBQ3XLid0EgUNMhIb9RIFDaL4NeESBQ3QWCsDEgUNuA5qFRIFDWgVbAISBQ3xUXmYEgUNw6OQzBIFDe9caEASBQ02c-MoEgUNyc6KkBIFDafCnB0SBQ2-wPLlEgUN5gYdBhIFDXefR1ESBQ0PElRCEgUNknGQZhIFDa35IDISBQ0nR0OXEgUNidwg4RIFDT7Kw0ISBQ3f_LoFIfvtMiynQFHb?alt=proto">https://content-autofill.googleapis.com/v1/pages/ChVDaHJvbWUvMTI3LjAuNjUzMy4xMjASgAIJqTwShnxUy0ISBQ0f0RUvEgUNYWlUehIFDeEyOwgSBQ2t-SAyEgUNJ0dDlxIFDYncIOESBQ0-ysNCEgUN3_y6BRIFDXnoulQSBQ3PvpdZEgUNz76XWRIFDT2P1oUSBQ3XLid0EgUNMhIb9RIFDaL4NeESBQ3QWCsDEgUNuA5qFRIFDWgVbAISBQ3xUXmYEgUNw6OQzBIFDe9caEASBQ02c-MoEgUNyc6KkBIFDafCnB0SBQ2-wPLlEgUN5gYdBhIFDXefR1ESBQ0PElRCEgUNknGQZhIFDa35IDISBQ0nR0OXEgUNidwg4RIFDT7Kw0ISBQ3f_LoFIfvtMiynQFHb?alt=proto</a>
        </td>
      </tr>
      <tr>
        <td colspan="1" rowspan="1" class="indent2" width="20%">Método</td>
        <td colspan="1" rowspan="1" width="80%">GET</td>
      </tr>
      <tr>
        <td colspan="1" rowspan="1" class="indent2" width="20%">Parámetros</td>
        <td colspan="1" rowspan="1" width="80%"/>
      </tr>
      <tr>
        <td colspan="1" rowspan="1" class="indent2" width="20%">Ataque</td>
        <td colspan="1" rowspan="1" width="80%"/>
      </tr>
      <tr>
        <td colspan="1" rowspan="1" class="indent2" width="20%">Evidencia</td>
        <td colspan="1" rowspan="1" width="80%"/>
      </tr>
      <tr>
        <td colspan="1" rowspan="1" class="indent2" width="20%">Other Info</td>
        <td colspan="1" rowspan="1" width="80%"/>
      </tr>
      <tr>
        <td colspan="1" rowspan="1" class="indent1" width="20%">URL</td>
        <td colspan="1" rowspan="1" width="80%">
          <a shape="rect" href="https://content-autofill.googleapis.com/v1/pages/ChVDaHJvbWUvMTI3LjAuNjUzMy4xMjASGQlwg3VficA7dhIFDRUXmhEhuS2cPhi__HM=?alt=proto">https://content-autofill.googleapis.com/v1/pages/ChVDaHJvbWUvMTI3LjAuNjUzMy4xMjASGQlwg3VficA7dhIFDRUXmhEhuS2cPhi__HM=?alt=proto</a>
        </td>
      </tr>
      <tr>
        <td colspan="1" rowspan="1" class="indent2" width="20%">Método</td>
        <td colspan="1" rowspan="1" width="80%">GET</td>
      </tr>
      <tr>
        <td colspan="1" rowspan="1" class="indent2" width="20%">Parámetros</td>
        <td colspan="1" rowspan="1" width="80%"/>
      </tr>
      <tr>
        <td colspan="1" rowspan="1" class="indent2" width="20%">Ataque</td>
        <td colspan="1" rowspan="1" width="80%"/>
      </tr>
      <tr>
        <td colspan="1" rowspan="1" class="indent2" width="20%">Evidencia</td>
        <td colspan="1" rowspan="1" width="80%"/>
      </tr>
      <tr>
        <td colspan="1" rowspan="1" class="indent2" width="20%">Other Info</td>
        <td colspan="1" rowspan="1" width="80%"/>
      </tr>
      <tr>
        <td colspan="1" rowspan="1" class="indent1" width="20%">URL</td>
        <td colspan="1" rowspan="1" width="80%">
          <a shape="rect" href="https://content-autofill.googleapis.com/v1/pages/ChVDaHJvbWUvMTI3LjAuNjUzMy4xMjASJwm_5X8ffWZ9yxIFDRUXmhESBQ14bxIZEgUNzkFMeiFQtZ6vbYBwmQ==?alt=proto">https://content-autofill.googleapis.com/v1/pages/ChVDaHJvbWUvMTI3LjAuNjUzMy4xMjASJwm_5X8ffWZ9yxIFDRUXmhESBQ14bxIZEgUNzkFMeiFQtZ6vbYBwmQ==?alt=proto</a>
        </td>
      </tr>
      <tr>
        <td colspan="1" rowspan="1" class="indent2" width="20%">Método</td>
        <td colspan="1" rowspan="1" width="80%">GET</td>
      </tr>
      <tr>
        <td colspan="1" rowspan="1" class="indent2" width="20%">Parámetros</td>
        <td colspan="1" rowspan="1" width="80%"/>
      </tr>
      <tr>
        <td colspan="1" rowspan="1" class="indent2" width="20%">Ataque</td>
        <td colspan="1" rowspan="1" width="80%"/>
      </tr>
      <tr>
        <td colspan="1" rowspan="1" class="indent2" width="20%">Evidencia</td>
        <td colspan="1" rowspan="1" width="80%"/>
      </tr>
      <tr>
        <td colspan="1" rowspan="1" class="indent2" width="20%">Other Info</td>
        <td colspan="1" rowspan="1" width="80%"/>
      </tr>
      <tr>
        <td colspan="1" rowspan="1" class="indent1" width="20%">URL</td>
        <td colspan="1" rowspan="1" width="80%">
          <a shape="rect" href="https://content-autofill.googleapis.com/v1/pages/ChVDaHJvbWUvMTI3LjAuNjUzMy4xMjASJwmACpfKj2gb5RIFDTLL4zMSBQ2I8UY2EgUNlDrGmiHo6b9RtoR18w==?alt=proto">https://content-autofill.googleapis.com/v1/pages/ChVDaHJvbWUvMTI3LjAuNjUzMy4xMjASJwmACpfKj2gb5RIFDTLL4zMSBQ2I8UY2EgUNlDrGmiHo6b9RtoR18w==?alt=proto</a>
        </td>
      </tr>
      <tr>
        <td colspan="1" rowspan="1" class="indent2" width="20%">Método</td>
        <td colspan="1" rowspan="1" width="80%">GET</td>
      </tr>
      <tr>
        <td colspan="1" rowspan="1" class="indent2" width="20%">Parámetros</td>
        <td colspan="1" rowspan="1" width="80%"/>
      </tr>
      <tr>
        <td colspan="1" rowspan="1" class="indent2" width="20%">Ataque</td>
        <td colspan="1" rowspan="1" width="80%"/>
      </tr>
      <tr>
        <td colspan="1" rowspan="1" class="indent2" width="20%">Evidencia</td>
        <td colspan="1" rowspan="1" width="80%"/>
      </tr>
      <tr>
        <td colspan="1" rowspan="1" class="indent2" width="20%">Other Info</td>
        <td colspan="1" rowspan="1" width="80%"/>
      </tr>
      <tr>
        <td colspan="1" rowspan="1" class="indent1" width="20%">URL</td>
        <td colspan="1" rowspan="1" width="80%">
          <a shape="rect" href="https://content-autofill.googleapis.com/v1/pages/ChVDaHJvbWUvMTI3LjAuNjUzMy4xMjASQwmxc9K-cVpPAhIFDZ1lDiMSBQ1lJ33XEgUNKzqwXxIFDeRyd10SBQ3QHmIAEgUNJ8RzWhIFDUinsSwhRkwawMH21fk=?alt=proto">https://content-autofill.googleapis.com/v1/pages/ChVDaHJvbWUvMTI3LjAuNjUzMy4xMjASQwmxc9K-cVpPAhIFDZ1lDiMSBQ1lJ33XEgUNKzqwXxIFDeRyd10SBQ3QHmIAEgUNJ8RzWhIFDUinsSwhRkwawMH21fk=?alt=proto</a>
        </td>
      </tr>
      <tr>
        <td colspan="1" rowspan="1" class="indent2" width="20%">Método</td>
        <td colspan="1" rowspan="1" width="80%">GET</td>
      </tr>
      <tr>
        <td colspan="1" rowspan="1" class="indent2" width="20%">Parámetros</td>
        <td colspan="1" rowspan="1" width="80%"/>
      </tr>
      <tr>
        <td colspan="1" rowspan="1" class="indent2" width="20%">Ataque</td>
        <td colspan="1" rowspan="1" width="80%"/>
      </tr>
      <tr>
        <td colspan="1" rowspan="1" class="indent2" width="20%">Evidencia</td>
        <td colspan="1" rowspan="1" width="80%"/>
      </tr>
      <tr>
        <td colspan="1" rowspan="1" class="indent2" width="20%">Other Info</td>
        <td colspan="1" rowspan="1" width="80%"/>
      </tr>
      <tr>
        <td colspan="1" rowspan="1" class="indent1" width="20%">URL</td>
        <td colspan="1" rowspan="1" width="80%">
          <a shape="rect" href="https://content-autofill.googleapis.com/v1/pages/ChVDaHJvbWUvMTI3LjAuNjUzMy4xMjASWAlzr6yhB-PlBxIFDTLL4zMSBQ3TcXj_EgUNiPFGNhIFDQ5LEYESBQ1N1K5eEgUNPgJvaRIFDb2inIMSBQ0ubPNoEgUNQ6g0ahIFDaCEQL8hjGdJfo1XY0A=?alt=proto">https://content-autofill.googleapis.com/v1/pages/ChVDaHJvbWUvMTI3LjAuNjUzMy4xMjASWAlzr6yhB-PlBxIFDTLL4zMSBQ3TcXj_EgUNiPFGNhIFDQ5LEYESBQ1N1K5eEgUNPgJvaRIFDb2inIMSBQ0ubPNoEgUNQ6g0ahIFDaCEQL8hjGdJfo1XY0A=?alt=proto</a>
        </td>
      </tr>
      <tr>
        <td colspan="1" rowspan="1" class="indent2" width="20%">Método</td>
        <td colspan="1" rowspan="1" width="80%">GET</td>
      </tr>
      <tr>
        <td colspan="1" rowspan="1" class="indent2" width="20%">Parámetros</td>
        <td colspan="1" rowspan="1" width="80%"/>
      </tr>
      <tr>
        <td colspan="1" rowspan="1" class="indent2" width="20%">Ataque</td>
        <td colspan="1" rowspan="1" width="80%"/>
      </tr>
      <tr>
        <td colspan="1" rowspan="1" class="indent2" width="20%">Evidencia</td>
        <td colspan="1" rowspan="1" width="80%"/>
      </tr>
      <tr>
        <td colspan="1" rowspan="1" class="indent2" width="20%">Other Info</td>
        <td colspan="1" rowspan="1" width="80%"/>
      </tr>
      <tr>
        <td colspan="1" rowspan="1" class="indent1" width="20%">URL</td>
        <td colspan="1" rowspan="1" width="80%">
          <a shape="rect" href="https://demo.owasp-juice.shop/">https://demo.owasp-juice.shop/</a>
        </td>
      </tr>
      <tr>
        <td colspan="1" rowspan="1" class="indent2" width="20%">Método</td>
        <td colspan="1" rowspan="1" width="80%">GET</td>
      </tr>
      <tr>
        <td colspan="1" rowspan="1" class="indent2" width="20%">Parámetros</td>
        <td colspan="1" rowspan="1" width="80%"/>
      </tr>
      <tr>
        <td colspan="1" rowspan="1" class="indent2" width="20%">Ataque</td>
        <td colspan="1" rowspan="1" width="80%"/>
      </tr>
      <tr>
        <td colspan="1" rowspan="1" class="indent2" width="20%">Evidencia</td>
        <td colspan="1" rowspan="1" width="80%"/>
      </tr>
      <tr>
        <td colspan="1" rowspan="1" class="indent2" width="20%">Other Info</td>
        <td colspan="1" rowspan="1" width="80%"/>
      </tr>
      <tr>
        <td colspan="1" rowspan="1" class="indent1" width="20%">URL</td>
        <td colspan="1" rowspan="1" width="80%">
          <a shape="rect" href="https://demo.owasp-juice.shop/api/Challenges/?name=Score%20Board">https://demo.owasp-juice.shop/api/Challenges/?name=Score%20Board</a>
        </td>
      </tr>
      <tr>
        <td colspan="1" rowspan="1" class="indent2" width="20%">Método</td>
        <td colspan="1" rowspan="1" width="80%">GET</td>
      </tr>
      <tr>
        <td colspan="1" rowspan="1" class="indent2" width="20%">Parámetros</td>
        <td colspan="1" rowspan="1" width="80%"/>
      </tr>
      <tr>
        <td colspan="1" rowspan="1" class="indent2" width="20%">Ataque</td>
        <td colspan="1" rowspan="1" width="80%"/>
      </tr>
      <tr>
        <td colspan="1" rowspan="1" class="indent2" width="20%">Evidencia</td>
        <td colspan="1" rowspan="1" width="80%"/>
      </tr>
      <tr>
        <td colspan="1" rowspan="1" class="indent2" width="20%">Other Info</td>
        <td colspan="1" rowspan="1" width="80%"/>
      </tr>
      <tr>
        <td colspan="1" rowspan="1" class="indent1" width="20%">URL</td>
        <td colspan="1" rowspan="1" width="80%">
          <a shape="rect" href="https://demo.owasp-juice.shop/api/Quantitys/">https://demo.owasp-juice.shop/api/Quantitys/</a>
        </td>
      </tr>
      <tr>
        <td colspan="1" rowspan="1" class="indent2" width="20%">Método</td>
        <td colspan="1" rowspan="1" width="80%">GET</td>
      </tr>
      <tr>
        <td colspan="1" rowspan="1" class="indent2" width="20%">Parámetros</td>
        <td colspan="1" rowspan="1" width="80%"/>
      </tr>
      <tr>
        <td colspan="1" rowspan="1" class="indent2" width="20%">Ataque</td>
        <td colspan="1" rowspan="1" width="80%"/>
      </tr>
      <tr>
        <td colspan="1" rowspan="1" class="indent2" width="20%">Evidencia</td>
        <td colspan="1" rowspan="1" width="80%"/>
      </tr>
      <tr>
        <td colspan="1" rowspan="1" class="indent2" width="20%">Other Info</td>
        <td colspan="1" rowspan="1" width="80%"/>
      </tr>
      <tr>
        <td colspan="1" rowspan="1" class="indent1" width="20%">URL</td>
        <td colspan="1" rowspan="1" width="80%">
          <a shape="rect" href="https://demo.owasp-juice.shop/assets/i18n/en.json">https://demo.owasp-juice.shop/assets/i18n/en.json</a>
        </td>
      </tr>
      <tr>
        <td colspan="1" rowspan="1" class="indent2" width="20%">Método</td>
        <td colspan="1" rowspan="1" width="80%">GET</td>
      </tr>
      <tr>
        <td colspan="1" rowspan="1" class="indent2" width="20%">Parámetros</td>
        <td colspan="1" rowspan="1" width="80%"/>
      </tr>
      <tr>
        <td colspan="1" rowspan="1" class="indent2" width="20%">Ataque</td>
        <td colspan="1" rowspan="1" width="80%"/>
      </tr>
      <tr>
        <td colspan="1" rowspan="1" class="indent2" width="20%">Evidencia</td>
        <td colspan="1" rowspan="1" width="80%"/>
      </tr>
      <tr>
        <td colspan="1" rowspan="1" class="indent2" width="20%">Other Info</td>
        <td colspan="1" rowspan="1" width="80%"/>
      </tr>
      <tr>
        <td colspan="1" rowspan="1" class="indent1" width="20%">URL</td>
        <td colspan="1" rowspan="1" width="80%">
          <a shape="rect" href="https://demo.owasp-juice.shop/main.js">https://demo.owasp-juice.shop/main.js</a>
        </td>
      </tr>
      <tr>
        <td colspan="1" rowspan="1" class="indent2" width="20%">Método</td>
        <td colspan="1" rowspan="1" width="80%">GET</td>
      </tr>
      <tr>
        <td colspan="1" rowspan="1" class="indent2" width="20%">Parámetros</td>
        <td colspan="1" rowspan="1" width="80%"/>
      </tr>
      <tr>
        <td colspan="1" rowspan="1" class="indent2" width="20%">Ataque</td>
        <td colspan="1" rowspan="1" width="80%"/>
      </tr>
      <tr>
        <td colspan="1" rowspan="1" class="indent2" width="20%">Evidencia</td>
        <td colspan="1" rowspan="1" width="80%"/>
      </tr>
      <tr>
        <td colspan="1" rowspan="1" class="indent2" width="20%">Other Info</td>
        <td colspan="1" rowspan="1" width="80%"/>
      </tr>
      <tr>
        <td colspan="1" rowspan="1" class="indent1" width="20%">URL</td>
        <td colspan="1" rowspan="1" width="80%">
          <a shape="rect" href="https://demo.owasp-juice.shop/MaterialIcons-Regular.woff2">https://demo.owasp-juice.shop/MaterialIcons-Regular.woff2</a>
        </td>
      </tr>
      <tr>
        <td colspan="1" rowspan="1" class="indent2" width="20%">Método</td>
        <td colspan="1" rowspan="1" width="80%">GET</td>
      </tr>
      <tr>
        <td colspan="1" rowspan="1" class="indent2" width="20%">Parámetros</td>
        <td colspan="1" rowspan="1" width="80%"/>
      </tr>
      <tr>
        <td colspan="1" rowspan="1" class="indent2" width="20%">Ataque</td>
        <td colspan="1" rowspan="1" width="80%"/>
      </tr>
      <tr>
        <td colspan="1" rowspan="1" class="indent2" width="20%">Evidencia</td>
        <td colspan="1" rowspan="1" width="80%"/>
      </tr>
      <tr>
        <td colspan="1" rowspan="1" class="indent2" width="20%">Other Info</td>
        <td colspan="1" rowspan="1" width="80%"/>
      </tr>
      <tr>
        <td colspan="1" rowspan="1" class="indent1" width="20%">URL</td>
        <td colspan="1" rowspan="1" width="80%">
          <a shape="rect" href="https://demo.owasp-juice.shop/polyfills.js">https://demo.owasp-juice.shop/polyfills.js</a>
        </td>
      </tr>
      <tr>
        <td colspan="1" rowspan="1" class="indent2" width="20%">Método</td>
        <td colspan="1" rowspan="1" width="80%">GET</td>
      </tr>
      <tr>
        <td colspan="1" rowspan="1" class="indent2" width="20%">Parámetros</td>
        <td colspan="1" rowspan="1" width="80%"/>
      </tr>
      <tr>
        <td colspan="1" rowspan="1" class="indent2" width="20%">Ataque</td>
        <td colspan="1" rowspan="1" width="80%"/>
      </tr>
      <tr>
        <td colspan="1" rowspan="1" class="indent2" width="20%">Evidencia</td>
        <td colspan="1" rowspan="1" width="80%"/>
      </tr>
      <tr>
        <td colspan="1" rowspan="1" class="indent2" width="20%">Other Info</td>
        <td colspan="1" rowspan="1" width="80%"/>
      </tr>
      <tr>
        <td colspan="1" rowspan="1" class="indent1" width="20%">URL</td>
        <td colspan="1" rowspan="1" width="80%">
          <a shape="rect" href="https://demo.owasp-juice.shop/rest/admin/application-configuration">https://demo.owasp-juice.shop/rest/admin/application-configuration</a>
        </td>
      </tr>
      <tr>
        <td colspan="1" rowspan="1" class="indent2" width="20%">Método</td>
        <td colspan="1" rowspan="1" width="80%">GET</td>
      </tr>
      <tr>
        <td colspan="1" rowspan="1" class="indent2" width="20%">Parámetros</td>
        <td colspan="1" rowspan="1" width="80%"/>
      </tr>
      <tr>
        <td colspan="1" rowspan="1" class="indent2" width="20%">Ataque</td>
        <td colspan="1" rowspan="1" width="80%"/>
      </tr>
      <tr>
        <td colspan="1" rowspan="1" class="indent2" width="20%">Evidencia</td>
        <td colspan="1" rowspan="1" width="80%"/>
      </tr>
      <tr>
        <td colspan="1" rowspan="1" class="indent2" width="20%">Other Info</td>
        <td colspan="1" rowspan="1" width="80%"/>
      </tr>
      <tr>
        <td colspan="1" rowspan="1" class="indent1" width="20%">URL</td>
        <td colspan="1" rowspan="1" width="80%">
          <a shape="rect" href="https://demo.owasp-juice.shop/rest/admin/application-version">https://demo.owasp-juice.shop/rest/admin/application-version</a>
        </td>
      </tr>
      <tr>
        <td colspan="1" rowspan="1" class="indent2" width="20%">Método</td>
        <td colspan="1" rowspan="1" width="80%">GET</td>
      </tr>
      <tr>
        <td colspan="1" rowspan="1" class="indent2" width="20%">Parámetros</td>
        <td colspan="1" rowspan="1" width="80%"/>
      </tr>
      <tr>
        <td colspan="1" rowspan="1" class="indent2" width="20%">Ataque</td>
        <td colspan="1" rowspan="1" width="80%"/>
      </tr>
      <tr>
        <td colspan="1" rowspan="1" class="indent2" width="20%">Evidencia</td>
        <td colspan="1" rowspan="1" width="80%"/>
      </tr>
      <tr>
        <td colspan="1" rowspan="1" class="indent2" width="20%">Other Info</td>
        <td colspan="1" rowspan="1" width="80%"/>
      </tr>
      <tr>
        <td colspan="1" rowspan="1" class="indent1" width="20%">URL</td>
        <td colspan="1" rowspan="1" width="80%">
          <a shape="rect" href="https://demo.owasp-juice.shop/rest/basket/6">https://demo.owasp-juice.shop/rest/basket/6</a>
        </td>
      </tr>
      <tr>
        <td colspan="1" rowspan="1" class="indent2" width="20%">Método</td>
        <td colspan="1" rowspan="1" width="80%">GET</td>
      </tr>
      <tr>
        <td colspan="1" rowspan="1" class="indent2" width="20%">Parámetros</td>
        <td colspan="1" rowspan="1" width="80%"/>
      </tr>
      <tr>
        <td colspan="1" rowspan="1" class="indent2" width="20%">Ataque</td>
        <td colspan="1" rowspan="1" width="80%"/>
      </tr>
      <tr>
        <td colspan="1" rowspan="1" class="indent2" width="20%">Evidencia</td>
        <td colspan="1" rowspan="1" width="80%"/>
      </tr>
      <tr>
        <td colspan="1" rowspan="1" class="indent2" width="20%">Other Info</td>
        <td colspan="1" rowspan="1" width="80%"/>
      </tr>
      <tr>
        <td colspan="1" rowspan="1" class="indent1" width="20%">URL</td>
        <td colspan="1" rowspan="1" width="80%">
          <a shape="rect" href="https://demo.owasp-juice.shop/rest/languages">https://demo.owasp-juice.shop/rest/languages</a>
        </td>
      </tr>
      <tr>
        <td colspan="1" rowspan="1" class="indent2" width="20%">Método</td>
        <td colspan="1" rowspan="1" width="80%">GET</td>
      </tr>
      <tr>
        <td colspan="1" rowspan="1" class="indent2" width="20%">Parámetros</td>
        <td colspan="1" rowspan="1" width="80%"/>
      </tr>
      <tr>
        <td colspan="1" rowspan="1" class="indent2" width="20%">Ataque</td>
        <td colspan="1" rowspan="1" width="80%"/>
      </tr>
      <tr>
        <td colspan="1" rowspan="1" class="indent2" width="20%">Evidencia</td>
        <td colspan="1" rowspan="1" width="80%"/>
      </tr>
      <tr>
        <td colspan="1" rowspan="1" class="indent2" width="20%">Other Info</td>
        <td colspan="1" rowspan="1" width="80%"/>
      </tr>
      <tr>
        <td colspan="1" rowspan="1" class="indent1" width="20%">URL</td>
        <td colspan="1" rowspan="1" width="80%">
          <a shape="rect" href="https://demo.owasp-juice.shop/rest/products/search?q=">https://demo.owasp-juice.shop/rest/products/search?q=</a>
        </td>
      </tr>
      <tr>
        <td colspan="1" rowspan="1" class="indent2" width="20%">Método</td>
        <td colspan="1" rowspan="1" width="80%">GET</td>
      </tr>
      <tr>
        <td colspan="1" rowspan="1" class="indent2" width="20%">Parámetros</td>
        <td colspan="1" rowspan="1" width="80%"/>
      </tr>
      <tr>
        <td colspan="1" rowspan="1" class="indent2" width="20%">Ataque</td>
        <td colspan="1" rowspan="1" width="80%"/>
      </tr>
      <tr>
        <td colspan="1" rowspan="1" class="indent2" width="20%">Evidencia</td>
        <td colspan="1" rowspan="1" width="80%"/>
      </tr>
      <tr>
        <td colspan="1" rowspan="1" class="indent2" width="20%">Other Info</td>
        <td colspan="1" rowspan="1" width="80%"/>
      </tr>
      <tr>
        <td colspan="1" rowspan="1" class="indent1" width="20%">URL</td>
        <td colspan="1" rowspan="1" width="80%">
          <a shape="rect" href="https://demo.owasp-juice.shop/rest/user/whoami">https://demo.owasp-juice.shop/rest/user/whoami</a>
        </td>
      </tr>
      <tr>
        <td colspan="1" rowspan="1" class="indent2" width="20%">Método</td>
        <td colspan="1" rowspan="1" width="80%">GET</td>
      </tr>
      <tr>
        <td colspan="1" rowspan="1" class="indent2" width="20%">Parámetros</td>
        <td colspan="1" rowspan="1" width="80%"/>
      </tr>
      <tr>
        <td colspan="1" rowspan="1" class="indent2" width="20%">Ataque</td>
        <td colspan="1" rowspan="1" width="80%"/>
      </tr>
      <tr>
        <td colspan="1" rowspan="1" class="indent2" width="20%">Evidencia</td>
        <td colspan="1" rowspan="1" width="80%"/>
      </tr>
      <tr>
        <td colspan="1" rowspan="1" class="indent2" width="20%">Other Info</td>
        <td colspan="1" rowspan="1" width="80%"/>
      </tr>
      <tr>
        <td colspan="1" rowspan="1" class="indent1" width="20%">URL</td>
        <td colspan="1" rowspan="1" width="80%">
          <a shape="rect" href="https://demo.owasp-juice.shop/runtime.js">https://demo.owasp-juice.shop/runtime.js</a>
        </td>
      </tr>
      <tr>
        <td colspan="1" rowspan="1" class="indent2" width="20%">Método</td>
        <td colspan="1" rowspan="1" width="80%">GET</td>
      </tr>
      <tr>
        <td colspan="1" rowspan="1" class="indent2" width="20%">Parámetros</td>
        <td colspan="1" rowspan="1" width="80%"/>
      </tr>
      <tr>
        <td colspan="1" rowspan="1" class="indent2" width="20%">Ataque</td>
        <td colspan="1" rowspan="1" width="80%"/>
      </tr>
      <tr>
        <td colspan="1" rowspan="1" class="indent2" width="20%">Evidencia</td>
        <td colspan="1" rowspan="1" width="80%"/>
      </tr>
      <tr>
        <td colspan="1" rowspan="1" class="indent2" width="20%">Other Info</td>
        <td colspan="1" rowspan="1" width="80%"/>
      </tr>
      <tr>
        <td colspan="1" rowspan="1" class="indent1" width="20%">URL</td>
        <td colspan="1" rowspan="1" width="80%">
          <a shape="rect" href="https://demo.owasp-juice.shop/socket.io/?EIO=4&amp;transport=polling&amp;t=P5eDhz0">https://demo.owasp-juice.shop/socket.io/?EIO=4&amp;transport=polling&amp;t=P5eDhz0</a>
        </td>
      </tr>
      <tr>
        <td colspan="1" rowspan="1" class="indent2" width="20%">Método</td>
        <td colspan="1" rowspan="1" width="80%">GET</td>
      </tr>
      <tr>
        <td colspan="1" rowspan="1" class="indent2" width="20%">Parámetros</td>
        <td colspan="1" rowspan="1" width="80%"/>
      </tr>
      <tr>
        <td colspan="1" rowspan="1" class="indent2" width="20%">Ataque</td>
        <td colspan="1" rowspan="1" width="80%"/>
      </tr>
      <tr>
        <td colspan="1" rowspan="1" class="indent2" width="20%">Evidencia</td>
        <td colspan="1" rowspan="1" width="80%"/>
      </tr>
      <tr>
        <td colspan="1" rowspan="1" class="indent2" width="20%">Other Info</td>
        <td colspan="1" rowspan="1" width="80%"/>
      </tr>
      <tr>
        <td colspan="1" rowspan="1" class="indent1" width="20%">URL</td>
        <td colspan="1" rowspan="1" width="80%">
          <a shape="rect" href="https://demo.owasp-juice.shop/socket.io/?EIO=4&amp;transport=polling&amp;t=P5eDi1G&amp;sid=3YzakH4yE0404A-FAAQX">https://demo.owasp-juice.shop/socket.io/?EIO=4&amp;transport=polling&amp;t=P5eDi1G&amp;sid=3YzakH4yE0404A-FAAQX</a>
        </td>
      </tr>
      <tr>
        <td colspan="1" rowspan="1" class="indent2" width="20%">Método</td>
        <td colspan="1" rowspan="1" width="80%">GET</td>
      </tr>
      <tr>
        <td colspan="1" rowspan="1" class="indent2" width="20%">Parámetros</td>
        <td colspan="1" rowspan="1" width="80%"/>
      </tr>
      <tr>
        <td colspan="1" rowspan="1" class="indent2" width="20%">Ataque</td>
        <td colspan="1" rowspan="1" width="80%"/>
      </tr>
      <tr>
        <td colspan="1" rowspan="1" class="indent2" width="20%">Evidencia</td>
        <td colspan="1" rowspan="1" width="80%"/>
      </tr>
      <tr>
        <td colspan="1" rowspan="1" class="indent2" width="20%">Other Info</td>
        <td colspan="1" rowspan="1" width="80%"/>
      </tr>
      <tr>
        <td colspan="1" rowspan="1" class="indent1" width="20%">URL</td>
        <td colspan="1" rowspan="1" width="80%">
          <a shape="rect" href="https://demo.owasp-juice.shop/socket.io/?EIO=4&amp;transport=polling&amp;t=P5eDwjc&amp;sid=zZ9WE7Jsg7O2fa9jAAQ9">https://demo.owasp-juice.shop/socket.io/?EIO=4&amp;transport=polling&amp;t=P5eDwjc&amp;sid=zZ9WE7Jsg7O2fa9jAAQ9</a>
        </td>
      </tr>
      <tr>
        <td colspan="1" rowspan="1" class="indent2" width="20%">Método</td>
        <td colspan="1" rowspan="1" width="80%">GET</td>
      </tr>
      <tr>
        <td colspan="1" rowspan="1" class="indent2" width="20%">Parámetros</td>
        <td colspan="1" rowspan="1" width="80%"/>
      </tr>
      <tr>
        <td colspan="1" rowspan="1" class="indent2" width="20%">Ataque</td>
        <td colspan="1" rowspan="1" width="80%"/>
      </tr>
      <tr>
        <td colspan="1" rowspan="1" class="indent2" width="20%">Evidencia</td>
        <td colspan="1" rowspan="1" width="80%"/>
      </tr>
      <tr>
        <td colspan="1" rowspan="1" class="indent2" width="20%">Other Info</td>
        <td colspan="1" rowspan="1" width="80%"/>
      </tr>
      <tr>
        <td colspan="1" rowspan="1" class="indent1" width="20%">URL</td>
        <td colspan="1" rowspan="1" width="80%">
          <a shape="rect" href="https://demo.owasp-juice.shop/socket.io/?EIO=4&amp;transport=polling&amp;t=P5eDwUA">https://demo.owasp-juice.shop/socket.io/?EIO=4&amp;transport=polling&amp;t=P5eDwUA</a>
        </td>
      </tr>
      <tr>
        <td colspan="1" rowspan="1" class="indent2" width="20%">Método</td>
        <td colspan="1" rowspan="1" width="80%">GET</td>
      </tr>
      <tr>
        <td colspan="1" rowspan="1" class="indent2" width="20%">Parámetros</td>
        <td colspan="1" rowspan="1" width="80%"/>
      </tr>
      <tr>
        <td colspan="1" rowspan="1" class="indent2" width="20%">Ataque</td>
        <td colspan="1" rowspan="1" width="80%"/>
      </tr>
      <tr>
        <td colspan="1" rowspan="1" class="indent2" width="20%">Evidencia</td>
        <td colspan="1" rowspan="1" width="80%"/>
      </tr>
      <tr>
        <td colspan="1" rowspan="1" class="indent2" width="20%">Other Info</td>
        <td colspan="1" rowspan="1" width="80%"/>
      </tr>
      <tr>
        <td colspan="1" rowspan="1" class="indent1" width="20%">URL</td>
        <td colspan="1" rowspan="1" width="80%">
          <a shape="rect" href="https://demo.owasp-juice.shop/socket.io/?EIO=4&amp;transport=polling&amp;t=P5eE3GI">https://demo.owasp-juice.shop/socket.io/?EIO=4&amp;transport=polling&amp;t=P5eE3GI</a>
        </td>
      </tr>
      <tr>
        <td colspan="1" rowspan="1" class="indent2" width="20%">Método</td>
        <td colspan="1" rowspan="1" width="80%">GET</td>
      </tr>
      <tr>
        <td colspan="1" rowspan="1" class="indent2" width="20%">Parámetros</td>
        <td colspan="1" rowspan="1" width="80%"/>
      </tr>
      <tr>
        <td colspan="1" rowspan="1" class="indent2" width="20%">Ataque</td>
        <td colspan="1" rowspan="1" width="80%"/>
      </tr>
      <tr>
        <td colspan="1" rowspan="1" class="indent2" width="20%">Evidencia</td>
        <td colspan="1" rowspan="1" width="80%"/>
      </tr>
      <tr>
        <td colspan="1" rowspan="1" class="indent2" width="20%">Other Info</td>
        <td colspan="1" rowspan="1" width="80%"/>
      </tr>
      <tr>
        <td colspan="1" rowspan="1" class="indent1" width="20%">URL</td>
        <td colspan="1" rowspan="1" width="80%">
          <a shape="rect" href="https://demo.owasp-juice.shop/socket.io/?EIO=4&amp;transport=polling&amp;t=P5eE3KZ&amp;sid=7owDv-WBO4vaB6t3AARZ">https://demo.owasp-juice.shop/socket.io/?EIO=4&amp;transport=polling&amp;t=P5eE3KZ&amp;sid=7owDv-WBO4vaB6t3AARZ</a>
        </td>
      </tr>
      <tr>
        <td colspan="1" rowspan="1" class="indent2" width="20%">Método</td>
        <td colspan="1" rowspan="1" width="80%">GET</td>
      </tr>
      <tr>
        <td colspan="1" rowspan="1" class="indent2" width="20%">Parámetros</td>
        <td colspan="1" rowspan="1" width="80%"/>
      </tr>
      <tr>
        <td colspan="1" rowspan="1" class="indent2" width="20%">Ataque</td>
        <td colspan="1" rowspan="1" width="80%"/>
      </tr>
      <tr>
        <td colspan="1" rowspan="1" class="indent2" width="20%">Evidencia</td>
        <td colspan="1" rowspan="1" width="80%"/>
      </tr>
      <tr>
        <td colspan="1" rowspan="1" class="indent2" width="20%">Other Info</td>
        <td colspan="1" rowspan="1" width="80%"/>
      </tr>
      <tr>
        <td colspan="1" rowspan="1" class="indent1" width="20%">URL</td>
        <td colspan="1" rowspan="1" width="80%">
          <a shape="rect" href="https://demo.owasp-juice.shop/socket.io/?EIO=4&amp;transport=polling&amp;t=P5eEGen">https://demo.owasp-juice.shop/socket.io/?EIO=4&amp;transport=polling&amp;t=P5eEGen</a>
        </td>
      </tr>
      <tr>
        <td colspan="1" rowspan="1" class="indent2" width="20%">Método</td>
        <td colspan="1" rowspan="1" width="80%">GET</td>
      </tr>
      <tr>
        <td colspan="1" rowspan="1" class="indent2" width="20%">Parámetros</td>
        <td colspan="1" rowspan="1" width="80%"/>
      </tr>
      <tr>
        <td colspan="1" rowspan="1" class="indent2" width="20%">Ataque</td>
        <td colspan="1" rowspan="1" width="80%"/>
      </tr>
      <tr>
        <td colspan="1" rowspan="1" class="indent2" width="20%">Evidencia</td>
        <td colspan="1" rowspan="1" width="80%"/>
      </tr>
      <tr>
        <td colspan="1" rowspan="1" class="indent2" width="20%">Other Info</td>
        <td colspan="1" rowspan="1" width="80%"/>
      </tr>
      <tr>
        <td colspan="1" rowspan="1" class="indent1" width="20%">URL</td>
        <td colspan="1" rowspan="1" width="80%">
          <a shape="rect" href="https://demo.owasp-juice.shop/socket.io/?EIO=4&amp;transport=polling&amp;t=P5eEGj1&amp;sid=siOkhKcUcU8D1IWdAARy">https://demo.owasp-juice.shop/socket.io/?EIO=4&amp;transport=polling&amp;t=P5eEGj1&amp;sid=siOkhKcUcU8D1IWdAARy</a>
        </td>
      </tr>
      <tr>
        <td colspan="1" rowspan="1" class="indent2" width="20%">Método</td>
        <td colspan="1" rowspan="1" width="80%">GET</td>
      </tr>
      <tr>
        <td colspan="1" rowspan="1" class="indent2" width="20%">Parámetros</td>
        <td colspan="1" rowspan="1" width="80%"/>
      </tr>
      <tr>
        <td colspan="1" rowspan="1" class="indent2" width="20%">Ataque</td>
        <td colspan="1" rowspan="1" width="80%"/>
      </tr>
      <tr>
        <td colspan="1" rowspan="1" class="indent2" width="20%">Evidencia</td>
        <td colspan="1" rowspan="1" width="80%"/>
      </tr>
      <tr>
        <td colspan="1" rowspan="1" class="indent2" width="20%">Other Info</td>
        <td colspan="1" rowspan="1" width="80%"/>
      </tr>
      <tr>
        <td colspan="1" rowspan="1" class="indent1" width="20%">URL</td>
        <td colspan="1" rowspan="1" width="80%">
          <a shape="rect" href="https://demo.owasp-juice.shop/socket.io/?EIO=4&amp;transport=polling&amp;t=P5eErBL">https://demo.owasp-juice.shop/socket.io/?EIO=4&amp;transport=polling&amp;t=P5eErBL</a>
        </td>
      </tr>
      <tr>
        <td colspan="1" rowspan="1" class="indent2" width="20%">Método</td>
        <td colspan="1" rowspan="1" width="80%">GET</td>
      </tr>
      <tr>
        <td colspan="1" rowspan="1" class="indent2" width="20%">Parámetros</td>
        <td colspan="1" rowspan="1" width="80%"/>
      </tr>
      <tr>
        <td colspan="1" rowspan="1" class="indent2" width="20%">Ataque</td>
        <td colspan="1" rowspan="1" width="80%"/>
      </tr>
      <tr>
        <td colspan="1" rowspan="1" class="indent2" width="20%">Evidencia</td>
        <td colspan="1" rowspan="1" width="80%"/>
      </tr>
      <tr>
        <td colspan="1" rowspan="1" class="indent2" width="20%">Other Info</td>
        <td colspan="1" rowspan="1" width="80%"/>
      </tr>
      <tr>
        <td colspan="1" rowspan="1" class="indent1" width="20%">URL</td>
        <td colspan="1" rowspan="1" width="80%">
          <a shape="rect" href="https://demo.owasp-juice.shop/socket.io/?EIO=4&amp;transport=polling&amp;t=P5eErFf&amp;sid=8XjwdI-N9bmNoL3qAASh">https://demo.owasp-juice.shop/socket.io/?EIO=4&amp;transport=polling&amp;t=P5eErFf&amp;sid=8XjwdI-N9bmNoL3qAASh</a>
        </td>
      </tr>
      <tr>
        <td colspan="1" rowspan="1" class="indent2" width="20%">Método</td>
        <td colspan="1" rowspan="1" width="80%">GET</td>
      </tr>
      <tr>
        <td colspan="1" rowspan="1" class="indent2" width="20%">Parámetros</td>
        <td colspan="1" rowspan="1" width="80%"/>
      </tr>
      <tr>
        <td colspan="1" rowspan="1" class="indent2" width="20%">Ataque</td>
        <td colspan="1" rowspan="1" width="80%"/>
      </tr>
      <tr>
        <td colspan="1" rowspan="1" class="indent2" width="20%">Evidencia</td>
        <td colspan="1" rowspan="1" width="80%"/>
      </tr>
      <tr>
        <td colspan="1" rowspan="1" class="indent2" width="20%">Other Info</td>
        <td colspan="1" rowspan="1" width="80%"/>
      </tr>
      <tr>
        <td colspan="1" rowspan="1" class="indent1" width="20%">URL</td>
        <td colspan="1" rowspan="1" width="80%">
          <a shape="rect" href="https://demo.owasp-juice.shop/socket.io/?EIO=4&amp;transport=polling&amp;t=P5eExhw">https://demo.owasp-juice.shop/socket.io/?EIO=4&amp;transport=polling&amp;t=P5eExhw</a>
        </td>
      </tr>
      <tr>
        <td colspan="1" rowspan="1" class="indent2" width="20%">Método</td>
        <td colspan="1" rowspan="1" width="80%">GET</td>
      </tr>
      <tr>
        <td colspan="1" rowspan="1" class="indent2" width="20%">Parámetros</td>
        <td colspan="1" rowspan="1" width="80%"/>
      </tr>
      <tr>
        <td colspan="1" rowspan="1" class="indent2" width="20%">Ataque</td>
        <td colspan="1" rowspan="1" width="80%"/>
      </tr>
      <tr>
        <td colspan="1" rowspan="1" class="indent2" width="20%">Evidencia</td>
        <td colspan="1" rowspan="1" width="80%"/>
      </tr>
      <tr>
        <td colspan="1" rowspan="1" class="indent2" width="20%">Other Info</td>
        <td colspan="1" rowspan="1" width="80%"/>
      </tr>
      <tr>
        <td colspan="1" rowspan="1" class="indent1" width="20%">URL</td>
        <td colspan="1" rowspan="1" width="80%">
          <a shape="rect" href="https://demo.owasp-juice.shop/socket.io/?EIO=4&amp;transport=polling&amp;t=P5eExmG&amp;sid=kZ26VJOLwn-6K0JsAASt">https://demo.owasp-juice.shop/socket.io/?EIO=4&amp;transport=polling&amp;t=P5eExmG&amp;sid=kZ26VJOLwn-6K0JsAASt</a>
        </td>
      </tr>
      <tr>
        <td colspan="1" rowspan="1" class="indent2" width="20%">Método</td>
        <td colspan="1" rowspan="1" width="80%">GET</td>
      </tr>
      <tr>
        <td colspan="1" rowspan="1" class="indent2" width="20%">Parámetros</td>
        <td colspan="1" rowspan="1" width="80%"/>
      </tr>
      <tr>
        <td colspan="1" rowspan="1" class="indent2" width="20%">Ataque</td>
        <td colspan="1" rowspan="1" width="80%"/>
      </tr>
      <tr>
        <td colspan="1" rowspan="1" class="indent2" width="20%">Evidencia</td>
        <td colspan="1" rowspan="1" width="80%"/>
      </tr>
      <tr>
        <td colspan="1" rowspan="1" class="indent2" width="20%">Other Info</td>
        <td colspan="1" rowspan="1" width="80%"/>
      </tr>
      <tr>
        <td colspan="1" rowspan="1" class="indent1" width="20%">URL</td>
        <td colspan="1" rowspan="1" width="80%">
          <a shape="rect" href="https://demo.owasp-juice.shop/socket.io/?EIO=4&amp;transport=websocket&amp;sid=3YzakH4yE0404A-FAAQX">https://demo.owasp-juice.shop/socket.io/?EIO=4&amp;transport=websocket&amp;sid=3YzakH4yE0404A-FAAQX</a>
        </td>
      </tr>
      <tr>
        <td colspan="1" rowspan="1" class="indent2" width="20%">Método</td>
        <td colspan="1" rowspan="1" width="80%">GET</td>
      </tr>
      <tr>
        <td colspan="1" rowspan="1" class="indent2" width="20%">Parámetros</td>
        <td colspan="1" rowspan="1" width="80%"/>
      </tr>
      <tr>
        <td colspan="1" rowspan="1" class="indent2" width="20%">Ataque</td>
        <td colspan="1" rowspan="1" width="80%"/>
      </tr>
      <tr>
        <td colspan="1" rowspan="1" class="indent2" width="20%">Evidencia</td>
        <td colspan="1" rowspan="1" width="80%"/>
      </tr>
      <tr>
        <td colspan="1" rowspan="1" class="indent2" width="20%">Other Info</td>
        <td colspan="1" rowspan="1" width="80%"/>
      </tr>
      <tr>
        <td colspan="1" rowspan="1" class="indent1" width="20%">URL</td>
        <td colspan="1" rowspan="1" width="80%">
          <a shape="rect" href="https://demo.owasp-juice.shop/socket.io/?EIO=4&amp;transport=websocket&amp;sid=7owDv-WBO4vaB6t3AARZ">https://demo.owasp-juice.shop/socket.io/?EIO=4&amp;transport=websocket&amp;sid=7owDv-WBO4vaB6t3AARZ</a>
        </td>
      </tr>
      <tr>
        <td colspan="1" rowspan="1" class="indent2" width="20%">Método</td>
        <td colspan="1" rowspan="1" width="80%">GET</td>
      </tr>
      <tr>
        <td colspan="1" rowspan="1" class="indent2" width="20%">Parámetros</td>
        <td colspan="1" rowspan="1" width="80%"/>
      </tr>
      <tr>
        <td colspan="1" rowspan="1" class="indent2" width="20%">Ataque</td>
        <td colspan="1" rowspan="1" width="80%"/>
      </tr>
      <tr>
        <td colspan="1" rowspan="1" class="indent2" width="20%">Evidencia</td>
        <td colspan="1" rowspan="1" width="80%"/>
      </tr>
      <tr>
        <td colspan="1" rowspan="1" class="indent2" width="20%">Other Info</td>
        <td colspan="1" rowspan="1" width="80%"/>
      </tr>
      <tr>
        <td colspan="1" rowspan="1" class="indent1" width="20%">URL</td>
        <td colspan="1" rowspan="1" width="80%">
          <a shape="rect" href="https://demo.owasp-juice.shop/socket.io/?EIO=4&amp;transport=websocket&amp;sid=8XjwdI-N9bmNoL3qAASh">https://demo.owasp-juice.shop/socket.io/?EIO=4&amp;transport=websocket&amp;sid=8XjwdI-N9bmNoL3qAASh</a>
        </td>
      </tr>
      <tr>
        <td colspan="1" rowspan="1" class="indent2" width="20%">Método</td>
        <td colspan="1" rowspan="1" width="80%">GET</td>
      </tr>
      <tr>
        <td colspan="1" rowspan="1" class="indent2" width="20%">Parámetros</td>
        <td colspan="1" rowspan="1" width="80%"/>
      </tr>
      <tr>
        <td colspan="1" rowspan="1" class="indent2" width="20%">Ataque</td>
        <td colspan="1" rowspan="1" width="80%"/>
      </tr>
      <tr>
        <td colspan="1" rowspan="1" class="indent2" width="20%">Evidencia</td>
        <td colspan="1" rowspan="1" width="80%"/>
      </tr>
      <tr>
        <td colspan="1" rowspan="1" class="indent2" width="20%">Other Info</td>
        <td colspan="1" rowspan="1" width="80%"/>
      </tr>
      <tr>
        <td colspan="1" rowspan="1" class="indent1" width="20%">URL</td>
        <td colspan="1" rowspan="1" width="80%">
          <a shape="rect" href="https://demo.owasp-juice.shop/socket.io/?EIO=4&amp;transport=websocket&amp;sid=kZ26VJOLwn-6K0JsAASt">https://demo.owasp-juice.shop/socket.io/?EIO=4&amp;transport=websocket&amp;sid=kZ26VJOLwn-6K0JsAASt</a>
        </td>
      </tr>
      <tr>
        <td colspan="1" rowspan="1" class="indent2" width="20%">Método</td>
        <td colspan="1" rowspan="1" width="80%">GET</td>
      </tr>
      <tr>
        <td colspan="1" rowspan="1" class="indent2" width="20%">Parámetros</td>
        <td colspan="1" rowspan="1" width="80%"/>
      </tr>
      <tr>
        <td colspan="1" rowspan="1" class="indent2" width="20%">Ataque</td>
        <td colspan="1" rowspan="1" width="80%"/>
      </tr>
      <tr>
        <td colspan="1" rowspan="1" class="indent2" width="20%">Evidencia</td>
        <td colspan="1" rowspan="1" width="80%"/>
      </tr>
      <tr>
        <td colspan="1" rowspan="1" class="indent2" width="20%">Other Info</td>
        <td colspan="1" rowspan="1" width="80%"/>
      </tr>
      <tr>
        <td colspan="1" rowspan="1" class="indent1" width="20%">URL</td>
        <td colspan="1" rowspan="1" width="80%">
          <a shape="rect" href="https://demo.owasp-juice.shop/socket.io/?EIO=4&amp;transport=websocket&amp;sid=siOkhKcUcU8D1IWdAARy">https://demo.owasp-juice.shop/socket.io/?EIO=4&amp;transport=websocket&amp;sid=siOkhKcUcU8D1IWdAARy</a>
        </td>
      </tr>
      <tr>
        <td colspan="1" rowspan="1" class="indent2" width="20%">Método</td>
        <td colspan="1" rowspan="1" width="80%">GET</td>
      </tr>
      <tr>
        <td colspan="1" rowspan="1" class="indent2" width="20%">Parámetros</td>
        <td colspan="1" rowspan="1" width="80%"/>
      </tr>
      <tr>
        <td colspan="1" rowspan="1" class="indent2" width="20%">Ataque</td>
        <td colspan="1" rowspan="1" width="80%"/>
      </tr>
      <tr>
        <td colspan="1" rowspan="1" class="indent2" width="20%">Evidencia</td>
        <td colspan="1" rowspan="1" width="80%"/>
      </tr>
      <tr>
        <td colspan="1" rowspan="1" class="indent2" width="20%">Other Info</td>
        <td colspan="1" rowspan="1" width="80%"/>
      </tr>
      <tr>
        <td colspan="1" rowspan="1" class="indent1" width="20%">URL</td>
        <td colspan="1" rowspan="1" width="80%">
          <a shape="rect" href="https://demo.owasp-juice.shop/socket.io/?EIO=4&amp;transport=websocket&amp;sid=zZ9WE7Jsg7O2fa9jAAQ9">https://demo.owasp-juice.shop/socket.io/?EIO=4&amp;transport=websocket&amp;sid=zZ9WE7Jsg7O2fa9jAAQ9</a>
        </td>
      </tr>
      <tr>
        <td colspan="1" rowspan="1" class="indent2" width="20%">Método</td>
        <td colspan="1" rowspan="1" width="80%">GET</td>
      </tr>
      <tr>
        <td colspan="1" rowspan="1" class="indent2" width="20%">Parámetros</td>
        <td colspan="1" rowspan="1" width="80%"/>
      </tr>
      <tr>
        <td colspan="1" rowspan="1" class="indent2" width="20%">Ataque</td>
        <td colspan="1" rowspan="1" width="80%"/>
      </tr>
      <tr>
        <td colspan="1" rowspan="1" class="indent2" width="20%">Evidencia</td>
        <td colspan="1" rowspan="1" width="80%"/>
      </tr>
      <tr>
        <td colspan="1" rowspan="1" class="indent2" width="20%">Other Info</td>
        <td colspan="1" rowspan="1" width="80%"/>
      </tr>
      <tr>
        <td colspan="1" rowspan="1" class="indent1" width="20%">URL</td>
        <td colspan="1" rowspan="1" width="80%">
          <a shape="rect" href="https://demo.owasp-juice.shop/styles.css">https://demo.owasp-juice.shop/styles.css</a>
        </td>
      </tr>
      <tr>
        <td colspan="1" rowspan="1" class="indent2" width="20%">Método</td>
        <td colspan="1" rowspan="1" width="80%">GET</td>
      </tr>
      <tr>
        <td colspan="1" rowspan="1" class="indent2" width="20%">Parámetros</td>
        <td colspan="1" rowspan="1" width="80%"/>
      </tr>
      <tr>
        <td colspan="1" rowspan="1" class="indent2" width="20%">Ataque</td>
        <td colspan="1" rowspan="1" width="80%"/>
      </tr>
      <tr>
        <td colspan="1" rowspan="1" class="indent2" width="20%">Evidencia</td>
        <td colspan="1" rowspan="1" width="80%"/>
      </tr>
      <tr>
        <td colspan="1" rowspan="1" class="indent2" width="20%">Other Info</td>
        <td colspan="1" rowspan="1" width="80%"/>
      </tr>
      <tr>
        <td colspan="1" rowspan="1" class="indent1" width="20%">URL</td>
        <td colspan="1" rowspan="1" width="80%">
          <a shape="rect" href="https://demo.owasp-juice.shop/vendor.js">https://demo.owasp-juice.shop/vendor.js</a>
        </td>
      </tr>
      <tr>
        <td colspan="1" rowspan="1" class="indent2" width="20%">Método</td>
        <td colspan="1" rowspan="1" width="80%">GET</td>
      </tr>
      <tr>
        <td colspan="1" rowspan="1" class="indent2" width="20%">Parámetros</td>
        <td colspan="1" rowspan="1" width="80%"/>
      </tr>
      <tr>
        <td colspan="1" rowspan="1" class="indent2" width="20%">Ataque</td>
        <td colspan="1" rowspan="1" width="80%"/>
      </tr>
      <tr>
        <td colspan="1" rowspan="1" class="indent2" width="20%">Evidencia</td>
        <td colspan="1" rowspan="1" width="80%"/>
      </tr>
      <tr>
        <td colspan="1" rowspan="1" class="indent2" width="20%">Other Info</td>
        <td colspan="1" rowspan="1" width="80%"/>
      </tr>
      <tr>
        <td colspan="1" rowspan="1" class="indent1" width="20%">URL</td>
        <td colspan="1" rowspan="1" width="80%">
          <a shape="rect" href="https://optimizationguide-pa.googleapis.com/downloads?name=1679317318&amp;target=OPTIMIZATION_TARGET_LANGUAGE_DETECTION">https://optimizationguide-pa.googleapis.com/downloads?name=1679317318&amp;target=OPTIMIZATION_TARGET_LANGUAGE_DETECTION</a>
        </td>
      </tr>
      <tr>
        <td colspan="1" rowspan="1" class="indent2" width="20%">Método</td>
        <td colspan="1" rowspan="1" width="80%">GET</td>
      </tr>
      <tr>
        <td colspan="1" rowspan="1" class="indent2" width="20%">Parámetros</td>
        <td colspan="1" rowspan="1" width="80%"/>
      </tr>
      <tr>
        <td colspan="1" rowspan="1" class="indent2" width="20%">Ataque</td>
        <td colspan="1" rowspan="1" width="80%"/>
      </tr>
      <tr>
        <td colspan="1" rowspan="1" class="indent2" width="20%">Evidencia</td>
        <td colspan="1" rowspan="1" width="80%"/>
      </tr>
      <tr>
        <td colspan="1" rowspan="1" class="indent2" width="20%">Other Info</td>
        <td colspan="1" rowspan="1" width="80%"/>
      </tr>
      <tr>
        <td colspan="1" rowspan="1" class="indent1" width="20%">URL</td>
        <td colspan="1" rowspan="1" width="80%">
          <a shape="rect" href="https://optimizationguide-pa.googleapis.com/downloads?name=1689043206&amp;target=OPTIMIZATION_TARGET_VISUAL_SEARCH_CLASSIFICATION">https://optimizationguide-pa.googleapis.com/downloads?name=1689043206&amp;target=OPTIMIZATION_TARGET_VISUAL_SEARCH_CLASSIFICATION</a>
        </td>
      </tr>
      <tr>
        <td colspan="1" rowspan="1" class="indent2" width="20%">Método</td>
        <td colspan="1" rowspan="1" width="80%">GET</td>
      </tr>
      <tr>
        <td colspan="1" rowspan="1" class="indent2" width="20%">Parámetros</td>
        <td colspan="1" rowspan="1" width="80%"/>
      </tr>
      <tr>
        <td colspan="1" rowspan="1" class="indent2" width="20%">Ataque</td>
        <td colspan="1" rowspan="1" width="80%"/>
      </tr>
      <tr>
        <td colspan="1" rowspan="1" class="indent2" width="20%">Evidencia</td>
        <td colspan="1" rowspan="1" width="80%"/>
      </tr>
      <tr>
        <td colspan="1" rowspan="1" class="indent2" width="20%">Other Info</td>
        <td colspan="1" rowspan="1" width="80%"/>
      </tr>
      <tr>
        <td colspan="1" rowspan="1" class="indent1" width="20%">URL</td>
        <td colspan="1" rowspan="1" width="80%">
          <a shape="rect" href="https://optimizationguide-pa.googleapis.com/downloads?name=1691042511&amp;target=OPTIMIZATION_TARGET_NEW_TAB_PAGE_HISTORY_CLUSTERS_MODULE_RANKING">https://optimizationguide-pa.googleapis.com/downloads?name=1691042511&amp;target=OPTIMIZATION_TARGET_NEW_TAB_PAGE_HISTORY_CLUSTERS_MODULE_RANKING</a>
        </td>
      </tr>
      <tr>
        <td colspan="1" rowspan="1" class="indent2" width="20%">Método</td>
        <td colspan="1" rowspan="1" width="80%">GET</td>
      </tr>
      <tr>
        <td colspan="1" rowspan="1" class="indent2" width="20%">Parámetros</td>
        <td colspan="1" rowspan="1" width="80%"/>
      </tr>
      <tr>
        <td colspan="1" rowspan="1" class="indent2" width="20%">Ataque</td>
        <td colspan="1" rowspan="1" width="80%"/>
      </tr>
      <tr>
        <td colspan="1" rowspan="1" class="indent2" width="20%">Evidencia</td>
        <td colspan="1" rowspan="1" width="80%"/>
      </tr>
      <tr>
        <td colspan="1" rowspan="1" class="indent2" width="20%">Other Info</td>
        <td colspan="1" rowspan="1" width="80%"/>
      </tr>
      <tr>
        <td colspan="1" rowspan="1" class="indent1" width="20%">URL</td>
        <td colspan="1" rowspan="1" width="80%">
          <a shape="rect" href="https://optimizationguide-pa.googleapis.com/downloads?name=1696267841&amp;target=OPTIMIZATION_TARGET_OMNIBOX_URL_SCORING">https://optimizationguide-pa.googleapis.com/downloads?name=1696267841&amp;target=OPTIMIZATION_TARGET_OMNIBOX_URL_SCORING</a>
        </td>
      </tr>
      <tr>
        <td colspan="1" rowspan="1" class="indent2" width="20%">Método</td>
        <td colspan="1" rowspan="1" width="80%">GET</td>
      </tr>
      <tr>
        <td colspan="1" rowspan="1" class="indent2" width="20%">Parámetros</td>
        <td colspan="1" rowspan="1" width="80%"/>
      </tr>
      <tr>
        <td colspan="1" rowspan="1" class="indent2" width="20%">Ataque</td>
        <td colspan="1" rowspan="1" width="80%"/>
      </tr>
      <tr>
        <td colspan="1" rowspan="1" class="indent2" width="20%">Evidencia</td>
        <td colspan="1" rowspan="1" width="80%"/>
      </tr>
      <tr>
        <td colspan="1" rowspan="1" class="indent2" width="20%">Other Info</td>
        <td colspan="1" rowspan="1" width="80%"/>
      </tr>
      <tr>
        <td colspan="1" rowspan="1" class="indent1" width="20%">URL</td>
        <td colspan="1" rowspan="1" width="80%">
          <a shape="rect" href="https://optimizationguide-pa.googleapis.com/downloads?name=1715213284&amp;target=OPTIMIZATION_TARGET_TEXT_SAFETY">https://optimizationguide-pa.googleapis.com/downloads?name=1715213284&amp;target=OPTIMIZATION_TARGET_TEXT_SAFETY</a>
        </td>
      </tr>
      <tr>
        <td colspan="1" rowspan="1" class="indent2" width="20%">Método</td>
        <td colspan="1" rowspan="1" width="80%">GET</td>
      </tr>
      <tr>
        <td colspan="1" rowspan="1" class="indent2" width="20%">Parámetros</td>
        <td colspan="1" rowspan="1" width="80%"/>
      </tr>
      <tr>
        <td colspan="1" rowspan="1" class="indent2" width="20%">Ataque</td>
        <td colspan="1" rowspan="1" width="80%"/>
      </tr>
      <tr>
        <td colspan="1" rowspan="1" class="indent2" width="20%">Evidencia</td>
        <td colspan="1" rowspan="1" width="80%"/>
      </tr>
      <tr>
        <td colspan="1" rowspan="1" class="indent2" width="20%">Other Info</td>
        <td colspan="1" rowspan="1" width="80%"/>
      </tr>
      <tr>
        <td colspan="1" rowspan="1" class="indent1" width="20%">URL</td>
        <td colspan="1" rowspan="1" width="80%">
          <a shape="rect" href="https://optimizationguide-pa.googleapis.com/downloads?name=1721660842&amp;target=OPTIMIZATION_TARGET_CLIENT_SIDE_PHISHING">https://optimizationguide-pa.googleapis.com/downloads?name=1721660842&amp;target=OPTIMIZATION_TARGET_CLIENT_SIDE_PHISHING</a>
        </td>
      </tr>
      <tr>
        <td colspan="1" rowspan="1" class="indent2" width="20%">Método</td>
        <td colspan="1" rowspan="1" width="80%">GET</td>
      </tr>
      <tr>
        <td colspan="1" rowspan="1" class="indent2" width="20%">Parámetros</td>
        <td colspan="1" rowspan="1" width="80%"/>
      </tr>
      <tr>
        <td colspan="1" rowspan="1" class="indent2" width="20%">Ataque</td>
        <td colspan="1" rowspan="1" width="80%"/>
      </tr>
      <tr>
        <td colspan="1" rowspan="1" class="indent2" width="20%">Evidencia</td>
        <td colspan="1" rowspan="1" width="80%"/>
      </tr>
      <tr>
        <td colspan="1" rowspan="1" class="indent2" width="20%">Other Info</td>
        <td colspan="1" rowspan="1" width="80%"/>
      </tr>
      <tr>
        <td colspan="1" rowspan="1" class="indent1" width="20%">URL</td>
        <td colspan="1" rowspan="1" width="80%">
          <a shape="rect" href="https://optimizationguide-pa.googleapis.com/downloads?name=1721660892&amp;target=OPTIMIZATION_TARGET_GEOLOCATION_PERMISSION_PREDICTIONS">https://optimizationguide-pa.googleapis.com/downloads?name=1721660892&amp;target=OPTIMIZATION_TARGET_GEOLOCATION_PERMISSION_PREDICTIONS</a>
        </td>
      </tr>
      <tr>
        <td colspan="1" rowspan="1" class="indent2" width="20%">Método</td>
        <td colspan="1" rowspan="1" width="80%">GET</td>
      </tr>
      <tr>
        <td colspan="1" rowspan="1" class="indent2" width="20%">Parámetros</td>
        <td colspan="1" rowspan="1" width="80%"/>
      </tr>
      <tr>
        <td colspan="1" rowspan="1" class="indent2" width="20%">Ataque</td>
        <td colspan="1" rowspan="1" width="80%"/>
      </tr>
      <tr>
        <td colspan="1" rowspan="1" class="indent2" width="20%">Evidencia</td>
        <td colspan="1" rowspan="1" width="80%"/>
      </tr>
      <tr>
        <td colspan="1" rowspan="1" class="indent2" width="20%">Other Info</td>
        <td colspan="1" rowspan="1" width="80%"/>
      </tr>
      <tr>
        <td colspan="1" rowspan="1" class="indent1" width="20%">URL</td>
        <td colspan="1" rowspan="1" width="80%">
          <a shape="rect" href="https://optimizationguide-pa.googleapis.com/downloads?name=1721660925&amp;target=OPTIMIZATION_TARGET_NOTIFICATION_PERMISSION_PREDICTIONS">https://optimizationguide-pa.googleapis.com/downloads?name=1721660925&amp;target=OPTIMIZATION_TARGET_NOTIFICATION_PERMISSION_PREDICTIONS</a>
        </td>
      </tr>
      <tr>
        <td colspan="1" rowspan="1" class="indent2" width="20%">Método</td>
        <td colspan="1" rowspan="1" width="80%">GET</td>
      </tr>
      <tr>
        <td colspan="1" rowspan="1" class="indent2" width="20%">Parámetros</td>
        <td colspan="1" rowspan="1" width="80%"/>
      </tr>
      <tr>
        <td colspan="1" rowspan="1" class="indent2" width="20%">Ataque</td>
        <td colspan="1" rowspan="1" width="80%"/>
      </tr>
      <tr>
        <td colspan="1" rowspan="1" class="indent2" width="20%">Evidencia</td>
        <td colspan="1" rowspan="1" width="80%"/>
      </tr>
      <tr>
        <td colspan="1" rowspan="1" class="indent2" width="20%">Other Info</td>
        <td colspan="1" rowspan="1" width="80%"/>
      </tr>
      <tr>
        <td colspan="1" rowspan="1" class="indent1" width="20%">URL</td>
        <td colspan="1" rowspan="1" width="80%">
          <a shape="rect" href="https://optimizationguide-pa.googleapis.com/downloads?name=5&amp;target=OPTIMIZATION_TARGET_PAGE_TOPICS_V2">https://optimizationguide-pa.googleapis.com/downloads?name=5&amp;target=OPTIMIZATION_TARGET_PAGE_TOPICS_V2</a>
        </td>
      </tr>
      <tr>
        <td colspan="1" rowspan="1" class="indent2" width="20%">Método</td>
        <td colspan="1" rowspan="1" width="80%">GET</td>
      </tr>
      <tr>
        <td colspan="1" rowspan="1" class="indent2" width="20%">Parámetros</td>
        <td colspan="1" rowspan="1" width="80%"/>
      </tr>
      <tr>
        <td colspan="1" rowspan="1" class="indent2" width="20%">Ataque</td>
        <td colspan="1" rowspan="1" width="80%"/>
      </tr>
      <tr>
        <td colspan="1" rowspan="1" class="indent2" width="20%">Evidencia</td>
        <td colspan="1" rowspan="1" width="80%"/>
      </tr>
      <tr>
        <td colspan="1" rowspan="1" class="indent2" width="20%">Other Info</td>
        <td colspan="1" rowspan="1" width="80%"/>
      </tr>
      <tr>
        <td colspan="1" rowspan="1" class="indent1" width="20%">URL</td>
        <td colspan="1" rowspan="1" width="80%">
          <a shape="rect" href="https://todo.ly/">https://todo.ly/</a>
        </td>
      </tr>
      <tr>
        <td colspan="1" rowspan="1" class="indent2" width="20%">Método</td>
        <td colspan="1" rowspan="1" width="80%">GET</td>
      </tr>
      <tr>
        <td colspan="1" rowspan="1" class="indent2" width="20%">Parámetros</td>
        <td colspan="1" rowspan="1" width="80%"/>
      </tr>
      <tr>
        <td colspan="1" rowspan="1" class="indent2" width="20%">Ataque</td>
        <td colspan="1" rowspan="1" width="80%"/>
      </tr>
      <tr>
        <td colspan="1" rowspan="1" class="indent2" width="20%">Evidencia</td>
        <td colspan="1" rowspan="1" width="80%"/>
      </tr>
      <tr>
        <td colspan="1" rowspan="1" class="indent2" width="20%">Other Info</td>
        <td colspan="1" rowspan="1" width="80%"/>
      </tr>
      <tr>
        <td colspan="1" rowspan="1" class="indent1" width="20%">URL</td>
        <td colspan="1" rowspan="1" width="80%">
          <a shape="rect" href="https://todo.ly/Images/openhand.cur">https://todo.ly/Images/openhand.cur</a>
        </td>
      </tr>
      <tr>
        <td colspan="1" rowspan="1" class="indent2" width="20%">Método</td>
        <td colspan="1" rowspan="1" width="80%">GET</td>
      </tr>
      <tr>
        <td colspan="1" rowspan="1" class="indent2" width="20%">Parámetros</td>
        <td colspan="1" rowspan="1" width="80%"/>
      </tr>
      <tr>
        <td colspan="1" rowspan="1" class="indent2" width="20%">Ataque</td>
        <td colspan="1" rowspan="1" width="80%"/>
      </tr>
      <tr>
        <td colspan="1" rowspan="1" class="indent2" width="20%">Evidencia</td>
        <td colspan="1" rowspan="1" width="80%"/>
      </tr>
      <tr>
        <td colspan="1" rowspan="1" class="indent2" width="20%">Other Info</td>
        <td colspan="1" rowspan="1" width="80%"/>
      </tr>
      <tr>
        <td colspan="1" rowspan="1" class="indent1" width="20%">URL</td>
        <td colspan="1" rowspan="1" width="80%">
          <a shape="rect" href="https://todo.ly/Scripts/date.js?v=4">https://todo.ly/Scripts/date.js?v=4</a>
        </td>
      </tr>
      <tr>
        <td colspan="1" rowspan="1" class="indent2" width="20%">Método</td>
        <td colspan="1" rowspan="1" width="80%">GET</td>
      </tr>
      <tr>
        <td colspan="1" rowspan="1" class="indent2" width="20%">Parámetros</td>
        <td colspan="1" rowspan="1" width="80%"/>
      </tr>
      <tr>
        <td colspan="1" rowspan="1" class="indent2" width="20%">Ataque</td>
        <td colspan="1" rowspan="1" width="80%"/>
      </tr>
      <tr>
        <td colspan="1" rowspan="1" class="indent2" width="20%">Evidencia</td>
        <td colspan="1" rowspan="1" width="80%"/>
      </tr>
      <tr>
        <td colspan="1" rowspan="1" class="indent2" width="20%">Other Info</td>
        <td colspan="1" rowspan="1" width="80%"/>
      </tr>
      <tr>
        <td colspan="1" rowspan="1" class="indent1" width="20%">URL</td>
        <td colspan="1" rowspan="1" width="80%">
          <a shape="rect" href="https://todo.ly/Scripts/jquery-1.7.1.min.js">https://todo.ly/Scripts/jquery-1.7.1.min.js</a>
        </td>
      </tr>
      <tr>
        <td colspan="1" rowspan="1" class="indent2" width="20%">Método</td>
        <td colspan="1" rowspan="1" width="80%">GET</td>
      </tr>
      <tr>
        <td colspan="1" rowspan="1" class="indent2" width="20%">Parámetros</td>
        <td colspan="1" rowspan="1" width="80%"/>
      </tr>
      <tr>
        <td colspan="1" rowspan="1" class="indent2" width="20%">Ataque</td>
        <td colspan="1" rowspan="1" width="80%"/>
      </tr>
      <tr>
        <td colspan="1" rowspan="1" class="indent2" width="20%">Evidencia</td>
        <td colspan="1" rowspan="1" width="80%"/>
      </tr>
      <tr>
        <td colspan="1" rowspan="1" class="indent2" width="20%">Other Info</td>
        <td colspan="1" rowspan="1" width="80%"/>
      </tr>
      <tr>
        <td colspan="1" rowspan="1" class="indent1" width="20%">URL</td>
        <td colspan="1" rowspan="1" width="80%">
          <a shape="rect" href="https://todo.ly/Scripts/jquery-ui-1.8.13.custom.min.js?v=6">https://todo.ly/Scripts/jquery-ui-1.8.13.custom.min.js?v=6</a>
        </td>
      </tr>
      <tr>
        <td colspan="1" rowspan="1" class="indent2" width="20%">Método</td>
        <td colspan="1" rowspan="1" width="80%">GET</td>
      </tr>
      <tr>
        <td colspan="1" rowspan="1" class="indent2" width="20%">Parámetros</td>
        <td colspan="1" rowspan="1" width="80%"/>
      </tr>
      <tr>
        <td colspan="1" rowspan="1" class="indent2" width="20%">Ataque</td>
        <td colspan="1" rowspan="1" width="80%"/>
      </tr>
      <tr>
        <td colspan="1" rowspan="1" class="indent2" width="20%">Evidencia</td>
        <td colspan="1" rowspan="1" width="80%"/>
      </tr>
      <tr>
        <td colspan="1" rowspan="1" class="indent2" width="20%">Other Info</td>
        <td colspan="1" rowspan="1" width="80%"/>
      </tr>
      <tr>
        <td colspan="1" rowspan="1" class="indent1" width="20%">URL</td>
        <td colspan="1" rowspan="1" width="80%">
          <a shape="rect" href="https://todo.ly/Scripts/jquery-ui-timepicker-addon.js">https://todo.ly/Scripts/jquery-ui-timepicker-addon.js</a>
        </td>
      </tr>
      <tr>
        <td colspan="1" rowspan="1" class="indent2" width="20%">Método</td>
        <td colspan="1" rowspan="1" width="80%">GET</td>
      </tr>
      <tr>
        <td colspan="1" rowspan="1" class="indent2" width="20%">Parámetros</td>
        <td colspan="1" rowspan="1" width="80%"/>
      </tr>
      <tr>
        <td colspan="1" rowspan="1" class="indent2" width="20%">Ataque</td>
        <td colspan="1" rowspan="1" width="80%"/>
      </tr>
      <tr>
        <td colspan="1" rowspan="1" class="indent2" width="20%">Evidencia</td>
        <td colspan="1" rowspan="1" width="80%"/>
      </tr>
      <tr>
        <td colspan="1" rowspan="1" class="indent2" width="20%">Other Info</td>
        <td colspan="1" rowspan="1" width="80%"/>
      </tr>
      <tr>
        <td colspan="1" rowspan="1" class="indent1" width="20%">URL</td>
        <td colspan="1" rowspan="1" width="80%">
          <a shape="rect" href="https://todo.ly/Scripts/jquery.autogrow-textarea.js">https://todo.ly/Scripts/jquery.autogrow-textarea.js</a>
        </td>
      </tr>
      <tr>
        <td colspan="1" rowspan="1" class="indent2" width="20%">Método</td>
        <td colspan="1" rowspan="1" width="80%">GET</td>
      </tr>
      <tr>
        <td colspan="1" rowspan="1" class="indent2" width="20%">Parámetros</td>
        <td colspan="1" rowspan="1" width="80%"/>
      </tr>
      <tr>
        <td colspan="1" rowspan="1" class="indent2" width="20%">Ataque</td>
        <td colspan="1" rowspan="1" width="80%"/>
      </tr>
      <tr>
        <td colspan="1" rowspan="1" class="indent2" width="20%">Evidencia</td>
        <td colspan="1" rowspan="1" width="80%"/>
      </tr>
      <tr>
        <td colspan="1" rowspan="1" class="indent2" width="20%">Other Info</td>
        <td colspan="1" rowspan="1" width="80%"/>
      </tr>
      <tr>
        <td colspan="1" rowspan="1" class="indent1" width="20%">URL</td>
        <td colspan="1" rowspan="1" width="80%">
          <a shape="rect" href="https://todo.ly/Scripts/jquery.clearableTextField.min.js">https://todo.ly/Scripts/jquery.clearableTextField.min.js</a>
        </td>
      </tr>
      <tr>
        <td colspan="1" rowspan="1" class="indent2" width="20%">Método</td>
        <td colspan="1" rowspan="1" width="80%">GET</td>
      </tr>
      <tr>
        <td colspan="1" rowspan="1" class="indent2" width="20%">Parámetros</td>
        <td colspan="1" rowspan="1" width="80%"/>
      </tr>
      <tr>
        <td colspan="1" rowspan="1" class="indent2" width="20%">Ataque</td>
        <td colspan="1" rowspan="1" width="80%"/>
      </tr>
      <tr>
        <td colspan="1" rowspan="1" class="indent2" width="20%">Evidencia</td>
        <td colspan="1" rowspan="1" width="80%"/>
      </tr>
      <tr>
        <td colspan="1" rowspan="1" class="indent2" width="20%">Other Info</td>
        <td colspan="1" rowspan="1" width="80%"/>
      </tr>
      <tr>
        <td colspan="1" rowspan="1" class="indent1" width="20%">URL</td>
        <td colspan="1" rowspan="1" width="80%">
          <a shape="rect" href="https://todo.ly/Scripts/jquery.contextMenu.js?v=6">https://todo.ly/Scripts/jquery.contextMenu.js?v=6</a>
        </td>
      </tr>
      <tr>
        <td colspan="1" rowspan="1" class="indent2" width="20%">Método</td>
        <td colspan="1" rowspan="1" width="80%">GET</td>
      </tr>
      <tr>
        <td colspan="1" rowspan="1" class="indent2" width="20%">Parámetros</td>
        <td colspan="1" rowspan="1" width="80%"/>
      </tr>
      <tr>
        <td colspan="1" rowspan="1" class="indent2" width="20%">Ataque</td>
        <td colspan="1" rowspan="1" width="80%"/>
      </tr>
      <tr>
        <td colspan="1" rowspan="1" class="indent2" width="20%">Evidencia</td>
        <td colspan="1" rowspan="1" width="80%"/>
      </tr>
      <tr>
        <td colspan="1" rowspan="1" class="indent2" width="20%">Other Info</td>
        <td colspan="1" rowspan="1" width="80%"/>
      </tr>
      <tr>
        <td colspan="1" rowspan="1" class="indent1" width="20%">URL</td>
        <td colspan="1" rowspan="1" width="80%">
          <a shape="rect" href="https://todo.ly/Scripts/jquery.cookie.js">https://todo.ly/Scripts/jquery.cookie.js</a>
        </td>
      </tr>
      <tr>
        <td colspan="1" rowspan="1" class="indent2" width="20%">Método</td>
        <td colspan="1" rowspan="1" width="80%">GET</td>
      </tr>
      <tr>
        <td colspan="1" rowspan="1" class="indent2" width="20%">Parámetros</td>
        <td colspan="1" rowspan="1" width="80%"/>
      </tr>
      <tr>
        <td colspan="1" rowspan="1" class="indent2" width="20%">Ataque</td>
        <td colspan="1" rowspan="1" width="80%"/>
      </tr>
      <tr>
        <td colspan="1" rowspan="1" class="indent2" width="20%">Evidencia</td>
        <td colspan="1" rowspan="1" width="80%"/>
      </tr>
      <tr>
        <td colspan="1" rowspan="1" class="indent2" width="20%">Other Info</td>
        <td colspan="1" rowspan="1" width="80%"/>
      </tr>
      <tr>
        <td colspan="1" rowspan="1" class="indent1" width="20%">URL</td>
        <td colspan="1" rowspan="1" width="80%">
          <a shape="rect" href="https://todo.ly/Scripts/jquery.dropshadow.js">https://todo.ly/Scripts/jquery.dropshadow.js</a>
        </td>
      </tr>
      <tr>
        <td colspan="1" rowspan="1" class="indent2" width="20%">Método</td>
        <td colspan="1" rowspan="1" width="80%">GET</td>
      </tr>
      <tr>
        <td colspan="1" rowspan="1" class="indent2" width="20%">Parámetros</td>
        <td colspan="1" rowspan="1" width="80%"/>
      </tr>
      <tr>
        <td colspan="1" rowspan="1" class="indent2" width="20%">Ataque</td>
        <td colspan="1" rowspan="1" width="80%"/>
      </tr>
      <tr>
        <td colspan="1" rowspan="1" class="indent2" width="20%">Evidencia</td>
        <td colspan="1" rowspan="1" width="80%"/>
      </tr>
      <tr>
        <td colspan="1" rowspan="1" class="indent2" width="20%">Other Info</td>
        <td colspan="1" rowspan="1" width="80%"/>
      </tr>
      <tr>
        <td colspan="1" rowspan="1" class="indent1" width="20%">URL</td>
        <td colspan="1" rowspan="1" width="80%">
          <a shape="rect" href="https://todo.ly/Scripts/jquery.fancybox-1.3.1.pack.js">https://todo.ly/Scripts/jquery.fancybox-1.3.1.pack.js</a>
        </td>
      </tr>
      <tr>
        <td colspan="1" rowspan="1" class="indent2" width="20%">Método</td>
        <td colspan="1" rowspan="1" width="80%">GET</td>
      </tr>
      <tr>
        <td colspan="1" rowspan="1" class="indent2" width="20%">Parámetros</td>
        <td colspan="1" rowspan="1" width="80%"/>
      </tr>
      <tr>
        <td colspan="1" rowspan="1" class="indent2" width="20%">Ataque</td>
        <td colspan="1" rowspan="1" width="80%"/>
      </tr>
      <tr>
        <td colspan="1" rowspan="1" class="indent2" width="20%">Evidencia</td>
        <td colspan="1" rowspan="1" width="80%"/>
      </tr>
      <tr>
        <td colspan="1" rowspan="1" class="indent2" width="20%">Other Info</td>
        <td colspan="1" rowspan="1" width="80%"/>
      </tr>
      <tr>
        <td colspan="1" rowspan="1" class="indent1" width="20%">URL</td>
        <td colspan="1" rowspan="1" width="80%">
          <a shape="rect" href="https://todo.ly/Scripts/jquery.json-2.2.min.js">https://todo.ly/Scripts/jquery.json-2.2.min.js</a>
        </td>
      </tr>
      <tr>
        <td colspan="1" rowspan="1" class="indent2" width="20%">Método</td>
        <td colspan="1" rowspan="1" width="80%">GET</td>
      </tr>
      <tr>
        <td colspan="1" rowspan="1" class="indent2" width="20%">Parámetros</td>
        <td colspan="1" rowspan="1" width="80%"/>
      </tr>
      <tr>
        <td colspan="1" rowspan="1" class="indent2" width="20%">Ataque</td>
        <td colspan="1" rowspan="1" width="80%"/>
      </tr>
      <tr>
        <td colspan="1" rowspan="1" class="indent2" width="20%">Evidencia</td>
        <td colspan="1" rowspan="1" width="80%"/>
      </tr>
      <tr>
        <td colspan="1" rowspan="1" class="indent2" width="20%">Other Info</td>
        <td colspan="1" rowspan="1" width="80%"/>
      </tr>
      <tr>
        <td colspan="1" rowspan="1" class="indent1" width="20%">URL</td>
        <td colspan="1" rowspan="1" width="80%">
          <a shape="rect" href="https://todo.ly/Scripts/jquery.popupWindow.js">https://todo.ly/Scripts/jquery.popupWindow.js</a>
        </td>
      </tr>
      <tr>
        <td colspan="1" rowspan="1" class="indent2" width="20%">Método</td>
        <td colspan="1" rowspan="1" width="80%">GET</td>
      </tr>
      <tr>
        <td colspan="1" rowspan="1" class="indent2" width="20%">Parámetros</td>
        <td colspan="1" rowspan="1" width="80%"/>
      </tr>
      <tr>
        <td colspan="1" rowspan="1" class="indent2" width="20%">Ataque</td>
        <td colspan="1" rowspan="1" width="80%"/>
      </tr>
      <tr>
        <td colspan="1" rowspan="1" class="indent2" width="20%">Evidencia</td>
        <td colspan="1" rowspan="1" width="80%"/>
      </tr>
      <tr>
        <td colspan="1" rowspan="1" class="indent2" width="20%">Other Info</td>
        <td colspan="1" rowspan="1" width="80%"/>
      </tr>
      <tr>
        <td colspan="1" rowspan="1" class="indent1" width="20%">URL</td>
        <td colspan="1" rowspan="1" width="80%">
          <a shape="rect" href="https://todo.ly/Scripts/jquery.printElement.js">https://todo.ly/Scripts/jquery.printElement.js</a>
        </td>
      </tr>
      <tr>
        <td colspan="1" rowspan="1" class="indent2" width="20%">Método</td>
        <td colspan="1" rowspan="1" width="80%">GET</td>
      </tr>
      <tr>
        <td colspan="1" rowspan="1" class="indent2" width="20%">Parámetros</td>
        <td colspan="1" rowspan="1" width="80%"/>
      </tr>
      <tr>
        <td colspan="1" rowspan="1" class="indent2" width="20%">Ataque</td>
        <td colspan="1" rowspan="1" width="80%"/>
      </tr>
      <tr>
        <td colspan="1" rowspan="1" class="indent2" width="20%">Evidencia</td>
        <td colspan="1" rowspan="1" width="80%"/>
      </tr>
      <tr>
        <td colspan="1" rowspan="1" class="indent2" width="20%">Other Info</td>
        <td colspan="1" rowspan="1" width="80%"/>
      </tr>
      <tr>
        <td colspan="1" rowspan="1" class="indent1" width="20%">URL</td>
        <td colspan="1" rowspan="1" width="80%">
          <a shape="rect" href="https://todo.ly/Scripts/jquery.watermark.min.js">https://todo.ly/Scripts/jquery.watermark.min.js</a>
        </td>
      </tr>
      <tr>
        <td colspan="1" rowspan="1" class="indent2" width="20%">Método</td>
        <td colspan="1" rowspan="1" width="80%">GET</td>
      </tr>
      <tr>
        <td colspan="1" rowspan="1" class="indent2" width="20%">Parámetros</td>
        <td colspan="1" rowspan="1" width="80%"/>
      </tr>
      <tr>
        <td colspan="1" rowspan="1" class="indent2" width="20%">Ataque</td>
        <td colspan="1" rowspan="1" width="80%"/>
      </tr>
      <tr>
        <td colspan="1" rowspan="1" class="indent2" width="20%">Evidencia</td>
        <td colspan="1" rowspan="1" width="80%"/>
      </tr>
      <tr>
        <td colspan="1" rowspan="1" class="indent2" width="20%">Other Info</td>
        <td colspan="1" rowspan="1" width="80%"/>
      </tr>
      <tr>
        <td colspan="1" rowspan="1" class="indent1" width="20%">URL</td>
        <td colspan="1" rowspan="1" width="80%">
          <a shape="rect" href="https://todo.ly/Scripts/json2.js">https://todo.ly/Scripts/json2.js</a>
        </td>
      </tr>
      <tr>
        <td colspan="1" rowspan="1" class="indent2" width="20%">Método</td>
        <td colspan="1" rowspan="1" width="80%">GET</td>
      </tr>
      <tr>
        <td colspan="1" rowspan="1" class="indent2" width="20%">Parámetros</td>
        <td colspan="1" rowspan="1" width="80%"/>
      </tr>
      <tr>
        <td colspan="1" rowspan="1" class="indent2" width="20%">Ataque</td>
        <td colspan="1" rowspan="1" width="80%"/>
      </tr>
      <tr>
        <td colspan="1" rowspan="1" class="indent2" width="20%">Evidencia</td>
        <td colspan="1" rowspan="1" width="80%"/>
      </tr>
      <tr>
        <td colspan="1" rowspan="1" class="indent2" width="20%">Other Info</td>
        <td colspan="1" rowspan="1" width="80%"/>
      </tr>
      <tr>
        <td colspan="1" rowspan="1" class="indent1" width="20%">URL</td>
        <td colspan="1" rowspan="1" width="80%">
          <a shape="rect" href="https://todo.ly/Scripts/jstz-1.0.4.min.js">https://todo.ly/Scripts/jstz-1.0.4.min.js</a>
        </td>
      </tr>
      <tr>
        <td colspan="1" rowspan="1" class="indent2" width="20%">Método</td>
        <td colspan="1" rowspan="1" width="80%">GET</td>
      </tr>
      <tr>
        <td colspan="1" rowspan="1" class="indent2" width="20%">Parámetros</td>
        <td colspan="1" rowspan="1" width="80%"/>
      </tr>
      <tr>
        <td colspan="1" rowspan="1" class="indent2" width="20%">Ataque</td>
        <td colspan="1" rowspan="1" width="80%"/>
      </tr>
      <tr>
        <td colspan="1" rowspan="1" class="indent2" width="20%">Evidencia</td>
        <td colspan="1" rowspan="1" width="80%"/>
      </tr>
      <tr>
        <td colspan="1" rowspan="1" class="indent2" width="20%">Other Info</td>
        <td colspan="1" rowspan="1" width="80%"/>
      </tr>
      <tr>
        <td colspan="1" rowspan="1" class="indent1" width="20%">URL</td>
        <td colspan="1" rowspan="1" width="80%">
          <a shape="rect" href="https://todo.ly/Scripts/nicEdit.js">https://todo.ly/Scripts/nicEdit.js</a>
        </td>
      </tr>
      <tr>
        <td colspan="1" rowspan="1" class="indent2" width="20%">Método</td>
        <td colspan="1" rowspan="1" width="80%">GET</td>
      </tr>
      <tr>
        <td colspan="1" rowspan="1" class="indent2" width="20%">Parámetros</td>
        <td colspan="1" rowspan="1" width="80%"/>
      </tr>
      <tr>
        <td colspan="1" rowspan="1" class="indent2" width="20%">Ataque</td>
        <td colspan="1" rowspan="1" width="80%"/>
      </tr>
      <tr>
        <td colspan="1" rowspan="1" class="indent2" width="20%">Evidencia</td>
        <td colspan="1" rowspan="1" width="80%"/>
      </tr>
      <tr>
        <td colspan="1" rowspan="1" class="indent2" width="20%">Other Info</td>
        <td colspan="1" rowspan="1" width="80%"/>
      </tr>
      <tr>
        <td colspan="1" rowspan="1" class="indent1" width="20%">URL</td>
        <td colspan="1" rowspan="1" width="80%">
          <a shape="rect" href="https://todo.ly/Scripts/todoly-c11.js">https://todo.ly/Scripts/todoly-c11.js</a>
        </td>
      </tr>
      <tr>
        <td colspan="1" rowspan="1" class="indent2" width="20%">Método</td>
        <td colspan="1" rowspan="1" width="80%">GET</td>
      </tr>
      <tr>
        <td colspan="1" rowspan="1" class="indent2" width="20%">Parámetros</td>
        <td colspan="1" rowspan="1" width="80%"/>
      </tr>
      <tr>
        <td colspan="1" rowspan="1" class="indent2" width="20%">Ataque</td>
        <td colspan="1" rowspan="1" width="80%"/>
      </tr>
      <tr>
        <td colspan="1" rowspan="1" class="indent2" width="20%">Evidencia</td>
        <td colspan="1" rowspan="1" width="80%"/>
      </tr>
      <tr>
        <td colspan="1" rowspan="1" class="indent2" width="20%">Other Info</td>
        <td colspan="1" rowspan="1" width="80%"/>
      </tr>
      <tr>
        <td colspan="1" rowspan="1" class="indent1" width="20%">URL</td>
        <td colspan="1" rowspan="1" width="80%">
          <a shape="rect" href="https://todo.ly/Style/blue3/jquery-ui-1.8.13.custom.css?v=6">https://todo.ly/Style/blue3/jquery-ui-1.8.13.custom.css?v=6</a>
        </td>
      </tr>
      <tr>
        <td colspan="1" rowspan="1" class="indent2" width="20%">Método</td>
        <td colspan="1" rowspan="1" width="80%">GET</td>
      </tr>
      <tr>
        <td colspan="1" rowspan="1" class="indent2" width="20%">Parámetros</td>
        <td colspan="1" rowspan="1" width="80%"/>
      </tr>
      <tr>
        <td colspan="1" rowspan="1" class="indent2" width="20%">Ataque</td>
        <td colspan="1" rowspan="1" width="80%"/>
      </tr>
      <tr>
        <td colspan="1" rowspan="1" class="indent2" width="20%">Evidencia</td>
        <td colspan="1" rowspan="1" width="80%"/>
      </tr>
      <tr>
        <td colspan="1" rowspan="1" class="indent2" width="20%">Other Info</td>
        <td colspan="1" rowspan="1" width="80%"/>
      </tr>
      <tr>
        <td colspan="1" rowspan="1" class="indent1" width="20%">URL</td>
        <td colspan="1" rowspan="1" width="80%">
          <a shape="rect" href="https://todo.ly/Style/jquery.contextMenu.css">https://todo.ly/Style/jquery.contextMenu.css</a>
        </td>
      </tr>
      <tr>
        <td colspan="1" rowspan="1" class="indent2" width="20%">Método</td>
        <td colspan="1" rowspan="1" width="80%">GET</td>
      </tr>
      <tr>
        <td colspan="1" rowspan="1" class="indent2" width="20%">Parámetros</td>
        <td colspan="1" rowspan="1" width="80%"/>
      </tr>
      <tr>
        <td colspan="1" rowspan="1" class="indent2" width="20%">Ataque</td>
        <td colspan="1" rowspan="1" width="80%"/>
      </tr>
      <tr>
        <td colspan="1" rowspan="1" class="indent2" width="20%">Evidencia</td>
        <td colspan="1" rowspan="1" width="80%"/>
      </tr>
      <tr>
        <td colspan="1" rowspan="1" class="indent2" width="20%">Other Info</td>
        <td colspan="1" rowspan="1" width="80%"/>
      </tr>
      <tr>
        <td colspan="1" rowspan="1" class="indent1" width="20%">URL</td>
        <td colspan="1" rowspan="1" width="80%">
          <a shape="rect" href="https://todo.ly/Style/jquery.fancybox-1.3.1.css">https://todo.ly/Style/jquery.fancybox-1.3.1.css</a>
        </td>
      </tr>
      <tr>
        <td colspan="1" rowspan="1" class="indent2" width="20%">Método</td>
        <td colspan="1" rowspan="1" width="80%">GET</td>
      </tr>
      <tr>
        <td colspan="1" rowspan="1" class="indent2" width="20%">Parámetros</td>
        <td colspan="1" rowspan="1" width="80%"/>
      </tr>
      <tr>
        <td colspan="1" rowspan="1" class="indent2" width="20%">Ataque</td>
        <td colspan="1" rowspan="1" width="80%"/>
      </tr>
      <tr>
        <td colspan="1" rowspan="1" class="indent2" width="20%">Evidencia</td>
        <td colspan="1" rowspan="1" width="80%"/>
      </tr>
      <tr>
        <td colspan="1" rowspan="1" class="indent2" width="20%">Other Info</td>
        <td colspan="1" rowspan="1" width="80%"/>
      </tr>
      <tr>
        <td colspan="1" rowspan="1" class="indent1" width="20%">URL</td>
        <td colspan="1" rowspan="1" width="80%">
          <a shape="rect" href="https://todo.ly/Style/StyleSheet.css?v=20131002">https://todo.ly/Style/StyleSheet.css?v=20131002</a>
        </td>
      </tr>
      <tr>
        <td colspan="1" rowspan="1" class="indent2" width="20%">Método</td>
        <td colspan="1" rowspan="1" width="80%">GET</td>
      </tr>
      <tr>
        <td colspan="1" rowspan="1" class="indent2" width="20%">Parámetros</td>
        <td colspan="1" rowspan="1" width="80%"/>
      </tr>
      <tr>
        <td colspan="1" rowspan="1" class="indent2" width="20%">Ataque</td>
        <td colspan="1" rowspan="1" width="80%"/>
      </tr>
      <tr>
        <td colspan="1" rowspan="1" class="indent2" width="20%">Evidencia</td>
        <td colspan="1" rowspan="1" width="80%"/>
      </tr>
      <tr>
        <td colspan="1" rowspan="1" class="indent2" width="20%">Other Info</td>
        <td colspan="1" rowspan="1" width="80%"/>
      </tr>
      <tr>
        <td colspan="1" rowspan="1" class="indent1" width="20%">URL</td>
        <td colspan="1" rowspan="1" width="80%">
          <a shape="rect" href="https://todo.ly/Style/TextStyle11.css">https://todo.ly/Style/TextStyle11.css</a>
        </td>
      </tr>
      <tr>
        <td colspan="1" rowspan="1" class="indent2" width="20%">Método</td>
        <td colspan="1" rowspan="1" width="80%">GET</td>
      </tr>
      <tr>
        <td colspan="1" rowspan="1" class="indent2" width="20%">Parámetros</td>
        <td colspan="1" rowspan="1" width="80%"/>
      </tr>
      <tr>
        <td colspan="1" rowspan="1" class="indent2" width="20%">Ataque</td>
        <td colspan="1" rowspan="1" width="80%"/>
      </tr>
      <tr>
        <td colspan="1" rowspan="1" class="indent2" width="20%">Evidencia</td>
        <td colspan="1" rowspan="1" width="80%"/>
      </tr>
      <tr>
        <td colspan="1" rowspan="1" class="indent2" width="20%">Other Info</td>
        <td colspan="1" rowspan="1" width="80%"/>
      </tr>
      <tr>
        <td colspan="1" rowspan="1" class="indent1" width="20%">URL</td>
        <td colspan="1" rowspan="1" width="80%">
          <a shape="rect" href="https://todo.ly/WebResource.axd?d=NdZLQA9U0ugIk764rCig6lJbCWyp5Dac9aZIs7GtY8ZiVf0oq-m6rKl1e78G9uN3K2ftzj7odKCDwsZv6u8HI4IZGQM1&amp;t=637110248437816177">https://todo.ly/WebResource.axd?d=NdZLQA9U0ugIk764rCig6lJbCWyp5Dac9aZIs7GtY8ZiVf0oq-m6rKl1e78G9uN3K2ftzj7odKCDwsZv6u8HI4IZGQM1&amp;t=637110248437816177</a>
        </td>
      </tr>
      <tr>
        <td colspan="1" rowspan="1" class="indent2" width="20%">Método</td>
        <td colspan="1" rowspan="1" width="80%">GET</td>
      </tr>
      <tr>
        <td colspan="1" rowspan="1" class="indent2" width="20%">Parámetros</td>
        <td colspan="1" rowspan="1" width="80%"/>
      </tr>
      <tr>
        <td colspan="1" rowspan="1" class="indent2" width="20%">Ataque</td>
        <td colspan="1" rowspan="1" width="80%"/>
      </tr>
      <tr>
        <td colspan="1" rowspan="1" class="indent2" width="20%">Evidencia</td>
        <td colspan="1" rowspan="1" width="80%"/>
      </tr>
      <tr>
        <td colspan="1" rowspan="1" class="indent2" width="20%">Other Info</td>
        <td colspan="1" rowspan="1" width="80%"/>
      </tr>
      <tr>
        <td colspan="1" rowspan="1" class="indent1" width="20%">URL</td>
        <td colspan="1" rowspan="1" width="80%">
          <a shape="rect" href="https://www.google.com/async/newtab_promos">https://www.google.com/async/newtab_promos</a>
        </td>
      </tr>
      <tr>
        <td colspan="1" rowspan="1" class="indent2" width="20%">Método</td>
        <td colspan="1" rowspan="1" width="80%">GET</td>
      </tr>
      <tr>
        <td colspan="1" rowspan="1" class="indent2" width="20%">Parámetros</td>
        <td colspan="1" rowspan="1" width="80%"/>
      </tr>
      <tr>
        <td colspan="1" rowspan="1" class="indent2" width="20%">Ataque</td>
        <td colspan="1" rowspan="1" width="80%"/>
      </tr>
      <tr>
        <td colspan="1" rowspan="1" class="indent2" width="20%">Evidencia</td>
        <td colspan="1" rowspan="1" width="80%"/>
      </tr>
      <tr>
        <td colspan="1" rowspan="1" class="indent2" width="20%">Other Info</td>
        <td colspan="1" rowspan="1" width="80%"/>
      </tr>
      <tr>
        <td colspan="1" rowspan="1" class="indent1" width="20%">URL</td>
        <td colspan="1" rowspan="1" width="80%">
          <a shape="rect" href="https://www.gstatic.com/og/_/js/k=og.qtm.en_US.KZAWJ1ProoE.2019.O/rt=j/m=q_dnp,qmd,qcwid,qapid,qald,q_dg/exm=qaaw,qabr,qadd,qaid,qalo,qebr,qein,qhaw,qhawgm3,qhba,qhbr,qhbrgm3,qhch,qhchgm3,qhga,qhid,qhidgm3,qhin,qhlo,qhlogm3,qhmn,qhpc,qhsf,qhsfgm3,qhtt/d=1/ed=1/rs=AA2YrTv0taM5qVgw38gU_15kX9WFXe5TPw">https://www.gstatic.com/og/_/js/k=og.qtm.en_US.KZAWJ1ProoE.2019.O/rt=j/m=q_dnp,qmd,qcwid,qapid,qald,q_dg/exm=qaaw,qabr,qadd,qaid,qalo,qebr,qein,qhaw,qhawgm3,qhba,qhbr,qhbrgm3,qhch,qhchgm3,qhga,qhid,qhidgm3,qhin,qhlo,qhlogm3,qhmn,qhpc,qhsf,qhsfgm3,qhtt/d=1/ed=1/rs=AA2YrTv0taM5qVgw38gU_15kX9WFXe5TPw</a>
        </td>
      </tr>
      <tr>
        <td colspan="1" rowspan="1" class="indent2" width="20%">Método</td>
        <td colspan="1" rowspan="1" width="80%">GET</td>
      </tr>
      <tr>
        <td colspan="1" rowspan="1" class="indent2" width="20%">Parámetros</td>
        <td colspan="1" rowspan="1" width="80%"/>
      </tr>
      <tr>
        <td colspan="1" rowspan="1" class="indent2" width="20%">Ataque</td>
        <td colspan="1" rowspan="1" width="80%"/>
      </tr>
      <tr>
        <td colspan="1" rowspan="1" class="indent2" width="20%">Evidencia</td>
        <td colspan="1" rowspan="1" width="80%"/>
      </tr>
      <tr>
        <td colspan="1" rowspan="1" class="indent2" width="20%">Other Info</td>
        <td colspan="1" rowspan="1" width="80%"/>
      </tr>
      <tr>
        <td colspan="1" rowspan="1" class="indent1" width="20%">URL</td>
        <td colspan="1" rowspan="1" width="80%">
          <a shape="rect" href="https://www.gstatic.com/og/_/ss/k=og.qtm.mfypcKMzPvw.L.W.O/m=qmd,qcwid/excm=qaaw,qabr,qadd,qaid,qalo,qebr,qein,qhaw,qhawgm3,qhba,qhbr,qhbrgm3,qhch,qhchgm3,qhga,qhid,qhidgm3,qhin,qhlo,qhlogm3,qhmn,qhpc,qhsf,qhsfgm3,qhtt/d=1/ed=1/ct=zgms/rs=AA2YrTsXU5hjdOZrxXehYcpWx5cYm18ejw">https://www.gstatic.com/og/_/ss/k=og.qtm.mfypcKMzPvw.L.W.O/m=qmd,qcwid/excm=qaaw,qabr,qadd,qaid,qalo,qebr,qein,qhaw,qhawgm3,qhba,qhbr,qhbrgm3,qhch,qhchgm3,qhga,qhid,qhidgm3,qhin,qhlo,qhlogm3,qhmn,qhpc,qhsf,qhsfgm3,qhtt/d=1/ed=1/ct=zgms/rs=AA2YrTsXU5hjdOZrxXehYcpWx5cYm18ejw</a>
        </td>
      </tr>
      <tr>
        <td colspan="1" rowspan="1" class="indent2" width="20%">Método</td>
        <td colspan="1" rowspan="1" width="80%">GET</td>
      </tr>
      <tr>
        <td colspan="1" rowspan="1" class="indent2" width="20%">Parámetros</td>
        <td colspan="1" rowspan="1" width="80%"/>
      </tr>
      <tr>
        <td colspan="1" rowspan="1" class="indent2" width="20%">Ataque</td>
        <td colspan="1" rowspan="1" width="80%"/>
      </tr>
      <tr>
        <td colspan="1" rowspan="1" class="indent2" width="20%">Evidencia</td>
        <td colspan="1" rowspan="1" width="80%"/>
      </tr>
      <tr>
        <td colspan="1" rowspan="1" class="indent2" width="20%">Other Info</td>
        <td colspan="1" rowspan="1" width="80%"/>
      </tr>
      <tr>
        <td colspan="1" rowspan="1" class="indent1" width="20%">URL</td>
        <td colspan="1" rowspan="1" width="80%">
          <a shape="rect" href="https://demo.owasp-juice.shop/rest/user/login">https://demo.owasp-juice.shop/rest/user/login</a>
        </td>
      </tr>
      <tr>
        <td colspan="1" rowspan="1" class="indent2" width="20%">Método</td>
        <td colspan="1" rowspan="1" width="80%">POST</td>
      </tr>
      <tr>
        <td colspan="1" rowspan="1" class="indent2" width="20%">Parámetros</td>
        <td colspan="1" rowspan="1" width="80%"/>
      </tr>
      <tr>
        <td colspan="1" rowspan="1" class="indent2" width="20%">Ataque</td>
        <td colspan="1" rowspan="1" width="80%"/>
      </tr>
      <tr>
        <td colspan="1" rowspan="1" class="indent2" width="20%">Evidencia</td>
        <td colspan="1" rowspan="1" width="80%"/>
      </tr>
      <tr>
        <td colspan="1" rowspan="1" class="indent2" width="20%">Other Info</td>
        <td colspan="1" rowspan="1" width="80%"/>
      </tr>
      <tr>
        <td colspan="1" rowspan="1" class="indent1" width="20%">URL</td>
        <td colspan="1" rowspan="1" width="80%">
          <a shape="rect" href="https://demo.owasp-juice.shop/socket.io/?EIO=4&amp;transport=polling&amp;t=P5eDi1D&amp;sid=3YzakH4yE0404A-FAAQX">https://demo.owasp-juice.shop/socket.io/?EIO=4&amp;transport=polling&amp;t=P5eDi1D&amp;sid=3YzakH4yE0404A-FAAQX</a>
        </td>
      </tr>
      <tr>
        <td colspan="1" rowspan="1" class="indent2" width="20%">Método</td>
        <td colspan="1" rowspan="1" width="80%">POST</td>
      </tr>
      <tr>
        <td colspan="1" rowspan="1" class="indent2" width="20%">Parámetros</td>
        <td colspan="1" rowspan="1" width="80%"/>
      </tr>
      <tr>
        <td colspan="1" rowspan="1" class="indent2" width="20%">Ataque</td>
        <td colspan="1" rowspan="1" width="80%"/>
      </tr>
      <tr>
        <td colspan="1" rowspan="1" class="indent2" width="20%">Evidencia</td>
        <td colspan="1" rowspan="1" width="80%"/>
      </tr>
      <tr>
        <td colspan="1" rowspan="1" class="indent2" width="20%">Other Info</td>
        <td colspan="1" rowspan="1" width="80%"/>
      </tr>
      <tr>
        <td colspan="1" rowspan="1" class="indent1" width="20%">URL</td>
        <td colspan="1" rowspan="1" width="80%">
          <a shape="rect" href="https://demo.owasp-juice.shop/socket.io/?EIO=4&amp;transport=polling&amp;t=P5eDwjZ&amp;sid=zZ9WE7Jsg7O2fa9jAAQ9">https://demo.owasp-juice.shop/socket.io/?EIO=4&amp;transport=polling&amp;t=P5eDwjZ&amp;sid=zZ9WE7Jsg7O2fa9jAAQ9</a>
        </td>
      </tr>
      <tr>
        <td colspan="1" rowspan="1" class="indent2" width="20%">Método</td>
        <td colspan="1" rowspan="1" width="80%">POST</td>
      </tr>
      <tr>
        <td colspan="1" rowspan="1" class="indent2" width="20%">Parámetros</td>
        <td colspan="1" rowspan="1" width="80%"/>
      </tr>
      <tr>
        <td colspan="1" rowspan="1" class="indent2" width="20%">Ataque</td>
        <td colspan="1" rowspan="1" width="80%"/>
      </tr>
      <tr>
        <td colspan="1" rowspan="1" class="indent2" width="20%">Evidencia</td>
        <td colspan="1" rowspan="1" width="80%"/>
      </tr>
      <tr>
        <td colspan="1" rowspan="1" class="indent2" width="20%">Other Info</td>
        <td colspan="1" rowspan="1" width="80%"/>
      </tr>
      <tr>
        <td colspan="1" rowspan="1" class="indent1" width="20%">URL</td>
        <td colspan="1" rowspan="1" width="80%">
          <a shape="rect" href="https://demo.owasp-juice.shop/socket.io/?EIO=4&amp;transport=polling&amp;t=P5eE3KX&amp;sid=7owDv-WBO4vaB6t3AARZ">https://demo.owasp-juice.shop/socket.io/?EIO=4&amp;transport=polling&amp;t=P5eE3KX&amp;sid=7owDv-WBO4vaB6t3AARZ</a>
        </td>
      </tr>
      <tr>
        <td colspan="1" rowspan="1" class="indent2" width="20%">Método</td>
        <td colspan="1" rowspan="1" width="80%">POST</td>
      </tr>
      <tr>
        <td colspan="1" rowspan="1" class="indent2" width="20%">Parámetros</td>
        <td colspan="1" rowspan="1" width="80%"/>
      </tr>
      <tr>
        <td colspan="1" rowspan="1" class="indent2" width="20%">Ataque</td>
        <td colspan="1" rowspan="1" width="80%"/>
      </tr>
      <tr>
        <td colspan="1" rowspan="1" class="indent2" width="20%">Evidencia</td>
        <td colspan="1" rowspan="1" width="80%"/>
      </tr>
      <tr>
        <td colspan="1" rowspan="1" class="indent2" width="20%">Other Info</td>
        <td colspan="1" rowspan="1" width="80%"/>
      </tr>
      <tr>
        <td colspan="1" rowspan="1" class="indent1" width="20%">URL</td>
        <td colspan="1" rowspan="1" width="80%">
          <a shape="rect" href="https://demo.owasp-juice.shop/socket.io/?EIO=4&amp;transport=polling&amp;t=P5eEGiz&amp;sid=siOkhKcUcU8D1IWdAARy">https://demo.owasp-juice.shop/socket.io/?EIO=4&amp;transport=polling&amp;t=P5eEGiz&amp;sid=siOkhKcUcU8D1IWdAARy</a>
        </td>
      </tr>
      <tr>
        <td colspan="1" rowspan="1" class="indent2" width="20%">Método</td>
        <td colspan="1" rowspan="1" width="80%">POST</td>
      </tr>
      <tr>
        <td colspan="1" rowspan="1" class="indent2" width="20%">Parámetros</td>
        <td colspan="1" rowspan="1" width="80%"/>
      </tr>
      <tr>
        <td colspan="1" rowspan="1" class="indent2" width="20%">Ataque</td>
        <td colspan="1" rowspan="1" width="80%"/>
      </tr>
      <tr>
        <td colspan="1" rowspan="1" class="indent2" width="20%">Evidencia</td>
        <td colspan="1" rowspan="1" width="80%"/>
      </tr>
      <tr>
        <td colspan="1" rowspan="1" class="indent2" width="20%">Other Info</td>
        <td colspan="1" rowspan="1" width="80%"/>
      </tr>
      <tr>
        <td colspan="1" rowspan="1" class="indent1" width="20%">URL</td>
        <td colspan="1" rowspan="1" width="80%">
          <a shape="rect" href="https://demo.owasp-juice.shop/socket.io/?EIO=4&amp;transport=polling&amp;t=P5eErFc&amp;sid=8XjwdI-N9bmNoL3qAASh">https://demo.owasp-juice.shop/socket.io/?EIO=4&amp;transport=polling&amp;t=P5eErFc&amp;sid=8XjwdI-N9bmNoL3qAASh</a>
        </td>
      </tr>
      <tr>
        <td colspan="1" rowspan="1" class="indent2" width="20%">Método</td>
        <td colspan="1" rowspan="1" width="80%">POST</td>
      </tr>
      <tr>
        <td colspan="1" rowspan="1" class="indent2" width="20%">Parámetros</td>
        <td colspan="1" rowspan="1" width="80%"/>
      </tr>
      <tr>
        <td colspan="1" rowspan="1" class="indent2" width="20%">Ataque</td>
        <td colspan="1" rowspan="1" width="80%"/>
      </tr>
      <tr>
        <td colspan="1" rowspan="1" class="indent2" width="20%">Evidencia</td>
        <td colspan="1" rowspan="1" width="80%"/>
      </tr>
      <tr>
        <td colspan="1" rowspan="1" class="indent2" width="20%">Other Info</td>
        <td colspan="1" rowspan="1" width="80%"/>
      </tr>
      <tr>
        <td colspan="1" rowspan="1" class="indent1" width="20%">URL</td>
        <td colspan="1" rowspan="1" width="80%">
          <a shape="rect" href="https://demo.owasp-juice.shop/socket.io/?EIO=4&amp;transport=polling&amp;t=P5eExME&amp;sid=8XjwdI-N9bmNoL3qAASh">https://demo.owasp-juice.shop/socket.io/?EIO=4&amp;transport=polling&amp;t=P5eExME&amp;sid=8XjwdI-N9bmNoL3qAASh</a>
        </td>
      </tr>
      <tr>
        <td colspan="1" rowspan="1" class="indent2" width="20%">Método</td>
        <td colspan="1" rowspan="1" width="80%">POST</td>
      </tr>
      <tr>
        <td colspan="1" rowspan="1" class="indent2" width="20%">Parámetros</td>
        <td colspan="1" rowspan="1" width="80%"/>
      </tr>
      <tr>
        <td colspan="1" rowspan="1" class="indent2" width="20%">Ataque</td>
        <td colspan="1" rowspan="1" width="80%"/>
      </tr>
      <tr>
        <td colspan="1" rowspan="1" class="indent2" width="20%">Evidencia</td>
        <td colspan="1" rowspan="1" width="80%"/>
      </tr>
      <tr>
        <td colspan="1" rowspan="1" class="indent2" width="20%">Other Info</td>
        <td colspan="1" rowspan="1" width="80%"/>
      </tr>
      <tr>
        <td colspan="1" rowspan="1" class="indent1" width="20%">URL</td>
        <td colspan="1" rowspan="1" width="80%">
          <a shape="rect" href="https://demo.owasp-juice.shop/socket.io/?EIO=4&amp;transport=polling&amp;t=P5eExmF&amp;sid=kZ26VJOLwn-6K0JsAASt">https://demo.owasp-juice.shop/socket.io/?EIO=4&amp;transport=polling&amp;t=P5eExmF&amp;sid=kZ26VJOLwn-6K0JsAASt</a>
        </td>
      </tr>
      <tr>
        <td colspan="1" rowspan="1" class="indent2" width="20%">Método</td>
        <td colspan="1" rowspan="1" width="80%">POST</td>
      </tr>
      <tr>
        <td colspan="1" rowspan="1" class="indent2" width="20%">Parámetros</td>
        <td colspan="1" rowspan="1" width="80%"/>
      </tr>
      <tr>
        <td colspan="1" rowspan="1" class="indent2" width="20%">Ataque</td>
        <td colspan="1" rowspan="1" width="80%"/>
      </tr>
      <tr>
        <td colspan="1" rowspan="1" class="indent2" width="20%">Evidencia</td>
        <td colspan="1" rowspan="1" width="80%"/>
      </tr>
      <tr>
        <td colspan="1" rowspan="1" class="indent2" width="20%">Other Info</td>
        <td colspan="1" rowspan="1" width="80%"/>
      </tr>
      <tr>
        <td colspan="1" rowspan="1" class="indent1" width="20%">URL</td>
        <td colspan="1" rowspan="1" width="80%">
          <a shape="rect" href="https://optimizationguide-pa.googleapis.com/v1:GetModels?key=AIzaSyBOti4mM-6x9WDnZIjIeyEU21OpBXqWBgw">https://optimizationguide-pa.googleapis.com/v1:GetModels?key=AIzaSyBOti4mM-6x9WDnZIjIeyEU21OpBXqWBgw</a>
        </td>
      </tr>
      <tr>
        <td colspan="1" rowspan="1" class="indent2" width="20%">Método</td>
        <td colspan="1" rowspan="1" width="80%">POST</td>
      </tr>
      <tr>
        <td colspan="1" rowspan="1" class="indent2" width="20%">Parámetros</td>
        <td colspan="1" rowspan="1" width="80%"/>
      </tr>
      <tr>
        <td colspan="1" rowspan="1" class="indent2" width="20%">Ataque</td>
        <td colspan="1" rowspan="1" width="80%"/>
      </tr>
      <tr>
        <td colspan="1" rowspan="1" class="indent2" width="20%">Evidencia</td>
        <td colspan="1" rowspan="1" width="80%"/>
      </tr>
      <tr>
        <td colspan="1" rowspan="1" class="indent2" width="20%">Other Info</td>
        <td colspan="1" rowspan="1" width="80%"/>
      </tr>
      <tr>
        <td colspan="1" rowspan="1" class="indent1" width="20%">URL</td>
        <td colspan="1" rowspan="1" width="80%">
          <a shape="rect" href="https://play.google.com/log?format=json&amp;hasfast=true">https://play.google.com/log?format=json&amp;hasfast=true</a>
        </td>
      </tr>
      <tr>
        <td colspan="1" rowspan="1" class="indent2" width="20%">Método</td>
        <td colspan="1" rowspan="1" width="80%">POST</td>
      </tr>
      <tr>
        <td colspan="1" rowspan="1" class="indent2" width="20%">Parámetros</td>
        <td colspan="1" rowspan="1" width="80%"/>
      </tr>
      <tr>
        <td colspan="1" rowspan="1" class="indent2" width="20%">Ataque</td>
        <td colspan="1" rowspan="1" width="80%"/>
      </tr>
      <tr>
        <td colspan="1" rowspan="1" class="indent2" width="20%">Evidencia</td>
        <td colspan="1" rowspan="1" width="80%"/>
      </tr>
      <tr>
        <td colspan="1" rowspan="1" class="indent2" width="20%">Other Info</td>
        <td colspan="1" rowspan="1" width="80%"/>
      </tr>
      <tr>
        <td colspan="1" rowspan="1" class="indent1" width="20%">URL</td>
        <td colspan="1" rowspan="1" width="80%">
          <a shape="rect" href="https://update.googleapis.com/service/update2/json">https://update.googleapis.com/service/update2/json</a>
        </td>
      </tr>
      <tr>
        <td colspan="1" rowspan="1" class="indent2" width="20%">Método</td>
        <td colspan="1" rowspan="1" width="80%">POST</td>
      </tr>
      <tr>
        <td colspan="1" rowspan="1" class="indent2" width="20%">Parámetros</td>
        <td colspan="1" rowspan="1" width="80%"/>
      </tr>
      <tr>
        <td colspan="1" rowspan="1" class="indent2" width="20%">Ataque</td>
        <td colspan="1" rowspan="1" width="80%"/>
      </tr>
      <tr>
        <td colspan="1" rowspan="1" class="indent2" width="20%">Evidencia</td>
        <td colspan="1" rowspan="1" width="80%"/>
      </tr>
      <tr>
        <td colspan="1" rowspan="1" class="indent2" width="20%">Other Info</td>
        <td colspan="1" rowspan="1" width="80%"/>
      </tr>
      <tr>
        <td colspan="1" rowspan="1" class="indent1" width="20%">URL</td>
        <td colspan="1" rowspan="1" width="80%">
          <a shape="rect" href="https://update.googleapis.com/service/update2/json?cup2key=14:FBGYTlAbCGZDzvIo3skGEGrr56Q9Qb6bxgg1IAl7jNE&amp;cup2hreq=06b0b5cd02478847ae90d313db652bd1c121d149cda0b6808ba5c5807684e60a">https://update.googleapis.com/service/update2/json?cup2key=14:FBGYTlAbCGZDzvIo3skGEGrr56Q9Qb6bxgg1IAl7jNE&amp;cup2hreq=06b0b5cd02478847ae90d313db652bd1c121d149cda0b6808ba5c5807684e60a</a>
        </td>
      </tr>
      <tr>
        <td colspan="1" rowspan="1" class="indent2" width="20%">Método</td>
        <td colspan="1" rowspan="1" width="80%">POST</td>
      </tr>
      <tr>
        <td colspan="1" rowspan="1" class="indent2" width="20%">Parámetros</td>
        <td colspan="1" rowspan="1" width="80%"/>
      </tr>
      <tr>
        <td colspan="1" rowspan="1" class="indent2" width="20%">Ataque</td>
        <td colspan="1" rowspan="1" width="80%"/>
      </tr>
      <tr>
        <td colspan="1" rowspan="1" class="indent2" width="20%">Evidencia</td>
        <td colspan="1" rowspan="1" width="80%"/>
      </tr>
      <tr>
        <td colspan="1" rowspan="1" class="indent2" width="20%">Other Info</td>
        <td colspan="1" rowspan="1" width="80%"/>
      </tr>
      <tr>
        <td colspan="1" rowspan="1" class="indent1" width="20%">URL</td>
        <td colspan="1" rowspan="1" width="80%">
          <a shape="rect" href="https://update.googleapis.com/service/update2/json?cup2key=14:TMCJVbPFDKzYOLqS5Tfx5yzISHRCJjRnRrOXCckDIKM&amp;cup2hreq=8709e34c29f33deaff57e7f6d59260ffcbc126773a016cc229185645ef1c329d">https://update.googleapis.com/service/update2/json?cup2key=14:TMCJVbPFDKzYOLqS5Tfx5yzISHRCJjRnRrOXCckDIKM&amp;cup2hreq=8709e34c29f33deaff57e7f6d59260ffcbc126773a016cc229185645ef1c329d</a>
        </td>
      </tr>
      <tr>
        <td colspan="1" rowspan="1" class="indent2" width="20%">Método</td>
        <td colspan="1" rowspan="1" width="80%">POST</td>
      </tr>
      <tr>
        <td colspan="1" rowspan="1" class="indent2" width="20%">Parámetros</td>
        <td colspan="1" rowspan="1" width="80%"/>
      </tr>
      <tr>
        <td colspan="1" rowspan="1" class="indent2" width="20%">Ataque</td>
        <td colspan="1" rowspan="1" width="80%"/>
      </tr>
      <tr>
        <td colspan="1" rowspan="1" class="indent2" width="20%">Evidencia</td>
        <td colspan="1" rowspan="1" width="80%"/>
      </tr>
      <tr>
        <td colspan="1" rowspan="1" class="indent2" width="20%">Other Info</td>
        <td colspan="1" rowspan="1" width="80%"/>
      </tr>
      <tr>
        <td colspan="1" rowspan="1" width="20%">Instancia</td>
        <td colspan="1" rowspan="1" width="80%">92</td>
      </tr>
      <tr>
        <td colspan="1" rowspan="1" width="20%">Solución</td>
        <td colspan="1" rowspan="1" width="80%">
          <div>Ensure that your web server, application server, load balancer, etc. is configured to enforce Strict-Transport-Security.</div>
        </td>
      </tr>
      <tr>
        <td colspan="1" rowspan="1" width="20%">Referencia</td>
        <td colspan="1" rowspan="1" width="80%">
          <a shape="rect" href="https://cheatsheetseries.owasp.org/cheatsheets/HTTP_Strict_Transport_Security_Cheat_Sheet.html">https://cheatsheetseries.owasp.org/cheatsheets/HTTP_Strict_Transport_Security_Cheat_Sheet.html</a>
          <br clear="none"/>
          <a shape="rect" href="https://owasp.org/www-community/Security_Headers">https://owasp.org/www-community/Security_Headers</a>
          <br clear="none"/>
          <a shape="rect" href="https://en.wikipedia.org/wiki/HTTP_Strict_Transport_Security">https://en.wikipedia.org/wiki/HTTP_Strict_Transport_Security</a>
          <br clear="none"/>
          <a shape="rect" href="https://caniuse.com/stricttransportsecurity">https://caniuse.com/stricttransportsecurity</a>
          <br clear="none"/>
          <a shape="rect" href="https://datatracker.ietf.org/doc/html/rfc6797">https://datatracker.ietf.org/doc/html/rfc6797</a>
        </td>
      </tr>
      <tr>
        <td colspan="1" rowspan="1" width="20%">CWE Id</td>
        <td colspan="1" rowspan="1" width="80%">
          <a shape="rect" href="https://cwe.mitre.org/data/definitions/319.html">319</a>
        </td>
      </tr>
      <tr>
        <td colspan="1" rowspan="1" width="20%">WASC Id</td>
        <td colspan="1" rowspan="1" width="80%">15</td>
      </tr>
      <tr>
        <td colspan="1" rowspan="1" width="20%">Plugin Id</td>
        <td colspan="1" rowspan="1" width="80%">
          <a shape="rect" href="https://www.zaproxy.org/docs/alerts/10035/">10035</a>
        </td>
      </tr>
    </table>
    <div class="spacer"/>
    <table class="results">
      <tr height="24">
        <th colspan="1" rowspan="1" class="risk-1" width="20%">
          <a shape="rect" id="10061"/>
          <div>Bajo</div>
        </th>
        <th colspan="1" rowspan="1" class="risk-1">X-AspNet-Version Response Header</th>
      </tr>
      <tr>
        <td colspan="1" rowspan="1" width="20%">Descripción</td>
        <td colspan="1" rowspan="1" width="80%">
          <div>El servidor divulga información mediante campo(s) de encabezado de respuesta HTTP "X-AspNet-Version"/"X-AspNetMvc-Version".</div>
        </td>
      </tr>
      <tr valign="top">
        <td colspan="2" rowspan="1"/>
      </tr>
      <tr>
        <td colspan="1" rowspan="1" class="indent1" width="20%">URL</td>
        <td colspan="1" rowspan="1" width="80%">
          <a shape="rect" href="https://todo.ly/">https://todo.ly/</a>
        </td>
      </tr>
      <tr>
        <td colspan="1" rowspan="1" class="indent2" width="20%">Método</td>
        <td colspan="1" rowspan="1" width="80%">GET</td>
      </tr>
      <tr>
        <td colspan="1" rowspan="1" class="indent2" width="20%">Parámetros</td>
        <td colspan="1" rowspan="1" width="80%"/>
      </tr>
      <tr>
        <td colspan="1" rowspan="1" class="indent2" width="20%">Ataque</td>
        <td colspan="1" rowspan="1" width="80%"/>
      </tr>
      <tr>
        <td colspan="1" rowspan="1" class="indent2" width="20%">Evidencia</td>
        <td colspan="1" rowspan="1" width="80%">4.0.30319</td>
      </tr>
      <tr>
        <td colspan="1" rowspan="1" class="indent2" width="20%">Other Info</td>
        <td colspan="1" rowspan="1" width="80%">An attacker can use this information to exploit known vulnerabilities.</td>
      </tr>
      <tr>
        <td colspan="1" rowspan="1" class="indent1" width="20%">URL</td>
        <td colspan="1" rowspan="1" width="80%">
          <a shape="rect" href="https://todo.ly/WebResource.axd?d=NdZLQA9U0ugIk764rCig6lJbCWyp5Dac9aZIs7GtY8ZiVf0oq-m6rKl1e78G9uN3K2ftzj7odKCDwsZv6u8HI4IZGQM1&amp;t=637110248437816177">https://todo.ly/WebResource.axd?d=NdZLQA9U0ugIk764rCig6lJbCWyp5Dac9aZIs7GtY8ZiVf0oq-m6rKl1e78G9uN3K2ftzj7odKCDwsZv6u8HI4IZGQM1&amp;t=637110248437816177</a>
        </td>
      </tr>
      <tr>
        <td colspan="1" rowspan="1" class="indent2" width="20%">Método</td>
        <td colspan="1" rowspan="1" width="80%">GET</td>
      </tr>
      <tr>
        <td colspan="1" rowspan="1" class="indent2" width="20%">Parámetros</td>
        <td colspan="1" rowspan="1" width="80%"/>
      </tr>
      <tr>
        <td colspan="1" rowspan="1" class="indent2" width="20%">Ataque</td>
        <td colspan="1" rowspan="1" width="80%"/>
      </tr>
      <tr>
        <td colspan="1" rowspan="1" class="indent2" width="20%">Evidencia</td>
        <td colspan="1" rowspan="1" width="80%">4.0.30319</td>
      </tr>
      <tr>
        <td colspan="1" rowspan="1" class="indent2" width="20%">Other Info</td>
        <td colspan="1" rowspan="1" width="80%">An attacker can use this information to exploit known vulnerabilities.</td>
      </tr>
      <tr>
        <td colspan="1" rowspan="1" class="indent1" width="20%">URL</td>
        <td colspan="1" rowspan="1" width="80%">
          <a shape="rect" href="https://todo.ly/">https://todo.ly/</a>
        </td>
      </tr>
      <tr>
        <td colspan="1" rowspan="1" class="indent2" width="20%">Método</td>
        <td colspan="1" rowspan="1" width="80%">POST</td>
      </tr>
      <tr>
        <td colspan="1" rowspan="1" class="indent2" width="20%">Parámetros</td>
        <td colspan="1" rowspan="1" width="80%"/>
      </tr>
      <tr>
        <td colspan="1" rowspan="1" class="indent2" width="20%">Ataque</td>
        <td colspan="1" rowspan="1" width="80%"/>
      </tr>
      <tr>
        <td colspan="1" rowspan="1" class="indent2" width="20%">Evidencia</td>
        <td colspan="1" rowspan="1" width="80%">4.0.30319</td>
      </tr>
      <tr>
        <td colspan="1" rowspan="1" class="indent2" width="20%">Other Info</td>
        <td colspan="1" rowspan="1" width="80%">An attacker can use this information to exploit known vulnerabilities.</td>
      </tr>
      <tr>
        <td colspan="1" rowspan="1" width="20%">Instancia</td>
        <td colspan="1" rowspan="1" width="80%">3</td>
      </tr>
      <tr>
        <td colspan="1" rowspan="1" width="20%">Solución</td>
        <td colspan="1" rowspan="1" width="80%">
          <div>Configure the server so it will not return those headers.</div>
        </td>
      </tr>
      <tr>
        <td colspan="1" rowspan="1" width="20%">Referencia</td>
        <td colspan="1" rowspan="1" width="80%">
          <a shape="rect" href="https://www.troyhunt.com/shhh-dont-let-your-response-headers/">https://www.troyhunt.com/shhh-dont-let-your-response-headers/</a>
          <br clear="none"/>
          <a shape="rect" href="https://blogs.msdn.microsoft.com/varunm/2013/04/23/remove-unwanted-http-response-headers/">https://blogs.msdn.microsoft.com/varunm/2013/04/23/remove-unwanted-http-response-headers/</a>
        </td>
      </tr>
      <tr>
        <td colspan="1" rowspan="1" width="20%">CWE Id</td>
        <td colspan="1" rowspan="1" width="80%">
          <a shape="rect" href="https://cwe.mitre.org/data/definitions/933.html">933</a>
        </td>
      </tr>
      <tr>
        <td colspan="1" rowspan="1" width="20%">WASC Id</td>
        <td colspan="1" rowspan="1" width="80%">14</td>
      </tr>
      <tr>
        <td colspan="1" rowspan="1" width="20%">Plugin Id</td>
        <td colspan="1" rowspan="1" width="80%">
          <a shape="rect" href="https://www.zaproxy.org/docs/alerts/10061/">10061</a>
        </td>
      </tr>
    </table>
    <div class="spacer"/>
    <table class="results">
      <tr height="24">
        <th colspan="1" rowspan="1" class="risk-1" width="20%">
          <a shape="rect" id="10021"/>
          <div>Bajo</div>
        </th>
        <th colspan="1" rowspan="1" class="risk-1">X-Content-Type-Options Header Missing</th>
      </tr>
      <tr>
        <td colspan="1" rowspan="1" width="20%">Descripción</td>
        <td colspan="1" rowspan="1" width="80%">
          <div>The Anti-MIME-Sniffing header X-Content-Type-Options was not set to 'nosniff'. This allows older versions of Internet Explorer and Chrome to perform MIME-sniffing on the response body, potentially causing the response body to be interpreted and displayed as a content type other than the declared content type. Current (early 2014) and legacy versions of Firefox will use the declared content type (if one is set), rather than performing MIME-sniffing.</div>
        </td>
      </tr>
      <tr valign="top">
        <td colspan="2" rowspan="1"/>
      </tr>
      <tr>
        <td colspan="1" rowspan="1" class="indent1" width="20%">URL</td>
        <td colspan="1" rowspan="1" width="80%">
          <a shape="rect" href="https://demo.owasp-juice.shop/socket.io/?EIO=4&amp;transport=polling&amp;t=P5eDhz0">https://demo.owasp-juice.shop/socket.io/?EIO=4&amp;transport=polling&amp;t=P5eDhz0</a>
        </td>
      </tr>
      <tr>
        <td colspan="1" rowspan="1" class="indent2" width="20%">Método</td>
        <td colspan="1" rowspan="1" width="80%">GET</td>
      </tr>
      <tr>
        <td colspan="1" rowspan="1" class="indent2" width="20%">Parámetros</td>
        <td colspan="1" rowspan="1" width="80%">x-content-type-options</td>
      </tr>
      <tr>
        <td colspan="1" rowspan="1" class="indent2" width="20%">Ataque</td>
        <td colspan="1" rowspan="1" width="80%"/>
      </tr>
      <tr>
        <td colspan="1" rowspan="1" class="indent2" width="20%">Evidencia</td>
        <td colspan="1" rowspan="1" width="80%"/>
      </tr>
      <tr>
        <td colspan="1" rowspan="1" class="indent2" width="20%">Other Info</td>
        <td colspan="1" rowspan="1" width="80%">This issue still applies to error type pages (401, 403, 500, etc.) as those pages are often still affected by injection issues, in which case there is still concern for browsers sniffing pages away from their actual content type.
At "High" threshold this scan rule will not alert on client or server error responses.</td>
      </tr>
      <tr>
        <td colspan="1" rowspan="1" class="indent1" width="20%">URL</td>
        <td colspan="1" rowspan="1" width="80%">
          <a shape="rect" href="https://demo.owasp-juice.shop/socket.io/?EIO=4&amp;transport=polling&amp;t=P5eDi1G&amp;sid=3YzakH4yE0404A-FAAQX">https://demo.owasp-juice.shop/socket.io/?EIO=4&amp;transport=polling&amp;t=P5eDi1G&amp;sid=3YzakH4yE0404A-FAAQX</a>
        </td>
      </tr>
      <tr>
        <td colspan="1" rowspan="1" class="indent2" width="20%">Método</td>
        <td colspan="1" rowspan="1" width="80%">GET</td>
      </tr>
      <tr>
        <td colspan="1" rowspan="1" class="indent2" width="20%">Parámetros</td>
        <td colspan="1" rowspan="1" width="80%">x-content-type-options</td>
      </tr>
      <tr>
        <td colspan="1" rowspan="1" class="indent2" width="20%">Ataque</td>
        <td colspan="1" rowspan="1" width="80%"/>
      </tr>
      <tr>
        <td colspan="1" rowspan="1" class="indent2" width="20%">Evidencia</td>
        <td colspan="1" rowspan="1" width="80%"/>
      </tr>
      <tr>
        <td colspan="1" rowspan="1" class="indent2" width="20%">Other Info</td>
        <td colspan="1" rowspan="1" width="80%">This issue still applies to error type pages (401, 403, 500, etc.) as those pages are often still affected by injection issues, in which case there is still concern for browsers sniffing pages away from their actual content type.
At "High" threshold this scan rule will not alert on client or server error responses.</td>
      </tr>
      <tr>
        <td colspan="1" rowspan="1" class="indent1" width="20%">URL</td>
        <td colspan="1" rowspan="1" width="80%">
          <a shape="rect" href="https://demo.owasp-juice.shop/socket.io/?EIO=4&amp;transport=polling&amp;t=P5eDwjc&amp;sid=zZ9WE7Jsg7O2fa9jAAQ9">https://demo.owasp-juice.shop/socket.io/?EIO=4&amp;transport=polling&amp;t=P5eDwjc&amp;sid=zZ9WE7Jsg7O2fa9jAAQ9</a>
        </td>
      </tr>
      <tr>
        <td colspan="1" rowspan="1" class="indent2" width="20%">Método</td>
        <td colspan="1" rowspan="1" width="80%">GET</td>
      </tr>
      <tr>
        <td colspan="1" rowspan="1" class="indent2" width="20%">Parámetros</td>
        <td colspan="1" rowspan="1" width="80%">x-content-type-options</td>
      </tr>
      <tr>
        <td colspan="1" rowspan="1" class="indent2" width="20%">Ataque</td>
        <td colspan="1" rowspan="1" width="80%"/>
      </tr>
      <tr>
        <td colspan="1" rowspan="1" class="indent2" width="20%">Evidencia</td>
        <td colspan="1" rowspan="1" width="80%"/>
      </tr>
      <tr>
        <td colspan="1" rowspan="1" class="indent2" width="20%">Other Info</td>
        <td colspan="1" rowspan="1" width="80%">This issue still applies to error type pages (401, 403, 500, etc.) as those pages are often still affected by injection issues, in which case there is still concern for browsers sniffing pages away from their actual content type.
At "High" threshold this scan rule will not alert on client or server error responses.</td>
      </tr>
      <tr>
        <td colspan="1" rowspan="1" class="indent1" width="20%">URL</td>
        <td colspan="1" rowspan="1" width="80%">
          <a shape="rect" href="https://demo.owasp-juice.shop/socket.io/?EIO=4&amp;transport=polling&amp;t=P5eDwUA">https://demo.owasp-juice.shop/socket.io/?EIO=4&amp;transport=polling&amp;t=P5eDwUA</a>
        </td>
      </tr>
      <tr>
        <td colspan="1" rowspan="1" class="indent2" width="20%">Método</td>
        <td colspan="1" rowspan="1" width="80%">GET</td>
      </tr>
      <tr>
        <td colspan="1" rowspan="1" class="indent2" width="20%">Parámetros</td>
        <td colspan="1" rowspan="1" width="80%">x-content-type-options</td>
      </tr>
      <tr>
        <td colspan="1" rowspan="1" class="indent2" width="20%">Ataque</td>
        <td colspan="1" rowspan="1" width="80%"/>
      </tr>
      <tr>
        <td colspan="1" rowspan="1" class="indent2" width="20%">Evidencia</td>
        <td colspan="1" rowspan="1" width="80%"/>
      </tr>
      <tr>
        <td colspan="1" rowspan="1" class="indent2" width="20%">Other Info</td>
        <td colspan="1" rowspan="1" width="80%">This issue still applies to error type pages (401, 403, 500, etc.) as those pages are often still affected by injection issues, in which case there is still concern for browsers sniffing pages away from their actual content type.
At "High" threshold this scan rule will not alert on client or server error responses.</td>
      </tr>
      <tr>
        <td colspan="1" rowspan="1" class="indent1" width="20%">URL</td>
        <td colspan="1" rowspan="1" width="80%">
          <a shape="rect" href="https://demo.owasp-juice.shop/socket.io/?EIO=4&amp;transport=polling&amp;t=P5eE3GI">https://demo.owasp-juice.shop/socket.io/?EIO=4&amp;transport=polling&amp;t=P5eE3GI</a>
        </td>
      </tr>
      <tr>
        <td colspan="1" rowspan="1" class="indent2" width="20%">Método</td>
        <td colspan="1" rowspan="1" width="80%">GET</td>
      </tr>
      <tr>
        <td colspan="1" rowspan="1" class="indent2" width="20%">Parámetros</td>
        <td colspan="1" rowspan="1" width="80%">x-content-type-options</td>
      </tr>
      <tr>
        <td colspan="1" rowspan="1" class="indent2" width="20%">Ataque</td>
        <td colspan="1" rowspan="1" width="80%"/>
      </tr>
      <tr>
        <td colspan="1" rowspan="1" class="indent2" width="20%">Evidencia</td>
        <td colspan="1" rowspan="1" width="80%"/>
      </tr>
      <tr>
        <td colspan="1" rowspan="1" class="indent2" width="20%">Other Info</td>
        <td colspan="1" rowspan="1" width="80%">This issue still applies to error type pages (401, 403, 500, etc.) as those pages are often still affected by injection issues, in which case there is still concern for browsers sniffing pages away from their actual content type.
At "High" threshold this scan rule will not alert on client or server error responses.</td>
      </tr>
      <tr>
        <td colspan="1" rowspan="1" class="indent1" width="20%">URL</td>
        <td colspan="1" rowspan="1" width="80%">
          <a shape="rect" href="https://demo.owasp-juice.shop/socket.io/?EIO=4&amp;transport=polling&amp;t=P5eE3KZ&amp;sid=7owDv-WBO4vaB6t3AARZ">https://demo.owasp-juice.shop/socket.io/?EIO=4&amp;transport=polling&amp;t=P5eE3KZ&amp;sid=7owDv-WBO4vaB6t3AARZ</a>
        </td>
      </tr>
      <tr>
        <td colspan="1" rowspan="1" class="indent2" width="20%">Método</td>
        <td colspan="1" rowspan="1" width="80%">GET</td>
      </tr>
      <tr>
        <td colspan="1" rowspan="1" class="indent2" width="20%">Parámetros</td>
        <td colspan="1" rowspan="1" width="80%">x-content-type-options</td>
      </tr>
      <tr>
        <td colspan="1" rowspan="1" class="indent2" width="20%">Ataque</td>
        <td colspan="1" rowspan="1" width="80%"/>
      </tr>
      <tr>
        <td colspan="1" rowspan="1" class="indent2" width="20%">Evidencia</td>
        <td colspan="1" rowspan="1" width="80%"/>
      </tr>
      <tr>
        <td colspan="1" rowspan="1" class="indent2" width="20%">Other Info</td>
        <td colspan="1" rowspan="1" width="80%">This issue still applies to error type pages (401, 403, 500, etc.) as those pages are often still affected by injection issues, in which case there is still concern for browsers sniffing pages away from their actual content type.
At "High" threshold this scan rule will not alert on client or server error responses.</td>
      </tr>
      <tr>
        <td colspan="1" rowspan="1" class="indent1" width="20%">URL</td>
        <td colspan="1" rowspan="1" width="80%">
          <a shape="rect" href="https://demo.owasp-juice.shop/socket.io/?EIO=4&amp;transport=polling&amp;t=P5eEGen">https://demo.owasp-juice.shop/socket.io/?EIO=4&amp;transport=polling&amp;t=P5eEGen</a>
        </td>
      </tr>
      <tr>
        <td colspan="1" rowspan="1" class="indent2" width="20%">Método</td>
        <td colspan="1" rowspan="1" width="80%">GET</td>
      </tr>
      <tr>
        <td colspan="1" rowspan="1" class="indent2" width="20%">Parámetros</td>
        <td colspan="1" rowspan="1" width="80%">x-content-type-options</td>
      </tr>
      <tr>
        <td colspan="1" rowspan="1" class="indent2" width="20%">Ataque</td>
        <td colspan="1" rowspan="1" width="80%"/>
      </tr>
      <tr>
        <td colspan="1" rowspan="1" class="indent2" width="20%">Evidencia</td>
        <td colspan="1" rowspan="1" width="80%"/>
      </tr>
      <tr>
        <td colspan="1" rowspan="1" class="indent2" width="20%">Other Info</td>
        <td colspan="1" rowspan="1" width="80%">This issue still applies to error type pages (401, 403, 500, etc.) as those pages are often still affected by injection issues, in which case there is still concern for browsers sniffing pages away from their actual content type.
At "High" threshold this scan rule will not alert on client or server error responses.</td>
      </tr>
      <tr>
        <td colspan="1" rowspan="1" class="indent1" width="20%">URL</td>
        <td colspan="1" rowspan="1" width="80%">
          <a shape="rect" href="https://demo.owasp-juice.shop/socket.io/?EIO=4&amp;transport=polling&amp;t=P5eEGj1&amp;sid=siOkhKcUcU8D1IWdAARy">https://demo.owasp-juice.shop/socket.io/?EIO=4&amp;transport=polling&amp;t=P5eEGj1&amp;sid=siOkhKcUcU8D1IWdAARy</a>
        </td>
      </tr>
      <tr>
        <td colspan="1" rowspan="1" class="indent2" width="20%">Método</td>
        <td colspan="1" rowspan="1" width="80%">GET</td>
      </tr>
      <tr>
        <td colspan="1" rowspan="1" class="indent2" width="20%">Parámetros</td>
        <td colspan="1" rowspan="1" width="80%">x-content-type-options</td>
      </tr>
      <tr>
        <td colspan="1" rowspan="1" class="indent2" width="20%">Ataque</td>
        <td colspan="1" rowspan="1" width="80%"/>
      </tr>
      <tr>
        <td colspan="1" rowspan="1" class="indent2" width="20%">Evidencia</td>
        <td colspan="1" rowspan="1" width="80%"/>
      </tr>
      <tr>
        <td colspan="1" rowspan="1" class="indent2" width="20%">Other Info</td>
        <td colspan="1" rowspan="1" width="80%">This issue still applies to error type pages (401, 403, 500, etc.) as those pages are often still affected by injection issues, in which case there is still concern for browsers sniffing pages away from their actual content type.
At "High" threshold this scan rule will not alert on client or server error responses.</td>
      </tr>
      <tr>
        <td colspan="1" rowspan="1" class="indent1" width="20%">URL</td>
        <td colspan="1" rowspan="1" width="80%">
          <a shape="rect" href="https://demo.owasp-juice.shop/socket.io/?EIO=4&amp;transport=polling&amp;t=P5eErBL">https://demo.owasp-juice.shop/socket.io/?EIO=4&amp;transport=polling&amp;t=P5eErBL</a>
        </td>
      </tr>
      <tr>
        <td colspan="1" rowspan="1" class="indent2" width="20%">Método</td>
        <td colspan="1" rowspan="1" width="80%">GET</td>
      </tr>
      <tr>
        <td colspan="1" rowspan="1" class="indent2" width="20%">Parámetros</td>
        <td colspan="1" rowspan="1" width="80%">x-content-type-options</td>
      </tr>
      <tr>
        <td colspan="1" rowspan="1" class="indent2" width="20%">Ataque</td>
        <td colspan="1" rowspan="1" width="80%"/>
      </tr>
      <tr>
        <td colspan="1" rowspan="1" class="indent2" width="20%">Evidencia</td>
        <td colspan="1" rowspan="1" width="80%"/>
      </tr>
      <tr>
        <td colspan="1" rowspan="1" class="indent2" width="20%">Other Info</td>
        <td colspan="1" rowspan="1" width="80%">This issue still applies to error type pages (401, 403, 500, etc.) as those pages are often still affected by injection issues, in which case there is still concern for browsers sniffing pages away from their actual content type.
At "High" threshold this scan rule will not alert on client or server error responses.</td>
      </tr>
      <tr>
        <td colspan="1" rowspan="1" class="indent1" width="20%">URL</td>
        <td colspan="1" rowspan="1" width="80%">
          <a shape="rect" href="https://demo.owasp-juice.shop/socket.io/?EIO=4&amp;transport=polling&amp;t=P5eErFf&amp;sid=8XjwdI-N9bmNoL3qAASh">https://demo.owasp-juice.shop/socket.io/?EIO=4&amp;transport=polling&amp;t=P5eErFf&amp;sid=8XjwdI-N9bmNoL3qAASh</a>
        </td>
      </tr>
      <tr>
        <td colspan="1" rowspan="1" class="indent2" width="20%">Método</td>
        <td colspan="1" rowspan="1" width="80%">GET</td>
      </tr>
      <tr>
        <td colspan="1" rowspan="1" class="indent2" width="20%">Parámetros</td>
        <td colspan="1" rowspan="1" width="80%">x-content-type-options</td>
      </tr>
      <tr>
        <td colspan="1" rowspan="1" class="indent2" width="20%">Ataque</td>
        <td colspan="1" rowspan="1" width="80%"/>
      </tr>
      <tr>
        <td colspan="1" rowspan="1" class="indent2" width="20%">Evidencia</td>
        <td colspan="1" rowspan="1" width="80%"/>
      </tr>
      <tr>
        <td colspan="1" rowspan="1" class="indent2" width="20%">Other Info</td>
        <td colspan="1" rowspan="1" width="80%">This issue still applies to error type pages (401, 403, 500, etc.) as those pages are often still affected by injection issues, in which case there is still concern for browsers sniffing pages away from their actual content type.
At "High" threshold this scan rule will not alert on client or server error responses.</td>
      </tr>
      <tr>
        <td colspan="1" rowspan="1" class="indent1" width="20%">URL</td>
        <td colspan="1" rowspan="1" width="80%">
          <a shape="rect" href="https://demo.owasp-juice.shop/socket.io/?EIO=4&amp;transport=polling&amp;t=P5eExhw">https://demo.owasp-juice.shop/socket.io/?EIO=4&amp;transport=polling&amp;t=P5eExhw</a>
        </td>
      </tr>
      <tr>
        <td colspan="1" rowspan="1" class="indent2" width="20%">Método</td>
        <td colspan="1" rowspan="1" width="80%">GET</td>
      </tr>
      <tr>
        <td colspan="1" rowspan="1" class="indent2" width="20%">Parámetros</td>
        <td colspan="1" rowspan="1" width="80%">x-content-type-options</td>
      </tr>
      <tr>
        <td colspan="1" rowspan="1" class="indent2" width="20%">Ataque</td>
        <td colspan="1" rowspan="1" width="80%"/>
      </tr>
      <tr>
        <td colspan="1" rowspan="1" class="indent2" width="20%">Evidencia</td>
        <td colspan="1" rowspan="1" width="80%"/>
      </tr>
      <tr>
        <td colspan="1" rowspan="1" class="indent2" width="20%">Other Info</td>
        <td colspan="1" rowspan="1" width="80%">This issue still applies to error type pages (401, 403, 500, etc.) as those pages are often still affected by injection issues, in which case there is still concern for browsers sniffing pages away from their actual content type.
At "High" threshold this scan rule will not alert on client or server error responses.</td>
      </tr>
      <tr>
        <td colspan="1" rowspan="1" class="indent1" width="20%">URL</td>
        <td colspan="1" rowspan="1" width="80%">
          <a shape="rect" href="https://demo.owasp-juice.shop/socket.io/?EIO=4&amp;transport=polling&amp;t=P5eExmG&amp;sid=kZ26VJOLwn-6K0JsAASt">https://demo.owasp-juice.shop/socket.io/?EIO=4&amp;transport=polling&amp;t=P5eExmG&amp;sid=kZ26VJOLwn-6K0JsAASt</a>
        </td>
      </tr>
      <tr>
        <td colspan="1" rowspan="1" class="indent2" width="20%">Método</td>
        <td colspan="1" rowspan="1" width="80%">GET</td>
      </tr>
      <tr>
        <td colspan="1" rowspan="1" class="indent2" width="20%">Parámetros</td>
        <td colspan="1" rowspan="1" width="80%">x-content-type-options</td>
      </tr>
      <tr>
        <td colspan="1" rowspan="1" class="indent2" width="20%">Ataque</td>
        <td colspan="1" rowspan="1" width="80%"/>
      </tr>
      <tr>
        <td colspan="1" rowspan="1" class="indent2" width="20%">Evidencia</td>
        <td colspan="1" rowspan="1" width="80%"/>
      </tr>
      <tr>
        <td colspan="1" rowspan="1" class="indent2" width="20%">Other Info</td>
        <td colspan="1" rowspan="1" width="80%">This issue still applies to error type pages (401, 403, 500, etc.) as those pages are often still affected by injection issues, in which case there is still concern for browsers sniffing pages away from their actual content type.
At "High" threshold this scan rule will not alert on client or server error responses.</td>
      </tr>
      <tr>
        <td colspan="1" rowspan="1" class="indent1" width="20%">URL</td>
        <td colspan="1" rowspan="1" width="80%">
          <a shape="rect" href="https://optimizationguide-pa.googleapis.com/downloads?name=1679317318&amp;target=OPTIMIZATION_TARGET_LANGUAGE_DETECTION">https://optimizationguide-pa.googleapis.com/downloads?name=1679317318&amp;target=OPTIMIZATION_TARGET_LANGUAGE_DETECTION</a>
        </td>
      </tr>
      <tr>
        <td colspan="1" rowspan="1" class="indent2" width="20%">Método</td>
        <td colspan="1" rowspan="1" width="80%">GET</td>
      </tr>
      <tr>
        <td colspan="1" rowspan="1" class="indent2" width="20%">Parámetros</td>
        <td colspan="1" rowspan="1" width="80%">x-content-type-options</td>
      </tr>
      <tr>
        <td colspan="1" rowspan="1" class="indent2" width="20%">Ataque</td>
        <td colspan="1" rowspan="1" width="80%"/>
      </tr>
      <tr>
        <td colspan="1" rowspan="1" class="indent2" width="20%">Evidencia</td>
        <td colspan="1" rowspan="1" width="80%"/>
      </tr>
      <tr>
        <td colspan="1" rowspan="1" class="indent2" width="20%">Other Info</td>
        <td colspan="1" rowspan="1" width="80%">This issue still applies to error type pages (401, 403, 500, etc.) as those pages are often still affected by injection issues, in which case there is still concern for browsers sniffing pages away from their actual content type.
At "High" threshold this scan rule will not alert on client or server error responses.</td>
      </tr>
      <tr>
        <td colspan="1" rowspan="1" class="indent1" width="20%">URL</td>
        <td colspan="1" rowspan="1" width="80%">
          <a shape="rect" href="https://optimizationguide-pa.googleapis.com/downloads?name=1689043206&amp;target=OPTIMIZATION_TARGET_VISUAL_SEARCH_CLASSIFICATION">https://optimizationguide-pa.googleapis.com/downloads?name=1689043206&amp;target=OPTIMIZATION_TARGET_VISUAL_SEARCH_CLASSIFICATION</a>
        </td>
      </tr>
      <tr>
        <td colspan="1" rowspan="1" class="indent2" width="20%">Método</td>
        <td colspan="1" rowspan="1" width="80%">GET</td>
      </tr>
      <tr>
        <td colspan="1" rowspan="1" class="indent2" width="20%">Parámetros</td>
        <td colspan="1" rowspan="1" width="80%">x-content-type-options</td>
      </tr>
      <tr>
        <td colspan="1" rowspan="1" class="indent2" width="20%">Ataque</td>
        <td colspan="1" rowspan="1" width="80%"/>
      </tr>
      <tr>
        <td colspan="1" rowspan="1" class="indent2" width="20%">Evidencia</td>
        <td colspan="1" rowspan="1" width="80%"/>
      </tr>
      <tr>
        <td colspan="1" rowspan="1" class="indent2" width="20%">Other Info</td>
        <td colspan="1" rowspan="1" width="80%">This issue still applies to error type pages (401, 403, 500, etc.) as those pages are often still affected by injection issues, in which case there is still concern for browsers sniffing pages away from their actual content type.
At "High" threshold this scan rule will not alert on client or server error responses.</td>
      </tr>
      <tr>
        <td colspan="1" rowspan="1" class="indent1" width="20%">URL</td>
        <td colspan="1" rowspan="1" width="80%">
          <a shape="rect" href="https://optimizationguide-pa.googleapis.com/downloads?name=1691042511&amp;target=OPTIMIZATION_TARGET_NEW_TAB_PAGE_HISTORY_CLUSTERS_MODULE_RANKING">https://optimizationguide-pa.googleapis.com/downloads?name=1691042511&amp;target=OPTIMIZATION_TARGET_NEW_TAB_PAGE_HISTORY_CLUSTERS_MODULE_RANKING</a>
        </td>
      </tr>
      <tr>
        <td colspan="1" rowspan="1" class="indent2" width="20%">Método</td>
        <td colspan="1" rowspan="1" width="80%">GET</td>
      </tr>
      <tr>
        <td colspan="1" rowspan="1" class="indent2" width="20%">Parámetros</td>
        <td colspan="1" rowspan="1" width="80%">x-content-type-options</td>
      </tr>
      <tr>
        <td colspan="1" rowspan="1" class="indent2" width="20%">Ataque</td>
        <td colspan="1" rowspan="1" width="80%"/>
      </tr>
      <tr>
        <td colspan="1" rowspan="1" class="indent2" width="20%">Evidencia</td>
        <td colspan="1" rowspan="1" width="80%"/>
      </tr>
      <tr>
        <td colspan="1" rowspan="1" class="indent2" width="20%">Other Info</td>
        <td colspan="1" rowspan="1" width="80%">This issue still applies to error type pages (401, 403, 500, etc.) as those pages are often still affected by injection issues, in which case there is still concern for browsers sniffing pages away from their actual content type.
At "High" threshold this scan rule will not alert on client or server error responses.</td>
      </tr>
      <tr>
        <td colspan="1" rowspan="1" class="indent1" width="20%">URL</td>
        <td colspan="1" rowspan="1" width="80%">
          <a shape="rect" href="https://optimizationguide-pa.googleapis.com/downloads?name=1696267841&amp;target=OPTIMIZATION_TARGET_OMNIBOX_URL_SCORING">https://optimizationguide-pa.googleapis.com/downloads?name=1696267841&amp;target=OPTIMIZATION_TARGET_OMNIBOX_URL_SCORING</a>
        </td>
      </tr>
      <tr>
        <td colspan="1" rowspan="1" class="indent2" width="20%">Método</td>
        <td colspan="1" rowspan="1" width="80%">GET</td>
      </tr>
      <tr>
        <td colspan="1" rowspan="1" class="indent2" width="20%">Parámetros</td>
        <td colspan="1" rowspan="1" width="80%">x-content-type-options</td>
      </tr>
      <tr>
        <td colspan="1" rowspan="1" class="indent2" width="20%">Ataque</td>
        <td colspan="1" rowspan="1" width="80%"/>
      </tr>
      <tr>
        <td colspan="1" rowspan="1" class="indent2" width="20%">Evidencia</td>
        <td colspan="1" rowspan="1" width="80%"/>
      </tr>
      <tr>
        <td colspan="1" rowspan="1" class="indent2" width="20%">Other Info</td>
        <td colspan="1" rowspan="1" width="80%">This issue still applies to error type pages (401, 403, 500, etc.) as those pages are often still affected by injection issues, in which case there is still concern for browsers sniffing pages away from their actual content type.
At "High" threshold this scan rule will not alert on client or server error responses.</td>
      </tr>
      <tr>
        <td colspan="1" rowspan="1" class="indent1" width="20%">URL</td>
        <td colspan="1" rowspan="1" width="80%">
          <a shape="rect" href="https://optimizationguide-pa.googleapis.com/downloads?name=1721660842&amp;target=OPTIMIZATION_TARGET_CLIENT_SIDE_PHISHING">https://optimizationguide-pa.googleapis.com/downloads?name=1721660842&amp;target=OPTIMIZATION_TARGET_CLIENT_SIDE_PHISHING</a>
        </td>
      </tr>
      <tr>
        <td colspan="1" rowspan="1" class="indent2" width="20%">Método</td>
        <td colspan="1" rowspan="1" width="80%">GET</td>
      </tr>
      <tr>
        <td colspan="1" rowspan="1" class="indent2" width="20%">Parámetros</td>
        <td colspan="1" rowspan="1" width="80%">x-content-type-options</td>
      </tr>
      <tr>
        <td colspan="1" rowspan="1" class="indent2" width="20%">Ataque</td>
        <td colspan="1" rowspan="1" width="80%"/>
      </tr>
      <tr>
        <td colspan="1" rowspan="1" class="indent2" width="20%">Evidencia</td>
        <td colspan="1" rowspan="1" width="80%"/>
      </tr>
      <tr>
        <td colspan="1" rowspan="1" class="indent2" width="20%">Other Info</td>
        <td colspan="1" rowspan="1" width="80%">This issue still applies to error type pages (401, 403, 500, etc.) as those pages are often still affected by injection issues, in which case there is still concern for browsers sniffing pages away from their actual content type.
At "High" threshold this scan rule will not alert on client or server error responses.</td>
      </tr>
      <tr>
        <td colspan="1" rowspan="1" class="indent1" width="20%">URL</td>
        <td colspan="1" rowspan="1" width="80%">
          <a shape="rect" href="https://optimizationguide-pa.googleapis.com/downloads?name=1721660892&amp;target=OPTIMIZATION_TARGET_GEOLOCATION_PERMISSION_PREDICTIONS">https://optimizationguide-pa.googleapis.com/downloads?name=1721660892&amp;target=OPTIMIZATION_TARGET_GEOLOCATION_PERMISSION_PREDICTIONS</a>
        </td>
      </tr>
      <tr>
        <td colspan="1" rowspan="1" class="indent2" width="20%">Método</td>
        <td colspan="1" rowspan="1" width="80%">GET</td>
      </tr>
      <tr>
        <td colspan="1" rowspan="1" class="indent2" width="20%">Parámetros</td>
        <td colspan="1" rowspan="1" width="80%">x-content-type-options</td>
      </tr>
      <tr>
        <td colspan="1" rowspan="1" class="indent2" width="20%">Ataque</td>
        <td colspan="1" rowspan="1" width="80%"/>
      </tr>
      <tr>
        <td colspan="1" rowspan="1" class="indent2" width="20%">Evidencia</td>
        <td colspan="1" rowspan="1" width="80%"/>
      </tr>
      <tr>
        <td colspan="1" rowspan="1" class="indent2" width="20%">Other Info</td>
        <td colspan="1" rowspan="1" width="80%">This issue still applies to error type pages (401, 403, 500, etc.) as those pages are often still affected by injection issues, in which case there is still concern for browsers sniffing pages away from their actual content type.
At "High" threshold this scan rule will not alert on client or server error responses.</td>
      </tr>
      <tr>
        <td colspan="1" rowspan="1" class="indent1" width="20%">URL</td>
        <td colspan="1" rowspan="1" width="80%">
          <a shape="rect" href="https://optimizationguide-pa.googleapis.com/downloads?name=1721660925&amp;target=OPTIMIZATION_TARGET_NOTIFICATION_PERMISSION_PREDICTIONS">https://optimizationguide-pa.googleapis.com/downloads?name=1721660925&amp;target=OPTIMIZATION_TARGET_NOTIFICATION_PERMISSION_PREDICTIONS</a>
        </td>
      </tr>
      <tr>
        <td colspan="1" rowspan="1" class="indent2" width="20%">Método</td>
        <td colspan="1" rowspan="1" width="80%">GET</td>
      </tr>
      <tr>
        <td colspan="1" rowspan="1" class="indent2" width="20%">Parámetros</td>
        <td colspan="1" rowspan="1" width="80%">x-content-type-options</td>
      </tr>
      <tr>
        <td colspan="1" rowspan="1" class="indent2" width="20%">Ataque</td>
        <td colspan="1" rowspan="1" width="80%"/>
      </tr>
      <tr>
        <td colspan="1" rowspan="1" class="indent2" width="20%">Evidencia</td>
        <td colspan="1" rowspan="1" width="80%"/>
      </tr>
      <tr>
        <td colspan="1" rowspan="1" class="indent2" width="20%">Other Info</td>
        <td colspan="1" rowspan="1" width="80%">This issue still applies to error type pages (401, 403, 500, etc.) as those pages are often still affected by injection issues, in which case there is still concern for browsers sniffing pages away from their actual content type.
At "High" threshold this scan rule will not alert on client or server error responses.</td>
      </tr>
      <tr>
        <td colspan="1" rowspan="1" class="indent1" width="20%">URL</td>
        <td colspan="1" rowspan="1" width="80%">
          <a shape="rect" href="https://optimizationguide-pa.googleapis.com/downloads?name=5&amp;target=OPTIMIZATION_TARGET_PAGE_TOPICS_V2">https://optimizationguide-pa.googleapis.com/downloads?name=5&amp;target=OPTIMIZATION_TARGET_PAGE_TOPICS_V2</a>
        </td>
      </tr>
      <tr>
        <td colspan="1" rowspan="1" class="indent2" width="20%">Método</td>
        <td colspan="1" rowspan="1" width="80%">GET</td>
      </tr>
      <tr>
        <td colspan="1" rowspan="1" class="indent2" width="20%">Parámetros</td>
        <td colspan="1" rowspan="1" width="80%">x-content-type-options</td>
      </tr>
      <tr>
        <td colspan="1" rowspan="1" class="indent2" width="20%">Ataque</td>
        <td colspan="1" rowspan="1" width="80%"/>
      </tr>
      <tr>
        <td colspan="1" rowspan="1" class="indent2" width="20%">Evidencia</td>
        <td colspan="1" rowspan="1" width="80%"/>
      </tr>
      <tr>
        <td colspan="1" rowspan="1" class="indent2" width="20%">Other Info</td>
        <td colspan="1" rowspan="1" width="80%">This issue still applies to error type pages (401, 403, 500, etc.) as those pages are often still affected by injection issues, in which case there is still concern for browsers sniffing pages away from their actual content type.
At "High" threshold this scan rule will not alert on client or server error responses.</td>
      </tr>
      <tr>
        <td colspan="1" rowspan="1" class="indent1" width="20%">URL</td>
        <td colspan="1" rowspan="1" width="80%">
          <a shape="rect" href="https://todo.ly/">https://todo.ly/</a>
        </td>
      </tr>
      <tr>
        <td colspan="1" rowspan="1" class="indent2" width="20%">Método</td>
        <td colspan="1" rowspan="1" width="80%">GET</td>
      </tr>
      <tr>
        <td colspan="1" rowspan="1" class="indent2" width="20%">Parámetros</td>
        <td colspan="1" rowspan="1" width="80%">x-content-type-options</td>
      </tr>
      <tr>
        <td colspan="1" rowspan="1" class="indent2" width="20%">Ataque</td>
        <td colspan="1" rowspan="1" width="80%"/>
      </tr>
      <tr>
        <td colspan="1" rowspan="1" class="indent2" width="20%">Evidencia</td>
        <td colspan="1" rowspan="1" width="80%"/>
      </tr>
      <tr>
        <td colspan="1" rowspan="1" class="indent2" width="20%">Other Info</td>
        <td colspan="1" rowspan="1" width="80%">This issue still applies to error type pages (401, 403, 500, etc.) as those pages are often still affected by injection issues, in which case there is still concern for browsers sniffing pages away from their actual content type.
At "High" threshold this scan rule will not alert on client or server error responses.</td>
      </tr>
      <tr>
        <td colspan="1" rowspan="1" class="indent1" width="20%">URL</td>
        <td colspan="1" rowspan="1" width="80%">
          <a shape="rect" href="https://todo.ly/Images/openhand.cur">https://todo.ly/Images/openhand.cur</a>
        </td>
      </tr>
      <tr>
        <td colspan="1" rowspan="1" class="indent2" width="20%">Método</td>
        <td colspan="1" rowspan="1" width="80%">GET</td>
      </tr>
      <tr>
        <td colspan="1" rowspan="1" class="indent2" width="20%">Parámetros</td>
        <td colspan="1" rowspan="1" width="80%">x-content-type-options</td>
      </tr>
      <tr>
        <td colspan="1" rowspan="1" class="indent2" width="20%">Ataque</td>
        <td colspan="1" rowspan="1" width="80%"/>
      </tr>
      <tr>
        <td colspan="1" rowspan="1" class="indent2" width="20%">Evidencia</td>
        <td colspan="1" rowspan="1" width="80%"/>
      </tr>
      <tr>
        <td colspan="1" rowspan="1" class="indent2" width="20%">Other Info</td>
        <td colspan="1" rowspan="1" width="80%">This issue still applies to error type pages (401, 403, 500, etc.) as those pages are often still affected by injection issues, in which case there is still concern for browsers sniffing pages away from their actual content type.
At "High" threshold this scan rule will not alert on client or server error responses.</td>
      </tr>
      <tr>
        <td colspan="1" rowspan="1" class="indent1" width="20%">URL</td>
        <td colspan="1" rowspan="1" width="80%">
          <a shape="rect" href="https://todo.ly/Scripts/date.js?v=4">https://todo.ly/Scripts/date.js?v=4</a>
        </td>
      </tr>
      <tr>
        <td colspan="1" rowspan="1" class="indent2" width="20%">Método</td>
        <td colspan="1" rowspan="1" width="80%">GET</td>
      </tr>
      <tr>
        <td colspan="1" rowspan="1" class="indent2" width="20%">Parámetros</td>
        <td colspan="1" rowspan="1" width="80%">x-content-type-options</td>
      </tr>
      <tr>
        <td colspan="1" rowspan="1" class="indent2" width="20%">Ataque</td>
        <td colspan="1" rowspan="1" width="80%"/>
      </tr>
      <tr>
        <td colspan="1" rowspan="1" class="indent2" width="20%">Evidencia</td>
        <td colspan="1" rowspan="1" width="80%"/>
      </tr>
      <tr>
        <td colspan="1" rowspan="1" class="indent2" width="20%">Other Info</td>
        <td colspan="1" rowspan="1" width="80%">This issue still applies to error type pages (401, 403, 500, etc.) as those pages are often still affected by injection issues, in which case there is still concern for browsers sniffing pages away from their actual content type.
At "High" threshold this scan rule will not alert on client or server error responses.</td>
      </tr>
      <tr>
        <td colspan="1" rowspan="1" class="indent1" width="20%">URL</td>
        <td colspan="1" rowspan="1" width="80%">
          <a shape="rect" href="https://todo.ly/Scripts/jquery-1.7.1.min.js">https://todo.ly/Scripts/jquery-1.7.1.min.js</a>
        </td>
      </tr>
      <tr>
        <td colspan="1" rowspan="1" class="indent2" width="20%">Método</td>
        <td colspan="1" rowspan="1" width="80%">GET</td>
      </tr>
      <tr>
        <td colspan="1" rowspan="1" class="indent2" width="20%">Parámetros</td>
        <td colspan="1" rowspan="1" width="80%">x-content-type-options</td>
      </tr>
      <tr>
        <td colspan="1" rowspan="1" class="indent2" width="20%">Ataque</td>
        <td colspan="1" rowspan="1" width="80%"/>
      </tr>
      <tr>
        <td colspan="1" rowspan="1" class="indent2" width="20%">Evidencia</td>
        <td colspan="1" rowspan="1" width="80%"/>
      </tr>
      <tr>
        <td colspan="1" rowspan="1" class="indent2" width="20%">Other Info</td>
        <td colspan="1" rowspan="1" width="80%">This issue still applies to error type pages (401, 403, 500, etc.) as those pages are often still affected by injection issues, in which case there is still concern for browsers sniffing pages away from their actual content type.
At "High" threshold this scan rule will not alert on client or server error responses.</td>
      </tr>
      <tr>
        <td colspan="1" rowspan="1" class="indent1" width="20%">URL</td>
        <td colspan="1" rowspan="1" width="80%">
          <a shape="rect" href="https://todo.ly/Scripts/jquery-ui-1.8.13.custom.min.js?v=6">https://todo.ly/Scripts/jquery-ui-1.8.13.custom.min.js?v=6</a>
        </td>
      </tr>
      <tr>
        <td colspan="1" rowspan="1" class="indent2" width="20%">Método</td>
        <td colspan="1" rowspan="1" width="80%">GET</td>
      </tr>
      <tr>
        <td colspan="1" rowspan="1" class="indent2" width="20%">Parámetros</td>
        <td colspan="1" rowspan="1" width="80%">x-content-type-options</td>
      </tr>
      <tr>
        <td colspan="1" rowspan="1" class="indent2" width="20%">Ataque</td>
        <td colspan="1" rowspan="1" width="80%"/>
      </tr>
      <tr>
        <td colspan="1" rowspan="1" class="indent2" width="20%">Evidencia</td>
        <td colspan="1" rowspan="1" width="80%"/>
      </tr>
      <tr>
        <td colspan="1" rowspan="1" class="indent2" width="20%">Other Info</td>
        <td colspan="1" rowspan="1" width="80%">This issue still applies to error type pages (401, 403, 500, etc.) as those pages are often still affected by injection issues, in which case there is still concern for browsers sniffing pages away from their actual content type.
At "High" threshold this scan rule will not alert on client or server error responses.</td>
      </tr>
      <tr>
        <td colspan="1" rowspan="1" class="indent1" width="20%">URL</td>
        <td colspan="1" rowspan="1" width="80%">
          <a shape="rect" href="https://todo.ly/Scripts/jquery-ui-timepicker-addon.js">https://todo.ly/Scripts/jquery-ui-timepicker-addon.js</a>
        </td>
      </tr>
      <tr>
        <td colspan="1" rowspan="1" class="indent2" width="20%">Método</td>
        <td colspan="1" rowspan="1" width="80%">GET</td>
      </tr>
      <tr>
        <td colspan="1" rowspan="1" class="indent2" width="20%">Parámetros</td>
        <td colspan="1" rowspan="1" width="80%">x-content-type-options</td>
      </tr>
      <tr>
        <td colspan="1" rowspan="1" class="indent2" width="20%">Ataque</td>
        <td colspan="1" rowspan="1" width="80%"/>
      </tr>
      <tr>
        <td colspan="1" rowspan="1" class="indent2" width="20%">Evidencia</td>
        <td colspan="1" rowspan="1" width="80%"/>
      </tr>
      <tr>
        <td colspan="1" rowspan="1" class="indent2" width="20%">Other Info</td>
        <td colspan="1" rowspan="1" width="80%">This issue still applies to error type pages (401, 403, 500, etc.) as those pages are often still affected by injection issues, in which case there is still concern for browsers sniffing pages away from their actual content type.
At "High" threshold this scan rule will not alert on client or server error responses.</td>
      </tr>
      <tr>
        <td colspan="1" rowspan="1" class="indent1" width="20%">URL</td>
        <td colspan="1" rowspan="1" width="80%">
          <a shape="rect" href="https://todo.ly/Scripts/jquery.autogrow-textarea.js">https://todo.ly/Scripts/jquery.autogrow-textarea.js</a>
        </td>
      </tr>
      <tr>
        <td colspan="1" rowspan="1" class="indent2" width="20%">Método</td>
        <td colspan="1" rowspan="1" width="80%">GET</td>
      </tr>
      <tr>
        <td colspan="1" rowspan="1" class="indent2" width="20%">Parámetros</td>
        <td colspan="1" rowspan="1" width="80%">x-content-type-options</td>
      </tr>
      <tr>
        <td colspan="1" rowspan="1" class="indent2" width="20%">Ataque</td>
        <td colspan="1" rowspan="1" width="80%"/>
      </tr>
      <tr>
        <td colspan="1" rowspan="1" class="indent2" width="20%">Evidencia</td>
        <td colspan="1" rowspan="1" width="80%"/>
      </tr>
      <tr>
        <td colspan="1" rowspan="1" class="indent2" width="20%">Other Info</td>
        <td colspan="1" rowspan="1" width="80%">This issue still applies to error type pages (401, 403, 500, etc.) as those pages are often still affected by injection issues, in which case there is still concern for browsers sniffing pages away from their actual content type.
At "High" threshold this scan rule will not alert on client or server error responses.</td>
      </tr>
      <tr>
        <td colspan="1" rowspan="1" class="indent1" width="20%">URL</td>
        <td colspan="1" rowspan="1" width="80%">
          <a shape="rect" href="https://todo.ly/Scripts/jquery.clearableTextField.min.js">https://todo.ly/Scripts/jquery.clearableTextField.min.js</a>
        </td>
      </tr>
      <tr>
        <td colspan="1" rowspan="1" class="indent2" width="20%">Método</td>
        <td colspan="1" rowspan="1" width="80%">GET</td>
      </tr>
      <tr>
        <td colspan="1" rowspan="1" class="indent2" width="20%">Parámetros</td>
        <td colspan="1" rowspan="1" width="80%">x-content-type-options</td>
      </tr>
      <tr>
        <td colspan="1" rowspan="1" class="indent2" width="20%">Ataque</td>
        <td colspan="1" rowspan="1" width="80%"/>
      </tr>
      <tr>
        <td colspan="1" rowspan="1" class="indent2" width="20%">Evidencia</td>
        <td colspan="1" rowspan="1" width="80%"/>
      </tr>
      <tr>
        <td colspan="1" rowspan="1" class="indent2" width="20%">Other Info</td>
        <td colspan="1" rowspan="1" width="80%">This issue still applies to error type pages (401, 403, 500, etc.) as those pages are often still affected by injection issues, in which case there is still concern for browsers sniffing pages away from their actual content type.
At "High" threshold this scan rule will not alert on client or server error responses.</td>
      </tr>
      <tr>
        <td colspan="1" rowspan="1" class="indent1" width="20%">URL</td>
        <td colspan="1" rowspan="1" width="80%">
          <a shape="rect" href="https://todo.ly/Scripts/jquery.contextMenu.js?v=6">https://todo.ly/Scripts/jquery.contextMenu.js?v=6</a>
        </td>
      </tr>
      <tr>
        <td colspan="1" rowspan="1" class="indent2" width="20%">Método</td>
        <td colspan="1" rowspan="1" width="80%">GET</td>
      </tr>
      <tr>
        <td colspan="1" rowspan="1" class="indent2" width="20%">Parámetros</td>
        <td colspan="1" rowspan="1" width="80%">x-content-type-options</td>
      </tr>
      <tr>
        <td colspan="1" rowspan="1" class="indent2" width="20%">Ataque</td>
        <td colspan="1" rowspan="1" width="80%"/>
      </tr>
      <tr>
        <td colspan="1" rowspan="1" class="indent2" width="20%">Evidencia</td>
        <td colspan="1" rowspan="1" width="80%"/>
      </tr>
      <tr>
        <td colspan="1" rowspan="1" class="indent2" width="20%">Other Info</td>
        <td colspan="1" rowspan="1" width="80%">This issue still applies to error type pages (401, 403, 500, etc.) as those pages are often still affected by injection issues, in which case there is still concern for browsers sniffing pages away from their actual content type.
At "High" threshold this scan rule will not alert on client or server error responses.</td>
      </tr>
      <tr>
        <td colspan="1" rowspan="1" class="indent1" width="20%">URL</td>
        <td colspan="1" rowspan="1" width="80%">
          <a shape="rect" href="https://todo.ly/Scripts/jquery.cookie.js">https://todo.ly/Scripts/jquery.cookie.js</a>
        </td>
      </tr>
      <tr>
        <td colspan="1" rowspan="1" class="indent2" width="20%">Método</td>
        <td colspan="1" rowspan="1" width="80%">GET</td>
      </tr>
      <tr>
        <td colspan="1" rowspan="1" class="indent2" width="20%">Parámetros</td>
        <td colspan="1" rowspan="1" width="80%">x-content-type-options</td>
      </tr>
      <tr>
        <td colspan="1" rowspan="1" class="indent2" width="20%">Ataque</td>
        <td colspan="1" rowspan="1" width="80%"/>
      </tr>
      <tr>
        <td colspan="1" rowspan="1" class="indent2" width="20%">Evidencia</td>
        <td colspan="1" rowspan="1" width="80%"/>
      </tr>
      <tr>
        <td colspan="1" rowspan="1" class="indent2" width="20%">Other Info</td>
        <td colspan="1" rowspan="1" width="80%">This issue still applies to error type pages (401, 403, 500, etc.) as those pages are often still affected by injection issues, in which case there is still concern for browsers sniffing pages away from their actual content type.
At "High" threshold this scan rule will not alert on client or server error responses.</td>
      </tr>
      <tr>
        <td colspan="1" rowspan="1" class="indent1" width="20%">URL</td>
        <td colspan="1" rowspan="1" width="80%">
          <a shape="rect" href="https://todo.ly/Scripts/jquery.dropshadow.js">https://todo.ly/Scripts/jquery.dropshadow.js</a>
        </td>
      </tr>
      <tr>
        <td colspan="1" rowspan="1" class="indent2" width="20%">Método</td>
        <td colspan="1" rowspan="1" width="80%">GET</td>
      </tr>
      <tr>
        <td colspan="1" rowspan="1" class="indent2" width="20%">Parámetros</td>
        <td colspan="1" rowspan="1" width="80%">x-content-type-options</td>
      </tr>
      <tr>
        <td colspan="1" rowspan="1" class="indent2" width="20%">Ataque</td>
        <td colspan="1" rowspan="1" width="80%"/>
      </tr>
      <tr>
        <td colspan="1" rowspan="1" class="indent2" width="20%">Evidencia</td>
        <td colspan="1" rowspan="1" width="80%"/>
      </tr>
      <tr>
        <td colspan="1" rowspan="1" class="indent2" width="20%">Other Info</td>
        <td colspan="1" rowspan="1" width="80%">This issue still applies to error type pages (401, 403, 500, etc.) as those pages are often still affected by injection issues, in which case there is still concern for browsers sniffing pages away from their actual content type.
At "High" threshold this scan rule will not alert on client or server error responses.</td>
      </tr>
      <tr>
        <td colspan="1" rowspan="1" class="indent1" width="20%">URL</td>
        <td colspan="1" rowspan="1" width="80%">
          <a shape="rect" href="https://todo.ly/Scripts/jquery.fancybox-1.3.1.pack.js">https://todo.ly/Scripts/jquery.fancybox-1.3.1.pack.js</a>
        </td>
      </tr>
      <tr>
        <td colspan="1" rowspan="1" class="indent2" width="20%">Método</td>
        <td colspan="1" rowspan="1" width="80%">GET</td>
      </tr>
      <tr>
        <td colspan="1" rowspan="1" class="indent2" width="20%">Parámetros</td>
        <td colspan="1" rowspan="1" width="80%">x-content-type-options</td>
      </tr>
      <tr>
        <td colspan="1" rowspan="1" class="indent2" width="20%">Ataque</td>
        <td colspan="1" rowspan="1" width="80%"/>
      </tr>
      <tr>
        <td colspan="1" rowspan="1" class="indent2" width="20%">Evidencia</td>
        <td colspan="1" rowspan="1" width="80%"/>
      </tr>
      <tr>
        <td colspan="1" rowspan="1" class="indent2" width="20%">Other Info</td>
        <td colspan="1" rowspan="1" width="80%">This issue still applies to error type pages (401, 403, 500, etc.) as those pages are often still affected by injection issues, in which case there is still concern for browsers sniffing pages away from their actual content type.
At "High" threshold this scan rule will not alert on client or server error responses.</td>
      </tr>
      <tr>
        <td colspan="1" rowspan="1" class="indent1" width="20%">URL</td>
        <td colspan="1" rowspan="1" width="80%">
          <a shape="rect" href="https://todo.ly/Scripts/jquery.json-2.2.min.js">https://todo.ly/Scripts/jquery.json-2.2.min.js</a>
        </td>
      </tr>
      <tr>
        <td colspan="1" rowspan="1" class="indent2" width="20%">Método</td>
        <td colspan="1" rowspan="1" width="80%">GET</td>
      </tr>
      <tr>
        <td colspan="1" rowspan="1" class="indent2" width="20%">Parámetros</td>
        <td colspan="1" rowspan="1" width="80%">x-content-type-options</td>
      </tr>
      <tr>
        <td colspan="1" rowspan="1" class="indent2" width="20%">Ataque</td>
        <td colspan="1" rowspan="1" width="80%"/>
      </tr>
      <tr>
        <td colspan="1" rowspan="1" class="indent2" width="20%">Evidencia</td>
        <td colspan="1" rowspan="1" width="80%"/>
      </tr>
      <tr>
        <td colspan="1" rowspan="1" class="indent2" width="20%">Other Info</td>
        <td colspan="1" rowspan="1" width="80%">This issue still applies to error type pages (401, 403, 500, etc.) as those pages are often still affected by injection issues, in which case there is still concern for browsers sniffing pages away from their actual content type.
At "High" threshold this scan rule will not alert on client or server error responses.</td>
      </tr>
      <tr>
        <td colspan="1" rowspan="1" class="indent1" width="20%">URL</td>
        <td colspan="1" rowspan="1" width="80%">
          <a shape="rect" href="https://todo.ly/Scripts/jquery.popupWindow.js">https://todo.ly/Scripts/jquery.popupWindow.js</a>
        </td>
      </tr>
      <tr>
        <td colspan="1" rowspan="1" class="indent2" width="20%">Método</td>
        <td colspan="1" rowspan="1" width="80%">GET</td>
      </tr>
      <tr>
        <td colspan="1" rowspan="1" class="indent2" width="20%">Parámetros</td>
        <td colspan="1" rowspan="1" width="80%">x-content-type-options</td>
      </tr>
      <tr>
        <td colspan="1" rowspan="1" class="indent2" width="20%">Ataque</td>
        <td colspan="1" rowspan="1" width="80%"/>
      </tr>
      <tr>
        <td colspan="1" rowspan="1" class="indent2" width="20%">Evidencia</td>
        <td colspan="1" rowspan="1" width="80%"/>
      </tr>
      <tr>
        <td colspan="1" rowspan="1" class="indent2" width="20%">Other Info</td>
        <td colspan="1" rowspan="1" width="80%">This issue still applies to error type pages (401, 403, 500, etc.) as those pages are often still affected by injection issues, in which case there is still concern for browsers sniffing pages away from their actual content type.
At "High" threshold this scan rule will not alert on client or server error responses.</td>
      </tr>
      <tr>
        <td colspan="1" rowspan="1" class="indent1" width="20%">URL</td>
        <td colspan="1" rowspan="1" width="80%">
          <a shape="rect" href="https://todo.ly/Scripts/jquery.printElement.js">https://todo.ly/Scripts/jquery.printElement.js</a>
        </td>
      </tr>
      <tr>
        <td colspan="1" rowspan="1" class="indent2" width="20%">Método</td>
        <td colspan="1" rowspan="1" width="80%">GET</td>
      </tr>
      <tr>
        <td colspan="1" rowspan="1" class="indent2" width="20%">Parámetros</td>
        <td colspan="1" rowspan="1" width="80%">x-content-type-options</td>
      </tr>
      <tr>
        <td colspan="1" rowspan="1" class="indent2" width="20%">Ataque</td>
        <td colspan="1" rowspan="1" width="80%"/>
      </tr>
      <tr>
        <td colspan="1" rowspan="1" class="indent2" width="20%">Evidencia</td>
        <td colspan="1" rowspan="1" width="80%"/>
      </tr>
      <tr>
        <td colspan="1" rowspan="1" class="indent2" width="20%">Other Info</td>
        <td colspan="1" rowspan="1" width="80%">This issue still applies to error type pages (401, 403, 500, etc.) as those pages are often still affected by injection issues, in which case there is still concern for browsers sniffing pages away from their actual content type.
At "High" threshold this scan rule will not alert on client or server error responses.</td>
      </tr>
      <tr>
        <td colspan="1" rowspan="1" class="indent1" width="20%">URL</td>
        <td colspan="1" rowspan="1" width="80%">
          <a shape="rect" href="https://todo.ly/Scripts/jquery.watermark.min.js">https://todo.ly/Scripts/jquery.watermark.min.js</a>
        </td>
      </tr>
      <tr>
        <td colspan="1" rowspan="1" class="indent2" width="20%">Método</td>
        <td colspan="1" rowspan="1" width="80%">GET</td>
      </tr>
      <tr>
        <td colspan="1" rowspan="1" class="indent2" width="20%">Parámetros</td>
        <td colspan="1" rowspan="1" width="80%">x-content-type-options</td>
      </tr>
      <tr>
        <td colspan="1" rowspan="1" class="indent2" width="20%">Ataque</td>
        <td colspan="1" rowspan="1" width="80%"/>
      </tr>
      <tr>
        <td colspan="1" rowspan="1" class="indent2" width="20%">Evidencia</td>
        <td colspan="1" rowspan="1" width="80%"/>
      </tr>
      <tr>
        <td colspan="1" rowspan="1" class="indent2" width="20%">Other Info</td>
        <td colspan="1" rowspan="1" width="80%">This issue still applies to error type pages (401, 403, 500, etc.) as those pages are often still affected by injection issues, in which case there is still concern for browsers sniffing pages away from their actual content type.
At "High" threshold this scan rule will not alert on client or server error responses.</td>
      </tr>
      <tr>
        <td colspan="1" rowspan="1" class="indent1" width="20%">URL</td>
        <td colspan="1" rowspan="1" width="80%">
          <a shape="rect" href="https://todo.ly/Scripts/json2.js">https://todo.ly/Scripts/json2.js</a>
        </td>
      </tr>
      <tr>
        <td colspan="1" rowspan="1" class="indent2" width="20%">Método</td>
        <td colspan="1" rowspan="1" width="80%">GET</td>
      </tr>
      <tr>
        <td colspan="1" rowspan="1" class="indent2" width="20%">Parámetros</td>
        <td colspan="1" rowspan="1" width="80%">x-content-type-options</td>
      </tr>
      <tr>
        <td colspan="1" rowspan="1" class="indent2" width="20%">Ataque</td>
        <td colspan="1" rowspan="1" width="80%"/>
      </tr>
      <tr>
        <td colspan="1" rowspan="1" class="indent2" width="20%">Evidencia</td>
        <td colspan="1" rowspan="1" width="80%"/>
      </tr>
      <tr>
        <td colspan="1" rowspan="1" class="indent2" width="20%">Other Info</td>
        <td colspan="1" rowspan="1" width="80%">This issue still applies to error type pages (401, 403, 500, etc.) as those pages are often still affected by injection issues, in which case there is still concern for browsers sniffing pages away from their actual content type.
At "High" threshold this scan rule will not alert on client or server error responses.</td>
      </tr>
      <tr>
        <td colspan="1" rowspan="1" class="indent1" width="20%">URL</td>
        <td colspan="1" rowspan="1" width="80%">
          <a shape="rect" href="https://todo.ly/Scripts/jstz-1.0.4.min.js">https://todo.ly/Scripts/jstz-1.0.4.min.js</a>
        </td>
      </tr>
      <tr>
        <td colspan="1" rowspan="1" class="indent2" width="20%">Método</td>
        <td colspan="1" rowspan="1" width="80%">GET</td>
      </tr>
      <tr>
        <td colspan="1" rowspan="1" class="indent2" width="20%">Parámetros</td>
        <td colspan="1" rowspan="1" width="80%">x-content-type-options</td>
      </tr>
      <tr>
        <td colspan="1" rowspan="1" class="indent2" width="20%">Ataque</td>
        <td colspan="1" rowspan="1" width="80%"/>
      </tr>
      <tr>
        <td colspan="1" rowspan="1" class="indent2" width="20%">Evidencia</td>
        <td colspan="1" rowspan="1" width="80%"/>
      </tr>
      <tr>
        <td colspan="1" rowspan="1" class="indent2" width="20%">Other Info</td>
        <td colspan="1" rowspan="1" width="80%">This issue still applies to error type pages (401, 403, 500, etc.) as those pages are often still affected by injection issues, in which case there is still concern for browsers sniffing pages away from their actual content type.
At "High" threshold this scan rule will not alert on client or server error responses.</td>
      </tr>
      <tr>
        <td colspan="1" rowspan="1" class="indent1" width="20%">URL</td>
        <td colspan="1" rowspan="1" width="80%">
          <a shape="rect" href="https://todo.ly/Scripts/nicEdit.js">https://todo.ly/Scripts/nicEdit.js</a>
        </td>
      </tr>
      <tr>
        <td colspan="1" rowspan="1" class="indent2" width="20%">Método</td>
        <td colspan="1" rowspan="1" width="80%">GET</td>
      </tr>
      <tr>
        <td colspan="1" rowspan="1" class="indent2" width="20%">Parámetros</td>
        <td colspan="1" rowspan="1" width="80%">x-content-type-options</td>
      </tr>
      <tr>
        <td colspan="1" rowspan="1" class="indent2" width="20%">Ataque</td>
        <td colspan="1" rowspan="1" width="80%"/>
      </tr>
      <tr>
        <td colspan="1" rowspan="1" class="indent2" width="20%">Evidencia</td>
        <td colspan="1" rowspan="1" width="80%"/>
      </tr>
      <tr>
        <td colspan="1" rowspan="1" class="indent2" width="20%">Other Info</td>
        <td colspan="1" rowspan="1" width="80%">This issue still applies to error type pages (401, 403, 500, etc.) as those pages are often still affected by injection issues, in which case there is still concern for browsers sniffing pages away from their actual content type.
At "High" threshold this scan rule will not alert on client or server error responses.</td>
      </tr>
      <tr>
        <td colspan="1" rowspan="1" class="indent1" width="20%">URL</td>
        <td colspan="1" rowspan="1" width="80%">
          <a shape="rect" href="https://todo.ly/Scripts/todoly-c11.js">https://todo.ly/Scripts/todoly-c11.js</a>
        </td>
      </tr>
      <tr>
        <td colspan="1" rowspan="1" class="indent2" width="20%">Método</td>
        <td colspan="1" rowspan="1" width="80%">GET</td>
      </tr>
      <tr>
        <td colspan="1" rowspan="1" class="indent2" width="20%">Parámetros</td>
        <td colspan="1" rowspan="1" width="80%">x-content-type-options</td>
      </tr>
      <tr>
        <td colspan="1" rowspan="1" class="indent2" width="20%">Ataque</td>
        <td colspan="1" rowspan="1" width="80%"/>
      </tr>
      <tr>
        <td colspan="1" rowspan="1" class="indent2" width="20%">Evidencia</td>
        <td colspan="1" rowspan="1" width="80%"/>
      </tr>
      <tr>
        <td colspan="1" rowspan="1" class="indent2" width="20%">Other Info</td>
        <td colspan="1" rowspan="1" width="80%">This issue still applies to error type pages (401, 403, 500, etc.) as those pages are often still affected by injection issues, in which case there is still concern for browsers sniffing pages away from their actual content type.
At "High" threshold this scan rule will not alert on client or server error responses.</td>
      </tr>
      <tr>
        <td colspan="1" rowspan="1" class="indent1" width="20%">URL</td>
        <td colspan="1" rowspan="1" width="80%">
          <a shape="rect" href="https://todo.ly/Style/blue3/jquery-ui-1.8.13.custom.css?v=6">https://todo.ly/Style/blue3/jquery-ui-1.8.13.custom.css?v=6</a>
        </td>
      </tr>
      <tr>
        <td colspan="1" rowspan="1" class="indent2" width="20%">Método</td>
        <td colspan="1" rowspan="1" width="80%">GET</td>
      </tr>
      <tr>
        <td colspan="1" rowspan="1" class="indent2" width="20%">Parámetros</td>
        <td colspan="1" rowspan="1" width="80%">x-content-type-options</td>
      </tr>
      <tr>
        <td colspan="1" rowspan="1" class="indent2" width="20%">Ataque</td>
        <td colspan="1" rowspan="1" width="80%"/>
      </tr>
      <tr>
        <td colspan="1" rowspan="1" class="indent2" width="20%">Evidencia</td>
        <td colspan="1" rowspan="1" width="80%"/>
      </tr>
      <tr>
        <td colspan="1" rowspan="1" class="indent2" width="20%">Other Info</td>
        <td colspan="1" rowspan="1" width="80%">This issue still applies to error type pages (401, 403, 500, etc.) as those pages are often still affected by injection issues, in which case there is still concern for browsers sniffing pages away from their actual content type.
At "High" threshold this scan rule will not alert on client or server error responses.</td>
      </tr>
      <tr>
        <td colspan="1" rowspan="1" class="indent1" width="20%">URL</td>
        <td colspan="1" rowspan="1" width="80%">
          <a shape="rect" href="https://todo.ly/Style/jquery.contextMenu.css">https://todo.ly/Style/jquery.contextMenu.css</a>
        </td>
      </tr>
      <tr>
        <td colspan="1" rowspan="1" class="indent2" width="20%">Método</td>
        <td colspan="1" rowspan="1" width="80%">GET</td>
      </tr>
      <tr>
        <td colspan="1" rowspan="1" class="indent2" width="20%">Parámetros</td>
        <td colspan="1" rowspan="1" width="80%">x-content-type-options</td>
      </tr>
      <tr>
        <td colspan="1" rowspan="1" class="indent2" width="20%">Ataque</td>
        <td colspan="1" rowspan="1" width="80%"/>
      </tr>
      <tr>
        <td colspan="1" rowspan="1" class="indent2" width="20%">Evidencia</td>
        <td colspan="1" rowspan="1" width="80%"/>
      </tr>
      <tr>
        <td colspan="1" rowspan="1" class="indent2" width="20%">Other Info</td>
        <td colspan="1" rowspan="1" width="80%">This issue still applies to error type pages (401, 403, 500, etc.) as those pages are often still affected by injection issues, in which case there is still concern for browsers sniffing pages away from their actual content type.
At "High" threshold this scan rule will not alert on client or server error responses.</td>
      </tr>
      <tr>
        <td colspan="1" rowspan="1" class="indent1" width="20%">URL</td>
        <td colspan="1" rowspan="1" width="80%">
          <a shape="rect" href="https://todo.ly/Style/jquery.fancybox-1.3.1.css">https://todo.ly/Style/jquery.fancybox-1.3.1.css</a>
        </td>
      </tr>
      <tr>
        <td colspan="1" rowspan="1" class="indent2" width="20%">Método</td>
        <td colspan="1" rowspan="1" width="80%">GET</td>
      </tr>
      <tr>
        <td colspan="1" rowspan="1" class="indent2" width="20%">Parámetros</td>
        <td colspan="1" rowspan="1" width="80%">x-content-type-options</td>
      </tr>
      <tr>
        <td colspan="1" rowspan="1" class="indent2" width="20%">Ataque</td>
        <td colspan="1" rowspan="1" width="80%"/>
      </tr>
      <tr>
        <td colspan="1" rowspan="1" class="indent2" width="20%">Evidencia</td>
        <td colspan="1" rowspan="1" width="80%"/>
      </tr>
      <tr>
        <td colspan="1" rowspan="1" class="indent2" width="20%">Other Info</td>
        <td colspan="1" rowspan="1" width="80%">This issue still applies to error type pages (401, 403, 500, etc.) as those pages are often still affected by injection issues, in which case there is still concern for browsers sniffing pages away from their actual content type.
At "High" threshold this scan rule will not alert on client or server error responses.</td>
      </tr>
      <tr>
        <td colspan="1" rowspan="1" class="indent1" width="20%">URL</td>
        <td colspan="1" rowspan="1" width="80%">
          <a shape="rect" href="https://todo.ly/Style/StyleSheet.css?v=20131002">https://todo.ly/Style/StyleSheet.css?v=20131002</a>
        </td>
      </tr>
      <tr>
        <td colspan="1" rowspan="1" class="indent2" width="20%">Método</td>
        <td colspan="1" rowspan="1" width="80%">GET</td>
      </tr>
      <tr>
        <td colspan="1" rowspan="1" class="indent2" width="20%">Parámetros</td>
        <td colspan="1" rowspan="1" width="80%">x-content-type-options</td>
      </tr>
      <tr>
        <td colspan="1" rowspan="1" class="indent2" width="20%">Ataque</td>
        <td colspan="1" rowspan="1" width="80%"/>
      </tr>
      <tr>
        <td colspan="1" rowspan="1" class="indent2" width="20%">Evidencia</td>
        <td colspan="1" rowspan="1" width="80%"/>
      </tr>
      <tr>
        <td colspan="1" rowspan="1" class="indent2" width="20%">Other Info</td>
        <td colspan="1" rowspan="1" width="80%">This issue still applies to error type pages (401, 403, 500, etc.) as those pages are often still affected by injection issues, in which case there is still concern for browsers sniffing pages away from their actual content type.
At "High" threshold this scan rule will not alert on client or server error responses.</td>
      </tr>
      <tr>
        <td colspan="1" rowspan="1" class="indent1" width="20%">URL</td>
        <td colspan="1" rowspan="1" width="80%">
          <a shape="rect" href="https://todo.ly/Style/TextStyle11.css">https://todo.ly/Style/TextStyle11.css</a>
        </td>
      </tr>
      <tr>
        <td colspan="1" rowspan="1" class="indent2" width="20%">Método</td>
        <td colspan="1" rowspan="1" width="80%">GET</td>
      </tr>
      <tr>
        <td colspan="1" rowspan="1" class="indent2" width="20%">Parámetros</td>
        <td colspan="1" rowspan="1" width="80%">x-content-type-options</td>
      </tr>
      <tr>
        <td colspan="1" rowspan="1" class="indent2" width="20%">Ataque</td>
        <td colspan="1" rowspan="1" width="80%"/>
      </tr>
      <tr>
        <td colspan="1" rowspan="1" class="indent2" width="20%">Evidencia</td>
        <td colspan="1" rowspan="1" width="80%"/>
      </tr>
      <tr>
        <td colspan="1" rowspan="1" class="indent2" width="20%">Other Info</td>
        <td colspan="1" rowspan="1" width="80%">This issue still applies to error type pages (401, 403, 500, etc.) as those pages are often still affected by injection issues, in which case there is still concern for browsers sniffing pages away from their actual content type.
At "High" threshold this scan rule will not alert on client or server error responses.</td>
      </tr>
      <tr>
        <td colspan="1" rowspan="1" class="indent1" width="20%">URL</td>
        <td colspan="1" rowspan="1" width="80%">
          <a shape="rect" href="https://todo.ly/WebResource.axd?d=NdZLQA9U0ugIk764rCig6lJbCWyp5Dac9aZIs7GtY8ZiVf0oq-m6rKl1e78G9uN3K2ftzj7odKCDwsZv6u8HI4IZGQM1&amp;t=637110248437816177">https://todo.ly/WebResource.axd?d=NdZLQA9U0ugIk764rCig6lJbCWyp5Dac9aZIs7GtY8ZiVf0oq-m6rKl1e78G9uN3K2ftzj7odKCDwsZv6u8HI4IZGQM1&amp;t=637110248437816177</a>
        </td>
      </tr>
      <tr>
        <td colspan="1" rowspan="1" class="indent2" width="20%">Método</td>
        <td colspan="1" rowspan="1" width="80%">GET</td>
      </tr>
      <tr>
        <td colspan="1" rowspan="1" class="indent2" width="20%">Parámetros</td>
        <td colspan="1" rowspan="1" width="80%">x-content-type-options</td>
      </tr>
      <tr>
        <td colspan="1" rowspan="1" class="indent2" width="20%">Ataque</td>
        <td colspan="1" rowspan="1" width="80%"/>
      </tr>
      <tr>
        <td colspan="1" rowspan="1" class="indent2" width="20%">Evidencia</td>
        <td colspan="1" rowspan="1" width="80%"/>
      </tr>
      <tr>
        <td colspan="1" rowspan="1" class="indent2" width="20%">Other Info</td>
        <td colspan="1" rowspan="1" width="80%">This issue still applies to error type pages (401, 403, 500, etc.) as those pages are often still affected by injection issues, in which case there is still concern for browsers sniffing pages away from their actual content type.
At "High" threshold this scan rule will not alert on client or server error responses.</td>
      </tr>
      <tr>
        <td colspan="1" rowspan="1" class="indent1" width="20%">URL</td>
        <td colspan="1" rowspan="1" width="80%">
          <a shape="rect" href="https://demo.owasp-juice.shop/socket.io/?EIO=4&amp;transport=polling&amp;t=P5eDi1D&amp;sid=3YzakH4yE0404A-FAAQX">https://demo.owasp-juice.shop/socket.io/?EIO=4&amp;transport=polling&amp;t=P5eDi1D&amp;sid=3YzakH4yE0404A-FAAQX</a>
        </td>
      </tr>
      <tr>
        <td colspan="1" rowspan="1" class="indent2" width="20%">Método</td>
        <td colspan="1" rowspan="1" width="80%">POST</td>
      </tr>
      <tr>
        <td colspan="1" rowspan="1" class="indent2" width="20%">Parámetros</td>
        <td colspan="1" rowspan="1" width="80%">x-content-type-options</td>
      </tr>
      <tr>
        <td colspan="1" rowspan="1" class="indent2" width="20%">Ataque</td>
        <td colspan="1" rowspan="1" width="80%"/>
      </tr>
      <tr>
        <td colspan="1" rowspan="1" class="indent2" width="20%">Evidencia</td>
        <td colspan="1" rowspan="1" width="80%"/>
      </tr>
      <tr>
        <td colspan="1" rowspan="1" class="indent2" width="20%">Other Info</td>
        <td colspan="1" rowspan="1" width="80%">This issue still applies to error type pages (401, 403, 500, etc.) as those pages are often still affected by injection issues, in which case there is still concern for browsers sniffing pages away from their actual content type.
At "High" threshold this scan rule will not alert on client or server error responses.</td>
      </tr>
      <tr>
        <td colspan="1" rowspan="1" class="indent1" width="20%">URL</td>
        <td colspan="1" rowspan="1" width="80%">
          <a shape="rect" href="https://demo.owasp-juice.shop/socket.io/?EIO=4&amp;transport=polling&amp;t=P5eDwjZ&amp;sid=zZ9WE7Jsg7O2fa9jAAQ9">https://demo.owasp-juice.shop/socket.io/?EIO=4&amp;transport=polling&amp;t=P5eDwjZ&amp;sid=zZ9WE7Jsg7O2fa9jAAQ9</a>
        </td>
      </tr>
      <tr>
        <td colspan="1" rowspan="1" class="indent2" width="20%">Método</td>
        <td colspan="1" rowspan="1" width="80%">POST</td>
      </tr>
      <tr>
        <td colspan="1" rowspan="1" class="indent2" width="20%">Parámetros</td>
        <td colspan="1" rowspan="1" width="80%">x-content-type-options</td>
      </tr>
      <tr>
        <td colspan="1" rowspan="1" class="indent2" width="20%">Ataque</td>
        <td colspan="1" rowspan="1" width="80%"/>
      </tr>
      <tr>
        <td colspan="1" rowspan="1" class="indent2" width="20%">Evidencia</td>
        <td colspan="1" rowspan="1" width="80%"/>
      </tr>
      <tr>
        <td colspan="1" rowspan="1" class="indent2" width="20%">Other Info</td>
        <td colspan="1" rowspan="1" width="80%">This issue still applies to error type pages (401, 403, 500, etc.) as those pages are often still affected by injection issues, in which case there is still concern for browsers sniffing pages away from their actual content type.
At "High" threshold this scan rule will not alert on client or server error responses.</td>
      </tr>
      <tr>
        <td colspan="1" rowspan="1" class="indent1" width="20%">URL</td>
        <td colspan="1" rowspan="1" width="80%">
          <a shape="rect" href="https://demo.owasp-juice.shop/socket.io/?EIO=4&amp;transport=polling&amp;t=P5eE3KX&amp;sid=7owDv-WBO4vaB6t3AARZ">https://demo.owasp-juice.shop/socket.io/?EIO=4&amp;transport=polling&amp;t=P5eE3KX&amp;sid=7owDv-WBO4vaB6t3AARZ</a>
        </td>
      </tr>
      <tr>
        <td colspan="1" rowspan="1" class="indent2" width="20%">Método</td>
        <td colspan="1" rowspan="1" width="80%">POST</td>
      </tr>
      <tr>
        <td colspan="1" rowspan="1" class="indent2" width="20%">Parámetros</td>
        <td colspan="1" rowspan="1" width="80%">x-content-type-options</td>
      </tr>
      <tr>
        <td colspan="1" rowspan="1" class="indent2" width="20%">Ataque</td>
        <td colspan="1" rowspan="1" width="80%"/>
      </tr>
      <tr>
        <td colspan="1" rowspan="1" class="indent2" width="20%">Evidencia</td>
        <td colspan="1" rowspan="1" width="80%"/>
      </tr>
      <tr>
        <td colspan="1" rowspan="1" class="indent2" width="20%">Other Info</td>
        <td colspan="1" rowspan="1" width="80%">This issue still applies to error type pages (401, 403, 500, etc.) as those pages are often still affected by injection issues, in which case there is still concern for browsers sniffing pages away from their actual content type.
At "High" threshold this scan rule will not alert on client or server error responses.</td>
      </tr>
      <tr>
        <td colspan="1" rowspan="1" class="indent1" width="20%">URL</td>
        <td colspan="1" rowspan="1" width="80%">
          <a shape="rect" href="https://demo.owasp-juice.shop/socket.io/?EIO=4&amp;transport=polling&amp;t=P5eEGiz&amp;sid=siOkhKcUcU8D1IWdAARy">https://demo.owasp-juice.shop/socket.io/?EIO=4&amp;transport=polling&amp;t=P5eEGiz&amp;sid=siOkhKcUcU8D1IWdAARy</a>
        </td>
      </tr>
      <tr>
        <td colspan="1" rowspan="1" class="indent2" width="20%">Método</td>
        <td colspan="1" rowspan="1" width="80%">POST</td>
      </tr>
      <tr>
        <td colspan="1" rowspan="1" class="indent2" width="20%">Parámetros</td>
        <td colspan="1" rowspan="1" width="80%">x-content-type-options</td>
      </tr>
      <tr>
        <td colspan="1" rowspan="1" class="indent2" width="20%">Ataque</td>
        <td colspan="1" rowspan="1" width="80%"/>
      </tr>
      <tr>
        <td colspan="1" rowspan="1" class="indent2" width="20%">Evidencia</td>
        <td colspan="1" rowspan="1" width="80%"/>
      </tr>
      <tr>
        <td colspan="1" rowspan="1" class="indent2" width="20%">Other Info</td>
        <td colspan="1" rowspan="1" width="80%">This issue still applies to error type pages (401, 403, 500, etc.) as those pages are often still affected by injection issues, in which case there is still concern for browsers sniffing pages away from their actual content type.
At "High" threshold this scan rule will not alert on client or server error responses.</td>
      </tr>
      <tr>
        <td colspan="1" rowspan="1" class="indent1" width="20%">URL</td>
        <td colspan="1" rowspan="1" width="80%">
          <a shape="rect" href="https://demo.owasp-juice.shop/socket.io/?EIO=4&amp;transport=polling&amp;t=P5eErFc&amp;sid=8XjwdI-N9bmNoL3qAASh">https://demo.owasp-juice.shop/socket.io/?EIO=4&amp;transport=polling&amp;t=P5eErFc&amp;sid=8XjwdI-N9bmNoL3qAASh</a>
        </td>
      </tr>
      <tr>
        <td colspan="1" rowspan="1" class="indent2" width="20%">Método</td>
        <td colspan="1" rowspan="1" width="80%">POST</td>
      </tr>
      <tr>
        <td colspan="1" rowspan="1" class="indent2" width="20%">Parámetros</td>
        <td colspan="1" rowspan="1" width="80%">x-content-type-options</td>
      </tr>
      <tr>
        <td colspan="1" rowspan="1" class="indent2" width="20%">Ataque</td>
        <td colspan="1" rowspan="1" width="80%"/>
      </tr>
      <tr>
        <td colspan="1" rowspan="1" class="indent2" width="20%">Evidencia</td>
        <td colspan="1" rowspan="1" width="80%"/>
      </tr>
      <tr>
        <td colspan="1" rowspan="1" class="indent2" width="20%">Other Info</td>
        <td colspan="1" rowspan="1" width="80%">This issue still applies to error type pages (401, 403, 500, etc.) as those pages are often still affected by injection issues, in which case there is still concern for browsers sniffing pages away from their actual content type.
At "High" threshold this scan rule will not alert on client or server error responses.</td>
      </tr>
      <tr>
        <td colspan="1" rowspan="1" class="indent1" width="20%">URL</td>
        <td colspan="1" rowspan="1" width="80%">
          <a shape="rect" href="https://demo.owasp-juice.shop/socket.io/?EIO=4&amp;transport=polling&amp;t=P5eExME&amp;sid=8XjwdI-N9bmNoL3qAASh">https://demo.owasp-juice.shop/socket.io/?EIO=4&amp;transport=polling&amp;t=P5eExME&amp;sid=8XjwdI-N9bmNoL3qAASh</a>
        </td>
      </tr>
      <tr>
        <td colspan="1" rowspan="1" class="indent2" width="20%">Método</td>
        <td colspan="1" rowspan="1" width="80%">POST</td>
      </tr>
      <tr>
        <td colspan="1" rowspan="1" class="indent2" width="20%">Parámetros</td>
        <td colspan="1" rowspan="1" width="80%">x-content-type-options</td>
      </tr>
      <tr>
        <td colspan="1" rowspan="1" class="indent2" width="20%">Ataque</td>
        <td colspan="1" rowspan="1" width="80%"/>
      </tr>
      <tr>
        <td colspan="1" rowspan="1" class="indent2" width="20%">Evidencia</td>
        <td colspan="1" rowspan="1" width="80%"/>
      </tr>
      <tr>
        <td colspan="1" rowspan="1" class="indent2" width="20%">Other Info</td>
        <td colspan="1" rowspan="1" width="80%">This issue still applies to error type pages (401, 403, 500, etc.) as those pages are often still affected by injection issues, in which case there is still concern for browsers sniffing pages away from their actual content type.
At "High" threshold this scan rule will not alert on client or server error responses.</td>
      </tr>
      <tr>
        <td colspan="1" rowspan="1" class="indent1" width="20%">URL</td>
        <td colspan="1" rowspan="1" width="80%">
          <a shape="rect" href="https://demo.owasp-juice.shop/socket.io/?EIO=4&amp;transport=polling&amp;t=P5eExmF&amp;sid=kZ26VJOLwn-6K0JsAASt">https://demo.owasp-juice.shop/socket.io/?EIO=4&amp;transport=polling&amp;t=P5eExmF&amp;sid=kZ26VJOLwn-6K0JsAASt</a>
        </td>
      </tr>
      <tr>
        <td colspan="1" rowspan="1" class="indent2" width="20%">Método</td>
        <td colspan="1" rowspan="1" width="80%">POST</td>
      </tr>
      <tr>
        <td colspan="1" rowspan="1" class="indent2" width="20%">Parámetros</td>
        <td colspan="1" rowspan="1" width="80%">x-content-type-options</td>
      </tr>
      <tr>
        <td colspan="1" rowspan="1" class="indent2" width="20%">Ataque</td>
        <td colspan="1" rowspan="1" width="80%"/>
      </tr>
      <tr>
        <td colspan="1" rowspan="1" class="indent2" width="20%">Evidencia</td>
        <td colspan="1" rowspan="1" width="80%"/>
      </tr>
      <tr>
        <td colspan="1" rowspan="1" class="indent2" width="20%">Other Info</td>
        <td colspan="1" rowspan="1" width="80%">This issue still applies to error type pages (401, 403, 500, etc.) as those pages are often still affected by injection issues, in which case there is still concern for browsers sniffing pages away from their actual content type.
At "High" threshold this scan rule will not alert on client or server error responses.</td>
      </tr>
      <tr>
        <td colspan="1" rowspan="1" class="indent1" width="20%">URL</td>
        <td colspan="1" rowspan="1" width="80%">
          <a shape="rect" href="https://play.google.com/log?format=json&amp;hasfast=true">https://play.google.com/log?format=json&amp;hasfast=true</a>
        </td>
      </tr>
      <tr>
        <td colspan="1" rowspan="1" class="indent2" width="20%">Método</td>
        <td colspan="1" rowspan="1" width="80%">POST</td>
      </tr>
      <tr>
        <td colspan="1" rowspan="1" class="indent2" width="20%">Parámetros</td>
        <td colspan="1" rowspan="1" width="80%">x-content-type-options</td>
      </tr>
      <tr>
        <td colspan="1" rowspan="1" class="indent2" width="20%">Ataque</td>
        <td colspan="1" rowspan="1" width="80%"/>
      </tr>
      <tr>
        <td colspan="1" rowspan="1" class="indent2" width="20%">Evidencia</td>
        <td colspan="1" rowspan="1" width="80%"/>
      </tr>
      <tr>
        <td colspan="1" rowspan="1" class="indent2" width="20%">Other Info</td>
        <td colspan="1" rowspan="1" width="80%">This issue still applies to error type pages (401, 403, 500, etc.) as those pages are often still affected by injection issues, in which case there is still concern for browsers sniffing pages away from their actual content type.
At "High" threshold this scan rule will not alert on client or server error responses.</td>
      </tr>
      <tr>
        <td colspan="1" rowspan="1" width="20%">Instancia</td>
        <td colspan="1" rowspan="1" width="80%">54</td>
      </tr>
      <tr>
        <td colspan="1" rowspan="1" width="20%">Solución</td>
        <td colspan="1" rowspan="1" width="80%">
          <div>Ensure that the application/web server sets the Content-Type header appropriately, and that it sets the X-Content-Type-Options header to 'nosniff' for all web pages.</div>
          <br clear="none"/>
          <div>If possible, ensure that the end user uses a standards-compliant and modern web browser that does not perform MIME-sniffing at all, or that can be directed by the web application/web server to not perform MIME-sniffing.</div>
        </td>
      </tr>
      <tr>
        <td colspan="1" rowspan="1" width="20%">Referencia</td>
        <td colspan="1" rowspan="1" width="80%">
          <a shape="rect" href="https://learn.microsoft.com/en-us/previous-versions/windows/internet-explorer/ie-developer/compatibility/gg622941(v=vs.85)">https://learn.microsoft.com/en-us/previous-versions/windows/internet-explorer/ie-developer/compatibility/gg622941(v=vs.85)</a>
          <br clear="none"/>
          <a shape="rect" href="https://owasp.org/www-community/Security_Headers">https://owasp.org/www-community/Security_Headers</a>
        </td>
      </tr>
      <tr>
        <td colspan="1" rowspan="1" width="20%">CWE Id</td>
        <td colspan="1" rowspan="1" width="80%">
          <a shape="rect" href="https://cwe.mitre.org/data/definitions/693.html">693</a>
        </td>
      </tr>
      <tr>
        <td colspan="1" rowspan="1" width="20%">WASC Id</td>
        <td colspan="1" rowspan="1" width="80%">15</td>
      </tr>
      <tr>
        <td colspan="1" rowspan="1" width="20%">Plugin Id</td>
        <td colspan="1" rowspan="1" width="80%">
          <a shape="rect" href="https://www.zaproxy.org/docs/alerts/10021/">10021</a>
        </td>
      </tr>
    </table>
    <div class="spacer"/>
    <table class="results">
      <tr height="24">
        <th colspan="1" rowspan="1" class="risk-0" width="20%">
          <a shape="rect" id="90033"/>
          <div>Informativo</div>
        </th>
        <th colspan="1" rowspan="1" class="risk-0">Amplia gama de Cookies</th>
      </tr>
      <tr>
        <td colspan="1" rowspan="1" width="20%">Descripción</td>
        <td colspan="1" rowspan="1" width="80%">
          <div>Las Cookies pueden ser delimitadas por dominio o ruta. Esta comprobación solo se considera con ámbito de dominio. El ámbito de dominio aplicado a una cookie determina cuales dominios lo pueden acceder. Por ejemplo, una cookie puede ser delimitada estrictamente a un subdominio por ejemplo, www.nottrusted.com, o libremente delimitada a un dominio padre por ejemplo, nottrusted.com. En el último caso, cualquier subdominio de nottrusted.com puede acceder a la cookie. Las cookies libremente delimitadas son comunes en mega-aplicaciones como google.com y live.com. las cookies establecidas desde un subdominio como app.foo.bar son transmitidas solo al dominio del navegador. Sin embargo, las cookies delimitadas a un dominio de nivel de padre podría ser transmitida al padre, o cualquier subdominio del padre.</div>
        </td>
      </tr>
      <tr valign="top">
        <td colspan="2" rowspan="1"/>
      </tr>
      <tr>
        <td colspan="1" rowspan="1" class="indent1" width="20%">URL</td>
        <td colspan="1" rowspan="1" width="80%">
          <a shape="rect" href="https://play.google.com/log?format=json&amp;hasfast=true">https://play.google.com/log?format=json&amp;hasfast=true</a>
        </td>
      </tr>
      <tr>
        <td colspan="1" rowspan="1" class="indent2" width="20%">Método</td>
        <td colspan="1" rowspan="1" width="80%">POST</td>
      </tr>
      <tr>
        <td colspan="1" rowspan="1" class="indent2" width="20%">Parámetros</td>
        <td colspan="1" rowspan="1" width="80%"/>
      </tr>
      <tr>
        <td colspan="1" rowspan="1" class="indent2" width="20%">Ataque</td>
        <td colspan="1" rowspan="1" width="80%"/>
      </tr>
      <tr>
        <td colspan="1" rowspan="1" class="indent2" width="20%">Evidencia</td>
        <td colspan="1" rowspan="1" width="80%"/>
      </tr>
      <tr>
        <td colspan="1" rowspan="1" class="indent2" width="20%">Other Info</td>
        <td colspan="1" rowspan="1" width="80%">El dominio de origen usado para comparaciones era:
play.google.com
NID=516=LeMegXK9CyBuC8xSs7eQhutRf3dPCG0VpuB6yxNy9nquh5e5y97W-SvgHed0CHOHs2tQA_JOJFrHcLgSbwmHVKjqPCDrDYjMl2pml2WLaJYV0RmP6NB45TLlKiI0b0iWCtTbkPaB1Aat5hXPTGe9xBs59yV4daMfueb4c9pkL6M
</td>
      </tr>
      <tr>
        <td colspan="1" rowspan="1" class="indent1" width="20%">URL</td>
        <td colspan="1" rowspan="1" width="80%">
          <a shape="rect" href="https://play.google.com/log?format=json&amp;hasfast=true">https://play.google.com/log?format=json&amp;hasfast=true</a>
        </td>
      </tr>
      <tr>
        <td colspan="1" rowspan="1" class="indent2" width="20%">Método</td>
        <td colspan="1" rowspan="1" width="80%">POST</td>
      </tr>
      <tr>
        <td colspan="1" rowspan="1" class="indent2" width="20%">Parámetros</td>
        <td colspan="1" rowspan="1" width="80%"/>
      </tr>
      <tr>
        <td colspan="1" rowspan="1" class="indent2" width="20%">Ataque</td>
        <td colspan="1" rowspan="1" width="80%"/>
      </tr>
      <tr>
        <td colspan="1" rowspan="1" class="indent2" width="20%">Evidencia</td>
        <td colspan="1" rowspan="1" width="80%"/>
      </tr>
      <tr>
        <td colspan="1" rowspan="1" class="indent2" width="20%">Other Info</td>
        <td colspan="1" rowspan="1" width="80%">El dominio de origen usado para comparaciones era:
play.google.com
NID=516=TbBKmWyDBjYmRwFHlUfs68v_pJuQLOD0a59stmiSfNBwzPrw3LZdoue-oymmT989BUwiUrvVSGHBVepEJ9jjjGF_7oksVTGpBIpUsafqQFEDk33CRmqSkzbHwpaQMnONKrelnIDoa2AsSc6EYg4dlp1lBpHpo1saFwr9-pDi96LugTdv
</td>
      </tr>
      <tr>
        <td colspan="1" rowspan="1" class="indent1" width="20%">URL</td>
        <td colspan="1" rowspan="1" width="80%">
          <a shape="rect" href="https://play.google.com/log?format=json&amp;hasfast=true">https://play.google.com/log?format=json&amp;hasfast=true</a>
        </td>
      </tr>
      <tr>
        <td colspan="1" rowspan="1" class="indent2" width="20%">Método</td>
        <td colspan="1" rowspan="1" width="80%">POST</td>
      </tr>
      <tr>
        <td colspan="1" rowspan="1" class="indent2" width="20%">Parámetros</td>
        <td colspan="1" rowspan="1" width="80%"/>
      </tr>
      <tr>
        <td colspan="1" rowspan="1" class="indent2" width="20%">Ataque</td>
        <td colspan="1" rowspan="1" width="80%"/>
      </tr>
      <tr>
        <td colspan="1" rowspan="1" class="indent2" width="20%">Evidencia</td>
        <td colspan="1" rowspan="1" width="80%"/>
      </tr>
      <tr>
        <td colspan="1" rowspan="1" class="indent2" width="20%">Other Info</td>
        <td colspan="1" rowspan="1" width="80%">El dominio de origen usado para comparaciones era:
play.google.com
NID=516=XKaJ6UQy7KikVUmEF0cWqjgd4_bqgr-s1ssdrzccMcd4pVm9tq3vYy9rVX0T38iOYnOcFKi5rDsUFqd5fi3rowPg9yB1g84WIwdhE80TERV2MUfvqIezNXeQ0oNRYM_VGbMOMeZrQr5EIP1ozUdu4qGq671Xttr5otbjxr2dDxA
</td>
      </tr>
      <tr>
        <td colspan="1" rowspan="1" width="20%">Instancia</td>
        <td colspan="1" rowspan="1" width="80%">3</td>
      </tr>
      <tr>
        <td colspan="1" rowspan="1" width="20%">Solución</td>
        <td colspan="1" rowspan="1" width="80%">
          <div>Siempre delimitar las cookies a FQDN (Nombre de Dominio Completamente Calificado).</div>
        </td>
      </tr>
      <tr>
        <td colspan="1" rowspan="1" width="20%">Referencia</td>
        <td colspan="1" rowspan="1" width="80%">
          <a shape="rect" href="https://tools.ietf.org/html/rfc6265#section-4.1">https://tools.ietf.org/html/rfc6265#section-4.1</a>
          <br clear="none"/>
          <a shape="rect" href="https://owasp.org/www-project-web-security-testing-guide/v41/4-Web_Application_Security_Testing/06-Session_Management_Testing/02-Testing_for_Cookies_Attributes.html">https://owasp.org/www-project-web-security-testing-guide/v41/4-Web_Application_Security_Testing/06-Session_Management_Testing/02-Testing_for_Cookies_Attributes.html</a>
          <br clear="none"/>
          <a shape="rect" href="https://code.google.com/p/browsersec/wiki/Part2#Same-origin_policy_for_cookies">https://code.google.com/p/browsersec/wiki/Part2#Same-origin_policy_for_cookies</a>
        </td>
      </tr>
      <tr>
        <td colspan="1" rowspan="1" width="20%">CWE Id</td>
        <td colspan="1" rowspan="1" width="80%">
          <a shape="rect" href="https://cwe.mitre.org/data/definitions/565.html">565</a>
        </td>
      </tr>
      <tr>
        <td colspan="1" rowspan="1" width="20%">WASC Id</td>
        <td colspan="1" rowspan="1" width="80%">15</td>
      </tr>
      <tr>
        <td colspan="1" rowspan="1" width="20%">Plugin Id</td>
        <td colspan="1" rowspan="1" width="80%">
          <a shape="rect" href="https://www.zaproxy.org/docs/alerts/90033/">90033</a>
        </td>
      </tr>
    </table>
    <div class="spacer"/>
    <table class="results">
      <tr height="24">
        <th colspan="1" rowspan="1" class="risk-0" width="20%">
          <a shape="rect" id="10027"/>
          <div>Informativo</div>
        </th>
        <th colspan="1" rowspan="1" class="risk-0">Divulgación de información - Comentarios sospechosos</th>
      </tr>
      <tr>
        <td colspan="1" rowspan="1" width="20%">Descripción</td>
        <td colspan="1" rowspan="1" width="80%">
          <div>La respuesta parece contener comentarios sospechosos que pueden ayudar a un atacante. Nota: Las coincidencias realizadas dentro de los scripts o archivos se refieren a todo el contenido, no solo a los comentarios.</div>
        </td>
      </tr>
      <tr valign="top">
        <td colspan="2" rowspan="1"/>
      </tr>
      <tr>
        <td colspan="1" rowspan="1" class="indent1" width="20%">URL</td>
        <td colspan="1" rowspan="1" width="80%">
          <a shape="rect" href="https://apis.google.com/_/scs/abc-static/_/js/k=gapi.gapi.en.MGCxJbnW_Xw.O/m=gapi_iframes,googleapis_client/rt=j/sv=1/d=1/ed=1/am=AAAg/rs=AHpOoo9xa4htLEVH9xe6c4ToUehtTaLWvA/cb=gapi.loaded_0">https://apis.google.com/_/scs/abc-static/_/js/k=gapi.gapi.en.MGCxJbnW_Xw.O/m=gapi_iframes,googleapis_client/rt=j/sv=1/d=1/ed=1/am=AAAg/rs=AHpOoo9xa4htLEVH9xe6c4ToUehtTaLWvA/cb=gapi.loaded_0</a>
        </td>
      </tr>
      <tr>
        <td colspan="1" rowspan="1" class="indent2" width="20%">Método</td>
        <td colspan="1" rowspan="1" width="80%">GET</td>
      </tr>
      <tr>
        <td colspan="1" rowspan="1" class="indent2" width="20%">Parámetros</td>
        <td colspan="1" rowspan="1" width="80%"/>
      </tr>
      <tr>
        <td colspan="1" rowspan="1" class="indent2" width="20%">Ataque</td>
        <td colspan="1" rowspan="1" width="80%"/>
      </tr>
      <tr>
        <td colspan="1" rowspan="1" class="indent2" width="20%">Evidencia</td>
        <td colspan="1" rowspan="1" width="80%">debug</td>
      </tr>
      <tr>
        <td colspan="1" rowspan="1" class="indent2" width="20%">Other Info</td>
        <td colspan="1" rowspan="1" width="80%">The following pattern was used: \bDEBUG\b and was detected 4 times, the first in the element starting with: "var Yg=function(){this.Tg=window.console};Yg.prototype.log=function(a){this.Tg&amp;&amp;this.Tg.log&amp;&amp;this.Tg.log(a)};Yg.prototype.error=", see evidence field for the suspicious comment/snippet.</td>
      </tr>
      <tr>
        <td colspan="1" rowspan="1" class="indent1" width="20%">URL</td>
        <td colspan="1" rowspan="1" width="80%">
          <a shape="rect" href="https://apis.google.com/_/scs/abc-static/_/js/k=gapi.gapi.en.MGCxJbnW_Xw.O/m=gapi_iframes,googleapis_client/rt=j/sv=1/d=1/ed=1/am=AAAg/rs=AHpOoo9xa4htLEVH9xe6c4ToUehtTaLWvA/cb=gapi.loaded_0">https://apis.google.com/_/scs/abc-static/_/js/k=gapi.gapi.en.MGCxJbnW_Xw.O/m=gapi_iframes,googleapis_client/rt=j/sv=1/d=1/ed=1/am=AAAg/rs=AHpOoo9xa4htLEVH9xe6c4ToUehtTaLWvA/cb=gapi.loaded_0</a>
        </td>
      </tr>
      <tr>
        <td colspan="1" rowspan="1" class="indent2" width="20%">Método</td>
        <td colspan="1" rowspan="1" width="80%">GET</td>
      </tr>
      <tr>
        <td colspan="1" rowspan="1" class="indent2" width="20%">Parámetros</td>
        <td colspan="1" rowspan="1" width="80%"/>
      </tr>
      <tr>
        <td colspan="1" rowspan="1" class="indent2" width="20%">Ataque</td>
        <td colspan="1" rowspan="1" width="80%"/>
      </tr>
      <tr>
        <td colspan="1" rowspan="1" class="indent2" width="20%">Evidencia</td>
        <td colspan="1" rowspan="1" width="80%">from</td>
      </tr>
      <tr>
        <td colspan="1" rowspan="1" class="indent2" width="20%">Other Info</td>
        <td colspan="1" rowspan="1" width="80%">The following pattern was used: \bFROM\b and was detected in the element starting with: "na("Array.from",function(a){return a?a:function(b,c,d){c=c!=null?c:function(k){return k};var e=[],f=typeof Symbol!="undefined"&amp;&amp;", see evidence field for the suspicious comment/snippet.</td>
      </tr>
      <tr>
        <td colspan="1" rowspan="1" class="indent1" width="20%">URL</td>
        <td colspan="1" rowspan="1" width="80%">
          <a shape="rect" href="https://apis.google.com/_/scs/abc-static/_/js/k=gapi.gapi.en.MGCxJbnW_Xw.O/m=gapi_iframes,googleapis_client/rt=j/sv=1/d=1/ed=1/am=AAAg/rs=AHpOoo9xa4htLEVH9xe6c4ToUehtTaLWvA/cb=gapi.loaded_0">https://apis.google.com/_/scs/abc-static/_/js/k=gapi.gapi.en.MGCxJbnW_Xw.O/m=gapi_iframes,googleapis_client/rt=j/sv=1/d=1/ed=1/am=AAAg/rs=AHpOoo9xa4htLEVH9xe6c4ToUehtTaLWvA/cb=gapi.loaded_0</a>
        </td>
      </tr>
      <tr>
        <td colspan="1" rowspan="1" class="indent2" width="20%">Método</td>
        <td colspan="1" rowspan="1" width="80%">GET</td>
      </tr>
      <tr>
        <td colspan="1" rowspan="1" class="indent2" width="20%">Parámetros</td>
        <td colspan="1" rowspan="1" width="80%"/>
      </tr>
      <tr>
        <td colspan="1" rowspan="1" class="indent2" width="20%">Ataque</td>
        <td colspan="1" rowspan="1" width="80%"/>
      </tr>
      <tr>
        <td colspan="1" rowspan="1" class="indent2" width="20%">Evidencia</td>
        <td colspan="1" rowspan="1" width="80%">query</td>
      </tr>
      <tr>
        <td colspan="1" rowspan="1" class="indent2" width="20%">Other Info</td>
        <td colspan="1" rowspan="1" width="80%">The following pattern was used: \bQUERY\b and was detected 6 times, the first in the element starting with: "(a[2]&amp;&amp;d?"/":"")));d=function(e){return c(e.replace(/\?/g,"%3F").replace(/#/g,"%23"))};b.query=a[5]?[d(a[5])]:[];b.hj=a[7]?[d(a[", see evidence field for the suspicious comment/snippet.</td>
      </tr>
      <tr>
        <td colspan="1" rowspan="1" class="indent1" width="20%">URL</td>
        <td colspan="1" rowspan="1" width="80%">
          <a shape="rect" href="https://apis.google.com/_/scs/abc-static/_/js/k=gapi.gapi.en.MGCxJbnW_Xw.O/m=gapi_iframes,googleapis_client/rt=j/sv=1/d=1/ed=1/am=AAAg/rs=AHpOoo9xa4htLEVH9xe6c4ToUehtTaLWvA/cb=gapi.loaded_0">https://apis.google.com/_/scs/abc-static/_/js/k=gapi.gapi.en.MGCxJbnW_Xw.O/m=gapi_iframes,googleapis_client/rt=j/sv=1/d=1/ed=1/am=AAAg/rs=AHpOoo9xa4htLEVH9xe6c4ToUehtTaLWvA/cb=gapi.loaded_0</a>
        </td>
      </tr>
      <tr>
        <td colspan="1" rowspan="1" class="indent2" width="20%">Método</td>
        <td colspan="1" rowspan="1" width="80%">GET</td>
      </tr>
      <tr>
        <td colspan="1" rowspan="1" class="indent2" width="20%">Parámetros</td>
        <td colspan="1" rowspan="1" width="80%"/>
      </tr>
      <tr>
        <td colspan="1" rowspan="1" class="indent2" width="20%">Ataque</td>
        <td colspan="1" rowspan="1" width="80%"/>
      </tr>
      <tr>
        <td colspan="1" rowspan="1" class="indent2" width="20%">Evidencia</td>
        <td colspan="1" rowspan="1" width="80%">SELECT</td>
      </tr>
      <tr>
        <td colspan="1" rowspan="1" class="indent2" width="20%">Other Info</td>
        <td colspan="1" rowspan="1" width="80%">The following pattern was used: \bSELECT\b and was detected in the element starting with: "qd=function(a,b){return a&lt;b?-1:a&gt;b?1:0};_.Jb=function(a){this.XX=a};_.Jb.prototype.toString=function(){return this.XX};_.Ob=new ", see evidence field for the suspicious comment/snippet.</td>
      </tr>
      <tr>
        <td colspan="1" rowspan="1" class="indent1" width="20%">URL</td>
        <td colspan="1" rowspan="1" width="80%">
          <a shape="rect" href="https://apis.google.com/_/scs/abc-static/_/js/k=gapi.gapi.en.MGCxJbnW_Xw.O/m=gapi_iframes,googleapis_client/rt=j/sv=1/d=1/ed=1/am=AAAg/rs=AHpOoo9xa4htLEVH9xe6c4ToUehtTaLWvA/cb=gapi.loaded_0">https://apis.google.com/_/scs/abc-static/_/js/k=gapi.gapi.en.MGCxJbnW_Xw.O/m=gapi_iframes,googleapis_client/rt=j/sv=1/d=1/ed=1/am=AAAg/rs=AHpOoo9xa4htLEVH9xe6c4ToUehtTaLWvA/cb=gapi.loaded_0</a>
        </td>
      </tr>
      <tr>
        <td colspan="1" rowspan="1" class="indent2" width="20%">Método</td>
        <td colspan="1" rowspan="1" width="80%">GET</td>
      </tr>
      <tr>
        <td colspan="1" rowspan="1" class="indent2" width="20%">Parámetros</td>
        <td colspan="1" rowspan="1" width="80%"/>
      </tr>
      <tr>
        <td colspan="1" rowspan="1" class="indent2" width="20%">Ataque</td>
        <td colspan="1" rowspan="1" width="80%"/>
      </tr>
      <tr>
        <td colspan="1" rowspan="1" class="indent2" width="20%">Evidencia</td>
        <td colspan="1" rowspan="1" width="80%">where</td>
      </tr>
      <tr>
        <td colspan="1" rowspan="1" class="indent2" width="20%">Other Info</td>
        <td colspan="1" rowspan="1" width="80%">The following pattern was used: \bWHERE\b and was detected 3 times, the first in the element starting with: "_.g.Hp=function(a){this.T.context=a};var mo=function(a,b){a.T._rpcReadyFn=b};io.prototype.getIframeEl=function(){return this.T.i", see evidence field for the suspicious comment/snippet.</td>
      </tr>
      <tr>
        <td colspan="1" rowspan="1" class="indent1" width="20%">URL</td>
        <td colspan="1" rowspan="1" width="80%">
          <a shape="rect" href="https://cdnjs.cloudflare.com/ajax/libs/jquery/2.2.4/jquery.min.js">https://cdnjs.cloudflare.com/ajax/libs/jquery/2.2.4/jquery.min.js</a>
        </td>
      </tr>
      <tr>
        <td colspan="1" rowspan="1" class="indent2" width="20%">Método</td>
        <td colspan="1" rowspan="1" width="80%">GET</td>
      </tr>
      <tr>
        <td colspan="1" rowspan="1" class="indent2" width="20%">Parámetros</td>
        <td colspan="1" rowspan="1" width="80%"/>
      </tr>
      <tr>
        <td colspan="1" rowspan="1" class="indent2" width="20%">Ataque</td>
        <td colspan="1" rowspan="1" width="80%"/>
      </tr>
      <tr>
        <td colspan="1" rowspan="1" class="indent2" width="20%">Evidencia</td>
        <td colspan="1" rowspan="1" width="80%">db</td>
      </tr>
      <tr>
        <td colspan="1" rowspan="1" class="indent2" width="20%">Other Info</td>
        <td colspan="1" rowspan="1" width="80%">The following pattern was used: \bDB\b and was detected 2 times, the first in the element starting with: "}catch(e){}O.set(a,b,c)}else c=void 0;return c}n.extend({hasData:function(a){return O.hasData(a)||N.hasData(a)},data:function(a,", see evidence field for the suspicious comment/snippet.</td>
      </tr>
      <tr>
        <td colspan="1" rowspan="1" class="indent1" width="20%">URL</td>
        <td colspan="1" rowspan="1" width="80%">
          <a shape="rect" href="https://cdnjs.cloudflare.com/ajax/libs/jquery/2.2.4/jquery.min.js">https://cdnjs.cloudflare.com/ajax/libs/jquery/2.2.4/jquery.min.js</a>
        </td>
      </tr>
      <tr>
        <td colspan="1" rowspan="1" class="indent2" width="20%">Método</td>
        <td colspan="1" rowspan="1" width="80%">GET</td>
      </tr>
      <tr>
        <td colspan="1" rowspan="1" class="indent2" width="20%">Parámetros</td>
        <td colspan="1" rowspan="1" width="80%"/>
      </tr>
      <tr>
        <td colspan="1" rowspan="1" class="indent2" width="20%">Ataque</td>
        <td colspan="1" rowspan="1" width="80%"/>
      </tr>
      <tr>
        <td colspan="1" rowspan="1" class="indent2" width="20%">Evidencia</td>
        <td colspan="1" rowspan="1" width="80%">select</td>
      </tr>
      <tr>
        <td colspan="1" rowspan="1" class="indent2" width="20%">Other Info</td>
        <td colspan="1" rowspan="1" width="80%">The following pattern was used: \bSELECT\b and was detected in the element starting with: "!function(a,b){"object"==typeof module&amp;&amp;"object"==typeof module.exports?module.exports=a.document?b(a,!0):function(a){if(!a.docu", see evidence field for the suspicious comment/snippet.</td>
      </tr>
      <tr>
        <td colspan="1" rowspan="1" class="indent1" width="20%">URL</td>
        <td colspan="1" rowspan="1" width="80%">
          <a shape="rect" href="https://demo.owasp-juice.shop/main.js">https://demo.owasp-juice.shop/main.js</a>
        </td>
      </tr>
      <tr>
        <td colspan="1" rowspan="1" class="indent2" width="20%">Método</td>
        <td colspan="1" rowspan="1" width="80%">GET</td>
      </tr>
      <tr>
        <td colspan="1" rowspan="1" class="indent2" width="20%">Parámetros</td>
        <td colspan="1" rowspan="1" width="80%"/>
      </tr>
      <tr>
        <td colspan="1" rowspan="1" class="indent2" width="20%">Ataque</td>
        <td colspan="1" rowspan="1" width="80%"/>
      </tr>
      <tr>
        <td colspan="1" rowspan="1" class="indent2" width="20%">Evidencia</td>
        <td colspan="1" rowspan="1" width="80%">query</td>
      </tr>
      <tr>
        <td colspan="1" rowspan="1" class="indent2" width="20%">Other Info</td>
        <td colspan="1" rowspan="1" width="80%">The following pattern was used: \bQUERY\b and was detected in the element starting with: ""use strict";(self.webpackChunkfrontend=self.webpackChunkfrontend||[]).push([[179],{4550:(tt,K,c)=&gt;{c.d(K,{e:()=&gt;s});var S=c(234", see evidence field for the suspicious comment/snippet.</td>
      </tr>
      <tr>
        <td colspan="1" rowspan="1" class="indent1" width="20%">URL</td>
        <td colspan="1" rowspan="1" width="80%">
          <a shape="rect" href="https://demo.owasp-juice.shop/vendor.js">https://demo.owasp-juice.shop/vendor.js</a>
        </td>
      </tr>
      <tr>
        <td colspan="1" rowspan="1" class="indent2" width="20%">Método</td>
        <td colspan="1" rowspan="1" width="80%">GET</td>
      </tr>
      <tr>
        <td colspan="1" rowspan="1" class="indent2" width="20%">Parámetros</td>
        <td colspan="1" rowspan="1" width="80%"/>
      </tr>
      <tr>
        <td colspan="1" rowspan="1" class="indent2" width="20%">Ataque</td>
        <td colspan="1" rowspan="1" width="80%"/>
      </tr>
      <tr>
        <td colspan="1" rowspan="1" class="indent2" width="20%">Evidencia</td>
        <td colspan="1" rowspan="1" width="80%">query</td>
      </tr>
      <tr>
        <td colspan="1" rowspan="1" class="indent2" width="20%">Other Info</td>
        <td colspan="1" rowspan="1" width="80%">The following pattern was used: \bQUERY\b and was detected in the element starting with: "(self.webpackChunkfrontend=self.webpackChunkfrontend||[]).push([[736],{9187:(At,ae,d)=&gt;{"use strict";d.d(ae,{Xy:()=&gt;J,ne:()=&gt;Be,", see evidence field for the suspicious comment/snippet.</td>
      </tr>
      <tr>
        <td colspan="1" rowspan="1" class="indent1" width="20%">URL</td>
        <td colspan="1" rowspan="1" width="80%">
          <a shape="rect" href="https://ssl.google-analytics.com/ga.js">https://ssl.google-analytics.com/ga.js</a>
        </td>
      </tr>
      <tr>
        <td colspan="1" rowspan="1" class="indent2" width="20%">Método</td>
        <td colspan="1" rowspan="1" width="80%">GET</td>
      </tr>
      <tr>
        <td colspan="1" rowspan="1" class="indent2" width="20%">Parámetros</td>
        <td colspan="1" rowspan="1" width="80%"/>
      </tr>
      <tr>
        <td colspan="1" rowspan="1" class="indent2" width="20%">Ataque</td>
        <td colspan="1" rowspan="1" width="80%"/>
      </tr>
      <tr>
        <td colspan="1" rowspan="1" class="indent2" width="20%">Evidencia</td>
        <td colspan="1" rowspan="1" width="80%">db</td>
      </tr>
      <tr>
        <td colspan="1" rowspan="1" class="indent2" width="20%">Other Info</td>
        <td colspan="1" rowspan="1" width="80%">The following pattern was used: \bDB\b and was detected 7 times, the first in the element starting with: "var Wa=N(),Xa=Va("anonymizeIp"),Ya=N(),$a=N(),ab=N(),bb=N(),O=N(),P=N(),cb=N(),db=N(),eb=N(),fb=N(),gb=N(),hb=N(),ib=N(),jb=N(),", see evidence field for the suspicious comment/snippet.</td>
      </tr>
      <tr>
        <td colspan="1" rowspan="1" class="indent1" width="20%">URL</td>
        <td colspan="1" rowspan="1" width="80%">
          <a shape="rect" href="https://ssl.google-analytics.com/ga.js">https://ssl.google-analytics.com/ga.js</a>
        </td>
      </tr>
      <tr>
        <td colspan="1" rowspan="1" class="indent2" width="20%">Método</td>
        <td colspan="1" rowspan="1" width="80%">GET</td>
      </tr>
      <tr>
        <td colspan="1" rowspan="1" class="indent2" width="20%">Parámetros</td>
        <td colspan="1" rowspan="1" width="80%"/>
      </tr>
      <tr>
        <td colspan="1" rowspan="1" class="indent2" width="20%">Ataque</td>
        <td colspan="1" rowspan="1" width="80%"/>
      </tr>
      <tr>
        <td colspan="1" rowspan="1" class="indent2" width="20%">Evidencia</td>
        <td colspan="1" rowspan="1" width="80%">query</td>
      </tr>
      <tr>
        <td colspan="1" rowspan="1" class="indent2" width="20%">Other Info</td>
        <td colspan="1" rowspan="1" width="80%">The following pattern was used: \bQUERY\b and was detected 3 times, the first in the element starting with: ""/"+a):a=Be+e[2]+(a||f);b.href=a;d=c(b);return{protocol:(b.protocol||"").toLowerCase(),host:d[0],port:d[1],path:d[2],query:b.sea", see evidence field for the suspicious comment/snippet.</td>
      </tr>
      <tr>
        <td colspan="1" rowspan="1" class="indent1" width="20%">URL</td>
        <td colspan="1" rowspan="1" width="80%">
          <a shape="rect" href="https://todo.ly/Scripts/date.js?v=4">https://todo.ly/Scripts/date.js?v=4</a>
        </td>
      </tr>
      <tr>
        <td colspan="1" rowspan="1" class="indent2" width="20%">Método</td>
        <td colspan="1" rowspan="1" width="80%">GET</td>
      </tr>
      <tr>
        <td colspan="1" rowspan="1" class="indent2" width="20%">Parámetros</td>
        <td colspan="1" rowspan="1" width="80%"/>
      </tr>
      <tr>
        <td colspan="1" rowspan="1" class="indent2" width="20%">Ataque</td>
        <td colspan="1" rowspan="1" width="80%"/>
      </tr>
      <tr>
        <td colspan="1" rowspan="1" class="indent2" width="20%">Evidencia</td>
        <td colspan="1" rowspan="1" width="80%">from</td>
      </tr>
      <tr>
        <td colspan="1" rowspan="1" class="indent2" width="20%">Other Info</td>
        <td colspan="1" rowspan="1" width="80%">The following pattern was used: \bFROM\b and was detected in the element starting with: "Date.CultureInfo={name:"en-US",englishName:"English (United States)",nativeName:"English (United States)",dayNames:["Sunday","Mo", see evidence field for the suspicious comment/snippet.</td>
      </tr>
      <tr>
        <td colspan="1" rowspan="1" class="indent1" width="20%">URL</td>
        <td colspan="1" rowspan="1" width="80%">
          <a shape="rect" href="https://todo.ly/Scripts/jquery-1.7.1.min.js">https://todo.ly/Scripts/jquery-1.7.1.min.js</a>
        </td>
      </tr>
      <tr>
        <td colspan="1" rowspan="1" class="indent2" width="20%">Método</td>
        <td colspan="1" rowspan="1" width="80%">GET</td>
      </tr>
      <tr>
        <td colspan="1" rowspan="1" class="indent2" width="20%">Parámetros</td>
        <td colspan="1" rowspan="1" width="80%"/>
      </tr>
      <tr>
        <td colspan="1" rowspan="1" class="indent2" width="20%">Ataque</td>
        <td colspan="1" rowspan="1" width="80%"/>
      </tr>
      <tr>
        <td colspan="1" rowspan="1" class="indent2" width="20%">Evidencia</td>
        <td colspan="1" rowspan="1" width="80%">select</td>
      </tr>
      <tr>
        <td colspan="1" rowspan="1" class="indent2" width="20%">Other Info</td>
        <td colspan="1" rowspan="1" width="80%">The following pattern was used: \bSELECT\b and was detected 2 times, the first in the element starting with: "(function(a,b){function cy(a){return f.isWindow(a)?a:a.nodeType===9?a.defaultView||a.parentWindow:!1}function cv(a){if(!ck[a]){v", see evidence field for the suspicious comment/snippet.</td>
      </tr>
      <tr>
        <td colspan="1" rowspan="1" class="indent1" width="20%">URL</td>
        <td colspan="1" rowspan="1" width="80%">
          <a shape="rect" href="https://todo.ly/Scripts/jquery-1.7.1.min.js">https://todo.ly/Scripts/jquery-1.7.1.min.js</a>
        </td>
      </tr>
      <tr>
        <td colspan="1" rowspan="1" class="indent2" width="20%">Método</td>
        <td colspan="1" rowspan="1" width="80%">GET</td>
      </tr>
      <tr>
        <td colspan="1" rowspan="1" class="indent2" width="20%">Parámetros</td>
        <td colspan="1" rowspan="1" width="80%"/>
      </tr>
      <tr>
        <td colspan="1" rowspan="1" class="indent2" width="20%">Ataque</td>
        <td colspan="1" rowspan="1" width="80%"/>
      </tr>
      <tr>
        <td colspan="1" rowspan="1" class="indent2" width="20%">Evidencia</td>
        <td colspan="1" rowspan="1" width="80%">username</td>
      </tr>
      <tr>
        <td colspan="1" rowspan="1" class="indent2" width="20%">Other Info</td>
        <td colspan="1" rowspan="1" width="80%">The following pattern was used: \bUSERNAME\b and was detected in the element starting with: "{for(var a=0,b;(b=this[a])!=null;a++){b.nodeType===1&amp;&amp;f.cleanData(b.getElementsByTagName("*"));while(b.firstChild)b.removeChild(", see evidence field for the suspicious comment/snippet.</td>
      </tr>
      <tr>
        <td colspan="1" rowspan="1" class="indent1" width="20%">URL</td>
        <td colspan="1" rowspan="1" width="80%">
          <a shape="rect" href="https://todo.ly/Scripts/jquery-ui-1.8.13.custom.min.js?v=6">https://todo.ly/Scripts/jquery-ui-1.8.13.custom.min.js?v=6</a>
        </td>
      </tr>
      <tr>
        <td colspan="1" rowspan="1" class="indent2" width="20%">Método</td>
        <td colspan="1" rowspan="1" width="80%">GET</td>
      </tr>
      <tr>
        <td colspan="1" rowspan="1" class="indent2" width="20%">Parámetros</td>
        <td colspan="1" rowspan="1" width="80%"/>
      </tr>
      <tr>
        <td colspan="1" rowspan="1" class="indent2" width="20%">Ataque</td>
        <td colspan="1" rowspan="1" width="80%"/>
      </tr>
      <tr>
        <td colspan="1" rowspan="1" class="indent2" width="20%">Evidencia</td>
        <td colspan="1" rowspan="1" width="80%">debug</td>
      </tr>
      <tr>
        <td colspan="1" rowspan="1" class="indent2" width="20%">Other Info</td>
        <td colspan="1" rowspan="1" width="80%">The following pattern was used: \bDEBUG\b and was detected 2 times, the first in the element starting with: "(function(d,B){function M(){this.debug=false;this._curInst=null;this._keyEvent=false;this._disabledInputs=[];this._inDialog=this", see evidence field for the suspicious comment/snippet.</td>
      </tr>
      <tr>
        <td colspan="1" rowspan="1" class="indent1" width="20%">URL</td>
        <td colspan="1" rowspan="1" width="80%">
          <a shape="rect" href="https://todo.ly/Scripts/jquery-ui-1.8.13.custom.min.js?v=6">https://todo.ly/Scripts/jquery-ui-1.8.13.custom.min.js?v=6</a>
        </td>
      </tr>
      <tr>
        <td colspan="1" rowspan="1" class="indent2" width="20%">Método</td>
        <td colspan="1" rowspan="1" width="80%">GET</td>
      </tr>
      <tr>
        <td colspan="1" rowspan="1" class="indent2" width="20%">Parámetros</td>
        <td colspan="1" rowspan="1" width="80%"/>
      </tr>
      <tr>
        <td colspan="1" rowspan="1" class="indent2" width="20%">Ataque</td>
        <td colspan="1" rowspan="1" width="80%"/>
      </tr>
      <tr>
        <td colspan="1" rowspan="1" class="indent2" width="20%">Evidencia</td>
        <td colspan="1" rowspan="1" width="80%">from</td>
      </tr>
      <tr>
        <td colspan="1" rowspan="1" class="indent2" width="20%">Other Info</td>
        <td colspan="1" rowspan="1" width="80%">The following pattern was used: \bFROM\b and was detected 7 times, the first in the element starting with: "(function(c){c.effects.puff=function(b){return this.queue(function(){var a=c(this),e=c.effects.setMode(a,b.options.mode||"hide")", see evidence field for the suspicious comment/snippet.</td>
      </tr>
      <tr>
        <td colspan="1" rowspan="1" class="indent1" width="20%">URL</td>
        <td colspan="1" rowspan="1" width="80%">
          <a shape="rect" href="https://todo.ly/Scripts/jquery-ui-1.8.13.custom.min.js?v=6">https://todo.ly/Scripts/jquery-ui-1.8.13.custom.min.js?v=6</a>
        </td>
      </tr>
      <tr>
        <td colspan="1" rowspan="1" class="indent2" width="20%">Método</td>
        <td colspan="1" rowspan="1" width="80%">GET</td>
      </tr>
      <tr>
        <td colspan="1" rowspan="1" class="indent2" width="20%">Parámetros</td>
        <td colspan="1" rowspan="1" width="80%"/>
      </tr>
      <tr>
        <td colspan="1" rowspan="1" class="indent2" width="20%">Ataque</td>
        <td colspan="1" rowspan="1" width="80%"/>
      </tr>
      <tr>
        <td colspan="1" rowspan="1" class="indent2" width="20%">Evidencia</td>
        <td colspan="1" rowspan="1" width="80%">select</td>
      </tr>
      <tr>
        <td colspan="1" rowspan="1" class="indent2" width="20%">Other Info</td>
        <td colspan="1" rowspan="1" width="80%">The following pattern was used: \bSELECT\b and was detected 19 times, the first in the element starting with: "(function(c,j){function k(a,b){var d=a.nodeName.toLowerCase();if("area"===d){b=a.parentNode;d=b.name;if(!a.href||!d||b.nodeName.", see evidence field for the suspicious comment/snippet.</td>
      </tr>
      <tr>
        <td colspan="1" rowspan="1" class="indent1" width="20%">URL</td>
        <td colspan="1" rowspan="1" width="80%">
          <a shape="rect" href="https://todo.ly/Scripts/jquery-ui-timepicker-addon.js">https://todo.ly/Scripts/jquery-ui-timepicker-addon.js</a>
        </td>
      </tr>
      <tr>
        <td colspan="1" rowspan="1" class="indent2" width="20%">Método</td>
        <td colspan="1" rowspan="1" width="80%">GET</td>
      </tr>
      <tr>
        <td colspan="1" rowspan="1" class="indent2" width="20%">Parámetros</td>
        <td colspan="1" rowspan="1" width="80%"/>
      </tr>
      <tr>
        <td colspan="1" rowspan="1" class="indent2" width="20%">Ataque</td>
        <td colspan="1" rowspan="1" width="80%"/>
      </tr>
      <tr>
        <td colspan="1" rowspan="1" class="indent2" width="20%">Evidencia</td>
        <td colspan="1" rowspan="1" width="80%">Bug</td>
      </tr>
      <tr>
        <td colspan="1" rowspan="1" class="indent2" width="20%">Other Info</td>
        <td colspan="1" rowspan="1" width="80%">The following pattern was used: \bBUG\b and was detected in the element starting with: "			* Bug descriptions: when an input field has a default value, and click on the field to pop up the date picker. 
", see evidence field for the suspicious comment/snippet.</td>
      </tr>
      <tr>
        <td colspan="1" rowspan="1" class="indent1" width="20%">URL</td>
        <td colspan="1" rowspan="1" width="80%">
          <a shape="rect" href="https://todo.ly/Scripts/jquery-ui-timepicker-addon.js">https://todo.ly/Scripts/jquery-ui-timepicker-addon.js</a>
        </td>
      </tr>
      <tr>
        <td colspan="1" rowspan="1" class="indent2" width="20%">Método</td>
        <td colspan="1" rowspan="1" width="80%">GET</td>
      </tr>
      <tr>
        <td colspan="1" rowspan="1" class="indent2" width="20%">Parámetros</td>
        <td colspan="1" rowspan="1" width="80%"/>
      </tr>
      <tr>
        <td colspan="1" rowspan="1" class="indent2" width="20%">Ataque</td>
        <td colspan="1" rowspan="1" width="80%"/>
      </tr>
      <tr>
        <td colspan="1" rowspan="1" class="indent2" width="20%">Evidencia</td>
        <td colspan="1" rowspan="1" width="80%">from</td>
      </tr>
      <tr>
        <td colspan="1" rowspan="1" class="indent2" width="20%">Other Info</td>
        <td colspan="1" rowspan="1" width="80%">The following pattern was used: \bFROM\b and was detected 7 times, the first in the element starting with: "		            // Update the time as well : this prevents the time from disappearing from the $input field.
", see evidence field for the suspicious comment/snippet.</td>
      </tr>
      <tr>
        <td colspan="1" rowspan="1" class="indent1" width="20%">URL</td>
        <td colspan="1" rowspan="1" width="80%">
          <a shape="rect" href="https://todo.ly/Scripts/jquery-ui-timepicker-addon.js">https://todo.ly/Scripts/jquery-ui-timepicker-addon.js</a>
        </td>
      </tr>
      <tr>
        <td colspan="1" rowspan="1" class="indent2" width="20%">Método</td>
        <td colspan="1" rowspan="1" width="80%">GET</td>
      </tr>
      <tr>
        <td colspan="1" rowspan="1" class="indent2" width="20%">Parámetros</td>
        <td colspan="1" rowspan="1" width="80%"/>
      </tr>
      <tr>
        <td colspan="1" rowspan="1" class="indent2" width="20%">Ataque</td>
        <td colspan="1" rowspan="1" width="80%"/>
      </tr>
      <tr>
        <td colspan="1" rowspan="1" class="indent2" width="20%">Evidencia</td>
        <td colspan="1" rowspan="1" width="80%">select</td>
      </tr>
      <tr>
        <td colspan="1" rowspan="1" class="indent2" width="20%">Other Info</td>
        <td colspan="1" rowspan="1" width="80%">The following pattern was used: \bSELECT\b and was detected 10 times, the first in the element starting with: "					tp_inst._defaults.controlType = 'select';
", see evidence field for the suspicious comment/snippet.</td>
      </tr>
      <tr>
        <td colspan="1" rowspan="1" class="indent1" width="20%">URL</td>
        <td colspan="1" rowspan="1" width="80%">
          <a shape="rect" href="https://todo.ly/Scripts/jquery-ui-timepicker-addon.js">https://todo.ly/Scripts/jquery-ui-timepicker-addon.js</a>
        </td>
      </tr>
      <tr>
        <td colspan="1" rowspan="1" class="indent2" width="20%">Método</td>
        <td colspan="1" rowspan="1" width="80%">GET</td>
      </tr>
      <tr>
        <td colspan="1" rowspan="1" class="indent2" width="20%">Parámetros</td>
        <td colspan="1" rowspan="1" width="80%"/>
      </tr>
      <tr>
        <td colspan="1" rowspan="1" class="indent2" width="20%">Ataque</td>
        <td colspan="1" rowspan="1" width="80%"/>
      </tr>
      <tr>
        <td colspan="1" rowspan="1" class="indent2" width="20%">Evidencia</td>
        <td colspan="1" rowspan="1" width="80%">user</td>
      </tr>
      <tr>
        <td colspan="1" rowspan="1" class="indent2" width="20%">Other Info</td>
        <td colspan="1" rowspan="1" width="80%">The following pattern was used: \bUSER\b and was detected in the element starting with: "			* If the user manually empty the value in the input field, the date picker will never change selected value.
", see evidence field for the suspicious comment/snippet.</td>
      </tr>
      <tr>
        <td colspan="1" rowspan="1" class="indent1" width="20%">URL</td>
        <td colspan="1" rowspan="1" width="80%">
          <a shape="rect" href="https://todo.ly/Scripts/jquery-ui-timepicker-addon.js">https://todo.ly/Scripts/jquery-ui-timepicker-addon.js</a>
        </td>
      </tr>
      <tr>
        <td colspan="1" rowspan="1" class="indent2" width="20%">Método</td>
        <td colspan="1" rowspan="1" width="80%">GET</td>
      </tr>
      <tr>
        <td colspan="1" rowspan="1" class="indent2" width="20%">Parámetros</td>
        <td colspan="1" rowspan="1" width="80%"/>
      </tr>
      <tr>
        <td colspan="1" rowspan="1" class="indent2" width="20%">Ataque</td>
        <td colspan="1" rowspan="1" width="80%"/>
      </tr>
      <tr>
        <td colspan="1" rowspan="1" class="indent2" width="20%">Evidencia</td>
        <td colspan="1" rowspan="1" width="80%">where</td>
      </tr>
      <tr>
        <td colspan="1" rowspan="1" class="indent2" width="20%">Other Info</td>
        <td colspan="1" rowspan="1" width="80%">The following pattern was used: \bWHERE\b and was detected in the element starting with: "	* Returns: {date: Date, timeObj: Object}, where
", see evidence field for the suspicious comment/snippet.</td>
      </tr>
      <tr>
        <td colspan="1" rowspan="1" class="indent1" width="20%">URL</td>
        <td colspan="1" rowspan="1" width="80%">
          <a shape="rect" href="https://todo.ly/Scripts/jquery.autogrow-textarea.js">https://todo.ly/Scripts/jquery.autogrow-textarea.js</a>
        </td>
      </tr>
      <tr>
        <td colspan="1" rowspan="1" class="indent2" width="20%">Método</td>
        <td colspan="1" rowspan="1" width="80%">GET</td>
      </tr>
      <tr>
        <td colspan="1" rowspan="1" class="indent2" width="20%">Parámetros</td>
        <td colspan="1" rowspan="1" width="80%"/>
      </tr>
      <tr>
        <td colspan="1" rowspan="1" class="indent2" width="20%">Ataque</td>
        <td colspan="1" rowspan="1" width="80%"/>
      </tr>
      <tr>
        <td colspan="1" rowspan="1" class="indent2" width="20%">Evidencia</td>
        <td colspan="1" rowspan="1" width="80%">from</td>
      </tr>
      <tr>
        <td colspan="1" rowspan="1" class="indent2" width="20%">Other Info</td>
        <td colspan="1" rowspan="1" width="80%">The following pattern was used: \bFROM\b and was detected in the element starting with: "     * Auto-growing textareas; technique ripped from Facebook", see evidence field for the suspicious comment/snippet.</td>
      </tr>
      <tr>
        <td colspan="1" rowspan="1" class="indent1" width="20%">URL</td>
        <td colspan="1" rowspan="1" width="80%">
          <a shape="rect" href="https://todo.ly/Scripts/jquery.cookie.js">https://todo.ly/Scripts/jquery.cookie.js</a>
        </td>
      </tr>
      <tr>
        <td colspan="1" rowspan="1" class="indent2" width="20%">Método</td>
        <td colspan="1" rowspan="1" width="80%">GET</td>
      </tr>
      <tr>
        <td colspan="1" rowspan="1" class="indent2" width="20%">Parámetros</td>
        <td colspan="1" rowspan="1" width="80%"/>
      </tr>
      <tr>
        <td colspan="1" rowspan="1" class="indent2" width="20%">Ataque</td>
        <td colspan="1" rowspan="1" width="80%"/>
      </tr>
      <tr>
        <td colspan="1" rowspan="1" class="indent2" width="20%">Evidencia</td>
        <td colspan="1" rowspan="1" width="80%">from</td>
      </tr>
      <tr>
        <td colspan="1" rowspan="1" class="indent2" width="20%">Other Info</td>
        <td colspan="1" rowspan="1" width="80%">The following pattern was used: \bFROM\b and was detected in the element starting with: " * @option Number|Date expires Either an integer specifying the expiration date from now on in days or a Date object.", see evidence field for the suspicious comment/snippet.</td>
      </tr>
      <tr>
        <td colspan="1" rowspan="1" class="indent1" width="20%">URL</td>
        <td colspan="1" rowspan="1" width="80%">
          <a shape="rect" href="https://todo.ly/Scripts/jquery.dropshadow.js">https://todo.ly/Scripts/jquery.dropshadow.js</a>
        </td>
      </tr>
      <tr>
        <td colspan="1" rowspan="1" class="indent2" width="20%">Método</td>
        <td colspan="1" rowspan="1" width="80%">GET</td>
      </tr>
      <tr>
        <td colspan="1" rowspan="1" class="indent2" width="20%">Parámetros</td>
        <td colspan="1" rowspan="1" width="80%"/>
      </tr>
      <tr>
        <td colspan="1" rowspan="1" class="indent2" width="20%">Ataque</td>
        <td colspan="1" rowspan="1" width="80%"/>
      </tr>
      <tr>
        <td colspan="1" rowspan="1" class="indent2" width="20%">Evidencia</td>
        <td colspan="1" rowspan="1" width="80%">from</td>
      </tr>
      <tr>
        <td colspan="1" rowspan="1" class="indent2" width="20%">Other Info</td>
        <td colspan="1" rowspan="1" width="80%">The following pattern was used: \bFROM\b and was detected 2 times, the first in the element starting with: "          $(selector).removeShadow();       // Removes shadows from elements", see evidence field for the suspicious comment/snippet.</td>
      </tr>
      <tr>
        <td colspan="1" rowspan="1" class="indent1" width="20%">URL</td>
        <td colspan="1" rowspan="1" width="80%">
          <a shape="rect" href="https://todo.ly/Scripts/jquery.dropshadow.js">https://todo.ly/Scripts/jquery.dropshadow.js</a>
        </td>
      </tr>
      <tr>
        <td colspan="1" rowspan="1" class="indent2" width="20%">Método</td>
        <td colspan="1" rowspan="1" width="80%">GET</td>
      </tr>
      <tr>
        <td colspan="1" rowspan="1" class="indent2" width="20%">Parámetros</td>
        <td colspan="1" rowspan="1" width="80%"/>
      </tr>
      <tr>
        <td colspan="1" rowspan="1" class="indent2" width="20%">Ataque</td>
        <td colspan="1" rowspan="1" width="80%"/>
      </tr>
      <tr>
        <td colspan="1" rowspan="1" class="indent2" width="20%">Evidencia</td>
        <td colspan="1" rowspan="1" width="80%">SELECT</td>
      </tr>
      <tr>
        <td colspan="1" rowspan="1" class="indent2" width="20%">Other Info</td>
        <td colspan="1" rowspan="1" width="80%">The following pattern was used: \bSELECT\b and was detected in the element starting with: "          || this.nodeName == "SELECT" ", see evidence field for the suspicious comment/snippet.</td>
      </tr>
      <tr>
        <td colspan="1" rowspan="1" class="indent1" width="20%">URL</td>
        <td colspan="1" rowspan="1" width="80%">
          <a shape="rect" href="https://todo.ly/Scripts/jquery.dropshadow.js">https://todo.ly/Scripts/jquery.dropshadow.js</a>
        </td>
      </tr>
      <tr>
        <td colspan="1" rowspan="1" class="indent2" width="20%">Método</td>
        <td colspan="1" rowspan="1" width="80%">GET</td>
      </tr>
      <tr>
        <td colspan="1" rowspan="1" class="indent2" width="20%">Parámetros</td>
        <td colspan="1" rowspan="1" width="80%"/>
      </tr>
      <tr>
        <td colspan="1" rowspan="1" class="indent2" width="20%">Ataque</td>
        <td colspan="1" rowspan="1" width="80%"/>
      </tr>
      <tr>
        <td colspan="1" rowspan="1" class="indent2" width="20%">Evidencia</td>
        <td colspan="1" rowspan="1" width="80%">user</td>
      </tr>
      <tr>
        <td colspan="1" rowspan="1" class="indent2" width="20%">Other Info</td>
        <td colspan="1" rowspan="1" width="80%">The following pattern was used: \bUSER\b and was detected 3 times, the first in the element starting with: "  If you have a long piece of text and the user resizes the window so that the", see evidence field for the suspicious comment/snippet.</td>
      </tr>
      <tr>
        <td colspan="1" rowspan="1" class="indent1" width="20%">URL</td>
        <td colspan="1" rowspan="1" width="80%">
          <a shape="rect" href="https://todo.ly/Scripts/jquery.fancybox-1.3.1.pack.js">https://todo.ly/Scripts/jquery.fancybox-1.3.1.pack.js</a>
        </td>
      </tr>
      <tr>
        <td colspan="1" rowspan="1" class="indent2" width="20%">Método</td>
        <td colspan="1" rowspan="1" width="80%">GET</td>
      </tr>
      <tr>
        <td colspan="1" rowspan="1" class="indent2" width="20%">Parámetros</td>
        <td colspan="1" rowspan="1" width="80%"/>
      </tr>
      <tr>
        <td colspan="1" rowspan="1" class="indent2" width="20%">Ataque</td>
        <td colspan="1" rowspan="1" width="80%"/>
      </tr>
      <tr>
        <td colspan="1" rowspan="1" class="indent2" width="20%">Evidencia</td>
        <td colspan="1" rowspan="1" width="80%">later</td>
      </tr>
      <tr>
        <td colspan="1" rowspan="1" class="indent2" width="20%">Other Info</td>
        <td colspan="1" rowspan="1" width="80%">The following pattern was used: \bLATER\b and was detected in the element starting with: "(function(b){var m,u,x,g,D,i,z,A,B,p=0,e={},q=[],n=0,c={},j=[],E=null,s=new Image,G=/\.(jpg|gif|png|bmp|jpeg)(.*)?$/i,S=/[^\.]\.", see evidence field for the suspicious comment/snippet.</td>
      </tr>
      <tr>
        <td colspan="1" rowspan="1" class="indent1" width="20%">URL</td>
        <td colspan="1" rowspan="1" width="80%">
          <a shape="rect" href="https://todo.ly/Scripts/jquery.fancybox-1.3.1.pack.js">https://todo.ly/Scripts/jquery.fancybox-1.3.1.pack.js</a>
        </td>
      </tr>
      <tr>
        <td colspan="1" rowspan="1" class="indent2" width="20%">Método</td>
        <td colspan="1" rowspan="1" width="80%">GET</td>
      </tr>
      <tr>
        <td colspan="1" rowspan="1" class="indent2" width="20%">Parámetros</td>
        <td colspan="1" rowspan="1" width="80%"/>
      </tr>
      <tr>
        <td colspan="1" rowspan="1" class="indent2" width="20%">Ataque</td>
        <td colspan="1" rowspan="1" width="80%"/>
      </tr>
      <tr>
        <td colspan="1" rowspan="1" class="indent2" width="20%">Evidencia</td>
        <td colspan="1" rowspan="1" width="80%">select</td>
      </tr>
      <tr>
        <td colspan="1" rowspan="1" class="indent2" width="20%">Other Info</td>
        <td colspan="1" rowspan="1" width="80%">The following pattern was used: \bSELECT\b and was detected in the element starting with: "20}}else{a=K();d={width:1,height:1,top:a[3]+a[1]*0.5,left:a[2]+a[0]*0.5}}return d},N=function(){u.hide();if(g.is(":visible")&amp;&amp;b.", see evidence field for the suspicious comment/snippet.</td>
      </tr>
      <tr>
        <td colspan="1" rowspan="1" class="indent1" width="20%">URL</td>
        <td colspan="1" rowspan="1" width="80%">
          <a shape="rect" href="https://todo.ly/Scripts/jquery.popupWindow.js">https://todo.ly/Scripts/jquery.popupWindow.js</a>
        </td>
      </tr>
      <tr>
        <td colspan="1" rowspan="1" class="indent2" width="20%">Método</td>
        <td colspan="1" rowspan="1" width="80%">GET</td>
      </tr>
      <tr>
        <td colspan="1" rowspan="1" class="indent2" width="20%">Parámetros</td>
        <td colspan="1" rowspan="1" width="80%"/>
      </tr>
      <tr>
        <td colspan="1" rowspan="1" class="indent2" width="20%">Ataque</td>
        <td colspan="1" rowspan="1" width="80%"/>
      </tr>
      <tr>
        <td colspan="1" rowspan="1" class="indent2" width="20%">Evidencia</td>
        <td colspan="1" rowspan="1" width="80%">from</td>
      </tr>
      <tr>
        <td colspan="1" rowspan="1" class="indent2" width="20%">Other Info</td>
        <td colspan="1" rowspan="1" width="80%">The following pattern was used: \bFROM\b and was detected in the element starting with: "			windowName:null, // name of window set from the name attribute of the element that invokes the click", see evidence field for the suspicious comment/snippet.</td>
      </tr>
      <tr>
        <td colspan="1" rowspan="1" class="indent1" width="20%">URL</td>
        <td colspan="1" rowspan="1" width="80%">
          <a shape="rect" href="https://todo.ly/Scripts/jquery.printElement.js">https://todo.ly/Scripts/jquery.printElement.js</a>
        </td>
      </tr>
      <tr>
        <td colspan="1" rowspan="1" class="indent2" width="20%">Método</td>
        <td colspan="1" rowspan="1" width="80%">GET</td>
      </tr>
      <tr>
        <td colspan="1" rowspan="1" class="indent2" width="20%">Parámetros</td>
        <td colspan="1" rowspan="1" width="80%"/>
      </tr>
      <tr>
        <td colspan="1" rowspan="1" class="indent2" width="20%">Ataque</td>
        <td colspan="1" rowspan="1" width="80%"/>
      </tr>
      <tr>
        <td colspan="1" rowspan="1" class="indent2" width="20%">Evidencia</td>
        <td colspan="1" rowspan="1" width="80%">bug</td>
      </tr>
      <tr>
        <td colspan="1" rowspan="1" class="indent2" width="20%">Other Info</td>
        <td colspan="1" rowspan="1" width="80%">The following pattern was used: \bBUG\b and was detected 2 times, the first in the element starting with: "*  Issues (bug reporting) : http://github.com/erikzaadi/jQueryPlugins/issues/labels/printElement
", see evidence field for the suspicious comment/snippet.</td>
      </tr>
      <tr>
        <td colspan="1" rowspan="1" class="indent1" width="20%">URL</td>
        <td colspan="1" rowspan="1" width="80%">
          <a shape="rect" href="https://todo.ly/Scripts/jquery.printElement.js">https://todo.ly/Scripts/jquery.printElement.js</a>
        </td>
      </tr>
      <tr>
        <td colspan="1" rowspan="1" class="indent2" width="20%">Método</td>
        <td colspan="1" rowspan="1" width="80%">GET</td>
      </tr>
      <tr>
        <td colspan="1" rowspan="1" class="indent2" width="20%">Parámetros</td>
        <td colspan="1" rowspan="1" width="80%"/>
      </tr>
      <tr>
        <td colspan="1" rowspan="1" class="indent2" width="20%">Ataque</td>
        <td colspan="1" rowspan="1" width="80%"/>
      </tr>
      <tr>
        <td colspan="1" rowspan="1" class="indent2" width="20%">Evidencia</td>
        <td colspan="1" rowspan="1" width="80%">from</td>
      </tr>
      <tr>
        <td colspan="1" rowspan="1" class="indent2" width="20%">Other Info</td>
        <td colspan="1" rowspan="1" width="80%">The following pattern was used: \bFROM\b and was detected in the element starting with: "* http://stackoverflow.com/questions/472951/how-do-i-print-an-iframe-from-javascript-in-safari-chrome
", see evidence field for the suspicious comment/snippet.</td>
      </tr>
      <tr>
        <td colspan="1" rowspan="1" class="indent1" width="20%">URL</td>
        <td colspan="1" rowspan="1" width="80%">
          <a shape="rect" href="https://todo.ly/Scripts/jquery.printElement.js">https://todo.ly/Scripts/jquery.printElement.js</a>
        </td>
      </tr>
      <tr>
        <td colspan="1" rowspan="1" class="indent2" width="20%">Método</td>
        <td colspan="1" rowspan="1" width="80%">GET</td>
      </tr>
      <tr>
        <td colspan="1" rowspan="1" class="indent2" width="20%">Parámetros</td>
        <td colspan="1" rowspan="1" width="80%"/>
      </tr>
      <tr>
        <td colspan="1" rowspan="1" class="indent2" width="20%">Ataque</td>
        <td colspan="1" rowspan="1" width="80%"/>
      </tr>
      <tr>
        <td colspan="1" rowspan="1" class="indent2" width="20%">Evidencia</td>
        <td colspan="1" rowspan="1" width="80%">select</td>
      </tr>
      <tr>
        <td colspan="1" rowspan="1" class="indent2" width="20%">Other Info</td>
        <td colspan="1" rowspan="1" width="80%">The following pattern was used: \bSELECT\b and was detected 4 times, the first in the element starting with: "        $("select", $element).each(function ()
", see evidence field for the suspicious comment/snippet.</td>
      </tr>
      <tr>
        <td colspan="1" rowspan="1" class="indent1" width="20%">URL</td>
        <td colspan="1" rowspan="1" width="80%">
          <a shape="rect" href="https://todo.ly/Scripts/jquery.watermark.min.js">https://todo.ly/Scripts/jquery.watermark.min.js</a>
        </td>
      </tr>
      <tr>
        <td colspan="1" rowspan="1" class="indent2" width="20%">Método</td>
        <td colspan="1" rowspan="1" width="80%">GET</td>
      </tr>
      <tr>
        <td colspan="1" rowspan="1" class="indent2" width="20%">Parámetros</td>
        <td colspan="1" rowspan="1" width="80%"/>
      </tr>
      <tr>
        <td colspan="1" rowspan="1" class="indent2" width="20%">Ataque</td>
        <td colspan="1" rowspan="1" width="80%"/>
      </tr>
      <tr>
        <td colspan="1" rowspan="1" class="indent2" width="20%">Evidencia</td>
        <td colspan="1" rowspan="1" width="80%">select</td>
      </tr>
      <tr>
        <td colspan="1" rowspan="1" class="indent2" width="20%">Other Info</td>
        <td colspan="1" rowspan="1" width="80%">The following pattern was used: \bSELECT\b and was detected in the element starting with: "(function(b){var l="function",j="password",d="maxLength",f="type",c=true,a="",e=false,t="watermark",u,m=t,i="watermarkClass",q="", see evidence field for the suspicious comment/snippet.</td>
      </tr>
      <tr>
        <td colspan="1" rowspan="1" class="indent1" width="20%">URL</td>
        <td colspan="1" rowspan="1" width="80%">
          <a shape="rect" href="https://todo.ly/Scripts/json2.js">https://todo.ly/Scripts/json2.js</a>
        </td>
      </tr>
      <tr>
        <td colspan="1" rowspan="1" class="indent2" width="20%">Método</td>
        <td colspan="1" rowspan="1" width="80%">GET</td>
      </tr>
      <tr>
        <td colspan="1" rowspan="1" class="indent2" width="20%">Parámetros</td>
        <td colspan="1" rowspan="1" width="80%"/>
      </tr>
      <tr>
        <td colspan="1" rowspan="1" class="indent2" width="20%">Ataque</td>
        <td colspan="1" rowspan="1" width="80%"/>
      </tr>
      <tr>
        <td colspan="1" rowspan="1" class="indent2" width="20%">Evidencia</td>
        <td colspan="1" rowspan="1" width="80%">FROM</td>
      </tr>
      <tr>
        <td colspan="1" rowspan="1" class="indent2" width="20%">Other Info</td>
        <td colspan="1" rowspan="1" width="80%">The following pattern was used: \bFROM\b and was detected 5 times, the first in the element starting with: "    USE YOUR OWN COPY. IT IS EXTREMELY UNWISE TO LOAD CODE FROM SERVERS YOU DO", see evidence field for the suspicious comment/snippet.</td>
      </tr>
      <tr>
        <td colspan="1" rowspan="1" class="indent1" width="20%">URL</td>
        <td colspan="1" rowspan="1" width="80%">
          <a shape="rect" href="https://todo.ly/Scripts/json2.js">https://todo.ly/Scripts/json2.js</a>
        </td>
      </tr>
      <tr>
        <td colspan="1" rowspan="1" class="indent2" width="20%">Método</td>
        <td colspan="1" rowspan="1" width="80%">GET</td>
      </tr>
      <tr>
        <td colspan="1" rowspan="1" class="indent2" width="20%">Parámetros</td>
        <td colspan="1" rowspan="1" width="80%"/>
      </tr>
      <tr>
        <td colspan="1" rowspan="1" class="indent2" width="20%">Ataque</td>
        <td colspan="1" rowspan="1" width="80%"/>
      </tr>
      <tr>
        <td colspan="1" rowspan="1" class="indent2" width="20%">Evidencia</td>
        <td colspan="1" rowspan="1" width="80%">select</td>
      </tr>
      <tr>
        <td colspan="1" rowspan="1" class="indent2" width="20%">Other Info</td>
        <td colspan="1" rowspan="1" width="80%">The following pattern was used: \bSELECT\b and was detected 3 times, the first in the element starting with: "            used to select the members to be serialized. It filters the results", see evidence field for the suspicious comment/snippet.</td>
      </tr>
      <tr>
        <td colspan="1" rowspan="1" class="indent1" width="20%">URL</td>
        <td colspan="1" rowspan="1" width="80%">
          <a shape="rect" href="https://todo.ly/Scripts/nicEdit.js">https://todo.ly/Scripts/nicEdit.js</a>
        </td>
      </tr>
      <tr>
        <td colspan="1" rowspan="1" class="indent2" width="20%">Método</td>
        <td colspan="1" rowspan="1" width="80%">GET</td>
      </tr>
      <tr>
        <td colspan="1" rowspan="1" class="indent2" width="20%">Parámetros</td>
        <td colspan="1" rowspan="1" width="80%"/>
      </tr>
      <tr>
        <td colspan="1" rowspan="1" class="indent2" width="20%">Ataque</td>
        <td colspan="1" rowspan="1" width="80%"/>
      </tr>
      <tr>
        <td colspan="1" rowspan="1" class="indent2" width="20%">Evidencia</td>
        <td colspan="1" rowspan="1" width="80%">select</td>
      </tr>
      <tr>
        <td colspan="1" rowspan="1" class="indent2" width="20%">Other Info</td>
        <td colspan="1" rowspan="1" width="80%">The following pattern was used: \bSELECT\b and was detected in the element starting with: "			rng.select();
", see evidence field for the suspicious comment/snippet.</td>
      </tr>
      <tr>
        <td colspan="1" rowspan="1" class="indent1" width="20%">URL</td>
        <td colspan="1" rowspan="1" width="80%">
          <a shape="rect" href="https://todo.ly/Scripts/todoly-c11.js">https://todo.ly/Scripts/todoly-c11.js</a>
        </td>
      </tr>
      <tr>
        <td colspan="1" rowspan="1" class="indent2" width="20%">Método</td>
        <td colspan="1" rowspan="1" width="80%">GET</td>
      </tr>
      <tr>
        <td colspan="1" rowspan="1" class="indent2" width="20%">Parámetros</td>
        <td colspan="1" rowspan="1" width="80%"/>
      </tr>
      <tr>
        <td colspan="1" rowspan="1" class="indent2" width="20%">Ataque</td>
        <td colspan="1" rowspan="1" width="80%"/>
      </tr>
      <tr>
        <td colspan="1" rowspan="1" class="indent2" width="20%">Evidencia</td>
        <td colspan="1" rowspan="1" width="80%">bug</td>
      </tr>
      <tr>
        <td colspan="1" rowspan="1" class="indent2" width="20%">Other Info</td>
        <td colspan="1" rowspan="1" width="80%">The following pattern was used: \bBUG\b and was detected in the element starting with: "function GetSerializedItemList(c){return c.mainItemList};var serverUrl=document.domain,Client=new TodolyClient,currentProjectId,", see evidence field for the suspicious comment/snippet.</td>
      </tr>
      <tr>
        <td colspan="1" rowspan="1" class="indent1" width="20%">URL</td>
        <td colspan="1" rowspan="1" width="80%">
          <a shape="rect" href="https://todo.ly/Scripts/todoly-c11.js">https://todo.ly/Scripts/todoly-c11.js</a>
        </td>
      </tr>
      <tr>
        <td colspan="1" rowspan="1" class="indent2" width="20%">Método</td>
        <td colspan="1" rowspan="1" width="80%">GET</td>
      </tr>
      <tr>
        <td colspan="1" rowspan="1" class="indent2" width="20%">Parámetros</td>
        <td colspan="1" rowspan="1" width="80%"/>
      </tr>
      <tr>
        <td colspan="1" rowspan="1" class="indent2" width="20%">Ataque</td>
        <td colspan="1" rowspan="1" width="80%"/>
      </tr>
      <tr>
        <td colspan="1" rowspan="1" class="indent2" width="20%">Evidencia</td>
        <td colspan="1" rowspan="1" width="80%">from</td>
      </tr>
      <tr>
        <td colspan="1" rowspan="1" class="indent2" width="20%">Other Info</td>
        <td colspan="1" rowspan="1" width="80%">The following pattern was used: \bFROM\b and was detected in the element starting with: "c=="removeShare"){if(confirm(c=="removeShare"?"Do you really want to Remove this Shared Project?\r\n\r\nThis project will be hid", see evidence field for the suspicious comment/snippet.</td>
      </tr>
      <tr>
        <td colspan="1" rowspan="1" class="indent1" width="20%">URL</td>
        <td colspan="1" rowspan="1" width="80%">
          <a shape="rect" href="https://todo.ly/Scripts/todoly-c11.js">https://todo.ly/Scripts/todoly-c11.js</a>
        </td>
      </tr>
      <tr>
        <td colspan="1" rowspan="1" class="indent2" width="20%">Método</td>
        <td colspan="1" rowspan="1" width="80%">GET</td>
      </tr>
      <tr>
        <td colspan="1" rowspan="1" class="indent2" width="20%">Parámetros</td>
        <td colspan="1" rowspan="1" width="80%"/>
      </tr>
      <tr>
        <td colspan="1" rowspan="1" class="indent2" width="20%">Ataque</td>
        <td colspan="1" rowspan="1" width="80%"/>
      </tr>
      <tr>
        <td colspan="1" rowspan="1" class="indent2" width="20%">Evidencia</td>
        <td colspan="1" rowspan="1" width="80%">select</td>
      </tr>
      <tr>
        <td colspan="1" rowspan="1" class="indent2" width="20%">Other Info</td>
        <td colspan="1" rowspan="1" width="80%">The following pattern was used: \bSELECT\b and was detected 2 times, the first in the element starting with: "function OpenSettingsDialog(c){var e=$("#settingsDialog");currentSettingsDialog=e;settingsDialogInitialized||e.find("#settings_i", see evidence field for the suspicious comment/snippet.</td>
      </tr>
      <tr>
        <td colspan="1" rowspan="1" class="indent1" width="20%">URL</td>
        <td colspan="1" rowspan="1" width="80%">
          <a shape="rect" href="https://todo.ly/Scripts/todoly-c11.js">https://todo.ly/Scripts/todoly-c11.js</a>
        </td>
      </tr>
      <tr>
        <td colspan="1" rowspan="1" class="indent2" width="20%">Método</td>
        <td colspan="1" rowspan="1" width="80%">GET</td>
      </tr>
      <tr>
        <td colspan="1" rowspan="1" class="indent2" width="20%">Parámetros</td>
        <td colspan="1" rowspan="1" width="80%"/>
      </tr>
      <tr>
        <td colspan="1" rowspan="1" class="indent2" width="20%">Ataque</td>
        <td colspan="1" rowspan="1" width="80%"/>
      </tr>
      <tr>
        <td colspan="1" rowspan="1" class="indent2" width="20%">Evidencia</td>
        <td colspan="1" rowspan="1" width="80%">Todo</td>
      </tr>
      <tr>
        <td colspan="1" rowspan="1" class="indent2" width="20%">Other Info</td>
        <td colspan="1" rowspan="1" width="80%">The following pattern was used: \bTODO\b and was detected in the element starting with: "function PrintMainArea(){var c=$("#MainContentArea").clone(),e=$("#printFooter").clone();c.addClass("printable");c.find(".handle", see evidence field for the suspicious comment/snippet.</td>
      </tr>
      <tr>
        <td colspan="1" rowspan="1" class="indent1" width="20%">URL</td>
        <td colspan="1" rowspan="1" width="80%">
          <a shape="rect" href="https://todo.ly/Scripts/todoly-c11.js">https://todo.ly/Scripts/todoly-c11.js</a>
        </td>
      </tr>
      <tr>
        <td colspan="1" rowspan="1" class="indent2" width="20%">Método</td>
        <td colspan="1" rowspan="1" width="80%">GET</td>
      </tr>
      <tr>
        <td colspan="1" rowspan="1" class="indent2" width="20%">Parámetros</td>
        <td colspan="1" rowspan="1" width="80%"/>
      </tr>
      <tr>
        <td colspan="1" rowspan="1" class="indent2" width="20%">Ataque</td>
        <td colspan="1" rowspan="1" width="80%"/>
      </tr>
      <tr>
        <td colspan="1" rowspan="1" class="indent2" width="20%">Evidencia</td>
        <td colspan="1" rowspan="1" width="80%">User</td>
      </tr>
      <tr>
        <td colspan="1" rowspan="1" class="indent2" width="20%">Other Info</td>
        <td colspan="1" rowspan="1" width="80%">The following pattern was used: \bUSER\b and was detected 5 times, the first in the element starting with: "if(typeof String.prototype.trim!=="function")String.prototype.trim=function(){return this.replace(/^\s+|\s+$/g,"")};function Tod", see evidence field for the suspicious comment/snippet.</td>
      </tr>
      <tr>
        <td colspan="1" rowspan="1" class="indent1" width="20%">URL</td>
        <td colspan="1" rowspan="1" width="80%">
          <a shape="rect" href="https://todo.ly/Scripts/todoly-c11.js">https://todo.ly/Scripts/todoly-c11.js</a>
        </td>
      </tr>
      <tr>
        <td colspan="1" rowspan="1" class="indent2" width="20%">Método</td>
        <td colspan="1" rowspan="1" width="80%">GET</td>
      </tr>
      <tr>
        <td colspan="1" rowspan="1" class="indent2" width="20%">Parámetros</td>
        <td colspan="1" rowspan="1" width="80%"/>
      </tr>
      <tr>
        <td colspan="1" rowspan="1" class="indent2" width="20%">Ataque</td>
        <td colspan="1" rowspan="1" width="80%"/>
      </tr>
      <tr>
        <td colspan="1" rowspan="1" class="indent2" width="20%">Evidencia</td>
        <td colspan="1" rowspan="1" width="80%">UserName</td>
      </tr>
      <tr>
        <td colspan="1" rowspan="1" class="indent2" width="20%">Other Info</td>
        <td colspan="1" rowspan="1" width="80%">The following pattern was used: \bUSERNAME\b and was detected in the element starting with: "function DisplayShareList(){actualShareDialog.find("#ShareListTable &gt; tbody:last").empty();var c=actualShareDialog.ShareSettings", see evidence field for the suspicious comment/snippet.</td>
      </tr>
      <tr>
        <td colspan="1" rowspan="1" class="indent1" width="20%">URL</td>
        <td colspan="1" rowspan="1" width="80%">
          <a shape="rect" href="https://todo.ly/WebResource.axd?d=NdZLQA9U0ugIk764rCig6lJbCWyp5Dac9aZIs7GtY8ZiVf0oq-m6rKl1e78G9uN3K2ftzj7odKCDwsZv6u8HI4IZGQM1&amp;t=637110248437816177">https://todo.ly/WebResource.axd?d=NdZLQA9U0ugIk764rCig6lJbCWyp5Dac9aZIs7GtY8ZiVf0oq-m6rKl1e78G9uN3K2ftzj7odKCDwsZv6u8HI4IZGQM1&amp;t=637110248437816177</a>
        </td>
      </tr>
      <tr>
        <td colspan="1" rowspan="1" class="indent2" width="20%">Método</td>
        <td colspan="1" rowspan="1" width="80%">GET</td>
      </tr>
      <tr>
        <td colspan="1" rowspan="1" class="indent2" width="20%">Parámetros</td>
        <td colspan="1" rowspan="1" width="80%"/>
      </tr>
      <tr>
        <td colspan="1" rowspan="1" class="indent2" width="20%">Ataque</td>
        <td colspan="1" rowspan="1" width="80%"/>
      </tr>
      <tr>
        <td colspan="1" rowspan="1" class="indent2" width="20%">Evidencia</td>
        <td colspan="1" rowspan="1" width="80%">query</td>
      </tr>
      <tr>
        <td colspan="1" rowspan="1" class="indent2" width="20%">Other Info</td>
        <td colspan="1" rowspan="1" width="80%">The following pattern was used: \bQUERY\b and was detected 3 times, the first in the element starting with: "            var query = "";
", see evidence field for the suspicious comment/snippet.</td>
      </tr>
      <tr>
        <td colspan="1" rowspan="1" class="indent1" width="20%">URL</td>
        <td colspan="1" rowspan="1" width="80%">
          <a shape="rect" href="https://todo.ly/WebResource.axd?d=NdZLQA9U0ugIk764rCig6lJbCWyp5Dac9aZIs7GtY8ZiVf0oq-m6rKl1e78G9uN3K2ftzj7odKCDwsZv6u8HI4IZGQM1&amp;t=637110248437816177">https://todo.ly/WebResource.axd?d=NdZLQA9U0ugIk764rCig6lJbCWyp5Dac9aZIs7GtY8ZiVf0oq-m6rKl1e78G9uN3K2ftzj7odKCDwsZv6u8HI4IZGQM1&amp;t=637110248437816177</a>
        </td>
      </tr>
      <tr>
        <td colspan="1" rowspan="1" class="indent2" width="20%">Método</td>
        <td colspan="1" rowspan="1" width="80%">GET</td>
      </tr>
      <tr>
        <td colspan="1" rowspan="1" class="indent2" width="20%">Parámetros</td>
        <td colspan="1" rowspan="1" width="80%"/>
      </tr>
      <tr>
        <td colspan="1" rowspan="1" class="indent2" width="20%">Ataque</td>
        <td colspan="1" rowspan="1" width="80%"/>
      </tr>
      <tr>
        <td colspan="1" rowspan="1" class="indent2" width="20%">Evidencia</td>
        <td colspan="1" rowspan="1" width="80%">select</td>
      </tr>
      <tr>
        <td colspan="1" rowspan="1" class="indent2" width="20%">Other Info</td>
        <td colspan="1" rowspan="1" width="80%">The following pattern was used: \bSELECT\b and was detected in the element starting with: "        else if (tagName == "select") {
", see evidence field for the suspicious comment/snippet.</td>
      </tr>
      <tr>
        <td colspan="1" rowspan="1" class="indent1" width="20%">URL</td>
        <td colspan="1" rowspan="1" width="80%">
          <a shape="rect" href="https://www.gstatic.com/og/_/js/k=og.qtm.en_US.KZAWJ1ProoE.2019.O/rt=j/m=q_dnp,qmd,qcwid,qapid,qald,q_dg/exm=qaaw,qabr,qadd,qaid,qalo,qebr,qein,qhaw,qhawgm3,qhba,qhbr,qhbrgm3,qhch,qhchgm3,qhga,qhid,qhidgm3,qhin,qhlo,qhlogm3,qhmn,qhpc,qhsf,qhsfgm3,qhtt/d=1/ed=1/rs=AA2YrTv0taM5qVgw38gU_15kX9WFXe5TPw">https://www.gstatic.com/og/_/js/k=og.qtm.en_US.KZAWJ1ProoE.2019.O/rt=j/m=q_dnp,qmd,qcwid,qapid,qald,q_dg/exm=qaaw,qabr,qadd,qaid,qalo,qebr,qein,qhaw,qhawgm3,qhba,qhbr,qhbrgm3,qhch,qhchgm3,qhga,qhid,qhidgm3,qhin,qhlo,qhlogm3,qhmn,qhpc,qhsf,qhsfgm3,qhtt/d=1/ed=1/rs=AA2YrTv0taM5qVgw38gU_15kX9WFXe5TPw</a>
        </td>
      </tr>
      <tr>
        <td colspan="1" rowspan="1" class="indent2" width="20%">Método</td>
        <td colspan="1" rowspan="1" width="80%">GET</td>
      </tr>
      <tr>
        <td colspan="1" rowspan="1" class="indent2" width="20%">Parámetros</td>
        <td colspan="1" rowspan="1" width="80%"/>
      </tr>
      <tr>
        <td colspan="1" rowspan="1" class="indent2" width="20%">Ataque</td>
        <td colspan="1" rowspan="1" width="80%"/>
      </tr>
      <tr>
        <td colspan="1" rowspan="1" class="indent2" width="20%">Evidencia</td>
        <td colspan="1" rowspan="1" width="80%">Db</td>
      </tr>
      <tr>
        <td colspan="1" rowspan="1" class="indent2" width="20%">Other Info</td>
        <td colspan="1" rowspan="1" width="80%">The following pattern was used: \bDB\b and was detected 3 times, the first in the element starting with: "null)uD(this.Z,(k,l)=&gt;{const m=_.U("gb_q");m&amp;&amp;m&amp;&amp;(m.removeAttribute("srcset"),m.src=l);this.sendMessage("cpc",{p:k});this.dispat", see evidence field for the suspicious comment/snippet.</td>
      </tr>
      <tr>
        <td colspan="1" rowspan="1" class="indent1" width="20%">URL</td>
        <td colspan="1" rowspan="1" width="80%">
          <a shape="rect" href="https://www.gstatic.com/og/_/js/k=og.qtm.en_US.KZAWJ1ProoE.2019.O/rt=j/m=q_dnp,qmd,qcwid,qapid,qald,q_dg/exm=qaaw,qabr,qadd,qaid,qalo,qebr,qein,qhaw,qhawgm3,qhba,qhbr,qhbrgm3,qhch,qhchgm3,qhga,qhid,qhidgm3,qhin,qhlo,qhlogm3,qhmn,qhpc,qhsf,qhsfgm3,qhtt/d=1/ed=1/rs=AA2YrTv0taM5qVgw38gU_15kX9WFXe5TPw">https://www.gstatic.com/og/_/js/k=og.qtm.en_US.KZAWJ1ProoE.2019.O/rt=j/m=q_dnp,qmd,qcwid,qapid,qald,q_dg/exm=qaaw,qabr,qadd,qaid,qalo,qebr,qein,qhaw,qhawgm3,qhba,qhbr,qhbrgm3,qhch,qhchgm3,qhga,qhid,qhidgm3,qhin,qhlo,qhlogm3,qhmn,qhpc,qhsf,qhsfgm3,qhtt/d=1/ed=1/rs=AA2YrTv0taM5qVgw38gU_15kX9WFXe5TPw</a>
        </td>
      </tr>
      <tr>
        <td colspan="1" rowspan="1" class="indent2" width="20%">Método</td>
        <td colspan="1" rowspan="1" width="80%">GET</td>
      </tr>
      <tr>
        <td colspan="1" rowspan="1" class="indent2" width="20%">Parámetros</td>
        <td colspan="1" rowspan="1" width="80%"/>
      </tr>
      <tr>
        <td colspan="1" rowspan="1" class="indent2" width="20%">Ataque</td>
        <td colspan="1" rowspan="1" width="80%"/>
      </tr>
      <tr>
        <td colspan="1" rowspan="1" class="indent2" width="20%">Evidencia</td>
        <td colspan="1" rowspan="1" width="80%">from</td>
      </tr>
      <tr>
        <td colspan="1" rowspan="1" class="indent2" width="20%">Other Info</td>
        <td colspan="1" rowspan="1" width="80%">The following pattern was used: \bFROM\b and was detected 10 times, the first in the element starting with: ""function")for(const f of d.keys())c.set(f,d.get(f));else throw Error("la`"+String(d));d=Array.from(c.keys()).find(f=&gt;"content-t", see evidence field for the suspicious comment/snippet.</td>
      </tr>
      <tr>
        <td colspan="1" rowspan="1" class="indent1" width="20%">URL</td>
        <td colspan="1" rowspan="1" width="80%">
          <a shape="rect" href="https://www.gstatic.com/og/_/js/k=og.qtm.en_US.KZAWJ1ProoE.2019.O/rt=j/m=q_dnp,qmd,qcwid,qapid,qald,q_dg/exm=qaaw,qabr,qadd,qaid,qalo,qebr,qein,qhaw,qhawgm3,qhba,qhbr,qhbrgm3,qhch,qhchgm3,qhga,qhid,qhidgm3,qhin,qhlo,qhlogm3,qhmn,qhpc,qhsf,qhsfgm3,qhtt/d=1/ed=1/rs=AA2YrTv0taM5qVgw38gU_15kX9WFXe5TPw">https://www.gstatic.com/og/_/js/k=og.qtm.en_US.KZAWJ1ProoE.2019.O/rt=j/m=q_dnp,qmd,qcwid,qapid,qald,q_dg/exm=qaaw,qabr,qadd,qaid,qalo,qebr,qein,qhaw,qhawgm3,qhba,qhbr,qhbrgm3,qhch,qhchgm3,qhga,qhid,qhidgm3,qhin,qhlo,qhlogm3,qhmn,qhpc,qhsf,qhsfgm3,qhtt/d=1/ed=1/rs=AA2YrTv0taM5qVgw38gU_15kX9WFXe5TPw</a>
        </td>
      </tr>
      <tr>
        <td colspan="1" rowspan="1" class="indent2" width="20%">Método</td>
        <td colspan="1" rowspan="1" width="80%">GET</td>
      </tr>
      <tr>
        <td colspan="1" rowspan="1" class="indent2" width="20%">Parámetros</td>
        <td colspan="1" rowspan="1" width="80%"/>
      </tr>
      <tr>
        <td colspan="1" rowspan="1" class="indent2" width="20%">Ataque</td>
        <td colspan="1" rowspan="1" width="80%"/>
      </tr>
      <tr>
        <td colspan="1" rowspan="1" class="indent2" width="20%">Evidencia</td>
        <td colspan="1" rowspan="1" width="80%">query</td>
      </tr>
      <tr>
        <td colspan="1" rowspan="1" class="indent2" width="20%">Other Info</td>
        <td colspan="1" rowspan="1" width="80%">The following pattern was used: \bQUERY\b and was detected in the element starting with: "Zm()})},bn=function(a,b){_.qh.listen(a,b,void 0,void 0)},cn=function(a){var b=document.cookie.split(";");for(const c of b)if(b=c", see evidence field for the suspicious comment/snippet.</td>
      </tr>
      <tr>
        <td colspan="1" rowspan="1" class="indent1" width="20%">URL</td>
        <td colspan="1" rowspan="1" width="80%">
          <a shape="rect" href="https://www.gstatic.com/og/_/js/k=og.qtm.en_US.KZAWJ1ProoE.2019.O/rt=j/m=q_dnp,qmd,qcwid,qapid,qald,q_dg/exm=qaaw,qabr,qadd,qaid,qalo,qebr,qein,qhaw,qhawgm3,qhba,qhbr,qhbrgm3,qhch,qhchgm3,qhga,qhid,qhidgm3,qhin,qhlo,qhlogm3,qhmn,qhpc,qhsf,qhsfgm3,qhtt/d=1/ed=1/rs=AA2YrTv0taM5qVgw38gU_15kX9WFXe5TPw">https://www.gstatic.com/og/_/js/k=og.qtm.en_US.KZAWJ1ProoE.2019.O/rt=j/m=q_dnp,qmd,qcwid,qapid,qald,q_dg/exm=qaaw,qabr,qadd,qaid,qalo,qebr,qein,qhaw,qhawgm3,qhba,qhbr,qhbrgm3,qhch,qhchgm3,qhga,qhid,qhidgm3,qhin,qhlo,qhlogm3,qhmn,qhpc,qhsf,qhsfgm3,qhtt/d=1/ed=1/rs=AA2YrTv0taM5qVgw38gU_15kX9WFXe5TPw</a>
        </td>
      </tr>
      <tr>
        <td colspan="1" rowspan="1" class="indent2" width="20%">Método</td>
        <td colspan="1" rowspan="1" width="80%">GET</td>
      </tr>
      <tr>
        <td colspan="1" rowspan="1" class="indent2" width="20%">Parámetros</td>
        <td colspan="1" rowspan="1" width="80%"/>
      </tr>
      <tr>
        <td colspan="1" rowspan="1" class="indent2" width="20%">Ataque</td>
        <td colspan="1" rowspan="1" width="80%"/>
      </tr>
      <tr>
        <td colspan="1" rowspan="1" class="indent2" width="20%">Evidencia</td>
        <td colspan="1" rowspan="1" width="80%">SELECT</td>
      </tr>
      <tr>
        <td colspan="1" rowspan="1" class="indent2" width="20%">Other Info</td>
        <td colspan="1" rowspan="1" width="80%">The following pattern was used: \bSELECT\b and was detected in the element starting with: "'"&gt;&lt;/head&gt;&lt;body&gt;&lt;iframe id="'+c+'" name="'+c+'"&gt;&lt;/iframe&gt;')):(c=yC(b),c=_.Ol('&lt;body&gt;&lt;iframe id="'+c+'" name="'+c+'"&gt;&lt;/iframe&gt;'))", see evidence field for the suspicious comment/snippet.</td>
      </tr>
      <tr>
        <td colspan="1" rowspan="1" class="indent1" width="20%">URL</td>
        <td colspan="1" rowspan="1" width="80%">
          <a shape="rect" href="https://www.gstatic.com/og/_/js/k=og.qtm.en_US.KZAWJ1ProoE.2019.O/rt=j/m=q_dnp,qmd,qcwid,qapid,qald,q_dg/exm=qaaw,qabr,qadd,qaid,qalo,qebr,qein,qhaw,qhawgm3,qhba,qhbr,qhbrgm3,qhch,qhchgm3,qhga,qhid,qhidgm3,qhin,qhlo,qhlogm3,qhmn,qhpc,qhsf,qhsfgm3,qhtt/d=1/ed=1/rs=AA2YrTv0taM5qVgw38gU_15kX9WFXe5TPw">https://www.gstatic.com/og/_/js/k=og.qtm.en_US.KZAWJ1ProoE.2019.O/rt=j/m=q_dnp,qmd,qcwid,qapid,qald,q_dg/exm=qaaw,qabr,qadd,qaid,qalo,qebr,qein,qhaw,qhawgm3,qhba,qhbr,qhbrgm3,qhch,qhchgm3,qhga,qhid,qhidgm3,qhin,qhlo,qhlogm3,qhmn,qhpc,qhsf,qhsfgm3,qhtt/d=1/ed=1/rs=AA2YrTv0taM5qVgw38gU_15kX9WFXe5TPw</a>
        </td>
      </tr>
      <tr>
        <td colspan="1" rowspan="1" class="indent2" width="20%">Método</td>
        <td colspan="1" rowspan="1" width="80%">GET</td>
      </tr>
      <tr>
        <td colspan="1" rowspan="1" class="indent2" width="20%">Parámetros</td>
        <td colspan="1" rowspan="1" width="80%"/>
      </tr>
      <tr>
        <td colspan="1" rowspan="1" class="indent2" width="20%">Ataque</td>
        <td colspan="1" rowspan="1" width="80%"/>
      </tr>
      <tr>
        <td colspan="1" rowspan="1" class="indent2" width="20%">Evidencia</td>
        <td colspan="1" rowspan="1" width="80%">User</td>
      </tr>
      <tr>
        <td colspan="1" rowspan="1" class="indent2" width="20%">Other Info</td>
        <td colspan="1" rowspan="1" width="80%">The following pattern was used: \bUSER\b and was detected 2 times, the first in the element starting with: "Qt=function(a,b,c){const d=b.j,e=b.getMetadata();var f=a.o&amp;&amp;!1;f=a.i||f?new _.sl(new Jt({Mh:a.i,Fh:f})):new _.sl;c+=d.getName();", see evidence field for the suspicious comment/snippet.</td>
      </tr>
      <tr>
        <td colspan="1" rowspan="1" class="indent1" width="20%">URL</td>
        <td colspan="1" rowspan="1" width="80%">
          <a shape="rect" href="https://www.gstatic.com/og/_/js/k=og.qtm.en_US.KZAWJ1ProoE.2019.O/rt=j/m=q_dnp,qmd,qcwid,qapid,qald,q_dg/exm=qaaw,qabr,qadd,qaid,qalo,qebr,qein,qhaw,qhawgm3,qhba,qhbr,qhbrgm3,qhch,qhchgm3,qhga,qhid,qhidgm3,qhin,qhlo,qhlogm3,qhmn,qhpc,qhsf,qhsfgm3,qhtt/d=1/ed=1/rs=AA2YrTv0taM5qVgw38gU_15kX9WFXe5TPw">https://www.gstatic.com/og/_/js/k=og.qtm.en_US.KZAWJ1ProoE.2019.O/rt=j/m=q_dnp,qmd,qcwid,qapid,qald,q_dg/exm=qaaw,qabr,qadd,qaid,qalo,qebr,qein,qhaw,qhawgm3,qhba,qhbr,qhbrgm3,qhch,qhchgm3,qhga,qhid,qhidgm3,qhin,qhlo,qhlogm3,qhmn,qhpc,qhsf,qhsfgm3,qhtt/d=1/ed=1/rs=AA2YrTv0taM5qVgw38gU_15kX9WFXe5TPw</a>
        </td>
      </tr>
      <tr>
        <td colspan="1" rowspan="1" class="indent2" width="20%">Método</td>
        <td colspan="1" rowspan="1" width="80%">GET</td>
      </tr>
      <tr>
        <td colspan="1" rowspan="1" class="indent2" width="20%">Parámetros</td>
        <td colspan="1" rowspan="1" width="80%"/>
      </tr>
      <tr>
        <td colspan="1" rowspan="1" class="indent2" width="20%">Ataque</td>
        <td colspan="1" rowspan="1" width="80%"/>
      </tr>
      <tr>
        <td colspan="1" rowspan="1" class="indent2" width="20%">Evidencia</td>
        <td colspan="1" rowspan="1" width="80%">username</td>
      </tr>
      <tr>
        <td colspan="1" rowspan="1" class="indent2" width="20%">Other Info</td>
        <td colspan="1" rowspan="1" width="80%">The following pattern was used: \bUSERNAME\b and was detected 4 times, the first in the element starting with: "QC=function(a){const b=_.ye("A");let c;try{_.ph(b,new _.Nd(a)),c=b.protocol}catch(e){throw Error("ya`"+a);}if(c===""||c===":"||c", see evidence field for the suspicious comment/snippet.</td>
      </tr>
      <tr>
        <td colspan="1" rowspan="1" class="indent1" width="20%">URL</td>
        <td colspan="1" rowspan="1" width="80%">
          <a shape="rect" href="https://todo.ly/">https://todo.ly/</a>
        </td>
      </tr>
      <tr>
        <td colspan="1" rowspan="1" class="indent2" width="20%">Método</td>
        <td colspan="1" rowspan="1" width="80%">GET</td>
      </tr>
      <tr>
        <td colspan="1" rowspan="1" class="indent2" width="20%">Parámetros</td>
        <td colspan="1" rowspan="1" width="80%"/>
      </tr>
      <tr>
        <td colspan="1" rowspan="1" class="indent2" width="20%">Ataque</td>
        <td colspan="1" rowspan="1" width="80%"/>
      </tr>
      <tr>
        <td colspan="1" rowspan="1" class="indent2" width="20%">Evidencia</td>
        <td colspan="1" rowspan="1" width="80%">todo</td>
      </tr>
      <tr>
        <td colspan="1" rowspan="1" class="indent2" width="20%">Other Info</td>
        <td colspan="1" rowspan="1" width="80%">The following pattern was used: \bTODO\b and was detected in the element starting with: "&lt;!--    &lt;tr&gt;
                        &lt;td colspan="2"&gt;&lt;div class="DialogText DialogTextSeparator"&gt;Linked Accounts&lt;/div&gt;&lt;/td&gt;    ", see evidence field for the suspicious comment/snippet.</td>
      </tr>
      <tr>
        <td colspan="1" rowspan="1" width="20%">Instancia</td>
        <td colspan="1" rowspan="1" width="80%">52</td>
      </tr>
      <tr>
        <td colspan="1" rowspan="1" width="20%">Solución</td>
        <td colspan="1" rowspan="1" width="80%">
          <div>Eliminar todos los comentarios que devuelvan información que podría ayudar a un atacante y arreglar cualquier problema subyacente al que se refieran.</div>
        </td>
      </tr>
      <tr>
        <td colspan="1" rowspan="1" width="20%">Referencia</td>
        <td colspan="1" rowspan="1" width="80%"/>
      </tr>
      <tr>
        <td colspan="1" rowspan="1" width="20%">CWE Id</td>
        <td colspan="1" rowspan="1" width="80%">
          <a shape="rect" href="https://cwe.mitre.org/data/definitions/200.html">200</a>
        </td>
      </tr>
      <tr>
        <td colspan="1" rowspan="1" width="20%">WASC Id</td>
        <td colspan="1" rowspan="1" width="80%">13</td>
      </tr>
      <tr>
        <td colspan="1" rowspan="1" width="20%">Plugin Id</td>
        <td colspan="1" rowspan="1" width="80%">
          <a shape="rect" href="https://www.zaproxy.org/docs/alerts/10027/">10027</a>
        </td>
      </tr>
    </table>
    <div class="spacer"/>
    <table class="results">
      <tr height="24">
        <th colspan="1" rowspan="1" class="risk-0" width="20%">
          <a shape="rect" id="10109"/>
          <div>Informativo</div>
        </th>
        <th colspan="1" rowspan="1" class="risk-0">Modern Web Application</th>
      </tr>
      <tr>
        <td colspan="1" rowspan="1" width="20%">Descripción</td>
        <td colspan="1" rowspan="1" width="80%">
          <div>The application appears to be a modern web application. If you need to explore it automatically then the Ajax Spider may well be more effective than the standard one.</div>
        </td>
      </tr>
      <tr valign="top">
        <td colspan="2" rowspan="1"/>
      </tr>
      <tr>
        <td colspan="1" rowspan="1" class="indent1" width="20%">URL</td>
        <td colspan="1" rowspan="1" width="80%">
          <a shape="rect" href="https://demo.owasp-juice.shop/">https://demo.owasp-juice.shop/</a>
        </td>
      </tr>
      <tr>
        <td colspan="1" rowspan="1" class="indent2" width="20%">Método</td>
        <td colspan="1" rowspan="1" width="80%">GET</td>
      </tr>
      <tr>
        <td colspan="1" rowspan="1" class="indent2" width="20%">Parámetros</td>
        <td colspan="1" rowspan="1" width="80%"/>
      </tr>
      <tr>
        <td colspan="1" rowspan="1" class="indent2" width="20%">Ataque</td>
        <td colspan="1" rowspan="1" width="80%"/>
      </tr>
      <tr>
        <td colspan="1" rowspan="1" class="indent2" width="20%">Evidencia</td>
        <td colspan="1" rowspan="1" width="80%">&lt;script src="//cdnjs.cloudflare.com/ajax/libs/cookieconsent2/3.1.0/cookieconsent.min.js"&gt;&lt;/script&gt;</td>
      </tr>
      <tr>
        <td colspan="1" rowspan="1" class="indent2" width="20%">Other Info</td>
        <td colspan="1" rowspan="1" width="80%">No links have been found while there are scripts, which is an indication that this is a modern web application.</td>
      </tr>
      <tr>
        <td colspan="1" rowspan="1" width="20%">Instancia</td>
        <td colspan="1" rowspan="1" width="80%">1</td>
      </tr>
      <tr>
        <td colspan="1" rowspan="1" width="20%">Solución</td>
        <td colspan="1" rowspan="1" width="80%">
          <div>This is an informational alert and so no changes are required.</div>
        </td>
      </tr>
      <tr>
        <td colspan="1" rowspan="1" width="20%">Referencia</td>
        <td colspan="1" rowspan="1" width="80%"/>
      </tr>
      <tr>
        <td colspan="1" rowspan="1" width="20%">CWE Id</td>
        <td colspan="1" rowspan="1" width="80%"/>
      </tr>
      <tr>
        <td colspan="1" rowspan="1" width="20%">WASC Id</td>
        <td colspan="1" rowspan="1" width="80%"/>
      </tr>
      <tr>
        <td colspan="1" rowspan="1" width="20%">Plugin Id</td>
        <td colspan="1" rowspan="1" width="80%">
          <a shape="rect" href="https://www.zaproxy.org/docs/alerts/10109/">10109</a>
        </td>
      </tr>
    </table>
    <div class="spacer"/>
    <table class="results">
      <tr height="24">
        <th colspan="1" rowspan="1" class="risk-0" width="20%">
          <a shape="rect" id="10111"/>
          <div>Informativo</div>
        </th>
        <th colspan="1" rowspan="1" class="risk-0">Petición de Autenticación Identificada</th>
      </tr>
      <tr>
        <td colspan="1" rowspan="1" width="20%">Descripción</td>
        <td colspan="1" rowspan="1" width="80%">
          <div>La petición en cuestión se ha identificado como una petición de autenticación. El campo "Otra información" contiene un conjunto de líneas key=vvalue que identifican cualquier campo relevante. Si la solicitud está en un contexto que tiene un método de autenticación configurado como "Detección automática", esta regla cambiará la autenticación para que coincida con la petición identificada.</div>
        </td>
      </tr>
      <tr valign="top">
        <td colspan="2" rowspan="1"/>
      </tr>
      <tr>
        <td colspan="1" rowspan="1" class="indent1" width="20%">URL</td>
        <td colspan="1" rowspan="1" width="80%">
          <a shape="rect" href="https://todo.ly/">https://todo.ly/</a>
        </td>
      </tr>
      <tr>
        <td colspan="1" rowspan="1" class="indent2" width="20%">Método</td>
        <td colspan="1" rowspan="1" width="80%">POST</td>
      </tr>
      <tr>
        <td colspan="1" rowspan="1" class="indent2" width="20%">Parámetros</td>
        <td colspan="1" rowspan="1" width="80%">ctl00$MainContent$LoginControl1$ButtonLogin.x</td>
      </tr>
      <tr>
        <td colspan="1" rowspan="1" class="indent2" width="20%">Ataque</td>
        <td colspan="1" rowspan="1" width="80%"/>
      </tr>
      <tr>
        <td colspan="1" rowspan="1" class="indent2" width="20%">Evidencia</td>
        <td colspan="1" rowspan="1" width="80%">ctl00$MainContent$LoginControl1$TextBoxForgotPwdEmail</td>
      </tr>
      <tr>
        <td colspan="1" rowspan="1" class="indent2" width="20%">Other Info</td>
        <td colspan="1" rowspan="1" width="80%">userParam=ctl00$MainContent$LoginControl1$ButtonLogin.x
userValue=46
passwordParam=ctl00$MainContent$LoginControl1$TextBoxForgotPwdEmail
referer=https://todo.ly/</td>
      </tr>
      <tr>
        <td colspan="1" rowspan="1" class="indent1" width="20%">URL</td>
        <td colspan="1" rowspan="1" width="80%">
          <a shape="rect" href="https://demo.owasp-juice.shop/rest/user/login">https://demo.owasp-juice.shop/rest/user/login</a>
        </td>
      </tr>
      <tr>
        <td colspan="1" rowspan="1" class="indent2" width="20%">Método</td>
        <td colspan="1" rowspan="1" width="80%">POST</td>
      </tr>
      <tr>
        <td colspan="1" rowspan="1" class="indent2" width="20%">Parámetros</td>
        <td colspan="1" rowspan="1" width="80%">email</td>
      </tr>
      <tr>
        <td colspan="1" rowspan="1" class="indent2" width="20%">Ataque</td>
        <td colspan="1" rowspan="1" width="80%"/>
      </tr>
      <tr>
        <td colspan="1" rowspan="1" class="indent2" width="20%">Evidencia</td>
        <td colspan="1" rowspan="1" width="80%">password</td>
      </tr>
      <tr>
        <td colspan="1" rowspan="1" class="indent2" width="20%">Other Info</td>
        <td colspan="1" rowspan="1" width="80%">userParam=email
userValue=jquispe3600@gmail.com
passwordParam=password
referer=https://demo.owasp-juice.shop/</td>
      </tr>
      <tr>
        <td colspan="1" rowspan="1" width="20%">Instancia</td>
        <td colspan="1" rowspan="1" width="80%">2</td>
      </tr>
      <tr>
        <td colspan="1" rowspan="1" width="20%">Solución</td>
        <td colspan="1" rowspan="1" width="80%">
          <div>Se trata de una alerta informativa y no de una vulnerabilidad, por lo que no hay nada que corregir.</div>
        </td>
      </tr>
      <tr>
        <td colspan="1" rowspan="1" width="20%">Referencia</td>
        <td colspan="1" rowspan="1" width="80%">
          <a shape="rect" href="https://www.zaproxy.org/docs/desktop/addons/authentication-helper/auth-req-id/">https://www.zaproxy.org/docs/desktop/addons/authentication-helper/auth-req-id/</a>
        </td>
      </tr>
      <tr>
        <td colspan="1" rowspan="1" width="20%">CWE Id</td>
        <td colspan="1" rowspan="1" width="80%"/>
      </tr>
      <tr>
        <td colspan="1" rowspan="1" width="20%">WASC Id</td>
        <td colspan="1" rowspan="1" width="80%"/>
      </tr>
      <tr>
        <td colspan="1" rowspan="1" width="20%">Plugin Id</td>
        <td colspan="1" rowspan="1" width="80%">
          <a shape="rect" href="https://www.zaproxy.org/docs/alerts/10111/">10111</a>
        </td>
      </tr>
    </table>
    <div class="spacer"/>
    <table class="results">
      <tr height="24">
        <th colspan="1" rowspan="1" class="risk-0" width="20%">
          <a shape="rect" id="10015"/>
          <div>Informativo</div>
        </th>
        <th colspan="1" rowspan="1" class="risk-0">Re-examine Cache-control Directives</th>
      </tr>
      <tr>
        <td colspan="1" rowspan="1" width="20%">Descripción</td>
        <td colspan="1" rowspan="1" width="80%">
          <div>The cache-control header has not been set properly or is missing, allowing the browser and proxies to cache content. For static assets like css, js, or image files this might be intended, however, the resources should be reviewed to ensure that no sensitive content will be cached.</div>
        </td>
      </tr>
      <tr valign="top">
        <td colspan="2" rowspan="1"/>
      </tr>
      <tr>
        <td colspan="1" rowspan="1" class="indent1" width="20%">URL</td>
        <td colspan="1" rowspan="1" width="80%">
          <a shape="rect" href="https://content-autofill.googleapis.com/v1/pages/ChVDaHJvbWUvMTI3LjAuNjUzMy4xMjASgAIJqTwShnxUy0ISBQ0f0RUvEgUNYWlUehIFDeEyOwgSBQ2t-SAyEgUNJ0dDlxIFDYncIOESBQ0-ysNCEgUN3_y6BRIFDXnoulQSBQ3PvpdZEgUNz76XWRIFDT2P1oUSBQ3XLid0EgUNMhIb9RIFDaL4NeESBQ3QWCsDEgUNuA5qFRIFDWgVbAISBQ3xUXmYEgUNw6OQzBIFDe9caEASBQ02c-MoEgUNyc6KkBIFDafCnB0SBQ2-wPLlEgUN5gYdBhIFDXefR1ESBQ0PElRCEgUNknGQZhIFDa35IDISBQ0nR0OXEgUNidwg4RIFDT7Kw0ISBQ3f_LoFIfvtMiynQFHb?alt=proto">https://content-autofill.googleapis.com/v1/pages/ChVDaHJvbWUvMTI3LjAuNjUzMy4xMjASgAIJqTwShnxUy0ISBQ0f0RUvEgUNYWlUehIFDeEyOwgSBQ2t-SAyEgUNJ0dDlxIFDYncIOESBQ0-ysNCEgUN3_y6BRIFDXnoulQSBQ3PvpdZEgUNz76XWRIFDT2P1oUSBQ3XLid0EgUNMhIb9RIFDaL4NeESBQ3QWCsDEgUNuA5qFRIFDWgVbAISBQ3xUXmYEgUNw6OQzBIFDe9caEASBQ02c-MoEgUNyc6KkBIFDafCnB0SBQ2-wPLlEgUN5gYdBhIFDXefR1ESBQ0PElRCEgUNknGQZhIFDa35IDISBQ0nR0OXEgUNidwg4RIFDT7Kw0ISBQ3f_LoFIfvtMiynQFHb?alt=proto</a>
        </td>
      </tr>
      <tr>
        <td colspan="1" rowspan="1" class="indent2" width="20%">Método</td>
        <td colspan="1" rowspan="1" width="80%">GET</td>
      </tr>
      <tr>
        <td colspan="1" rowspan="1" class="indent2" width="20%">Parámetros</td>
        <td colspan="1" rowspan="1" width="80%">cache-control</td>
      </tr>
      <tr>
        <td colspan="1" rowspan="1" class="indent2" width="20%">Ataque</td>
        <td colspan="1" rowspan="1" width="80%"/>
      </tr>
      <tr>
        <td colspan="1" rowspan="1" class="indent2" width="20%">Evidencia</td>
        <td colspan="1" rowspan="1" width="80%">private,max-age=604800</td>
      </tr>
      <tr>
        <td colspan="1" rowspan="1" class="indent2" width="20%">Other Info</td>
        <td colspan="1" rowspan="1" width="80%"/>
      </tr>
      <tr>
        <td colspan="1" rowspan="1" class="indent1" width="20%">URL</td>
        <td colspan="1" rowspan="1" width="80%">
          <a shape="rect" href="https://content-autofill.googleapis.com/v1/pages/ChVDaHJvbWUvMTI3LjAuNjUzMy4xMjASGQlwg3VficA7dhIFDRUXmhEhuS2cPhi__HM=?alt=proto">https://content-autofill.googleapis.com/v1/pages/ChVDaHJvbWUvMTI3LjAuNjUzMy4xMjASGQlwg3VficA7dhIFDRUXmhEhuS2cPhi__HM=?alt=proto</a>
        </td>
      </tr>
      <tr>
        <td colspan="1" rowspan="1" class="indent2" width="20%">Método</td>
        <td colspan="1" rowspan="1" width="80%">GET</td>
      </tr>
      <tr>
        <td colspan="1" rowspan="1" class="indent2" width="20%">Parámetros</td>
        <td colspan="1" rowspan="1" width="80%">cache-control</td>
      </tr>
      <tr>
        <td colspan="1" rowspan="1" class="indent2" width="20%">Ataque</td>
        <td colspan="1" rowspan="1" width="80%"/>
      </tr>
      <tr>
        <td colspan="1" rowspan="1" class="indent2" width="20%">Evidencia</td>
        <td colspan="1" rowspan="1" width="80%">private,max-age=604800</td>
      </tr>
      <tr>
        <td colspan="1" rowspan="1" class="indent2" width="20%">Other Info</td>
        <td colspan="1" rowspan="1" width="80%"/>
      </tr>
      <tr>
        <td colspan="1" rowspan="1" class="indent1" width="20%">URL</td>
        <td colspan="1" rowspan="1" width="80%">
          <a shape="rect" href="https://content-autofill.googleapis.com/v1/pages/ChVDaHJvbWUvMTI3LjAuNjUzMy4xMjASJwm_5X8ffWZ9yxIFDRUXmhESBQ14bxIZEgUNzkFMeiFQtZ6vbYBwmQ==?alt=proto">https://content-autofill.googleapis.com/v1/pages/ChVDaHJvbWUvMTI3LjAuNjUzMy4xMjASJwm_5X8ffWZ9yxIFDRUXmhESBQ14bxIZEgUNzkFMeiFQtZ6vbYBwmQ==?alt=proto</a>
        </td>
      </tr>
      <tr>
        <td colspan="1" rowspan="1" class="indent2" width="20%">Método</td>
        <td colspan="1" rowspan="1" width="80%">GET</td>
      </tr>
      <tr>
        <td colspan="1" rowspan="1" class="indent2" width="20%">Parámetros</td>
        <td colspan="1" rowspan="1" width="80%">cache-control</td>
      </tr>
      <tr>
        <td colspan="1" rowspan="1" class="indent2" width="20%">Ataque</td>
        <td colspan="1" rowspan="1" width="80%"/>
      </tr>
      <tr>
        <td colspan="1" rowspan="1" class="indent2" width="20%">Evidencia</td>
        <td colspan="1" rowspan="1" width="80%">private,max-age=604800</td>
      </tr>
      <tr>
        <td colspan="1" rowspan="1" class="indent2" width="20%">Other Info</td>
        <td colspan="1" rowspan="1" width="80%"/>
      </tr>
      <tr>
        <td colspan="1" rowspan="1" class="indent1" width="20%">URL</td>
        <td colspan="1" rowspan="1" width="80%">
          <a shape="rect" href="https://content-autofill.googleapis.com/v1/pages/ChVDaHJvbWUvMTI3LjAuNjUzMy4xMjASJwmACpfKj2gb5RIFDTLL4zMSBQ2I8UY2EgUNlDrGmiHo6b9RtoR18w==?alt=proto">https://content-autofill.googleapis.com/v1/pages/ChVDaHJvbWUvMTI3LjAuNjUzMy4xMjASJwmACpfKj2gb5RIFDTLL4zMSBQ2I8UY2EgUNlDrGmiHo6b9RtoR18w==?alt=proto</a>
        </td>
      </tr>
      <tr>
        <td colspan="1" rowspan="1" class="indent2" width="20%">Método</td>
        <td colspan="1" rowspan="1" width="80%">GET</td>
      </tr>
      <tr>
        <td colspan="1" rowspan="1" class="indent2" width="20%">Parámetros</td>
        <td colspan="1" rowspan="1" width="80%">cache-control</td>
      </tr>
      <tr>
        <td colspan="1" rowspan="1" class="indent2" width="20%">Ataque</td>
        <td colspan="1" rowspan="1" width="80%"/>
      </tr>
      <tr>
        <td colspan="1" rowspan="1" class="indent2" width="20%">Evidencia</td>
        <td colspan="1" rowspan="1" width="80%">private,max-age=604800</td>
      </tr>
      <tr>
        <td colspan="1" rowspan="1" class="indent2" width="20%">Other Info</td>
        <td colspan="1" rowspan="1" width="80%"/>
      </tr>
      <tr>
        <td colspan="1" rowspan="1" class="indent1" width="20%">URL</td>
        <td colspan="1" rowspan="1" width="80%">
          <a shape="rect" href="https://content-autofill.googleapis.com/v1/pages/ChVDaHJvbWUvMTI3LjAuNjUzMy4xMjASQwmxc9K-cVpPAhIFDZ1lDiMSBQ1lJ33XEgUNKzqwXxIFDeRyd10SBQ3QHmIAEgUNJ8RzWhIFDUinsSwhRkwawMH21fk=?alt=proto">https://content-autofill.googleapis.com/v1/pages/ChVDaHJvbWUvMTI3LjAuNjUzMy4xMjASQwmxc9K-cVpPAhIFDZ1lDiMSBQ1lJ33XEgUNKzqwXxIFDeRyd10SBQ3QHmIAEgUNJ8RzWhIFDUinsSwhRkwawMH21fk=?alt=proto</a>
        </td>
      </tr>
      <tr>
        <td colspan="1" rowspan="1" class="indent2" width="20%">Método</td>
        <td colspan="1" rowspan="1" width="80%">GET</td>
      </tr>
      <tr>
        <td colspan="1" rowspan="1" class="indent2" width="20%">Parámetros</td>
        <td colspan="1" rowspan="1" width="80%">cache-control</td>
      </tr>
      <tr>
        <td colspan="1" rowspan="1" class="indent2" width="20%">Ataque</td>
        <td colspan="1" rowspan="1" width="80%"/>
      </tr>
      <tr>
        <td colspan="1" rowspan="1" class="indent2" width="20%">Evidencia</td>
        <td colspan="1" rowspan="1" width="80%">private,max-age=604800</td>
      </tr>
      <tr>
        <td colspan="1" rowspan="1" class="indent2" width="20%">Other Info</td>
        <td colspan="1" rowspan="1" width="80%"/>
      </tr>
      <tr>
        <td colspan="1" rowspan="1" class="indent1" width="20%">URL</td>
        <td colspan="1" rowspan="1" width="80%">
          <a shape="rect" href="https://content-autofill.googleapis.com/v1/pages/ChVDaHJvbWUvMTI3LjAuNjUzMy4xMjASWAlzr6yhB-PlBxIFDTLL4zMSBQ3TcXj_EgUNiPFGNhIFDQ5LEYESBQ1N1K5eEgUNPgJvaRIFDb2inIMSBQ0ubPNoEgUNQ6g0ahIFDaCEQL8hjGdJfo1XY0A=?alt=proto">https://content-autofill.googleapis.com/v1/pages/ChVDaHJvbWUvMTI3LjAuNjUzMy4xMjASWAlzr6yhB-PlBxIFDTLL4zMSBQ3TcXj_EgUNiPFGNhIFDQ5LEYESBQ1N1K5eEgUNPgJvaRIFDb2inIMSBQ0ubPNoEgUNQ6g0ahIFDaCEQL8hjGdJfo1XY0A=?alt=proto</a>
        </td>
      </tr>
      <tr>
        <td colspan="1" rowspan="1" class="indent2" width="20%">Método</td>
        <td colspan="1" rowspan="1" width="80%">GET</td>
      </tr>
      <tr>
        <td colspan="1" rowspan="1" class="indent2" width="20%">Parámetros</td>
        <td colspan="1" rowspan="1" width="80%">cache-control</td>
      </tr>
      <tr>
        <td colspan="1" rowspan="1" class="indent2" width="20%">Ataque</td>
        <td colspan="1" rowspan="1" width="80%"/>
      </tr>
      <tr>
        <td colspan="1" rowspan="1" class="indent2" width="20%">Evidencia</td>
        <td colspan="1" rowspan="1" width="80%">private,max-age=604800</td>
      </tr>
      <tr>
        <td colspan="1" rowspan="1" class="indent2" width="20%">Other Info</td>
        <td colspan="1" rowspan="1" width="80%"/>
      </tr>
      <tr>
        <td colspan="1" rowspan="1" class="indent1" width="20%">URL</td>
        <td colspan="1" rowspan="1" width="80%">
          <a shape="rect" href="https://demo.owasp-juice.shop/">https://demo.owasp-juice.shop/</a>
        </td>
      </tr>
      <tr>
        <td colspan="1" rowspan="1" class="indent2" width="20%">Método</td>
        <td colspan="1" rowspan="1" width="80%">GET</td>
      </tr>
      <tr>
        <td colspan="1" rowspan="1" class="indent2" width="20%">Parámetros</td>
        <td colspan="1" rowspan="1" width="80%">cache-control</td>
      </tr>
      <tr>
        <td colspan="1" rowspan="1" class="indent2" width="20%">Ataque</td>
        <td colspan="1" rowspan="1" width="80%"/>
      </tr>
      <tr>
        <td colspan="1" rowspan="1" class="indent2" width="20%">Evidencia</td>
        <td colspan="1" rowspan="1" width="80%">public, max-age=0</td>
      </tr>
      <tr>
        <td colspan="1" rowspan="1" class="indent2" width="20%">Other Info</td>
        <td colspan="1" rowspan="1" width="80%"/>
      </tr>
      <tr>
        <td colspan="1" rowspan="1" class="indent1" width="20%">URL</td>
        <td colspan="1" rowspan="1" width="80%">
          <a shape="rect" href="https://demo.owasp-juice.shop/api/Challenges/?name=Score%20Board">https://demo.owasp-juice.shop/api/Challenges/?name=Score%20Board</a>
        </td>
      </tr>
      <tr>
        <td colspan="1" rowspan="1" class="indent2" width="20%">Método</td>
        <td colspan="1" rowspan="1" width="80%">GET</td>
      </tr>
      <tr>
        <td colspan="1" rowspan="1" class="indent2" width="20%">Parámetros</td>
        <td colspan="1" rowspan="1" width="80%">cache-control</td>
      </tr>
      <tr>
        <td colspan="1" rowspan="1" class="indent2" width="20%">Ataque</td>
        <td colspan="1" rowspan="1" width="80%"/>
      </tr>
      <tr>
        <td colspan="1" rowspan="1" class="indent2" width="20%">Evidencia</td>
        <td colspan="1" rowspan="1" width="80%"/>
      </tr>
      <tr>
        <td colspan="1" rowspan="1" class="indent2" width="20%">Other Info</td>
        <td colspan="1" rowspan="1" width="80%"/>
      </tr>
      <tr>
        <td colspan="1" rowspan="1" class="indent1" width="20%">URL</td>
        <td colspan="1" rowspan="1" width="80%">
          <a shape="rect" href="https://demo.owasp-juice.shop/api/Quantitys/">https://demo.owasp-juice.shop/api/Quantitys/</a>
        </td>
      </tr>
      <tr>
        <td colspan="1" rowspan="1" class="indent2" width="20%">Método</td>
        <td colspan="1" rowspan="1" width="80%">GET</td>
      </tr>
      <tr>
        <td colspan="1" rowspan="1" class="indent2" width="20%">Parámetros</td>
        <td colspan="1" rowspan="1" width="80%">cache-control</td>
      </tr>
      <tr>
        <td colspan="1" rowspan="1" class="indent2" width="20%">Ataque</td>
        <td colspan="1" rowspan="1" width="80%"/>
      </tr>
      <tr>
        <td colspan="1" rowspan="1" class="indent2" width="20%">Evidencia</td>
        <td colspan="1" rowspan="1" width="80%"/>
      </tr>
      <tr>
        <td colspan="1" rowspan="1" class="indent2" width="20%">Other Info</td>
        <td colspan="1" rowspan="1" width="80%"/>
      </tr>
      <tr>
        <td colspan="1" rowspan="1" class="indent1" width="20%">URL</td>
        <td colspan="1" rowspan="1" width="80%">
          <a shape="rect" href="https://demo.owasp-juice.shop/assets/i18n/en.json">https://demo.owasp-juice.shop/assets/i18n/en.json</a>
        </td>
      </tr>
      <tr>
        <td colspan="1" rowspan="1" class="indent2" width="20%">Método</td>
        <td colspan="1" rowspan="1" width="80%">GET</td>
      </tr>
      <tr>
        <td colspan="1" rowspan="1" class="indent2" width="20%">Parámetros</td>
        <td colspan="1" rowspan="1" width="80%">cache-control</td>
      </tr>
      <tr>
        <td colspan="1" rowspan="1" class="indent2" width="20%">Ataque</td>
        <td colspan="1" rowspan="1" width="80%"/>
      </tr>
      <tr>
        <td colspan="1" rowspan="1" class="indent2" width="20%">Evidencia</td>
        <td colspan="1" rowspan="1" width="80%">public, max-age=0</td>
      </tr>
      <tr>
        <td colspan="1" rowspan="1" class="indent2" width="20%">Other Info</td>
        <td colspan="1" rowspan="1" width="80%"/>
      </tr>
      <tr>
        <td colspan="1" rowspan="1" class="indent1" width="20%">URL</td>
        <td colspan="1" rowspan="1" width="80%">
          <a shape="rect" href="https://demo.owasp-juice.shop/rest/admin/application-configuration">https://demo.owasp-juice.shop/rest/admin/application-configuration</a>
        </td>
      </tr>
      <tr>
        <td colspan="1" rowspan="1" class="indent2" width="20%">Método</td>
        <td colspan="1" rowspan="1" width="80%">GET</td>
      </tr>
      <tr>
        <td colspan="1" rowspan="1" class="indent2" width="20%">Parámetros</td>
        <td colspan="1" rowspan="1" width="80%">cache-control</td>
      </tr>
      <tr>
        <td colspan="1" rowspan="1" class="indent2" width="20%">Ataque</td>
        <td colspan="1" rowspan="1" width="80%"/>
      </tr>
      <tr>
        <td colspan="1" rowspan="1" class="indent2" width="20%">Evidencia</td>
        <td colspan="1" rowspan="1" width="80%"/>
      </tr>
      <tr>
        <td colspan="1" rowspan="1" class="indent2" width="20%">Other Info</td>
        <td colspan="1" rowspan="1" width="80%"/>
      </tr>
      <tr>
        <td colspan="1" rowspan="1" class="indent1" width="20%">URL</td>
        <td colspan="1" rowspan="1" width="80%">
          <a shape="rect" href="https://demo.owasp-juice.shop/rest/admin/application-version">https://demo.owasp-juice.shop/rest/admin/application-version</a>
        </td>
      </tr>
      <tr>
        <td colspan="1" rowspan="1" class="indent2" width="20%">Método</td>
        <td colspan="1" rowspan="1" width="80%">GET</td>
      </tr>
      <tr>
        <td colspan="1" rowspan="1" class="indent2" width="20%">Parámetros</td>
        <td colspan="1" rowspan="1" width="80%">cache-control</td>
      </tr>
      <tr>
        <td colspan="1" rowspan="1" class="indent2" width="20%">Ataque</td>
        <td colspan="1" rowspan="1" width="80%"/>
      </tr>
      <tr>
        <td colspan="1" rowspan="1" class="indent2" width="20%">Evidencia</td>
        <td colspan="1" rowspan="1" width="80%"/>
      </tr>
      <tr>
        <td colspan="1" rowspan="1" class="indent2" width="20%">Other Info</td>
        <td colspan="1" rowspan="1" width="80%"/>
      </tr>
      <tr>
        <td colspan="1" rowspan="1" class="indent1" width="20%">URL</td>
        <td colspan="1" rowspan="1" width="80%">
          <a shape="rect" href="https://demo.owasp-juice.shop/rest/basket/6">https://demo.owasp-juice.shop/rest/basket/6</a>
        </td>
      </tr>
      <tr>
        <td colspan="1" rowspan="1" class="indent2" width="20%">Método</td>
        <td colspan="1" rowspan="1" width="80%">GET</td>
      </tr>
      <tr>
        <td colspan="1" rowspan="1" class="indent2" width="20%">Parámetros</td>
        <td colspan="1" rowspan="1" width="80%">cache-control</td>
      </tr>
      <tr>
        <td colspan="1" rowspan="1" class="indent2" width="20%">Ataque</td>
        <td colspan="1" rowspan="1" width="80%"/>
      </tr>
      <tr>
        <td colspan="1" rowspan="1" class="indent2" width="20%">Evidencia</td>
        <td colspan="1" rowspan="1" width="80%"/>
      </tr>
      <tr>
        <td colspan="1" rowspan="1" class="indent2" width="20%">Other Info</td>
        <td colspan="1" rowspan="1" width="80%"/>
      </tr>
      <tr>
        <td colspan="1" rowspan="1" class="indent1" width="20%">URL</td>
        <td colspan="1" rowspan="1" width="80%">
          <a shape="rect" href="https://demo.owasp-juice.shop/rest/languages">https://demo.owasp-juice.shop/rest/languages</a>
        </td>
      </tr>
      <tr>
        <td colspan="1" rowspan="1" class="indent2" width="20%">Método</td>
        <td colspan="1" rowspan="1" width="80%">GET</td>
      </tr>
      <tr>
        <td colspan="1" rowspan="1" class="indent2" width="20%">Parámetros</td>
        <td colspan="1" rowspan="1" width="80%">cache-control</td>
      </tr>
      <tr>
        <td colspan="1" rowspan="1" class="indent2" width="20%">Ataque</td>
        <td colspan="1" rowspan="1" width="80%"/>
      </tr>
      <tr>
        <td colspan="1" rowspan="1" class="indent2" width="20%">Evidencia</td>
        <td colspan="1" rowspan="1" width="80%"/>
      </tr>
      <tr>
        <td colspan="1" rowspan="1" class="indent2" width="20%">Other Info</td>
        <td colspan="1" rowspan="1" width="80%"/>
      </tr>
      <tr>
        <td colspan="1" rowspan="1" class="indent1" width="20%">URL</td>
        <td colspan="1" rowspan="1" width="80%">
          <a shape="rect" href="https://demo.owasp-juice.shop/rest/products/search?q=">https://demo.owasp-juice.shop/rest/products/search?q=</a>
        </td>
      </tr>
      <tr>
        <td colspan="1" rowspan="1" class="indent2" width="20%">Método</td>
        <td colspan="1" rowspan="1" width="80%">GET</td>
      </tr>
      <tr>
        <td colspan="1" rowspan="1" class="indent2" width="20%">Parámetros</td>
        <td colspan="1" rowspan="1" width="80%">cache-control</td>
      </tr>
      <tr>
        <td colspan="1" rowspan="1" class="indent2" width="20%">Ataque</td>
        <td colspan="1" rowspan="1" width="80%"/>
      </tr>
      <tr>
        <td colspan="1" rowspan="1" class="indent2" width="20%">Evidencia</td>
        <td colspan="1" rowspan="1" width="80%"/>
      </tr>
      <tr>
        <td colspan="1" rowspan="1" class="indent2" width="20%">Other Info</td>
        <td colspan="1" rowspan="1" width="80%"/>
      </tr>
      <tr>
        <td colspan="1" rowspan="1" class="indent1" width="20%">URL</td>
        <td colspan="1" rowspan="1" width="80%">
          <a shape="rect" href="https://demo.owasp-juice.shop/rest/user/whoami">https://demo.owasp-juice.shop/rest/user/whoami</a>
        </td>
      </tr>
      <tr>
        <td colspan="1" rowspan="1" class="indent2" width="20%">Método</td>
        <td colspan="1" rowspan="1" width="80%">GET</td>
      </tr>
      <tr>
        <td colspan="1" rowspan="1" class="indent2" width="20%">Parámetros</td>
        <td colspan="1" rowspan="1" width="80%">cache-control</td>
      </tr>
      <tr>
        <td colspan="1" rowspan="1" class="indent2" width="20%">Ataque</td>
        <td colspan="1" rowspan="1" width="80%"/>
      </tr>
      <tr>
        <td colspan="1" rowspan="1" class="indent2" width="20%">Evidencia</td>
        <td colspan="1" rowspan="1" width="80%"/>
      </tr>
      <tr>
        <td colspan="1" rowspan="1" class="indent2" width="20%">Other Info</td>
        <td colspan="1" rowspan="1" width="80%"/>
      </tr>
      <tr>
        <td colspan="1" rowspan="1" class="indent1" width="20%">URL</td>
        <td colspan="1" rowspan="1" width="80%">
          <a shape="rect" href="https://demo.owasp-juice.shop/socket.io/?EIO=4&amp;transport=polling&amp;t=P5eDhz0">https://demo.owasp-juice.shop/socket.io/?EIO=4&amp;transport=polling&amp;t=P5eDhz0</a>
        </td>
      </tr>
      <tr>
        <td colspan="1" rowspan="1" class="indent2" width="20%">Método</td>
        <td colspan="1" rowspan="1" width="80%">GET</td>
      </tr>
      <tr>
        <td colspan="1" rowspan="1" class="indent2" width="20%">Parámetros</td>
        <td colspan="1" rowspan="1" width="80%">cache-control</td>
      </tr>
      <tr>
        <td colspan="1" rowspan="1" class="indent2" width="20%">Ataque</td>
        <td colspan="1" rowspan="1" width="80%"/>
      </tr>
      <tr>
        <td colspan="1" rowspan="1" class="indent2" width="20%">Evidencia</td>
        <td colspan="1" rowspan="1" width="80%"/>
      </tr>
      <tr>
        <td colspan="1" rowspan="1" class="indent2" width="20%">Other Info</td>
        <td colspan="1" rowspan="1" width="80%"/>
      </tr>
      <tr>
        <td colspan="1" rowspan="1" class="indent1" width="20%">URL</td>
        <td colspan="1" rowspan="1" width="80%">
          <a shape="rect" href="https://demo.owasp-juice.shop/socket.io/?EIO=4&amp;transport=polling&amp;t=P5eDi1G&amp;sid=3YzakH4yE0404A-FAAQX">https://demo.owasp-juice.shop/socket.io/?EIO=4&amp;transport=polling&amp;t=P5eDi1G&amp;sid=3YzakH4yE0404A-FAAQX</a>
        </td>
      </tr>
      <tr>
        <td colspan="1" rowspan="1" class="indent2" width="20%">Método</td>
        <td colspan="1" rowspan="1" width="80%">GET</td>
      </tr>
      <tr>
        <td colspan="1" rowspan="1" class="indent2" width="20%">Parámetros</td>
        <td colspan="1" rowspan="1" width="80%">cache-control</td>
      </tr>
      <tr>
        <td colspan="1" rowspan="1" class="indent2" width="20%">Ataque</td>
        <td colspan="1" rowspan="1" width="80%"/>
      </tr>
      <tr>
        <td colspan="1" rowspan="1" class="indent2" width="20%">Evidencia</td>
        <td colspan="1" rowspan="1" width="80%"/>
      </tr>
      <tr>
        <td colspan="1" rowspan="1" class="indent2" width="20%">Other Info</td>
        <td colspan="1" rowspan="1" width="80%"/>
      </tr>
      <tr>
        <td colspan="1" rowspan="1" class="indent1" width="20%">URL</td>
        <td colspan="1" rowspan="1" width="80%">
          <a shape="rect" href="https://demo.owasp-juice.shop/socket.io/?EIO=4&amp;transport=polling&amp;t=P5eDwjc&amp;sid=zZ9WE7Jsg7O2fa9jAAQ9">https://demo.owasp-juice.shop/socket.io/?EIO=4&amp;transport=polling&amp;t=P5eDwjc&amp;sid=zZ9WE7Jsg7O2fa9jAAQ9</a>
        </td>
      </tr>
      <tr>
        <td colspan="1" rowspan="1" class="indent2" width="20%">Método</td>
        <td colspan="1" rowspan="1" width="80%">GET</td>
      </tr>
      <tr>
        <td colspan="1" rowspan="1" class="indent2" width="20%">Parámetros</td>
        <td colspan="1" rowspan="1" width="80%">cache-control</td>
      </tr>
      <tr>
        <td colspan="1" rowspan="1" class="indent2" width="20%">Ataque</td>
        <td colspan="1" rowspan="1" width="80%"/>
      </tr>
      <tr>
        <td colspan="1" rowspan="1" class="indent2" width="20%">Evidencia</td>
        <td colspan="1" rowspan="1" width="80%"/>
      </tr>
      <tr>
        <td colspan="1" rowspan="1" class="indent2" width="20%">Other Info</td>
        <td colspan="1" rowspan="1" width="80%"/>
      </tr>
      <tr>
        <td colspan="1" rowspan="1" class="indent1" width="20%">URL</td>
        <td colspan="1" rowspan="1" width="80%">
          <a shape="rect" href="https://demo.owasp-juice.shop/socket.io/?EIO=4&amp;transport=polling&amp;t=P5eDwUA">https://demo.owasp-juice.shop/socket.io/?EIO=4&amp;transport=polling&amp;t=P5eDwUA</a>
        </td>
      </tr>
      <tr>
        <td colspan="1" rowspan="1" class="indent2" width="20%">Método</td>
        <td colspan="1" rowspan="1" width="80%">GET</td>
      </tr>
      <tr>
        <td colspan="1" rowspan="1" class="indent2" width="20%">Parámetros</td>
        <td colspan="1" rowspan="1" width="80%">cache-control</td>
      </tr>
      <tr>
        <td colspan="1" rowspan="1" class="indent2" width="20%">Ataque</td>
        <td colspan="1" rowspan="1" width="80%"/>
      </tr>
      <tr>
        <td colspan="1" rowspan="1" class="indent2" width="20%">Evidencia</td>
        <td colspan="1" rowspan="1" width="80%"/>
      </tr>
      <tr>
        <td colspan="1" rowspan="1" class="indent2" width="20%">Other Info</td>
        <td colspan="1" rowspan="1" width="80%"/>
      </tr>
      <tr>
        <td colspan="1" rowspan="1" class="indent1" width="20%">URL</td>
        <td colspan="1" rowspan="1" width="80%">
          <a shape="rect" href="https://demo.owasp-juice.shop/socket.io/?EIO=4&amp;transport=polling&amp;t=P5eE3GI">https://demo.owasp-juice.shop/socket.io/?EIO=4&amp;transport=polling&amp;t=P5eE3GI</a>
        </td>
      </tr>
      <tr>
        <td colspan="1" rowspan="1" class="indent2" width="20%">Método</td>
        <td colspan="1" rowspan="1" width="80%">GET</td>
      </tr>
      <tr>
        <td colspan="1" rowspan="1" class="indent2" width="20%">Parámetros</td>
        <td colspan="1" rowspan="1" width="80%">cache-control</td>
      </tr>
      <tr>
        <td colspan="1" rowspan="1" class="indent2" width="20%">Ataque</td>
        <td colspan="1" rowspan="1" width="80%"/>
      </tr>
      <tr>
        <td colspan="1" rowspan="1" class="indent2" width="20%">Evidencia</td>
        <td colspan="1" rowspan="1" width="80%"/>
      </tr>
      <tr>
        <td colspan="1" rowspan="1" class="indent2" width="20%">Other Info</td>
        <td colspan="1" rowspan="1" width="80%"/>
      </tr>
      <tr>
        <td colspan="1" rowspan="1" class="indent1" width="20%">URL</td>
        <td colspan="1" rowspan="1" width="80%">
          <a shape="rect" href="https://demo.owasp-juice.shop/socket.io/?EIO=4&amp;transport=polling&amp;t=P5eE3KZ&amp;sid=7owDv-WBO4vaB6t3AARZ">https://demo.owasp-juice.shop/socket.io/?EIO=4&amp;transport=polling&amp;t=P5eE3KZ&amp;sid=7owDv-WBO4vaB6t3AARZ</a>
        </td>
      </tr>
      <tr>
        <td colspan="1" rowspan="1" class="indent2" width="20%">Método</td>
        <td colspan="1" rowspan="1" width="80%">GET</td>
      </tr>
      <tr>
        <td colspan="1" rowspan="1" class="indent2" width="20%">Parámetros</td>
        <td colspan="1" rowspan="1" width="80%">cache-control</td>
      </tr>
      <tr>
        <td colspan="1" rowspan="1" class="indent2" width="20%">Ataque</td>
        <td colspan="1" rowspan="1" width="80%"/>
      </tr>
      <tr>
        <td colspan="1" rowspan="1" class="indent2" width="20%">Evidencia</td>
        <td colspan="1" rowspan="1" width="80%"/>
      </tr>
      <tr>
        <td colspan="1" rowspan="1" class="indent2" width="20%">Other Info</td>
        <td colspan="1" rowspan="1" width="80%"/>
      </tr>
      <tr>
        <td colspan="1" rowspan="1" class="indent1" width="20%">URL</td>
        <td colspan="1" rowspan="1" width="80%">
          <a shape="rect" href="https://demo.owasp-juice.shop/socket.io/?EIO=4&amp;transport=polling&amp;t=P5eEGen">https://demo.owasp-juice.shop/socket.io/?EIO=4&amp;transport=polling&amp;t=P5eEGen</a>
        </td>
      </tr>
      <tr>
        <td colspan="1" rowspan="1" class="indent2" width="20%">Método</td>
        <td colspan="1" rowspan="1" width="80%">GET</td>
      </tr>
      <tr>
        <td colspan="1" rowspan="1" class="indent2" width="20%">Parámetros</td>
        <td colspan="1" rowspan="1" width="80%">cache-control</td>
      </tr>
      <tr>
        <td colspan="1" rowspan="1" class="indent2" width="20%">Ataque</td>
        <td colspan="1" rowspan="1" width="80%"/>
      </tr>
      <tr>
        <td colspan="1" rowspan="1" class="indent2" width="20%">Evidencia</td>
        <td colspan="1" rowspan="1" width="80%"/>
      </tr>
      <tr>
        <td colspan="1" rowspan="1" class="indent2" width="20%">Other Info</td>
        <td colspan="1" rowspan="1" width="80%"/>
      </tr>
      <tr>
        <td colspan="1" rowspan="1" class="indent1" width="20%">URL</td>
        <td colspan="1" rowspan="1" width="80%">
          <a shape="rect" href="https://demo.owasp-juice.shop/socket.io/?EIO=4&amp;transport=polling&amp;t=P5eEGj1&amp;sid=siOkhKcUcU8D1IWdAARy">https://demo.owasp-juice.shop/socket.io/?EIO=4&amp;transport=polling&amp;t=P5eEGj1&amp;sid=siOkhKcUcU8D1IWdAARy</a>
        </td>
      </tr>
      <tr>
        <td colspan="1" rowspan="1" class="indent2" width="20%">Método</td>
        <td colspan="1" rowspan="1" width="80%">GET</td>
      </tr>
      <tr>
        <td colspan="1" rowspan="1" class="indent2" width="20%">Parámetros</td>
        <td colspan="1" rowspan="1" width="80%">cache-control</td>
      </tr>
      <tr>
        <td colspan="1" rowspan="1" class="indent2" width="20%">Ataque</td>
        <td colspan="1" rowspan="1" width="80%"/>
      </tr>
      <tr>
        <td colspan="1" rowspan="1" class="indent2" width="20%">Evidencia</td>
        <td colspan="1" rowspan="1" width="80%"/>
      </tr>
      <tr>
        <td colspan="1" rowspan="1" class="indent2" width="20%">Other Info</td>
        <td colspan="1" rowspan="1" width="80%"/>
      </tr>
      <tr>
        <td colspan="1" rowspan="1" class="indent1" width="20%">URL</td>
        <td colspan="1" rowspan="1" width="80%">
          <a shape="rect" href="https://demo.owasp-juice.shop/socket.io/?EIO=4&amp;transport=polling&amp;t=P5eErBL">https://demo.owasp-juice.shop/socket.io/?EIO=4&amp;transport=polling&amp;t=P5eErBL</a>
        </td>
      </tr>
      <tr>
        <td colspan="1" rowspan="1" class="indent2" width="20%">Método</td>
        <td colspan="1" rowspan="1" width="80%">GET</td>
      </tr>
      <tr>
        <td colspan="1" rowspan="1" class="indent2" width="20%">Parámetros</td>
        <td colspan="1" rowspan="1" width="80%">cache-control</td>
      </tr>
      <tr>
        <td colspan="1" rowspan="1" class="indent2" width="20%">Ataque</td>
        <td colspan="1" rowspan="1" width="80%"/>
      </tr>
      <tr>
        <td colspan="1" rowspan="1" class="indent2" width="20%">Evidencia</td>
        <td colspan="1" rowspan="1" width="80%"/>
      </tr>
      <tr>
        <td colspan="1" rowspan="1" class="indent2" width="20%">Other Info</td>
        <td colspan="1" rowspan="1" width="80%"/>
      </tr>
      <tr>
        <td colspan="1" rowspan="1" class="indent1" width="20%">URL</td>
        <td colspan="1" rowspan="1" width="80%">
          <a shape="rect" href="https://demo.owasp-juice.shop/socket.io/?EIO=4&amp;transport=polling&amp;t=P5eErFf&amp;sid=8XjwdI-N9bmNoL3qAASh">https://demo.owasp-juice.shop/socket.io/?EIO=4&amp;transport=polling&amp;t=P5eErFf&amp;sid=8XjwdI-N9bmNoL3qAASh</a>
        </td>
      </tr>
      <tr>
        <td colspan="1" rowspan="1" class="indent2" width="20%">Método</td>
        <td colspan="1" rowspan="1" width="80%">GET</td>
      </tr>
      <tr>
        <td colspan="1" rowspan="1" class="indent2" width="20%">Parámetros</td>
        <td colspan="1" rowspan="1" width="80%">cache-control</td>
      </tr>
      <tr>
        <td colspan="1" rowspan="1" class="indent2" width="20%">Ataque</td>
        <td colspan="1" rowspan="1" width="80%"/>
      </tr>
      <tr>
        <td colspan="1" rowspan="1" class="indent2" width="20%">Evidencia</td>
        <td colspan="1" rowspan="1" width="80%"/>
      </tr>
      <tr>
        <td colspan="1" rowspan="1" class="indent2" width="20%">Other Info</td>
        <td colspan="1" rowspan="1" width="80%"/>
      </tr>
      <tr>
        <td colspan="1" rowspan="1" class="indent1" width="20%">URL</td>
        <td colspan="1" rowspan="1" width="80%">
          <a shape="rect" href="https://demo.owasp-juice.shop/socket.io/?EIO=4&amp;transport=polling&amp;t=P5eExhw">https://demo.owasp-juice.shop/socket.io/?EIO=4&amp;transport=polling&amp;t=P5eExhw</a>
        </td>
      </tr>
      <tr>
        <td colspan="1" rowspan="1" class="indent2" width="20%">Método</td>
        <td colspan="1" rowspan="1" width="80%">GET</td>
      </tr>
      <tr>
        <td colspan="1" rowspan="1" class="indent2" width="20%">Parámetros</td>
        <td colspan="1" rowspan="1" width="80%">cache-control</td>
      </tr>
      <tr>
        <td colspan="1" rowspan="1" class="indent2" width="20%">Ataque</td>
        <td colspan="1" rowspan="1" width="80%"/>
      </tr>
      <tr>
        <td colspan="1" rowspan="1" class="indent2" width="20%">Evidencia</td>
        <td colspan="1" rowspan="1" width="80%"/>
      </tr>
      <tr>
        <td colspan="1" rowspan="1" class="indent2" width="20%">Other Info</td>
        <td colspan="1" rowspan="1" width="80%"/>
      </tr>
      <tr>
        <td colspan="1" rowspan="1" class="indent1" width="20%">URL</td>
        <td colspan="1" rowspan="1" width="80%">
          <a shape="rect" href="https://demo.owasp-juice.shop/socket.io/?EIO=4&amp;transport=polling&amp;t=P5eExmG&amp;sid=kZ26VJOLwn-6K0JsAASt">https://demo.owasp-juice.shop/socket.io/?EIO=4&amp;transport=polling&amp;t=P5eExmG&amp;sid=kZ26VJOLwn-6K0JsAASt</a>
        </td>
      </tr>
      <tr>
        <td colspan="1" rowspan="1" class="indent2" width="20%">Método</td>
        <td colspan="1" rowspan="1" width="80%">GET</td>
      </tr>
      <tr>
        <td colspan="1" rowspan="1" class="indent2" width="20%">Parámetros</td>
        <td colspan="1" rowspan="1" width="80%">cache-control</td>
      </tr>
      <tr>
        <td colspan="1" rowspan="1" class="indent2" width="20%">Ataque</td>
        <td colspan="1" rowspan="1" width="80%"/>
      </tr>
      <tr>
        <td colspan="1" rowspan="1" class="indent2" width="20%">Evidencia</td>
        <td colspan="1" rowspan="1" width="80%"/>
      </tr>
      <tr>
        <td colspan="1" rowspan="1" class="indent2" width="20%">Other Info</td>
        <td colspan="1" rowspan="1" width="80%"/>
      </tr>
      <tr>
        <td colspan="1" rowspan="1" class="indent1" width="20%">URL</td>
        <td colspan="1" rowspan="1" width="80%">
          <a shape="rect" href="https://optimizationguide-pa.googleapis.com/downloads?name=1679317318&amp;target=OPTIMIZATION_TARGET_LANGUAGE_DETECTION">https://optimizationguide-pa.googleapis.com/downloads?name=1679317318&amp;target=OPTIMIZATION_TARGET_LANGUAGE_DETECTION</a>
        </td>
      </tr>
      <tr>
        <td colspan="1" rowspan="1" class="indent2" width="20%">Método</td>
        <td colspan="1" rowspan="1" width="80%">GET</td>
      </tr>
      <tr>
        <td colspan="1" rowspan="1" class="indent2" width="20%">Parámetros</td>
        <td colspan="1" rowspan="1" width="80%">cache-control</td>
      </tr>
      <tr>
        <td colspan="1" rowspan="1" class="indent2" width="20%">Ataque</td>
        <td colspan="1" rowspan="1" width="80%"/>
      </tr>
      <tr>
        <td colspan="1" rowspan="1" class="indent2" width="20%">Evidencia</td>
        <td colspan="1" rowspan="1" width="80%">public, max-age=86400</td>
      </tr>
      <tr>
        <td colspan="1" rowspan="1" class="indent2" width="20%">Other Info</td>
        <td colspan="1" rowspan="1" width="80%"/>
      </tr>
      <tr>
        <td colspan="1" rowspan="1" class="indent1" width="20%">URL</td>
        <td colspan="1" rowspan="1" width="80%">
          <a shape="rect" href="https://optimizationguide-pa.googleapis.com/downloads?name=1689043206&amp;target=OPTIMIZATION_TARGET_VISUAL_SEARCH_CLASSIFICATION">https://optimizationguide-pa.googleapis.com/downloads?name=1689043206&amp;target=OPTIMIZATION_TARGET_VISUAL_SEARCH_CLASSIFICATION</a>
        </td>
      </tr>
      <tr>
        <td colspan="1" rowspan="1" class="indent2" width="20%">Método</td>
        <td colspan="1" rowspan="1" width="80%">GET</td>
      </tr>
      <tr>
        <td colspan="1" rowspan="1" class="indent2" width="20%">Parámetros</td>
        <td colspan="1" rowspan="1" width="80%">cache-control</td>
      </tr>
      <tr>
        <td colspan="1" rowspan="1" class="indent2" width="20%">Ataque</td>
        <td colspan="1" rowspan="1" width="80%"/>
      </tr>
      <tr>
        <td colspan="1" rowspan="1" class="indent2" width="20%">Evidencia</td>
        <td colspan="1" rowspan="1" width="80%">public, max-age=86400</td>
      </tr>
      <tr>
        <td colspan="1" rowspan="1" class="indent2" width="20%">Other Info</td>
        <td colspan="1" rowspan="1" width="80%"/>
      </tr>
      <tr>
        <td colspan="1" rowspan="1" class="indent1" width="20%">URL</td>
        <td colspan="1" rowspan="1" width="80%">
          <a shape="rect" href="https://optimizationguide-pa.googleapis.com/downloads?name=1691042511&amp;target=OPTIMIZATION_TARGET_NEW_TAB_PAGE_HISTORY_CLUSTERS_MODULE_RANKING">https://optimizationguide-pa.googleapis.com/downloads?name=1691042511&amp;target=OPTIMIZATION_TARGET_NEW_TAB_PAGE_HISTORY_CLUSTERS_MODULE_RANKING</a>
        </td>
      </tr>
      <tr>
        <td colspan="1" rowspan="1" class="indent2" width="20%">Método</td>
        <td colspan="1" rowspan="1" width="80%">GET</td>
      </tr>
      <tr>
        <td colspan="1" rowspan="1" class="indent2" width="20%">Parámetros</td>
        <td colspan="1" rowspan="1" width="80%">cache-control</td>
      </tr>
      <tr>
        <td colspan="1" rowspan="1" class="indent2" width="20%">Ataque</td>
        <td colspan="1" rowspan="1" width="80%"/>
      </tr>
      <tr>
        <td colspan="1" rowspan="1" class="indent2" width="20%">Evidencia</td>
        <td colspan="1" rowspan="1" width="80%">public, max-age=86400</td>
      </tr>
      <tr>
        <td colspan="1" rowspan="1" class="indent2" width="20%">Other Info</td>
        <td colspan="1" rowspan="1" width="80%"/>
      </tr>
      <tr>
        <td colspan="1" rowspan="1" class="indent1" width="20%">URL</td>
        <td colspan="1" rowspan="1" width="80%">
          <a shape="rect" href="https://optimizationguide-pa.googleapis.com/downloads?name=1696267841&amp;target=OPTIMIZATION_TARGET_OMNIBOX_URL_SCORING">https://optimizationguide-pa.googleapis.com/downloads?name=1696267841&amp;target=OPTIMIZATION_TARGET_OMNIBOX_URL_SCORING</a>
        </td>
      </tr>
      <tr>
        <td colspan="1" rowspan="1" class="indent2" width="20%">Método</td>
        <td colspan="1" rowspan="1" width="80%">GET</td>
      </tr>
      <tr>
        <td colspan="1" rowspan="1" class="indent2" width="20%">Parámetros</td>
        <td colspan="1" rowspan="1" width="80%">cache-control</td>
      </tr>
      <tr>
        <td colspan="1" rowspan="1" class="indent2" width="20%">Ataque</td>
        <td colspan="1" rowspan="1" width="80%"/>
      </tr>
      <tr>
        <td colspan="1" rowspan="1" class="indent2" width="20%">Evidencia</td>
        <td colspan="1" rowspan="1" width="80%">public, max-age=86400</td>
      </tr>
      <tr>
        <td colspan="1" rowspan="1" class="indent2" width="20%">Other Info</td>
        <td colspan="1" rowspan="1" width="80%"/>
      </tr>
      <tr>
        <td colspan="1" rowspan="1" class="indent1" width="20%">URL</td>
        <td colspan="1" rowspan="1" width="80%">
          <a shape="rect" href="https://optimizationguide-pa.googleapis.com/downloads?name=1721660842&amp;target=OPTIMIZATION_TARGET_CLIENT_SIDE_PHISHING">https://optimizationguide-pa.googleapis.com/downloads?name=1721660842&amp;target=OPTIMIZATION_TARGET_CLIENT_SIDE_PHISHING</a>
        </td>
      </tr>
      <tr>
        <td colspan="1" rowspan="1" class="indent2" width="20%">Método</td>
        <td colspan="1" rowspan="1" width="80%">GET</td>
      </tr>
      <tr>
        <td colspan="1" rowspan="1" class="indent2" width="20%">Parámetros</td>
        <td colspan="1" rowspan="1" width="80%">cache-control</td>
      </tr>
      <tr>
        <td colspan="1" rowspan="1" class="indent2" width="20%">Ataque</td>
        <td colspan="1" rowspan="1" width="80%"/>
      </tr>
      <tr>
        <td colspan="1" rowspan="1" class="indent2" width="20%">Evidencia</td>
        <td colspan="1" rowspan="1" width="80%">public, max-age=86400</td>
      </tr>
      <tr>
        <td colspan="1" rowspan="1" class="indent2" width="20%">Other Info</td>
        <td colspan="1" rowspan="1" width="80%"/>
      </tr>
      <tr>
        <td colspan="1" rowspan="1" class="indent1" width="20%">URL</td>
        <td colspan="1" rowspan="1" width="80%">
          <a shape="rect" href="https://optimizationguide-pa.googleapis.com/downloads?name=1721660892&amp;target=OPTIMIZATION_TARGET_GEOLOCATION_PERMISSION_PREDICTIONS">https://optimizationguide-pa.googleapis.com/downloads?name=1721660892&amp;target=OPTIMIZATION_TARGET_GEOLOCATION_PERMISSION_PREDICTIONS</a>
        </td>
      </tr>
      <tr>
        <td colspan="1" rowspan="1" class="indent2" width="20%">Método</td>
        <td colspan="1" rowspan="1" width="80%">GET</td>
      </tr>
      <tr>
        <td colspan="1" rowspan="1" class="indent2" width="20%">Parámetros</td>
        <td colspan="1" rowspan="1" width="80%">cache-control</td>
      </tr>
      <tr>
        <td colspan="1" rowspan="1" class="indent2" width="20%">Ataque</td>
        <td colspan="1" rowspan="1" width="80%"/>
      </tr>
      <tr>
        <td colspan="1" rowspan="1" class="indent2" width="20%">Evidencia</td>
        <td colspan="1" rowspan="1" width="80%">public, max-age=86400</td>
      </tr>
      <tr>
        <td colspan="1" rowspan="1" class="indent2" width="20%">Other Info</td>
        <td colspan="1" rowspan="1" width="80%"/>
      </tr>
      <tr>
        <td colspan="1" rowspan="1" class="indent1" width="20%">URL</td>
        <td colspan="1" rowspan="1" width="80%">
          <a shape="rect" href="https://optimizationguide-pa.googleapis.com/downloads?name=1721660925&amp;target=OPTIMIZATION_TARGET_NOTIFICATION_PERMISSION_PREDICTIONS">https://optimizationguide-pa.googleapis.com/downloads?name=1721660925&amp;target=OPTIMIZATION_TARGET_NOTIFICATION_PERMISSION_PREDICTIONS</a>
        </td>
      </tr>
      <tr>
        <td colspan="1" rowspan="1" class="indent2" width="20%">Método</td>
        <td colspan="1" rowspan="1" width="80%">GET</td>
      </tr>
      <tr>
        <td colspan="1" rowspan="1" class="indent2" width="20%">Parámetros</td>
        <td colspan="1" rowspan="1" width="80%">cache-control</td>
      </tr>
      <tr>
        <td colspan="1" rowspan="1" class="indent2" width="20%">Ataque</td>
        <td colspan="1" rowspan="1" width="80%"/>
      </tr>
      <tr>
        <td colspan="1" rowspan="1" class="indent2" width="20%">Evidencia</td>
        <td colspan="1" rowspan="1" width="80%">public, max-age=86400</td>
      </tr>
      <tr>
        <td colspan="1" rowspan="1" class="indent2" width="20%">Other Info</td>
        <td colspan="1" rowspan="1" width="80%"/>
      </tr>
      <tr>
        <td colspan="1" rowspan="1" class="indent1" width="20%">URL</td>
        <td colspan="1" rowspan="1" width="80%">
          <a shape="rect" href="https://optimizationguide-pa.googleapis.com/downloads?name=5&amp;target=OPTIMIZATION_TARGET_PAGE_TOPICS_V2">https://optimizationguide-pa.googleapis.com/downloads?name=5&amp;target=OPTIMIZATION_TARGET_PAGE_TOPICS_V2</a>
        </td>
      </tr>
      <tr>
        <td colspan="1" rowspan="1" class="indent2" width="20%">Método</td>
        <td colspan="1" rowspan="1" width="80%">GET</td>
      </tr>
      <tr>
        <td colspan="1" rowspan="1" class="indent2" width="20%">Parámetros</td>
        <td colspan="1" rowspan="1" width="80%">cache-control</td>
      </tr>
      <tr>
        <td colspan="1" rowspan="1" class="indent2" width="20%">Ataque</td>
        <td colspan="1" rowspan="1" width="80%"/>
      </tr>
      <tr>
        <td colspan="1" rowspan="1" class="indent2" width="20%">Evidencia</td>
        <td colspan="1" rowspan="1" width="80%">public, max-age=86400</td>
      </tr>
      <tr>
        <td colspan="1" rowspan="1" class="indent2" width="20%">Other Info</td>
        <td colspan="1" rowspan="1" width="80%"/>
      </tr>
      <tr>
        <td colspan="1" rowspan="1" class="indent1" width="20%">URL</td>
        <td colspan="1" rowspan="1" width="80%">
          <a shape="rect" href="https://todo.ly/">https://todo.ly/</a>
        </td>
      </tr>
      <tr>
        <td colspan="1" rowspan="1" class="indent2" width="20%">Método</td>
        <td colspan="1" rowspan="1" width="80%">GET</td>
      </tr>
      <tr>
        <td colspan="1" rowspan="1" class="indent2" width="20%">Parámetros</td>
        <td colspan="1" rowspan="1" width="80%">cache-control</td>
      </tr>
      <tr>
        <td colspan="1" rowspan="1" class="indent2" width="20%">Ataque</td>
        <td colspan="1" rowspan="1" width="80%"/>
      </tr>
      <tr>
        <td colspan="1" rowspan="1" class="indent2" width="20%">Evidencia</td>
        <td colspan="1" rowspan="1" width="80%">no-cache</td>
      </tr>
      <tr>
        <td colspan="1" rowspan="1" class="indent2" width="20%">Other Info</td>
        <td colspan="1" rowspan="1" width="80%"/>
      </tr>
      <tr>
        <td colspan="1" rowspan="1" class="indent1" width="20%">URL</td>
        <td colspan="1" rowspan="1" width="80%">
          <a shape="rect" href="https://www.google.com/async/ddljson?async=ntp:2">https://www.google.com/async/ddljson?async=ntp:2</a>
        </td>
      </tr>
      <tr>
        <td colspan="1" rowspan="1" class="indent2" width="20%">Método</td>
        <td colspan="1" rowspan="1" width="80%">GET</td>
      </tr>
      <tr>
        <td colspan="1" rowspan="1" class="indent2" width="20%">Parámetros</td>
        <td colspan="1" rowspan="1" width="80%">cache-control</td>
      </tr>
      <tr>
        <td colspan="1" rowspan="1" class="indent2" width="20%">Ataque</td>
        <td colspan="1" rowspan="1" width="80%"/>
      </tr>
      <tr>
        <td colspan="1" rowspan="1" class="indent2" width="20%">Evidencia</td>
        <td colspan="1" rowspan="1" width="80%">private</td>
      </tr>
      <tr>
        <td colspan="1" rowspan="1" class="indent2" width="20%">Other Info</td>
        <td colspan="1" rowspan="1" width="80%"/>
      </tr>
      <tr>
        <td colspan="1" rowspan="1" class="indent1" width="20%">URL</td>
        <td colspan="1" rowspan="1" width="80%">
          <a shape="rect" href="https://www.google.com/async/newtab_ogb?hl=es-419&amp;async=fixed:0">https://www.google.com/async/newtab_ogb?hl=es-419&amp;async=fixed:0</a>
        </td>
      </tr>
      <tr>
        <td colspan="1" rowspan="1" class="indent2" width="20%">Método</td>
        <td colspan="1" rowspan="1" width="80%">GET</td>
      </tr>
      <tr>
        <td colspan="1" rowspan="1" class="indent2" width="20%">Parámetros</td>
        <td colspan="1" rowspan="1" width="80%">cache-control</td>
      </tr>
      <tr>
        <td colspan="1" rowspan="1" class="indent2" width="20%">Ataque</td>
        <td colspan="1" rowspan="1" width="80%"/>
      </tr>
      <tr>
        <td colspan="1" rowspan="1" class="indent2" width="20%">Evidencia</td>
        <td colspan="1" rowspan="1" width="80%">private</td>
      </tr>
      <tr>
        <td colspan="1" rowspan="1" class="indent2" width="20%">Other Info</td>
        <td colspan="1" rowspan="1" width="80%"/>
      </tr>
      <tr>
        <td colspan="1" rowspan="1" class="indent1" width="20%">URL</td>
        <td colspan="1" rowspan="1" width="80%">
          <a shape="rect" href="https://www.google.com/async/newtab_promos">https://www.google.com/async/newtab_promos</a>
        </td>
      </tr>
      <tr>
        <td colspan="1" rowspan="1" class="indent2" width="20%">Método</td>
        <td colspan="1" rowspan="1" width="80%">GET</td>
      </tr>
      <tr>
        <td colspan="1" rowspan="1" class="indent2" width="20%">Parámetros</td>
        <td colspan="1" rowspan="1" width="80%">cache-control</td>
      </tr>
      <tr>
        <td colspan="1" rowspan="1" class="indent2" width="20%">Ataque</td>
        <td colspan="1" rowspan="1" width="80%"/>
      </tr>
      <tr>
        <td colspan="1" rowspan="1" class="indent2" width="20%">Evidencia</td>
        <td colspan="1" rowspan="1" width="80%">private</td>
      </tr>
      <tr>
        <td colspan="1" rowspan="1" class="indent2" width="20%">Other Info</td>
        <td colspan="1" rowspan="1" width="80%"/>
      </tr>
      <tr>
        <td colspan="1" rowspan="1" class="indent1" width="20%">URL</td>
        <td colspan="1" rowspan="1" width="80%">
          <a shape="rect" href="https://demo.owasp-juice.shop/rest/user/login">https://demo.owasp-juice.shop/rest/user/login</a>
        </td>
      </tr>
      <tr>
        <td colspan="1" rowspan="1" class="indent2" width="20%">Método</td>
        <td colspan="1" rowspan="1" width="80%">POST</td>
      </tr>
      <tr>
        <td colspan="1" rowspan="1" class="indent2" width="20%">Parámetros</td>
        <td colspan="1" rowspan="1" width="80%">cache-control</td>
      </tr>
      <tr>
        <td colspan="1" rowspan="1" class="indent2" width="20%">Ataque</td>
        <td colspan="1" rowspan="1" width="80%"/>
      </tr>
      <tr>
        <td colspan="1" rowspan="1" class="indent2" width="20%">Evidencia</td>
        <td colspan="1" rowspan="1" width="80%"/>
      </tr>
      <tr>
        <td colspan="1" rowspan="1" class="indent2" width="20%">Other Info</td>
        <td colspan="1" rowspan="1" width="80%"/>
      </tr>
      <tr>
        <td colspan="1" rowspan="1" class="indent1" width="20%">URL</td>
        <td colspan="1" rowspan="1" width="80%">
          <a shape="rect" href="https://demo.owasp-juice.shop/socket.io/?EIO=4&amp;transport=polling&amp;t=P5eDi1D&amp;sid=3YzakH4yE0404A-FAAQX">https://demo.owasp-juice.shop/socket.io/?EIO=4&amp;transport=polling&amp;t=P5eDi1D&amp;sid=3YzakH4yE0404A-FAAQX</a>
        </td>
      </tr>
      <tr>
        <td colspan="1" rowspan="1" class="indent2" width="20%">Método</td>
        <td colspan="1" rowspan="1" width="80%">POST</td>
      </tr>
      <tr>
        <td colspan="1" rowspan="1" class="indent2" width="20%">Parámetros</td>
        <td colspan="1" rowspan="1" width="80%">cache-control</td>
      </tr>
      <tr>
        <td colspan="1" rowspan="1" class="indent2" width="20%">Ataque</td>
        <td colspan="1" rowspan="1" width="80%"/>
      </tr>
      <tr>
        <td colspan="1" rowspan="1" class="indent2" width="20%">Evidencia</td>
        <td colspan="1" rowspan="1" width="80%"/>
      </tr>
      <tr>
        <td colspan="1" rowspan="1" class="indent2" width="20%">Other Info</td>
        <td colspan="1" rowspan="1" width="80%"/>
      </tr>
      <tr>
        <td colspan="1" rowspan="1" class="indent1" width="20%">URL</td>
        <td colspan="1" rowspan="1" width="80%">
          <a shape="rect" href="https://demo.owasp-juice.shop/socket.io/?EIO=4&amp;transport=polling&amp;t=P5eDwjZ&amp;sid=zZ9WE7Jsg7O2fa9jAAQ9">https://demo.owasp-juice.shop/socket.io/?EIO=4&amp;transport=polling&amp;t=P5eDwjZ&amp;sid=zZ9WE7Jsg7O2fa9jAAQ9</a>
        </td>
      </tr>
      <tr>
        <td colspan="1" rowspan="1" class="indent2" width="20%">Método</td>
        <td colspan="1" rowspan="1" width="80%">POST</td>
      </tr>
      <tr>
        <td colspan="1" rowspan="1" class="indent2" width="20%">Parámetros</td>
        <td colspan="1" rowspan="1" width="80%">cache-control</td>
      </tr>
      <tr>
        <td colspan="1" rowspan="1" class="indent2" width="20%">Ataque</td>
        <td colspan="1" rowspan="1" width="80%"/>
      </tr>
      <tr>
        <td colspan="1" rowspan="1" class="indent2" width="20%">Evidencia</td>
        <td colspan="1" rowspan="1" width="80%"/>
      </tr>
      <tr>
        <td colspan="1" rowspan="1" class="indent2" width="20%">Other Info</td>
        <td colspan="1" rowspan="1" width="80%"/>
      </tr>
      <tr>
        <td colspan="1" rowspan="1" class="indent1" width="20%">URL</td>
        <td colspan="1" rowspan="1" width="80%">
          <a shape="rect" href="https://demo.owasp-juice.shop/socket.io/?EIO=4&amp;transport=polling&amp;t=P5eE3KX&amp;sid=7owDv-WBO4vaB6t3AARZ">https://demo.owasp-juice.shop/socket.io/?EIO=4&amp;transport=polling&amp;t=P5eE3KX&amp;sid=7owDv-WBO4vaB6t3AARZ</a>
        </td>
      </tr>
      <tr>
        <td colspan="1" rowspan="1" class="indent2" width="20%">Método</td>
        <td colspan="1" rowspan="1" width="80%">POST</td>
      </tr>
      <tr>
        <td colspan="1" rowspan="1" class="indent2" width="20%">Parámetros</td>
        <td colspan="1" rowspan="1" width="80%">cache-control</td>
      </tr>
      <tr>
        <td colspan="1" rowspan="1" class="indent2" width="20%">Ataque</td>
        <td colspan="1" rowspan="1" width="80%"/>
      </tr>
      <tr>
        <td colspan="1" rowspan="1" class="indent2" width="20%">Evidencia</td>
        <td colspan="1" rowspan="1" width="80%"/>
      </tr>
      <tr>
        <td colspan="1" rowspan="1" class="indent2" width="20%">Other Info</td>
        <td colspan="1" rowspan="1" width="80%"/>
      </tr>
      <tr>
        <td colspan="1" rowspan="1" class="indent1" width="20%">URL</td>
        <td colspan="1" rowspan="1" width="80%">
          <a shape="rect" href="https://demo.owasp-juice.shop/socket.io/?EIO=4&amp;transport=polling&amp;t=P5eEGiz&amp;sid=siOkhKcUcU8D1IWdAARy">https://demo.owasp-juice.shop/socket.io/?EIO=4&amp;transport=polling&amp;t=P5eEGiz&amp;sid=siOkhKcUcU8D1IWdAARy</a>
        </td>
      </tr>
      <tr>
        <td colspan="1" rowspan="1" class="indent2" width="20%">Método</td>
        <td colspan="1" rowspan="1" width="80%">POST</td>
      </tr>
      <tr>
        <td colspan="1" rowspan="1" class="indent2" width="20%">Parámetros</td>
        <td colspan="1" rowspan="1" width="80%">cache-control</td>
      </tr>
      <tr>
        <td colspan="1" rowspan="1" class="indent2" width="20%">Ataque</td>
        <td colspan="1" rowspan="1" width="80%"/>
      </tr>
      <tr>
        <td colspan="1" rowspan="1" class="indent2" width="20%">Evidencia</td>
        <td colspan="1" rowspan="1" width="80%"/>
      </tr>
      <tr>
        <td colspan="1" rowspan="1" class="indent2" width="20%">Other Info</td>
        <td colspan="1" rowspan="1" width="80%"/>
      </tr>
      <tr>
        <td colspan="1" rowspan="1" class="indent1" width="20%">URL</td>
        <td colspan="1" rowspan="1" width="80%">
          <a shape="rect" href="https://demo.owasp-juice.shop/socket.io/?EIO=4&amp;transport=polling&amp;t=P5eErFc&amp;sid=8XjwdI-N9bmNoL3qAASh">https://demo.owasp-juice.shop/socket.io/?EIO=4&amp;transport=polling&amp;t=P5eErFc&amp;sid=8XjwdI-N9bmNoL3qAASh</a>
        </td>
      </tr>
      <tr>
        <td colspan="1" rowspan="1" class="indent2" width="20%">Método</td>
        <td colspan="1" rowspan="1" width="80%">POST</td>
      </tr>
      <tr>
        <td colspan="1" rowspan="1" class="indent2" width="20%">Parámetros</td>
        <td colspan="1" rowspan="1" width="80%">cache-control</td>
      </tr>
      <tr>
        <td colspan="1" rowspan="1" class="indent2" width="20%">Ataque</td>
        <td colspan="1" rowspan="1" width="80%"/>
      </tr>
      <tr>
        <td colspan="1" rowspan="1" class="indent2" width="20%">Evidencia</td>
        <td colspan="1" rowspan="1" width="80%"/>
      </tr>
      <tr>
        <td colspan="1" rowspan="1" class="indent2" width="20%">Other Info</td>
        <td colspan="1" rowspan="1" width="80%"/>
      </tr>
      <tr>
        <td colspan="1" rowspan="1" class="indent1" width="20%">URL</td>
        <td colspan="1" rowspan="1" width="80%">
          <a shape="rect" href="https://demo.owasp-juice.shop/socket.io/?EIO=4&amp;transport=polling&amp;t=P5eExME&amp;sid=8XjwdI-N9bmNoL3qAASh">https://demo.owasp-juice.shop/socket.io/?EIO=4&amp;transport=polling&amp;t=P5eExME&amp;sid=8XjwdI-N9bmNoL3qAASh</a>
        </td>
      </tr>
      <tr>
        <td colspan="1" rowspan="1" class="indent2" width="20%">Método</td>
        <td colspan="1" rowspan="1" width="80%">POST</td>
      </tr>
      <tr>
        <td colspan="1" rowspan="1" class="indent2" width="20%">Parámetros</td>
        <td colspan="1" rowspan="1" width="80%">cache-control</td>
      </tr>
      <tr>
        <td colspan="1" rowspan="1" class="indent2" width="20%">Ataque</td>
        <td colspan="1" rowspan="1" width="80%"/>
      </tr>
      <tr>
        <td colspan="1" rowspan="1" class="indent2" width="20%">Evidencia</td>
        <td colspan="1" rowspan="1" width="80%"/>
      </tr>
      <tr>
        <td colspan="1" rowspan="1" class="indent2" width="20%">Other Info</td>
        <td colspan="1" rowspan="1" width="80%"/>
      </tr>
      <tr>
        <td colspan="1" rowspan="1" class="indent1" width="20%">URL</td>
        <td colspan="1" rowspan="1" width="80%">
          <a shape="rect" href="https://demo.owasp-juice.shop/socket.io/?EIO=4&amp;transport=polling&amp;t=P5eExmF&amp;sid=kZ26VJOLwn-6K0JsAASt">https://demo.owasp-juice.shop/socket.io/?EIO=4&amp;transport=polling&amp;t=P5eExmF&amp;sid=kZ26VJOLwn-6K0JsAASt</a>
        </td>
      </tr>
      <tr>
        <td colspan="1" rowspan="1" class="indent2" width="20%">Método</td>
        <td colspan="1" rowspan="1" width="80%">POST</td>
      </tr>
      <tr>
        <td colspan="1" rowspan="1" class="indent2" width="20%">Parámetros</td>
        <td colspan="1" rowspan="1" width="80%">cache-control</td>
      </tr>
      <tr>
        <td colspan="1" rowspan="1" class="indent2" width="20%">Ataque</td>
        <td colspan="1" rowspan="1" width="80%"/>
      </tr>
      <tr>
        <td colspan="1" rowspan="1" class="indent2" width="20%">Evidencia</td>
        <td colspan="1" rowspan="1" width="80%"/>
      </tr>
      <tr>
        <td colspan="1" rowspan="1" class="indent2" width="20%">Other Info</td>
        <td colspan="1" rowspan="1" width="80%"/>
      </tr>
      <tr>
        <td colspan="1" rowspan="1" class="indent1" width="20%">URL</td>
        <td colspan="1" rowspan="1" width="80%">
          <a shape="rect" href="https://play.google.com/log?format=json&amp;hasfast=true">https://play.google.com/log?format=json&amp;hasfast=true</a>
        </td>
      </tr>
      <tr>
        <td colspan="1" rowspan="1" class="indent2" width="20%">Método</td>
        <td colspan="1" rowspan="1" width="80%">POST</td>
      </tr>
      <tr>
        <td colspan="1" rowspan="1" class="indent2" width="20%">Parámetros</td>
        <td colspan="1" rowspan="1" width="80%">cache-control</td>
      </tr>
      <tr>
        <td colspan="1" rowspan="1" class="indent2" width="20%">Ataque</td>
        <td colspan="1" rowspan="1" width="80%"/>
      </tr>
      <tr>
        <td colspan="1" rowspan="1" class="indent2" width="20%">Evidencia</td>
        <td colspan="1" rowspan="1" width="80%">private</td>
      </tr>
      <tr>
        <td colspan="1" rowspan="1" class="indent2" width="20%">Other Info</td>
        <td colspan="1" rowspan="1" width="80%"/>
      </tr>
      <tr>
        <td colspan="1" rowspan="1" width="20%">Instancia</td>
        <td colspan="1" rowspan="1" width="80%">49</td>
      </tr>
      <tr>
        <td colspan="1" rowspan="1" width="20%">Solución</td>
        <td colspan="1" rowspan="1" width="80%">
          <div>For secure content, ensure the cache-control HTTP header is set with "no-cache, no-store, must-revalidate". If an asset should be cached consider setting the directives "public, max-age, immutable".</div>
        </td>
      </tr>
      <tr>
        <td colspan="1" rowspan="1" width="20%">Referencia</td>
        <td colspan="1" rowspan="1" width="80%">
          <a shape="rect" href="https://cheatsheetseries.owasp.org/cheatsheets/Session_Management_Cheat_Sheet.html#web-content-caching">https://cheatsheetseries.owasp.org/cheatsheets/Session_Management_Cheat_Sheet.html#web-content-caching</a>
          <br clear="none"/>
          <a shape="rect" href="https://developer.mozilla.org/en-US/docs/Web/HTTP/Headers/Cache-Control">https://developer.mozilla.org/en-US/docs/Web/HTTP/Headers/Cache-Control</a>
          <br clear="none"/>
          <a shape="rect" href="https://grayduck.mn/2021/09/13/cache-control-recommendations/">https://grayduck.mn/2021/09/13/cache-control-recommendations/</a>
        </td>
      </tr>
      <tr>
        <td colspan="1" rowspan="1" width="20%">CWE Id</td>
        <td colspan="1" rowspan="1" width="80%">
          <a shape="rect" href="https://cwe.mitre.org/data/definitions/525.html">525</a>
        </td>
      </tr>
      <tr>
        <td colspan="1" rowspan="1" width="20%">WASC Id</td>
        <td colspan="1" rowspan="1" width="80%">13</td>
      </tr>
      <tr>
        <td colspan="1" rowspan="1" width="20%">Plugin Id</td>
        <td colspan="1" rowspan="1" width="80%">
          <a shape="rect" href="https://www.zaproxy.org/docs/alerts/10015/">10015</a>
        </td>
      </tr>
    </table>
    <div class="spacer"/>
    <table class="results">
      <tr height="24">
        <th colspan="1" rowspan="1" class="risk-0" width="20%">
          <a shape="rect" id="10112"/>
          <div>Informativo</div>
        </th>
        <th colspan="1" rowspan="1" class="risk-0">Respuesta de Gestión de Sesión Identificada</th>
      </tr>
      <tr>
        <td colspan="1" rowspan="1" width="20%">Descripción</td>
        <td colspan="1" rowspan="1" width="80%">
          <div>Se ha identificado que la respuesta dada contiene un token de gestión de sesión. El campo 'Other Info' contiene un conjunto de tokens de cabecera que pueden utilizarse en el método Header Based Session Management (gestión de sesión basado en cabecera). Si la petición se encuentra en un contexto que tiene un método Session Management establecido en "Auto-Detect", esta regla cambiará la gestión de sesión para utilizar los tokens identificados.</div>
        </td>
      </tr>
      <tr valign="top">
        <td colspan="2" rowspan="1"/>
      </tr>
      <tr>
        <td colspan="1" rowspan="1" class="indent1" width="20%">URL</td>
        <td colspan="1" rowspan="1" width="80%">
          <a shape="rect" href="https://todo.ly/">https://todo.ly/</a>
        </td>
      </tr>
      <tr>
        <td colspan="1" rowspan="1" class="indent2" width="20%">Método</td>
        <td colspan="1" rowspan="1" width="80%">GET</td>
      </tr>
      <tr>
        <td colspan="1" rowspan="1" class="indent2" width="20%">Parámetros</td>
        <td colspan="1" rowspan="1" width="80%">ASP.NET_SessionId</td>
      </tr>
      <tr>
        <td colspan="1" rowspan="1" class="indent2" width="20%">Ataque</td>
        <td colspan="1" rowspan="1" width="80%"/>
      </tr>
      <tr>
        <td colspan="1" rowspan="1" class="indent2" width="20%">Evidencia</td>
        <td colspan="1" rowspan="1" width="80%">c1znajcvpf0pmoleck3nmy32</td>
      </tr>
      <tr>
        <td colspan="1" rowspan="1" class="indent2" width="20%">Other Info</td>
        <td colspan="1" rowspan="1" width="80%">
cookie:ASP.NET_SessionId</td>
      </tr>
      <tr>
        <td colspan="1" rowspan="1" class="indent1" width="20%">URL</td>
        <td colspan="1" rowspan="1" width="80%">
          <a shape="rect" href="https://todo.ly/">https://todo.ly/</a>
        </td>
      </tr>
      <tr>
        <td colspan="1" rowspan="1" class="indent2" width="20%">Método</td>
        <td colspan="1" rowspan="1" width="80%">GET</td>
      </tr>
      <tr>
        <td colspan="1" rowspan="1" class="indent2" width="20%">Parámetros</td>
        <td colspan="1" rowspan="1" width="80%">ASP.NET_SessionId</td>
      </tr>
      <tr>
        <td colspan="1" rowspan="1" class="indent2" width="20%">Ataque</td>
        <td colspan="1" rowspan="1" width="80%"/>
      </tr>
      <tr>
        <td colspan="1" rowspan="1" class="indent2" width="20%">Evidencia</td>
        <td colspan="1" rowspan="1" width="80%">du25v2el0kbbn4jbfdgo1ga2</td>
      </tr>
      <tr>
        <td colspan="1" rowspan="1" class="indent2" width="20%">Other Info</td>
        <td colspan="1" rowspan="1" width="80%">
cookie:ASP.NET_SessionId</td>
      </tr>
      <tr>
        <td colspan="1" rowspan="1" class="indent1" width="20%">URL</td>
        <td colspan="1" rowspan="1" width="80%">
          <a shape="rect" href="https://todo.ly/">https://todo.ly/</a>
        </td>
      </tr>
      <tr>
        <td colspan="1" rowspan="1" class="indent2" width="20%">Método</td>
        <td colspan="1" rowspan="1" width="80%">GET</td>
      </tr>
      <tr>
        <td colspan="1" rowspan="1" class="indent2" width="20%">Parámetros</td>
        <td colspan="1" rowspan="1" width="80%">ASP.NET_SessionId</td>
      </tr>
      <tr>
        <td colspan="1" rowspan="1" class="indent2" width="20%">Ataque</td>
        <td colspan="1" rowspan="1" width="80%"/>
      </tr>
      <tr>
        <td colspan="1" rowspan="1" class="indent2" width="20%">Evidencia</td>
        <td colspan="1" rowspan="1" width="80%">e2ebbboivvfrfly0bk22ay5q</td>
      </tr>
      <tr>
        <td colspan="1" rowspan="1" class="indent2" width="20%">Other Info</td>
        <td colspan="1" rowspan="1" width="80%">
cookie:ASP.NET_SessionId</td>
      </tr>
      <tr>
        <td colspan="1" rowspan="1" class="indent1" width="20%">URL</td>
        <td colspan="1" rowspan="1" width="80%">
          <a shape="rect" href="https://todo.ly/">https://todo.ly/</a>
        </td>
      </tr>
      <tr>
        <td colspan="1" rowspan="1" class="indent2" width="20%">Método</td>
        <td colspan="1" rowspan="1" width="80%">GET</td>
      </tr>
      <tr>
        <td colspan="1" rowspan="1" class="indent2" width="20%">Parámetros</td>
        <td colspan="1" rowspan="1" width="80%">ASP.NET_SessionId</td>
      </tr>
      <tr>
        <td colspan="1" rowspan="1" class="indent2" width="20%">Ataque</td>
        <td colspan="1" rowspan="1" width="80%"/>
      </tr>
      <tr>
        <td colspan="1" rowspan="1" class="indent2" width="20%">Evidencia</td>
        <td colspan="1" rowspan="1" width="80%">qdzncscyhqlgkpdzb5ym3p1k</td>
      </tr>
      <tr>
        <td colspan="1" rowspan="1" class="indent2" width="20%">Other Info</td>
        <td colspan="1" rowspan="1" width="80%">
cookie:ASP.NET_SessionId</td>
      </tr>
      <tr>
        <td colspan="1" rowspan="1" class="indent1" width="20%">URL</td>
        <td colspan="1" rowspan="1" width="80%">
          <a shape="rect" href="https://todo.ly/">https://todo.ly/</a>
        </td>
      </tr>
      <tr>
        <td colspan="1" rowspan="1" class="indent2" width="20%">Método</td>
        <td colspan="1" rowspan="1" width="80%">GET</td>
      </tr>
      <tr>
        <td colspan="1" rowspan="1" class="indent2" width="20%">Parámetros</td>
        <td colspan="1" rowspan="1" width="80%">ASP.NET_SessionId</td>
      </tr>
      <tr>
        <td colspan="1" rowspan="1" class="indent2" width="20%">Ataque</td>
        <td colspan="1" rowspan="1" width="80%"/>
      </tr>
      <tr>
        <td colspan="1" rowspan="1" class="indent2" width="20%">Evidencia</td>
        <td colspan="1" rowspan="1" width="80%">xujejyugxzz5gvtz3wnywrbj</td>
      </tr>
      <tr>
        <td colspan="1" rowspan="1" class="indent2" width="20%">Other Info</td>
        <td colspan="1" rowspan="1" width="80%">
cookie:ASP.NET_SessionId</td>
      </tr>
      <tr>
        <td colspan="1" rowspan="1" class="indent1" width="20%">URL</td>
        <td colspan="1" rowspan="1" width="80%">
          <a shape="rect" href="https://todo.ly/">https://todo.ly/</a>
        </td>
      </tr>
      <tr>
        <td colspan="1" rowspan="1" class="indent2" width="20%">Método</td>
        <td colspan="1" rowspan="1" width="80%">GET</td>
      </tr>
      <tr>
        <td colspan="1" rowspan="1" class="indent2" width="20%">Parámetros</td>
        <td colspan="1" rowspan="1" width="80%">ASP.NET_SessionId</td>
      </tr>
      <tr>
        <td colspan="1" rowspan="1" class="indent2" width="20%">Ataque</td>
        <td colspan="1" rowspan="1" width="80%"/>
      </tr>
      <tr>
        <td colspan="1" rowspan="1" class="indent2" width="20%">Evidencia</td>
        <td colspan="1" rowspan="1" width="80%">xz0quzycenamsdr0mhbhfopv</td>
      </tr>
      <tr>
        <td colspan="1" rowspan="1" class="indent2" width="20%">Other Info</td>
        <td colspan="1" rowspan="1" width="80%">
cookie:ASP.NET_SessionId</td>
      </tr>
      <tr>
        <td colspan="1" rowspan="1" class="indent1" width="20%">URL</td>
        <td colspan="1" rowspan="1" width="80%">
          <a shape="rect" href="https://demo.owasp-juice.shop/rest/user/login">https://demo.owasp-juice.shop/rest/user/login</a>
        </td>
      </tr>
      <tr>
        <td colspan="1" rowspan="1" class="indent2" width="20%">Método</td>
        <td colspan="1" rowspan="1" width="80%">POST</td>
      </tr>
      <tr>
        <td colspan="1" rowspan="1" class="indent2" width="20%">Parámetros</td>
        <td colspan="1" rowspan="1" width="80%">authentication.token</td>
      </tr>
      <tr>
        <td colspan="1" rowspan="1" class="indent2" width="20%">Ataque</td>
        <td colspan="1" rowspan="1" width="80%"/>
      </tr>
      <tr>
        <td colspan="1" rowspan="1" class="indent2" width="20%">Evidencia</td>
        <td colspan="1" rowspan="1" width="80%">eyJ0eXAiOiJKV1QiLCJhbGciOiJSUzI1NiJ9.eyJzdGF0dXMiOiJzdWNjZXNzIiwiZGF0YSI6eyJpZCI6MjIsInVzZXJuYW1lIjoiIiwiZW1haWwiOiJqcXVpc3BlMzYwMEBnbWFpbC5jb20iLCJwYXNzd29yZCI6ImJjZjNmYTUyZmIzYWE5ZTkwZmNiNTdiNDI5ZDIyMDM3Iiwicm9sZSI6ImN1c3RvbWVyIiwiZGVsdXhlVG9rZW4iOiIiLCJsYXN0TG9naW5JcCI6InVuZGVmaW5lZCIsInByb2ZpbGVJbWFnZSI6Ii9hc3NldHMvcHVibGljL2ltYWdlcy91cGxvYWRzL2RlZmF1bHQuc3ZnIiwidG90cFNlY3JldCI6IiIsImlzQWN0aXZlIjp0cnVlLCJjcmVhdGVkQXQiOiIyMDI0LTA4LTE5IDAxOjAyOjAwLjg1NSArMDA6MDAiLCJ1cGRhdGVkQXQiOiIyMDI0LTA4LTE5IDAxOjAyOjE5LjY4MiArMDA6MDAiLCJkZWxldGVkQXQiOm51bGx9LCJpYXQiOjE3MjQwMzA0NTl9.HBdB6qLD07KlgWcyBq0mMqQ9QV33bc9v7uMIAHS0cgKlfza0Z8n11c5ZvqGLxZqSniYRXcA1luonVtRSWS4PXDAaCEoiYdUm36tcSIfTH4yBLqr533EVjz17EsJUYRMN1iDhxdhoIhFXxK1XUOJEKjnndUr8F2LekMF2HY_6EOM</td>
      </tr>
      <tr>
        <td colspan="1" rowspan="1" class="indent2" width="20%">Other Info</td>
        <td colspan="1" rowspan="1" width="80%">
json:authentication.token</td>
      </tr>
      <tr>
        <td colspan="1" rowspan="1" class="indent1" width="20%">URL</td>
        <td colspan="1" rowspan="1" width="80%">
          <a shape="rect" href="https://demo.owasp-juice.shop/rest/user/login">https://demo.owasp-juice.shop/rest/user/login</a>
        </td>
      </tr>
      <tr>
        <td colspan="1" rowspan="1" class="indent2" width="20%">Método</td>
        <td colspan="1" rowspan="1" width="80%">POST</td>
      </tr>
      <tr>
        <td colspan="1" rowspan="1" class="indent2" width="20%">Parámetros</td>
        <td colspan="1" rowspan="1" width="80%">authentication.token</td>
      </tr>
      <tr>
        <td colspan="1" rowspan="1" class="indent2" width="20%">Ataque</td>
        <td colspan="1" rowspan="1" width="80%"/>
      </tr>
      <tr>
        <td colspan="1" rowspan="1" class="indent2" width="20%">Evidencia</td>
        <td colspan="1" rowspan="1" width="80%">eyJ0eXAiOiJKV1QiLCJhbGciOiJSUzI1NiJ9.eyJzdGF0dXMiOiJzdWNjZXNzIiwiZGF0YSI6eyJpZCI6MjIsInVzZXJuYW1lIjoiIiwiZW1haWwiOiJqcXVpc3BlMzYwMEBnbWFpbC5jb20iLCJwYXNzd29yZCI6ImJjZjNmYTUyZmIzYWE5ZTkwZmNiNTdiNDI5ZDIyMDM3Iiwicm9sZSI6ImN1c3RvbWVyIiwiZGVsdXhlVG9rZW4iOiIiLCJsYXN0TG9naW5JcCI6InVuZGVmaW5lZCIsInByb2ZpbGVJbWFnZSI6Ii9hc3NldHMvcHVibGljL2ltYWdlcy91cGxvYWRzL2RlZmF1bHQuc3ZnIiwidG90cFNlY3JldCI6IiIsImlzQWN0aXZlIjp0cnVlLCJjcmVhdGVkQXQiOiIyMDI0LTA4LTE5IDAxOjAyOjAwLjg1NSArMDA6MDAiLCJ1cGRhdGVkQXQiOiIyMDI0LTA4LTE5IDAxOjAyOjE5LjY4MiArMDA6MDAiLCJkZWxldGVkQXQiOm51bGx9LCJpYXQiOjE3MjQwMzA2MzF9.PAerKfZbEOC7aVl32vsFqrP1UsfKEyYp5-Z9qOBBzsgEdRduh5hQZIDSQOx5QOE5NHCZNoSthKLG7Kg9TFqB_5VLQC9NXZcxjSbNuumTvnHs2rJx_91L65H4HtnLI2KOd7MtAXjYX8OCAGQziHaFYxSgPqp9ekF54NG7cVXZ-OI</td>
      </tr>
      <tr>
        <td colspan="1" rowspan="1" class="indent2" width="20%">Other Info</td>
        <td colspan="1" rowspan="1" width="80%">
json:authentication.token</td>
      </tr>
      <tr>
        <td colspan="1" rowspan="1" class="indent1" width="20%">URL</td>
        <td colspan="1" rowspan="1" width="80%">
          <a shape="rect" href="https://demo.owasp-juice.shop/rest/user/login">https://demo.owasp-juice.shop/rest/user/login</a>
        </td>
      </tr>
      <tr>
        <td colspan="1" rowspan="1" class="indent2" width="20%">Método</td>
        <td colspan="1" rowspan="1" width="80%">POST</td>
      </tr>
      <tr>
        <td colspan="1" rowspan="1" class="indent2" width="20%">Parámetros</td>
        <td colspan="1" rowspan="1" width="80%">authentication.token</td>
      </tr>
      <tr>
        <td colspan="1" rowspan="1" class="indent2" width="20%">Ataque</td>
        <td colspan="1" rowspan="1" width="80%"/>
      </tr>
      <tr>
        <td colspan="1" rowspan="1" class="indent2" width="20%">Evidencia</td>
        <td colspan="1" rowspan="1" width="80%">eyJ0eXAiOiJKV1QiLCJhbGciOiJSUzI1NiJ9.eyJzdGF0dXMiOiJzdWNjZXNzIiwiZGF0YSI6eyJpZCI6MjIsInVzZXJuYW1lIjoiIiwiZW1haWwiOiJqcXVpc3BlMzYwMEBnbWFpbC5jb20iLCJwYXNzd29yZCI6ImJjZjNmYTUyZmIzYWE5ZTkwZmNiNTdiNDI5ZDIyMDM3Iiwicm9sZSI6ImN1c3RvbWVyIiwiZGVsdXhlVG9rZW4iOiIiLCJsYXN0TG9naW5JcCI6InVuZGVmaW5lZCIsInByb2ZpbGVJbWFnZSI6Ii9hc3NldHMvcHVibGljL2ltYWdlcy91cGxvYWRzL2RlZmF1bHQuc3ZnIiwidG90cFNlY3JldCI6IiIsImlzQWN0aXZlIjp0cnVlLCJjcmVhdGVkQXQiOiIyMDI0LTA4LTE5IDAxOjAyOjAwLjg1NSArMDA6MDAiLCJ1cGRhdGVkQXQiOiIyMDI0LTA4LTE5IDAxOjAyOjE5LjY4MiArMDA6MDAiLCJkZWxldGVkQXQiOm51bGx9LCJpYXQiOjE3MjQwMzAzMTV9.OTg3rjpOF_BAVzQGtTwGWQ2skUt1O9SkBcMnIncp0j2LxFK7HNo8jPwI2mQG0OjRyB38PPnUac_Dg_JOLOWzBGTXKlq3R6vnyg9kb-DPVxhQ11B5_hUNCGXal52rJ5lrd6wQokt2H_av_XF7yTsspxtrC-TYKpwaZrap2LIPGy0</td>
      </tr>
      <tr>
        <td colspan="1" rowspan="1" class="indent2" width="20%">Other Info</td>
        <td colspan="1" rowspan="1" width="80%">
json:authentication.token</td>
      </tr>
      <tr>
        <td colspan="1" rowspan="1" class="indent1" width="20%">URL</td>
        <td colspan="1" rowspan="1" width="80%">
          <a shape="rect" href="https://play.google.com/log?format=json&amp;hasfast=true">https://play.google.com/log?format=json&amp;hasfast=true</a>
        </td>
      </tr>
      <tr>
        <td colspan="1" rowspan="1" class="indent2" width="20%">Método</td>
        <td colspan="1" rowspan="1" width="80%">POST</td>
      </tr>
      <tr>
        <td colspan="1" rowspan="1" class="indent2" width="20%">Parámetros</td>
        <td colspan="1" rowspan="1" width="80%">NID</td>
      </tr>
      <tr>
        <td colspan="1" rowspan="1" class="indent2" width="20%">Ataque</td>
        <td colspan="1" rowspan="1" width="80%"/>
      </tr>
      <tr>
        <td colspan="1" rowspan="1" class="indent2" width="20%">Evidencia</td>
        <td colspan="1" rowspan="1" width="80%">516=LeMegXK9CyBuC8xSs7eQhutRf3dPCG0VpuB6yxNy9nquh5e5y97W-SvgHed0CHOHs2tQA_JOJFrHcLgSbwmHVKjqPCDrDYjMl2pml2WLaJYV0RmP6NB45TLlKiI0b0iWCtTbkPaB1Aat5hXPTGe9xBs59yV4daMfueb4c9pkL6M</td>
      </tr>
      <tr>
        <td colspan="1" rowspan="1" class="indent2" width="20%">Other Info</td>
        <td colspan="1" rowspan="1" width="80%">
cookie:NID</td>
      </tr>
      <tr>
        <td colspan="1" rowspan="1" class="indent1" width="20%">URL</td>
        <td colspan="1" rowspan="1" width="80%">
          <a shape="rect" href="https://play.google.com/log?format=json&amp;hasfast=true">https://play.google.com/log?format=json&amp;hasfast=true</a>
        </td>
      </tr>
      <tr>
        <td colspan="1" rowspan="1" class="indent2" width="20%">Método</td>
        <td colspan="1" rowspan="1" width="80%">POST</td>
      </tr>
      <tr>
        <td colspan="1" rowspan="1" class="indent2" width="20%">Parámetros</td>
        <td colspan="1" rowspan="1" width="80%">NID</td>
      </tr>
      <tr>
        <td colspan="1" rowspan="1" class="indent2" width="20%">Ataque</td>
        <td colspan="1" rowspan="1" width="80%"/>
      </tr>
      <tr>
        <td colspan="1" rowspan="1" class="indent2" width="20%">Evidencia</td>
        <td colspan="1" rowspan="1" width="80%">516=TbBKmWyDBjYmRwFHlUfs68v_pJuQLOD0a59stmiSfNBwzPrw3LZdoue-oymmT989BUwiUrvVSGHBVepEJ9jjjGF_7oksVTGpBIpUsafqQFEDk33CRmqSkzbHwpaQMnONKrelnIDoa2AsSc6EYg4dlp1lBpHpo1saFwr9-pDi96LugTdv</td>
      </tr>
      <tr>
        <td colspan="1" rowspan="1" class="indent2" width="20%">Other Info</td>
        <td colspan="1" rowspan="1" width="80%">
cookie:NID</td>
      </tr>
      <tr>
        <td colspan="1" rowspan="1" class="indent1" width="20%">URL</td>
        <td colspan="1" rowspan="1" width="80%">
          <a shape="rect" href="https://play.google.com/log?format=json&amp;hasfast=true">https://play.google.com/log?format=json&amp;hasfast=true</a>
        </td>
      </tr>
      <tr>
        <td colspan="1" rowspan="1" class="indent2" width="20%">Método</td>
        <td colspan="1" rowspan="1" width="80%">POST</td>
      </tr>
      <tr>
        <td colspan="1" rowspan="1" class="indent2" width="20%">Parámetros</td>
        <td colspan="1" rowspan="1" width="80%">NID</td>
      </tr>
      <tr>
        <td colspan="1" rowspan="1" class="indent2" width="20%">Ataque</td>
        <td colspan="1" rowspan="1" width="80%"/>
      </tr>
      <tr>
        <td colspan="1" rowspan="1" class="indent2" width="20%">Evidencia</td>
        <td colspan="1" rowspan="1" width="80%">516=XKaJ6UQy7KikVUmEF0cWqjgd4_bqgr-s1ssdrzccMcd4pVm9tq3vYy9rVX0T38iOYnOcFKi5rDsUFqd5fi3rowPg9yB1g84WIwdhE80TERV2MUfvqIezNXeQ0oNRYM_VGbMOMeZrQr5EIP1ozUdu4qGq671Xttr5otbjxr2dDxA</td>
      </tr>
      <tr>
        <td colspan="1" rowspan="1" class="indent2" width="20%">Other Info</td>
        <td colspan="1" rowspan="1" width="80%">
cookie:NID</td>
      </tr>
      <tr>
        <td colspan="1" rowspan="1" class="indent1" width="20%">URL</td>
        <td colspan="1" rowspan="1" width="80%">
          <a shape="rect" href="https://todo.ly/">https://todo.ly/</a>
        </td>
      </tr>
      <tr>
        <td colspan="1" rowspan="1" class="indent2" width="20%">Método</td>
        <td colspan="1" rowspan="1" width="80%">POST</td>
      </tr>
      <tr>
        <td colspan="1" rowspan="1" class="indent2" width="20%">Parámetros</td>
        <td colspan="1" rowspan="1" width="80%">.ASPXAUTH</td>
      </tr>
      <tr>
        <td colspan="1" rowspan="1" class="indent2" width="20%">Ataque</td>
        <td colspan="1" rowspan="1" width="80%"/>
      </tr>
      <tr>
        <td colspan="1" rowspan="1" class="indent2" width="20%">Evidencia</td>
        <td colspan="1" rowspan="1" width="80%">3A085BD246D055E7A68CEA7B523520296DDF28D47D5E496EEA52BFBBC61C585EBCE28BDA7B3A24B3CCECBA8AD815D8A3250514D3D9B5EC5DEBC0616B755251CF17638DC321FCB2F08638C1D5A0805E2EDCE1410F60C25058C00F2D260D219EC921825C6C47B08EDC47543E92C0D3758D6F08FF50622820FA89D326B45842D10F8ECFA0F3F367EDA3F0EAB7FA3C8F4D6F9E38A1AD</td>
      </tr>
      <tr>
        <td colspan="1" rowspan="1" class="indent2" width="20%">Other Info</td>
        <td colspan="1" rowspan="1" width="80%">
cookie:.ASPXAUTH</td>
      </tr>
      <tr>
        <td colspan="1" rowspan="1" class="indent1" width="20%">URL</td>
        <td colspan="1" rowspan="1" width="80%">
          <a shape="rect" href="https://todo.ly/">https://todo.ly/</a>
        </td>
      </tr>
      <tr>
        <td colspan="1" rowspan="1" class="indent2" width="20%">Método</td>
        <td colspan="1" rowspan="1" width="80%">POST</td>
      </tr>
      <tr>
        <td colspan="1" rowspan="1" class="indent2" width="20%">Parámetros</td>
        <td colspan="1" rowspan="1" width="80%">.ASPXAUTH</td>
      </tr>
      <tr>
        <td colspan="1" rowspan="1" class="indent2" width="20%">Ataque</td>
        <td colspan="1" rowspan="1" width="80%"/>
      </tr>
      <tr>
        <td colspan="1" rowspan="1" class="indent2" width="20%">Evidencia</td>
        <td colspan="1" rowspan="1" width="80%">8391F89A058CA2A1BDE386F09CDBDC635848626E95B6AF43521F09ACC03DB6E7CF15AD420162B3AF7228A5C394B5D7C1654FB4487D3F261BCBF43E73C8B545846AA02EF3AB890EA42605CAB1F87F1C7309D7B689BE3998A90E271A918025A78645F87BBD52978621CAC607E49471384A2A5C3194164BBD37C5D7284F6B8B9960AEF21ED188F1F251F9AA13940E356CA7DE0E90C1</td>
      </tr>
      <tr>
        <td colspan="1" rowspan="1" class="indent2" width="20%">Other Info</td>
        <td colspan="1" rowspan="1" width="80%">
cookie:.ASPXAUTH</td>
      </tr>
      <tr>
        <td colspan="1" rowspan="1" class="indent1" width="20%">URL</td>
        <td colspan="1" rowspan="1" width="80%">
          <a shape="rect" href="https://todo.ly/">https://todo.ly/</a>
        </td>
      </tr>
      <tr>
        <td colspan="1" rowspan="1" class="indent2" width="20%">Método</td>
        <td colspan="1" rowspan="1" width="80%">POST</td>
      </tr>
      <tr>
        <td colspan="1" rowspan="1" class="indent2" width="20%">Parámetros</td>
        <td colspan="1" rowspan="1" width="80%">.ASPXAUTH</td>
      </tr>
      <tr>
        <td colspan="1" rowspan="1" class="indent2" width="20%">Ataque</td>
        <td colspan="1" rowspan="1" width="80%"/>
      </tr>
      <tr>
        <td colspan="1" rowspan="1" class="indent2" width="20%">Evidencia</td>
        <td colspan="1" rowspan="1" width="80%">8DCFAE44FE2E9D259366F314BEA20C92B647537EF5D71837DCB7AB58A8AED1A063FDFCB0EEE0D38C54666D011E1572FE06A4144E5014539BDCF959FE1821FAF817F7E2EB78534F1125F077222DC59FEA410773670A39AF4673AB54DD0E13B44301840782813891874BB85121407B1A301013ECE7610C26F898DED47927F4D5A6171096FC9CA29AE66E882BDAD1A033D852A98581</td>
      </tr>
      <tr>
        <td colspan="1" rowspan="1" class="indent2" width="20%">Other Info</td>
        <td colspan="1" rowspan="1" width="80%">
cookie:.ASPXAUTH</td>
      </tr>
      <tr>
        <td colspan="1" rowspan="1" class="indent1" width="20%">URL</td>
        <td colspan="1" rowspan="1" width="80%">
          <a shape="rect" href="https://todo.ly/">https://todo.ly/</a>
        </td>
      </tr>
      <tr>
        <td colspan="1" rowspan="1" class="indent2" width="20%">Método</td>
        <td colspan="1" rowspan="1" width="80%">POST</td>
      </tr>
      <tr>
        <td colspan="1" rowspan="1" class="indent2" width="20%">Parámetros</td>
        <td colspan="1" rowspan="1" width="80%">.ASPXAUTH</td>
      </tr>
      <tr>
        <td colspan="1" rowspan="1" class="indent2" width="20%">Ataque</td>
        <td colspan="1" rowspan="1" width="80%"/>
      </tr>
      <tr>
        <td colspan="1" rowspan="1" class="indent2" width="20%">Evidencia</td>
        <td colspan="1" rowspan="1" width="80%">ADB3E4AD36338B3B5DE3F2A6A705371DAB6F0C3C53FE49C2218A06349820287FFB6748C1EADC7C88A9D0931AB9203685F5A48937CFBB70E2048FD07EB07A30A3F3546CCC25885ABB59A5035522F4A602BDA5C4F8269F65534608B04208BA50BBA25F8F4545D979E8E2BD2A880CDE3DC4B7430000DB28D26E5A40D88F3EFF311CD49AF61AD1C9F344711D736FDDD9A03F17ED1BB5</td>
      </tr>
      <tr>
        <td colspan="1" rowspan="1" class="indent2" width="20%">Other Info</td>
        <td colspan="1" rowspan="1" width="80%">
cookie:.ASPXAUTH</td>
      </tr>
      <tr>
        <td colspan="1" rowspan="1" class="indent1" width="20%">URL</td>
        <td colspan="1" rowspan="1" width="80%">
          <a shape="rect" href="https://todo.ly/">https://todo.ly/</a>
        </td>
      </tr>
      <tr>
        <td colspan="1" rowspan="1" class="indent2" width="20%">Método</td>
        <td colspan="1" rowspan="1" width="80%">POST</td>
      </tr>
      <tr>
        <td colspan="1" rowspan="1" class="indent2" width="20%">Parámetros</td>
        <td colspan="1" rowspan="1" width="80%">.ASPXAUTH</td>
      </tr>
      <tr>
        <td colspan="1" rowspan="1" class="indent2" width="20%">Ataque</td>
        <td colspan="1" rowspan="1" width="80%"/>
      </tr>
      <tr>
        <td colspan="1" rowspan="1" class="indent2" width="20%">Evidencia</td>
        <td colspan="1" rowspan="1" width="80%">FAEBE9381E5C4956C2B40B0DACF18815FD07BA26D8A2B0F86FD10B2BADD13BFCFBBAB6F3AE3AC657DAFCE322103DD6E595A58C83774306BA84539872FFCFE566DD5B9D16EB0950931768D0E5A239DB81AD53499DE79C8D0208FBEA65829CD4AC63B19AD16CFBA8B3791DA950EAE894248B47B1AC4557EDAF0ABF1F7B185823B05CA6A010570B53D21148DDA37571B1A9EB2E9DF5</td>
      </tr>
      <tr>
        <td colspan="1" rowspan="1" class="indent2" width="20%">Other Info</td>
        <td colspan="1" rowspan="1" width="80%">
cookie:.ASPXAUTH</td>
      </tr>
      <tr>
        <td colspan="1" rowspan="1" class="indent1" width="20%">URL</td>
        <td colspan="1" rowspan="1" width="80%">
          <a shape="rect" href="https://todo.ly/">https://todo.ly/</a>
        </td>
      </tr>
      <tr>
        <td colspan="1" rowspan="1" class="indent2" width="20%">Método</td>
        <td colspan="1" rowspan="1" width="80%">GET</td>
      </tr>
      <tr>
        <td colspan="1" rowspan="1" class="indent2" width="20%">Parámetros</td>
        <td colspan="1" rowspan="1" width="80%">ASP.NET_SessionId</td>
      </tr>
      <tr>
        <td colspan="1" rowspan="1" class="indent2" width="20%">Ataque</td>
        <td colspan="1" rowspan="1" width="80%"/>
      </tr>
      <tr>
        <td colspan="1" rowspan="1" class="indent2" width="20%">Evidencia</td>
        <td colspan="1" rowspan="1" width="80%">c1znajcvpf0pmoleck3nmy32</td>
      </tr>
      <tr>
        <td colspan="1" rowspan="1" class="indent2" width="20%">Other Info</td>
        <td colspan="1" rowspan="1" width="80%">
cookie:ASP.NET_SessionId</td>
      </tr>
      <tr>
        <td colspan="1" rowspan="1" class="indent1" width="20%">URL</td>
        <td colspan="1" rowspan="1" width="80%">
          <a shape="rect" href="https://todo.ly/">https://todo.ly/</a>
        </td>
      </tr>
      <tr>
        <td colspan="1" rowspan="1" class="indent2" width="20%">Método</td>
        <td colspan="1" rowspan="1" width="80%">GET</td>
      </tr>
      <tr>
        <td colspan="1" rowspan="1" class="indent2" width="20%">Parámetros</td>
        <td colspan="1" rowspan="1" width="80%">ASP.NET_SessionId</td>
      </tr>
      <tr>
        <td colspan="1" rowspan="1" class="indent2" width="20%">Ataque</td>
        <td colspan="1" rowspan="1" width="80%"/>
      </tr>
      <tr>
        <td colspan="1" rowspan="1" class="indent2" width="20%">Evidencia</td>
        <td colspan="1" rowspan="1" width="80%">du25v2el0kbbn4jbfdgo1ga2</td>
      </tr>
      <tr>
        <td colspan="1" rowspan="1" class="indent2" width="20%">Other Info</td>
        <td colspan="1" rowspan="1" width="80%">
cookie:ASP.NET_SessionId</td>
      </tr>
      <tr>
        <td colspan="1" rowspan="1" class="indent1" width="20%">URL</td>
        <td colspan="1" rowspan="1" width="80%">
          <a shape="rect" href="https://todo.ly/">https://todo.ly/</a>
        </td>
      </tr>
      <tr>
        <td colspan="1" rowspan="1" class="indent2" width="20%">Método</td>
        <td colspan="1" rowspan="1" width="80%">GET</td>
      </tr>
      <tr>
        <td colspan="1" rowspan="1" class="indent2" width="20%">Parámetros</td>
        <td colspan="1" rowspan="1" width="80%">ASP.NET_SessionId</td>
      </tr>
      <tr>
        <td colspan="1" rowspan="1" class="indent2" width="20%">Ataque</td>
        <td colspan="1" rowspan="1" width="80%"/>
      </tr>
      <tr>
        <td colspan="1" rowspan="1" class="indent2" width="20%">Evidencia</td>
        <td colspan="1" rowspan="1" width="80%">e2ebbboivvfrfly0bk22ay5q</td>
      </tr>
      <tr>
        <td colspan="1" rowspan="1" class="indent2" width="20%">Other Info</td>
        <td colspan="1" rowspan="1" width="80%">
cookie:ASP.NET_SessionId</td>
      </tr>
      <tr>
        <td colspan="1" rowspan="1" class="indent1" width="20%">URL</td>
        <td colspan="1" rowspan="1" width="80%">
          <a shape="rect" href="https://todo.ly/">https://todo.ly/</a>
        </td>
      </tr>
      <tr>
        <td colspan="1" rowspan="1" class="indent2" width="20%">Método</td>
        <td colspan="1" rowspan="1" width="80%">GET</td>
      </tr>
      <tr>
        <td colspan="1" rowspan="1" class="indent2" width="20%">Parámetros</td>
        <td colspan="1" rowspan="1" width="80%">ASP.NET_SessionId</td>
      </tr>
      <tr>
        <td colspan="1" rowspan="1" class="indent2" width="20%">Ataque</td>
        <td colspan="1" rowspan="1" width="80%"/>
      </tr>
      <tr>
        <td colspan="1" rowspan="1" class="indent2" width="20%">Evidencia</td>
        <td colspan="1" rowspan="1" width="80%">qdzncscyhqlgkpdzb5ym3p1k</td>
      </tr>
      <tr>
        <td colspan="1" rowspan="1" class="indent2" width="20%">Other Info</td>
        <td colspan="1" rowspan="1" width="80%">
cookie:ASP.NET_SessionId</td>
      </tr>
      <tr>
        <td colspan="1" rowspan="1" class="indent1" width="20%">URL</td>
        <td colspan="1" rowspan="1" width="80%">
          <a shape="rect" href="https://todo.ly/">https://todo.ly/</a>
        </td>
      </tr>
      <tr>
        <td colspan="1" rowspan="1" class="indent2" width="20%">Método</td>
        <td colspan="1" rowspan="1" width="80%">GET</td>
      </tr>
      <tr>
        <td colspan="1" rowspan="1" class="indent2" width="20%">Parámetros</td>
        <td colspan="1" rowspan="1" width="80%">ASP.NET_SessionId</td>
      </tr>
      <tr>
        <td colspan="1" rowspan="1" class="indent2" width="20%">Ataque</td>
        <td colspan="1" rowspan="1" width="80%"/>
      </tr>
      <tr>
        <td colspan="1" rowspan="1" class="indent2" width="20%">Evidencia</td>
        <td colspan="1" rowspan="1" width="80%">xujejyugxzz5gvtz3wnywrbj</td>
      </tr>
      <tr>
        <td colspan="1" rowspan="1" class="indent2" width="20%">Other Info</td>
        <td colspan="1" rowspan="1" width="80%">
cookie:ASP.NET_SessionId</td>
      </tr>
      <tr>
        <td colspan="1" rowspan="1" class="indent1" width="20%">URL</td>
        <td colspan="1" rowspan="1" width="80%">
          <a shape="rect" href="https://todo.ly/">https://todo.ly/</a>
        </td>
      </tr>
      <tr>
        <td colspan="1" rowspan="1" class="indent2" width="20%">Método</td>
        <td colspan="1" rowspan="1" width="80%">GET</td>
      </tr>
      <tr>
        <td colspan="1" rowspan="1" class="indent2" width="20%">Parámetros</td>
        <td colspan="1" rowspan="1" width="80%">ASP.NET_SessionId</td>
      </tr>
      <tr>
        <td colspan="1" rowspan="1" class="indent2" width="20%">Ataque</td>
        <td colspan="1" rowspan="1" width="80%"/>
      </tr>
      <tr>
        <td colspan="1" rowspan="1" class="indent2" width="20%">Evidencia</td>
        <td colspan="1" rowspan="1" width="80%">xz0quzycenamsdr0mhbhfopv</td>
      </tr>
      <tr>
        <td colspan="1" rowspan="1" class="indent2" width="20%">Other Info</td>
        <td colspan="1" rowspan="1" width="80%">
cookie:ASP.NET_SessionId</td>
      </tr>
      <tr>
        <td colspan="1" rowspan="1" class="indent1" width="20%">URL</td>
        <td colspan="1" rowspan="1" width="80%">
          <a shape="rect" href="https://demo.owasp-juice.shop/rest/user/login">https://demo.owasp-juice.shop/rest/user/login</a>
        </td>
      </tr>
      <tr>
        <td colspan="1" rowspan="1" class="indent2" width="20%">Método</td>
        <td colspan="1" rowspan="1" width="80%">POST</td>
      </tr>
      <tr>
        <td colspan="1" rowspan="1" class="indent2" width="20%">Parámetros</td>
        <td colspan="1" rowspan="1" width="80%">authentication.token</td>
      </tr>
      <tr>
        <td colspan="1" rowspan="1" class="indent2" width="20%">Ataque</td>
        <td colspan="1" rowspan="1" width="80%"/>
      </tr>
      <tr>
        <td colspan="1" rowspan="1" class="indent2" width="20%">Evidencia</td>
        <td colspan="1" rowspan="1" width="80%">eyJ0eXAiOiJKV1QiLCJhbGciOiJSUzI1NiJ9.eyJzdGF0dXMiOiJzdWNjZXNzIiwiZGF0YSI6eyJpZCI6MjIsInVzZXJuYW1lIjoiIiwiZW1haWwiOiJqcXVpc3BlMzYwMEBnbWFpbC5jb20iLCJwYXNzd29yZCI6ImJjZjNmYTUyZmIzYWE5ZTkwZmNiNTdiNDI5ZDIyMDM3Iiwicm9sZSI6ImN1c3RvbWVyIiwiZGVsdXhlVG9rZW4iOiIiLCJsYXN0TG9naW5JcCI6InVuZGVmaW5lZCIsInByb2ZpbGVJbWFnZSI6Ii9hc3NldHMvcHVibGljL2ltYWdlcy91cGxvYWRzL2RlZmF1bHQuc3ZnIiwidG90cFNlY3JldCI6IiIsImlzQWN0aXZlIjp0cnVlLCJjcmVhdGVkQXQiOiIyMDI0LTA4LTE5IDAxOjAyOjAwLjg1NSArMDA6MDAiLCJ1cGRhdGVkQXQiOiIyMDI0LTA4LTE5IDAxOjAyOjE5LjY4MiArMDA6MDAiLCJkZWxldGVkQXQiOm51bGx9LCJpYXQiOjE3MjQwMzA0NTl9.HBdB6qLD07KlgWcyBq0mMqQ9QV33bc9v7uMIAHS0cgKlfza0Z8n11c5ZvqGLxZqSniYRXcA1luonVtRSWS4PXDAaCEoiYdUm36tcSIfTH4yBLqr533EVjz17EsJUYRMN1iDhxdhoIhFXxK1XUOJEKjnndUr8F2LekMF2HY_6EOM</td>
      </tr>
      <tr>
        <td colspan="1" rowspan="1" class="indent2" width="20%">Other Info</td>
        <td colspan="1" rowspan="1" width="80%">
json:authentication.token</td>
      </tr>
      <tr>
        <td colspan="1" rowspan="1" class="indent1" width="20%">URL</td>
        <td colspan="1" rowspan="1" width="80%">
          <a shape="rect" href="https://demo.owasp-juice.shop/rest/user/login">https://demo.owasp-juice.shop/rest/user/login</a>
        </td>
      </tr>
      <tr>
        <td colspan="1" rowspan="1" class="indent2" width="20%">Método</td>
        <td colspan="1" rowspan="1" width="80%">POST</td>
      </tr>
      <tr>
        <td colspan="1" rowspan="1" class="indent2" width="20%">Parámetros</td>
        <td colspan="1" rowspan="1" width="80%">authentication.token</td>
      </tr>
      <tr>
        <td colspan="1" rowspan="1" class="indent2" width="20%">Ataque</td>
        <td colspan="1" rowspan="1" width="80%"/>
      </tr>
      <tr>
        <td colspan="1" rowspan="1" class="indent2" width="20%">Evidencia</td>
        <td colspan="1" rowspan="1" width="80%">eyJ0eXAiOiJKV1QiLCJhbGciOiJSUzI1NiJ9.eyJzdGF0dXMiOiJzdWNjZXNzIiwiZGF0YSI6eyJpZCI6MjIsInVzZXJuYW1lIjoiIiwiZW1haWwiOiJqcXVpc3BlMzYwMEBnbWFpbC5jb20iLCJwYXNzd29yZCI6ImJjZjNmYTUyZmIzYWE5ZTkwZmNiNTdiNDI5ZDIyMDM3Iiwicm9sZSI6ImN1c3RvbWVyIiwiZGVsdXhlVG9rZW4iOiIiLCJsYXN0TG9naW5JcCI6InVuZGVmaW5lZCIsInByb2ZpbGVJbWFnZSI6Ii9hc3NldHMvcHVibGljL2ltYWdlcy91cGxvYWRzL2RlZmF1bHQuc3ZnIiwidG90cFNlY3JldCI6IiIsImlzQWN0aXZlIjp0cnVlLCJjcmVhdGVkQXQiOiIyMDI0LTA4LTE5IDAxOjAyOjAwLjg1NSArMDA6MDAiLCJ1cGRhdGVkQXQiOiIyMDI0LTA4LTE5IDAxOjAyOjE5LjY4MiArMDA6MDAiLCJkZWxldGVkQXQiOm51bGx9LCJpYXQiOjE3MjQwMzA2MzF9.PAerKfZbEOC7aVl32vsFqrP1UsfKEyYp5-Z9qOBBzsgEdRduh5hQZIDSQOx5QOE5NHCZNoSthKLG7Kg9TFqB_5VLQC9NXZcxjSbNuumTvnHs2rJx_91L65H4HtnLI2KOd7MtAXjYX8OCAGQziHaFYxSgPqp9ekF54NG7cVXZ-OI</td>
      </tr>
      <tr>
        <td colspan="1" rowspan="1" class="indent2" width="20%">Other Info</td>
        <td colspan="1" rowspan="1" width="80%">
json:authentication.token</td>
      </tr>
      <tr>
        <td colspan="1" rowspan="1" class="indent1" width="20%">URL</td>
        <td colspan="1" rowspan="1" width="80%">
          <a shape="rect" href="https://demo.owasp-juice.shop/rest/user/login">https://demo.owasp-juice.shop/rest/user/login</a>
        </td>
      </tr>
      <tr>
        <td colspan="1" rowspan="1" class="indent2" width="20%">Método</td>
        <td colspan="1" rowspan="1" width="80%">POST</td>
      </tr>
      <tr>
        <td colspan="1" rowspan="1" class="indent2" width="20%">Parámetros</td>
        <td colspan="1" rowspan="1" width="80%">authentication.token</td>
      </tr>
      <tr>
        <td colspan="1" rowspan="1" class="indent2" width="20%">Ataque</td>
        <td colspan="1" rowspan="1" width="80%"/>
      </tr>
      <tr>
        <td colspan="1" rowspan="1" class="indent2" width="20%">Evidencia</td>
        <td colspan="1" rowspan="1" width="80%">eyJ0eXAiOiJKV1QiLCJhbGciOiJSUzI1NiJ9.eyJzdGF0dXMiOiJzdWNjZXNzIiwiZGF0YSI6eyJpZCI6MjIsInVzZXJuYW1lIjoiIiwiZW1haWwiOiJqcXVpc3BlMzYwMEBnbWFpbC5jb20iLCJwYXNzd29yZCI6ImJjZjNmYTUyZmIzYWE5ZTkwZmNiNTdiNDI5ZDIyMDM3Iiwicm9sZSI6ImN1c3RvbWVyIiwiZGVsdXhlVG9rZW4iOiIiLCJsYXN0TG9naW5JcCI6InVuZGVmaW5lZCIsInByb2ZpbGVJbWFnZSI6Ii9hc3NldHMvcHVibGljL2ltYWdlcy91cGxvYWRzL2RlZmF1bHQuc3ZnIiwidG90cFNlY3JldCI6IiIsImlzQWN0aXZlIjp0cnVlLCJjcmVhdGVkQXQiOiIyMDI0LTA4LTE5IDAxOjAyOjAwLjg1NSArMDA6MDAiLCJ1cGRhdGVkQXQiOiIyMDI0LTA4LTE5IDAxOjAyOjE5LjY4MiArMDA6MDAiLCJkZWxldGVkQXQiOm51bGx9LCJpYXQiOjE3MjQwMzAzMTV9.OTg3rjpOF_BAVzQGtTwGWQ2skUt1O9SkBcMnIncp0j2LxFK7HNo8jPwI2mQG0OjRyB38PPnUac_Dg_JOLOWzBGTXKlq3R6vnyg9kb-DPVxhQ11B5_hUNCGXal52rJ5lrd6wQokt2H_av_XF7yTsspxtrC-TYKpwaZrap2LIPGy0</td>
      </tr>
      <tr>
        <td colspan="1" rowspan="1" class="indent2" width="20%">Other Info</td>
        <td colspan="1" rowspan="1" width="80%">
json:authentication.token</td>
      </tr>
      <tr>
        <td colspan="1" rowspan="1" class="indent1" width="20%">URL</td>
        <td colspan="1" rowspan="1" width="80%">
          <a shape="rect" href="https://play.google.com/log?format=json&amp;hasfast=true">https://play.google.com/log?format=json&amp;hasfast=true</a>
        </td>
      </tr>
      <tr>
        <td colspan="1" rowspan="1" class="indent2" width="20%">Método</td>
        <td colspan="1" rowspan="1" width="80%">POST</td>
      </tr>
      <tr>
        <td colspan="1" rowspan="1" class="indent2" width="20%">Parámetros</td>
        <td colspan="1" rowspan="1" width="80%">NID</td>
      </tr>
      <tr>
        <td colspan="1" rowspan="1" class="indent2" width="20%">Ataque</td>
        <td colspan="1" rowspan="1" width="80%"/>
      </tr>
      <tr>
        <td colspan="1" rowspan="1" class="indent2" width="20%">Evidencia</td>
        <td colspan="1" rowspan="1" width="80%">516=XKaJ6UQy7KikVUmEF0cWqjgd4_bqgr-s1ssdrzccMcd4pVm9tq3vYy9rVX0T38iOYnOcFKi5rDsUFqd5fi3rowPg9yB1g84WIwdhE80TERV2MUfvqIezNXeQ0oNRYM_VGbMOMeZrQr5EIP1ozUdu4qGq671Xttr5otbjxr2dDxA</td>
      </tr>
      <tr>
        <td colspan="1" rowspan="1" class="indent2" width="20%">Other Info</td>
        <td colspan="1" rowspan="1" width="80%">
cookie:NID</td>
      </tr>
      <tr>
        <td colspan="1" rowspan="1" class="indent1" width="20%">URL</td>
        <td colspan="1" rowspan="1" width="80%">
          <a shape="rect" href="https://todo.ly/">https://todo.ly/</a>
        </td>
      </tr>
      <tr>
        <td colspan="1" rowspan="1" class="indent2" width="20%">Método</td>
        <td colspan="1" rowspan="1" width="80%">POST</td>
      </tr>
      <tr>
        <td colspan="1" rowspan="1" class="indent2" width="20%">Parámetros</td>
        <td colspan="1" rowspan="1" width="80%">.ASPXAUTH</td>
      </tr>
      <tr>
        <td colspan="1" rowspan="1" class="indent2" width="20%">Ataque</td>
        <td colspan="1" rowspan="1" width="80%"/>
      </tr>
      <tr>
        <td colspan="1" rowspan="1" class="indent2" width="20%">Evidencia</td>
        <td colspan="1" rowspan="1" width="80%">3A085BD246D055E7A68CEA7B523520296DDF28D47D5E496EEA52BFBBC61C585EBCE28BDA7B3A24B3CCECBA8AD815D8A3250514D3D9B5EC5DEBC0616B755251CF17638DC321FCB2F08638C1D5A0805E2EDCE1410F60C25058C00F2D260D219EC921825C6C47B08EDC47543E92C0D3758D6F08FF50622820FA89D326B45842D10F8ECFA0F3F367EDA3F0EAB7FA3C8F4D6F9E38A1AD</td>
      </tr>
      <tr>
        <td colspan="1" rowspan="1" class="indent2" width="20%">Other Info</td>
        <td colspan="1" rowspan="1" width="80%">
cookie:.ASPXAUTH</td>
      </tr>
      <tr>
        <td colspan="1" rowspan="1" class="indent1" width="20%">URL</td>
        <td colspan="1" rowspan="1" width="80%">
          <a shape="rect" href="https://todo.ly/">https://todo.ly/</a>
        </td>
      </tr>
      <tr>
        <td colspan="1" rowspan="1" class="indent2" width="20%">Método</td>
        <td colspan="1" rowspan="1" width="80%">POST</td>
      </tr>
      <tr>
        <td colspan="1" rowspan="1" class="indent2" width="20%">Parámetros</td>
        <td colspan="1" rowspan="1" width="80%">.ASPXAUTH</td>
      </tr>
      <tr>
        <td colspan="1" rowspan="1" class="indent2" width="20%">Ataque</td>
        <td colspan="1" rowspan="1" width="80%"/>
      </tr>
      <tr>
        <td colspan="1" rowspan="1" class="indent2" width="20%">Evidencia</td>
        <td colspan="1" rowspan="1" width="80%">8391F89A058CA2A1BDE386F09CDBDC635848626E95B6AF43521F09ACC03DB6E7CF15AD420162B3AF7228A5C394B5D7C1654FB4487D3F261BCBF43E73C8B545846AA02EF3AB890EA42605CAB1F87F1C7309D7B689BE3998A90E271A918025A78645F87BBD52978621CAC607E49471384A2A5C3194164BBD37C5D7284F6B8B9960AEF21ED188F1F251F9AA13940E356CA7DE0E90C1</td>
      </tr>
      <tr>
        <td colspan="1" rowspan="1" class="indent2" width="20%">Other Info</td>
        <td colspan="1" rowspan="1" width="80%">
cookie:.ASPXAUTH</td>
      </tr>
      <tr>
        <td colspan="1" rowspan="1" class="indent1" width="20%">URL</td>
        <td colspan="1" rowspan="1" width="80%">
          <a shape="rect" href="https://todo.ly/">https://todo.ly/</a>
        </td>
      </tr>
      <tr>
        <td colspan="1" rowspan="1" class="indent2" width="20%">Método</td>
        <td colspan="1" rowspan="1" width="80%">POST</td>
      </tr>
      <tr>
        <td colspan="1" rowspan="1" class="indent2" width="20%">Parámetros</td>
        <td colspan="1" rowspan="1" width="80%">.ASPXAUTH</td>
      </tr>
      <tr>
        <td colspan="1" rowspan="1" class="indent2" width="20%">Ataque</td>
        <td colspan="1" rowspan="1" width="80%"/>
      </tr>
      <tr>
        <td colspan="1" rowspan="1" class="indent2" width="20%">Evidencia</td>
        <td colspan="1" rowspan="1" width="80%">8DCFAE44FE2E9D259366F314BEA20C92B647537EF5D71837DCB7AB58A8AED1A063FDFCB0EEE0D38C54666D011E1572FE06A4144E5014539BDCF959FE1821FAF817F7E2EB78534F1125F077222DC59FEA410773670A39AF4673AB54DD0E13B44301840782813891874BB85121407B1A301013ECE7610C26F898DED47927F4D5A6171096FC9CA29AE66E882BDAD1A033D852A98581</td>
      </tr>
      <tr>
        <td colspan="1" rowspan="1" class="indent2" width="20%">Other Info</td>
        <td colspan="1" rowspan="1" width="80%">
cookie:.ASPXAUTH</td>
      </tr>
      <tr>
        <td colspan="1" rowspan="1" class="indent1" width="20%">URL</td>
        <td colspan="1" rowspan="1" width="80%">
          <a shape="rect" href="https://todo.ly/">https://todo.ly/</a>
        </td>
      </tr>
      <tr>
        <td colspan="1" rowspan="1" class="indent2" width="20%">Método</td>
        <td colspan="1" rowspan="1" width="80%">POST</td>
      </tr>
      <tr>
        <td colspan="1" rowspan="1" class="indent2" width="20%">Parámetros</td>
        <td colspan="1" rowspan="1" width="80%">.ASPXAUTH</td>
      </tr>
      <tr>
        <td colspan="1" rowspan="1" class="indent2" width="20%">Ataque</td>
        <td colspan="1" rowspan="1" width="80%"/>
      </tr>
      <tr>
        <td colspan="1" rowspan="1" class="indent2" width="20%">Evidencia</td>
        <td colspan="1" rowspan="1" width="80%">ADB3E4AD36338B3B5DE3F2A6A705371DAB6F0C3C53FE49C2218A06349820287FFB6748C1EADC7C88A9D0931AB9203685F5A48937CFBB70E2048FD07EB07A30A3F3546CCC25885ABB59A5035522F4A602BDA5C4F8269F65534608B04208BA50BBA25F8F4545D979E8E2BD2A880CDE3DC4B7430000DB28D26E5A40D88F3EFF311CD49AF61AD1C9F344711D736FDDD9A03F17ED1BB5</td>
      </tr>
      <tr>
        <td colspan="1" rowspan="1" class="indent2" width="20%">Other Info</td>
        <td colspan="1" rowspan="1" width="80%">
cookie:.ASPXAUTH</td>
      </tr>
      <tr>
        <td colspan="1" rowspan="1" class="indent1" width="20%">URL</td>
        <td colspan="1" rowspan="1" width="80%">
          <a shape="rect" href="https://todo.ly/">https://todo.ly/</a>
        </td>
      </tr>
      <tr>
        <td colspan="1" rowspan="1" class="indent2" width="20%">Método</td>
        <td colspan="1" rowspan="1" width="80%">POST</td>
      </tr>
      <tr>
        <td colspan="1" rowspan="1" class="indent2" width="20%">Parámetros</td>
        <td colspan="1" rowspan="1" width="80%">.ASPXAUTH</td>
      </tr>
      <tr>
        <td colspan="1" rowspan="1" class="indent2" width="20%">Ataque</td>
        <td colspan="1" rowspan="1" width="80%"/>
      </tr>
      <tr>
        <td colspan="1" rowspan="1" class="indent2" width="20%">Evidencia</td>
        <td colspan="1" rowspan="1" width="80%">FAEBE9381E5C4956C2B40B0DACF18815FD07BA26D8A2B0F86FD10B2BADD13BFCFBBAB6F3AE3AC657DAFCE322103DD6E595A58C83774306BA84539872FFCFE566DD5B9D16EB0950931768D0E5A239DB81AD53499DE79C8D0208FBEA65829CD4AC63B19AD16CFBA8B3791DA950EAE894248B47B1AC4557EDAF0ABF1F7B185823B05CA6A010570B53D21148DDA37571B1A9EB2E9DF5</td>
      </tr>
      <tr>
        <td colspan="1" rowspan="1" class="indent2" width="20%">Other Info</td>
        <td colspan="1" rowspan="1" width="80%">
cookie:.ASPXAUTH</td>
      </tr>
      <tr>
        <td colspan="1" rowspan="1" width="20%">Instancia</td>
        <td colspan="1" rowspan="1" width="80%">32</td>
      </tr>
      <tr>
        <td colspan="1" rowspan="1" width="20%">Solución</td>
        <td colspan="1" rowspan="1" width="80%">
          <div>Se trata de una alerta informativa y no de una vulnerabilidad, por lo que no hay nada que corregir.</div>
        </td>
      </tr>
      <tr>
        <td colspan="1" rowspan="1" width="20%">Referencia</td>
        <td colspan="1" rowspan="1" width="80%">
          <a shape="rect" href="https://www.zaproxy.org/docs/desktop/addons/authentication-helper/session-mgmt-id">https://www.zaproxy.org/docs/desktop/addons/authentication-helper/session-mgmt-id</a>
        </td>
      </tr>
      <tr>
        <td colspan="1" rowspan="1" width="20%">CWE Id</td>
        <td colspan="1" rowspan="1" width="80%"/>
      </tr>
      <tr>
        <td colspan="1" rowspan="1" width="20%">WASC Id</td>
        <td colspan="1" rowspan="1" width="80%"/>
      </tr>
      <tr>
        <td colspan="1" rowspan="1" width="20%">Plugin Id</td>
        <td colspan="1" rowspan="1" width="80%">
          <a shape="rect" href="https://www.zaproxy.org/docs/alerts/10112/">10112</a>
        </td>
      </tr>
    </table>
    <div class="spacer"/>
    <table class="results">
      <tr height="24">
        <th colspan="1" rowspan="1" class="risk-0" width="20%">
          <a shape="rect" id="10050"/>
          <div>Informativo</div>
        </th>
        <th colspan="1" rowspan="1" class="risk-0">Retrieved from Cache</th>
      </tr>
      <tr>
        <td colspan="1" rowspan="1" width="20%">Descripción</td>
        <td colspan="1" rowspan="1" width="80%">
          <div>The content was retrieved from a shared cache. If the response data is sensitive, personal or user-specific, this may result in sensitive information being leaked. In some cases, this may even result in a user gaining complete control of the session of another user, depending on the configuration of the caching components in use in their environment. This is primarily an issue where caching servers such as "proxy" caches are configured on the local network. This configuration is typically found in corporate or educational environments, for instance. </div>
        </td>
      </tr>
      <tr valign="top">
        <td colspan="2" rowspan="1"/>
      </tr>
      <tr>
        <td colspan="1" rowspan="1" class="indent1" width="20%">URL</td>
        <td colspan="1" rowspan="1" width="80%">
          <a shape="rect" href="https://apis.google.com/_/scs/abc-static/_/js/k=gapi.gapi.en.MGCxJbnW_Xw.O/m=gapi_iframes,googleapis_client/rt=j/sv=1/d=1/ed=1/am=AAAg/rs=AHpOoo9xa4htLEVH9xe6c4ToUehtTaLWvA/cb=gapi.loaded_0">https://apis.google.com/_/scs/abc-static/_/js/k=gapi.gapi.en.MGCxJbnW_Xw.O/m=gapi_iframes,googleapis_client/rt=j/sv=1/d=1/ed=1/am=AAAg/rs=AHpOoo9xa4htLEVH9xe6c4ToUehtTaLWvA/cb=gapi.loaded_0</a>
        </td>
      </tr>
      <tr>
        <td colspan="1" rowspan="1" class="indent2" width="20%">Método</td>
        <td colspan="1" rowspan="1" width="80%">GET</td>
      </tr>
      <tr>
        <td colspan="1" rowspan="1" class="indent2" width="20%">Parámetros</td>
        <td colspan="1" rowspan="1" width="80%"/>
      </tr>
      <tr>
        <td colspan="1" rowspan="1" class="indent2" width="20%">Ataque</td>
        <td colspan="1" rowspan="1" width="80%"/>
      </tr>
      <tr>
        <td colspan="1" rowspan="1" class="indent2" width="20%">Evidencia</td>
        <td colspan="1" rowspan="1" width="80%">Age: 374497</td>
      </tr>
      <tr>
        <td colspan="1" rowspan="1" class="indent2" width="20%">Other Info</td>
        <td colspan="1" rowspan="1" width="80%">The presence of the 'Age' header indicates that a HTTP/1.1 compliant caching server is in use.</td>
      </tr>
      <tr>
        <td colspan="1" rowspan="1" class="indent1" width="20%">URL</td>
        <td colspan="1" rowspan="1" width="80%">
          <a shape="rect" href="https://apis.google.com/_/scs/abc-static/_/js/k=gapi.gapi.en.MGCxJbnW_Xw.O/m=gapi_iframes,googleapis_client/rt=j/sv=1/d=1/ed=1/am=AAAg/rs=AHpOoo9xa4htLEVH9xe6c4ToUehtTaLWvA/cb=gapi.loaded_0">https://apis.google.com/_/scs/abc-static/_/js/k=gapi.gapi.en.MGCxJbnW_Xw.O/m=gapi_iframes,googleapis_client/rt=j/sv=1/d=1/ed=1/am=AAAg/rs=AHpOoo9xa4htLEVH9xe6c4ToUehtTaLWvA/cb=gapi.loaded_0</a>
        </td>
      </tr>
      <tr>
        <td colspan="1" rowspan="1" class="indent2" width="20%">Método</td>
        <td colspan="1" rowspan="1" width="80%">GET</td>
      </tr>
      <tr>
        <td colspan="1" rowspan="1" class="indent2" width="20%">Parámetros</td>
        <td colspan="1" rowspan="1" width="80%"/>
      </tr>
      <tr>
        <td colspan="1" rowspan="1" class="indent2" width="20%">Ataque</td>
        <td colspan="1" rowspan="1" width="80%"/>
      </tr>
      <tr>
        <td colspan="1" rowspan="1" class="indent2" width="20%">Evidencia</td>
        <td colspan="1" rowspan="1" width="80%">Age: 375331</td>
      </tr>
      <tr>
        <td colspan="1" rowspan="1" class="indent2" width="20%">Other Info</td>
        <td colspan="1" rowspan="1" width="80%">The presence of the 'Age' header indicates that a HTTP/1.1 compliant caching server is in use.</td>
      </tr>
      <tr>
        <td colspan="1" rowspan="1" class="indent1" width="20%">URL</td>
        <td colspan="1" rowspan="1" width="80%">
          <a shape="rect" href="https://apis.google.com/_/scs/abc-static/_/js/k=gapi.gapi.en.MGCxJbnW_Xw.O/m=gapi_iframes,googleapis_client/rt=j/sv=1/d=1/ed=1/am=AAAg/rs=AHpOoo9xa4htLEVH9xe6c4ToUehtTaLWvA/cb=gapi.loaded_0">https://apis.google.com/_/scs/abc-static/_/js/k=gapi.gapi.en.MGCxJbnW_Xw.O/m=gapi_iframes,googleapis_client/rt=j/sv=1/d=1/ed=1/am=AAAg/rs=AHpOoo9xa4htLEVH9xe6c4ToUehtTaLWvA/cb=gapi.loaded_0</a>
        </td>
      </tr>
      <tr>
        <td colspan="1" rowspan="1" class="indent2" width="20%">Método</td>
        <td colspan="1" rowspan="1" width="80%">GET</td>
      </tr>
      <tr>
        <td colspan="1" rowspan="1" class="indent2" width="20%">Parámetros</td>
        <td colspan="1" rowspan="1" width="80%"/>
      </tr>
      <tr>
        <td colspan="1" rowspan="1" class="indent2" width="20%">Ataque</td>
        <td colspan="1" rowspan="1" width="80%"/>
      </tr>
      <tr>
        <td colspan="1" rowspan="1" class="indent2" width="20%">Evidencia</td>
        <td colspan="1" rowspan="1" width="80%">Age: 375589</td>
      </tr>
      <tr>
        <td colspan="1" rowspan="1" class="indent2" width="20%">Other Info</td>
        <td colspan="1" rowspan="1" width="80%">The presence of the 'Age' header indicates that a HTTP/1.1 compliant caching server is in use.</td>
      </tr>
      <tr>
        <td colspan="1" rowspan="1" class="indent1" width="20%">URL</td>
        <td colspan="1" rowspan="1" width="80%">
          <a shape="rect" href="https://cdnjs.cloudflare.com/ajax/libs/cookieconsent2/3.1.0/cookieconsent.min.css">https://cdnjs.cloudflare.com/ajax/libs/cookieconsent2/3.1.0/cookieconsent.min.css</a>
        </td>
      </tr>
      <tr>
        <td colspan="1" rowspan="1" class="indent2" width="20%">Método</td>
        <td colspan="1" rowspan="1" width="80%">GET</td>
      </tr>
      <tr>
        <td colspan="1" rowspan="1" class="indent2" width="20%">Parámetros</td>
        <td colspan="1" rowspan="1" width="80%"/>
      </tr>
      <tr>
        <td colspan="1" rowspan="1" class="indent2" width="20%">Ataque</td>
        <td colspan="1" rowspan="1" width="80%"/>
      </tr>
      <tr>
        <td colspan="1" rowspan="1" class="indent2" width="20%">Evidencia</td>
        <td colspan="1" rowspan="1" width="80%">Age: 351694</td>
      </tr>
      <tr>
        <td colspan="1" rowspan="1" class="indent2" width="20%">Other Info</td>
        <td colspan="1" rowspan="1" width="80%">The presence of the 'Age' header indicates that a HTTP/1.1 compliant caching server is in use.</td>
      </tr>
      <tr>
        <td colspan="1" rowspan="1" class="indent1" width="20%">URL</td>
        <td colspan="1" rowspan="1" width="80%">
          <a shape="rect" href="https://cdnjs.cloudflare.com/ajax/libs/cookieconsent2/3.1.0/cookieconsent.min.css">https://cdnjs.cloudflare.com/ajax/libs/cookieconsent2/3.1.0/cookieconsent.min.css</a>
        </td>
      </tr>
      <tr>
        <td colspan="1" rowspan="1" class="indent2" width="20%">Método</td>
        <td colspan="1" rowspan="1" width="80%">GET</td>
      </tr>
      <tr>
        <td colspan="1" rowspan="1" class="indent2" width="20%">Parámetros</td>
        <td colspan="1" rowspan="1" width="80%"/>
      </tr>
      <tr>
        <td colspan="1" rowspan="1" class="indent2" width="20%">Ataque</td>
        <td colspan="1" rowspan="1" width="80%"/>
      </tr>
      <tr>
        <td colspan="1" rowspan="1" class="indent2" width="20%">Evidencia</td>
        <td colspan="1" rowspan="1" width="80%">Age: 351751</td>
      </tr>
      <tr>
        <td colspan="1" rowspan="1" class="indent2" width="20%">Other Info</td>
        <td colspan="1" rowspan="1" width="80%">The presence of the 'Age' header indicates that a HTTP/1.1 compliant caching server is in use.</td>
      </tr>
      <tr>
        <td colspan="1" rowspan="1" class="indent1" width="20%">URL</td>
        <td colspan="1" rowspan="1" width="80%">
          <a shape="rect" href="https://cdnjs.cloudflare.com/ajax/libs/cookieconsent2/3.1.0/cookieconsent.min.css">https://cdnjs.cloudflare.com/ajax/libs/cookieconsent2/3.1.0/cookieconsent.min.css</a>
        </td>
      </tr>
      <tr>
        <td colspan="1" rowspan="1" class="indent2" width="20%">Método</td>
        <td colspan="1" rowspan="1" width="80%">GET</td>
      </tr>
      <tr>
        <td colspan="1" rowspan="1" class="indent2" width="20%">Parámetros</td>
        <td colspan="1" rowspan="1" width="80%"/>
      </tr>
      <tr>
        <td colspan="1" rowspan="1" class="indent2" width="20%">Ataque</td>
        <td colspan="1" rowspan="1" width="80%"/>
      </tr>
      <tr>
        <td colspan="1" rowspan="1" class="indent2" width="20%">Evidencia</td>
        <td colspan="1" rowspan="1" width="80%">Age: 351789</td>
      </tr>
      <tr>
        <td colspan="1" rowspan="1" class="indent2" width="20%">Other Info</td>
        <td colspan="1" rowspan="1" width="80%">The presence of the 'Age' header indicates that a HTTP/1.1 compliant caching server is in use.</td>
      </tr>
      <tr>
        <td colspan="1" rowspan="1" class="indent1" width="20%">URL</td>
        <td colspan="1" rowspan="1" width="80%">
          <a shape="rect" href="https://cdnjs.cloudflare.com/ajax/libs/cookieconsent2/3.1.0/cookieconsent.min.css">https://cdnjs.cloudflare.com/ajax/libs/cookieconsent2/3.1.0/cookieconsent.min.css</a>
        </td>
      </tr>
      <tr>
        <td colspan="1" rowspan="1" class="indent2" width="20%">Método</td>
        <td colspan="1" rowspan="1" width="80%">GET</td>
      </tr>
      <tr>
        <td colspan="1" rowspan="1" class="indent2" width="20%">Parámetros</td>
        <td colspan="1" rowspan="1" width="80%"/>
      </tr>
      <tr>
        <td colspan="1" rowspan="1" class="indent2" width="20%">Ataque</td>
        <td colspan="1" rowspan="1" width="80%"/>
      </tr>
      <tr>
        <td colspan="1" rowspan="1" class="indent2" width="20%">Evidencia</td>
        <td colspan="1" rowspan="1" width="80%">Age: 351844</td>
      </tr>
      <tr>
        <td colspan="1" rowspan="1" class="indent2" width="20%">Other Info</td>
        <td colspan="1" rowspan="1" width="80%">The presence of the 'Age' header indicates that a HTTP/1.1 compliant caching server is in use.</td>
      </tr>
      <tr>
        <td colspan="1" rowspan="1" class="indent1" width="20%">URL</td>
        <td colspan="1" rowspan="1" width="80%">
          <a shape="rect" href="https://cdnjs.cloudflare.com/ajax/libs/cookieconsent2/3.1.0/cookieconsent.min.css">https://cdnjs.cloudflare.com/ajax/libs/cookieconsent2/3.1.0/cookieconsent.min.css</a>
        </td>
      </tr>
      <tr>
        <td colspan="1" rowspan="1" class="indent2" width="20%">Método</td>
        <td colspan="1" rowspan="1" width="80%">GET</td>
      </tr>
      <tr>
        <td colspan="1" rowspan="1" class="indent2" width="20%">Parámetros</td>
        <td colspan="1" rowspan="1" width="80%"/>
      </tr>
      <tr>
        <td colspan="1" rowspan="1" class="indent2" width="20%">Ataque</td>
        <td colspan="1" rowspan="1" width="80%"/>
      </tr>
      <tr>
        <td colspan="1" rowspan="1" class="indent2" width="20%">Evidencia</td>
        <td colspan="1" rowspan="1" width="80%">Age: 351993</td>
      </tr>
      <tr>
        <td colspan="1" rowspan="1" class="indent2" width="20%">Other Info</td>
        <td colspan="1" rowspan="1" width="80%">The presence of the 'Age' header indicates that a HTTP/1.1 compliant caching server is in use.</td>
      </tr>
      <tr>
        <td colspan="1" rowspan="1" class="indent1" width="20%">URL</td>
        <td colspan="1" rowspan="1" width="80%">
          <a shape="rect" href="https://cdnjs.cloudflare.com/ajax/libs/cookieconsent2/3.1.0/cookieconsent.min.js">https://cdnjs.cloudflare.com/ajax/libs/cookieconsent2/3.1.0/cookieconsent.min.js</a>
        </td>
      </tr>
      <tr>
        <td colspan="1" rowspan="1" class="indent2" width="20%">Método</td>
        <td colspan="1" rowspan="1" width="80%">GET</td>
      </tr>
      <tr>
        <td colspan="1" rowspan="1" class="indent2" width="20%">Parámetros</td>
        <td colspan="1" rowspan="1" width="80%"/>
      </tr>
      <tr>
        <td colspan="1" rowspan="1" class="indent2" width="20%">Ataque</td>
        <td colspan="1" rowspan="1" width="80%"/>
      </tr>
      <tr>
        <td colspan="1" rowspan="1" class="indent2" width="20%">Evidencia</td>
        <td colspan="1" rowspan="1" width="80%">Age: 351694</td>
      </tr>
      <tr>
        <td colspan="1" rowspan="1" class="indent2" width="20%">Other Info</td>
        <td colspan="1" rowspan="1" width="80%">The presence of the 'Age' header indicates that a HTTP/1.1 compliant caching server is in use.</td>
      </tr>
      <tr>
        <td colspan="1" rowspan="1" class="indent1" width="20%">URL</td>
        <td colspan="1" rowspan="1" width="80%">
          <a shape="rect" href="https://cdnjs.cloudflare.com/ajax/libs/cookieconsent2/3.1.0/cookieconsent.min.js">https://cdnjs.cloudflare.com/ajax/libs/cookieconsent2/3.1.0/cookieconsent.min.js</a>
        </td>
      </tr>
      <tr>
        <td colspan="1" rowspan="1" class="indent2" width="20%">Método</td>
        <td colspan="1" rowspan="1" width="80%">GET</td>
      </tr>
      <tr>
        <td colspan="1" rowspan="1" class="indent2" width="20%">Parámetros</td>
        <td colspan="1" rowspan="1" width="80%"/>
      </tr>
      <tr>
        <td colspan="1" rowspan="1" class="indent2" width="20%">Ataque</td>
        <td colspan="1" rowspan="1" width="80%"/>
      </tr>
      <tr>
        <td colspan="1" rowspan="1" class="indent2" width="20%">Evidencia</td>
        <td colspan="1" rowspan="1" width="80%">Age: 351751</td>
      </tr>
      <tr>
        <td colspan="1" rowspan="1" class="indent2" width="20%">Other Info</td>
        <td colspan="1" rowspan="1" width="80%">The presence of the 'Age' header indicates that a HTTP/1.1 compliant caching server is in use.</td>
      </tr>
      <tr>
        <td colspan="1" rowspan="1" class="indent1" width="20%">URL</td>
        <td colspan="1" rowspan="1" width="80%">
          <a shape="rect" href="https://cdnjs.cloudflare.com/ajax/libs/cookieconsent2/3.1.0/cookieconsent.min.js">https://cdnjs.cloudflare.com/ajax/libs/cookieconsent2/3.1.0/cookieconsent.min.js</a>
        </td>
      </tr>
      <tr>
        <td colspan="1" rowspan="1" class="indent2" width="20%">Método</td>
        <td colspan="1" rowspan="1" width="80%">GET</td>
      </tr>
      <tr>
        <td colspan="1" rowspan="1" class="indent2" width="20%">Parámetros</td>
        <td colspan="1" rowspan="1" width="80%"/>
      </tr>
      <tr>
        <td colspan="1" rowspan="1" class="indent2" width="20%">Ataque</td>
        <td colspan="1" rowspan="1" width="80%"/>
      </tr>
      <tr>
        <td colspan="1" rowspan="1" class="indent2" width="20%">Evidencia</td>
        <td colspan="1" rowspan="1" width="80%">Age: 351789</td>
      </tr>
      <tr>
        <td colspan="1" rowspan="1" class="indent2" width="20%">Other Info</td>
        <td colspan="1" rowspan="1" width="80%">The presence of the 'Age' header indicates that a HTTP/1.1 compliant caching server is in use.</td>
      </tr>
      <tr>
        <td colspan="1" rowspan="1" class="indent1" width="20%">URL</td>
        <td colspan="1" rowspan="1" width="80%">
          <a shape="rect" href="https://cdnjs.cloudflare.com/ajax/libs/cookieconsent2/3.1.0/cookieconsent.min.js">https://cdnjs.cloudflare.com/ajax/libs/cookieconsent2/3.1.0/cookieconsent.min.js</a>
        </td>
      </tr>
      <tr>
        <td colspan="1" rowspan="1" class="indent2" width="20%">Método</td>
        <td colspan="1" rowspan="1" width="80%">GET</td>
      </tr>
      <tr>
        <td colspan="1" rowspan="1" class="indent2" width="20%">Parámetros</td>
        <td colspan="1" rowspan="1" width="80%"/>
      </tr>
      <tr>
        <td colspan="1" rowspan="1" class="indent2" width="20%">Ataque</td>
        <td colspan="1" rowspan="1" width="80%"/>
      </tr>
      <tr>
        <td colspan="1" rowspan="1" class="indent2" width="20%">Evidencia</td>
        <td colspan="1" rowspan="1" width="80%">Age: 351844</td>
      </tr>
      <tr>
        <td colspan="1" rowspan="1" class="indent2" width="20%">Other Info</td>
        <td colspan="1" rowspan="1" width="80%">The presence of the 'Age' header indicates that a HTTP/1.1 compliant caching server is in use.</td>
      </tr>
      <tr>
        <td colspan="1" rowspan="1" class="indent1" width="20%">URL</td>
        <td colspan="1" rowspan="1" width="80%">
          <a shape="rect" href="https://cdnjs.cloudflare.com/ajax/libs/cookieconsent2/3.1.0/cookieconsent.min.js">https://cdnjs.cloudflare.com/ajax/libs/cookieconsent2/3.1.0/cookieconsent.min.js</a>
        </td>
      </tr>
      <tr>
        <td colspan="1" rowspan="1" class="indent2" width="20%">Método</td>
        <td colspan="1" rowspan="1" width="80%">GET</td>
      </tr>
      <tr>
        <td colspan="1" rowspan="1" class="indent2" width="20%">Parámetros</td>
        <td colspan="1" rowspan="1" width="80%"/>
      </tr>
      <tr>
        <td colspan="1" rowspan="1" class="indent2" width="20%">Ataque</td>
        <td colspan="1" rowspan="1" width="80%"/>
      </tr>
      <tr>
        <td colspan="1" rowspan="1" class="indent2" width="20%">Evidencia</td>
        <td colspan="1" rowspan="1" width="80%">Age: 351993</td>
      </tr>
      <tr>
        <td colspan="1" rowspan="1" class="indent2" width="20%">Other Info</td>
        <td colspan="1" rowspan="1" width="80%">The presence of the 'Age' header indicates that a HTTP/1.1 compliant caching server is in use.</td>
      </tr>
      <tr>
        <td colspan="1" rowspan="1" class="indent1" width="20%">URL</td>
        <td colspan="1" rowspan="1" width="80%">
          <a shape="rect" href="https://cdnjs.cloudflare.com/ajax/libs/jquery/2.2.4/jquery.min.js">https://cdnjs.cloudflare.com/ajax/libs/jquery/2.2.4/jquery.min.js</a>
        </td>
      </tr>
      <tr>
        <td colspan="1" rowspan="1" class="indent2" width="20%">Método</td>
        <td colspan="1" rowspan="1" width="80%">GET</td>
      </tr>
      <tr>
        <td colspan="1" rowspan="1" class="indent2" width="20%">Parámetros</td>
        <td colspan="1" rowspan="1" width="80%"/>
      </tr>
      <tr>
        <td colspan="1" rowspan="1" class="indent2" width="20%">Ataque</td>
        <td colspan="1" rowspan="1" width="80%"/>
      </tr>
      <tr>
        <td colspan="1" rowspan="1" class="indent2" width="20%">Evidencia</td>
        <td colspan="1" rowspan="1" width="80%">Age: 351694</td>
      </tr>
      <tr>
        <td colspan="1" rowspan="1" class="indent2" width="20%">Other Info</td>
        <td colspan="1" rowspan="1" width="80%">The presence of the 'Age' header indicates that a HTTP/1.1 compliant caching server is in use.</td>
      </tr>
      <tr>
        <td colspan="1" rowspan="1" class="indent1" width="20%">URL</td>
        <td colspan="1" rowspan="1" width="80%">
          <a shape="rect" href="https://cdnjs.cloudflare.com/ajax/libs/jquery/2.2.4/jquery.min.js">https://cdnjs.cloudflare.com/ajax/libs/jquery/2.2.4/jquery.min.js</a>
        </td>
      </tr>
      <tr>
        <td colspan="1" rowspan="1" class="indent2" width="20%">Método</td>
        <td colspan="1" rowspan="1" width="80%">GET</td>
      </tr>
      <tr>
        <td colspan="1" rowspan="1" class="indent2" width="20%">Parámetros</td>
        <td colspan="1" rowspan="1" width="80%"/>
      </tr>
      <tr>
        <td colspan="1" rowspan="1" class="indent2" width="20%">Ataque</td>
        <td colspan="1" rowspan="1" width="80%"/>
      </tr>
      <tr>
        <td colspan="1" rowspan="1" class="indent2" width="20%">Evidencia</td>
        <td colspan="1" rowspan="1" width="80%">Age: 351751</td>
      </tr>
      <tr>
        <td colspan="1" rowspan="1" class="indent2" width="20%">Other Info</td>
        <td colspan="1" rowspan="1" width="80%">The presence of the 'Age' header indicates that a HTTP/1.1 compliant caching server is in use.</td>
      </tr>
      <tr>
        <td colspan="1" rowspan="1" class="indent1" width="20%">URL</td>
        <td colspan="1" rowspan="1" width="80%">
          <a shape="rect" href="https://cdnjs.cloudflare.com/ajax/libs/jquery/2.2.4/jquery.min.js">https://cdnjs.cloudflare.com/ajax/libs/jquery/2.2.4/jquery.min.js</a>
        </td>
      </tr>
      <tr>
        <td colspan="1" rowspan="1" class="indent2" width="20%">Método</td>
        <td colspan="1" rowspan="1" width="80%">GET</td>
      </tr>
      <tr>
        <td colspan="1" rowspan="1" class="indent2" width="20%">Parámetros</td>
        <td colspan="1" rowspan="1" width="80%"/>
      </tr>
      <tr>
        <td colspan="1" rowspan="1" class="indent2" width="20%">Ataque</td>
        <td colspan="1" rowspan="1" width="80%"/>
      </tr>
      <tr>
        <td colspan="1" rowspan="1" class="indent2" width="20%">Evidencia</td>
        <td colspan="1" rowspan="1" width="80%">Age: 351789</td>
      </tr>
      <tr>
        <td colspan="1" rowspan="1" class="indent2" width="20%">Other Info</td>
        <td colspan="1" rowspan="1" width="80%">The presence of the 'Age' header indicates that a HTTP/1.1 compliant caching server is in use.</td>
      </tr>
      <tr>
        <td colspan="1" rowspan="1" class="indent1" width="20%">URL</td>
        <td colspan="1" rowspan="1" width="80%">
          <a shape="rect" href="https://cdnjs.cloudflare.com/ajax/libs/jquery/2.2.4/jquery.min.js">https://cdnjs.cloudflare.com/ajax/libs/jquery/2.2.4/jquery.min.js</a>
        </td>
      </tr>
      <tr>
        <td colspan="1" rowspan="1" class="indent2" width="20%">Método</td>
        <td colspan="1" rowspan="1" width="80%">GET</td>
      </tr>
      <tr>
        <td colspan="1" rowspan="1" class="indent2" width="20%">Parámetros</td>
        <td colspan="1" rowspan="1" width="80%"/>
      </tr>
      <tr>
        <td colspan="1" rowspan="1" class="indent2" width="20%">Ataque</td>
        <td colspan="1" rowspan="1" width="80%"/>
      </tr>
      <tr>
        <td colspan="1" rowspan="1" class="indent2" width="20%">Evidencia</td>
        <td colspan="1" rowspan="1" width="80%">Age: 351844</td>
      </tr>
      <tr>
        <td colspan="1" rowspan="1" class="indent2" width="20%">Other Info</td>
        <td colspan="1" rowspan="1" width="80%">The presence of the 'Age' header indicates that a HTTP/1.1 compliant caching server is in use.</td>
      </tr>
      <tr>
        <td colspan="1" rowspan="1" class="indent1" width="20%">URL</td>
        <td colspan="1" rowspan="1" width="80%">
          <a shape="rect" href="https://cdnjs.cloudflare.com/ajax/libs/jquery/2.2.4/jquery.min.js">https://cdnjs.cloudflare.com/ajax/libs/jquery/2.2.4/jquery.min.js</a>
        </td>
      </tr>
      <tr>
        <td colspan="1" rowspan="1" class="indent2" width="20%">Método</td>
        <td colspan="1" rowspan="1" width="80%">GET</td>
      </tr>
      <tr>
        <td colspan="1" rowspan="1" class="indent2" width="20%">Parámetros</td>
        <td colspan="1" rowspan="1" width="80%"/>
      </tr>
      <tr>
        <td colspan="1" rowspan="1" class="indent2" width="20%">Ataque</td>
        <td colspan="1" rowspan="1" width="80%"/>
      </tr>
      <tr>
        <td colspan="1" rowspan="1" class="indent2" width="20%">Evidencia</td>
        <td colspan="1" rowspan="1" width="80%">Age: 351993</td>
      </tr>
      <tr>
        <td colspan="1" rowspan="1" class="indent2" width="20%">Other Info</td>
        <td colspan="1" rowspan="1" width="80%">The presence of the 'Age' header indicates that a HTTP/1.1 compliant caching server is in use.</td>
      </tr>
      <tr>
        <td colspan="1" rowspan="1" class="indent1" width="20%">URL</td>
        <td colspan="1" rowspan="1" width="80%">
          <a shape="rect" href="https://ssl.google-analytics.com/ga.js">https://ssl.google-analytics.com/ga.js</a>
        </td>
      </tr>
      <tr>
        <td colspan="1" rowspan="1" class="indent2" width="20%">Método</td>
        <td colspan="1" rowspan="1" width="80%">GET</td>
      </tr>
      <tr>
        <td colspan="1" rowspan="1" class="indent2" width="20%">Parámetros</td>
        <td colspan="1" rowspan="1" width="80%"/>
      </tr>
      <tr>
        <td colspan="1" rowspan="1" class="indent2" width="20%">Ataque</td>
        <td colspan="1" rowspan="1" width="80%"/>
      </tr>
      <tr>
        <td colspan="1" rowspan="1" class="indent2" width="20%">Evidencia</td>
        <td colspan="1" rowspan="1" width="80%">Age: 1126</td>
      </tr>
      <tr>
        <td colspan="1" rowspan="1" class="indent2" width="20%">Other Info</td>
        <td colspan="1" rowspan="1" width="80%">The presence of the 'Age' header indicates that a HTTP/1.1 compliant caching server is in use.</td>
      </tr>
      <tr>
        <td colspan="1" rowspan="1" class="indent1" width="20%">URL</td>
        <td colspan="1" rowspan="1" width="80%">
          <a shape="rect" href="https://ssl.google-analytics.com/ga.js">https://ssl.google-analytics.com/ga.js</a>
        </td>
      </tr>
      <tr>
        <td colspan="1" rowspan="1" class="indent2" width="20%">Método</td>
        <td colspan="1" rowspan="1" width="80%">GET</td>
      </tr>
      <tr>
        <td colspan="1" rowspan="1" class="indent2" width="20%">Parámetros</td>
        <td colspan="1" rowspan="1" width="80%"/>
      </tr>
      <tr>
        <td colspan="1" rowspan="1" class="indent2" width="20%">Ataque</td>
        <td colspan="1" rowspan="1" width="80%"/>
      </tr>
      <tr>
        <td colspan="1" rowspan="1" class="indent2" width="20%">Evidencia</td>
        <td colspan="1" rowspan="1" width="80%">Age: 1211</td>
      </tr>
      <tr>
        <td colspan="1" rowspan="1" class="indent2" width="20%">Other Info</td>
        <td colspan="1" rowspan="1" width="80%">The presence of the 'Age' header indicates that a HTTP/1.1 compliant caching server is in use.</td>
      </tr>
      <tr>
        <td colspan="1" rowspan="1" class="indent1" width="20%">URL</td>
        <td colspan="1" rowspan="1" width="80%">
          <a shape="rect" href="https://ssl.google-analytics.com/ga.js">https://ssl.google-analytics.com/ga.js</a>
        </td>
      </tr>
      <tr>
        <td colspan="1" rowspan="1" class="indent2" width="20%">Método</td>
        <td colspan="1" rowspan="1" width="80%">GET</td>
      </tr>
      <tr>
        <td colspan="1" rowspan="1" class="indent2" width="20%">Parámetros</td>
        <td colspan="1" rowspan="1" width="80%"/>
      </tr>
      <tr>
        <td colspan="1" rowspan="1" class="indent2" width="20%">Ataque</td>
        <td colspan="1" rowspan="1" width="80%"/>
      </tr>
      <tr>
        <td colspan="1" rowspan="1" class="indent2" width="20%">Evidencia</td>
        <td colspan="1" rowspan="1" width="80%">Age: 228</td>
      </tr>
      <tr>
        <td colspan="1" rowspan="1" class="indent2" width="20%">Other Info</td>
        <td colspan="1" rowspan="1" width="80%">The presence of the 'Age' header indicates that a HTTP/1.1 compliant caching server is in use.</td>
      </tr>
      <tr>
        <td colspan="1" rowspan="1" class="indent1" width="20%">URL</td>
        <td colspan="1" rowspan="1" width="80%">
          <a shape="rect" href="https://ssl.google-analytics.com/ga.js">https://ssl.google-analytics.com/ga.js</a>
        </td>
      </tr>
      <tr>
        <td colspan="1" rowspan="1" class="indent2" width="20%">Método</td>
        <td colspan="1" rowspan="1" width="80%">GET</td>
      </tr>
      <tr>
        <td colspan="1" rowspan="1" class="indent2" width="20%">Parámetros</td>
        <td colspan="1" rowspan="1" width="80%"/>
      </tr>
      <tr>
        <td colspan="1" rowspan="1" class="indent2" width="20%">Ataque</td>
        <td colspan="1" rowspan="1" width="80%"/>
      </tr>
      <tr>
        <td colspan="1" rowspan="1" class="indent2" width="20%">Evidencia</td>
        <td colspan="1" rowspan="1" width="80%">Age: 3250</td>
      </tr>
      <tr>
        <td colspan="1" rowspan="1" class="indent2" width="20%">Other Info</td>
        <td colspan="1" rowspan="1" width="80%">The presence of the 'Age' header indicates that a HTTP/1.1 compliant caching server is in use.</td>
      </tr>
      <tr>
        <td colspan="1" rowspan="1" class="indent1" width="20%">URL</td>
        <td colspan="1" rowspan="1" width="80%">
          <a shape="rect" href="https://ssl.google-analytics.com/ga.js">https://ssl.google-analytics.com/ga.js</a>
        </td>
      </tr>
      <tr>
        <td colspan="1" rowspan="1" class="indent2" width="20%">Método</td>
        <td colspan="1" rowspan="1" width="80%">GET</td>
      </tr>
      <tr>
        <td colspan="1" rowspan="1" class="indent2" width="20%">Parámetros</td>
        <td colspan="1" rowspan="1" width="80%"/>
      </tr>
      <tr>
        <td colspan="1" rowspan="1" class="indent2" width="20%">Ataque</td>
        <td colspan="1" rowspan="1" width="80%"/>
      </tr>
      <tr>
        <td colspan="1" rowspan="1" class="indent2" width="20%">Evidencia</td>
        <td colspan="1" rowspan="1" width="80%">Age: 5375</td>
      </tr>
      <tr>
        <td colspan="1" rowspan="1" class="indent2" width="20%">Other Info</td>
        <td colspan="1" rowspan="1" width="80%">The presence of the 'Age' header indicates that a HTTP/1.1 compliant caching server is in use.</td>
      </tr>
      <tr>
        <td colspan="1" rowspan="1" class="indent1" width="20%">URL</td>
        <td colspan="1" rowspan="1" width="80%">
          <a shape="rect" href="https://ssl.google-analytics.com/ga.js">https://ssl.google-analytics.com/ga.js</a>
        </td>
      </tr>
      <tr>
        <td colspan="1" rowspan="1" class="indent2" width="20%">Método</td>
        <td colspan="1" rowspan="1" width="80%">GET</td>
      </tr>
      <tr>
        <td colspan="1" rowspan="1" class="indent2" width="20%">Parámetros</td>
        <td colspan="1" rowspan="1" width="80%"/>
      </tr>
      <tr>
        <td colspan="1" rowspan="1" class="indent2" width="20%">Ataque</td>
        <td colspan="1" rowspan="1" width="80%"/>
      </tr>
      <tr>
        <td colspan="1" rowspan="1" class="indent2" width="20%">Evidencia</td>
        <td colspan="1" rowspan="1" width="80%">Age: 594</td>
      </tr>
      <tr>
        <td colspan="1" rowspan="1" class="indent2" width="20%">Other Info</td>
        <td colspan="1" rowspan="1" width="80%">The presence of the 'Age' header indicates that a HTTP/1.1 compliant caching server is in use.</td>
      </tr>
      <tr>
        <td colspan="1" rowspan="1" class="indent1" width="20%">URL</td>
        <td colspan="1" rowspan="1" width="80%">
          <a shape="rect" href="https://ssl.google-analytics.com/ga.js">https://ssl.google-analytics.com/ga.js</a>
        </td>
      </tr>
      <tr>
        <td colspan="1" rowspan="1" class="indent2" width="20%">Método</td>
        <td colspan="1" rowspan="1" width="80%">GET</td>
      </tr>
      <tr>
        <td colspan="1" rowspan="1" class="indent2" width="20%">Parámetros</td>
        <td colspan="1" rowspan="1" width="80%"/>
      </tr>
      <tr>
        <td colspan="1" rowspan="1" class="indent2" width="20%">Ataque</td>
        <td colspan="1" rowspan="1" width="80%"/>
      </tr>
      <tr>
        <td colspan="1" rowspan="1" class="indent2" width="20%">Evidencia</td>
        <td colspan="1" rowspan="1" width="80%">Age: 6902</td>
      </tr>
      <tr>
        <td colspan="1" rowspan="1" class="indent2" width="20%">Other Info</td>
        <td colspan="1" rowspan="1" width="80%">The presence of the 'Age' header indicates that a HTTP/1.1 compliant caching server is in use.</td>
      </tr>
      <tr>
        <td colspan="1" rowspan="1" class="indent1" width="20%">URL</td>
        <td colspan="1" rowspan="1" width="80%">
          <a shape="rect" href="https://ssl.google-analytics.com/ga.js">https://ssl.google-analytics.com/ga.js</a>
        </td>
      </tr>
      <tr>
        <td colspan="1" rowspan="1" class="indent2" width="20%">Método</td>
        <td colspan="1" rowspan="1" width="80%">GET</td>
      </tr>
      <tr>
        <td colspan="1" rowspan="1" class="indent2" width="20%">Parámetros</td>
        <td colspan="1" rowspan="1" width="80%"/>
      </tr>
      <tr>
        <td colspan="1" rowspan="1" class="indent2" width="20%">Ataque</td>
        <td colspan="1" rowspan="1" width="80%"/>
      </tr>
      <tr>
        <td colspan="1" rowspan="1" class="indent2" width="20%">Evidencia</td>
        <td colspan="1" rowspan="1" width="80%">Age: 7037</td>
      </tr>
      <tr>
        <td colspan="1" rowspan="1" class="indent2" width="20%">Other Info</td>
        <td colspan="1" rowspan="1" width="80%">The presence of the 'Age' header indicates that a HTTP/1.1 compliant caching server is in use.</td>
      </tr>
      <tr>
        <td colspan="1" rowspan="1" class="indent1" width="20%">URL</td>
        <td colspan="1" rowspan="1" width="80%">
          <a shape="rect" href="https://www.gstatic.com/og/_/js/k=og.qtm.en_US.KZAWJ1ProoE.2019.O/rt=j/m=q_dnp,qmd,qcwid,qapid,qald,q_dg/exm=qaaw,qabr,qadd,qaid,qalo,qebr,qein,qhaw,qhawgm3,qhba,qhbr,qhbrgm3,qhch,qhchgm3,qhga,qhid,qhidgm3,qhin,qhlo,qhlogm3,qhmn,qhpc,qhsf,qhsfgm3,qhtt/d=1/ed=1/rs=AA2YrTv0taM5qVgw38gU_15kX9WFXe5TPw">https://www.gstatic.com/og/_/js/k=og.qtm.en_US.KZAWJ1ProoE.2019.O/rt=j/m=q_dnp,qmd,qcwid,qapid,qald,q_dg/exm=qaaw,qabr,qadd,qaid,qalo,qebr,qein,qhaw,qhawgm3,qhba,qhbr,qhbrgm3,qhch,qhchgm3,qhga,qhid,qhidgm3,qhin,qhlo,qhlogm3,qhmn,qhpc,qhsf,qhsfgm3,qhtt/d=1/ed=1/rs=AA2YrTv0taM5qVgw38gU_15kX9WFXe5TPw</a>
        </td>
      </tr>
      <tr>
        <td colspan="1" rowspan="1" class="indent2" width="20%">Método</td>
        <td colspan="1" rowspan="1" width="80%">GET</td>
      </tr>
      <tr>
        <td colspan="1" rowspan="1" class="indent2" width="20%">Parámetros</td>
        <td colspan="1" rowspan="1" width="80%"/>
      </tr>
      <tr>
        <td colspan="1" rowspan="1" class="indent2" width="20%">Ataque</td>
        <td colspan="1" rowspan="1" width="80%"/>
      </tr>
      <tr>
        <td colspan="1" rowspan="1" class="indent2" width="20%">Evidencia</td>
        <td colspan="1" rowspan="1" width="80%">Age: 1093</td>
      </tr>
      <tr>
        <td colspan="1" rowspan="1" class="indent2" width="20%">Other Info</td>
        <td colspan="1" rowspan="1" width="80%">The presence of the 'Age' header indicates that a HTTP/1.1 compliant caching server is in use.</td>
      </tr>
      <tr>
        <td colspan="1" rowspan="1" class="indent1" width="20%">URL</td>
        <td colspan="1" rowspan="1" width="80%">
          <a shape="rect" href="https://www.gstatic.com/og/_/js/k=og.qtm.en_US.KZAWJ1ProoE.2019.O/rt=j/m=q_dnp,qmd,qcwid,qapid,qald,q_dg/exm=qaaw,qabr,qadd,qaid,qalo,qebr,qein,qhaw,qhawgm3,qhba,qhbr,qhbrgm3,qhch,qhchgm3,qhga,qhid,qhidgm3,qhin,qhlo,qhlogm3,qhmn,qhpc,qhsf,qhsfgm3,qhtt/d=1/ed=1/rs=AA2YrTv0taM5qVgw38gU_15kX9WFXe5TPw">https://www.gstatic.com/og/_/js/k=og.qtm.en_US.KZAWJ1ProoE.2019.O/rt=j/m=q_dnp,qmd,qcwid,qapid,qald,q_dg/exm=qaaw,qabr,qadd,qaid,qalo,qebr,qein,qhaw,qhawgm3,qhba,qhbr,qhbrgm3,qhch,qhchgm3,qhga,qhid,qhidgm3,qhin,qhlo,qhlogm3,qhmn,qhpc,qhsf,qhsfgm3,qhtt/d=1/ed=1/rs=AA2YrTv0taM5qVgw38gU_15kX9WFXe5TPw</a>
        </td>
      </tr>
      <tr>
        <td colspan="1" rowspan="1" class="indent2" width="20%">Método</td>
        <td colspan="1" rowspan="1" width="80%">GET</td>
      </tr>
      <tr>
        <td colspan="1" rowspan="1" class="indent2" width="20%">Parámetros</td>
        <td colspan="1" rowspan="1" width="80%"/>
      </tr>
      <tr>
        <td colspan="1" rowspan="1" class="indent2" width="20%">Ataque</td>
        <td colspan="1" rowspan="1" width="80%"/>
      </tr>
      <tr>
        <td colspan="1" rowspan="1" class="indent2" width="20%">Evidencia</td>
        <td colspan="1" rowspan="1" width="80%">Age: 249</td>
      </tr>
      <tr>
        <td colspan="1" rowspan="1" class="indent2" width="20%">Other Info</td>
        <td colspan="1" rowspan="1" width="80%">The presence of the 'Age' header indicates that a HTTP/1.1 compliant caching server is in use.</td>
      </tr>
      <tr>
        <td colspan="1" rowspan="1" class="indent1" width="20%">URL</td>
        <td colspan="1" rowspan="1" width="80%">
          <a shape="rect" href="https://www.gstatic.com/og/_/js/k=og.qtm.en_US.KZAWJ1ProoE.2019.O/rt=j/m=q_dnp,qmd,qcwid,qapid,qald,q_dg/exm=qaaw,qabr,qadd,qaid,qalo,qebr,qein,qhaw,qhawgm3,qhba,qhbr,qhbrgm3,qhch,qhchgm3,qhga,qhid,qhidgm3,qhin,qhlo,qhlogm3,qhmn,qhpc,qhsf,qhsfgm3,qhtt/d=1/ed=1/rs=AA2YrTv0taM5qVgw38gU_15kX9WFXe5TPw">https://www.gstatic.com/og/_/js/k=og.qtm.en_US.KZAWJ1ProoE.2019.O/rt=j/m=q_dnp,qmd,qcwid,qapid,qald,q_dg/exm=qaaw,qabr,qadd,qaid,qalo,qebr,qein,qhaw,qhawgm3,qhba,qhbr,qhbrgm3,qhch,qhchgm3,qhga,qhid,qhidgm3,qhin,qhlo,qhlogm3,qhmn,qhpc,qhsf,qhsfgm3,qhtt/d=1/ed=1/rs=AA2YrTv0taM5qVgw38gU_15kX9WFXe5TPw</a>
        </td>
      </tr>
      <tr>
        <td colspan="1" rowspan="1" class="indent2" width="20%">Método</td>
        <td colspan="1" rowspan="1" width="80%">GET</td>
      </tr>
      <tr>
        <td colspan="1" rowspan="1" class="indent2" width="20%">Parámetros</td>
        <td colspan="1" rowspan="1" width="80%"/>
      </tr>
      <tr>
        <td colspan="1" rowspan="1" class="indent2" width="20%">Ataque</td>
        <td colspan="1" rowspan="1" width="80%"/>
      </tr>
      <tr>
        <td colspan="1" rowspan="1" class="indent2" width="20%">Evidencia</td>
        <td colspan="1" rowspan="1" width="80%">Age: 835</td>
      </tr>
      <tr>
        <td colspan="1" rowspan="1" class="indent2" width="20%">Other Info</td>
        <td colspan="1" rowspan="1" width="80%">The presence of the 'Age' header indicates that a HTTP/1.1 compliant caching server is in use.</td>
      </tr>
      <tr>
        <td colspan="1" rowspan="1" class="indent1" width="20%">URL</td>
        <td colspan="1" rowspan="1" width="80%">
          <a shape="rect" href="https://www.gstatic.com/og/_/ss/k=og.qtm.mfypcKMzPvw.L.W.O/m=qmd,qcwid/excm=qaaw,qabr,qadd,qaid,qalo,qebr,qein,qhaw,qhawgm3,qhba,qhbr,qhbrgm3,qhch,qhchgm3,qhga,qhid,qhidgm3,qhin,qhlo,qhlogm3,qhmn,qhpc,qhsf,qhsfgm3,qhtt/d=1/ed=1/ct=zgms/rs=AA2YrTsXU5hjdOZrxXehYcpWx5cYm18ejw">https://www.gstatic.com/og/_/ss/k=og.qtm.mfypcKMzPvw.L.W.O/m=qmd,qcwid/excm=qaaw,qabr,qadd,qaid,qalo,qebr,qein,qhaw,qhawgm3,qhba,qhbr,qhbrgm3,qhch,qhchgm3,qhga,qhid,qhidgm3,qhin,qhlo,qhlogm3,qhmn,qhpc,qhsf,qhsfgm3,qhtt/d=1/ed=1/ct=zgms/rs=AA2YrTsXU5hjdOZrxXehYcpWx5cYm18ejw</a>
        </td>
      </tr>
      <tr>
        <td colspan="1" rowspan="1" class="indent2" width="20%">Método</td>
        <td colspan="1" rowspan="1" width="80%">GET</td>
      </tr>
      <tr>
        <td colspan="1" rowspan="1" class="indent2" width="20%">Parámetros</td>
        <td colspan="1" rowspan="1" width="80%"/>
      </tr>
      <tr>
        <td colspan="1" rowspan="1" class="indent2" width="20%">Ataque</td>
        <td colspan="1" rowspan="1" width="80%"/>
      </tr>
      <tr>
        <td colspan="1" rowspan="1" class="indent2" width="20%">Evidencia</td>
        <td colspan="1" rowspan="1" width="80%">Age: 328863</td>
      </tr>
      <tr>
        <td colspan="1" rowspan="1" class="indent2" width="20%">Other Info</td>
        <td colspan="1" rowspan="1" width="80%">The presence of the 'Age' header indicates that a HTTP/1.1 compliant caching server is in use.</td>
      </tr>
      <tr>
        <td colspan="1" rowspan="1" class="indent1" width="20%">URL</td>
        <td colspan="1" rowspan="1" width="80%">
          <a shape="rect" href="https://www.gstatic.com/og/_/ss/k=og.qtm.mfypcKMzPvw.L.W.O/m=qmd,qcwid/excm=qaaw,qabr,qadd,qaid,qalo,qebr,qein,qhaw,qhawgm3,qhba,qhbr,qhbrgm3,qhch,qhchgm3,qhga,qhid,qhidgm3,qhin,qhlo,qhlogm3,qhmn,qhpc,qhsf,qhsfgm3,qhtt/d=1/ed=1/ct=zgms/rs=AA2YrTsXU5hjdOZrxXehYcpWx5cYm18ejw">https://www.gstatic.com/og/_/ss/k=og.qtm.mfypcKMzPvw.L.W.O/m=qmd,qcwid/excm=qaaw,qabr,qadd,qaid,qalo,qebr,qein,qhaw,qhawgm3,qhba,qhbr,qhbrgm3,qhch,qhchgm3,qhga,qhid,qhidgm3,qhin,qhlo,qhlogm3,qhmn,qhpc,qhsf,qhsfgm3,qhtt/d=1/ed=1/ct=zgms/rs=AA2YrTsXU5hjdOZrxXehYcpWx5cYm18ejw</a>
        </td>
      </tr>
      <tr>
        <td colspan="1" rowspan="1" class="indent2" width="20%">Método</td>
        <td colspan="1" rowspan="1" width="80%">GET</td>
      </tr>
      <tr>
        <td colspan="1" rowspan="1" class="indent2" width="20%">Parámetros</td>
        <td colspan="1" rowspan="1" width="80%"/>
      </tr>
      <tr>
        <td colspan="1" rowspan="1" class="indent2" width="20%">Ataque</td>
        <td colspan="1" rowspan="1" width="80%"/>
      </tr>
      <tr>
        <td colspan="1" rowspan="1" class="indent2" width="20%">Evidencia</td>
        <td colspan="1" rowspan="1" width="80%">Age: 329112</td>
      </tr>
      <tr>
        <td colspan="1" rowspan="1" class="indent2" width="20%">Other Info</td>
        <td colspan="1" rowspan="1" width="80%">The presence of the 'Age' header indicates that a HTTP/1.1 compliant caching server is in use.</td>
      </tr>
      <tr>
        <td colspan="1" rowspan="1" class="indent1" width="20%">URL</td>
        <td colspan="1" rowspan="1" width="80%">
          <a shape="rect" href="https://www.gstatic.com/og/_/ss/k=og.qtm.mfypcKMzPvw.L.W.O/m=qmd,qcwid/excm=qaaw,qabr,qadd,qaid,qalo,qebr,qein,qhaw,qhawgm3,qhba,qhbr,qhbrgm3,qhch,qhchgm3,qhga,qhid,qhidgm3,qhin,qhlo,qhlogm3,qhmn,qhpc,qhsf,qhsfgm3,qhtt/d=1/ed=1/ct=zgms/rs=AA2YrTsXU5hjdOZrxXehYcpWx5cYm18ejw">https://www.gstatic.com/og/_/ss/k=og.qtm.mfypcKMzPvw.L.W.O/m=qmd,qcwid/excm=qaaw,qabr,qadd,qaid,qalo,qebr,qein,qhaw,qhawgm3,qhba,qhbr,qhbrgm3,qhch,qhchgm3,qhga,qhid,qhidgm3,qhin,qhlo,qhlogm3,qhmn,qhpc,qhsf,qhsfgm3,qhtt/d=1/ed=1/ct=zgms/rs=AA2YrTsXU5hjdOZrxXehYcpWx5cYm18ejw</a>
        </td>
      </tr>
      <tr>
        <td colspan="1" rowspan="1" class="indent2" width="20%">Método</td>
        <td colspan="1" rowspan="1" width="80%">GET</td>
      </tr>
      <tr>
        <td colspan="1" rowspan="1" class="indent2" width="20%">Parámetros</td>
        <td colspan="1" rowspan="1" width="80%"/>
      </tr>
      <tr>
        <td colspan="1" rowspan="1" class="indent2" width="20%">Ataque</td>
        <td colspan="1" rowspan="1" width="80%"/>
      </tr>
      <tr>
        <td colspan="1" rowspan="1" class="indent2" width="20%">Evidencia</td>
        <td colspan="1" rowspan="1" width="80%">Age: 329698</td>
      </tr>
      <tr>
        <td colspan="1" rowspan="1" class="indent2" width="20%">Other Info</td>
        <td colspan="1" rowspan="1" width="80%">The presence of the 'Age' header indicates that a HTTP/1.1 compliant caching server is in use.</td>
      </tr>
      <tr>
        <td colspan="1" rowspan="1" class="indent1" width="20%">URL</td>
        <td colspan="1" rowspan="1" width="80%">
          <a shape="rect" href="https://www.gstatic.com/og/_/ss/k=og.qtm.mfypcKMzPvw.L.W.O/m=qmd,qcwid/excm=qaaw,qabr,qadd,qaid,qalo,qebr,qein,qhaw,qhawgm3,qhba,qhbr,qhbrgm3,qhch,qhchgm3,qhga,qhid,qhidgm3,qhin,qhlo,qhlogm3,qhmn,qhpc,qhsf,qhsfgm3,qhtt/d=1/ed=1/ct=zgms/rs=AA2YrTsXU5hjdOZrxXehYcpWx5cYm18ejw">https://www.gstatic.com/og/_/ss/k=og.qtm.mfypcKMzPvw.L.W.O/m=qmd,qcwid/excm=qaaw,qabr,qadd,qaid,qalo,qebr,qein,qhaw,qhawgm3,qhba,qhbr,qhbrgm3,qhch,qhchgm3,qhga,qhid,qhidgm3,qhin,qhlo,qhlogm3,qhmn,qhpc,qhsf,qhsfgm3,qhtt/d=1/ed=1/ct=zgms/rs=AA2YrTsXU5hjdOZrxXehYcpWx5cYm18ejw</a>
        </td>
      </tr>
      <tr>
        <td colspan="1" rowspan="1" class="indent2" width="20%">Método</td>
        <td colspan="1" rowspan="1" width="80%">GET</td>
      </tr>
      <tr>
        <td colspan="1" rowspan="1" class="indent2" width="20%">Parámetros</td>
        <td colspan="1" rowspan="1" width="80%"/>
      </tr>
      <tr>
        <td colspan="1" rowspan="1" class="indent2" width="20%">Ataque</td>
        <td colspan="1" rowspan="1" width="80%"/>
      </tr>
      <tr>
        <td colspan="1" rowspan="1" class="indent2" width="20%">Evidencia</td>
        <td colspan="1" rowspan="1" width="80%">Age: 329956</td>
      </tr>
      <tr>
        <td colspan="1" rowspan="1" class="indent2" width="20%">Other Info</td>
        <td colspan="1" rowspan="1" width="80%">The presence of the 'Age' header indicates that a HTTP/1.1 compliant caching server is in use.</td>
      </tr>
      <tr>
        <td colspan="1" rowspan="1" width="20%">Instancia</td>
        <td colspan="1" rowspan="1" width="80%">33</td>
      </tr>
      <tr>
        <td colspan="1" rowspan="1" width="20%">Solución</td>
        <td colspan="1" rowspan="1" width="80%">
          <div>Validar que la respuesta no contenga información sensible, personal o específica del usuario. Si es así, considere el uso de los siguientes encabezados de respuesta HTTP para limitar o evitar que otro usuario almacene y recupere el contenido de la memoria caché:</div>
          <br clear="none"/>
          <div>Cache-Control: no-cache, no-store, must-revalidate, private</div>
          <br clear="none"/>
          <div>Pragma: no-cache</div>
          <br clear="none"/>
          <div>Expires: 0</div>
          <br clear="none"/>
          <div>Esta configuración indica a los servidores de almacenamiento en caché compatibles con HTTP 1.0 y HTTP 1.1 que no almacenen la respuesta y que no recuperen la respuesta (sin validación) del caché, en respuesta a una solicitud similar.</div>
        </td>
      </tr>
      <tr>
        <td colspan="1" rowspan="1" width="20%">Referencia</td>
        <td colspan="1" rowspan="1" width="80%">
          <a shape="rect" href="https://tools.ietf.org/html/rfc7234">https://tools.ietf.org/html/rfc7234</a>
          <br clear="none"/>
          <a shape="rect" href="https://tools.ietf.org/html/rfc7231">https://tools.ietf.org/html/rfc7231</a>
          <br clear="none"/>
          <a shape="rect" href="https://www.rfc-editor.org/rfc/rfc9110.html">https://www.rfc-editor.org/rfc/rfc9110.html</a>
        </td>
      </tr>
      <tr>
        <td colspan="1" rowspan="1" width="20%">CWE Id</td>
        <td colspan="1" rowspan="1" width="80%"/>
      </tr>
      <tr>
        <td colspan="1" rowspan="1" width="20%">WASC Id</td>
        <td colspan="1" rowspan="1" width="80%"/>
      </tr>
      <tr>
        <td colspan="1" rowspan="1" width="20%">Plugin Id</td>
        <td colspan="1" rowspan="1" width="80%">
          <a shape="rect" href="https://www.zaproxy.org/docs/alerts/10050/">10050</a>
        </td>
      </tr>
    </table>
    <div class="spacer"/>
    <table class="results">
      <tr height="24">
        <th colspan="1" rowspan="1" class="risk-0" width="20%">
          <a shape="rect" id="10104"/>
          <div>Informativo</div>
        </th>
        <th colspan="1" rowspan="1" class="risk-0">User Agent Fuzzer</th>
      </tr>
      <tr>
        <td colspan="1" rowspan="1" width="20%">Descripción</td>
        <td colspan="1" rowspan="1" width="80%">
          <div>Compare las diferencias en la respuesta según el fuzzeo de User Agent (por ejemplo, sitios móviles, acceso como un motor de búsqueda). Compara el código de estado de la respuesta y el hash del cuerpo de la respuesta con la respuesta original.</div>
        </td>
      </tr>
      <tr valign="top">
        <td colspan="2" rowspan="1"/>
      </tr>
      <tr>
        <td colspan="1" rowspan="1" class="indent1" width="20%">URL</td>
        <td colspan="1" rowspan="1" width="80%">
          <a shape="rect" href="https://todo.ly">https://todo.ly</a>
        </td>
      </tr>
      <tr>
        <td colspan="1" rowspan="1" class="indent2" width="20%">Método</td>
        <td colspan="1" rowspan="1" width="80%">GET</td>
      </tr>
      <tr>
        <td colspan="1" rowspan="1" class="indent2" width="20%">Parámetros</td>
        <td colspan="1" rowspan="1" width="80%">Header User-Agent</td>
      </tr>
      <tr>
        <td colspan="1" rowspan="1" class="indent2" width="20%">Ataque</td>
        <td colspan="1" rowspan="1" width="80%">msnbot/1.1 (+http://search.msn.com/msnbot.htm)</td>
      </tr>
      <tr>
        <td colspan="1" rowspan="1" class="indent2" width="20%">Evidencia</td>
        <td colspan="1" rowspan="1" width="80%"/>
      </tr>
      <tr>
        <td colspan="1" rowspan="1" class="indent2" width="20%">Other Info</td>
        <td colspan="1" rowspan="1" width="80%"/>
      </tr>
      <tr>
        <td colspan="1" rowspan="1" class="indent1" width="20%">URL</td>
        <td colspan="1" rowspan="1" width="80%">
          <a shape="rect" href="https://todo.ly/">https://todo.ly/</a>
        </td>
      </tr>
      <tr>
        <td colspan="1" rowspan="1" class="indent2" width="20%">Método</td>
        <td colspan="1" rowspan="1" width="80%">GET</td>
      </tr>
      <tr>
        <td colspan="1" rowspan="1" class="indent2" width="20%">Parámetros</td>
        <td colspan="1" rowspan="1" width="80%">Header User-Agent</td>
      </tr>
      <tr>
        <td colspan="1" rowspan="1" class="indent2" width="20%">Ataque</td>
        <td colspan="1" rowspan="1" width="80%">Mozilla/4.0 (compatible; MSIE 6.0; Windows NT 5.1)</td>
      </tr>
      <tr>
        <td colspan="1" rowspan="1" class="indent2" width="20%">Evidencia</td>
        <td colspan="1" rowspan="1" width="80%"/>
      </tr>
      <tr>
        <td colspan="1" rowspan="1" class="indent2" width="20%">Other Info</td>
        <td colspan="1" rowspan="1" width="80%"/>
      </tr>
      <tr>
        <td colspan="1" rowspan="1" class="indent1" width="20%">URL</td>
        <td colspan="1" rowspan="1" width="80%">
          <a shape="rect" href="https://todo.ly/">https://todo.ly/</a>
        </td>
      </tr>
      <tr>
        <td colspan="1" rowspan="1" class="indent2" width="20%">Método</td>
        <td colspan="1" rowspan="1" width="80%">GET</td>
      </tr>
      <tr>
        <td colspan="1" rowspan="1" class="indent2" width="20%">Parámetros</td>
        <td colspan="1" rowspan="1" width="80%">Header User-Agent</td>
      </tr>
      <tr>
        <td colspan="1" rowspan="1" class="indent2" width="20%">Ataque</td>
        <td colspan="1" rowspan="1" width="80%">Mozilla/4.0 (compatible; MSIE 7.0; Windows NT 6.0)</td>
      </tr>
      <tr>
        <td colspan="1" rowspan="1" class="indent2" width="20%">Evidencia</td>
        <td colspan="1" rowspan="1" width="80%"/>
      </tr>
      <tr>
        <td colspan="1" rowspan="1" class="indent2" width="20%">Other Info</td>
        <td colspan="1" rowspan="1" width="80%"/>
      </tr>
      <tr>
        <td colspan="1" rowspan="1" class="indent1" width="20%">URL</td>
        <td colspan="1" rowspan="1" width="80%">
          <a shape="rect" href="https://todo.ly/">https://todo.ly/</a>
        </td>
      </tr>
      <tr>
        <td colspan="1" rowspan="1" class="indent2" width="20%">Método</td>
        <td colspan="1" rowspan="1" width="80%">GET</td>
      </tr>
      <tr>
        <td colspan="1" rowspan="1" class="indent2" width="20%">Parámetros</td>
        <td colspan="1" rowspan="1" width="80%">Header User-Agent</td>
      </tr>
      <tr>
        <td colspan="1" rowspan="1" class="indent2" width="20%">Ataque</td>
        <td colspan="1" rowspan="1" width="80%">Mozilla/4.0 (compatible; MSIE 8.0; Windows NT 6.1)</td>
      </tr>
      <tr>
        <td colspan="1" rowspan="1" class="indent2" width="20%">Evidencia</td>
        <td colspan="1" rowspan="1" width="80%"/>
      </tr>
      <tr>
        <td colspan="1" rowspan="1" class="indent2" width="20%">Other Info</td>
        <td colspan="1" rowspan="1" width="80%"/>
      </tr>
      <tr>
        <td colspan="1" rowspan="1" class="indent1" width="20%">URL</td>
        <td colspan="1" rowspan="1" width="80%">
          <a shape="rect" href="https://todo.ly/">https://todo.ly/</a>
        </td>
      </tr>
      <tr>
        <td colspan="1" rowspan="1" class="indent2" width="20%">Método</td>
        <td colspan="1" rowspan="1" width="80%">GET</td>
      </tr>
      <tr>
        <td colspan="1" rowspan="1" class="indent2" width="20%">Parámetros</td>
        <td colspan="1" rowspan="1" width="80%">Header User-Agent</td>
      </tr>
      <tr>
        <td colspan="1" rowspan="1" class="indent2" width="20%">Ataque</td>
        <td colspan="1" rowspan="1" width="80%">Mozilla/5.0 (Windows NT 10.0; Trident/7.0; rv:11.0) like Gecko</td>
      </tr>
      <tr>
        <td colspan="1" rowspan="1" class="indent2" width="20%">Evidencia</td>
        <td colspan="1" rowspan="1" width="80%"/>
      </tr>
      <tr>
        <td colspan="1" rowspan="1" class="indent2" width="20%">Other Info</td>
        <td colspan="1" rowspan="1" width="80%"/>
      </tr>
      <tr>
        <td colspan="1" rowspan="1" class="indent1" width="20%">URL</td>
        <td colspan="1" rowspan="1" width="80%">
          <a shape="rect" href="https://todo.ly/">https://todo.ly/</a>
        </td>
      </tr>
      <tr>
        <td colspan="1" rowspan="1" class="indent2" width="20%">Método</td>
        <td colspan="1" rowspan="1" width="80%">GET</td>
      </tr>
      <tr>
        <td colspan="1" rowspan="1" class="indent2" width="20%">Parámetros</td>
        <td colspan="1" rowspan="1" width="80%">Header User-Agent</td>
      </tr>
      <tr>
        <td colspan="1" rowspan="1" class="indent2" width="20%">Ataque</td>
        <td colspan="1" rowspan="1" width="80%">Mozilla/5.0 (Windows NT 10.0; Win64; x64) AppleWebKit/537.36 (KHTML, like Gecko) Chrome/75.0.3739.0 Safari/537.36 Edg/75.0.109.0</td>
      </tr>
      <tr>
        <td colspan="1" rowspan="1" class="indent2" width="20%">Evidencia</td>
        <td colspan="1" rowspan="1" width="80%"/>
      </tr>
      <tr>
        <td colspan="1" rowspan="1" class="indent2" width="20%">Other Info</td>
        <td colspan="1" rowspan="1" width="80%"/>
      </tr>
      <tr>
        <td colspan="1" rowspan="1" class="indent1" width="20%">URL</td>
        <td colspan="1" rowspan="1" width="80%">
          <a shape="rect" href="https://todo.ly/">https://todo.ly/</a>
        </td>
      </tr>
      <tr>
        <td colspan="1" rowspan="1" class="indent2" width="20%">Método</td>
        <td colspan="1" rowspan="1" width="80%">GET</td>
      </tr>
      <tr>
        <td colspan="1" rowspan="1" class="indent2" width="20%">Parámetros</td>
        <td colspan="1" rowspan="1" width="80%">Header User-Agent</td>
      </tr>
      <tr>
        <td colspan="1" rowspan="1" class="indent2" width="20%">Ataque</td>
        <td colspan="1" rowspan="1" width="80%">Mozilla/5.0 (Windows NT 10.0; Win64; x64) AppleWebKit/537.36 (KHTML, like Gecko) Chrome/91.0.4472.124 Safari/537.36</td>
      </tr>
      <tr>
        <td colspan="1" rowspan="1" class="indent2" width="20%">Evidencia</td>
        <td colspan="1" rowspan="1" width="80%"/>
      </tr>
      <tr>
        <td colspan="1" rowspan="1" class="indent2" width="20%">Other Info</td>
        <td colspan="1" rowspan="1" width="80%"/>
      </tr>
      <tr>
        <td colspan="1" rowspan="1" class="indent1" width="20%">URL</td>
        <td colspan="1" rowspan="1" width="80%">
          <a shape="rect" href="https://todo.ly/">https://todo.ly/</a>
        </td>
      </tr>
      <tr>
        <td colspan="1" rowspan="1" class="indent2" width="20%">Método</td>
        <td colspan="1" rowspan="1" width="80%">GET</td>
      </tr>
      <tr>
        <td colspan="1" rowspan="1" class="indent2" width="20%">Parámetros</td>
        <td colspan="1" rowspan="1" width="80%">Header User-Agent</td>
      </tr>
      <tr>
        <td colspan="1" rowspan="1" class="indent2" width="20%">Ataque</td>
        <td colspan="1" rowspan="1" width="80%">Mozilla/5.0 (Windows NT 10.0; Win64; x64; rv:93.0) Gecko/20100101 Firefox/91.0</td>
      </tr>
      <tr>
        <td colspan="1" rowspan="1" class="indent2" width="20%">Evidencia</td>
        <td colspan="1" rowspan="1" width="80%"/>
      </tr>
      <tr>
        <td colspan="1" rowspan="1" class="indent2" width="20%">Other Info</td>
        <td colspan="1" rowspan="1" width="80%"/>
      </tr>
      <tr>
        <td colspan="1" rowspan="1" class="indent1" width="20%">URL</td>
        <td colspan="1" rowspan="1" width="80%">
          <a shape="rect" href="https://todo.ly/">https://todo.ly/</a>
        </td>
      </tr>
      <tr>
        <td colspan="1" rowspan="1" class="indent2" width="20%">Método</td>
        <td colspan="1" rowspan="1" width="80%">GET</td>
      </tr>
      <tr>
        <td colspan="1" rowspan="1" class="indent2" width="20%">Parámetros</td>
        <td colspan="1" rowspan="1" width="80%">Header User-Agent</td>
      </tr>
      <tr>
        <td colspan="1" rowspan="1" class="indent2" width="20%">Ataque</td>
        <td colspan="1" rowspan="1" width="80%">Mozilla/5.0 (compatible; Googlebot/2.1; +http://www.google.com/bot.html)</td>
      </tr>
      <tr>
        <td colspan="1" rowspan="1" class="indent2" width="20%">Evidencia</td>
        <td colspan="1" rowspan="1" width="80%"/>
      </tr>
      <tr>
        <td colspan="1" rowspan="1" class="indent2" width="20%">Other Info</td>
        <td colspan="1" rowspan="1" width="80%"/>
      </tr>
      <tr>
        <td colspan="1" rowspan="1" class="indent1" width="20%">URL</td>
        <td colspan="1" rowspan="1" width="80%">
          <a shape="rect" href="https://todo.ly/">https://todo.ly/</a>
        </td>
      </tr>
      <tr>
        <td colspan="1" rowspan="1" class="indent2" width="20%">Método</td>
        <td colspan="1" rowspan="1" width="80%">GET</td>
      </tr>
      <tr>
        <td colspan="1" rowspan="1" class="indent2" width="20%">Parámetros</td>
        <td colspan="1" rowspan="1" width="80%">Header User-Agent</td>
      </tr>
      <tr>
        <td colspan="1" rowspan="1" class="indent2" width="20%">Ataque</td>
        <td colspan="1" rowspan="1" width="80%">Mozilla/5.0 (compatible; Yahoo! Slurp; http://help.yahoo.com/help/us/ysearch/slurp)</td>
      </tr>
      <tr>
        <td colspan="1" rowspan="1" class="indent2" width="20%">Evidencia</td>
        <td colspan="1" rowspan="1" width="80%"/>
      </tr>
      <tr>
        <td colspan="1" rowspan="1" class="indent2" width="20%">Other Info</td>
        <td colspan="1" rowspan="1" width="80%"/>
      </tr>
      <tr>
        <td colspan="1" rowspan="1" class="indent1" width="20%">URL</td>
        <td colspan="1" rowspan="1" width="80%">
          <a shape="rect" href="https://todo.ly/">https://todo.ly/</a>
        </td>
      </tr>
      <tr>
        <td colspan="1" rowspan="1" class="indent2" width="20%">Método</td>
        <td colspan="1" rowspan="1" width="80%">GET</td>
      </tr>
      <tr>
        <td colspan="1" rowspan="1" class="indent2" width="20%">Parámetros</td>
        <td colspan="1" rowspan="1" width="80%">Header User-Agent</td>
      </tr>
      <tr>
        <td colspan="1" rowspan="1" class="indent2" width="20%">Ataque</td>
        <td colspan="1" rowspan="1" width="80%">Mozilla/5.0 (iPhone; CPU iPhone OS 8_0_2 like Mac OS X) AppleWebKit/600.1.4 (KHTML, like Gecko) Version/8.0 Mobile/12A366 Safari/600.1.4</td>
      </tr>
      <tr>
        <td colspan="1" rowspan="1" class="indent2" width="20%">Evidencia</td>
        <td colspan="1" rowspan="1" width="80%"/>
      </tr>
      <tr>
        <td colspan="1" rowspan="1" class="indent2" width="20%">Other Info</td>
        <td colspan="1" rowspan="1" width="80%"/>
      </tr>
      <tr>
        <td colspan="1" rowspan="1" class="indent1" width="20%">URL</td>
        <td colspan="1" rowspan="1" width="80%">
          <a shape="rect" href="https://todo.ly/">https://todo.ly/</a>
        </td>
      </tr>
      <tr>
        <td colspan="1" rowspan="1" class="indent2" width="20%">Método</td>
        <td colspan="1" rowspan="1" width="80%">GET</td>
      </tr>
      <tr>
        <td colspan="1" rowspan="1" class="indent2" width="20%">Parámetros</td>
        <td colspan="1" rowspan="1" width="80%">Header User-Agent</td>
      </tr>
      <tr>
        <td colspan="1" rowspan="1" class="indent2" width="20%">Ataque</td>
        <td colspan="1" rowspan="1" width="80%">Mozilla/5.0 (iPhone; U; CPU iPhone OS 3_0 like Mac OS X; en-us) AppleWebKit/528.18 (KHTML, like Gecko) Version/4.0 Mobile/7A341 Safari/528.16</td>
      </tr>
      <tr>
        <td colspan="1" rowspan="1" class="indent2" width="20%">Evidencia</td>
        <td colspan="1" rowspan="1" width="80%"/>
      </tr>
      <tr>
        <td colspan="1" rowspan="1" class="indent2" width="20%">Other Info</td>
        <td colspan="1" rowspan="1" width="80%"/>
      </tr>
      <tr>
        <td colspan="1" rowspan="1" class="indent1" width="20%">URL</td>
        <td colspan="1" rowspan="1" width="80%">
          <a shape="rect" href="https://todo.ly/">https://todo.ly/</a>
        </td>
      </tr>
      <tr>
        <td colspan="1" rowspan="1" class="indent2" width="20%">Método</td>
        <td colspan="1" rowspan="1" width="80%">GET</td>
      </tr>
      <tr>
        <td colspan="1" rowspan="1" class="indent2" width="20%">Parámetros</td>
        <td colspan="1" rowspan="1" width="80%">Header User-Agent</td>
      </tr>
      <tr>
        <td colspan="1" rowspan="1" class="indent2" width="20%">Ataque</td>
        <td colspan="1" rowspan="1" width="80%">msnbot/1.1 (+http://search.msn.com/msnbot.htm)</td>
      </tr>
      <tr>
        <td colspan="1" rowspan="1" class="indent2" width="20%">Evidencia</td>
        <td colspan="1" rowspan="1" width="80%"/>
      </tr>
      <tr>
        <td colspan="1" rowspan="1" class="indent2" width="20%">Other Info</td>
        <td colspan="1" rowspan="1" width="80%"/>
      </tr>
      <tr>
        <td colspan="1" rowspan="1" class="indent1" width="20%">URL</td>
        <td colspan="1" rowspan="1" width="80%">
          <a shape="rect" href="https://todo.ly/">https://todo.ly/</a>
        </td>
      </tr>
      <tr>
        <td colspan="1" rowspan="1" class="indent2" width="20%">Método</td>
        <td colspan="1" rowspan="1" width="80%">POST</td>
      </tr>
      <tr>
        <td colspan="1" rowspan="1" class="indent2" width="20%">Parámetros</td>
        <td colspan="1" rowspan="1" width="80%">Header User-Agent</td>
      </tr>
      <tr>
        <td colspan="1" rowspan="1" class="indent2" width="20%">Ataque</td>
        <td colspan="1" rowspan="1" width="80%">Mozilla/4.0 (compatible; MSIE 6.0; Windows NT 5.1)</td>
      </tr>
      <tr>
        <td colspan="1" rowspan="1" class="indent2" width="20%">Evidencia</td>
        <td colspan="1" rowspan="1" width="80%"/>
      </tr>
      <tr>
        <td colspan="1" rowspan="1" class="indent2" width="20%">Other Info</td>
        <td colspan="1" rowspan="1" width="80%"/>
      </tr>
      <tr>
        <td colspan="1" rowspan="1" class="indent1" width="20%">URL</td>
        <td colspan="1" rowspan="1" width="80%">
          <a shape="rect" href="https://todo.ly/">https://todo.ly/</a>
        </td>
      </tr>
      <tr>
        <td colspan="1" rowspan="1" class="indent2" width="20%">Método</td>
        <td colspan="1" rowspan="1" width="80%">POST</td>
      </tr>
      <tr>
        <td colspan="1" rowspan="1" class="indent2" width="20%">Parámetros</td>
        <td colspan="1" rowspan="1" width="80%">Header User-Agent</td>
      </tr>
      <tr>
        <td colspan="1" rowspan="1" class="indent2" width="20%">Ataque</td>
        <td colspan="1" rowspan="1" width="80%">Mozilla/4.0 (compatible; MSIE 7.0; Windows NT 6.0)</td>
      </tr>
      <tr>
        <td colspan="1" rowspan="1" class="indent2" width="20%">Evidencia</td>
        <td colspan="1" rowspan="1" width="80%"/>
      </tr>
      <tr>
        <td colspan="1" rowspan="1" class="indent2" width="20%">Other Info</td>
        <td colspan="1" rowspan="1" width="80%"/>
      </tr>
      <tr>
        <td colspan="1" rowspan="1" class="indent1" width="20%">URL</td>
        <td colspan="1" rowspan="1" width="80%">
          <a shape="rect" href="https://todo.ly/">https://todo.ly/</a>
        </td>
      </tr>
      <tr>
        <td colspan="1" rowspan="1" class="indent2" width="20%">Método</td>
        <td colspan="1" rowspan="1" width="80%">POST</td>
      </tr>
      <tr>
        <td colspan="1" rowspan="1" class="indent2" width="20%">Parámetros</td>
        <td colspan="1" rowspan="1" width="80%">Header User-Agent</td>
      </tr>
      <tr>
        <td colspan="1" rowspan="1" class="indent2" width="20%">Ataque</td>
        <td colspan="1" rowspan="1" width="80%">Mozilla/4.0 (compatible; MSIE 8.0; Windows NT 6.1)</td>
      </tr>
      <tr>
        <td colspan="1" rowspan="1" class="indent2" width="20%">Evidencia</td>
        <td colspan="1" rowspan="1" width="80%"/>
      </tr>
      <tr>
        <td colspan="1" rowspan="1" class="indent2" width="20%">Other Info</td>
        <td colspan="1" rowspan="1" width="80%"/>
      </tr>
      <tr>
        <td colspan="1" rowspan="1" class="indent1" width="20%">URL</td>
        <td colspan="1" rowspan="1" width="80%">
          <a shape="rect" href="https://todo.ly/">https://todo.ly/</a>
        </td>
      </tr>
      <tr>
        <td colspan="1" rowspan="1" class="indent2" width="20%">Método</td>
        <td colspan="1" rowspan="1" width="80%">POST</td>
      </tr>
      <tr>
        <td colspan="1" rowspan="1" class="indent2" width="20%">Parámetros</td>
        <td colspan="1" rowspan="1" width="80%">Header User-Agent</td>
      </tr>
      <tr>
        <td colspan="1" rowspan="1" class="indent2" width="20%">Ataque</td>
        <td colspan="1" rowspan="1" width="80%">Mozilla/5.0 (Windows NT 10.0; Trident/7.0; rv:11.0) like Gecko</td>
      </tr>
      <tr>
        <td colspan="1" rowspan="1" class="indent2" width="20%">Evidencia</td>
        <td colspan="1" rowspan="1" width="80%"/>
      </tr>
      <tr>
        <td colspan="1" rowspan="1" class="indent2" width="20%">Other Info</td>
        <td colspan="1" rowspan="1" width="80%"/>
      </tr>
      <tr>
        <td colspan="1" rowspan="1" class="indent1" width="20%">URL</td>
        <td colspan="1" rowspan="1" width="80%">
          <a shape="rect" href="https://todo.ly/">https://todo.ly/</a>
        </td>
      </tr>
      <tr>
        <td colspan="1" rowspan="1" class="indent2" width="20%">Método</td>
        <td colspan="1" rowspan="1" width="80%">POST</td>
      </tr>
      <tr>
        <td colspan="1" rowspan="1" class="indent2" width="20%">Parámetros</td>
        <td colspan="1" rowspan="1" width="80%">Header User-Agent</td>
      </tr>
      <tr>
        <td colspan="1" rowspan="1" class="indent2" width="20%">Ataque</td>
        <td colspan="1" rowspan="1" width="80%">Mozilla/5.0 (Windows NT 10.0; Win64; x64) AppleWebKit/537.36 (KHTML, like Gecko) Chrome/75.0.3739.0 Safari/537.36 Edg/75.0.109.0</td>
      </tr>
      <tr>
        <td colspan="1" rowspan="1" class="indent2" width="20%">Evidencia</td>
        <td colspan="1" rowspan="1" width="80%"/>
      </tr>
      <tr>
        <td colspan="1" rowspan="1" class="indent2" width="20%">Other Info</td>
        <td colspan="1" rowspan="1" width="80%"/>
      </tr>
      <tr>
        <td colspan="1" rowspan="1" class="indent1" width="20%">URL</td>
        <td colspan="1" rowspan="1" width="80%">
          <a shape="rect" href="https://todo.ly/">https://todo.ly/</a>
        </td>
      </tr>
      <tr>
        <td colspan="1" rowspan="1" class="indent2" width="20%">Método</td>
        <td colspan="1" rowspan="1" width="80%">POST</td>
      </tr>
      <tr>
        <td colspan="1" rowspan="1" class="indent2" width="20%">Parámetros</td>
        <td colspan="1" rowspan="1" width="80%">Header User-Agent</td>
      </tr>
      <tr>
        <td colspan="1" rowspan="1" class="indent2" width="20%">Ataque</td>
        <td colspan="1" rowspan="1" width="80%">Mozilla/5.0 (Windows NT 10.0; Win64; x64) AppleWebKit/537.36 (KHTML, like Gecko) Chrome/91.0.4472.124 Safari/537.36</td>
      </tr>
      <tr>
        <td colspan="1" rowspan="1" class="indent2" width="20%">Evidencia</td>
        <td colspan="1" rowspan="1" width="80%"/>
      </tr>
      <tr>
        <td colspan="1" rowspan="1" class="indent2" width="20%">Other Info</td>
        <td colspan="1" rowspan="1" width="80%"/>
      </tr>
      <tr>
        <td colspan="1" rowspan="1" class="indent1" width="20%">URL</td>
        <td colspan="1" rowspan="1" width="80%">
          <a shape="rect" href="https://todo.ly/">https://todo.ly/</a>
        </td>
      </tr>
      <tr>
        <td colspan="1" rowspan="1" class="indent2" width="20%">Método</td>
        <td colspan="1" rowspan="1" width="80%">POST</td>
      </tr>
      <tr>
        <td colspan="1" rowspan="1" class="indent2" width="20%">Parámetros</td>
        <td colspan="1" rowspan="1" width="80%">Header User-Agent</td>
      </tr>
      <tr>
        <td colspan="1" rowspan="1" class="indent2" width="20%">Ataque</td>
        <td colspan="1" rowspan="1" width="80%">Mozilla/5.0 (Windows NT 10.0; Win64; x64; rv:93.0) Gecko/20100101 Firefox/91.0</td>
      </tr>
      <tr>
        <td colspan="1" rowspan="1" class="indent2" width="20%">Evidencia</td>
        <td colspan="1" rowspan="1" width="80%"/>
      </tr>
      <tr>
        <td colspan="1" rowspan="1" class="indent2" width="20%">Other Info</td>
        <td colspan="1" rowspan="1" width="80%"/>
      </tr>
      <tr>
        <td colspan="1" rowspan="1" class="indent1" width="20%">URL</td>
        <td colspan="1" rowspan="1" width="80%">
          <a shape="rect" href="https://todo.ly/">https://todo.ly/</a>
        </td>
      </tr>
      <tr>
        <td colspan="1" rowspan="1" class="indent2" width="20%">Método</td>
        <td colspan="1" rowspan="1" width="80%">POST</td>
      </tr>
      <tr>
        <td colspan="1" rowspan="1" class="indent2" width="20%">Parámetros</td>
        <td colspan="1" rowspan="1" width="80%">Header User-Agent</td>
      </tr>
      <tr>
        <td colspan="1" rowspan="1" class="indent2" width="20%">Ataque</td>
        <td colspan="1" rowspan="1" width="80%">Mozilla/5.0 (compatible; Googlebot/2.1; +http://www.google.com/bot.html)</td>
      </tr>
      <tr>
        <td colspan="1" rowspan="1" class="indent2" width="20%">Evidencia</td>
        <td colspan="1" rowspan="1" width="80%"/>
      </tr>
      <tr>
        <td colspan="1" rowspan="1" class="indent2" width="20%">Other Info</td>
        <td colspan="1" rowspan="1" width="80%"/>
      </tr>
      <tr>
        <td colspan="1" rowspan="1" class="indent1" width="20%">URL</td>
        <td colspan="1" rowspan="1" width="80%">
          <a shape="rect" href="https://todo.ly/">https://todo.ly/</a>
        </td>
      </tr>
      <tr>
        <td colspan="1" rowspan="1" class="indent2" width="20%">Método</td>
        <td colspan="1" rowspan="1" width="80%">POST</td>
      </tr>
      <tr>
        <td colspan="1" rowspan="1" class="indent2" width="20%">Parámetros</td>
        <td colspan="1" rowspan="1" width="80%">Header User-Agent</td>
      </tr>
      <tr>
        <td colspan="1" rowspan="1" class="indent2" width="20%">Ataque</td>
        <td colspan="1" rowspan="1" width="80%">Mozilla/5.0 (compatible; Yahoo! Slurp; http://help.yahoo.com/help/us/ysearch/slurp)</td>
      </tr>
      <tr>
        <td colspan="1" rowspan="1" class="indent2" width="20%">Evidencia</td>
        <td colspan="1" rowspan="1" width="80%"/>
      </tr>
      <tr>
        <td colspan="1" rowspan="1" class="indent2" width="20%">Other Info</td>
        <td colspan="1" rowspan="1" width="80%"/>
      </tr>
      <tr>
        <td colspan="1" rowspan="1" class="indent1" width="20%">URL</td>
        <td colspan="1" rowspan="1" width="80%">
          <a shape="rect" href="https://todo.ly/">https://todo.ly/</a>
        </td>
      </tr>
      <tr>
        <td colspan="1" rowspan="1" class="indent2" width="20%">Método</td>
        <td colspan="1" rowspan="1" width="80%">POST</td>
      </tr>
      <tr>
        <td colspan="1" rowspan="1" class="indent2" width="20%">Parámetros</td>
        <td colspan="1" rowspan="1" width="80%">Header User-Agent</td>
      </tr>
      <tr>
        <td colspan="1" rowspan="1" class="indent2" width="20%">Ataque</td>
        <td colspan="1" rowspan="1" width="80%">Mozilla/5.0 (iPhone; CPU iPhone OS 8_0_2 like Mac OS X) AppleWebKit/600.1.4 (KHTML, like Gecko) Version/8.0 Mobile/12A366 Safari/600.1.4</td>
      </tr>
      <tr>
        <td colspan="1" rowspan="1" class="indent2" width="20%">Evidencia</td>
        <td colspan="1" rowspan="1" width="80%"/>
      </tr>
      <tr>
        <td colspan="1" rowspan="1" class="indent2" width="20%">Other Info</td>
        <td colspan="1" rowspan="1" width="80%"/>
      </tr>
      <tr>
        <td colspan="1" rowspan="1" class="indent1" width="20%">URL</td>
        <td colspan="1" rowspan="1" width="80%">
          <a shape="rect" href="https://todo.ly/">https://todo.ly/</a>
        </td>
      </tr>
      <tr>
        <td colspan="1" rowspan="1" class="indent2" width="20%">Método</td>
        <td colspan="1" rowspan="1" width="80%">POST</td>
      </tr>
      <tr>
        <td colspan="1" rowspan="1" class="indent2" width="20%">Parámetros</td>
        <td colspan="1" rowspan="1" width="80%">Header User-Agent</td>
      </tr>
      <tr>
        <td colspan="1" rowspan="1" class="indent2" width="20%">Ataque</td>
        <td colspan="1" rowspan="1" width="80%">Mozilla/5.0 (iPhone; U; CPU iPhone OS 3_0 like Mac OS X; en-us) AppleWebKit/528.18 (KHTML, like Gecko) Version/4.0 Mobile/7A341 Safari/528.16</td>
      </tr>
      <tr>
        <td colspan="1" rowspan="1" class="indent2" width="20%">Evidencia</td>
        <td colspan="1" rowspan="1" width="80%"/>
      </tr>
      <tr>
        <td colspan="1" rowspan="1" class="indent2" width="20%">Other Info</td>
        <td colspan="1" rowspan="1" width="80%"/>
      </tr>
      <tr>
        <td colspan="1" rowspan="1" class="indent1" width="20%">URL</td>
        <td colspan="1" rowspan="1" width="80%">
          <a shape="rect" href="https://todo.ly/">https://todo.ly/</a>
        </td>
      </tr>
      <tr>
        <td colspan="1" rowspan="1" class="indent2" width="20%">Método</td>
        <td colspan="1" rowspan="1" width="80%">POST</td>
      </tr>
      <tr>
        <td colspan="1" rowspan="1" class="indent2" width="20%">Parámetros</td>
        <td colspan="1" rowspan="1" width="80%">Header User-Agent</td>
      </tr>
      <tr>
        <td colspan="1" rowspan="1" class="indent2" width="20%">Ataque</td>
        <td colspan="1" rowspan="1" width="80%">msnbot/1.1 (+http://search.msn.com/msnbot.htm)</td>
      </tr>
      <tr>
        <td colspan="1" rowspan="1" class="indent2" width="20%">Evidencia</td>
        <td colspan="1" rowspan="1" width="80%"/>
      </tr>
      <tr>
        <td colspan="1" rowspan="1" class="indent2" width="20%">Other Info</td>
        <td colspan="1" rowspan="1" width="80%"/>
      </tr>
      <tr>
        <td colspan="1" rowspan="1" width="20%">Instancia</td>
        <td colspan="1" rowspan="1" width="80%">25</td>
      </tr>
      <tr>
        <td colspan="1" rowspan="1" width="20%">Solución</td>
        <td colspan="1" rowspan="1" width="80%"/>
      </tr>
      <tr>
        <td colspan="1" rowspan="1" width="20%">Referencia</td>
        <td colspan="1" rowspan="1" width="80%">
          <a shape="rect" href="https://owasp.org/wstg">https://owasp.org/wstg</a>
        </td>
      </tr>
      <tr>
        <td colspan="1" rowspan="1" width="20%">CWE Id</td>
        <td colspan="1" rowspan="1" width="80%"/>
      </tr>
      <tr>
        <td colspan="1" rowspan="1" width="20%">WASC Id</td>
        <td colspan="1" rowspan="1" width="80%"/>
      </tr>
      <tr>
        <td colspan="1" rowspan="1" width="20%">Plugin Id</td>
        <td colspan="1" rowspan="1" width="80%">
          <a shape="rect" href="https://www.zaproxy.org/docs/alerts/10104/">10104</a>
        </td>
      </tr>
    </table>
    <div class="spacer"/>
  </body>
</html>
]]></system-out>
  <system-err><![CDATA[]]></system-err>
</testsuite>
