<?xml version="1.0" encoding="UTF-8"?>
<testsuite name="testSuite.LoginTest" tests="1" skipped="0" failures="0" errors="0" timestamp="2024-08-19T01:23:15" hostname="LAPTOP-G0MG0EEF" time="36.593">
  <properties/>
  <testcase name="loginTest()" classname="testSuite.LoginTest" time="36.593"/>
  <system-out><![CDATA[]]></system-out>
  <system-err><![CDATA[]]></system-err>
</testsuite>
